warning|2019-12-11 04:10:31.007939|[g:1][CONSENSUS][PBFT]ViewChangeWarning: not caused by omit empty block ,v=5956,toV=5957,curNum=0,hash=535430dd...,nodeIdx=0,myNode=3d2207af...
info|2019-12-11 04:10:31.012150|[P2P][Service] heartBeat,connected count=3
info|2019-12-11 04:10:31.014205|[g:1][CONSENSUS][PBFT]checkTimeout Succ,view=5956,toView=5957,nodeIdx=0,changeCycle=1,myNode=3d2207af...,timecost=10.349
info|2019-12-11 04:10:31.020903|[g:1][CONSENSUS][PBFT]checkAndChangeView: Reach consensus,org_view=5956,org_changeCycle=1,cur_changeCycle=1,to_view=5957
info|2019-12-11 04:10:32.026221|[g:1][CONSENSUS]addRawPrepare,height=1,reqIdx=1,hash=d4a190e6...
info|2019-12-11 04:10:32.026648|[g:1][CONSENSUS][PBFT]checkTimeout Succ,view=5957,toView=5958,nodeIdx=0,changeCycle=0,myNode=3d2207af...,timecost=0.253
info|2019-12-11 04:10:32.029355|[g:1][CONSENSUS][PBFT]checkAndChangeView: Reach consensus,org_view=5957,org_changeCycle=0,cur_changeCycle=0,to_view=5958
info|2019-12-11 04:10:33.029179|[g:1][CONSENSUS]addRawPrepare,height=1,reqIdx=2,hash=770ee148...
info|2019-12-11 04:10:33.029764|[g:1][CONSENSUS][PBFT]checkTimeout Succ,view=5958,toView=5959,nodeIdx=0,changeCycle=0,myNode=3d2207af...,timecost=0.374
info|2019-12-11 04:10:33.031142|[g:1][CONSENSUS][PBFT]checkAndChangeView: Reach consensus,org_view=5958,org_changeCycle=0,cur_changeCycle=0,to_view=5959
info|2019-12-11 04:10:34.033432|[g:1][CONSENSUS]addRawPrepare,height=1,reqIdx=3,hash=2ebbdb04...
info|2019-12-11 04:10:34.034072|[g:1][CONSENSUS][PBFT]checkTimeout Succ,view=5959,toView=5960,nodeIdx=0,changeCycle=0,myNode=3d2207af...,timecost=0.544
info|2019-12-11 04:10:34.036421|[g:1][CONSENSUS][PBFT]checkAndChangeView: Reach consensus,org_view=5959,org_changeCycle=0,cur_changeCycle=0,to_view=5960
info|2019-12-11 04:10:35.037285|[g:1][CONSENSUS][SEALER]++++++++++++++++ Generating seal on,blkNum=1,tx=0,nodeIdx=0,hash=bf2a2370...
info|2019-12-11 04:10:35.037876|[g:1][CONSENSUS][PBFT]checkTimeout Succ,view=5960,toView=5961,nodeIdx=0,changeCycle=0,myNode=3d2207af...,timecost=0.317
info|2019-12-11 04:10:35.041239|[g:1][CONSENSUS][PBFT]checkAndChangeView: Reach consensus,org_view=5960,org_changeCycle=0,cur_changeCycle=0,to_view=5961
info|2019-12-11 04:10:36.041761|[g:1][CONSENSUS]addRawPrepare,height=1,reqIdx=1,hash=f626f0a2...
info|2019-12-11 04:10:36.042131|[g:1][CONSENSUS][PBFT]checkTimeout Succ,view=5961,toView=5962,nodeIdx=0,changeCycle=0,myNode=3d2207af...,timecost=0.277
info|2019-12-11 04:10:36.045054|[g:1][CONSENSUS][PBFT]checkAndChangeView: Reach consensus,org_view=5961,org_changeCycle=0,cur_changeCycle=0,to_view=5962
info|2019-12-11 04:10:37.046279|[g:1][CONSENSUS]addRawPrepare,height=1,reqIdx=2,hash=dc07bcbd...
info|2019-12-11 04:10:37.046731|[g:1][CONSENSUS][PBFT]checkTimeout Succ,view=5962,toView=5963,nodeIdx=0,changeCycle=0,myNode=3d2207af...,timecost=0.281
info|2019-12-11 04:10:37.048248|[g:1][CONSENSUS][PBFT]checkAndChangeView: Reach consensus,org_view=5962,org_changeCycle=0,cur_changeCycle=0,to_view=5963
info|2019-12-11 04:10:38.051102|[g:1][CONSENSUS]addRawPrepare,height=1,reqIdx=3,hash=ba65dfa5...
info|2019-12-11 04:10:38.052133|[g:1][CONSENSUS][PBFT]checkTimeout Succ,view=5963,toView=5964,nodeIdx=0,changeCycle=0,myNode=3d2207af...,timecost=0.932
info|2019-12-11 04:10:38.053372|[g:1][CONSENSUS][PBFT]checkAndChangeView: Reach consensus,org_view=5963,org_changeCycle=0,cur_changeCycle=0,to_view=5964
info|2019-12-11 04:10:39.053980|[g:1][CONSENSUS][SEALER]++++++++++++++++ Generating seal on,blkNum=1,tx=0,nodeIdx=0,hash=84b6199d...
info|2019-12-11 04:10:39.057176|[g:1][CONSENSUS][PBFT]checkTimeout Succ,view=5964,toView=5965,nodeIdx=0,changeCycle=0,myNode=3d2207af...,timecost=0.238
info|2019-12-11 04:10:39.057560|[g:1][CONSENSUS][PBFT]checkAndChangeView: Reach consensus,org_view=5964,org_changeCycle=0,cur_changeCycle=0,to_view=5965
info|2019-12-11 04:10:40.059474|[g:1][CONSENSUS]addRawPrepare,height=1,reqIdx=1,hash=5b737ec0...
info|2019-12-11 04:10:40.059941|[g:1][CONSENSUS][PBFT]checkTimeout Succ,view=5965,toView=5966,nodeIdx=0,changeCycle=0,myNode=3d2207af...,timecost=0.31
info|2019-12-11 04:10:40.061669|[g:1][CONSENSUS][PBFT]checkAndChangeView: Reach consensus,org_view=5965,org_changeCycle=0,cur_changeCycle=0,to_view=5966
info|2019-12-11 04:10:41.013995|[P2P][Service] heartBeat,connected count=3
info|2019-12-11 04:10:41.063829|[g:1][CONSENSUS]addRawPrepare,height=1,reqIdx=2,hash=f7d920f2...
info|2019-12-11 04:10:41.067264|[g:1][CONSENSUS][PBFT]checkTimeout Succ,view=5966,toView=5967,nodeIdx=0,changeCycle=0,myNode=3d2207af...,timecost=2.588
info|2019-12-11 04:10:41.068233|[g:1][CONSENSUS][PBFT]checkAndChangeView: Reach consensus,org_view=5966,org_changeCycle=0,cur_changeCycle=0,to_view=5967
info|2019-12-11 04:10:42.078832|[g:1][CONSENSUS]addRawPrepare,height=1,reqIdx=3,hash=aeff4916...
info|2019-12-11 04:10:42.086971|[g:1][CONSENSUS][PBFT]checkTimeout Succ,view=5967,toView=5968,nodeIdx=0,changeCycle=0,myNode=3d2207af...,timecost=7.421
info|2019-12-11 04:10:42.095393|[g:1][CONSENSUS][PBFT]checkAndChangeView: Reach consensus,org_view=5967,org_changeCycle=0,cur_changeCycle=0,to_view=5968
info|2019-12-11 04:10:43.097019|[g:1][CONSENSUS][SEALER]++++++++++++++++ Generating seal on,blkNum=1,tx=0,nodeIdx=0,hash=12c2ad72...
info|2019-12-11 04:10:43.101879|[g:1][CONSENSUS][PBFT]checkTimeout Succ,view=5968,toView=5969,nodeIdx=0,changeCycle=0,myNode=3d2207af...,timecost=2.401
info|2019-12-11 04:10:43.121033|[g:1][CONSENSUS][PBFT]checkAndChangeView: Reach consensus,org_view=5968,org_changeCycle=0,cur_changeCycle=0,to_view=5969
info|2019-12-11 04:10:44.122784|[g:1][CONSENSUS]addRawPrepare,height=1,reqIdx=1,hash=4eec9b35...
info|2019-12-11 04:10:44.128486|[g:1][CONSENSUS][PBFT]checkTimeout Succ,view=5969,toView=5970,nodeIdx=0,changeCycle=0,myNode=3d2207af...,timecost=5.031
info|2019-12-11 04:10:44.136215|[g:1][CONSENSUS][PBFT]checkAndChangeView: Reach consensus,org_view=5969,org_changeCycle=0,cur_changeCycle=0,to_view=5970
info|2019-12-11 04:10:45.150295|[g:1][CONSENSUS]addRawPrepare,height=1,reqIdx=2,hash=8aacb785...
info|2019-12-11 04:10:45.162925|[g:1][CONSENSUS][PBFT]checkTimeout Succ,view=5970,toView=5971,nodeIdx=0,changeCycle=0,myNode=3d2207af...,timecost=11.978
info|2019-12-11 04:10:45.170895|[g:1][CONSENSUS][PBFT]checkAndChangeView: Reach consensus,org_view=5970,org_changeCycle=0,cur_changeCycle=0,to_view=5971
info|2019-12-11 04:10:46.170655|[g:1][CONSENSUS]addRawPrepare,height=1,reqIdx=3,hash=bcdda376...
info|2019-12-11 04:10:46.177735|[g:1][CONSENSUS][PBFT]checkTimeout Succ,view=5971,toView=5972,nodeIdx=0,changeCycle=0,myNode=3d2207af...,timecost=6.459
info|2019-12-11 04:10:46.185733|[g:1][CONSENSUS][PBFT]checkAndChangeView: Reach consensus,org_view=5971,org_changeCycle=0,cur_changeCycle=0,to_view=5972
info|2019-12-11 04:10:47.187118|[g:1][CONSENSUS][SEALER]++++++++++++++++ Generating seal on,blkNum=1,tx=0,nodeIdx=0,hash=60f93577...
info|2019-12-11 04:10:47.197653|[g:1][CONSENSUS][PBFT]checkTimeout Succ,view=5972,toView=5973,nodeIdx=0,changeCycle=0,myNode=3d2207af...,timecost=2.315
info|2019-12-11 04:10:47.206928|[g:1][CONSENSUS][PBFT]checkAndChangeView: Reach consensus,org_view=5972,org_changeCycle=0,cur_changeCycle=0,to_view=5973
info|2019-12-11 04:10:48.222359|[g:1][CONSENSUS]addRawPrepare,height=1,reqIdx=1,hash=35d4ceea...
info|2019-12-11 04:10:48.227746|[g:1][CONSENSUS][PBFT]checkTimeout Succ,view=5973,toView=5974,nodeIdx=0,changeCycle=0,myNode=3d2207af...,timecost=4.695
info|2019-12-11 04:10:48.235703|[g:1][CONSENSUS][PBFT]checkAndChangeView: Reach consensus,org_view=5973,org_changeCycle=0,cur_changeCycle=0,to_view=5974
info|2019-12-11 04:10:49.241921|[g:1][CONSENSUS]addRawPrepare,height=1,reqIdx=2,hash=5b9fc3df...
info|2019-12-11 04:10:49.245534|[g:1][CONSENSUS][PBFT]checkTimeout Succ,view=5974,toView=5975,nodeIdx=0,changeCycle=0,myNode=3d2207af...,timecost=2.864
info|2019-12-11 04:10:49.256000|[g:1][CONSENSUS][PBFT]checkAndChangeView: Reach consensus,org_view=5974,org_changeCycle=0,cur_changeCycle=0,to_view=5975
info|2019-12-11 04:10:50.263971|[g:1][CONSENSUS]addRawPrepare,height=1,reqIdx=3,hash=ad4e0579...
info|2019-12-11 04:10:50.266864|[g:1][CONSENSUS][PBFT]checkTimeout Succ,view=5975,toView=5976,nodeIdx=0,changeCycle=0,myNode=3d2207af...,timecost=2.226
info|2019-12-11 04:10:50.279658|[g:1][CONSENSUS][PBFT]checkAndChangeView: Reach consensus,org_view=5975,org_changeCycle=0,cur_changeCycle=0,to_view=5976
info|2019-12-11 04:10:51.020542|[P2P][Service] heartBeat,connected count=3
info|2019-12-11 04:10:51.281800|[g:1][CONSENSUS][SEALER]++++++++++++++++ Generating seal on,blkNum=1,tx=0,nodeIdx=0,hash=26451d8c...
info|2019-12-11 04:10:51.286151|[g:1][CONSENSUS][PBFT]checkTimeout Succ,view=5976,toView=5977,nodeIdx=0,changeCycle=0,myNode=3d2207af...,timecost=2.337
info|2019-12-11 04:10:51.304015|[g:1][CONSENSUS][PBFT]checkAndChangeView: Reach consensus,org_view=5976,org_changeCycle=0,cur_changeCycle=0,to_view=5977
info|2019-12-11 04:10:52.304023|[g:1][CONSENSUS]addRawPrepare,height=1,reqIdx=1,hash=33b04d77...
info|2019-12-11 04:10:52.305321|[g:1][CONSENSUS][PBFT]checkTimeout Succ,view=5977,toView=5978,nodeIdx=0,changeCycle=0,myNode=3d2207af...,timecost=0.718
info|2019-12-11 04:10:52.311105|[g:1][CONSENSUS][PBFT]checkAndChangeView: Reach consensus,org_view=5977,org_changeCycle=0,cur_changeCycle=0,to_view=5978
info|2019-12-11 04:10:53.311698|[g:1][CONSENSUS]addRawPrepare,height=1,reqIdx=2,hash=6392ee0d...
info|2019-12-11 04:10:53.314896|[g:1][CONSENSUS][PBFT]checkTimeout Succ,view=5978,toView=5979,nodeIdx=0,changeCycle=0,myNode=3d2207af...,timecost=2.951
info|2019-12-11 04:10:53.316158|[g:1][CONSENSUS][PBFT]checkAndChangeView: Reach consensus,org_view=5978,org_changeCycle=0,cur_changeCycle=0,to_view=5979
info|2019-12-11 04:10:54.319123|[g:1][CONSENSUS]addRawPrepare,height=1,reqIdx=3,hash=becc2f88...
info|2019-12-11 04:10:54.320463|[g:1][CONSENSUS][PBFT]checkTimeout Succ,view=5979,toView=5980,nodeIdx=0,changeCycle=0,myNode=3d2207af...,timecost=1.095
info|2019-12-11 04:10:54.321650|[g:1][CONSENSUS][PBFT]checkAndChangeView: Reach consensus,org_view=5979,org_changeCycle=0,cur_changeCycle=0,to_view=5980
info|2019-12-11 04:10:55.322344|[g:1][CONSENSUS][SEALER]++++++++++++++++ Generating seal on,blkNum=1,tx=0,nodeIdx=0,hash=0e58f863...
info|2019-12-11 04:10:55.326627|[g:1][CONSENSUS][PBFT]checkTimeout Succ,view=5980,toView=5981,nodeIdx=0,changeCycle=0,myNode=3d2207af...,timecost=0.94
info|2019-12-11 04:10:55.327225|[g:1][CONSENSUS][PBFT]checkAndChangeView: Reach consensus,org_view=5980,org_changeCycle=0,cur_changeCycle=0,to_view=5981
info|2019-12-11 04:10:56.329489|[g:1][CONSENSUS]addRawPrepare,height=1,reqIdx=1,hash=cf2fe334...
info|2019-12-11 04:10:56.331612|[g:1][CONSENSUS][PBFT]checkTimeout Succ,view=5981,toView=5982,nodeIdx=0,changeCycle=0,myNode=3d2207af...,timecost=1.898
info|2019-12-11 04:10:56.333039|[g:1][CONSENSUS][PBFT]checkAndChangeView: Reach consensus,org_view=5981,org_changeCycle=0,cur_changeCycle=0,to_view=5982
info|2019-12-11 04:10:57.335464|[g:1][CONSENSUS]addRawPrepare,height=1,reqIdx=2,hash=d55856e6...
info|2019-12-11 04:10:57.336119|[g:1][CONSENSUS][PBFT]checkTimeout Succ,view=5982,toView=5983,nodeIdx=0,changeCycle=0,myNode=3d2207af...,timecost=0.54
info|2019-12-11 04:10:57.338341|[g:1][CONSENSUS][PBFT]checkAndChangeView: Reach consensus,org_view=5982,org_changeCycle=0,cur_changeCycle=0,to_view=5983
info|2019-12-11 04:10:58.341096|[g:1][CONSENSUS]addRawPrepare,height=1,reqIdx=3,hash=fae8aaf6...
info|2019-12-11 04:10:58.342072|[g:1][CONSENSUS][PBFT]checkTimeout Succ,view=5983,toView=5984,nodeIdx=0,changeCycle=0,myNode=3d2207af...,timecost=0.732
info|2019-12-11 04:10:58.344591|[g:1][CONSENSUS][PBFT]checkAndChangeView: Reach consensus,org_view=5983,org_changeCycle=0,cur_changeCycle=0,to_view=5984
info|2019-12-11 04:10:59.345015|[g:1][CONSENSUS][SEALER]++++++++++++++++ Generating seal on,blkNum=1,tx=0,nodeIdx=0,hash=a6562e87...
info|2019-12-11 04:10:59.350059|[g:1][CONSENSUS][PBFT]checkTimeout Succ,view=5984,toView=5985,nodeIdx=0,changeCycle=0,myNode=3d2207af...,timecost=0.424
info|2019-12-11 04:10:59.350721|[g:1][CONSENSUS][PBFT]checkAndChangeView: Reach consensus,org_view=5984,org_changeCycle=0,cur_changeCycle=0,to_view=5985
info|2019-12-11 04:11:00.353819|[g:1][CONSENSUS]addRawPrepare,height=1,reqIdx=1,hash=fc90b2e0...
info|2019-12-11 04:11:00.356634|[g:1][CONSENSUS][PBFT]checkTimeout Succ,view=5985,toView=5986,nodeIdx=0,changeCycle=0,myNode=3d2207af...,timecost=2.547
info|2019-12-11 04:11:00.358017|[g:1][CONSENSUS][PBFT]checkAndChangeView: Reach consensus,org_view=5985,org_changeCycle=0,cur_changeCycle=0,to_view=5986
info|2019-12-11 04:11:01.027329|[P2P][Service] heartBeat,connected count=3
info|2019-12-11 04:11:01.359420|[g:1][CONSENSUS]addRawPrepare,height=1,reqIdx=2,hash=2bcbf747...
info|2019-12-11 04:11:01.362858|[g:1][CONSENSUS][PBFT]checkTimeout Succ,view=5986,toView=5987,nodeIdx=0,changeCycle=0,myNode=3d2207af...,timecost=3.092
info|2019-12-11 04:11:01.364047|[g:1][CONSENSUS][PBFT]checkAndChangeView: Reach consensus,org_view=5986,org_changeCycle=0,cur_changeCycle=0,to_view=5987
info|2019-12-11 04:11:02.364072|[g:1][CONSENSUS]addRawPrepare,height=1,reqIdx=3,hash=10518a34...
info|2019-12-11 04:11:02.364522|[g:1][CONSENSUS][PBFT]checkTimeout Succ,view=5987,toView=5988,nodeIdx=0,changeCycle=0,myNode=3d2207af...,timecost=0.346
info|2019-12-11 04:11:02.365420|[g:1][CONSENSUS][PBFT]checkAndChangeView: Reach consensus,org_view=5987,org_changeCycle=0,cur_changeCycle=0,to_view=5988
info|2019-12-11 04:11:03.366500|[g:1][CONSENSUS][SEALER]++++++++++++++++ Generating seal on,blkNum=1,tx=0,nodeIdx=0,hash=c5195d7f...
info|2019-12-11 04:11:03.371706|[g:1][CONSENSUS][PBFT]checkTimeout Succ,view=5988,toView=5989,nodeIdx=0,changeCycle=0,myNode=3d2207af...,timecost=0.693
info|2019-12-11 04:11:03.372350|[g:1][CONSENSUS][PBFT]checkAndChangeView: Reach consensus,org_view=5988,org_changeCycle=0,cur_changeCycle=0,to_view=5989
info|2019-12-11 04:11:04.376688|[g:1][CONSENSUS]addRawPrepare,height=1,reqIdx=1,hash=2e2b09e1...
info|2019-12-11 04:11:04.377815|[g:1][CONSENSUS][PBFT]checkTimeout Succ,view=5989,toView=5990,nodeIdx=0,changeCycle=0,myNode=3d2207af...,timecost=0.764
info|2019-12-11 04:11:04.380540|[g:1][CONSENSUS][PBFT]checkAndChangeView: Reach consensus,org_view=5989,org_changeCycle=0,cur_changeCycle=0,to_view=5990
info|2019-12-11 04:11:05.382476|[g:1][CONSENSUS]addRawPrepare,height=1,reqIdx=2,hash=59a3245d...
info|2019-12-11 04:11:05.383809|[g:1][CONSENSUS][PBFT]checkTimeout Succ,view=5990,toView=5991,nodeIdx=0,changeCycle=0,myNode=3d2207af...,timecost=1.003
info|2019-12-11 04:11:05.385651|[g:1][CONSENSUS][PBFT]checkAndChangeView: Reach consensus,org_view=5990,org_changeCycle=0,cur_changeCycle=0,to_view=5991
info|2019-12-11 04:11:06.389586|[g:1][CONSENSUS]addRawPrepare,height=1,reqIdx=3,hash=60b45e03...
info|2019-12-11 04:11:06.390591|[g:1][CONSENSUS][PBFT]checkTimeout Succ,view=5991,toView=5992,nodeIdx=0,changeCycle=0,myNode=3d2207af...,timecost=0.802
info|2019-12-11 04:11:06.394403|[g:1][CONSENSUS][PBFT]checkAndChangeView: Reach consensus,org_view=5991,org_changeCycle=0,cur_changeCycle=0,to_view=5992
info|2019-12-11 04:11:07.395567|[g:1][CONSENSUS][SEALER]++++++++++++++++ Generating seal on,blkNum=1,tx=0,nodeIdx=0,hash=33c031a8...
info|2019-12-11 04:11:07.396236|[g:1][CONSENSUS][PBFT]checkTimeout Succ,view=5992,toView=5993,nodeIdx=0,changeCycle=0,myNode=3d2207af...,timecost=0.287
info|2019-12-11 04:11:07.400216|[g:1][CONSENSUS][PBFT]checkAndChangeView: Reach consensus,org_view=5992,org_changeCycle=0,cur_changeCycle=0,to_view=5993
warning|2019-12-11 04:26:03.016223|[g:1][CONSENSUS][PBFT]ViewChangeWarning: not caused by omit empty block ,v=5993,toV=5994,curNum=0,hash=535430dd...,nodeIdx=0,myNode=3d2207af...
info|2019-12-11 04:26:03.018220|[P2P][Service] heartBeat,connected count=3
info|2019-12-11 04:26:03.020550|[g:1][CONSENSUS][PBFT]checkTimeout Succ,view=5993,toView=5994,nodeIdx=0,changeCycle=1,myNode=3d2207af...,timecost=15.707
info|2019-12-11 04:26:03.022505|[g:1][CONSENSUS][PBFT]checkAndChangeView: Reach consensus,org_view=5993,org_changeCycle=1,cur_changeCycle=1,to_view=5994
info|2019-12-11 04:26:04.024883|[g:1][CONSENSUS]addRawPrepare,height=1,reqIdx=2,hash=1fd7854a...
info|2019-12-11 04:26:04.025308|[g:1][CONSENSUS][PBFT]checkTimeout Succ,view=5994,toView=5995,nodeIdx=0,changeCycle=0,myNode=3d2207af...,timecost=0.279
info|2019-12-11 04:26:04.027029|[g:1][CONSENSUS][PBFT]checkAndChangeView: Reach consensus,org_view=5994,org_changeCycle=0,cur_changeCycle=0,to_view=5995
info|2019-12-11 04:26:05.028932|[g:1][CONSENSUS]addRawPrepare,height=1,reqIdx=3,hash=f43a67b3...
info|2019-12-11 04:26:05.029681|[g:1][CONSENSUS][PBFT]checkTimeout Succ,view=5995,toView=5996,nodeIdx=0,changeCycle=0,myNode=3d2207af...,timecost=0.563
info|2019-12-11 04:26:05.031704|[g:1][CONSENSUS][PBFT]checkAndChangeView: Reach consensus,org_view=5995,org_changeCycle=0,cur_changeCycle=0,to_view=5996
info|2019-12-11 04:26:06.032553|[g:1][CONSENSUS][SEALER]++++++++++++++++ Generating seal on,blkNum=1,tx=0,nodeIdx=0,hash=784d8d55...
info|2019-12-11 04:26:06.033125|[g:1][CONSENSUS][PBFT]checkTimeout Succ,view=5996,toView=5997,nodeIdx=0,changeCycle=0,myNode=3d2207af...,timecost=0.213
info|2019-12-11 04:26:06.036415|[g:1][CONSENSUS][PBFT]checkAndChangeView: Reach consensus,org_view=5996,org_changeCycle=0,cur_changeCycle=0,to_view=5997
info|2019-12-11 04:26:07.038649|[g:1][CONSENSUS]addRawPrepare,height=1,reqIdx=1,hash=1279b1a8...
info|2019-12-11 04:26:07.039072|[g:1][CONSENSUS][PBFT]checkTimeout Succ,view=5997,toView=5998,nodeIdx=0,changeCycle=0,myNode=3d2207af...,timecost=0.322
info|2019-12-11 04:26:07.040506|[g:1][CONSENSUS][PBFT]checkAndChangeView: Reach consensus,org_view=5997,org_changeCycle=0,cur_changeCycle=0,to_view=5998
info|2019-12-11 04:26:08.044445|[g:1][CONSENSUS]addRawPrepare,height=1,reqIdx=2,hash=a30904f6...
info|2019-12-11 04:26:08.046336|[g:1][CONSENSUS][PBFT]checkTimeout Succ,view=5998,toView=5999,nodeIdx=0,changeCycle=0,myNode=3d2207af...,timecost=1.558
info|2019-12-11 04:26:08.048090|[g:1][CONSENSUS][PBFT]checkAndChangeView: Reach consensus,org_view=5998,org_changeCycle=0,cur_changeCycle=0,to_view=5999
info|2019-12-11 04:26:09.050931|[g:1][CONSENSUS]addRawPrepare,height=1,reqIdx=3,hash=50bba7cb...
info|2019-12-11 04:26:09.052841|[g:1][CONSENSUS][PBFT]checkTimeout Succ,view=5999,toView=6000,nodeIdx=0,changeCycle=0,myNode=3d2207af...,timecost=1.682
info|2019-12-11 04:26:09.054358|[g:1][CONSENSUS][PBFT]checkAndChangeView: Reach consensus,org_view=5999,org_changeCycle=0,cur_changeCycle=0,to_view=6000
info|2019-12-11 04:26:10.055889|[g:1][CONSENSUS][SEALER]++++++++++++++++ Generating seal on,blkNum=1,tx=0,nodeIdx=0,hash=538d860f...
info|2019-12-11 04:26:10.057224|[g:1][CONSENSUS][PBFT]checkTimeout Succ,view=6000,toView=6001,nodeIdx=0,changeCycle=0,myNode=3d2207af...,timecost=0.808
info|2019-12-11 04:26:10.061952|[g:1][CONSENSUS][PBFT]checkAndChangeView: Reach consensus,org_view=6000,org_changeCycle=0,cur_changeCycle=0,to_view=6001
info|2019-12-11 04:26:11.064649|[g:1][CONSENSUS]addRawPrepare,height=1,reqIdx=1,hash=f86f8563...
info|2019-12-11 04:26:11.065520|[g:1][CONSENSUS][PBFT]checkTimeout Succ,view=6001,toView=6002,nodeIdx=0,changeCycle=0,myNode=3d2207af...,timecost=0.669
info|2019-12-11 04:26:11.068444|[g:1][CONSENSUS][PBFT]checkAndChangeView: Reach consensus,org_view=6001,org_changeCycle=0,cur_changeCycle=0,to_view=6002
info|2019-12-11 04:26:12.071261|[g:1][CONSENSUS]addRawPrepare,height=1,reqIdx=2,hash=f9dacb36...
info|2019-12-11 04:26:12.072308|[g:1][CONSENSUS][PBFT]checkTimeout Succ,view=6002,toView=6003,nodeIdx=0,changeCycle=0,myNode=3d2207af...,timecost=0.846
info|2019-12-11 04:26:12.075389|[g:1][CONSENSUS][PBFT]checkAndChangeView: Reach consensus,org_view=6002,org_changeCycle=0,cur_changeCycle=0,to_view=6003
info|2019-12-11 04:26:13.019595|[P2P][Service] heartBeat,connected count=3
info|2019-12-11 04:26:13.078521|[g:1][CONSENSUS]addRawPrepare,height=1,reqIdx=3,hash=8fa260b5...
info|2019-12-11 04:26:13.080546|[g:1][CONSENSUS][PBFT]checkTimeout Succ,view=6003,toView=6004,nodeIdx=0,changeCycle=0,myNode=3d2207af...,timecost=1.81
info|2019-12-11 04:26:13.083112|[g:1][CONSENSUS][PBFT]checkAndChangeView: Reach consensus,org_view=6003,org_changeCycle=0,cur_changeCycle=0,to_view=6004
info|2019-12-11 04:26:14.187491|[g:1][CONSENSUS][SEALER]++++++++++++++++ Generating seal on,blkNum=1,tx=0,nodeIdx=0,hash=6c886f39...
info|2019-12-11 04:26:14.203603|[g:1][CONSENSUS][PBFT]checkTimeout Succ,view=6004,toView=6005,nodeIdx=0,changeCycle=0,myNode=3d2207af...,timecost=4.756
info|2019-12-11 04:26:14.221227|[g:1][CONSENSUS][PBFT]checkAndChangeView: Reach consensus,org_view=6004,org_changeCycle=0,cur_changeCycle=0,to_view=6005
info|2019-12-11 04:26:15.234615|[g:1][CONSENSUS]addRawPrepare,height=1,reqIdx=1,hash=7e9ad121...
info|2019-12-11 04:26:15.243350|[g:1][CONSENSUS][PBFT]checkTimeout Succ,view=6005,toView=6006,nodeIdx=0,changeCycle=0,myNode=3d2207af...,timecost=6.167
info|2019-12-11 04:26:15.278316|[g:1][CONSENSUS][PBFT]checkAndChangeView: Reach consensus,org_view=6005,org_changeCycle=0,cur_changeCycle=0,to_view=6006
info|2019-12-11 04:26:16.280141|[g:1][CONSENSUS]addRawPrepare,height=1,reqIdx=2,hash=eb11a6a1...
info|2019-12-11 04:26:16.283319|[g:1][CONSENSUS][PBFT]checkTimeout Succ,view=6006,toView=6007,nodeIdx=0,changeCycle=0,myNode=3d2207af...,timecost=2.502
info|2019-12-11 04:26:16.294052|[g:1][CONSENSUS][PBFT]checkAndChangeView: Reach consensus,org_view=6006,org_changeCycle=0,cur_changeCycle=0,to_view=6007
info|2019-12-11 04:26:17.303912|[g:1][CONSENSUS]addRawPrepare,height=1,reqIdx=3,hash=1b5e495c...
info|2019-12-11 04:26:17.308334|[g:1][CONSENSUS][PBFT]checkTimeout Succ,view=6007,toView=6008,nodeIdx=0,changeCycle=0,myNode=3d2207af...,timecost=3.711
info|2019-12-11 04:26:17.315555|[g:1][CONSENSUS][PBFT]checkAndChangeView: Reach consensus,org_view=6007,org_changeCycle=0,cur_changeCycle=0,to_view=6008
info|2019-12-11 04:26:18.316267|[g:1][CONSENSUS][SEALER]++++++++++++++++ Generating seal on,blkNum=1,tx=0,nodeIdx=0,hash=dd8d50b1...
info|2019-12-11 04:26:18.320314|[g:1][CONSENSUS][PBFT]checkTimeout Succ,view=6008,toView=6009,nodeIdx=0,changeCycle=0,myNode=3d2207af...,timecost=2.26
info|2019-12-11 04:26:18.344398|[g:1][CONSENSUS][PBFT]checkAndChangeView: Reach consensus,org_view=6008,org_changeCycle=0,cur_changeCycle=0,to_view=6009
info|2019-12-11 04:26:19.348524|[g:1][CONSENSUS]addRawPrepare,height=1,reqIdx=1,hash=715184d5...
info|2019-12-11 04:26:19.351440|[g:1][CONSENSUS][PBFT]checkTimeout Succ,view=6009,toView=6010,nodeIdx=0,changeCycle=0,myNode=3d2207af...,timecost=2.161
info|2019-12-11 04:26:19.366994|[g:1][CONSENSUS][PBFT]checkAndChangeView: Reach consensus,org_view=6009,org_changeCycle=0,cur_changeCycle=0,to_view=6010
info|2019-12-11 04:26:20.382458|[g:1][CONSENSUS]addRawPrepare,height=1,reqIdx=2,hash=ea13d627...
info|2019-12-11 04:26:20.388956|[g:1][CONSENSUS][PBFT]checkTimeout Succ,view=6010,toView=6011,nodeIdx=0,changeCycle=0,myNode=3d2207af...,timecost=5.814
info|2019-12-11 04:26:20.400394|[g:1][CONSENSUS][PBFT]checkAndChangeView: Reach consensus,org_view=6010,org_changeCycle=0,cur_changeCycle=0,to_view=6011
info|2019-12-11 04:26:21.403561|[g:1][CONSENSUS]addRawPrepare,height=1,reqIdx=3,hash=8c09ce2e...
info|2019-12-11 04:26:21.406558|[g:1][CONSENSUS][PBFT]checkTimeout Succ,view=6011,toView=6012,nodeIdx=0,changeCycle=0,myNode=3d2207af...,timecost=2.302
info|2019-12-11 04:26:21.417349|[g:1][CONSENSUS][PBFT]checkAndChangeView: Reach consensus,org_view=6011,org_changeCycle=0,cur_changeCycle=0,to_view=6012
info|2019-12-11 04:26:22.417996|[g:1][CONSENSUS][SEALER]++++++++++++++++ Generating seal on,blkNum=1,tx=0,nodeIdx=0,hash=55cd66cd...
info|2019-12-11 04:26:22.430872|[g:1][CONSENSUS][PBFT]checkTimeout Succ,view=6012,toView=6013,nodeIdx=0,changeCycle=0,myNode=3d2207af...,timecost=2.747
info|2019-12-11 04:26:22.437960|[g:1][CONSENSUS][PBFT]checkAndChangeView: Reach consensus,org_view=6012,org_changeCycle=0,cur_changeCycle=0,to_view=6013
info|2019-12-11 04:26:23.027322|[P2P][Service] heartBeat,connected count=3
info|2019-12-11 04:26:23.444998|[g:1][CONSENSUS]addRawPrepare,height=1,reqIdx=1,hash=1b54a63f...
info|2019-12-11 04:26:23.449247|[g:1][CONSENSUS][PBFT]checkTimeout Succ,view=6013,toView=6014,nodeIdx=0,changeCycle=0,myNode=3d2207af...,timecost=3.566
info|2019-12-11 04:26:23.456406|[g:1][CONSENSUS][PBFT]checkAndChangeView: Reach consensus,org_view=6013,org_changeCycle=0,cur_changeCycle=0,to_view=6014
info|2019-12-11 04:26:24.460055|[g:1][CONSENSUS]addRawPrepare,height=1,reqIdx=2,hash=483f9dd6...
info|2019-12-11 04:26:24.461593|[g:1][CONSENSUS][PBFT]checkTimeout Succ,view=6014,toView=6015,nodeIdx=0,changeCycle=0,myNode=3d2207af...,timecost=1.411
info|2019-12-11 04:26:24.463090|[g:1][CONSENSUS][PBFT]checkAndChangeView: Reach consensus,org_view=6014,org_changeCycle=0,cur_changeCycle=0,to_view=6015
info|2019-12-11 04:26:25.465002|[g:1][CONSENSUS]addRawPrepare,height=1,reqIdx=3,hash=96387dc0...
info|2019-12-11 04:26:25.465584|[g:1][CONSENSUS][PBFT]checkTimeout Succ,view=6015,toView=6016,nodeIdx=0,changeCycle=0,myNode=3d2207af...,timecost=0.438
info|2019-12-11 04:26:25.467464|[g:1][CONSENSUS][PBFT]checkAndChangeView: Reach consensus,org_view=6015,org_changeCycle=0,cur_changeCycle=0,to_view=6016
info|2019-12-11 04:26:26.468535|[g:1][CONSENSUS][SEALER]++++++++++++++++ Generating seal on,blkNum=1,tx=0,nodeIdx=0,hash=a6027c84...
info|2019-12-11 04:26:26.469843|[g:1][CONSENSUS][PBFT]checkTimeout Succ,view=6016,toView=6017,nodeIdx=0,changeCycle=0,myNode=3d2207af...,timecost=0.76
info|2019-12-11 04:26:26.475508|[g:1][CONSENSUS][PBFT]checkAndChangeView: Reach consensus,org_view=6016,org_changeCycle=0,cur_changeCycle=0,to_view=6017
info|2019-12-11 04:26:27.475242|[g:1][CONSENSUS]addRawPrepare,height=1,reqIdx=1,hash=22eb9b74...
info|2019-12-11 04:26:27.475642|[g:1][CONSENSUS][PBFT]checkTimeout Succ,view=6017,toView=6018,nodeIdx=0,changeCycle=0,myNode=3d2207af...,timecost=0.293
info|2019-12-11 04:26:27.478027|[g:1][CONSENSUS][PBFT]checkAndChangeView: Reach consensus,org_view=6017,org_changeCycle=0,cur_changeCycle=0,to_view=6018
info|2019-12-11 04:26:28.479688|[g:1][CONSENSUS]addRawPrepare,height=1,reqIdx=2,hash=a9f39123...
info|2019-12-11 04:26:28.480270|[g:1][CONSENSUS][PBFT]checkTimeout Succ,view=6018,toView=6019,nodeIdx=0,changeCycle=0,myNode=3d2207af...,timecost=0.437
info|2019-12-11 04:26:28.481975|[g:1][CONSENSUS][PBFT]checkAndChangeView: Reach consensus,org_view=6018,org_changeCycle=0,cur_changeCycle=0,to_view=6019
info|2019-12-11 04:26:29.483684|[g:1][CONSENSUS]addRawPrepare,height=1,reqIdx=3,hash=499ba18f...
info|2019-12-11 04:26:29.484800|[g:1][CONSENSUS][PBFT]checkTimeout Succ,view=6019,toView=6020,nodeIdx=0,changeCycle=0,myNode=3d2207af...,timecost=0.991
info|2019-12-11 04:26:29.486860|[g:1][CONSENSUS][PBFT]checkAndChangeView: Reach consensus,org_view=6019,org_changeCycle=0,cur_changeCycle=0,to_view=6020
info|2019-12-11 04:26:30.486372|[g:1][CONSENSUS][SEALER]++++++++++++++++ Generating seal on,blkNum=1,tx=0,nodeIdx=0,hash=24028930...
info|2019-12-11 04:26:30.487677|[g:1][CONSENSUS][PBFT]checkTimeout Succ,view=6020,toView=6021,nodeIdx=0,changeCycle=0,myNode=3d2207af...,timecost=0.772
info|2019-12-11 04:26:30.493307|[g:1][CONSENSUS][PBFT]checkAndChangeView: Reach consensus,org_view=6020,org_changeCycle=0,cur_changeCycle=0,to_view=6021
info|2019-12-11 04:26:31.494143|[g:1][CONSENSUS]addRawPrepare,height=1,reqIdx=1,hash=fc5c1fb8...
info|2019-12-11 04:26:31.495880|[g:1][CONSENSUS][PBFT]checkTimeout Succ,view=6021,toView=6022,nodeIdx=0,changeCycle=0,myNode=3d2207af...,timecost=1.522
info|2019-12-11 04:26:31.497863|[g:1][CONSENSUS][PBFT]checkAndChangeView: Reach consensus,org_view=6021,org_changeCycle=0,cur_changeCycle=0,to_view=6022
info|2019-12-11 04:26:32.501168|[g:1][CONSENSUS]addRawPrepare,height=1,reqIdx=2,hash=eafddbcf...
info|2019-12-11 04:26:32.502483|[g:1][CONSENSUS][PBFT]checkTimeout Succ,view=6022,toView=6023,nodeIdx=0,changeCycle=0,myNode=3d2207af...,timecost=0.754
info|2019-12-11 04:26:32.504872|[g:1][CONSENSUS][PBFT]checkAndChangeView: Reach consensus,org_view=6022,org_changeCycle=0,cur_changeCycle=0,to_view=6023
info|2019-12-11 04:26:33.031383|[P2P][Service] heartBeat,connected count=3
info|2019-12-11 04:26:33.509013|[g:1][CONSENSUS]addRawPrepare,height=1,reqIdx=3,hash=c05887dc...
info|2019-12-11 04:26:33.509927|[g:1][CONSENSUS][PBFT]checkTimeout Succ,view=6023,toView=6024,nodeIdx=0,changeCycle=0,myNode=3d2207af...,timecost=0.695
info|2019-12-11 04:26:33.512180|[g:1][CONSENSUS][PBFT]checkAndChangeView: Reach consensus,org_view=6023,org_changeCycle=0,cur_changeCycle=0,to_view=6024
info|2019-12-11 04:26:34.512397|[g:1][CONSENSUS][SEALER]++++++++++++++++ Generating seal on,blkNum=1,tx=0,nodeIdx=0,hash=c4818cf5...
info|2019-12-11 04:26:34.518274|[g:1][CONSENSUS][PBFT]checkTimeout Succ,view=6024,toView=6025,nodeIdx=0,changeCycle=0,myNode=3d2207af...,timecost=1.295
info|2019-12-11 04:26:34.518943|[g:1][CONSENSUS][PBFT]checkAndChangeView: Reach consensus,org_view=6024,org_changeCycle=0,cur_changeCycle=0,to_view=6025
info|2019-12-11 04:26:35.522089|[g:1][CONSENSUS]addRawPrepare,height=1,reqIdx=1,hash=19c1dc6c...
info|2019-12-11 04:26:35.523145|[g:1][CONSENSUS][PBFT]checkTimeout Succ,view=6025,toView=6026,nodeIdx=0,changeCycle=0,myNode=3d2207af...,timecost=0.785
info|2019-12-11 04:26:35.526301|[g:1][CONSENSUS][PBFT]checkAndChangeView: Reach consensus,org_view=6025,org_changeCycle=0,cur_changeCycle=0,to_view=6026
info|2019-12-11 04:26:36.527008|[g:1][CONSENSUS]addRawPrepare,height=1,reqIdx=2,hash=fc4c6b3e...
info|2019-12-11 04:26:36.527977|[g:1][CONSENSUS][PBFT]checkTimeout Succ,view=6026,toView=6027,nodeIdx=0,changeCycle=0,myNode=3d2207af...,timecost=0.715
info|2019-12-11 04:26:36.530572|[g:1][CONSENSUS][PBFT]checkAndChangeView: Reach consensus,org_view=6026,org_changeCycle=0,cur_changeCycle=0,to_view=6027
info|2019-12-11 04:26:37.532896|[g:1][CONSENSUS]addRawPrepare,height=1,reqIdx=3,hash=bad4b3b7...
info|2019-12-11 04:26:37.534147|[g:1][CONSENSUS][PBFT]checkTimeout Succ,view=6027,toView=6028,nodeIdx=0,changeCycle=0,myNode=3d2207af...,timecost=1.027
info|2019-12-11 04:26:37.536742|[g:1][CONSENSUS][PBFT]checkAndChangeView: Reach consensus,org_view=6027,org_changeCycle=0,cur_changeCycle=0,to_view=6028
info|2019-12-11 04:26:38.536202|[g:1][CONSENSUS][SEALER]++++++++++++++++ Generating seal on,blkNum=1,tx=0,nodeIdx=0,hash=32500ffa...
info|2019-12-11 04:26:38.537644|[g:1][CONSENSUS][PBFT]checkTimeout Succ,view=6028,toView=6029,nodeIdx=0,changeCycle=0,myNode=3d2207af...,timecost=0.864
info|2019-12-11 04:26:38.541758|[g:1][CONSENSUS][PBFT]checkAndChangeView: Reach consensus,org_view=6028,org_changeCycle=0,cur_changeCycle=0,to_view=6029
info|2019-12-11 04:26:39.544288|[g:1][CONSENSUS]addRawPrepare,height=1,reqIdx=1,hash=47a9c39b...
info|2019-12-11 04:26:39.545377|[g:1][CONSENSUS][PBFT]checkTimeout Succ,view=6029,toView=6030,nodeIdx=0,changeCycle=0,myNode=3d2207af...,timecost=0.975
info|2019-12-11 04:26:39.548269|[g:1][CONSENSUS][PBFT]checkAndChangeView: Reach consensus,org_view=6029,org_changeCycle=0,cur_changeCycle=0,to_view=6030
info|2019-12-11 04:41:34.013474|[P2P][Service] heartBeat,connected count=3
warning|2019-12-11 04:41:34.017167|[g:1][CONSENSUS][PBFT]ViewChangeWarning: not caused by omit empty block ,v=6030,toV=6031,curNum=0,hash=535430dd...,nodeIdx=0,myNode=3d2207af...
info|2019-12-11 04:41:34.017276|[g:1][CONSENSUS][PBFT]checkTimeout Succ,view=6030,toView=6031,nodeIdx=0,changeCycle=1,myNode=3d2207af...,timecost=0.415
info|2019-12-11 04:41:34.026165|[g:1][CONSENSUS][PBFT]checkAndChangeView: Reach consensus,org_view=6030,org_changeCycle=1,cur_changeCycle=1,to_view=6031
info|2019-12-11 04:41:35.027829|[g:1][CONSENSUS]addRawPrepare,height=1,reqIdx=3,hash=6dbb575b...
info|2019-12-11 04:41:35.028240|[g:1][CONSENSUS][PBFT]checkTimeout Succ,view=6031,toView=6032,nodeIdx=0,changeCycle=0,myNode=3d2207af...,timecost=0.279
info|2019-12-11 04:41:35.030022|[g:1][CONSENSUS][PBFT]checkAndChangeView: Reach consensus,org_view=6031,org_changeCycle=0,cur_changeCycle=0,to_view=6032
info|2019-12-11 04:41:36.030572|[g:1][CONSENSUS][SEALER]++++++++++++++++ Generating seal on,blkNum=1,tx=0,nodeIdx=0,hash=15fb8faa...
info|2019-12-11 04:41:36.031164|[g:1][CONSENSUS][PBFT]checkTimeout Succ,view=6032,toView=6033,nodeIdx=0,changeCycle=0,myNode=3d2207af...,timecost=0.27
info|2019-12-11 04:41:36.034235|[g:1][CONSENSUS][PBFT]checkAndChangeView: Reach consensus,org_view=6032,org_changeCycle=0,cur_changeCycle=0,to_view=6033
info|2019-12-11 04:41:37.034645|[g:1][CONSENSUS]addRawPrepare,height=1,reqIdx=1,hash=d19eb685...
info|2019-12-11 04:41:37.035019|[g:1][CONSENSUS][PBFT]checkTimeout Succ,view=6033,toView=6034,nodeIdx=0,changeCycle=0,myNode=3d2207af...,timecost=0.276
info|2019-12-11 04:41:37.036472|[g:1][CONSENSUS][PBFT]checkAndChangeView: Reach consensus,org_view=6033,org_changeCycle=0,cur_changeCycle=0,to_view=6034
info|2019-12-11 04:41:38.039191|[g:1][CONSENSUS]addRawPrepare,height=1,reqIdx=2,hash=90b5a62b...
info|2019-12-11 04:41:38.039560|[g:1][CONSENSUS][PBFT]checkTimeout Succ,view=6034,toView=6035,nodeIdx=0,changeCycle=0,myNode=3d2207af...,timecost=0.27
info|2019-12-11 04:41:38.041151|[g:1][CONSENSUS][PBFT]checkAndChangeView: Reach consensus,org_view=6034,org_changeCycle=0,cur_changeCycle=0,to_view=6035
info|2019-12-11 04:41:39.042788|[g:1][CONSENSUS]addRawPrepare,height=1,reqIdx=3,hash=e9fc0e80...
info|2019-12-11 04:41:39.043165|[g:1][CONSENSUS][PBFT]checkTimeout Succ,view=6035,toView=6036,nodeIdx=0,changeCycle=0,myNode=3d2207af...,timecost=0.278
info|2019-12-11 04:41:39.046417|[g:1][CONSENSUS][PBFT]checkAndChangeView: Reach consensus,org_view=6035,org_changeCycle=0,cur_changeCycle=0,to_view=6036
info|2019-12-11 04:41:40.046351|[g:1][CONSENSUS][SEALER]++++++++++++++++ Generating seal on,blkNum=1,tx=0,nodeIdx=0,hash=46637bb9...
info|2019-12-11 04:41:40.046957|[g:1][CONSENSUS][PBFT]checkTimeout Succ,view=6036,toView=6037,nodeIdx=0,changeCycle=0,myNode=3d2207af...,timecost=0.283
info|2019-12-11 04:41:40.049215|[g:1][CONSENSUS][PBFT]checkAndChangeView: Reach consensus,org_view=6036,org_changeCycle=0,cur_changeCycle=0,to_view=6037
info|2019-12-11 04:41:41.051152|[g:1][CONSENSUS]addRawPrepare,height=1,reqIdx=1,hash=5bc91a8b...
info|2019-12-11 04:41:41.051766|[g:1][CONSENSUS][PBFT]checkTimeout Succ,view=6037,toView=6038,nodeIdx=0,changeCycle=0,myNode=3d2207af...,timecost=0.361
info|2019-12-11 04:41:41.053532|[g:1][CONSENSUS][PBFT]checkAndChangeView: Reach consensus,org_view=6037,org_changeCycle=0,cur_changeCycle=0,to_view=6038
info|2019-12-11 04:41:42.056015|[g:1][CONSENSUS]addRawPrepare,height=1,reqIdx=2,hash=fc348d5d...
info|2019-12-11 04:41:42.057096|[g:1][CONSENSUS][PBFT]checkTimeout Succ,view=6038,toView=6039,nodeIdx=0,changeCycle=0,myNode=3d2207af...,timecost=0.978
info|2019-12-11 04:41:42.058582|[g:1][CONSENSUS][PBFT]checkAndChangeView: Reach consensus,org_view=6038,org_changeCycle=0,cur_changeCycle=0,to_view=6039
info|2019-12-11 04:41:43.061440|[g:1][CONSENSUS]addRawPrepare,height=1,reqIdx=3,hash=ffd3a7ec...
info|2019-12-11 04:41:43.062386|[g:1][CONSENSUS][PBFT]checkTimeout Succ,view=6039,toView=6040,nodeIdx=0,changeCycle=0,myNode=3d2207af...,timecost=0.668
info|2019-12-11 04:41:43.064286|[g:1][CONSENSUS][PBFT]checkAndChangeView: Reach consensus,org_view=6039,org_changeCycle=0,cur_changeCycle=0,to_view=6040
info|2019-12-11 04:41:44.014283|[P2P][Service] heartBeat,connected count=3
info|2019-12-11 04:41:44.065311|[g:1][CONSENSUS][SEALER]++++++++++++++++ Generating seal on,blkNum=1,tx=0,nodeIdx=0,hash=e775f062...
info|2019-12-11 04:41:44.066775|[g:1][CONSENSUS][PBFT]checkTimeout Succ,view=6040,toView=6041,nodeIdx=0,changeCycle=0,myNode=3d2207af...,timecost=0.858
info|2019-12-11 04:41:44.071721|[g:1][CONSENSUS][PBFT]checkAndChangeView: Reach consensus,org_view=6040,org_changeCycle=0,cur_changeCycle=0,to_view=6041
info|2019-12-11 04:41:45.090407|[g:1][CONSENSUS]addRawPrepare,height=1,reqIdx=1,hash=6f1bd222...
info|2019-12-11 04:41:45.095450|[g:1][CONSENSUS][PBFT]checkTimeout Succ,view=6041,toView=6042,nodeIdx=0,changeCycle=0,myNode=3d2207af...,timecost=2.935
info|2019-12-11 04:41:45.109849|[g:1][CONSENSUS][PBFT]checkAndChangeView: Reach consensus,org_view=6041,org_changeCycle=0,cur_changeCycle=0,to_view=6042
info|2019-12-11 04:41:46.116912|[g:1][CONSENSUS]addRawPrepare,height=1,reqIdx=2,hash=d452bc11...
info|2019-12-11 04:41:46.127599|[g:1][CONSENSUS][PBFT]checkTimeout Succ,view=6042,toView=6043,nodeIdx=0,changeCycle=0,myNode=3d2207af...,timecost=9.139
info|2019-12-11 04:41:46.135874|[g:1][CONSENSUS][PBFT]checkAndChangeView: Reach consensus,org_view=6042,org_changeCycle=0,cur_changeCycle=0,to_view=6043
info|2019-12-11 04:41:47.135627|[g:1][CONSENSUS]addRawPrepare,height=1,reqIdx=3,hash=229c550c...
info|2019-12-11 04:41:47.138636|[g:1][CONSENSUS][PBFT]checkTimeout Succ,view=6043,toView=6044,nodeIdx=0,changeCycle=0,myNode=3d2207af...,timecost=2.359
info|2019-12-11 04:41:47.148398|[g:1][CONSENSUS][PBFT]checkAndChangeView: Reach consensus,org_view=6043,org_changeCycle=0,cur_changeCycle=0,to_view=6044
info|2019-12-11 04:41:48.149083|[g:1][CONSENSUS][SEALER]++++++++++++++++ Generating seal on,blkNum=1,tx=0,nodeIdx=0,hash=b301e305...
info|2019-12-11 04:41:48.153242|[g:1][CONSENSUS][PBFT]checkTimeout Succ,view=6044,toView=6045,nodeIdx=0,changeCycle=0,myNode=3d2207af...,timecost=2.5
info|2019-12-11 04:41:48.172482|[g:1][CONSENSUS][PBFT]checkAndChangeView: Reach consensus,org_view=6044,org_changeCycle=0,cur_changeCycle=0,to_view=6045
info|2019-12-11 04:41:49.175413|[g:1][CONSENSUS]addRawPrepare,height=1,reqIdx=1,hash=3fc86fb3...
info|2019-12-11 04:41:49.178665|[g:1][CONSENSUS][PBFT]checkTimeout Succ,view=6045,toView=6046,nodeIdx=0,changeCycle=0,myNode=3d2207af...,timecost=2.565
info|2019-12-11 04:41:49.195785|[g:1][CONSENSUS][PBFT]checkAndChangeView: Reach consensus,org_view=6045,org_changeCycle=0,cur_changeCycle=0,to_view=6046
info|2019-12-11 04:41:50.195127|[g:1][CONSENSUS]addRawPrepare,height=1,reqIdx=2,hash=ad2e0aa7...
info|2019-12-11 04:41:50.201473|[g:1][CONSENSUS][PBFT]checkTimeout Succ,view=6046,toView=6047,nodeIdx=0,changeCycle=0,myNode=3d2207af...,timecost=5.674
info|2019-12-11 04:41:50.208894|[g:1][CONSENSUS][PBFT]checkAndChangeView: Reach consensus,org_view=6046,org_changeCycle=0,cur_changeCycle=0,to_view=6047
info|2019-12-11 04:41:51.213249|[g:1][CONSENSUS]addRawPrepare,height=1,reqIdx=3,hash=06284fe8...
info|2019-12-11 04:41:51.219485|[g:1][CONSENSUS][PBFT]checkTimeout Succ,view=6047,toView=6048,nodeIdx=0,changeCycle=0,myNode=3d2207af...,timecost=5.538
info|2019-12-11 04:41:51.226612|[g:1][CONSENSUS][PBFT]checkAndChangeView: Reach consensus,org_view=6047,org_changeCycle=0,cur_changeCycle=0,to_view=6048
info|2019-12-11 04:41:52.227255|[g:1][CONSENSUS][SEALER]++++++++++++++++ Generating seal on,blkNum=1,tx=0,nodeIdx=0,hash=fc9b4834...
info|2019-12-11 04:41:52.231076|[g:1][CONSENSUS][PBFT]checkTimeout Succ,view=6048,toView=6049,nodeIdx=0,changeCycle=0,myNode=3d2207af...,timecost=2.251
info|2019-12-11 04:41:52.248536|[g:1][CONSENSUS][PBFT]checkAndChangeView: Reach consensus,org_view=6048,org_changeCycle=0,cur_changeCycle=0,to_view=6049
info|2019-12-11 04:41:53.256637|[g:1][CONSENSUS]addRawPrepare,height=1,reqIdx=1,hash=e5ca7125...
info|2019-12-11 04:41:53.259781|[g:1][CONSENSUS][PBFT]checkTimeout Succ,view=6049,toView=6050,nodeIdx=0,changeCycle=0,myNode=3d2207af...,timecost=2.374
info|2019-12-11 04:41:53.276186|[g:1][CONSENSUS][PBFT]checkAndChangeView: Reach consensus,org_view=6049,org_changeCycle=0,cur_changeCycle=0,to_view=6050
info|2019-12-11 04:41:54.020629|[P2P][Service] heartBeat,connected count=3
info|2019-12-11 04:41:54.279253|[g:1][CONSENSUS]addRawPrepare,height=1,reqIdx=2,hash=8c778050...
info|2019-12-11 04:41:54.284529|[g:1][CONSENSUS][PBFT]checkTimeout Succ,view=6050,toView=6051,nodeIdx=0,changeCycle=0,myNode=3d2207af...,timecost=4.343
info|2019-12-11 04:41:54.303526|[g:1][CONSENSUS][PBFT]checkAndChangeView: Reach consensus,org_view=6050,org_changeCycle=0,cur_changeCycle=0,to_view=6051
info|2019-12-11 04:41:55.301590|[g:1][CONSENSUS]addRawPrepare,height=1,reqIdx=3,hash=8b590037...
info|2019-12-11 04:41:55.302560|[g:1][CONSENSUS][PBFT]checkTimeout Succ,view=6051,toView=6052,nodeIdx=0,changeCycle=0,myNode=3d2207af...,timecost=0.744
info|2019-12-11 04:41:55.305862|[g:1][CONSENSUS][PBFT]checkAndChangeView: Reach consensus,org_view=6051,org_changeCycle=0,cur_changeCycle=0,to_view=6052
info|2019-12-11 04:41:56.305608|[g:1][CONSENSUS][SEALER]++++++++++++++++ Generating seal on,blkNum=1,tx=0,nodeIdx=0,hash=c1f470cf...
info|2019-12-11 04:41:56.308463|[g:1][CONSENSUS][PBFT]checkTimeout Succ,view=6052,toView=6053,nodeIdx=0,changeCycle=0,myNode=3d2207af...,timecost=0.435
info|2019-12-11 04:41:56.309600|[g:1][CONSENSUS][PBFT]checkAndChangeView: Reach consensus,org_view=6052,org_changeCycle=0,cur_changeCycle=0,to_view=6053
info|2019-12-11 04:41:57.311648|[g:1][CONSENSUS]addRawPrepare,height=1,reqIdx=1,hash=b2b94c1a...
info|2019-12-11 04:41:57.312772|[g:1][CONSENSUS][PBFT]checkTimeout Succ,view=6053,toView=6054,nodeIdx=0,changeCycle=0,myNode=3d2207af...,timecost=0.651
info|2019-12-11 04:41:57.314419|[g:1][CONSENSUS][PBFT]checkAndChangeView: Reach consensus,org_view=6053,org_changeCycle=0,cur_changeCycle=0,to_view=6054
info|2019-12-11 04:41:58.315798|[g:1][CONSENSUS]addRawPrepare,height=1,reqIdx=2,hash=02badd34...
info|2019-12-11 04:41:58.316261|[g:1][CONSENSUS][PBFT]checkTimeout Succ,view=6054,toView=6055,nodeIdx=0,changeCycle=0,myNode=3d2207af...,timecost=0.323
info|2019-12-11 04:41:58.318298|[g:1][CONSENSUS][PBFT]checkAndChangeView: Reach consensus,org_view=6054,org_changeCycle=0,cur_changeCycle=0,to_view=6055
info|2019-12-11 04:41:59.321758|[g:1][CONSENSUS]addRawPrepare,height=1,reqIdx=3,hash=231749f9...
info|2019-12-11 04:41:59.322417|[g:1][CONSENSUS][PBFT]checkTimeout Succ,view=6055,toView=6056,nodeIdx=0,changeCycle=0,myNode=3d2207af...,timecost=0.447
info|2019-12-11 04:41:59.324703|[g:1][CONSENSUS][PBFT]checkAndChangeView: Reach consensus,org_view=6055,org_changeCycle=0,cur_changeCycle=0,to_view=6056
info|2019-12-11 04:42:00.325601|[g:1][CONSENSUS][SEALER]++++++++++++++++ Generating seal on,blkNum=1,tx=0,nodeIdx=0,hash=6f042bee...
info|2019-12-11 04:42:00.329496|[g:1][CONSENSUS][PBFT]checkTimeout Succ,view=6056,toView=6057,nodeIdx=0,changeCycle=0,myNode=3d2207af...,timecost=0.632
info|2019-12-11 04:42:00.330249|[g:1][CONSENSUS][PBFT]checkAndChangeView: Reach consensus,org_view=6056,org_changeCycle=0,cur_changeCycle=0,to_view=6057
info|2019-12-11 04:42:01.331735|[g:1][CONSENSUS]addRawPrepare,height=1,reqIdx=1,hash=8446a63c...
info|2019-12-11 04:42:01.332770|[g:1][CONSENSUS][PBFT]checkTimeout Succ,view=6057,toView=6058,nodeIdx=0,changeCycle=0,myNode=3d2207af...,timecost=0.634
info|2019-12-11 04:42:01.335082|[g:1][CONSENSUS][PBFT]checkAndChangeView: Reach consensus,org_view=6057,org_changeCycle=0,cur_changeCycle=0,to_view=6058
info|2019-12-11 04:42:02.338324|[g:1][CONSENSUS]addRawPrepare,height=1,reqIdx=2,hash=0bc839b8...
info|2019-12-11 04:42:02.339263|[g:1][CONSENSUS][PBFT]checkTimeout Succ,view=6058,toView=6059,nodeIdx=0,changeCycle=0,myNode=3d2207af...,timecost=0.67
info|2019-12-11 04:42:02.341354|[g:1][CONSENSUS][PBFT]checkAndChangeView: Reach consensus,org_view=6058,org_changeCycle=0,cur_changeCycle=0,to_view=6059
info|2019-12-11 04:42:03.344241|[g:1][CONSENSUS]addRawPrepare,height=1,reqIdx=3,hash=d9f7e08e...
info|2019-12-11 04:42:03.345178|[g:1][CONSENSUS][PBFT]checkTimeout Succ,view=6059,toView=6060,nodeIdx=0,changeCycle=0,myNode=3d2207af...,timecost=0.73
info|2019-12-11 04:42:03.348206|[g:1][CONSENSUS][PBFT]checkAndChangeView: Reach consensus,org_view=6059,org_changeCycle=0,cur_changeCycle=0,to_view=6060
info|2019-12-11 04:42:04.025990|[P2P][Service] heartBeat,connected count=3
info|2019-12-11 04:42:04.348255|[g:1][CONSENSUS][SEALER]++++++++++++++++ Generating seal on,blkNum=1,tx=0,nodeIdx=0,hash=a51fb4b8...
info|2019-12-11 04:42:04.352264|[g:1][CONSENSUS][PBFT]checkTimeout Succ,view=6060,toView=6061,nodeIdx=0,changeCycle=0,myNode=3d2207af...,timecost=0.678
info|2019-12-11 04:42:04.352772|[g:1][CONSENSUS][PBFT]checkAndChangeView: Reach consensus,org_view=6060,org_changeCycle=0,cur_changeCycle=0,to_view=6061
info|2019-12-11 04:42:05.355025|[g:1][CONSENSUS]addRawPrepare,height=1,reqIdx=1,hash=5c4b82d4...
info|2019-12-11 04:42:05.355545|[g:1][CONSENSUS][PBFT]checkTimeout Succ,view=6061,toView=6062,nodeIdx=0,changeCycle=0,myNode=3d2207af...,timecost=0.376
info|2019-12-11 04:42:05.357381|[g:1][CONSENSUS][PBFT]checkAndChangeView: Reach consensus,org_view=6061,org_changeCycle=0,cur_changeCycle=0,to_view=6062
info|2019-12-11 04:42:06.359217|[g:1][CONSENSUS]addRawPrepare,height=1,reqIdx=2,hash=9cc7c1b5...
info|2019-12-11 04:42:06.360137|[g:1][CONSENSUS][PBFT]checkTimeout Succ,view=6062,toView=6063,nodeIdx=0,changeCycle=0,myNode=3d2207af...,timecost=0.706
info|2019-12-11 04:42:06.363167|[g:1][CONSENSUS][PBFT]checkAndChangeView: Reach consensus,org_view=6062,org_changeCycle=0,cur_changeCycle=0,to_view=6063
info|2019-12-11 04:42:07.366533|[g:1][CONSENSUS]addRawPrepare,height=1,reqIdx=3,hash=1b927c7d...
info|2019-12-11 04:42:07.367513|[g:1][CONSENSUS][PBFT]checkTimeout Succ,view=6063,toView=6064,nodeIdx=0,changeCycle=0,myNode=3d2207af...,timecost=0.781
info|2019-12-11 04:42:07.370618|[g:1][CONSENSUS][PBFT]checkAndChangeView: Reach consensus,org_view=6063,org_changeCycle=0,cur_changeCycle=0,to_view=6064
info|2019-12-11 04:42:08.370831|[g:1][CONSENSUS][SEALER]++++++++++++++++ Generating seal on,blkNum=1,tx=0,nodeIdx=0,hash=637300d3...
info|2019-12-11 04:42:08.372142|[g:1][CONSENSUS][PBFT]checkTimeout Succ,view=6064,toView=6065,nodeIdx=0,changeCycle=0,myNode=3d2207af...,timecost=0.708
info|2019-12-11 04:42:08.376281|[g:1][CONSENSUS][PBFT]checkAndChangeView: Reach consensus,org_view=6064,org_changeCycle=0,cur_changeCycle=0,to_view=6065
info|2019-12-11 04:42:09.378703|[g:1][CONSENSUS]addRawPrepare,height=1,reqIdx=1,hash=a5c78ce7...
info|2019-12-11 04:42:09.380435|[g:1][CONSENSUS][PBFT]checkTimeout Succ,view=6065,toView=6066,nodeIdx=0,changeCycle=0,myNode=3d2207af...,timecost=1.519
info|2019-12-11 04:42:09.383796|[g:1][CONSENSUS][PBFT]checkAndChangeView: Reach consensus,org_view=6065,org_changeCycle=0,cur_changeCycle=0,to_view=6066
info|2019-12-11 04:42:10.386809|[g:1][CONSENSUS]addRawPrepare,height=1,reqIdx=2,hash=49637bd9...
info|2019-12-11 04:42:10.387211|[g:1][CONSENSUS][PBFT]checkTimeout Succ,view=6066,toView=6067,nodeIdx=0,changeCycle=0,myNode=3d2207af...,timecost=0.241
info|2019-12-11 04:42:10.389785|[g:1][CONSENSUS][PBFT]checkAndChangeView: Reach consensus,org_view=6066,org_changeCycle=0,cur_changeCycle=0,to_view=6067
info|2019-12-11 04:57:06.011782|[P2P][Service] heartBeat,connected count=3
warning|2019-12-11 04:57:06.013287|[g:1][CONSENSUS][PBFT]ViewChangeWarning: not caused by omit empty block ,v=6067,toV=6068,curNum=0,hash=535430dd...,nodeIdx=0,myNode=3d2207af...
info|2019-12-11 04:57:06.013386|[g:1][CONSENSUS][PBFT]checkTimeout Succ,view=6067,toView=6068,nodeIdx=0,changeCycle=1,myNode=3d2207af...,timecost=0.439
info|2019-12-11 04:57:06.022081|[g:1][CONSENSUS][PBFT]checkAndChangeView: Reach consensus,org_view=6067,org_changeCycle=1,cur_changeCycle=1,to_view=6068
info|2019-12-11 04:57:07.023233|[g:1][CONSENSUS][SEALER]++++++++++++++++ Generating seal on,blkNum=1,tx=0,nodeIdx=0,hash=e0aa6496...
info|2019-12-11 04:57:07.023966|[g:1][CONSENSUS][PBFT]checkTimeout Succ,view=6068,toView=6069,nodeIdx=0,changeCycle=0,myNode=3d2207af...,timecost=0.354
info|2019-12-11 04:57:07.026345|[g:1][CONSENSUS][PBFT]checkAndChangeView: Reach consensus,org_view=6068,org_changeCycle=0,cur_changeCycle=0,to_view=6069
info|2019-12-11 04:57:08.028672|[g:1][CONSENSUS]addRawPrepare,height=1,reqIdx=1,hash=3ee0fd96...
info|2019-12-11 04:57:08.029044|[g:1][CONSENSUS][PBFT]checkTimeout Succ,view=6069,toView=6070,nodeIdx=0,changeCycle=0,myNode=3d2207af...,timecost=0.274
info|2019-12-11 04:57:08.030537|[g:1][CONSENSUS][PBFT]checkAndChangeView: Reach consensus,org_view=6069,org_changeCycle=0,cur_changeCycle=0,to_view=6070
info|2019-12-11 04:57:09.032534|[g:1][CONSENSUS]addRawPrepare,height=1,reqIdx=2,hash=f1fa26e5...
info|2019-12-11 04:57:09.033027|[g:1][CONSENSUS][PBFT]checkTimeout Succ,view=6070,toView=6071,nodeIdx=0,changeCycle=0,myNode=3d2207af...,timecost=0.303
info|2019-12-11 04:57:09.035179|[g:1][CONSENSUS][PBFT]checkAndChangeView: Reach consensus,org_view=6070,org_changeCycle=0,cur_changeCycle=0,to_view=6071
info|2019-12-11 04:57:10.036038|[g:1][CONSENSUS]addRawPrepare,height=1,reqIdx=3,hash=acbc9fcb...
info|2019-12-11 04:57:10.036606|[g:1][CONSENSUS][PBFT]checkTimeout Succ,view=6071,toView=6072,nodeIdx=0,changeCycle=0,myNode=3d2207af...,timecost=0.38
info|2019-12-11 04:57:10.038467|[g:1][CONSENSUS][PBFT]checkAndChangeView: Reach consensus,org_view=6071,org_changeCycle=0,cur_changeCycle=0,to_view=6072
info|2019-12-11 04:57:11.038282|[g:1][CONSENSUS][SEALER]++++++++++++++++ Generating seal on,blkNum=1,tx=0,nodeIdx=0,hash=e7b6439f...
info|2019-12-11 04:57:11.039379|[g:1][CONSENSUS][PBFT]checkTimeout Succ,view=6072,toView=6073,nodeIdx=0,changeCycle=0,myNode=3d2207af...,timecost=0.708
info|2019-12-11 04:57:11.042545|[g:1][CONSENSUS][PBFT]checkAndChangeView: Reach consensus,org_view=6072,org_changeCycle=0,cur_changeCycle=0,to_view=6073
info|2019-12-11 04:57:12.043964|[g:1][CONSENSUS]addRawPrepare,height=1,reqIdx=1,hash=18d9b41e...
info|2019-12-11 04:57:12.044866|[g:1][CONSENSUS][PBFT]checkTimeout Succ,view=6073,toView=6074,nodeIdx=0,changeCycle=0,myNode=3d2207af...,timecost=0.72
info|2019-12-11 04:57:12.048516|[g:1][CONSENSUS][PBFT]checkAndChangeView: Reach consensus,org_view=6073,org_changeCycle=0,cur_changeCycle=0,to_view=6074
info|2019-12-11 04:57:13.051092|[g:1][CONSENSUS]addRawPrepare,height=1,reqIdx=2,hash=a5f8d66a...
info|2019-12-11 04:57:13.052446|[g:1][CONSENSUS][PBFT]checkTimeout Succ,view=6074,toView=6075,nodeIdx=0,changeCycle=0,myNode=3d2207af...,timecost=0.886
info|2019-12-11 04:57:13.055333|[g:1][CONSENSUS][PBFT]checkAndChangeView: Reach consensus,org_view=6074,org_changeCycle=0,cur_changeCycle=0,to_view=6075
info|2019-12-11 04:57:14.057804|[g:1][CONSENSUS]addRawPrepare,height=1,reqIdx=3,hash=dd8cddc0...
info|2019-12-11 04:57:14.058754|[g:1][CONSENSUS][PBFT]checkTimeout Succ,view=6075,toView=6076,nodeIdx=0,changeCycle=0,myNode=3d2207af...,timecost=0.725
info|2019-12-11 04:57:14.061405|[g:1][CONSENSUS][PBFT]checkAndChangeView: Reach consensus,org_view=6075,org_changeCycle=0,cur_changeCycle=0,to_view=6076
info|2019-12-11 04:57:15.062811|[g:1][CONSENSUS][SEALER]++++++++++++++++ Generating seal on,blkNum=1,tx=0,nodeIdx=0,hash=27f367cc...
info|2019-12-11 04:57:15.064056|[g:1][CONSENSUS][PBFT]checkTimeout Succ,view=6076,toView=6077,nodeIdx=0,changeCycle=0,myNode=3d2207af...,timecost=0.752
info|2019-12-11 04:57:15.068310|[g:1][CONSENSUS][PBFT]checkAndChangeView: Reach consensus,org_view=6076,org_changeCycle=0,cur_changeCycle=0,to_view=6077
info|2019-12-11 04:57:16.012674|[P2P][Service] heartBeat,connected count=3
info|2019-12-11 04:57:16.073861|[g:1][CONSENSUS]addRawPrepare,height=1,reqIdx=1,hash=526f04dd...
info|2019-12-11 04:57:16.077458|[g:1][CONSENSUS][PBFT]checkTimeout Succ,view=6077,toView=6078,nodeIdx=0,changeCycle=0,myNode=3d2207af...,timecost=3.374
info|2019-12-11 04:57:16.078765|[g:1][CONSENSUS][PBFT]checkAndChangeView: Reach consensus,org_view=6077,org_changeCycle=0,cur_changeCycle=0,to_view=6078
info|2019-12-11 04:57:17.090003|[g:1][CONSENSUS]addRawPrepare,height=1,reqIdx=2,hash=28e20483...
info|2019-12-11 04:57:17.094725|[g:1][CONSENSUS][PBFT]checkTimeout Succ,view=6078,toView=6079,nodeIdx=0,changeCycle=0,myNode=3d2207af...,timecost=4.024
info|2019-12-11 04:57:17.104123|[g:1][CONSENSUS][PBFT]checkAndChangeView: Reach consensus,org_view=6078,org_changeCycle=0,cur_changeCycle=0,to_view=6079
info|2019-12-11 04:57:18.108338|[g:1][CONSENSUS]addRawPrepare,height=1,reqIdx=3,hash=cd86564e...
info|2019-12-11 04:57:18.111755|[g:1][CONSENSUS][PBFT]checkTimeout Succ,view=6079,toView=6080,nodeIdx=0,changeCycle=0,myNode=3d2207af...,timecost=2.715
info|2019-12-11 04:57:18.124996|[g:1][CONSENSUS][PBFT]checkAndChangeView: Reach consensus,org_view=6079,org_changeCycle=0,cur_changeCycle=0,to_view=6080
info|2019-12-11 04:57:19.125775|[g:1][CONSENSUS][SEALER]++++++++++++++++ Generating seal on,blkNum=1,tx=0,nodeIdx=0,hash=c613d009...
info|2019-12-11 04:57:19.129717|[g:1][CONSENSUS][PBFT]checkTimeout Succ,view=6080,toView=6081,nodeIdx=0,changeCycle=0,myNode=3d2207af...,timecost=2.325
info|2019-12-11 04:57:19.144804|[g:1][CONSENSUS][PBFT]checkAndChangeView: Reach consensus,org_view=6080,org_changeCycle=0,cur_changeCycle=0,to_view=6081
info|2019-12-11 04:57:20.152192|[g:1][CONSENSUS]addRawPrepare,height=1,reqIdx=1,hash=fd22651e...
info|2019-12-11 04:57:20.168725|[g:1][CONSENSUS][PBFT]checkTimeout Succ,view=6081,toView=6082,nodeIdx=0,changeCycle=0,myNode=3d2207af...,timecost=15.531
info|2019-12-11 04:57:20.176476|[g:1][CONSENSUS][PBFT]checkAndChangeView: Reach consensus,org_view=6081,org_changeCycle=0,cur_changeCycle=0,to_view=6082
info|2019-12-11 04:57:21.170861|[g:1][CONSENSUS]addRawPrepare,height=1,reqIdx=2,hash=ec396387...
info|2019-12-11 04:57:21.179359|[g:1][CONSENSUS][PBFT]checkTimeout Succ,view=6082,toView=6083,nodeIdx=0,changeCycle=0,myNode=3d2207af...,timecost=7.671
info|2019-12-11 04:57:21.191137|[g:1][CONSENSUS][PBFT]checkAndChangeView: Reach consensus,org_view=6082,org_changeCycle=0,cur_changeCycle=0,to_view=6083
info|2019-12-11 04:57:22.198847|[g:1][CONSENSUS]addRawPrepare,height=1,reqIdx=3,hash=e6d4be6f...
info|2019-12-11 04:57:22.203483|[g:1][CONSENSUS][PBFT]checkTimeout Succ,view=6083,toView=6084,nodeIdx=0,changeCycle=0,myNode=3d2207af...,timecost=4.085
info|2019-12-11 04:57:22.212186|[g:1][CONSENSUS][PBFT]checkAndChangeView: Reach consensus,org_view=6083,org_changeCycle=0,cur_changeCycle=0,to_view=6084
info|2019-12-11 04:57:23.212720|[g:1][CONSENSUS][SEALER]++++++++++++++++ Generating seal on,blkNum=1,tx=0,nodeIdx=0,hash=18b278dd...
info|2019-12-11 04:57:23.226847|[g:1][CONSENSUS][PBFT]checkTimeout Succ,view=6084,toView=6085,nodeIdx=0,changeCycle=0,myNode=3d2207af...,timecost=3.901
info|2019-12-11 04:57:23.234945|[g:1][CONSENSUS][PBFT]checkAndChangeView: Reach consensus,org_view=6084,org_changeCycle=0,cur_changeCycle=0,to_view=6085
info|2019-12-11 04:57:24.240347|[g:1][CONSENSUS]addRawPrepare,height=1,reqIdx=1,hash=cb19440f...
info|2019-12-11 04:57:24.249841|[g:1][CONSENSUS][PBFT]checkTimeout Succ,view=6085,toView=6086,nodeIdx=0,changeCycle=0,myNode=3d2207af...,timecost=8.751
info|2019-12-11 04:57:24.257404|[g:1][CONSENSUS][PBFT]checkAndChangeView: Reach consensus,org_view=6085,org_changeCycle=0,cur_changeCycle=0,to_view=6086
info|2019-12-11 04:57:25.259970|[g:1][CONSENSUS]addRawPrepare,height=1,reqIdx=2,hash=9361d48e...
info|2019-12-11 04:57:25.265606|[g:1][CONSENSUS][PBFT]checkTimeout Succ,view=6086,toView=6087,nodeIdx=0,changeCycle=0,myNode=3d2207af...,timecost=2.42
info|2019-12-11 04:57:25.274678|[g:1][CONSENSUS][PBFT]checkAndChangeView: Reach consensus,org_view=6086,org_changeCycle=0,cur_changeCycle=0,to_view=6087
info|2019-12-11 04:57:26.017911|[P2P][Service] heartBeat,connected count=3
info|2019-12-11 04:57:26.282880|[g:1][CONSENSUS]addRawPrepare,height=1,reqIdx=3,hash=a3afee7d...
info|2019-12-11 04:57:26.294448|[g:1][CONSENSUS][PBFT]checkTimeout Succ,view=6087,toView=6088,nodeIdx=0,changeCycle=0,myNode=3d2207af...,timecost=11.049
info|2019-12-11 04:57:26.310773|[g:1][CONSENSUS][PBFT]checkAndChangeView: Reach consensus,org_view=6087,org_changeCycle=0,cur_changeCycle=0,to_view=6088
info|2019-12-11 04:57:27.311742|[g:1][CONSENSUS][SEALER]++++++++++++++++ Generating seal on,blkNum=1,tx=0,nodeIdx=0,hash=10b90859...
info|2019-12-11 04:57:27.316330|[g:1][CONSENSUS][PBFT]checkTimeout Succ,view=6088,toView=6089,nodeIdx=0,changeCycle=0,myNode=3d2207af...,timecost=1.215
info|2019-12-11 04:57:27.317165|[g:1][CONSENSUS][PBFT]checkAndChangeView: Reach consensus,org_view=6088,org_changeCycle=0,cur_changeCycle=0,to_view=6089
info|2019-12-11 04:57:28.316195|[g:1][CONSENSUS]addRawPrepare,height=1,reqIdx=1,hash=d143cfd7...
info|2019-12-11 04:57:28.316730|[g:1][CONSENSUS][PBFT]checkTimeout Succ,view=6089,toView=6090,nodeIdx=0,changeCycle=0,myNode=3d2207af...,timecost=0.428
info|2019-12-11 04:57:28.318810|[g:1][CONSENSUS][PBFT]checkAndChangeView: Reach consensus,org_view=6089,org_changeCycle=0,cur_changeCycle=0,to_view=6090
info|2019-12-11 04:57:29.320218|[g:1][CONSENSUS]addRawPrepare,height=1,reqIdx=2,hash=1efc5256...
info|2019-12-11 04:57:29.320842|[g:1][CONSENSUS][PBFT]checkTimeout Succ,view=6090,toView=6091,nodeIdx=0,changeCycle=0,myNode=3d2207af...,timecost=0.473
info|2019-12-11 04:57:29.322547|[g:1][CONSENSUS][PBFT]checkAndChangeView: Reach consensus,org_view=6090,org_changeCycle=0,cur_changeCycle=0,to_view=6091
info|2019-12-11 04:57:30.323777|[g:1][CONSENSUS]addRawPrepare,height=1,reqIdx=3,hash=22f8bd85...
info|2019-12-11 04:57:30.325101|[g:1][CONSENSUS][PBFT]checkTimeout Succ,view=6091,toView=6092,nodeIdx=0,changeCycle=0,myNode=3d2207af...,timecost=0.394
info|2019-12-11 04:57:30.327116|[g:1][CONSENSUS][PBFT]checkAndChangeView: Reach consensus,org_view=6091,org_changeCycle=0,cur_changeCycle=0,to_view=6092
info|2019-12-11 04:57:31.327459|[g:1][CONSENSUS][SEALER]++++++++++++++++ Generating seal on,blkNum=1,tx=0,nodeIdx=0,hash=9361388b...
info|2019-12-11 04:57:31.328883|[g:1][CONSENSUS][PBFT]checkTimeout Succ,view=6092,toView=6093,nodeIdx=0,changeCycle=0,myNode=3d2207af...,timecost=0.868
info|2019-12-11 04:57:31.333586|[g:1][CONSENSUS][PBFT]checkAndChangeView: Reach consensus,org_view=6092,org_changeCycle=0,cur_changeCycle=0,to_view=6093
info|2019-12-11 04:57:32.334771|[g:1][CONSENSUS]addRawPrepare,height=1,reqIdx=1,hash=77ba286c...
info|2019-12-11 04:57:32.335539|[g:1][CONSENSUS][PBFT]checkTimeout Succ,view=6093,toView=6094,nodeIdx=0,changeCycle=0,myNode=3d2207af...,timecost=0.672
info|2019-12-11 04:57:32.337266|[g:1][CONSENSUS][PBFT]checkAndChangeView: Reach consensus,org_view=6093,org_changeCycle=0,cur_changeCycle=0,to_view=6094
info|2019-12-11 04:57:33.338400|[g:1][CONSENSUS]addRawPrepare,height=1,reqIdx=2,hash=b239f364...
info|2019-12-11 04:57:33.340500|[g:1][CONSENSUS][PBFT]checkTimeout Succ,view=6094,toView=6095,nodeIdx=0,changeCycle=0,myNode=3d2207af...,timecost=1.833
info|2019-12-11 04:57:33.342097|[g:1][CONSENSUS][PBFT]checkAndChangeView: Reach consensus,org_view=6094,org_changeCycle=0,cur_changeCycle=0,to_view=6095
info|2019-12-11 04:57:34.344546|[g:1][CONSENSUS]addRawPrepare,height=1,reqIdx=3,hash=0e202607...
info|2019-12-11 04:57:34.345475|[g:1][CONSENSUS][PBFT]checkTimeout Succ,view=6095,toView=6096,nodeIdx=0,changeCycle=0,myNode=3d2207af...,timecost=0.705
info|2019-12-11 04:57:34.348441|[g:1][CONSENSUS][PBFT]checkAndChangeView: Reach consensus,org_view=6095,org_changeCycle=0,cur_changeCycle=0,to_view=6096
info|2019-12-11 04:57:35.348531|[g:1][CONSENSUS][SEALER]++++++++++++++++ Generating seal on,blkNum=1,tx=0,nodeIdx=0,hash=ad6335f1...
info|2019-12-11 04:57:35.353730|[g:1][CONSENSUS][PBFT]checkTimeout Succ,view=6096,toView=6097,nodeIdx=0,changeCycle=0,myNode=3d2207af...,timecost=0.611
info|2019-12-11 04:57:35.354486|[g:1][CONSENSUS][PBFT]checkAndChangeView: Reach consensus,org_view=6096,org_changeCycle=0,cur_changeCycle=0,to_view=6097
info|2019-12-11 04:57:36.023108|[P2P][Service] heartBeat,connected count=3
info|2019-12-11 04:57:36.358704|[g:1][CONSENSUS]addRawPrepare,height=1,reqIdx=1,hash=82ec2513...
info|2019-12-11 04:57:36.360213|[g:1][CONSENSUS][PBFT]checkTimeout Succ,view=6097,toView=6098,nodeIdx=0,changeCycle=0,myNode=3d2207af...,timecost=1.301
info|2019-12-11 04:57:36.363342|[g:1][CONSENSUS][PBFT]checkAndChangeView: Reach consensus,org_view=6097,org_changeCycle=0,cur_changeCycle=0,to_view=6098
info|2019-12-11 04:57:37.364474|[g:1][CONSENSUS]addRawPrepare,height=1,reqIdx=2,hash=8220d9b6...
info|2019-12-11 04:57:37.364845|[g:1][CONSENSUS][PBFT]checkTimeout Succ,view=6098,toView=6099,nodeIdx=0,changeCycle=0,myNode=3d2207af...,timecost=0.273
info|2019-12-11 04:57:37.367772|[g:1][CONSENSUS][PBFT]checkAndChangeView: Reach consensus,org_view=6098,org_changeCycle=0,cur_changeCycle=0,to_view=6099
info|2019-12-11 04:57:38.368818|[g:1][CONSENSUS]addRawPrepare,height=1,reqIdx=3,hash=07140b5f...
info|2019-12-11 04:57:38.372447|[g:1][CONSENSUS][PBFT]checkTimeout Succ,view=6099,toView=6100,nodeIdx=0,changeCycle=0,myNode=3d2207af...,timecost=3.403
info|2019-12-11 04:57:38.373689|[g:1][CONSENSUS][PBFT]checkAndChangeView: Reach consensus,org_view=6099,org_changeCycle=0,cur_changeCycle=0,to_view=6100
info|2019-12-11 04:57:39.374546|[g:1][CONSENSUS][SEALER]++++++++++++++++ Generating seal on,blkNum=1,tx=0,nodeIdx=0,hash=03604c1b...
info|2019-12-11 04:57:39.375947|[g:1][CONSENSUS][PBFT]checkTimeout Succ,view=6100,toView=6101,nodeIdx=0,changeCycle=0,myNode=3d2207af...,timecost=0.868
info|2019-12-11 04:57:39.379993|[g:1][CONSENSUS][PBFT]checkAndChangeView: Reach consensus,org_view=6100,org_changeCycle=0,cur_changeCycle=0,to_view=6101
info|2019-12-11 04:57:40.382944|[g:1][CONSENSUS]addRawPrepare,height=1,reqIdx=1,hash=0102c727...
info|2019-12-11 04:57:40.386254|[g:1][CONSENSUS][PBFT]checkTimeout Succ,view=6101,toView=6102,nodeIdx=0,changeCycle=0,myNode=3d2207af...,timecost=3.09
info|2019-12-11 04:57:40.387465|[g:1][CONSENSUS][PBFT]checkAndChangeView: Reach consensus,org_view=6101,org_changeCycle=0,cur_changeCycle=0,to_view=6102
info|2019-12-11 04:57:41.387646|[g:1][CONSENSUS]addRawPrepare,height=1,reqIdx=2,hash=0306898a...
info|2019-12-11 04:57:41.389275|[g:1][CONSENSUS][PBFT]checkTimeout Succ,view=6102,toView=6103,nodeIdx=0,changeCycle=0,myNode=3d2207af...,timecost=1.42
info|2019-12-11 04:57:41.391215|[g:1][CONSENSUS][PBFT]checkAndChangeView: Reach consensus,org_view=6102,org_changeCycle=0,cur_changeCycle=0,to_view=6103
info|2019-12-11 04:57:42.394573|[g:1][CONSENSUS]addRawPrepare,height=1,reqIdx=3,hash=0951aefd...
info|2019-12-11 04:57:42.395169|[g:1][CONSENSUS][PBFT]checkTimeout Succ,view=6103,toView=6104,nodeIdx=0,changeCycle=0,myNode=3d2207af...,timecost=0.324
info|2019-12-11 04:57:42.396840|[g:1][CONSENSUS][PBFT]checkAndChangeView: Reach consensus,org_view=6103,org_changeCycle=0,cur_changeCycle=0,to_view=6104
