warning|2019-12-11 12:18:39.004655|[g:1][CONSENSUS][PBFT]ViewChangeWarning: not caused by omit empty block ,v=6164,toV=6165,curNum=0,hash=535430dd...,nodeIdx=0,myNode=3d2207af...
info|2019-12-11 12:18:39.004737|[g:1][CONSENSUS][PBFT]checkTimeout Succ,view=6164,toView=6165,nodeIdx=0,changeCycle=1,myNode=3d2207af...,timecost=0.437
info|2019-12-11 12:18:39.008629|[P2P][Service] heartBeat,connected count=3
info|2019-12-11 12:18:39.018434|[g:1][CONSENSUS][PBFT]checkAndChangeView: Reach consensus,org_view=6164,org_changeCycle=1,cur_changeCycle=1,to_view=6165
info|2019-12-11 12:18:40.023833|[g:1][CONSENSUS]addRawPrepare,height=1,reqIdx=1,hash=6e1545d4...
info|2019-12-11 12:18:40.024489|[g:1][CONSENSUS][PBFT]checkTimeout Succ,view=6165,toView=6166,nodeIdx=0,changeCycle=0,myNode=3d2207af...,timecost=0.506
info|2019-12-11 12:18:40.028605|[g:1][CONSENSUS][PBFT]checkAndChangeView: Reach consensus,org_view=6165,org_changeCycle=0,cur_changeCycle=0,to_view=6166
info|2019-12-11 12:18:41.030889|[g:1][CONSENSUS]addRawPrepare,height=1,reqIdx=2,hash=c84c5d51...
info|2019-12-11 12:18:41.031297|[g:1][CONSENSUS][PBFT]checkTimeout Succ,view=6166,toView=6167,nodeIdx=0,changeCycle=0,myNode=3d2207af...,timecost=0.308
info|2019-12-11 12:18:41.032747|[g:1][CONSENSUS][PBFT]checkAndChangeView: Reach consensus,org_view=6166,org_changeCycle=0,cur_changeCycle=0,to_view=6167
info|2019-12-11 12:18:42.035674|[g:1][CONSENSUS]addRawPrepare,height=1,reqIdx=3,hash=cd75685e...
info|2019-12-11 12:18:42.036212|[g:1][CONSENSUS][PBFT]checkTimeout Succ,view=6167,toView=6168,nodeIdx=0,changeCycle=0,myNode=3d2207af...,timecost=0.395
info|2019-12-11 12:18:42.038040|[g:1][CONSENSUS][PBFT]checkAndChangeView: Reach consensus,org_view=6167,org_changeCycle=0,cur_changeCycle=0,to_view=6168
info|2019-12-11 12:18:43.039068|[g:1][CONSENSUS][SEALER]++++++++++++++++ Generating seal on,blkNum=1,tx=0,nodeIdx=0,hash=3f44845f...
info|2019-12-11 12:18:43.045427|[g:1][CONSENSUS][PBFT]checkTimeout Succ,view=6168,toView=6169,nodeIdx=0,changeCycle=0,myNode=3d2207af...,timecost=0.285
info|2019-12-11 12:18:43.046796|[g:1][CONSENSUS][PBFT]checkAndChangeView: Reach consensus,org_view=6168,org_changeCycle=0,cur_changeCycle=0,to_view=6169
info|2019-12-11 12:18:44.048845|[g:1][CONSENSUS]addRawPrepare,height=1,reqIdx=1,hash=e2cdd743...
info|2019-12-11 12:18:44.049353|[g:1][CONSENSUS][PBFT]checkTimeout Succ,view=6169,toView=6170,nodeIdx=0,changeCycle=0,myNode=3d2207af...,timecost=0.396
info|2019-12-11 12:18:44.050581|[g:1][CONSENSUS][PBFT]checkAndChangeView: Reach consensus,org_view=6169,org_changeCycle=0,cur_changeCycle=0,to_view=6170
info|2019-12-11 12:18:45.055507|[g:1][CONSENSUS]addRawPrepare,height=1,reqIdx=2,hash=73d15fc4...
info|2019-12-11 12:18:45.056025|[g:1][CONSENSUS][PBFT]checkTimeout Succ,view=6170,toView=6171,nodeIdx=0,changeCycle=0,myNode=3d2207af...,timecost=0.385
info|2019-12-11 12:18:45.058594|[g:1][CONSENSUS][PBFT]checkAndChangeView: Reach consensus,org_view=6170,org_changeCycle=0,cur_changeCycle=0,to_view=6171
info|2019-12-11 12:18:46.059512|[g:1][CONSENSUS]addRawPrepare,height=1,reqIdx=3,hash=52a7132f...
info|2019-12-11 12:18:46.059900|[g:1][CONSENSUS][PBFT]checkTimeout Succ,view=6171,toView=6172,nodeIdx=0,changeCycle=0,myNode=3d2207af...,timecost=0.306
info|2019-12-11 12:18:46.061088|[g:1][CONSENSUS][PBFT]checkAndChangeView: Reach consensus,org_view=6171,org_changeCycle=0,cur_changeCycle=0,to_view=6172
info|2019-12-11 12:18:47.061999|[g:1][CONSENSUS][SEALER]++++++++++++++++ Generating seal on,blkNum=1,tx=0,nodeIdx=0,hash=4094f121...
info|2019-12-11 12:18:47.062696|[g:1][CONSENSUS][PBFT]checkTimeout Succ,view=6172,toView=6173,nodeIdx=0,changeCycle=0,myNode=3d2207af...,timecost=0.442
info|2019-12-11 12:18:47.064762|[g:1][CONSENSUS][PBFT]checkAndChangeView: Reach consensus,org_view=6172,org_changeCycle=0,cur_changeCycle=0,to_view=6173
info|2019-12-11 12:18:48.068487|[g:1][CONSENSUS]addRawPrepare,height=1,reqIdx=1,hash=02c1150e...
info|2019-12-11 12:18:48.069001|[g:1][CONSENSUS][PBFT]checkTimeout Succ,view=6173,toView=6174,nodeIdx=0,changeCycle=0,myNode=3d2207af...,timecost=0.422
info|2019-12-11 12:18:48.072405|[g:1][CONSENSUS][PBFT]checkAndChangeView: Reach consensus,org_view=6173,org_changeCycle=0,cur_changeCycle=0,to_view=6174
info|2019-12-11 12:18:49.015769|[P2P][Service] heartBeat,connected count=3
info|2019-12-11 12:18:49.072686|[g:1][CONSENSUS]addRawPrepare,height=1,reqIdx=2,hash=4d324878...
info|2019-12-11 12:18:49.073357|[g:1][CONSENSUS][PBFT]checkTimeout Succ,view=6174,toView=6175,nodeIdx=0,changeCycle=0,myNode=3d2207af...,timecost=0.464
info|2019-12-11 12:18:49.076057|[g:1][CONSENSUS][PBFT]checkAndChangeView: Reach consensus,org_view=6174,org_changeCycle=0,cur_changeCycle=0,to_view=6175
info|2019-12-11 12:18:50.084492|[g:1][CONSENSUS]addRawPrepare,height=1,reqIdx=3,hash=c423dd02...
info|2019-12-11 12:18:50.093470|[g:1][CONSENSUS][PBFT]checkTimeout Succ,view=6175,toView=6176,nodeIdx=0,changeCycle=0,myNode=3d2207af...,timecost=8.109
info|2019-12-11 12:18:50.100596|[g:1][CONSENSUS][PBFT]checkAndChangeView: Reach consensus,org_view=6175,org_changeCycle=0,cur_changeCycle=0,to_view=6176
info|2019-12-11 12:18:51.101018|[g:1][CONSENSUS][SEALER]++++++++++++++++ Generating seal on,blkNum=1,tx=0,nodeIdx=0,hash=2086e2c9...
info|2019-12-11 12:18:51.104963|[g:1][CONSENSUS][PBFT]checkTimeout Succ,view=6176,toView=6177,nodeIdx=0,changeCycle=0,myNode=3d2207af...,timecost=2.262
info|2019-12-11 12:18:51.124396|[g:1][CONSENSUS][PBFT]checkAndChangeView: Reach consensus,org_view=6176,org_changeCycle=0,cur_changeCycle=0,to_view=6177
info|2019-12-11 12:18:52.130050|[g:1][CONSENSUS]addRawPrepare,height=1,reqIdx=1,hash=9ba1deda...
info|2019-12-11 12:18:52.138443|[g:1][CONSENSUS][PBFT]checkTimeout Succ,view=6177,toView=6178,nodeIdx=0,changeCycle=0,myNode=3d2207af...,timecost=7.705
info|2019-12-11 12:18:52.147683|[g:1][CONSENSUS][PBFT]checkAndChangeView: Reach consensus,org_view=6177,org_changeCycle=0,cur_changeCycle=0,to_view=6178
info|2019-12-11 12:18:53.154060|[g:1][CONSENSUS]addRawPrepare,height=1,reqIdx=2,hash=69d4b5d9...
info|2019-12-11 12:18:53.158450|[g:1][CONSENSUS][PBFT]checkTimeout Succ,view=6178,toView=6179,nodeIdx=0,changeCycle=0,myNode=3d2207af...,timecost=3.61
info|2019-12-11 12:18:53.167266|[g:1][CONSENSUS][PBFT]checkAndChangeView: Reach consensus,org_view=6178,org_changeCycle=0,cur_changeCycle=0,to_view=6179
info|2019-12-11 12:18:54.172547|[g:1][CONSENSUS]addRawPrepare,height=1,reqIdx=3,hash=e1f761af...
info|2019-12-11 12:18:54.176642|[g:1][CONSENSUS][PBFT]checkTimeout Succ,view=6179,toView=6180,nodeIdx=0,changeCycle=0,myNode=3d2207af...,timecost=3.204
info|2019-12-11 12:18:54.189179|[g:1][CONSENSUS][PBFT]checkAndChangeView: Reach consensus,org_view=6179,org_changeCycle=0,cur_changeCycle=0,to_view=6180
info|2019-12-11 12:18:55.190082|[g:1][CONSENSUS][SEALER]++++++++++++++++ Generating seal on,blkNum=1,tx=0,nodeIdx=0,hash=36e4da86...
info|2019-12-11 12:18:55.201911|[g:1][CONSENSUS][PBFT]checkTimeout Succ,view=6180,toView=6181,nodeIdx=0,changeCycle=0,myNode=3d2207af...,timecost=2.283
info|2019-12-11 12:18:55.209116|[g:1][CONSENSUS][PBFT]checkAndChangeView: Reach consensus,org_view=6180,org_changeCycle=0,cur_changeCycle=0,to_view=6181
info|2019-12-11 12:18:56.219590|[g:1][CONSENSUS]addRawPrepare,height=1,reqIdx=1,hash=4c7505d5...
info|2019-12-11 12:18:56.222783|[g:1][CONSENSUS][PBFT]checkTimeout Succ,view=6181,toView=6182,nodeIdx=0,changeCycle=0,myNode=3d2207af...,timecost=2.314
info|2019-12-11 12:18:56.238857|[g:1][CONSENSUS][PBFT]checkAndChangeView: Reach consensus,org_view=6181,org_changeCycle=0,cur_changeCycle=0,to_view=6182
info|2019-12-11 12:18:57.244982|[g:1][CONSENSUS]addRawPrepare,height=1,reqIdx=2,hash=b475fdd3...
info|2019-12-11 12:18:57.248752|[g:1][CONSENSUS][PBFT]checkTimeout Succ,view=6182,toView=6183,nodeIdx=0,changeCycle=0,myNode=3d2207af...,timecost=3.093
info|2019-12-11 12:18:57.256361|[g:1][CONSENSUS][PBFT]checkAndChangeView: Reach consensus,org_view=6182,org_changeCycle=0,cur_changeCycle=0,to_view=6183
info|2019-12-11 12:18:58.272485|[g:1][CONSENSUS]addRawPrepare,height=1,reqIdx=3,hash=561f166c...
info|2019-12-11 12:18:58.275843|[g:1][CONSENSUS][PBFT]checkTimeout Succ,view=6183,toView=6184,nodeIdx=0,changeCycle=0,myNode=3d2207af...,timecost=2.446
info|2019-12-11 12:18:58.287050|[g:1][CONSENSUS][PBFT]checkAndChangeView: Reach consensus,org_view=6183,org_changeCycle=0,cur_changeCycle=0,to_view=6184
info|2019-12-11 12:18:59.018589|[P2P][Service] heartBeat,connected count=3
info|2019-12-11 12:18:59.287910|[g:1][CONSENSUS][SEALER]++++++++++++++++ Generating seal on,blkNum=1,tx=0,nodeIdx=0,hash=2523b5f8...
info|2019-12-11 12:18:59.318574|[g:1][CONSENSUS][PBFT]checkTimeout Succ,view=6184,toView=6185,nodeIdx=0,changeCycle=0,myNode=3d2207af...,timecost=3.272
info|2019-12-11 12:18:59.325661|[g:1][CONSENSUS][PBFT]checkAndChangeView: Reach consensus,org_view=6184,org_changeCycle=0,cur_changeCycle=0,to_view=6185
info|2019-12-11 12:19:00.315445|[g:1][CONSENSUS]addRawPrepare,height=1,reqIdx=1,hash=62713971...
info|2019-12-11 12:19:00.316461|[g:1][CONSENSUS][PBFT]checkTimeout Succ,view=6185,toView=6186,nodeIdx=0,changeCycle=0,myNode=3d2207af...,timecost=0.798
info|2019-12-11 12:19:00.319108|[g:1][CONSENSUS][PBFT]checkAndChangeView: Reach consensus,org_view=6185,org_changeCycle=0,cur_changeCycle=0,to_view=6186
info|2019-12-11 12:19:01.319774|[g:1][CONSENSUS]addRawPrepare,height=1,reqIdx=2,hash=d2b6e5a6...
info|2019-12-11 12:19:01.321426|[g:1][CONSENSUS][PBFT]checkTimeout Succ,view=6186,toView=6187,nodeIdx=0,changeCycle=0,myNode=3d2207af...,timecost=0.951
info|2019-12-11 12:19:01.323284|[g:1][CONSENSUS][PBFT]checkAndChangeView: Reach consensus,org_view=6186,org_changeCycle=0,cur_changeCycle=0,to_view=6187
info|2019-12-11 12:19:02.325986|[g:1][CONSENSUS]addRawPrepare,height=1,reqIdx=3,hash=5bad77ba...
info|2019-12-11 12:19:02.326372|[g:1][CONSENSUS][PBFT]checkTimeout Succ,view=6187,toView=6188,nodeIdx=0,changeCycle=0,myNode=3d2207af...,timecost=0.285
info|2019-12-11 12:19:02.330555|[g:1][CONSENSUS][PBFT]checkAndChangeView: Reach consensus,org_view=6187,org_changeCycle=0,cur_changeCycle=0,to_view=6188
info|2019-12-11 12:19:03.331565|[g:1][CONSENSUS][SEALER]++++++++++++++++ Generating seal on,blkNum=1,tx=0,nodeIdx=0,hash=f0a24e49...
info|2019-12-11 12:19:03.332899|[g:1][CONSENSUS][PBFT]checkTimeout Succ,view=6188,toView=6189,nodeIdx=0,changeCycle=0,myNode=3d2207af...,timecost=0.805
info|2019-12-11 12:19:03.337626|[g:1][CONSENSUS][PBFT]checkAndChangeView: Reach consensus,org_view=6188,org_changeCycle=0,cur_changeCycle=0,to_view=6189
info|2019-12-11 12:19:04.340968|[g:1][CONSENSUS]addRawPrepare,height=1,reqIdx=1,hash=10eedffb...
info|2019-12-11 12:19:04.344065|[g:1][CONSENSUS][PBFT]checkTimeout Succ,view=6189,toView=6190,nodeIdx=0,changeCycle=0,myNode=3d2207af...,timecost=2.874
info|2019-12-11 12:19:04.345718|[g:1][CONSENSUS][PBFT]checkAndChangeView: Reach consensus,org_view=6189,org_changeCycle=0,cur_changeCycle=0,to_view=6190
info|2019-12-11 12:19:05.348479|[g:1][CONSENSUS]addRawPrepare,height=1,reqIdx=2,hash=956b2391...
info|2019-12-11 12:19:05.349432|[g:1][CONSENSUS][PBFT]checkTimeout Succ,view=6190,toView=6191,nodeIdx=0,changeCycle=0,myNode=3d2207af...,timecost=0.762
info|2019-12-11 12:19:05.352780|[g:1][CONSENSUS][PBFT]checkAndChangeView: Reach consensus,org_view=6190,org_changeCycle=0,cur_changeCycle=0,to_view=6191
info|2019-12-11 12:19:06.354304|[g:1][CONSENSUS]addRawPrepare,height=1,reqIdx=3,hash=e1887b78...
info|2019-12-11 12:19:06.356481|[g:1][CONSENSUS][PBFT]checkTimeout Succ,view=6191,toView=6192,nodeIdx=0,changeCycle=0,myNode=3d2207af...,timecost=1.508
info|2019-12-11 12:19:06.358626|[g:1][CONSENSUS][PBFT]checkAndChangeView: Reach consensus,org_view=6191,org_changeCycle=0,cur_changeCycle=0,to_view=6192
info|2019-12-11 12:19:07.359494|[g:1][CONSENSUS][SEALER]++++++++++++++++ Generating seal on,blkNum=1,tx=0,nodeIdx=0,hash=9800efaf...
info|2019-12-11 12:19:07.364114|[g:1][CONSENSUS][PBFT]checkTimeout Succ,view=6192,toView=6193,nodeIdx=0,changeCycle=0,myNode=3d2207af...,timecost=1.462
info|2019-12-11 12:19:07.365136|[g:1][CONSENSUS][PBFT]checkAndChangeView: Reach consensus,org_view=6192,org_changeCycle=0,cur_changeCycle=0,to_view=6193
info|2019-12-11 12:19:08.368040|[g:1][CONSENSUS]addRawPrepare,height=1,reqIdx=1,hash=90d0e23e...
info|2019-12-11 12:19:08.368960|[g:1][CONSENSUS][PBFT]checkTimeout Succ,view=6193,toView=6194,nodeIdx=0,changeCycle=0,myNode=3d2207af...,timecost=0.709
info|2019-12-11 12:19:08.371265|[g:1][CONSENSUS][PBFT]checkAndChangeView: Reach consensus,org_view=6193,org_changeCycle=0,cur_changeCycle=0,to_view=6194
info|2019-12-11 12:19:09.028556|[P2P][Service] heartBeat,connected count=3
info|2019-12-11 12:19:09.374091|[g:1][CONSENSUS]addRawPrepare,height=1,reqIdx=2,hash=1cbd07d2...
info|2019-12-11 12:19:09.375228|[g:1][CONSENSUS][PBFT]checkTimeout Succ,view=6194,toView=6195,nodeIdx=0,changeCycle=0,myNode=3d2207af...,timecost=0.95
info|2019-12-11 12:19:09.378555|[g:1][CONSENSUS][PBFT]checkAndChangeView: Reach consensus,org_view=6194,org_changeCycle=0,cur_changeCycle=0,to_view=6195
info|2019-12-11 12:19:10.380458|[g:1][CONSENSUS]addRawPrepare,height=1,reqIdx=3,hash=60b10e2d...
info|2019-12-11 12:19:10.381630|[g:1][CONSENSUS][PBFT]checkTimeout Succ,view=6195,toView=6196,nodeIdx=0,changeCycle=0,myNode=3d2207af...,timecost=0.661
info|2019-12-11 12:19:10.384283|[g:1][CONSENSUS][PBFT]checkAndChangeView: Reach consensus,org_view=6195,org_changeCycle=0,cur_changeCycle=0,to_view=6196
info|2019-12-11 12:19:11.384328|[g:1][CONSENSUS][SEALER]++++++++++++++++ Generating seal on,blkNum=1,tx=0,nodeIdx=0,hash=b23fed04...
info|2019-12-11 12:19:11.387824|[g:1][CONSENSUS][PBFT]checkTimeout Succ,view=6196,toView=6197,nodeIdx=0,changeCycle=0,myNode=3d2207af...,timecost=0.372
info|2019-12-11 12:19:11.388563|[g:1][CONSENSUS][PBFT]checkAndChangeView: Reach consensus,org_view=6196,org_changeCycle=0,cur_changeCycle=0,to_view=6197
info|2019-12-11 12:19:12.389644|[g:1][CONSENSUS]addRawPrepare,height=1,reqIdx=1,hash=2dcb321a...
info|2019-12-11 12:19:12.390420|[g:1][CONSENSUS][PBFT]checkTimeout Succ,view=6197,toView=6198,nodeIdx=0,changeCycle=0,myNode=3d2207af...,timecost=0.643
info|2019-12-11 12:19:12.392501|[g:1][CONSENSUS][PBFT]checkAndChangeView: Reach consensus,org_view=6197,org_changeCycle=0,cur_changeCycle=0,to_view=6198
info|2019-12-11 12:19:13.396159|[g:1][CONSENSUS]addRawPrepare,height=1,reqIdx=2,hash=452d1993...
info|2019-12-11 12:19:13.397296|[g:1][CONSENSUS][PBFT]checkTimeout Succ,view=6198,toView=6199,nodeIdx=0,changeCycle=0,myNode=3d2207af...,timecost=0.89
info|2019-12-11 12:19:13.398928|[g:1][CONSENSUS][PBFT]checkAndChangeView: Reach consensus,org_view=6198,org_changeCycle=0,cur_changeCycle=0,to_view=6199
info|2019-12-11 12:19:14.400892|[g:1][CONSENSUS]addRawPrepare,height=1,reqIdx=3,hash=e78a2a8a...
info|2019-12-11 12:19:14.401343|[g:1][CONSENSUS][PBFT]checkTimeout Succ,view=6199,toView=6200,nodeIdx=0,changeCycle=0,myNode=3d2207af...,timecost=0.308
info|2019-12-11 12:19:14.405389|[g:1][CONSENSUS][PBFT]checkAndChangeView: Reach consensus,org_view=6199,org_changeCycle=0,cur_changeCycle=0,to_view=6200
info|2019-12-11 12:19:15.405153|[g:1][CONSENSUS][SEALER]++++++++++++++++ Generating seal on,blkNum=1,tx=0,nodeIdx=0,hash=950e76a6...
info|2019-12-11 12:19:15.405859|[g:1][CONSENSUS][PBFT]checkTimeout Succ,view=6200,toView=6201,nodeIdx=0,changeCycle=0,myNode=3d2207af...,timecost=0.408
info|2019-12-11 12:19:15.408683|[g:1][CONSENSUS][PBFT]checkAndChangeView: Reach consensus,org_view=6200,org_changeCycle=0,cur_changeCycle=0,to_view=6201
info|2019-12-11 12:19:16.411487|[g:1][CONSENSUS]addRawPrepare,height=1,reqIdx=1,hash=f13a23bf...
info|2019-12-11 12:19:16.412539|[g:1][CONSENSUS][PBFT]checkTimeout Succ,view=6201,toView=6202,nodeIdx=0,changeCycle=0,myNode=3d2207af...,timecost=0.763
info|2019-12-11 12:19:16.414874|[g:1][CONSENSUS][PBFT]checkAndChangeView: Reach consensus,org_view=6201,org_changeCycle=0,cur_changeCycle=0,to_view=6202
info|2019-12-11 12:19:17.416519|[g:1][CONSENSUS]addRawPrepare,height=1,reqIdx=2,hash=f2f7fd85...
info|2019-12-11 12:19:17.417594|[g:1][CONSENSUS][PBFT]checkTimeout Succ,view=6202,toView=6203,nodeIdx=0,changeCycle=0,myNode=3d2207af...,timecost=0.367
info|2019-12-11 12:19:17.419586|[g:1][CONSENSUS][PBFT]checkAndChangeView: Reach consensus,org_view=6202,org_changeCycle=0,cur_changeCycle=0,to_view=6203
info|2019-12-11 12:19:18.421907|[g:1][CONSENSUS]addRawPrepare,height=1,reqIdx=3,hash=703b3a2a...
info|2019-12-11 12:19:18.423660|[g:1][CONSENSUS][PBFT]checkTimeout Succ,view=6203,toView=6204,nodeIdx=0,changeCycle=0,myNode=3d2207af...,timecost=1.534
info|2019-12-11 12:19:18.425394|[g:1][CONSENSUS][PBFT]checkAndChangeView: Reach consensus,org_view=6203,org_changeCycle=0,cur_changeCycle=0,to_view=6204
info|2019-12-11 12:19:19.033290|[P2P][Service] heartBeat,connected count=3
info|2019-12-11 12:19:19.426443|[g:1][CONSENSUS][SEALER]++++++++++++++++ Generating seal on,blkNum=1,tx=0,nodeIdx=0,hash=f1a1d55e...
info|2019-12-11 12:19:19.427282|[g:1][CONSENSUS][PBFT]checkTimeout Succ,view=6204,toView=6205,nodeIdx=0,changeCycle=0,myNode=3d2207af...,timecost=0.554
info|2019-12-11 12:19:19.429687|[g:1][CONSENSUS][PBFT]checkAndChangeView: Reach consensus,org_view=6204,org_changeCycle=0,cur_changeCycle=0,to_view=6205
info|2019-12-11 12:19:20.432405|[g:1][CONSENSUS]addRawPrepare,height=1,reqIdx=1,hash=6317870f...
info|2019-12-11 12:19:20.434248|[g:1][CONSENSUS][PBFT]checkTimeout Succ,view=6205,toView=6206,nodeIdx=0,changeCycle=0,myNode=3d2207af...,timecost=1.587
info|2019-12-11 12:19:20.435838|[g:1][CONSENSUS][PBFT]checkAndChangeView: Reach consensus,org_view=6205,org_changeCycle=0,cur_changeCycle=0,to_view=6206
info|2019-12-11 12:19:21.437775|[g:1][CONSENSUS]addRawPrepare,height=1,reqIdx=2,hash=b088104b...
info|2019-12-11 12:19:21.439666|[g:1][CONSENSUS][PBFT]checkTimeout Succ,view=6206,toView=6207,nodeIdx=0,changeCycle=0,myNode=3d2207af...,timecost=1.741
info|2019-12-11 12:19:21.440678|[g:1][CONSENSUS][PBFT]checkAndChangeView: Reach consensus,org_view=6206,org_changeCycle=0,cur_changeCycle=0,to_view=6207
info|2019-12-11 12:19:22.440367|[g:1][CONSENSUS]addRawPrepare,height=1,reqIdx=3,hash=cd05605a...
info|2019-12-11 12:19:22.440791|[g:1][CONSENSUS][PBFT]checkTimeout Succ,view=6207,toView=6208,nodeIdx=0,changeCycle=0,myNode=3d2207af...,timecost=0.265
info|2019-12-11 12:19:22.442213|[g:1][CONSENSUS][PBFT]checkAndChangeView: Reach consensus,org_view=6207,org_changeCycle=0,cur_changeCycle=0,to_view=6208
info|2019-12-11 12:19:23.443008|[g:1][CONSENSUS][SEALER]++++++++++++++++ Generating seal on,blkNum=1,tx=0,nodeIdx=0,hash=ae1518d8...
info|2019-12-11 12:19:23.447193|[g:1][CONSENSUS][PBFT]checkTimeout Succ,view=6208,toView=6209,nodeIdx=0,changeCycle=0,myNode=3d2207af...,timecost=0.793
info|2019-12-11 12:19:23.448936|[g:1][CONSENSUS][PBFT]checkAndChangeView: Reach consensus,org_view=6208,org_changeCycle=0,cur_changeCycle=0,to_view=6209
info|2019-12-11 12:19:24.450328|[g:1][CONSENSUS]addRawPrepare,height=1,reqIdx=1,hash=14e8fb70...
info|2019-12-11 12:19:24.451025|[g:1][CONSENSUS][PBFT]checkTimeout Succ,view=6209,toView=6210,nodeIdx=0,changeCycle=0,myNode=3d2207af...,timecost=0.549
info|2019-12-11 12:19:24.453336|[g:1][CONSENSUS][PBFT]checkAndChangeView: Reach consensus,org_view=6209,org_changeCycle=0,cur_changeCycle=0,to_view=6210
info|2019-12-11 12:19:25.455170|[g:1][CONSENSUS]addRawPrepare,height=1,reqIdx=2,hash=6b21e378...
info|2019-12-11 12:19:25.456247|[g:1][CONSENSUS][PBFT]checkTimeout Succ,view=6210,toView=6211,nodeIdx=0,changeCycle=0,myNode=3d2207af...,timecost=0.886
info|2019-12-11 12:19:25.459668|[g:1][CONSENSUS][PBFT]checkAndChangeView: Reach consensus,org_view=6210,org_changeCycle=0,cur_changeCycle=0,to_view=6211
info|2019-12-11 12:19:26.461807|[g:1][CONSENSUS]addRawPrepare,height=1,reqIdx=3,hash=512d93f3...
info|2019-12-11 12:19:26.463038|[g:1][CONSENSUS][PBFT]checkTimeout Succ,view=6211,toView=6212,nodeIdx=0,changeCycle=0,myNode=3d2207af...,timecost=0.761
info|2019-12-11 12:19:26.465559|[g:1][CONSENSUS][PBFT]checkAndChangeView: Reach consensus,org_view=6211,org_changeCycle=0,cur_changeCycle=0,to_view=6212
info|2019-12-11 12:19:27.466131|[g:1][CONSENSUS][SEALER]++++++++++++++++ Generating seal on,blkNum=1,tx=0,nodeIdx=0,hash=5ab365b2...
info|2019-12-11 12:19:27.469767|[g:1][CONSENSUS][PBFT]checkTimeout Succ,view=6212,toView=6213,nodeIdx=0,changeCycle=0,myNode=3d2207af...,timecost=0.478
info|2019-12-11 12:19:27.470338|[g:1][CONSENSUS][PBFT]checkAndChangeView: Reach consensus,org_view=6212,org_changeCycle=0,cur_changeCycle=0,to_view=6213
info|2019-12-11 12:19:28.473037|[g:1][CONSENSUS]addRawPrepare,height=1,reqIdx=1,hash=5364d53f...
info|2019-12-11 12:19:28.473908|[g:1][CONSENSUS][PBFT]checkTimeout Succ,view=6213,toView=6214,nodeIdx=0,changeCycle=0,myNode=3d2207af...,timecost=0.675
info|2019-12-11 12:19:28.477679|[g:1][CONSENSUS][PBFT]checkAndChangeView: Reach consensus,org_view=6213,org_changeCycle=0,cur_changeCycle=0,to_view=6214
info|2019-12-11 12:19:29.042511|[P2P][Service] heartBeat,connected count=3
info|2019-12-11 12:19:29.481713|[g:1][CONSENSUS]addRawPrepare,height=1,reqIdx=2,hash=638e4396...
info|2019-12-11 12:19:29.482602|[g:1][CONSENSUS][PBFT]checkTimeout Succ,view=6214,toView=6215,nodeIdx=0,changeCycle=0,myNode=3d2207af...,timecost=0.676
info|2019-12-11 12:19:29.486243|[g:1][CONSENSUS][PBFT]checkAndChangeView: Reach consensus,org_view=6214,org_changeCycle=0,cur_changeCycle=0,to_view=6215
info|2019-12-11 12:19:30.486952|[g:1][CONSENSUS]addRawPrepare,height=1,reqIdx=3,hash=1173705b...
info|2019-12-11 12:19:30.488410|[g:1][CONSENSUS][PBFT]checkTimeout Succ,view=6215,toView=6216,nodeIdx=0,changeCycle=0,myNode=3d2207af...,timecost=1.236
info|2019-12-11 12:19:30.490120|[g:1][CONSENSUS][PBFT]checkAndChangeView: Reach consensus,org_view=6215,org_changeCycle=0,cur_changeCycle=0,to_view=6216
info|2019-12-11 12:19:31.490698|[g:1][CONSENSUS][SEALER]++++++++++++++++ Generating seal on,blkNum=1,tx=0,nodeIdx=0,hash=b657258e...
info|2019-12-11 12:19:31.491325|[g:1][CONSENSUS][PBFT]checkTimeout Succ,view=6216,toView=6217,nodeIdx=0,changeCycle=0,myNode=3d2207af...,timecost=0.271
info|2019-12-11 12:19:31.493542|[g:1][CONSENSUS][PBFT]checkAndChangeView: Reach consensus,org_view=6216,org_changeCycle=0,cur_changeCycle=0,to_view=6217
warning|2019-12-11 12:42:07.005332|[g:1][CONSENSUS][PBFT]ViewChangeWarning: not caused by omit empty block ,v=6217,toV=6218,curNum=0,hash=535430dd...,nodeIdx=0,myNode=3d2207af...
info|2019-12-11 12:42:07.024262|[g:1][CONSENSUS][PBFT]checkTimeout Succ,view=6217,toView=6218,nodeIdx=0,changeCycle=1,myNode=3d2207af...,timecost=19.143
info|2019-12-11 12:42:07.024313|[P2P][Service] heartBeat,connected count=3
info|2019-12-11 12:42:07.030346|[g:1][CONSENSUS][PBFT]checkAndChangeView: Reach consensus,org_view=6217,org_changeCycle=1,cur_changeCycle=1,to_view=6218
info|2019-12-11 12:42:08.026345|[g:1][CONSENSUS]addRawPrepare,height=1,reqIdx=2,hash=5f9ca727...
info|2019-12-11 12:42:08.027237|[g:1][CONSENSUS][PBFT]checkTimeout Succ,view=6218,toView=6219,nodeIdx=0,changeCycle=0,myNode=3d2207af...,timecost=0.362
info|2019-12-11 12:42:08.027703|[g:1][CONSENSUS][PBFT]checkAndChangeView: Reach consensus,org_view=6218,org_changeCycle=0,cur_changeCycle=0,to_view=6219
info|2019-12-11 12:42:09.028785|[g:1][CONSENSUS]addRawPrepare,height=1,reqIdx=3,hash=39b4442c...
info|2019-12-11 12:42:09.029179|[g:1][CONSENSUS][PBFT]checkTimeout Succ,view=6219,toView=6220,nodeIdx=0,changeCycle=0,myNode=3d2207af...,timecost=0.301
info|2019-12-11 12:42:09.030778|[g:1][CONSENSUS][PBFT]checkAndChangeView: Reach consensus,org_view=6219,org_changeCycle=0,cur_changeCycle=0,to_view=6220
info|2019-12-11 12:42:10.030140|[g:1][CONSENSUS][SEALER]++++++++++++++++ Generating seal on,blkNum=1,tx=0,nodeIdx=0,hash=40d2106e...
info|2019-12-11 12:42:10.030718|[g:1][CONSENSUS][PBFT]checkTimeout Succ,view=6220,toView=6221,nodeIdx=0,changeCycle=0,myNode=3d2207af...,timecost=0.322
info|2019-12-11 12:42:10.033076|[g:1][CONSENSUS][PBFT]checkAndChangeView: Reach consensus,org_view=6220,org_changeCycle=0,cur_changeCycle=0,to_view=6221
info|2019-12-11 12:42:11.034797|[g:1][CONSENSUS]addRawPrepare,height=1,reqIdx=1,hash=7c831745...
info|2019-12-11 12:42:11.035157|[g:1][CONSENSUS][PBFT]checkTimeout Succ,view=6221,toView=6222,nodeIdx=0,changeCycle=0,myNode=3d2207af...,timecost=0.262
info|2019-12-11 12:42:11.038108|[g:1][CONSENSUS][PBFT]checkAndChangeView: Reach consensus,org_view=6221,org_changeCycle=0,cur_changeCycle=0,to_view=6222
info|2019-12-11 12:42:12.039807|[g:1][CONSENSUS]addRawPrepare,height=1,reqIdx=2,hash=12b7d8ed...
info|2019-12-11 12:42:12.042039|[g:1][CONSENSUS][PBFT]checkTimeout Succ,view=6222,toView=6223,nodeIdx=0,changeCycle=0,myNode=3d2207af...,timecost=2.09
info|2019-12-11 12:42:12.043670|[g:1][CONSENSUS][PBFT]checkAndChangeView: Reach consensus,org_view=6222,org_changeCycle=0,cur_changeCycle=0,to_view=6223
info|2019-12-11 12:42:13.043651|[g:1][CONSENSUS]addRawPrepare,height=1,reqIdx=3,hash=c9ec7bcf...
info|2019-12-11 12:42:13.044048|[g:1][CONSENSUS][PBFT]checkTimeout Succ,view=6223,toView=6224,nodeIdx=0,changeCycle=0,myNode=3d2207af...,timecost=0.281
info|2019-12-11 12:42:13.046259|[g:1][CONSENSUS][PBFT]checkAndChangeView: Reach consensus,org_view=6223,org_changeCycle=0,cur_changeCycle=0,to_view=6224
info|2019-12-11 12:42:14.047066|[g:1][CONSENSUS][SEALER]++++++++++++++++ Generating seal on,blkNum=1,tx=0,nodeIdx=0,hash=c8979364...
info|2019-12-11 12:42:14.051231|[g:1][CONSENSUS][PBFT]checkTimeout Succ,view=6224,toView=6225,nodeIdx=0,changeCycle=0,myNode=3d2207af...,timecost=0.517
info|2019-12-11 12:42:14.051863|[g:1][CONSENSUS][PBFT]checkAndChangeView: Reach consensus,org_view=6224,org_changeCycle=0,cur_changeCycle=0,to_view=6225
info|2019-12-11 12:42:15.052780|[g:1][CONSENSUS]addRawPrepare,height=1,reqIdx=1,hash=e291fd0e...
info|2019-12-11 12:42:15.053324|[g:1][CONSENSUS][PBFT]checkTimeout Succ,view=6225,toView=6226,nodeIdx=0,changeCycle=0,myNode=3d2207af...,timecost=0.441
info|2019-12-11 12:42:15.055274|[g:1][CONSENSUS][PBFT]checkAndChangeView: Reach consensus,org_view=6225,org_changeCycle=0,cur_changeCycle=0,to_view=6226
info|2019-12-11 12:42:16.059593|[g:1][CONSENSUS]addRawPrepare,height=1,reqIdx=2,hash=9caa5ebe...
info|2019-12-11 12:42:16.060691|[g:1][CONSENSUS][PBFT]checkTimeout Succ,view=6226,toView=6227,nodeIdx=0,changeCycle=0,myNode=3d2207af...,timecost=0.783
info|2019-12-11 12:42:16.063454|[g:1][CONSENSUS][PBFT]checkAndChangeView: Reach consensus,org_view=6226,org_changeCycle=0,cur_changeCycle=0,to_view=6227
info|2019-12-11 12:42:17.025699|[P2P][Service] heartBeat,connected count=3
info|2019-12-11 12:42:17.063929|[g:1][CONSENSUS]addRawPrepare,height=1,reqIdx=3,hash=afd8c70a...
info|2019-12-11 12:42:17.064490|[g:1][CONSENSUS][PBFT]checkTimeout Succ,view=6227,toView=6228,nodeIdx=0,changeCycle=0,myNode=3d2207af...,timecost=0.417
info|2019-12-11 12:42:17.066395|[g:1][CONSENSUS][PBFT]checkAndChangeView: Reach consensus,org_view=6227,org_changeCycle=0,cur_changeCycle=0,to_view=6228
info|2019-12-11 12:42:18.068103|[g:1][CONSENSUS][SEALER]++++++++++++++++ Generating seal on,blkNum=1,tx=0,nodeIdx=0,hash=405b5474...
info|2019-12-11 12:42:18.072645|[g:1][CONSENSUS][PBFT]checkTimeout Succ,view=6228,toView=6229,nodeIdx=0,changeCycle=0,myNode=3d2207af...,timecost=2.265
info|2019-12-11 12:42:18.095435|[g:1][CONSENSUS][PBFT]checkAndChangeView: Reach consensus,org_view=6228,org_changeCycle=0,cur_changeCycle=0,to_view=6229
info|2019-12-11 12:42:19.105915|[g:1][CONSENSUS]addRawPrepare,height=1,reqIdx=1,hash=d332d601...
info|2019-12-11 12:42:19.113422|[g:1][CONSENSUS][PBFT]checkTimeout Succ,view=6229,toView=6230,nodeIdx=0,changeCycle=0,myNode=3d2207af...,timecost=6.575
info|2019-12-11 12:42:19.126544|[g:1][CONSENSUS][PBFT]checkAndChangeView: Reach consensus,org_view=6229,org_changeCycle=0,cur_changeCycle=0,to_view=6230
info|2019-12-11 12:42:20.145730|[g:1][CONSENSUS]addRawPrepare,height=1,reqIdx=2,hash=fe12419d...
info|2019-12-11 12:42:20.156475|[g:1][CONSENSUS][PBFT]checkTimeout Succ,view=6230,toView=6231,nodeIdx=0,changeCycle=0,myNode=3d2207af...,timecost=9.337
info|2019-12-11 12:42:20.165512|[g:1][CONSENSUS][PBFT]checkAndChangeView: Reach consensus,org_view=6230,org_changeCycle=0,cur_changeCycle=0,to_view=6231
info|2019-12-11 12:42:21.164934|[g:1][CONSENSUS]addRawPrepare,height=1,reqIdx=3,hash=0701689c...
info|2019-12-11 12:42:21.168507|[g:1][CONSENSUS][PBFT]checkTimeout Succ,view=6231,toView=6232,nodeIdx=0,changeCycle=0,myNode=3d2207af...,timecost=3.009
info|2019-12-11 12:42:21.180955|[g:1][CONSENSUS][PBFT]checkAndChangeView: Reach consensus,org_view=6231,org_changeCycle=0,cur_changeCycle=0,to_view=6232
info|2019-12-11 12:42:22.182948|[g:1][CONSENSUS][SEALER]++++++++++++++++ Generating seal on,blkNum=1,tx=0,nodeIdx=0,hash=23c26f5e...
info|2019-12-11 12:42:22.187200|[g:1][CONSENSUS][PBFT]checkTimeout Succ,view=6232,toView=6233,nodeIdx=0,changeCycle=0,myNode=3d2207af...,timecost=2.233
info|2019-12-11 12:42:22.203988|[g:1][CONSENSUS][PBFT]checkAndChangeView: Reach consensus,org_view=6232,org_changeCycle=0,cur_changeCycle=0,to_view=6233
info|2019-12-11 12:42:23.215051|[g:1][CONSENSUS]addRawPrepare,height=1,reqIdx=1,hash=701c3c6a...
info|2019-12-11 12:42:23.217961|[g:1][CONSENSUS][PBFT]checkTimeout Succ,view=6233,toView=6234,nodeIdx=0,changeCycle=0,myNode=3d2207af...,timecost=2.221
info|2019-12-11 12:42:23.226246|[g:1][CONSENSUS][PBFT]checkAndChangeView: Reach consensus,org_view=6233,org_changeCycle=0,cur_changeCycle=0,to_view=6234
info|2019-12-11 12:42:24.242705|[g:1][CONSENSUS]addRawPrepare,height=1,reqIdx=2,hash=e3957fd6...
info|2019-12-11 12:42:24.246684|[g:1][CONSENSUS][PBFT]checkTimeout Succ,view=6234,toView=6235,nodeIdx=0,changeCycle=0,myNode=3d2207af...,timecost=2.617
info|2019-12-11 12:42:24.259016|[g:1][CONSENSUS][PBFT]checkAndChangeView: Reach consensus,org_view=6234,org_changeCycle=0,cur_changeCycle=0,to_view=6235
info|2019-12-11 12:42:25.264343|[g:1][CONSENSUS]addRawPrepare,height=1,reqIdx=3,hash=9a62746d...
info|2019-12-11 12:42:25.270465|[g:1][CONSENSUS][PBFT]checkTimeout Succ,view=6235,toView=6236,nodeIdx=0,changeCycle=0,myNode=3d2207af...,timecost=5.321
info|2019-12-11 12:42:25.277521|[g:1][CONSENSUS][PBFT]checkAndChangeView: Reach consensus,org_view=6235,org_changeCycle=0,cur_changeCycle=0,to_view=6236
info|2019-12-11 12:42:26.278056|[g:1][CONSENSUS][SEALER]++++++++++++++++ Generating seal on,blkNum=1,tx=0,nodeIdx=0,hash=a23d5ca9...
info|2019-12-11 12:42:26.292562|[g:1][CONSENSUS][PBFT]checkTimeout Succ,view=6236,toView=6237,nodeIdx=0,changeCycle=0,myNode=3d2207af...,timecost=2.669
info|2019-12-11 12:42:26.303858|[g:1][CONSENSUS][PBFT]checkAndChangeView: Reach consensus,org_view=6236,org_changeCycle=0,cur_changeCycle=0,to_view=6237
info|2019-12-11 12:43:20.007556|[P2P][Service] heartBeat,connected count=3
warning|2019-12-11 12:43:20.021711|[g:1][CONSENSUS][PBFT]ViewChangeWarning: not caused by omit empty block ,v=6237,toV=6238,curNum=0,hash=535430dd...,nodeIdx=0,myNode=3d2207af...
info|2019-12-11 12:43:20.036527|[g:1][CONSENSUS][PBFT]checkTimeout Succ,view=6237,toView=6238,nodeIdx=0,changeCycle=1,myNode=3d2207af...,timecost=20.507
info|2019-12-11 12:43:20.039306|[g:1][CONSENSUS][PBFT]checkAndChangeView: Reach consensus,org_view=6237,org_changeCycle=1,cur_changeCycle=1,to_view=6238
info|2019-12-11 12:43:21.040106|[g:1][CONSENSUS]addRawPrepare,height=1,reqIdx=2,hash=da4a9db6...
info|2019-12-11 12:43:21.040477|[g:1][CONSENSUS][PBFT]checkTimeout Succ,view=6238,toView=6239,nodeIdx=0,changeCycle=0,myNode=3d2207af...,timecost=0.273
info|2019-12-11 12:43:21.040918|[g:1][CONSENSUS][PBFT]checkAndChangeView: Reach consensus,org_view=6238,org_changeCycle=0,cur_changeCycle=0,to_view=6239
info|2019-12-11 12:43:22.041425|[g:1][CONSENSUS]addRawPrepare,height=1,reqIdx=3,hash=32e3b92a...
info|2019-12-11 12:43:22.042011|[g:1][CONSENSUS][PBFT]checkTimeout Succ,view=6239,toView=6240,nodeIdx=0,changeCycle=0,myNode=3d2207af...,timecost=0.487
info|2019-12-11 12:43:22.043632|[g:1][CONSENSUS][PBFT]checkAndChangeView: Reach consensus,org_view=6239,org_changeCycle=0,cur_changeCycle=0,to_view=6240
info|2019-12-11 12:43:23.044412|[g:1][CONSENSUS][SEALER]++++++++++++++++ Generating seal on,blkNum=1,tx=0,nodeIdx=0,hash=37fdde69...
info|2019-12-11 12:43:23.047075|[g:1][CONSENSUS][PBFT]checkTimeout Succ,view=6240,toView=6241,nodeIdx=0,changeCycle=0,myNode=3d2207af...,timecost=0.312
info|2019-12-11 12:43:23.047492|[g:1][CONSENSUS][PBFT]checkAndChangeView: Reach consensus,org_view=6240,org_changeCycle=0,cur_changeCycle=0,to_view=6241
info|2019-12-11 12:43:24.048849|[g:1][CONSENSUS]addRawPrepare,height=1,reqIdx=1,hash=ba732e7c...
info|2019-12-11 12:43:24.049250|[g:1][CONSENSUS][PBFT]checkTimeout Succ,view=6241,toView=6242,nodeIdx=0,changeCycle=0,myNode=3d2207af...,timecost=0.262
info|2019-12-11 12:43:24.052076|[g:1][CONSENSUS][PBFT]checkAndChangeView: Reach consensus,org_view=6241,org_changeCycle=0,cur_changeCycle=0,to_view=6242
info|2019-12-11 12:43:25.051964|[g:1][CONSENSUS]addRawPrepare,height=1,reqIdx=2,hash=2874a33e...
info|2019-12-11 12:43:25.052338|[g:1][CONSENSUS][PBFT]checkTimeout Succ,view=6242,toView=6243,nodeIdx=0,changeCycle=0,myNode=3d2207af...,timecost=0.274
info|2019-12-11 12:43:25.057148|[g:1][CONSENSUS][PBFT]checkAndChangeView: Reach consensus,org_view=6242,org_changeCycle=0,cur_changeCycle=0,to_view=6243
info|2019-12-11 12:43:26.057573|[g:1][CONSENSUS]addRawPrepare,height=1,reqIdx=3,hash=2bc7d97a...
info|2019-12-11 12:43:26.058472|[g:1][CONSENSUS][PBFT]checkTimeout Succ,view=6243,toView=6244,nodeIdx=0,changeCycle=0,myNode=3d2207af...,timecost=0.719
info|2019-12-11 12:43:26.059492|[g:1][CONSENSUS][PBFT]checkAndChangeView: Reach consensus,org_view=6243,org_changeCycle=0,cur_changeCycle=0,to_view=6244
info|2019-12-11 12:43:27.059900|[g:1][CONSENSUS][SEALER]++++++++++++++++ Generating seal on,blkNum=1,tx=0,nodeIdx=0,hash=35005d71...
info|2019-12-11 12:43:27.060580|[g:1][CONSENSUS][PBFT]checkTimeout Succ,view=6244,toView=6245,nodeIdx=0,changeCycle=0,myNode=3d2207af...,timecost=0.341
info|2019-12-11 12:43:27.063621|[g:1][CONSENSUS][PBFT]checkAndChangeView: Reach consensus,org_view=6244,org_changeCycle=0,cur_changeCycle=0,to_view=6245
info|2019-12-11 12:43:28.063986|[g:1][CONSENSUS]addRawPrepare,height=1,reqIdx=1,hash=3edc034f...
info|2019-12-11 12:43:28.066774|[g:1][CONSENSUS][PBFT]checkTimeout Succ,view=6245,toView=6246,nodeIdx=0,changeCycle=0,myNode=3d2207af...,timecost=2.462
info|2019-12-11 12:43:28.067783|[g:1][CONSENSUS][PBFT]checkAndChangeView: Reach consensus,org_view=6245,org_changeCycle=0,cur_changeCycle=0,to_view=6246
info|2019-12-11 12:43:29.068410|[g:1][CONSENSUS]addRawPrepare,height=1,reqIdx=2,hash=e7ced289...
info|2019-12-11 12:43:29.068849|[g:1][CONSENSUS][PBFT]checkTimeout Succ,view=6246,toView=6247,nodeIdx=0,changeCycle=0,myNode=3d2207af...,timecost=0.342
info|2019-12-11 12:43:29.070806|[g:1][CONSENSUS][PBFT]checkAndChangeView: Reach consensus,org_view=6246,org_changeCycle=0,cur_changeCycle=0,to_view=6247
info|2019-12-11 12:43:30.009134|[P2P][Service] heartBeat,connected count=3
info|2019-12-11 12:43:30.072416|[g:1][CONSENSUS]addRawPrepare,height=1,reqIdx=3,hash=36757053...
info|2019-12-11 12:43:30.076202|[g:1][CONSENSUS][PBFT]checkTimeout Succ,view=6247,toView=6248,nodeIdx=0,changeCycle=0,myNode=3d2207af...,timecost=2.796
info|2019-12-11 12:43:30.078968|[g:1][CONSENSUS][PBFT]checkAndChangeView: Reach consensus,org_view=6247,org_changeCycle=0,cur_changeCycle=0,to_view=6248
info|2019-12-11 12:43:31.079356|[g:1][CONSENSUS][SEALER]++++++++++++++++ Generating seal on,blkNum=1,tx=0,nodeIdx=0,hash=df2116dd...
info|2019-12-11 12:43:31.095785|[g:1][CONSENSUS][PBFT]checkTimeout Succ,view=6248,toView=6249,nodeIdx=0,changeCycle=0,myNode=3d2207af...,timecost=3.52
info|2019-12-11 12:43:31.104292|[g:1][CONSENSUS][PBFT]checkAndChangeView: Reach consensus,org_view=6248,org_changeCycle=0,cur_changeCycle=0,to_view=6249
info|2019-12-11 12:43:32.124098|[g:1][CONSENSUS]addRawPrepare,height=1,reqIdx=1,hash=e8fc4da3...
info|2019-12-11 12:43:32.126608|[g:1][CONSENSUS][PBFT]checkTimeout Succ,view=6249,toView=6250,nodeIdx=0,changeCycle=0,myNode=3d2207af...,timecost=2.255
info|2019-12-11 12:43:32.257572|[g:1][CONSENSUS][PBFT]checkAndChangeView: Reach consensus,org_view=6249,org_changeCycle=0,cur_changeCycle=0,to_view=6250
info|2019-12-11 12:43:33.272238|[g:1][CONSENSUS]addRawPrepare,height=1,reqIdx=2,hash=00d8717e...
info|2019-12-11 12:43:33.290583|[g:1][CONSENSUS][PBFT]checkTimeout Succ,view=6250,toView=6251,nodeIdx=0,changeCycle=0,myNode=3d2207af...,timecost=3.485
info|2019-12-11 12:43:33.297645|[g:1][CONSENSUS][PBFT]checkAndChangeView: Reach consensus,org_view=6250,org_changeCycle=0,cur_changeCycle=0,to_view=6251
info|2019-12-11 12:43:34.293036|[g:1][CONSENSUS]addRawPrepare,height=1,reqIdx=3,hash=d13fe22b...
info|2019-12-11 12:43:34.295962|[g:1][CONSENSUS][PBFT]checkTimeout Succ,view=6251,toView=6252,nodeIdx=0,changeCycle=0,myNode=3d2207af...,timecost=2.186
info|2019-12-11 12:43:34.324106|[g:1][CONSENSUS][PBFT]checkAndChangeView: Reach consensus,org_view=6251,org_changeCycle=0,cur_changeCycle=0,to_view=6252
info|2019-12-11 12:43:35.326092|[g:1][CONSENSUS][SEALER]++++++++++++++++ Generating seal on,blkNum=1,tx=0,nodeIdx=0,hash=a59ef64c...
info|2019-12-11 12:43:35.330921|[g:1][CONSENSUS][PBFT]checkTimeout Succ,view=6252,toView=6253,nodeIdx=0,changeCycle=0,myNode=3d2207af...,timecost=2.044
info|2019-12-11 12:43:35.346629|[g:1][CONSENSUS][PBFT]checkAndChangeView: Reach consensus,org_view=6252,org_changeCycle=0,cur_changeCycle=0,to_view=6253
info|2019-12-11 12:43:36.361347|[g:1][CONSENSUS]addRawPrepare,height=1,reqIdx=1,hash=2e8bb27a...
info|2019-12-11 12:43:36.366059|[g:1][CONSENSUS][PBFT]checkTimeout Succ,view=6253,toView=6254,nodeIdx=0,changeCycle=0,myNode=3d2207af...,timecost=3.7
info|2019-12-11 12:43:36.376376|[g:1][CONSENSUS][PBFT]checkAndChangeView: Reach consensus,org_view=6253,org_changeCycle=0,cur_changeCycle=0,to_view=6254
info|2019-12-11 12:43:37.384131|[g:1][CONSENSUS]addRawPrepare,height=1,reqIdx=2,hash=41b8f004...
info|2019-12-11 12:43:37.387319|[g:1][CONSENSUS][PBFT]checkTimeout Succ,view=6254,toView=6255,nodeIdx=0,changeCycle=0,myNode=3d2207af...,timecost=2.209
info|2019-12-11 12:43:37.399385|[g:1][CONSENSUS][PBFT]checkAndChangeView: Reach consensus,org_view=6254,org_changeCycle=0,cur_changeCycle=0,to_view=6255
info|2019-12-11 12:43:38.408911|[g:1][CONSENSUS]addRawPrepare,height=1,reqIdx=3,hash=c28543b0...
info|2019-12-11 12:43:38.412279|[g:1][CONSENSUS][PBFT]checkTimeout Succ,view=6255,toView=6256,nodeIdx=0,changeCycle=0,myNode=3d2207af...,timecost=2.663
info|2019-12-11 12:43:38.421562|[g:1][CONSENSUS][PBFT]checkAndChangeView: Reach consensus,org_view=6255,org_changeCycle=0,cur_changeCycle=0,to_view=6256
info|2019-12-11 12:43:39.422921|[g:1][CONSENSUS][SEALER]++++++++++++++++ Generating seal on,blkNum=1,tx=0,nodeIdx=0,hash=fa81bf1e...
info|2019-12-11 12:43:39.436953|[g:1][CONSENSUS][PBFT]checkTimeout Succ,view=6256,toView=6257,nodeIdx=0,changeCycle=0,myNode=3d2207af...,timecost=2.442
info|2019-12-11 12:43:39.454631|[g:1][CONSENSUS][PBFT]checkAndChangeView: Reach consensus,org_view=6256,org_changeCycle=0,cur_changeCycle=0,to_view=6257
info|2019-12-11 12:43:40.010894|[P2P][Service] heartBeat,connected count=3
info|2019-12-11 12:43:40.454094|[g:1][CONSENSUS]addRawPrepare,height=1,reqIdx=1,hash=5f5b887d...
info|2019-12-11 12:43:40.459306|[g:1][CONSENSUS][PBFT]checkTimeout Succ,view=6257,toView=6258,nodeIdx=0,changeCycle=0,myNode=3d2207af...,timecost=4.506
info|2019-12-11 12:43:40.466709|[g:1][CONSENSUS][PBFT]checkAndChangeView: Reach consensus,org_view=6257,org_changeCycle=0,cur_changeCycle=0,to_view=6258
info|2019-12-11 12:43:41.469084|[g:1][CONSENSUS]addRawPrepare,height=1,reqIdx=2,hash=8c4e407f...
info|2019-12-11 12:43:41.469860|[g:1][CONSENSUS][PBFT]checkTimeout Succ,view=6258,toView=6259,nodeIdx=0,changeCycle=0,myNode=3d2207af...,timecost=0.571
info|2019-12-11 12:43:41.471902|[g:1][CONSENSUS][PBFT]checkAndChangeView: Reach consensus,org_view=6258,org_changeCycle=0,cur_changeCycle=0,to_view=6259
info|2019-12-11 12:43:42.475939|[g:1][CONSENSUS]addRawPrepare,height=1,reqIdx=3,hash=9a462655...
info|2019-12-11 12:43:42.476342|[g:1][CONSENSUS][PBFT]checkTimeout Succ,view=6259,toView=6260,nodeIdx=0,changeCycle=0,myNode=3d2207af...,timecost=0.293
info|2019-12-11 12:43:42.477972|[g:1][CONSENSUS][PBFT]checkAndChangeView: Reach consensus,org_view=6259,org_changeCycle=0,cur_changeCycle=0,to_view=6260
info|2019-12-11 12:43:43.478311|[g:1][CONSENSUS][SEALER]++++++++++++++++ Generating seal on,blkNum=1,tx=0,nodeIdx=0,hash=b055b591...
info|2019-12-11 12:43:43.481506|[g:1][CONSENSUS][PBFT]checkTimeout Succ,view=6260,toView=6261,nodeIdx=0,changeCycle=0,myNode=3d2207af...,timecost=0.676
info|2019-12-11 12:43:43.481990|[g:1][CONSENSUS][PBFT]checkAndChangeView: Reach consensus,org_view=6260,org_changeCycle=0,cur_changeCycle=0,to_view=6261
info|2019-12-11 12:43:44.484724|[g:1][CONSENSUS]addRawPrepare,height=1,reqIdx=1,hash=74781f05...
info|2019-12-11 12:43:44.485659|[g:1][CONSENSUS][PBFT]checkTimeout Succ,view=6261,toView=6262,nodeIdx=0,changeCycle=0,myNode=3d2207af...,timecost=0.656
info|2019-12-11 12:43:44.487411|[g:1][CONSENSUS][PBFT]checkAndChangeView: Reach consensus,org_view=6261,org_changeCycle=0,cur_changeCycle=0,to_view=6262
info|2019-12-11 12:43:45.490905|[g:1][CONSENSUS]addRawPrepare,height=1,reqIdx=2,hash=578c5a29...
info|2019-12-11 12:43:45.491525|[g:1][CONSENSUS][PBFT]checkTimeout Succ,view=6262,toView=6263,nodeIdx=0,changeCycle=0,myNode=3d2207af...,timecost=0.472
info|2019-12-11 12:43:45.494198|[g:1][CONSENSUS][PBFT]checkAndChangeView: Reach consensus,org_view=6262,org_changeCycle=0,cur_changeCycle=0,to_view=6263
info|2019-12-11 12:43:46.495857|[g:1][CONSENSUS]addRawPrepare,height=1,reqIdx=3,hash=c946d68b...
info|2019-12-11 12:43:46.497157|[g:1][CONSENSUS][PBFT]checkTimeout Succ,view=6263,toView=6264,nodeIdx=0,changeCycle=0,myNode=3d2207af...,timecost=0.944
info|2019-12-11 12:43:46.499940|[g:1][CONSENSUS][PBFT]checkAndChangeView: Reach consensus,org_view=6263,org_changeCycle=0,cur_changeCycle=0,to_view=6264
info|2019-12-11 12:43:47.500630|[g:1][CONSENSUS][SEALER]++++++++++++++++ Generating seal on,blkNum=1,tx=0,nodeIdx=0,hash=bb00a840...
info|2019-12-11 12:43:47.503672|[g:1][CONSENSUS][PBFT]checkTimeout Succ,view=6264,toView=6265,nodeIdx=0,changeCycle=0,myNode=3d2207af...,timecost=0.275
info|2019-12-11 12:43:47.504245|[g:1][CONSENSUS][PBFT]checkAndChangeView: Reach consensus,org_view=6264,org_changeCycle=0,cur_changeCycle=0,to_view=6265
info|2019-12-11 12:43:48.508466|[g:1][CONSENSUS]addRawPrepare,height=1,reqIdx=1,hash=cefec857...
info|2019-12-11 12:43:48.509416|[g:1][CONSENSUS][PBFT]checkTimeout Succ,view=6265,toView=6266,nodeIdx=0,changeCycle=0,myNode=3d2207af...,timecost=0.703
info|2019-12-11 12:43:48.511534|[g:1][CONSENSUS][PBFT]checkAndChangeView: Reach consensus,org_view=6265,org_changeCycle=0,cur_changeCycle=0,to_view=6266
info|2019-12-11 12:43:49.514501|[g:1][CONSENSUS]addRawPrepare,height=1,reqIdx=2,hash=9ffb7f09...
info|2019-12-11 12:43:49.515017|[g:1][CONSENSUS][PBFT]checkTimeout Succ,view=6266,toView=6267,nodeIdx=0,changeCycle=0,myNode=3d2207af...,timecost=0.411
info|2019-12-11 12:43:49.516228|[g:1][CONSENSUS][PBFT]checkAndChangeView: Reach consensus,org_view=6266,org_changeCycle=0,cur_changeCycle=0,to_view=6267
info|2019-12-11 12:43:50.016780|[P2P][Service] heartBeat,connected count=3
info|2019-12-11 12:43:50.518257|[g:1][CONSENSUS]addRawPrepare,height=1,reqIdx=3,hash=5e216de7...
info|2019-12-11 12:43:50.518932|[g:1][CONSENSUS][PBFT]checkTimeout Succ,view=6267,toView=6268,nodeIdx=0,changeCycle=0,myNode=3d2207af...,timecost=0.454
info|2019-12-11 12:43:50.520599|[g:1][CONSENSUS][PBFT]checkAndChangeView: Reach consensus,org_view=6267,org_changeCycle=0,cur_changeCycle=0,to_view=6268
info|2019-12-11 12:43:51.521492|[g:1][CONSENSUS][SEALER]++++++++++++++++ Generating seal on,blkNum=1,tx=0,nodeIdx=0,hash=21ec9e8a...
info|2019-12-11 12:43:51.525631|[g:1][CONSENSUS][PBFT]checkTimeout Succ,view=6268,toView=6269,nodeIdx=0,changeCycle=0,myNode=3d2207af...,timecost=0.422
info|2019-12-11 12:43:51.526469|[g:1][CONSENSUS][PBFT]checkAndChangeView: Reach consensus,org_view=6268,org_changeCycle=0,cur_changeCycle=0,to_view=6269
info|2019-12-11 12:43:52.527557|[g:1][CONSENSUS]addRawPrepare,height=1,reqIdx=1,hash=8bfbce3c...
info|2019-12-11 12:43:52.530204|[g:1][CONSENSUS][PBFT]checkTimeout Succ,view=6269,toView=6270,nodeIdx=0,changeCycle=0,myNode=3d2207af...,timecost=2.421
info|2019-12-11 12:43:52.531944|[g:1][CONSENSUS][PBFT]checkAndChangeView: Reach consensus,org_view=6269,org_changeCycle=0,cur_changeCycle=0,to_view=6270
info|2019-12-11 12:43:53.531242|[g:1][CONSENSUS]addRawPrepare,height=1,reqIdx=2,hash=c8cf136a...
info|2019-12-11 12:43:53.531610|[g:1][CONSENSUS][PBFT]checkTimeout Succ,view=6270,toView=6271,nodeIdx=0,changeCycle=0,myNode=3d2207af...,timecost=0.277
info|2019-12-11 12:43:53.533586|[g:1][CONSENSUS][PBFT]checkAndChangeView: Reach consensus,org_view=6270,org_changeCycle=0,cur_changeCycle=0,to_view=6271
info|2019-12-11 12:43:54.536175|[g:1][CONSENSUS]addRawPrepare,height=1,reqIdx=3,hash=90d5a089...
info|2019-12-11 12:43:54.537335|[g:1][CONSENSUS][PBFT]checkTimeout Succ,view=6271,toView=6272,nodeIdx=0,changeCycle=0,myNode=3d2207af...,timecost=0.88
info|2019-12-11 12:43:54.539227|[g:1][CONSENSUS][PBFT]checkAndChangeView: Reach consensus,org_view=6271,org_changeCycle=0,cur_changeCycle=0,to_view=6272
info|2019-12-11 12:43:55.539665|[g:1][CONSENSUS][SEALER]++++++++++++++++ Generating seal on,blkNum=1,tx=0,nodeIdx=0,hash=068c2b23...
info|2019-12-11 12:43:55.541048|[g:1][CONSENSUS][PBFT]checkTimeout Succ,view=6272,toView=6273,nodeIdx=0,changeCycle=0,myNode=3d2207af...,timecost=0.803
info|2019-12-11 12:43:55.545162|[g:1][CONSENSUS][PBFT]checkAndChangeView: Reach consensus,org_view=6272,org_changeCycle=0,cur_changeCycle=0,to_view=6273
info|2019-12-11 12:43:56.549166|[g:1][CONSENSUS]addRawPrepare,height=1,reqIdx=1,hash=bc2aaecf...
info|2019-12-11 12:43:56.549987|[g:1][CONSENSUS][PBFT]checkTimeout Succ,view=6273,toView=6274,nodeIdx=0,changeCycle=0,myNode=3d2207af...,timecost=0.4
info|2019-12-11 12:43:56.551175|[g:1][CONSENSUS][PBFT]checkAndChangeView: Reach consensus,org_view=6273,org_changeCycle=0,cur_changeCycle=0,to_view=6274
info|2019-12-11 12:43:57.554680|[g:1][CONSENSUS]addRawPrepare,height=1,reqIdx=2,hash=01df3661...
info|2019-12-11 12:43:57.555590|[g:1][CONSENSUS][PBFT]checkTimeout Succ,view=6274,toView=6275,nodeIdx=0,changeCycle=0,myNode=3d2207af...,timecost=0.692
info|2019-12-11 12:43:57.557910|[g:1][CONSENSUS][PBFT]checkAndChangeView: Reach consensus,org_view=6274,org_changeCycle=0,cur_changeCycle=0,to_view=6275
info|2019-12-11 12:43:58.558836|[g:1][CONSENSUS]addRawPrepare,height=1,reqIdx=3,hash=463afb41...
info|2019-12-11 12:43:58.559547|[g:1][CONSENSUS][PBFT]checkTimeout Succ,view=6275,toView=6276,nodeIdx=0,changeCycle=0,myNode=3d2207af...,timecost=0.51
info|2019-12-11 12:43:58.560506|[g:1][CONSENSUS][PBFT]checkAndChangeView: Reach consensus,org_view=6275,org_changeCycle=0,cur_changeCycle=0,to_view=6276
info|2019-12-11 12:44:12.008041|[P2P][Service] heartBeat,connected count=3
warning|2019-12-11 12:44:12.019815|[g:1][CONSENSUS][PBFT]ViewChangeWarning: not caused by omit empty block ,v=6276,toV=6277,curNum=0,hash=535430dd...,nodeIdx=0,myNode=3d2207af...
info|2019-12-11 12:44:12.024486|[g:1][CONSENSUS][PBFT]checkTimeout Succ,view=6276,toView=6277,nodeIdx=0,changeCycle=1,myNode=3d2207af...,timecost=15.973
info|2019-12-11 12:44:12.025803|[g:1][CONSENSUS][PBFT]checkAndChangeView: Reach consensus,org_view=6276,org_changeCycle=1,cur_changeCycle=1,to_view=6277
info|2019-12-11 12:44:13.030562|[g:1][CONSENSUS]addRawPrepare,height=1,reqIdx=1,hash=f08b46b2...
info|2019-12-11 12:44:13.031035|[g:1][CONSENSUS][PBFT]checkTimeout Succ,view=6277,toView=6278,nodeIdx=0,changeCycle=0,myNode=3d2207af...,timecost=0.339
info|2019-12-11 12:44:13.033387|[g:1][CONSENSUS][PBFT]checkAndChangeView: Reach consensus,org_view=6277,org_changeCycle=0,cur_changeCycle=0,to_view=6278
info|2019-12-11 12:44:14.034239|[g:1][CONSENSUS]addRawPrepare,height=1,reqIdx=2,hash=0f5f7360...
info|2019-12-11 12:44:14.034726|[g:1][CONSENSUS][PBFT]checkTimeout Succ,view=6278,toView=6279,nodeIdx=0,changeCycle=0,myNode=3d2207af...,timecost=0.388
info|2019-12-11 12:44:14.035735|[g:1][CONSENSUS][PBFT]checkAndChangeView: Reach consensus,org_view=6278,org_changeCycle=0,cur_changeCycle=0,to_view=6279
info|2019-12-11 12:44:15.037681|[g:1][CONSENSUS]addRawPrepare,height=1,reqIdx=3,hash=a8462cdb...
info|2019-12-11 12:44:15.038128|[g:1][CONSENSUS][PBFT]checkTimeout Succ,view=6279,toView=6280,nodeIdx=0,changeCycle=0,myNode=3d2207af...,timecost=0.299
info|2019-12-11 12:44:15.039612|[g:1][CONSENSUS][PBFT]checkAndChangeView: Reach consensus,org_view=6279,org_changeCycle=0,cur_changeCycle=0,to_view=6280
info|2019-12-11 12:44:16.039905|[g:1][CONSENSUS][SEALER]++++++++++++++++ Generating seal on,blkNum=1,tx=0,nodeIdx=0,hash=10f38846...
info|2019-12-11 12:44:16.043072|[g:1][CONSENSUS][PBFT]checkTimeout Succ,view=6280,toView=6281,nodeIdx=0,changeCycle=0,myNode=3d2207af...,timecost=0.745
info|2019-12-11 12:44:16.043521|[g:1][CONSENSUS][PBFT]checkAndChangeView: Reach consensus,org_view=6280,org_changeCycle=0,cur_changeCycle=0,to_view=6281
info|2019-12-11 12:44:17.045592|[g:1][CONSENSUS]addRawPrepare,height=1,reqIdx=1,hash=f560e78e...
info|2019-12-11 12:44:17.046158|[g:1][CONSENSUS][PBFT]checkTimeout Succ,view=6281,toView=6282,nodeIdx=0,changeCycle=0,myNode=3d2207af...,timecost=0.326
info|2019-12-11 12:44:17.048142|[g:1][CONSENSUS][PBFT]checkAndChangeView: Reach consensus,org_view=6281,org_changeCycle=0,cur_changeCycle=0,to_view=6282
info|2019-12-11 12:44:18.050016|[g:1][CONSENSUS]addRawPrepare,height=1,reqIdx=2,hash=e0354f62...
info|2019-12-11 12:44:18.051457|[g:1][CONSENSUS][PBFT]checkTimeout Succ,view=6282,toView=6283,nodeIdx=0,changeCycle=0,myNode=3d2207af...,timecost=1.138
info|2019-12-11 12:44:18.053314|[g:1][CONSENSUS][PBFT]checkAndChangeView: Reach consensus,org_view=6282,org_changeCycle=0,cur_changeCycle=0,to_view=6283
info|2019-12-11 12:44:19.055875|[g:1][CONSENSUS]addRawPrepare,height=1,reqIdx=3,hash=7d3cddbf...
info|2019-12-11 12:44:19.056295|[g:1][CONSENSUS][PBFT]checkTimeout Succ,view=6283,toView=6284,nodeIdx=0,changeCycle=0,myNode=3d2207af...,timecost=0.267
info|2019-12-11 12:44:19.058201|[g:1][CONSENSUS][PBFT]checkAndChangeView: Reach consensus,org_view=6283,org_changeCycle=0,cur_changeCycle=0,to_view=6284
info|2019-12-11 12:44:20.058647|[g:1][CONSENSUS][SEALER]++++++++++++++++ Generating seal on,blkNum=1,tx=0,nodeIdx=0,hash=b05231da...
info|2019-12-11 12:44:20.061185|[g:1][CONSENSUS][PBFT]checkTimeout Succ,view=6284,toView=6285,nodeIdx=0,changeCycle=0,myNode=3d2207af...,timecost=0.265
info|2019-12-11 12:44:20.061719|[g:1][CONSENSUS][PBFT]checkAndChangeView: Reach consensus,org_view=6284,org_changeCycle=0,cur_changeCycle=0,to_view=6285
info|2019-12-11 12:44:21.064209|[g:1][CONSENSUS]addRawPrepare,height=1,reqIdx=1,hash=e0ac756f...
info|2019-12-11 12:44:21.066383|[g:1][CONSENSUS][PBFT]checkTimeout Succ,view=6285,toView=6286,nodeIdx=0,changeCycle=0,myNode=3d2207af...,timecost=1.984
info|2019-12-11 12:44:21.067239|[g:1][CONSENSUS][PBFT]checkAndChangeView: Reach consensus,org_view=6285,org_changeCycle=0,cur_changeCycle=0,to_view=6286
info|2019-12-11 12:44:22.015340|[P2P][Service] heartBeat,connected count=3
info|2019-12-11 12:44:22.068886|[g:1][CONSENSUS]addRawPrepare,height=1,reqIdx=2,hash=159d9677...
info|2019-12-11 12:44:22.069405|[g:1][CONSENSUS][PBFT]checkTimeout Succ,view=6286,toView=6287,nodeIdx=0,changeCycle=0,myNode=3d2207af...,timecost=0.431
info|2019-12-11 12:44:22.070785|[g:1][CONSENSUS][PBFT]checkAndChangeView: Reach consensus,org_view=6286,org_changeCycle=0,cur_changeCycle=0,to_view=6287
info|2019-12-11 12:44:23.079827|[g:1][CONSENSUS]addRawPrepare,height=1,reqIdx=3,hash=8d7327bf...
info|2019-12-11 12:44:23.085280|[g:1][CONSENSUS][PBFT]checkTimeout Succ,view=6287,toView=6288,nodeIdx=0,changeCycle=0,myNode=3d2207af...,timecost=4.269
info|2019-12-11 12:44:23.095071|[g:1][CONSENSUS][PBFT]checkAndChangeView: Reach consensus,org_view=6287,org_changeCycle=0,cur_changeCycle=0,to_view=6288
info|2019-12-11 12:44:24.096186|[g:1][CONSENSUS][SEALER]++++++++++++++++ Generating seal on,blkNum=1,tx=0,nodeIdx=0,hash=404d5f41...
info|2019-12-11 12:44:24.113005|[g:1][CONSENSUS][PBFT]checkTimeout Succ,view=6288,toView=6289,nodeIdx=0,changeCycle=0,myNode=3d2207af...,timecost=2.232
info|2019-12-11 12:44:24.119849|[g:1][CONSENSUS][PBFT]checkAndChangeView: Reach consensus,org_view=6288,org_changeCycle=0,cur_changeCycle=0,to_view=6289
info|2019-12-11 12:44:25.123315|[g:1][CONSENSUS]addRawPrepare,height=1,reqIdx=1,hash=5cce22f7...
info|2019-12-11 12:44:25.127993|[g:1][CONSENSUS][PBFT]checkTimeout Succ,view=6289,toView=6290,nodeIdx=0,changeCycle=0,myNode=3d2207af...,timecost=4
info|2019-12-11 12:44:25.135259|[g:1][CONSENSUS][PBFT]checkAndChangeView: Reach consensus,org_view=6289,org_changeCycle=0,cur_changeCycle=0,to_view=6290
info|2019-12-11 12:44:26.153988|[g:1][CONSENSUS]addRawPrepare,height=1,reqIdx=2,hash=5fc432c5...
info|2019-12-11 12:44:26.156747|[g:1][CONSENSUS][PBFT]checkTimeout Succ,view=6290,toView=6291,nodeIdx=0,changeCycle=0,myNode=3d2207af...,timecost=2.044
info|2019-12-11 12:44:26.170311|[g:1][CONSENSUS][PBFT]checkAndChangeView: Reach consensus,org_view=6290,org_changeCycle=0,cur_changeCycle=0,to_view=6291
info|2019-12-11 12:44:27.183317|[g:1][CONSENSUS]addRawPrepare,height=1,reqIdx=3,hash=5ea88830...
info|2019-12-11 12:44:27.186105|[g:1][CONSENSUS][PBFT]checkTimeout Succ,view=6291,toView=6292,nodeIdx=0,changeCycle=0,myNode=3d2207af...,timecost=2.106
info|2019-12-11 12:44:27.214377|[g:1][CONSENSUS][PBFT]checkAndChangeView: Reach consensus,org_view=6291,org_changeCycle=0,cur_changeCycle=0,to_view=6292
info|2019-12-11 12:44:28.215452|[g:1][CONSENSUS][SEALER]++++++++++++++++ Generating seal on,blkNum=1,tx=0,nodeIdx=0,hash=d47f9be4...
info|2019-12-11 12:44:28.222764|[g:1][CONSENSUS][PBFT]checkTimeout Succ,view=6292,toView=6293,nodeIdx=0,changeCycle=0,myNode=3d2207af...,timecost=5.619
info|2019-12-11 12:44:28.237811|[g:1][CONSENSUS][PBFT]checkAndChangeView: Reach consensus,org_view=6292,org_changeCycle=0,cur_changeCycle=0,to_view=6293
info|2019-12-11 12:44:29.247313|[g:1][CONSENSUS]addRawPrepare,height=1,reqIdx=1,hash=f8f391f7...
info|2019-12-11 12:44:29.250463|[g:1][CONSENSUS][PBFT]checkTimeout Succ,view=6293,toView=6294,nodeIdx=0,changeCycle=0,myNode=3d2207af...,timecost=2.228
info|2019-12-11 12:44:29.266570|[g:1][CONSENSUS][PBFT]checkAndChangeView: Reach consensus,org_view=6293,org_changeCycle=0,cur_changeCycle=0,to_view=6294
info|2019-12-11 12:44:30.276768|[g:1][CONSENSUS]addRawPrepare,height=1,reqIdx=2,hash=e30dadc8...
info|2019-12-11 12:44:30.279621|[g:1][CONSENSUS][PBFT]checkTimeout Succ,view=6294,toView=6295,nodeIdx=0,changeCycle=0,myNode=3d2207af...,timecost=2.22
info|2019-12-11 12:44:30.289206|[g:1][CONSENSUS][PBFT]checkAndChangeView: Reach consensus,org_view=6294,org_changeCycle=0,cur_changeCycle=0,to_view=6295
info|2019-12-11 12:44:31.305341|[g:1][CONSENSUS]addRawPrepare,height=1,reqIdx=3,hash=8b97778f...
info|2019-12-11 12:44:31.309959|[g:1][CONSENSUS][PBFT]checkTimeout Succ,view=6295,toView=6296,nodeIdx=0,changeCycle=0,myNode=3d2207af...,timecost=3.795
info|2019-12-11 12:44:31.318460|[g:1][CONSENSUS][PBFT]checkAndChangeView: Reach consensus,org_view=6295,org_changeCycle=0,cur_changeCycle=0,to_view=6296
info|2019-12-11 12:44:32.016031|[P2P][Service] heartBeat,connected count=3
info|2019-12-11 12:44:32.320127|[g:1][CONSENSUS][SEALER]++++++++++++++++ Generating seal on,blkNum=1,tx=0,nodeIdx=0,hash=028b2eba...
info|2019-12-11 12:44:32.335204|[g:1][CONSENSUS][PBFT]checkTimeout Succ,view=6296,toView=6297,nodeIdx=0,changeCycle=0,myNode=3d2207af...,timecost=3.017
info|2019-12-11 12:44:32.342446|[g:1][CONSENSUS][PBFT]checkAndChangeView: Reach consensus,org_view=6296,org_changeCycle=0,cur_changeCycle=0,to_view=6297
info|2019-12-11 12:44:33.354669|[g:1][CONSENSUS]addRawPrepare,height=1,reqIdx=1,hash=7b3f4098...
info|2019-12-11 12:44:33.355745|[g:1][CONSENSUS][PBFT]checkTimeout Succ,view=6297,toView=6298,nodeIdx=0,changeCycle=0,myNode=3d2207af...,timecost=0.907
info|2019-12-11 12:44:33.358527|[g:1][CONSENSUS][PBFT]checkAndChangeView: Reach consensus,org_view=6297,org_changeCycle=0,cur_changeCycle=0,to_view=6298
info|2019-12-11 12:44:34.361437|[g:1][CONSENSUS]addRawPrepare,height=1,reqIdx=2,hash=c6f94dad...
info|2019-12-11 12:44:34.362403|[g:1][CONSENSUS][PBFT]checkTimeout Succ,view=6298,toView=6299,nodeIdx=0,changeCycle=0,myNode=3d2207af...,timecost=0.701
info|2019-12-11 12:44:34.365439|[g:1][CONSENSUS][PBFT]checkAndChangeView: Reach consensus,org_view=6298,org_changeCycle=0,cur_changeCycle=0,to_view=6299
info|2019-12-11 12:44:35.366233|[g:1][CONSENSUS]addRawPrepare,height=1,reqIdx=3,hash=9e106488...
info|2019-12-11 12:44:35.366593|[g:1][CONSENSUS][PBFT]checkTimeout Succ,view=6299,toView=6300,nodeIdx=0,changeCycle=0,myNode=3d2207af...,timecost=0.229
info|2019-12-11 12:44:35.368566|[g:1][CONSENSUS][PBFT]checkAndChangeView: Reach consensus,org_view=6299,org_changeCycle=0,cur_changeCycle=0,to_view=6300
info|2019-12-11 12:44:36.368794|[g:1][CONSENSUS][SEALER]++++++++++++++++ Generating seal on,blkNum=1,tx=0,nodeIdx=0,hash=c1f34e9b...
info|2019-12-11 12:44:36.369757|[g:1][CONSENSUS][PBFT]checkTimeout Succ,view=6300,toView=6301,nodeIdx=0,changeCycle=0,myNode=3d2207af...,timecost=0.581
info|2019-12-11 12:44:36.372764|[g:1][CONSENSUS][PBFT]checkAndChangeView: Reach consensus,org_view=6300,org_changeCycle=0,cur_changeCycle=0,to_view=6301
info|2019-12-11 12:44:37.373838|[g:1][CONSENSUS]addRawPrepare,height=1,reqIdx=1,hash=789e96f8...
info|2019-12-11 12:44:37.374311|[g:1][CONSENSUS][PBFT]checkTimeout Succ,view=6301,toView=6302,nodeIdx=0,changeCycle=0,myNode=3d2207af...,timecost=0.359
info|2019-12-11 12:44:37.375757|[g:1][CONSENSUS][PBFT]checkAndChangeView: Reach consensus,org_view=6301,org_changeCycle=0,cur_changeCycle=0,to_view=6302
info|2019-12-11 12:44:38.378692|[g:1][CONSENSUS]addRawPrepare,height=1,reqIdx=2,hash=abb6ed85...
info|2019-12-11 12:44:38.380111|[g:1][CONSENSUS][PBFT]checkTimeout Succ,view=6302,toView=6303,nodeIdx=0,changeCycle=0,myNode=3d2207af...,timecost=1.241
info|2019-12-11 12:44:38.381897|[g:1][CONSENSUS][PBFT]checkAndChangeView: Reach consensus,org_view=6302,org_changeCycle=0,cur_changeCycle=0,to_view=6303
info|2019-12-11 12:44:39.383985|[g:1][CONSENSUS]addRawPrepare,height=1,reqIdx=3,hash=a5744cb0...
info|2019-12-11 12:44:39.384589|[g:1][CONSENSUS][PBFT]checkTimeout Succ,view=6303,toView=6304,nodeIdx=0,changeCycle=0,myNode=3d2207af...,timecost=0.461
info|2019-12-11 12:44:39.386575|[g:1][CONSENSUS][PBFT]checkAndChangeView: Reach consensus,org_view=6303,org_changeCycle=0,cur_changeCycle=0,to_view=6304
info|2019-12-11 12:44:40.386768|[g:1][CONSENSUS][SEALER]++++++++++++++++ Generating seal on,blkNum=1,tx=0,nodeIdx=0,hash=1082f02f...
info|2019-12-11 12:44:40.390547|[g:1][CONSENSUS][PBFT]checkTimeout Succ,view=6304,toView=6305,nodeIdx=0,changeCycle=0,myNode=3d2207af...,timecost=0.417
info|2019-12-11 12:44:40.390991|[g:1][CONSENSUS][PBFT]checkAndChangeView: Reach consensus,org_view=6304,org_changeCycle=0,cur_changeCycle=0,to_view=6305
info|2019-12-11 12:44:41.392327|[g:1][CONSENSUS]addRawPrepare,height=1,reqIdx=1,hash=20d0b4bf...
info|2019-12-11 12:44:41.394634|[g:1][CONSENSUS][PBFT]checkTimeout Succ,view=6305,toView=6306,nodeIdx=0,changeCycle=0,myNode=3d2207af...,timecost=2.181
info|2019-12-11 12:44:41.395537|[g:1][CONSENSUS][PBFT]checkAndChangeView: Reach consensus,org_view=6305,org_changeCycle=0,cur_changeCycle=0,to_view=6306
info|2019-12-11 12:44:42.022582|[P2P][Service] heartBeat,connected count=3
info|2019-12-11 12:44:42.397107|[g:1][CONSENSUS]addRawPrepare,height=1,reqIdx=2,hash=47eefb3a...
info|2019-12-11 12:44:42.398303|[g:1][CONSENSUS][PBFT]checkTimeout Succ,view=6306,toView=6307,nodeIdx=0,changeCycle=0,myNode=3d2207af...,timecost=0.97
info|2019-12-11 12:44:42.400919|[g:1][CONSENSUS][PBFT]checkAndChangeView: Reach consensus,org_view=6306,org_changeCycle=0,cur_changeCycle=0,to_view=6307
info|2019-12-11 12:44:43.403235|[g:1][CONSENSUS]addRawPrepare,height=1,reqIdx=3,hash=5e4756ed...
info|2019-12-11 12:44:43.403610|[g:1][CONSENSUS][PBFT]checkTimeout Succ,view=6307,toView=6308,nodeIdx=0,changeCycle=0,myNode=3d2207af...,timecost=0.278
info|2019-12-11 12:44:43.405286|[g:1][CONSENSUS][PBFT]checkAndChangeView: Reach consensus,org_view=6307,org_changeCycle=0,cur_changeCycle=0,to_view=6308
info|2019-12-11 12:44:44.406251|[g:1][CONSENSUS][SEALER]++++++++++++++++ Generating seal on,blkNum=1,tx=0,nodeIdx=0,hash=0e71a473...
info|2019-12-11 12:44:44.411377|[g:1][CONSENSUS][PBFT]checkTimeout Succ,view=6308,toView=6309,nodeIdx=0,changeCycle=0,myNode=3d2207af...,timecost=0.581
info|2019-12-11 12:44:44.412102|[g:1][CONSENSUS][PBFT]checkAndChangeView: Reach consensus,org_view=6308,org_changeCycle=0,cur_changeCycle=0,to_view=6309
info|2019-12-11 12:44:45.414980|[g:1][CONSENSUS]addRawPrepare,height=1,reqIdx=1,hash=72e1938b...
info|2019-12-11 12:44:45.416029|[g:1][CONSENSUS][PBFT]checkTimeout Succ,view=6309,toView=6310,nodeIdx=0,changeCycle=0,myNode=3d2207af...,timecost=0.72
info|2019-12-11 12:44:45.417939|[g:1][CONSENSUS][PBFT]checkAndChangeView: Reach consensus,org_view=6309,org_changeCycle=0,cur_changeCycle=0,to_view=6310
info|2019-12-11 12:44:46.418811|[g:1][CONSENSUS]addRawPrepare,height=1,reqIdx=2,hash=2848faf1...
info|2019-12-11 12:44:46.419621|[g:1][CONSENSUS][PBFT]checkTimeout Succ,view=6310,toView=6311,nodeIdx=0,changeCycle=0,myNode=3d2207af...,timecost=0.65
info|2019-12-11 12:44:46.421391|[g:1][CONSENSUS][PBFT]checkAndChangeView: Reach consensus,org_view=6310,org_changeCycle=0,cur_changeCycle=0,to_view=6311
info|2019-12-11 12:44:47.422051|[g:1][CONSENSUS]addRawPrepare,height=1,reqIdx=3,hash=2e7b4193...
info|2019-12-11 12:44:47.422446|[g:1][CONSENSUS][PBFT]checkTimeout Succ,view=6311,toView=6312,nodeIdx=0,changeCycle=0,myNode=3d2207af...,timecost=0.272
info|2019-12-11 12:44:47.424270|[g:1][CONSENSUS][PBFT]checkAndChangeView: Reach consensus,org_view=6311,org_changeCycle=0,cur_changeCycle=0,to_view=6312
info|2019-12-11 12:44:48.424766|[g:1][CONSENSUS][SEALER]++++++++++++++++ Generating seal on,blkNum=1,tx=0,nodeIdx=0,hash=3fe907a4...
info|2019-12-11 12:44:48.427994|[g:1][CONSENSUS][PBFT]checkTimeout Succ,view=6312,toView=6313,nodeIdx=0,changeCycle=0,myNode=3d2207af...,timecost=0.389
info|2019-12-11 12:44:48.429220|[g:1][CONSENSUS][PBFT]checkAndChangeView: Reach consensus,org_view=6312,org_changeCycle=0,cur_changeCycle=0,to_view=6313
info|2019-12-11 12:44:49.431868|[g:1][CONSENSUS]addRawPrepare,height=1,reqIdx=1,hash=f611d129...
info|2019-12-11 12:44:49.432762|[g:1][CONSENSUS][PBFT]checkTimeout Succ,view=6313,toView=6314,nodeIdx=0,changeCycle=0,myNode=3d2207af...,timecost=0.68
info|2019-12-11 12:44:49.434912|[g:1][CONSENSUS][PBFT]checkAndChangeView: Reach consensus,org_view=6313,org_changeCycle=0,cur_changeCycle=0,to_view=6314
info|2019-12-11 12:44:50.438037|[g:1][CONSENSUS]addRawPrepare,height=1,reqIdx=2,hash=b840c2b0...
info|2019-12-11 12:44:50.438765|[g:1][CONSENSUS][PBFT]checkTimeout Succ,view=6314,toView=6315,nodeIdx=0,changeCycle=0,myNode=3d2207af...,timecost=0.551
info|2019-12-11 12:44:50.439958|[g:1][CONSENSUS][PBFT]checkAndChangeView: Reach consensus,org_view=6314,org_changeCycle=0,cur_changeCycle=0,to_view=6315
info|2019-12-11 12:44:51.442384|[g:1][CONSENSUS]addRawPrepare,height=1,reqIdx=3,hash=eba35842...
info|2019-12-11 12:44:51.442923|[g:1][CONSENSUS][PBFT]checkTimeout Succ,view=6315,toView=6316,nodeIdx=0,changeCycle=0,myNode=3d2207af...,timecost=0.403
info|2019-12-11 12:44:51.445537|[g:1][CONSENSUS][PBFT]checkAndChangeView: Reach consensus,org_view=6315,org_changeCycle=0,cur_changeCycle=0,to_view=6316
info|2019-12-11 12:44:52.023072|[P2P][Service] heartBeat,connected count=3
info|2019-12-11 12:44:52.445458|[g:1][CONSENSUS][SEALER]++++++++++++++++ Generating seal on,blkNum=1,tx=0,nodeIdx=0,hash=04fbb43f...
info|2019-12-11 12:44:52.446056|[g:1][CONSENSUS][PBFT]checkTimeout Succ,view=6316,toView=6317,nodeIdx=0,changeCycle=0,myNode=3d2207af...,timecost=0.354
info|2019-12-11 12:44:52.449444|[g:1][CONSENSUS][PBFT]checkAndChangeView: Reach consensus,org_view=6316,org_changeCycle=0,cur_changeCycle=0,to_view=6317
info|2019-12-11 12:44:53.450093|[g:1][CONSENSUS]addRawPrepare,height=1,reqIdx=1,hash=2f34d1b3...
info|2019-12-11 12:44:53.450482|[g:1][CONSENSUS][PBFT]checkTimeout Succ,view=6317,toView=6318,nodeIdx=0,changeCycle=0,myNode=3d2207af...,timecost=0.256
info|2019-12-11 12:44:53.452002|[g:1][CONSENSUS][PBFT]checkAndChangeView: Reach consensus,org_view=6317,org_changeCycle=0,cur_changeCycle=0,to_view=6318
warning|2019-12-11 12:50:26.010137|[g:1][CONSENSUS][PBFT]ViewChangeWarning: not caused by omit empty block ,v=6318,toV=6319,curNum=0,hash=535430dd...,nodeIdx=0,myNode=3d2207af...
info|2019-12-11 12:50:26.010245|[g:1][CONSENSUS][PBFT]checkTimeout Succ,view=6318,toView=6319,nodeIdx=0,changeCycle=1,myNode=3d2207af...,timecost=5.161
info|2019-12-11 12:50:26.010566|[P2P][Service] heartBeat,connected count=3
info|2019-12-11 12:50:26.021970|[g:1][CONSENSUS][PBFT]checkAndChangeView: Reach consensus,org_view=6318,org_changeCycle=1,cur_changeCycle=1,to_view=6319
info|2019-12-11 12:50:27.026552|[g:1][CONSENSUS]addRawPrepare,height=1,reqIdx=3,hash=7b42b61a...
info|2019-12-11 12:50:27.027131|[g:1][CONSENSUS][PBFT]checkTimeout Succ,view=6319,toView=6320,nodeIdx=0,changeCycle=0,myNode=3d2207af...,timecost=0.472
info|2019-12-11 12:50:27.028368|[g:1][CONSENSUS][PBFT]checkAndChangeView: Reach consensus,org_view=6319,org_changeCycle=0,cur_changeCycle=0,to_view=6320
info|2019-12-11 12:50:28.029039|[g:1][CONSENSUS][SEALER]++++++++++++++++ Generating seal on,blkNum=1,tx=0,nodeIdx=0,hash=afe6afb6...
info|2019-12-11 12:50:28.031028|[g:1][CONSENSUS][PBFT]checkTimeout Succ,view=6320,toView=6321,nodeIdx=0,changeCycle=0,myNode=3d2207af...,timecost=0.315
info|2019-12-11 12:50:28.031970|[g:1][CONSENSUS][PBFT]checkAndChangeView: Reach consensus,org_view=6320,org_changeCycle=0,cur_changeCycle=0,to_view=6321
info|2019-12-11 12:50:29.032209|[g:1][CONSENSUS]addRawPrepare,height=1,reqIdx=1,hash=b8bd4ff9...
info|2019-12-11 12:50:29.032840|[g:1][CONSENSUS][PBFT]checkTimeout Succ,view=6321,toView=6322,nodeIdx=0,changeCycle=0,myNode=3d2207af...,timecost=0.449
info|2019-12-11 12:50:29.034750|[g:1][CONSENSUS][PBFT]checkAndChangeView: Reach consensus,org_view=6321,org_changeCycle=0,cur_changeCycle=0,to_view=6322
info|2019-12-11 12:50:30.036345|[g:1][CONSENSUS]addRawPrepare,height=1,reqIdx=2,hash=7524fdc7...
info|2019-12-11 12:50:30.036802|[g:1][CONSENSUS][PBFT]checkTimeout Succ,view=6322,toView=6323,nodeIdx=0,changeCycle=0,myNode=3d2207af...,timecost=0.308
info|2019-12-11 12:50:30.038187|[g:1][CONSENSUS][PBFT]checkAndChangeView: Reach consensus,org_view=6322,org_changeCycle=0,cur_changeCycle=0,to_view=6323
info|2019-12-11 12:50:31.039259|[g:1][CONSENSUS]addRawPrepare,height=1,reqIdx=3,hash=7766deba...
info|2019-12-11 12:50:31.039642|[g:1][CONSENSUS][PBFT]checkTimeout Succ,view=6323,toView=6324,nodeIdx=0,changeCycle=0,myNode=3d2207af...,timecost=0.287
info|2019-12-11 12:50:31.041632|[g:1][CONSENSUS][PBFT]checkAndChangeView: Reach consensus,org_view=6323,org_changeCycle=0,cur_changeCycle=0,to_view=6324
info|2019-12-11 12:50:32.041666|[g:1][CONSENSUS][SEALER]++++++++++++++++ Generating seal on,blkNum=1,tx=0,nodeIdx=0,hash=637198d3...
info|2019-12-11 12:50:32.042737|[g:1][CONSENSUS][PBFT]checkTimeout Succ,view=6324,toView=6325,nodeIdx=0,changeCycle=0,myNode=3d2207af...,timecost=0.272
info|2019-12-11 12:50:32.046295|[g:1][CONSENSUS][PBFT]checkAndChangeView: Reach consensus,org_view=6324,org_changeCycle=0,cur_changeCycle=0,to_view=6325
info|2019-12-11 12:50:33.047859|[g:1][CONSENSUS]addRawPrepare,height=1,reqIdx=1,hash=13953410...
info|2019-12-11 12:50:33.049155|[g:1][CONSENSUS][PBFT]checkTimeout Succ,view=6325,toView=6326,nodeIdx=0,changeCycle=0,myNode=3d2207af...,timecost=1.085
info|2019-12-11 12:50:33.050283|[g:1][CONSENSUS][PBFT]checkAndChangeView: Reach consensus,org_view=6325,org_changeCycle=0,cur_changeCycle=0,to_view=6326
info|2019-12-11 12:50:34.050736|[g:1][CONSENSUS]addRawPrepare,height=1,reqIdx=2,hash=f1c1cefc...
info|2019-12-11 12:50:34.052479|[g:1][CONSENSUS][PBFT]checkTimeout Succ,view=6326,toView=6327,nodeIdx=0,changeCycle=0,myNode=3d2207af...,timecost=1.591
info|2019-12-11 12:50:34.053513|[g:1][CONSENSUS][PBFT]checkAndChangeView: Reach consensus,org_view=6326,org_changeCycle=0,cur_changeCycle=0,to_view=6327
info|2019-12-11 12:50:35.054204|[g:1][CONSENSUS]addRawPrepare,height=1,reqIdx=3,hash=7bc41242...
info|2019-12-11 12:50:35.054785|[g:1][CONSENSUS][PBFT]checkTimeout Succ,view=6327,toView=6328,nodeIdx=0,changeCycle=0,myNode=3d2207af...,timecost=0.483
info|2019-12-11 12:50:35.056265|[g:1][CONSENSUS][PBFT]checkAndChangeView: Reach consensus,org_view=6327,org_changeCycle=0,cur_changeCycle=0,to_view=6328
info|2019-12-11 12:50:36.020208|[P2P][Service] heartBeat,connected count=3
info|2019-12-11 12:50:36.056357|[g:1][CONSENSUS][SEALER]++++++++++++++++ Generating seal on,blkNum=1,tx=0,nodeIdx=0,hash=ce602167...
info|2019-12-11 12:50:36.057377|[g:1][CONSENSUS][PBFT]checkTimeout Succ,view=6328,toView=6329,nodeIdx=0,changeCycle=0,myNode=3d2207af...,timecost=0.649
info|2019-12-11 12:50:36.060575|[g:1][CONSENSUS][PBFT]checkAndChangeView: Reach consensus,org_view=6328,org_changeCycle=0,cur_changeCycle=0,to_view=6329
info|2019-12-11 12:50:37.068044|[g:1][CONSENSUS]addRawPrepare,height=1,reqIdx=1,hash=f6c9476d...
info|2019-12-11 12:50:37.073648|[g:1][CONSENSUS][PBFT]checkTimeout Succ,view=6329,toView=6330,nodeIdx=0,changeCycle=0,myNode=3d2207af...,timecost=5.096
info|2019-12-11 12:50:37.083681|[g:1][CONSENSUS][PBFT]checkAndChangeView: Reach consensus,org_view=6329,org_changeCycle=0,cur_changeCycle=0,to_view=6330
info|2019-12-11 12:50:38.113519|[g:1][CONSENSUS]addRawPrepare,height=1,reqIdx=2,hash=5c8a80d7...
info|2019-12-11 12:50:38.121385|[g:1][CONSENSUS][PBFT]checkTimeout Succ,view=6330,toView=6331,nodeIdx=0,changeCycle=0,myNode=3d2207af...,timecost=6.078
info|2019-12-11 12:50:38.128757|[g:1][CONSENSUS][PBFT]checkAndChangeView: Reach consensus,org_view=6330,org_changeCycle=0,cur_changeCycle=0,to_view=6331
info|2019-12-11 12:50:39.135680|[g:1][CONSENSUS]addRawPrepare,height=1,reqIdx=3,hash=ba351b6a...
info|2019-12-11 12:50:39.142402|[g:1][CONSENSUS][PBFT]checkTimeout Succ,view=6331,toView=6332,nodeIdx=0,changeCycle=0,myNode=3d2207af...,timecost=5.887
info|2019-12-11 12:50:39.151258|[g:1][CONSENSUS][PBFT]checkAndChangeView: Reach consensus,org_view=6331,org_changeCycle=0,cur_changeCycle=0,to_view=6332
info|2019-12-11 12:50:40.152961|[g:1][CONSENSUS][SEALER]++++++++++++++++ Generating seal on,blkNum=1,tx=0,nodeIdx=0,hash=9d1778c6...
info|2019-12-11 12:50:40.156734|[g:1][CONSENSUS][PBFT]checkTimeout Succ,view=6332,toView=6333,nodeIdx=0,changeCycle=0,myNode=3d2207af...,timecost=2.194
info|2019-12-11 12:50:40.177232|[g:1][CONSENSUS][PBFT]checkAndChangeView: Reach consensus,org_view=6332,org_changeCycle=0,cur_changeCycle=0,to_view=6333
info|2019-12-11 12:50:41.185153|[g:1][CONSENSUS]addRawPrepare,height=1,reqIdx=1,hash=bd0beacd...
info|2019-12-11 12:50:41.194326|[g:1][CONSENSUS][PBFT]checkTimeout Succ,view=6333,toView=6334,nodeIdx=0,changeCycle=0,myNode=3d2207af...,timecost=8.349
info|2019-12-11 12:50:41.201939|[g:1][CONSENSUS][PBFT]checkAndChangeView: Reach consensus,org_view=6333,org_changeCycle=0,cur_changeCycle=0,to_view=6334
info|2019-12-11 12:50:42.222784|[g:1][CONSENSUS]addRawPrepare,height=1,reqIdx=2,hash=e3e9e17d...
info|2019-12-11 12:50:42.231834|[g:1][CONSENSUS][PBFT]checkTimeout Succ,view=6334,toView=6335,nodeIdx=0,changeCycle=0,myNode=3d2207af...,timecost=8.36
info|2019-12-11 12:50:42.238518|[g:1][CONSENSUS][PBFT]checkAndChangeView: Reach consensus,org_view=6334,org_changeCycle=0,cur_changeCycle=0,to_view=6335
info|2019-12-11 12:50:43.253990|[g:1][CONSENSUS]addRawPrepare,height=1,reqIdx=3,hash=0758217c...
info|2019-12-11 12:50:43.256975|[g:1][CONSENSUS][PBFT]checkTimeout Succ,view=6335,toView=6336,nodeIdx=0,changeCycle=0,myNode=3d2207af...,timecost=2.232
info|2019-12-11 12:50:43.271802|[g:1][CONSENSUS][PBFT]checkAndChangeView: Reach consensus,org_view=6335,org_changeCycle=0,cur_changeCycle=0,to_view=6336
info|2019-12-11 12:50:44.272194|[g:1][CONSENSUS][SEALER]++++++++++++++++ Generating seal on,blkNum=1,tx=0,nodeIdx=0,hash=dc928a1c...
info|2019-12-11 12:50:44.276033|[g:1][CONSENSUS][PBFT]checkTimeout Succ,view=6336,toView=6337,nodeIdx=0,changeCycle=0,myNode=3d2207af...,timecost=2.244
info|2019-12-11 12:50:44.293683|[g:1][CONSENSUS][PBFT]checkAndChangeView: Reach consensus,org_view=6336,org_changeCycle=0,cur_changeCycle=0,to_view=6337
info|2019-12-11 12:50:45.305483|[g:1][CONSENSUS]addRawPrepare,height=1,reqIdx=1,hash=e51a3a68...
info|2019-12-11 12:50:45.312412|[g:1][CONSENSUS][PBFT]checkTimeout Succ,view=6337,toView=6338,nodeIdx=0,changeCycle=0,myNode=3d2207af...,timecost=6.272
info|2019-12-11 12:50:45.325419|[g:1][CONSENSUS][PBFT]checkAndChangeView: Reach consensus,org_view=6337,org_changeCycle=0,cur_changeCycle=0,to_view=6338
info|2019-12-11 12:50:46.024647|[P2P][Service] heartBeat,connected count=3
info|2019-12-11 12:50:46.345572|[g:1][CONSENSUS]addRawPrepare,height=1,reqIdx=2,hash=b754b154...
info|2019-12-11 12:50:46.365279|[g:1][CONSENSUS][PBFT]checkTimeout Succ,view=6338,toView=6339,nodeIdx=0,changeCycle=0,myNode=3d2207af...,timecost=19.015
info|2019-12-11 12:50:46.377931|[g:1][CONSENSUS][PBFT]checkAndChangeView: Reach consensus,org_view=6338,org_changeCycle=0,cur_changeCycle=0,to_view=6339
info|2019-12-11 12:50:47.377894|[g:1][CONSENSUS]addRawPrepare,height=1,reqIdx=3,hash=40f3521b...
info|2019-12-11 12:50:47.378594|[g:1][CONSENSUS][PBFT]checkTimeout Succ,view=6339,toView=6340,nodeIdx=0,changeCycle=0,myNode=3d2207af...,timecost=0.516
info|2019-12-11 12:50:47.382583|[g:1][CONSENSUS][PBFT]checkAndChangeView: Reach consensus,org_view=6339,org_changeCycle=0,cur_changeCycle=0,to_view=6340
info|2019-12-11 12:50:48.382361|[g:1][CONSENSUS][SEALER]++++++++++++++++ Generating seal on,blkNum=1,tx=0,nodeIdx=0,hash=ab8f2bdc...
info|2019-12-11 12:50:48.383023|[g:1][CONSENSUS][PBFT]checkTimeout Succ,view=6340,toView=6341,nodeIdx=0,changeCycle=0,myNode=3d2207af...,timecost=0.327
info|2019-12-11 12:50:48.385226|[g:1][CONSENSUS][PBFT]checkAndChangeView: Reach consensus,org_view=6340,org_changeCycle=0,cur_changeCycle=0,to_view=6341
info|2019-12-11 12:50:49.386005|[g:1][CONSENSUS]addRawPrepare,height=1,reqIdx=1,hash=59fae2b2...
info|2019-12-11 12:50:49.386444|[g:1][CONSENSUS][PBFT]checkTimeout Succ,view=6341,toView=6342,nodeIdx=0,changeCycle=0,myNode=3d2207af...,timecost=0.329
info|2019-12-11 12:50:49.388243|[g:1][CONSENSUS][PBFT]checkAndChangeView: Reach consensus,org_view=6341,org_changeCycle=0,cur_changeCycle=0,to_view=6342
info|2019-12-11 12:50:50.390340|[g:1][CONSENSUS]addRawPrepare,height=1,reqIdx=2,hash=ca7e043b...
info|2019-12-11 12:50:50.392517|[g:1][CONSENSUS][PBFT]checkTimeout Succ,view=6342,toView=6343,nodeIdx=0,changeCycle=0,myNode=3d2207af...,timecost=1.343
info|2019-12-11 12:50:50.394140|[g:1][CONSENSUS][PBFT]checkAndChangeView: Reach consensus,org_view=6342,org_changeCycle=0,cur_changeCycle=0,to_view=6343
info|2019-12-11 12:50:51.396765|[g:1][CONSENSUS]addRawPrepare,height=1,reqIdx=3,hash=3af950d6...
info|2019-12-11 12:50:51.397780|[g:1][CONSENSUS][PBFT]checkTimeout Succ,view=6343,toView=6344,nodeIdx=0,changeCycle=0,myNode=3d2207af...,timecost=0.818
info|2019-12-11 12:50:51.400720|[g:1][CONSENSUS][PBFT]checkAndChangeView: Reach consensus,org_view=6343,org_changeCycle=0,cur_changeCycle=0,to_view=6344
info|2019-12-11 12:50:52.400706|[g:1][CONSENSUS][SEALER]++++++++++++++++ Generating seal on,blkNum=1,tx=0,nodeIdx=0,hash=a19093df...
info|2019-12-11 12:50:52.404745|[g:1][CONSENSUS][PBFT]checkTimeout Succ,view=6344,toView=6345,nodeIdx=0,changeCycle=0,myNode=3d2207af...,timecost=1.058
info|2019-12-11 12:50:52.405275|[g:1][CONSENSUS][PBFT]checkAndChangeView: Reach consensus,org_view=6344,org_changeCycle=0,cur_changeCycle=0,to_view=6345
info|2019-12-11 12:50:53.407069|[g:1][CONSENSUS]addRawPrepare,height=1,reqIdx=1,hash=0babcb44...
info|2019-12-11 12:50:53.409415|[g:1][CONSENSUS][PBFT]checkTimeout Succ,view=6345,toView=6346,nodeIdx=0,changeCycle=0,myNode=3d2207af...,timecost=2.067
info|2019-12-11 12:50:53.411258|[g:1][CONSENSUS][PBFT]checkAndChangeView: Reach consensus,org_view=6345,org_changeCycle=0,cur_changeCycle=0,to_view=6346
info|2019-12-11 12:50:54.414070|[g:1][CONSENSUS]addRawPrepare,height=1,reqIdx=2,hash=4b2b0321...
info|2019-12-11 12:50:54.415136|[g:1][CONSENSUS][PBFT]checkTimeout Succ,view=6346,toView=6347,nodeIdx=0,changeCycle=0,myNode=3d2207af...,timecost=0.719
info|2019-12-11 12:50:54.418424|[g:1][CONSENSUS][PBFT]checkAndChangeView: Reach consensus,org_view=6346,org_changeCycle=0,cur_changeCycle=0,to_view=6347
info|2019-12-11 12:50:55.420702|[g:1][CONSENSUS]addRawPrepare,height=1,reqIdx=3,hash=5fbb4f3b...
info|2019-12-11 12:50:55.421973|[g:1][CONSENSUS][PBFT]checkTimeout Succ,view=6347,toView=6348,nodeIdx=0,changeCycle=0,myNode=3d2207af...,timecost=1.054
info|2019-12-11 12:50:55.423757|[g:1][CONSENSUS][PBFT]checkAndChangeView: Reach consensus,org_view=6347,org_changeCycle=0,cur_changeCycle=0,to_view=6348
info|2019-12-11 12:50:56.029005|[P2P][Service] heartBeat,connected count=3
info|2019-12-11 12:50:56.424724|[g:1][CONSENSUS][SEALER]++++++++++++++++ Generating seal on,blkNum=1,tx=0,nodeIdx=0,hash=97b5cbf9...
info|2019-12-11 12:50:56.426109|[g:1][CONSENSUS][PBFT]checkTimeout Succ,view=6348,toView=6349,nodeIdx=0,changeCycle=0,myNode=3d2207af...,timecost=0.843
info|2019-12-11 12:50:56.430661|[g:1][CONSENSUS][PBFT]checkAndChangeView: Reach consensus,org_view=6348,org_changeCycle=0,cur_changeCycle=0,to_view=6349
info|2019-12-11 12:50:57.431466|[g:1][CONSENSUS]addRawPrepare,height=1,reqIdx=1,hash=0bf3ba92...
info|2019-12-11 12:50:57.431947|[g:1][CONSENSUS][PBFT]checkTimeout Succ,view=6349,toView=6350,nodeIdx=0,changeCycle=0,myNode=3d2207af...,timecost=0.331
info|2019-12-11 12:50:57.432881|[g:1][CONSENSUS][PBFT]checkAndChangeView: Reach consensus,org_view=6349,org_changeCycle=0,cur_changeCycle=0,to_view=6350
info|2019-12-11 12:50:58.436245|[g:1][CONSENSUS]addRawPrepare,height=1,reqIdx=2,hash=cead6968...
info|2019-12-11 12:50:58.438369|[g:1][CONSENSUS][PBFT]checkTimeout Succ,view=6350,toView=6351,nodeIdx=0,changeCycle=0,myNode=3d2207af...,timecost=1.689
info|2019-12-11 12:50:58.440143|[g:1][CONSENSUS][PBFT]checkAndChangeView: Reach consensus,org_view=6350,org_changeCycle=0,cur_changeCycle=0,to_view=6351
info|2019-12-11 12:50:59.443316|[g:1][CONSENSUS]addRawPrepare,height=1,reqIdx=3,hash=eba50030...
info|2019-12-11 12:50:59.445056|[g:1][CONSENSUS][PBFT]checkTimeout Succ,view=6351,toView=6352,nodeIdx=0,changeCycle=0,myNode=3d2207af...,timecost=1.533
info|2019-12-11 12:50:59.446722|[g:1][CONSENSUS][PBFT]checkAndChangeView: Reach consensus,org_view=6351,org_changeCycle=0,cur_changeCycle=0,to_view=6352
info|2019-12-11 12:51:00.447386|[g:1][CONSENSUS][SEALER]++++++++++++++++ Generating seal on,blkNum=1,tx=0,nodeIdx=0,hash=698ee73a...
info|2019-12-11 12:51:00.450364|[g:1][CONSENSUS][PBFT]checkTimeout Succ,view=6352,toView=6353,nodeIdx=0,changeCycle=0,myNode=3d2207af...,timecost=0.337
info|2019-12-11 12:51:00.451508|[g:1][CONSENSUS][PBFT]checkAndChangeView: Reach consensus,org_view=6352,org_changeCycle=0,cur_changeCycle=0,to_view=6353
info|2019-12-11 12:51:01.452922|[g:1][CONSENSUS]addRawPrepare,height=1,reqIdx=1,hash=0019b384...
info|2019-12-11 12:51:01.453279|[g:1][CONSENSUS][PBFT]checkTimeout Succ,view=6353,toView=6354,nodeIdx=0,changeCycle=0,myNode=3d2207af...,timecost=0.261
info|2019-12-11 12:51:01.454889|[g:1][CONSENSUS][PBFT]checkAndChangeView: Reach consensus,org_view=6353,org_changeCycle=0,cur_changeCycle=0,to_view=6354
info|2019-12-11 12:51:02.461187|[g:1][CONSENSUS]addRawPrepare,height=1,reqIdx=2,hash=ed226778...
info|2019-12-11 12:51:02.462630|[g:1][CONSENSUS][PBFT]checkTimeout Succ,view=6354,toView=6355,nodeIdx=0,changeCycle=0,myNode=3d2207af...,timecost=0.672
info|2019-12-11 12:51:02.465272|[g:1][CONSENSUS][PBFT]checkAndChangeView: Reach consensus,org_view=6354,org_changeCycle=0,cur_changeCycle=0,to_view=6355
info|2019-12-11 12:51:03.466347|[g:1][CONSENSUS]addRawPrepare,height=1,reqIdx=3,hash=0ff52f18...
info|2019-12-11 12:51:03.466793|[g:1][CONSENSUS][PBFT]checkTimeout Succ,view=6355,toView=6356,nodeIdx=0,changeCycle=0,myNode=3d2207af...,timecost=0.321
info|2019-12-11 12:51:03.468577|[g:1][CONSENSUS][PBFT]checkAndChangeView: Reach consensus,org_view=6355,org_changeCycle=0,cur_changeCycle=0,to_view=6356
