info|2019-12-11 20:31:38.019244|[P2P][Service] heartBeat,connected count=3
warning|2019-12-11 20:31:38.021221|[g:1][CONSENSUS][PBFT]ViewChangeWarning: not caused by omit empty block ,v=4161,toV=4162,curNum=6,hash=7ce3abdb...,nodeIdx=0,myNode=3d2207af...
info|2019-12-11 20:31:38.021328|[g:1][CONSENSUS][PBFT]checkTimeout Succ,view=4161,toView=4162,nodeIdx=0,changeCycle=1,myNode=3d2207af...,timecost=0.343
info|2019-12-11 20:31:38.032344|[g:1][CONSENSUS][PBFT]checkAndChangeView: Reach consensus,org_view=4161,org_changeCycle=1,cur_changeCycle=1,to_view=4162
info|2019-12-11 20:31:39.032204|[g:1][CONSENSUS][SEALER]++++++++++++++++ Generating seal on,blkNum=7,tx=0,nodeIdx=0,hash=7c521668...
info|2019-12-11 20:31:39.032940|[g:1][CONSENSUS][PBFT]checkTimeout Succ,view=4162,toView=4163,nodeIdx=0,changeCycle=0,myNode=3d2207af...,timecost=0.279
info|2019-12-11 20:31:39.035162|[g:1][CONSENSUS][PBFT]checkAndChangeView: Reach consensus,org_view=4162,org_changeCycle=0,cur_changeCycle=0,to_view=4163
info|2019-12-11 20:31:40.037408|[g:1][CONSENSUS]addRawPrepare,height=7,reqIdx=1,hash=f0b86385...
info|2019-12-11 20:31:40.038062|[g:1][CONSENSUS][PBFT]checkTimeout Succ,view=4163,toView=4164,nodeIdx=0,changeCycle=0,myNode=3d2207af...,timecost=0.404
info|2019-12-11 20:31:40.039512|[g:1][CONSENSUS][PBFT]checkAndChangeView: Reach consensus,org_view=4163,org_changeCycle=0,cur_changeCycle=0,to_view=4164
info|2019-12-11 20:31:41.041582|[g:1][CONSENSUS]addRawPrepare,height=7,reqIdx=2,hash=a32f7328...
info|2019-12-11 20:31:41.041988|[g:1][CONSENSUS][PBFT]checkTimeout Succ,view=4164,toView=4165,nodeIdx=0,changeCycle=0,myNode=3d2207af...,timecost=0.289
info|2019-12-11 20:31:41.043328|[g:1][CONSENSUS][PBFT]checkAndChangeView: Reach consensus,org_view=4164,org_changeCycle=0,cur_changeCycle=0,to_view=4165
info|2019-12-11 20:31:42.044248|[g:1][CONSENSUS]addRawPrepare,height=7,reqIdx=3,hash=75f32503...
info|2019-12-11 20:31:42.044617|[g:1][CONSENSUS][PBFT]checkTimeout Succ,view=4165,toView=4166,nodeIdx=0,changeCycle=0,myNode=3d2207af...,timecost=0.271
info|2019-12-11 20:31:42.046807|[g:1][CONSENSUS][PBFT]checkAndChangeView: Reach consensus,org_view=4165,org_changeCycle=0,cur_changeCycle=0,to_view=4166
info|2019-12-11 20:31:43.046561|[g:1][CONSENSUS][SEALER]++++++++++++++++ Generating seal on,blkNum=7,tx=0,nodeIdx=0,hash=53a83c5e...
info|2019-12-11 20:31:43.050427|[g:1][CONSENSUS][PBFT]checkTimeout Succ,view=4166,toView=4167,nodeIdx=0,changeCycle=0,myNode=3d2207af...,timecost=3.489
info|2019-12-11 20:31:43.051663|[g:1][CONSENSUS][PBFT]checkAndChangeView: Reach consensus,org_view=4166,org_changeCycle=0,cur_changeCycle=0,to_view=4167
info|2019-12-11 20:31:44.050466|[g:1][CONSENSUS]addRawPrepare,height=7,reqIdx=1,hash=cee6b385...
info|2019-12-11 20:31:44.050956|[g:1][CONSENSUS][PBFT]checkTimeout Succ,view=4167,toView=4168,nodeIdx=0,changeCycle=0,myNode=3d2207af...,timecost=0.306
info|2019-12-11 20:31:44.052244|[g:1][CONSENSUS][PBFT]checkAndChangeView: Reach consensus,org_view=4167,org_changeCycle=0,cur_changeCycle=0,to_view=4168
info|2019-12-11 20:31:45.054453|[g:1][CONSENSUS]addRawPrepare,height=7,reqIdx=2,hash=60d1dae8...
info|2019-12-11 20:31:45.055366|[g:1][CONSENSUS][PBFT]checkTimeout Succ,view=4168,toView=4169,nodeIdx=0,changeCycle=0,myNode=3d2207af...,timecost=0.723
info|2019-12-11 20:31:45.058745|[g:1][CONSENSUS][PBFT]checkAndChangeView: Reach consensus,org_view=4168,org_changeCycle=0,cur_changeCycle=0,to_view=4169
info|2019-12-11 20:31:46.061423|[g:1][CONSENSUS]addRawPrepare,height=7,reqIdx=3,hash=c122c52a...
info|2019-12-11 20:31:46.064608|[g:1][CONSENSUS][PBFT]checkTimeout Succ,view=4169,toView=4170,nodeIdx=0,changeCycle=0,myNode=3d2207af...,timecost=2.91
info|2019-12-11 20:31:46.066165|[g:1][CONSENSUS][PBFT]checkAndChangeView: Reach consensus,org_view=4169,org_changeCycle=0,cur_changeCycle=0,to_view=4170
info|2019-12-11 20:31:47.066685|[g:1][CONSENSUS][SEALER]++++++++++++++++ Generating seal on,blkNum=7,tx=0,nodeIdx=0,hash=ac084be1...
info|2019-12-11 20:31:47.071693|[g:1][CONSENSUS][PBFT]checkTimeout Succ,view=4170,toView=4171,nodeIdx=0,changeCycle=0,myNode=3d2207af...,timecost=0.477
info|2019-12-11 20:31:47.073100|[g:1][CONSENSUS][PBFT]checkAndChangeView: Reach consensus,org_view=4170,org_changeCycle=0,cur_changeCycle=0,to_view=4171
info|2019-12-11 20:31:48.026605|[P2P][Service] heartBeat,connected count=3
info|2019-12-11 20:31:48.074892|[g:1][CONSENSUS]addRawPrepare,height=7,reqIdx=1,hash=ef767ec3...
info|2019-12-11 20:31:48.075922|[g:1][CONSENSUS][PBFT]checkTimeout Succ,view=4171,toView=4172,nodeIdx=0,changeCycle=0,myNode=3d2207af...,timecost=0.648
info|2019-12-11 20:31:48.078575|[g:1][CONSENSUS][PBFT]checkAndChangeView: Reach consensus,org_view=4171,org_changeCycle=0,cur_changeCycle=0,to_view=4172
info|2019-12-11 20:31:49.081339|[g:1][CONSENSUS]addRawPrepare,height=7,reqIdx=2,hash=2a0db8b8...
info|2019-12-11 20:31:49.082344|[g:1][CONSENSUS][PBFT]checkTimeout Succ,view=4172,toView=4173,nodeIdx=0,changeCycle=0,myNode=3d2207af...,timecost=0.789
info|2019-12-11 20:31:49.084172|[g:1][CONSENSUS][PBFT]checkAndChangeView: Reach consensus,org_view=4172,org_changeCycle=0,cur_changeCycle=0,to_view=4173
info|2019-12-11 20:31:50.093969|[g:1][CONSENSUS]addRawPrepare,height=7,reqIdx=3,hash=eedf6030...
info|2019-12-11 20:31:50.098171|[g:1][CONSENSUS][PBFT]checkTimeout Succ,view=4173,toView=4174,nodeIdx=0,changeCycle=0,myNode=3d2207af...,timecost=3.034
info|2019-12-11 20:31:50.116560|[g:1][CONSENSUS][PBFT]checkAndChangeView: Reach consensus,org_view=4173,org_changeCycle=0,cur_changeCycle=0,to_view=4174
info|2019-12-11 20:31:51.116677|[g:1][CONSENSUS][SEALER]++++++++++++++++ Generating seal on,blkNum=7,tx=0,nodeIdx=0,hash=2be8a091...
info|2019-12-11 20:31:51.120889|[g:1][CONSENSUS][PBFT]checkTimeout Succ,view=4174,toView=4175,nodeIdx=0,changeCycle=0,myNode=3d2207af...,timecost=2.225
info|2019-12-11 20:31:51.145696|[g:1][CONSENSUS][PBFT]checkAndChangeView: Reach consensus,org_view=4174,org_changeCycle=0,cur_changeCycle=0,to_view=4175
info|2019-12-11 20:31:52.141052|[g:1][CONSENSUS]addRawPrepare,height=7,reqIdx=1,hash=79af8f11...
info|2019-12-11 20:31:52.148247|[g:1][CONSENSUS][PBFT]checkTimeout Succ,view=4175,toView=4176,nodeIdx=0,changeCycle=0,myNode=3d2207af...,timecost=6.58
info|2019-12-11 20:31:52.155163|[g:1][CONSENSUS][PBFT]checkAndChangeView: Reach consensus,org_view=4175,org_changeCycle=0,cur_changeCycle=0,to_view=4176
info|2019-12-11 20:31:53.163716|[g:1][CONSENSUS]addRawPrepare,height=7,reqIdx=2,hash=ba71eb2c...
info|2019-12-11 20:31:53.167406|[g:1][CONSENSUS][PBFT]checkTimeout Succ,view=4176,toView=4177,nodeIdx=0,changeCycle=0,myNode=3d2207af...,timecost=2.252
info|2019-12-11 20:31:53.184088|[g:1][CONSENSUS][PBFT]checkAndChangeView: Reach consensus,org_view=4176,org_changeCycle=0,cur_changeCycle=0,to_view=4177
info|2019-12-11 20:31:54.184010|[g:1][CONSENSUS]addRawPrepare,height=7,reqIdx=3,hash=e666f2c4...
info|2019-12-11 20:31:54.188062|[g:1][CONSENSUS][PBFT]checkTimeout Succ,view=4177,toView=4178,nodeIdx=0,changeCycle=0,myNode=3d2207af...,timecost=3.418
info|2019-12-11 20:31:54.197806|[g:1][CONSENSUS][PBFT]checkAndChangeView: Reach consensus,org_view=4177,org_changeCycle=0,cur_changeCycle=0,to_view=4178
info|2019-12-11 20:31:55.198829|[g:1][CONSENSUS][SEALER]++++++++++++++++ Generating seal on,blkNum=7,tx=0,nodeIdx=0,hash=f85a21c5...
info|2019-12-11 20:31:55.204221|[g:1][CONSENSUS][PBFT]checkTimeout Succ,view=4178,toView=4179,nodeIdx=0,changeCycle=0,myNode=3d2207af...,timecost=2.853
info|2019-12-11 20:31:55.229622|[g:1][CONSENSUS][PBFT]checkAndChangeView: Reach consensus,org_view=4178,org_changeCycle=0,cur_changeCycle=0,to_view=4179
info|2019-12-11 20:31:56.229702|[g:1][CONSENSUS]addRawPrepare,height=7,reqIdx=1,hash=9bc919a4...
info|2019-12-11 20:31:56.238895|[g:1][CONSENSUS][PBFT]checkTimeout Succ,view=4179,toView=4180,nodeIdx=0,changeCycle=0,myNode=3d2207af...,timecost=8.502
info|2019-12-11 20:31:56.254057|[g:1][CONSENSUS][PBFT]checkAndChangeView: Reach consensus,org_view=4179,org_changeCycle=0,cur_changeCycle=0,to_view=4180
info|2019-12-11 20:31:57.252594|[g:1][CONSENSUS]addRawPrepare,height=7,reqIdx=2,hash=40a0945f...
info|2019-12-11 20:31:57.255410|[g:1][CONSENSUS][PBFT]checkTimeout Succ,view=4180,toView=4181,nodeIdx=0,changeCycle=0,myNode=3d2207af...,timecost=2.105
info|2019-12-11 20:31:57.267233|[g:1][CONSENSUS][PBFT]checkAndChangeView: Reach consensus,org_view=4180,org_changeCycle=0,cur_changeCycle=0,to_view=4181
info|2019-12-11 20:31:58.027797|[P2P][Service] heartBeat,connected count=3
info|2019-12-11 20:31:58.272167|[g:1][CONSENSUS]addRawPrepare,height=7,reqIdx=3,hash=1f73f936...
info|2019-12-11 20:31:58.279768|[g:1][CONSENSUS][PBFT]checkTimeout Succ,view=4181,toView=4182,nodeIdx=0,changeCycle=0,myNode=3d2207af...,timecost=6.646
info|2019-12-11 20:31:58.300684|[g:1][CONSENSUS][PBFT]checkAndChangeView: Reach consensus,org_view=4181,org_changeCycle=0,cur_changeCycle=0,to_view=4182
info|2019-12-11 20:31:59.300956|[g:1][CONSENSUS][SEALER]++++++++++++++++ Generating seal on,blkNum=7,tx=0,nodeIdx=0,hash=7332fea3...
info|2019-12-11 20:31:59.302231|[g:1][CONSENSUS][PBFT]checkTimeout Succ,view=4182,toView=4183,nodeIdx=0,changeCycle=0,myNode=3d2207af...,timecost=0.732
info|2019-12-11 20:31:59.307255|[g:1][CONSENSUS][PBFT]checkAndChangeView: Reach consensus,org_view=4182,org_changeCycle=0,cur_changeCycle=0,to_view=4183
info|2019-12-11 20:32:00.309646|[g:1][CONSENSUS]addRawPrepare,height=7,reqIdx=1,hash=3f59d824...
info|2019-12-11 20:32:00.311192|[g:1][CONSENSUS][PBFT]checkTimeout Succ,view=4183,toView=4184,nodeIdx=0,changeCycle=0,myNode=3d2207af...,timecost=1.297
info|2019-12-11 20:32:00.312366|[g:1][CONSENSUS][PBFT]checkAndChangeView: Reach consensus,org_view=4183,org_changeCycle=0,cur_changeCycle=0,to_view=4184
info|2019-12-11 20:32:01.313628|[g:1][CONSENSUS]addRawPrepare,height=7,reqIdx=2,hash=9c187ced...
info|2019-12-11 20:32:01.314367|[g:1][CONSENSUS][PBFT]checkTimeout Succ,view=4184,toView=4185,nodeIdx=0,changeCycle=0,myNode=3d2207af...,timecost=0.327
info|2019-12-11 20:32:01.316132|[g:1][CONSENSUS][PBFT]checkAndChangeView: Reach consensus,org_view=4184,org_changeCycle=0,cur_changeCycle=0,to_view=4185
info|2019-12-11 20:32:02.319382|[g:1][CONSENSUS]addRawPrepare,height=7,reqIdx=3,hash=6fccfa25...
info|2019-12-11 20:32:02.320407|[g:1][CONSENSUS][PBFT]checkTimeout Succ,view=4185,toView=4186,nodeIdx=0,changeCycle=0,myNode=3d2207af...,timecost=0.815
info|2019-12-11 20:32:02.324024|[g:1][CONSENSUS][PBFT]checkAndChangeView: Reach consensus,org_view=4185,org_changeCycle=0,cur_changeCycle=0,to_view=4186
info|2019-12-11 20:32:03.325543|[g:1][CONSENSUS][SEALER]++++++++++++++++ Generating seal on,blkNum=7,tx=0,nodeIdx=0,hash=97976a1e...
info|2019-12-11 20:32:03.326780|[g:1][CONSENSUS][PBFT]checkTimeout Succ,view=4186,toView=4187,nodeIdx=0,changeCycle=0,myNode=3d2207af...,timecost=0.871
info|2019-12-11 20:32:03.329612|[g:1][CONSENSUS][PBFT]checkAndChangeView: Reach consensus,org_view=4186,org_changeCycle=0,cur_changeCycle=0,to_view=4187
info|2019-12-11 20:32:04.331327|[g:1][CONSENSUS]addRawPrepare,height=7,reqIdx=1,hash=8a181c8f...
info|2019-12-11 20:32:04.332000|[g:1][CONSENSUS][PBFT]checkTimeout Succ,view=4187,toView=4188,nodeIdx=0,changeCycle=0,myNode=3d2207af...,timecost=0.54
info|2019-12-11 20:32:04.334262|[g:1][CONSENSUS][PBFT]checkAndChangeView: Reach consensus,org_view=4187,org_changeCycle=0,cur_changeCycle=0,to_view=4188
info|2019-12-11 20:32:05.336223|[g:1][CONSENSUS]addRawPrepare,height=7,reqIdx=2,hash=10d046ad...
info|2019-12-11 20:32:05.337870|[g:1][CONSENSUS][PBFT]checkTimeout Succ,view=4188,toView=4189,nodeIdx=0,changeCycle=0,myNode=3d2207af...,timecost=1.325
info|2019-12-11 20:32:05.339985|[g:1][CONSENSUS][PBFT]checkAndChangeView: Reach consensus,org_view=4188,org_changeCycle=0,cur_changeCycle=0,to_view=4189
info|2019-12-11 20:32:06.342393|[g:1][CONSENSUS]addRawPrepare,height=7,reqIdx=3,hash=95c4db02...
info|2019-12-11 20:32:06.343268|[g:1][CONSENSUS][PBFT]checkTimeout Succ,view=4189,toView=4190,nodeIdx=0,changeCycle=0,myNode=3d2207af...,timecost=0.684
info|2019-12-11 20:32:06.346809|[g:1][CONSENSUS][PBFT]checkAndChangeView: Reach consensus,org_view=4189,org_changeCycle=0,cur_changeCycle=0,to_view=4190
info|2019-12-11 20:32:07.346893|[g:1][CONSENSUS][SEALER]++++++++++++++++ Generating seal on,blkNum=7,tx=0,nodeIdx=0,hash=e5c4f34f...
info|2019-12-11 20:32:07.348210|[g:1][CONSENSUS][PBFT]checkTimeout Succ,view=4190,toView=4191,nodeIdx=0,changeCycle=0,myNode=3d2207af...,timecost=0.779
info|2019-12-11 20:32:07.352150|[g:1][CONSENSUS][PBFT]checkAndChangeView: Reach consensus,org_view=4190,org_changeCycle=0,cur_changeCycle=0,to_view=4191
info|2019-12-11 20:32:08.036042|[P2P][Service] heartBeat,connected count=3
info|2019-12-11 20:32:08.355807|[g:1][CONSENSUS]addRawPrepare,height=7,reqIdx=1,hash=d6136b51...
info|2019-12-11 20:32:08.356765|[g:1][CONSENSUS][PBFT]checkTimeout Succ,view=4191,toView=4192,nodeIdx=0,changeCycle=0,myNode=3d2207af...,timecost=0.736
info|2019-12-11 20:32:08.359187|[g:1][CONSENSUS][PBFT]checkAndChangeView: Reach consensus,org_view=4191,org_changeCycle=0,cur_changeCycle=0,to_view=4192
info|2019-12-11 20:32:09.361962|[g:1][CONSENSUS]addRawPrepare,height=7,reqIdx=2,hash=12d9caf0...
info|2019-12-11 20:32:09.363059|[g:1][CONSENSUS][PBFT]checkTimeout Succ,view=4192,toView=4193,nodeIdx=0,changeCycle=0,myNode=3d2207af...,timecost=0.807
info|2019-12-11 20:32:09.365070|[g:1][CONSENSUS][PBFT]checkAndChangeView: Reach consensus,org_view=4192,org_changeCycle=0,cur_changeCycle=0,to_view=4193
info|2019-12-11 20:32:10.366728|[g:1][CONSENSUS]addRawPrepare,height=7,reqIdx=3,hash=8652e568...
info|2019-12-11 20:32:10.367376|[g:1][CONSENSUS][PBFT]checkTimeout Succ,view=4193,toView=4194,nodeIdx=0,changeCycle=0,myNode=3d2207af...,timecost=0.507
info|2019-12-11 20:32:10.369374|[g:1][CONSENSUS][PBFT]checkAndChangeView: Reach consensus,org_view=4193,org_changeCycle=0,cur_changeCycle=0,to_view=4194
info|2019-12-11 20:32:11.370179|[g:1][CONSENSUS][SEALER]++++++++++++++++ Generating seal on,blkNum=7,tx=0,nodeIdx=0,hash=0cb6e6bc...
info|2019-12-11 20:32:11.371631|[g:1][CONSENSUS][PBFT]checkTimeout Succ,view=4194,toView=4195,nodeIdx=0,changeCycle=0,myNode=3d2207af...,timecost=0.908
info|2019-12-11 20:32:11.375369|[g:1][CONSENSUS][PBFT]checkAndChangeView: Reach consensus,org_view=4194,org_changeCycle=0,cur_changeCycle=0,to_view=4195
info|2019-12-11 20:32:12.378587|[g:1][CONSENSUS]addRawPrepare,height=7,reqIdx=1,hash=577f0b78...
info|2019-12-11 20:32:12.379661|[g:1][CONSENSUS][PBFT]checkTimeout Succ,view=4195,toView=4196,nodeIdx=0,changeCycle=0,myNode=3d2207af...,timecost=0.668
info|2019-12-11 20:32:12.381378|[g:1][CONSENSUS][PBFT]checkAndChangeView: Reach consensus,org_view=4195,org_changeCycle=0,cur_changeCycle=0,to_view=4196
info|2019-12-11 20:32:13.384441|[g:1][CONSENSUS]addRawPrepare,height=7,reqIdx=2,hash=4cedfff9...
info|2019-12-11 20:32:13.385398|[g:1][CONSENSUS][PBFT]checkTimeout Succ,view=4196,toView=4197,nodeIdx=0,changeCycle=0,myNode=3d2207af...,timecost=0.659
info|2019-12-11 20:32:13.388060|[g:1][CONSENSUS][PBFT]checkAndChangeView: Reach consensus,org_view=4196,org_changeCycle=0,cur_changeCycle=0,to_view=4197
info|2019-12-11 20:32:14.392519|[g:1][CONSENSUS]addRawPrepare,height=7,reqIdx=3,hash=2e9eb8c3...
info|2019-12-11 20:32:14.393669|[g:1][CONSENSUS][PBFT]checkTimeout Succ,view=4197,toView=4198,nodeIdx=0,changeCycle=0,myNode=3d2207af...,timecost=0.956
info|2019-12-11 20:32:14.397058|[g:1][CONSENSUS][PBFT]checkAndChangeView: Reach consensus,org_view=4197,org_changeCycle=0,cur_changeCycle=0,to_view=4198
info|2019-12-11 20:32:15.398260|[g:1][CONSENSUS][SEALER]++++++++++++++++ Generating seal on,blkNum=7,tx=0,nodeIdx=0,hash=a8acc9ee...
info|2019-12-11 20:32:15.402762|[g:1][CONSENSUS][PBFT]checkTimeout Succ,view=4198,toView=4199,nodeIdx=0,changeCycle=0,myNode=3d2207af...,timecost=0.878
info|2019-12-11 20:32:15.404549|[g:1][CONSENSUS][PBFT]checkAndChangeView: Reach consensus,org_view=4198,org_changeCycle=0,cur_changeCycle=0,to_view=4199
info|2019-12-11 20:32:16.407337|[g:1][CONSENSUS]addRawPrepare,height=7,reqIdx=1,hash=ffe23008...
info|2019-12-11 20:32:16.408320|[g:1][CONSENSUS][PBFT]checkTimeout Succ,view=4199,toView=4200,nodeIdx=0,changeCycle=0,myNode=3d2207af...,timecost=0.775
info|2019-12-11 20:32:16.411075|[g:1][CONSENSUS][PBFT]checkAndChangeView: Reach consensus,org_view=4199,org_changeCycle=0,cur_changeCycle=0,to_view=4200
info|2019-12-11 20:32:17.412557|[g:1][CONSENSUS]addRawPrepare,height=7,reqIdx=2,hash=d33a0e0a...
info|2019-12-11 20:32:17.413705|[g:1][CONSENSUS][PBFT]checkTimeout Succ,view=4200,toView=4201,nodeIdx=0,changeCycle=0,myNode=3d2207af...,timecost=0.924
info|2019-12-11 20:32:17.415490|[g:1][CONSENSUS][PBFT]checkAndChangeView: Reach consensus,org_view=4200,org_changeCycle=0,cur_changeCycle=0,to_view=4201
info|2019-12-11 20:32:18.036810|[P2P][Service] heartBeat,connected count=3
info|2019-12-11 20:32:18.419869|[g:1][CONSENSUS]addRawPrepare,height=7,reqIdx=3,hash=01475d59...
info|2019-12-11 20:32:18.421882|[g:1][CONSENSUS][PBFT]checkTimeout Succ,view=4201,toView=4202,nodeIdx=0,changeCycle=0,myNode=3d2207af...,timecost=1.792
info|2019-12-11 20:32:18.424887|[g:1][CONSENSUS][PBFT]checkAndChangeView: Reach consensus,org_view=4201,org_changeCycle=0,cur_changeCycle=0,to_view=4202
info|2019-12-11 20:32:19.424843|[g:1][CONSENSUS][SEALER]++++++++++++++++ Generating seal on,blkNum=7,tx=0,nodeIdx=0,hash=fc486418...
info|2019-12-11 20:32:19.426283|[g:1][CONSENSUS][PBFT]checkTimeout Succ,view=4202,toView=4203,nodeIdx=0,changeCycle=0,myNode=3d2207af...,timecost=0.739
info|2019-12-11 20:32:19.431201|[g:1][CONSENSUS][PBFT]checkAndChangeView: Reach consensus,org_view=4202,org_changeCycle=0,cur_changeCycle=0,to_view=4203
info|2019-12-11 20:32:20.433547|[g:1][CONSENSUS]addRawPrepare,height=7,reqIdx=1,hash=8fc8d098...
info|2019-12-11 20:32:20.437198|[g:1][CONSENSUS][PBFT]checkTimeout Succ,view=4203,toView=4204,nodeIdx=0,changeCycle=0,myNode=3d2207af...,timecost=0.525
info|2019-12-11 20:32:20.438375|[g:1][CONSENSUS][PBFT]checkAndChangeView: Reach consensus,org_view=4203,org_changeCycle=0,cur_changeCycle=0,to_view=4204
info|2019-12-11 20:32:21.439926|[g:1][CONSENSUS]addRawPrepare,height=7,reqIdx=2,hash=46d406e2...
info|2019-12-11 20:32:21.441944|[g:1][CONSENSUS][PBFT]checkTimeout Succ,view=4204,toView=4205,nodeIdx=0,changeCycle=0,myNode=3d2207af...,timecost=1.735
info|2019-12-11 20:32:21.443566|[g:1][CONSENSUS][PBFT]checkAndChangeView: Reach consensus,org_view=4204,org_changeCycle=0,cur_changeCycle=0,to_view=4205
info|2019-12-11 20:32:22.445607|[g:1][CONSENSUS]addRawPrepare,height=7,reqIdx=3,hash=9cb6e078...
info|2019-12-11 20:32:22.446791|[g:1][CONSENSUS][PBFT]checkTimeout Succ,view=4205,toView=4206,nodeIdx=0,changeCycle=0,myNode=3d2207af...,timecost=0.969
info|2019-12-11 20:32:22.449775|[g:1][CONSENSUS][PBFT]checkAndChangeView: Reach consensus,org_view=4205,org_changeCycle=0,cur_changeCycle=0,to_view=4206
info|2019-12-11 20:32:23.449965|[g:1][CONSENSUS][SEALER]++++++++++++++++ Generating seal on,blkNum=7,tx=0,nodeIdx=0,hash=033e8725...
info|2019-12-11 20:32:23.455452|[g:1][CONSENSUS][PBFT]checkTimeout Succ,view=4206,toView=4207,nodeIdx=0,changeCycle=0,myNode=3d2207af...,timecost=0.807
info|2019-12-11 20:32:23.457096|[g:1][CONSENSUS][PBFT]checkAndChangeView: Reach consensus,org_view=4206,org_changeCycle=0,cur_changeCycle=0,to_view=4207
info|2019-12-11 20:32:24.459440|[g:1][CONSENSUS]addRawPrepare,height=7,reqIdx=1,hash=e5216cd2...
info|2019-12-11 20:32:24.460314|[g:1][CONSENSUS][PBFT]checkTimeout Succ,view=4207,toView=4208,nodeIdx=0,changeCycle=0,myNode=3d2207af...,timecost=0.652
info|2019-12-11 20:32:24.463213|[g:1][CONSENSUS][PBFT]checkAndChangeView: Reach consensus,org_view=4207,org_changeCycle=0,cur_changeCycle=0,to_view=4208
info|2019-12-11 20:32:25.466915|[g:1][CONSENSUS]addRawPrepare,height=7,reqIdx=2,hash=1797b267...
info|2019-12-11 20:32:25.468506|[g:1][CONSENSUS][PBFT]checkTimeout Succ,view=4208,toView=4209,nodeIdx=0,changeCycle=0,myNode=3d2207af...,timecost=1.262
info|2019-12-11 20:32:25.470166|[g:1][CONSENSUS][PBFT]checkAndChangeView: Reach consensus,org_view=4208,org_changeCycle=0,cur_changeCycle=0,to_view=4209
info|2019-12-11 20:32:26.471001|[g:1][CONSENSUS]addRawPrepare,height=7,reqIdx=3,hash=4c34edb4...
info|2019-12-11 20:32:26.472061|[g:1][CONSENSUS][PBFT]checkTimeout Succ,view=4209,toView=4210,nodeIdx=0,changeCycle=0,myNode=3d2207af...,timecost=0.87
info|2019-12-11 20:32:26.475490|[g:1][CONSENSUS][PBFT]checkAndChangeView: Reach consensus,org_view=4209,org_changeCycle=0,cur_changeCycle=0,to_view=4210
info|2019-12-11 20:32:27.475449|[g:1][CONSENSUS][SEALER]++++++++++++++++ Generating seal on,blkNum=7,tx=0,nodeIdx=0,hash=5f715c15...
info|2019-12-11 20:32:27.481641|[g:1][CONSENSUS][PBFT]checkTimeout Succ,view=4210,toView=4211,nodeIdx=0,changeCycle=0,myNode=3d2207af...,timecost=1.696
info|2019-12-11 20:32:27.482216|[g:1][CONSENSUS][PBFT]checkAndChangeView: Reach consensus,org_view=4210,org_changeCycle=0,cur_changeCycle=0,to_view=4211
info|2019-12-11 20:32:28.041818|[P2P][Service] heartBeat,connected count=3
info|2019-12-11 20:32:28.484072|[g:1][CONSENSUS]addRawPrepare,height=7,reqIdx=1,hash=640c9ca4...
info|2019-12-11 20:32:28.488351|[g:1][CONSENSUS][PBFT]checkTimeout Succ,view=4211,toView=4212,nodeIdx=0,changeCycle=0,myNode=3d2207af...,timecost=2.359
info|2019-12-11 20:32:28.489394|[g:1][CONSENSUS][PBFT]checkAndChangeView: Reach consensus,org_view=4211,org_changeCycle=0,cur_changeCycle=0,to_view=4212
info|2019-12-11 20:32:29.490492|[g:1][CONSENSUS]addRawPrepare,height=7,reqIdx=2,hash=725cbb5a...
info|2019-12-11 20:32:29.491551|[g:1][CONSENSUS][PBFT]checkTimeout Succ,view=4212,toView=4213,nodeIdx=0,changeCycle=0,myNode=3d2207af...,timecost=0.801
info|2019-12-11 20:32:29.494170|[g:1][CONSENSUS][PBFT]checkAndChangeView: Reach consensus,org_view=4212,org_changeCycle=0,cur_changeCycle=0,to_view=4213
info|2019-12-11 20:32:30.496608|[g:1][CONSENSUS]addRawPrepare,height=7,reqIdx=3,hash=32543052...
info|2019-12-11 20:32:30.497621|[g:1][CONSENSUS][PBFT]checkTimeout Succ,view=4213,toView=4214,nodeIdx=0,changeCycle=0,myNode=3d2207af...,timecost=0.804
info|2019-12-11 20:32:30.499921|[g:1][CONSENSUS][PBFT]checkAndChangeView: Reach consensus,org_view=4213,org_changeCycle=0,cur_changeCycle=0,to_view=4214
info|2019-12-11 20:32:31.499638|[g:1][CONSENSUS][SEALER]++++++++++++++++ Generating seal on,blkNum=7,tx=0,nodeIdx=0,hash=ec383f8c...
info|2019-12-11 20:32:31.500307|[g:1][CONSENSUS][PBFT]checkTimeout Succ,view=4214,toView=4215,nodeIdx=0,changeCycle=0,myNode=3d2207af...,timecost=0.266
info|2019-12-11 20:32:31.503781|[g:1][CONSENSUS][PBFT]checkAndChangeView: Reach consensus,org_view=4214,org_changeCycle=0,cur_changeCycle=0,to_view=4215
