warning|2019-12-11 05:12:37.004885|[g:1][CONSENSUS][PBFT]ViewChangeWarning: not caused by omit empty block ,v=6104,toV=6105,curNum=0,hash=535430dd...,nodeIdx=0,myNode=3d2207af...
info|2019-12-11 05:12:37.004988|[g:1][CONSENSUS][PBFT]checkTimeout Succ,view=6104,toView=6105,nodeIdx=0,changeCycle=1,myNode=3d2207af...,timecost=0.313
info|2019-12-11 05:12:37.021519|[P2P][Service] heartBeat,connected count=3
info|2019-12-11 05:12:37.023199|[g:1][CONSENSUS][PBFT]checkAndChangeView: Reach consensus,org_view=6104,org_changeCycle=1,cur_changeCycle=1,to_view=6105
info|2019-12-11 05:12:38.021985|[g:1][CONSENSUS]addRawPrepare,height=1,reqIdx=1,hash=daf48f98...
info|2019-12-11 05:12:38.022584|[g:1][CONSENSUS][PBFT]checkTimeout Succ,view=6105,toView=6106,nodeIdx=0,changeCycle=0,myNode=3d2207af...,timecost=0.468
info|2019-12-11 05:12:38.023635|[g:1][CONSENSUS][PBFT]checkAndChangeView: Reach consensus,org_view=6105,org_changeCycle=0,cur_changeCycle=0,to_view=6106
info|2019-12-11 05:12:39.024616|[g:1][CONSENSUS]addRawPrepare,height=1,reqIdx=2,hash=b1906909...
info|2019-12-11 05:12:39.025276|[g:1][CONSENSUS][PBFT]checkTimeout Succ,view=6106,toView=6107,nodeIdx=0,changeCycle=0,myNode=3d2207af...,timecost=0.546
info|2019-12-11 05:12:39.027237|[g:1][CONSENSUS][PBFT]checkAndChangeView: Reach consensus,org_view=6106,org_changeCycle=0,cur_changeCycle=0,to_view=6107
info|2019-12-11 05:12:40.028113|[g:1][CONSENSUS]addRawPrepare,height=1,reqIdx=3,hash=45772711...
info|2019-12-11 05:12:40.028804|[g:1][CONSENSUS][PBFT]checkTimeout Succ,view=6107,toView=6108,nodeIdx=0,changeCycle=0,myNode=3d2207af...,timecost=0.593
info|2019-12-11 05:12:40.030072|[g:1][CONSENSUS][PBFT]checkAndChangeView: Reach consensus,org_view=6107,org_changeCycle=0,cur_changeCycle=0,to_view=6108
info|2019-12-11 05:12:41.031179|[g:1][CONSENSUS][SEALER]++++++++++++++++ Generating seal on,blkNum=1,tx=0,nodeIdx=0,hash=2a7f1fcc...
info|2019-12-11 05:12:41.031766|[g:1][CONSENSUS][PBFT]checkTimeout Succ,view=6108,toView=6109,nodeIdx=0,changeCycle=0,myNode=3d2207af...,timecost=0.296
info|2019-12-11 05:12:41.034798|[g:1][CONSENSUS][PBFT]checkAndChangeView: Reach consensus,org_view=6108,org_changeCycle=0,cur_changeCycle=0,to_view=6109
info|2019-12-11 05:12:42.036039|[g:1][CONSENSUS]addRawPrepare,height=1,reqIdx=1,hash=dcf3c75d...
info|2019-12-11 05:12:42.036795|[g:1][CONSENSUS][PBFT]checkTimeout Succ,view=6109,toView=6110,nodeIdx=0,changeCycle=0,myNode=3d2207af...,timecost=0.547
info|2019-12-11 05:12:42.040137|[g:1][CONSENSUS][PBFT]checkAndChangeView: Reach consensus,org_view=6109,org_changeCycle=0,cur_changeCycle=0,to_view=6110
info|2019-12-11 05:12:43.039029|[g:1][CONSENSUS]addRawPrepare,height=1,reqIdx=2,hash=e44893b8...
info|2019-12-11 05:12:43.039538|[g:1][CONSENSUS][PBFT]checkTimeout Succ,view=6110,toView=6111,nodeIdx=0,changeCycle=0,myNode=3d2207af...,timecost=0.323
info|2019-12-11 05:12:43.040718|[g:1][CONSENSUS][PBFT]checkAndChangeView: Reach consensus,org_view=6110,org_changeCycle=0,cur_changeCycle=0,to_view=6111
info|2019-12-11 05:12:44.044536|[g:1][CONSENSUS]addRawPrepare,height=1,reqIdx=3,hash=cf79c253...
info|2019-12-11 05:12:44.045415|[g:1][CONSENSUS][PBFT]checkTimeout Succ,view=6111,toView=6112,nodeIdx=0,changeCycle=0,myNode=3d2207af...,timecost=0.663
info|2019-12-11 05:12:44.047622|[g:1][CONSENSUS][PBFT]checkAndChangeView: Reach consensus,org_view=6111,org_changeCycle=0,cur_changeCycle=0,to_view=6112
info|2019-12-11 05:12:45.047504|[g:1][CONSENSUS][SEALER]++++++++++++++++ Generating seal on,blkNum=1,tx=0,nodeIdx=0,hash=0950b0e1...
info|2019-12-11 05:12:45.051921|[g:1][CONSENSUS][PBFT]checkTimeout Succ,view=6112,toView=6113,nodeIdx=0,changeCycle=0,myNode=3d2207af...,timecost=0.737
info|2019-12-11 05:12:45.053232|[g:1][CONSENSUS][PBFT]checkAndChangeView: Reach consensus,org_view=6112,org_changeCycle=0,cur_changeCycle=0,to_view=6113
info|2019-12-11 05:12:46.057229|[g:1][CONSENSUS]addRawPrepare,height=1,reqIdx=1,hash=062e9f93...
info|2019-12-11 05:12:46.059893|[g:1][CONSENSUS][PBFT]checkTimeout Succ,view=6113,toView=6114,nodeIdx=0,changeCycle=0,myNode=3d2207af...,timecost=2.384
info|2019-12-11 05:12:46.061331|[g:1][CONSENSUS][PBFT]checkAndChangeView: Reach consensus,org_view=6113,org_changeCycle=0,cur_changeCycle=0,to_view=6114
info|2019-12-11 05:12:47.021878|[P2P][Service] heartBeat,connected count=3
info|2019-12-11 05:12:47.063082|[g:1][CONSENSUS]addRawPrepare,height=1,reqIdx=2,hash=d54fd9b9...
info|2019-12-11 05:12:47.065153|[g:1][CONSENSUS][PBFT]checkTimeout Succ,view=6114,toView=6115,nodeIdx=0,changeCycle=0,myNode=3d2207af...,timecost=1.934
info|2019-12-11 05:12:47.067150|[g:1][CONSENSUS][PBFT]checkAndChangeView: Reach consensus,org_view=6114,org_changeCycle=0,cur_changeCycle=0,to_view=6115
info|2019-12-11 05:12:48.172140|[g:1][CONSENSUS]addRawPrepare,height=1,reqIdx=3,hash=bd377aa8...
info|2019-12-11 05:12:48.176014|[g:1][CONSENSUS][PBFT]checkTimeout Succ,view=6115,toView=6116,nodeIdx=0,changeCycle=0,myNode=3d2207af...,timecost=2.788
info|2019-12-11 05:12:48.234431|[g:1][CONSENSUS][PBFT]checkAndChangeView: Reach consensus,org_view=6115,org_changeCycle=0,cur_changeCycle=0,to_view=6116
info|2019-12-11 05:12:49.235946|[g:1][CONSENSUS][SEALER]++++++++++++++++ Generating seal on,blkNum=1,tx=0,nodeIdx=0,hash=bb2305ef...
info|2019-12-11 05:12:49.260550|[g:1][CONSENSUS][PBFT]checkTimeout Succ,view=6116,toView=6117,nodeIdx=0,changeCycle=0,myNode=3d2207af...,timecost=9.015
info|2019-12-11 05:12:49.268544|[g:1][CONSENSUS][PBFT]checkAndChangeView: Reach consensus,org_view=6116,org_changeCycle=0,cur_changeCycle=0,to_view=6117
info|2019-12-11 05:12:50.262713|[g:1][CONSENSUS]addRawPrepare,height=1,reqIdx=1,hash=3c5161a2...
info|2019-12-11 05:12:50.266035|[g:1][CONSENSUS][PBFT]checkTimeout Succ,view=6117,toView=6118,nodeIdx=0,changeCycle=0,myNode=3d2207af...,timecost=2.644
info|2019-12-11 05:12:50.274991|[g:1][CONSENSUS][PBFT]checkAndChangeView: Reach consensus,org_view=6117,org_changeCycle=0,cur_changeCycle=0,to_view=6118
info|2019-12-11 05:12:51.282409|[g:1][CONSENSUS]addRawPrepare,height=1,reqIdx=2,hash=2c171d5a...
info|2019-12-11 05:12:51.285956|[g:1][CONSENSUS][PBFT]checkTimeout Succ,view=6118,toView=6119,nodeIdx=0,changeCycle=0,myNode=3d2207af...,timecost=2.37
info|2019-12-11 05:12:51.296483|[g:1][CONSENSUS][PBFT]checkAndChangeView: Reach consensus,org_view=6118,org_changeCycle=0,cur_changeCycle=0,to_view=6119
info|2019-12-11 05:12:52.304354|[g:1][CONSENSUS]addRawPrepare,height=1,reqIdx=3,hash=78586f7a...
info|2019-12-11 05:12:52.319471|[g:1][CONSENSUS][PBFT]checkTimeout Succ,view=6119,toView=6120,nodeIdx=0,changeCycle=0,myNode=3d2207af...,timecost=14.163
info|2019-12-11 05:12:52.325945|[g:1][CONSENSUS][PBFT]checkAndChangeView: Reach consensus,org_view=6119,org_changeCycle=0,cur_changeCycle=0,to_view=6120
info|2019-12-11 05:12:53.327053|[g:1][CONSENSUS][SEALER]++++++++++++++++ Generating seal on,blkNum=1,tx=0,nodeIdx=0,hash=8b4cbe18...
info|2019-12-11 05:12:53.331187|[g:1][CONSENSUS][PBFT]checkTimeout Succ,view=6120,toView=6121,nodeIdx=0,changeCycle=0,myNode=3d2207af...,timecost=2.279
info|2019-12-11 05:12:53.351810|[g:1][CONSENSUS][PBFT]checkAndChangeView: Reach consensus,org_view=6120,org_changeCycle=0,cur_changeCycle=0,to_view=6121
info|2019-12-11 05:12:54.355985|[g:1][CONSENSUS]addRawPrepare,height=1,reqIdx=1,hash=abae95dc...
info|2019-12-11 05:12:54.358997|[g:1][CONSENSUS][PBFT]checkTimeout Succ,view=6121,toView=6122,nodeIdx=0,changeCycle=0,myNode=3d2207af...,timecost=2.305
info|2019-12-11 05:12:54.370885|[g:1][CONSENSUS][PBFT]checkAndChangeView: Reach consensus,org_view=6121,org_changeCycle=0,cur_changeCycle=0,to_view=6122
info|2019-12-11 05:12:55.378480|[g:1][CONSENSUS]addRawPrepare,height=1,reqIdx=2,hash=6b632d6c...
info|2019-12-11 05:12:55.381666|[g:1][CONSENSUS][PBFT]checkTimeout Succ,view=6122,toView=6123,nodeIdx=0,changeCycle=0,myNode=3d2207af...,timecost=2.445
info|2019-12-11 05:12:55.393719|[g:1][CONSENSUS][PBFT]checkAndChangeView: Reach consensus,org_view=6122,org_changeCycle=0,cur_changeCycle=0,to_view=6123
info|2019-12-11 05:12:56.399425|[g:1][CONSENSUS]addRawPrepare,height=1,reqIdx=3,hash=a616d816...
info|2019-12-11 05:12:56.414462|[g:1][CONSENSUS][PBFT]checkTimeout Succ,view=6123,toView=6124,nodeIdx=0,changeCycle=0,myNode=3d2207af...,timecost=13.915
info|2019-12-11 05:12:56.421570|[g:1][CONSENSUS][PBFT]checkAndChangeView: Reach consensus,org_view=6123,org_changeCycle=0,cur_changeCycle=0,to_view=6124
info|2019-12-11 05:12:57.026877|[P2P][Service] heartBeat,connected count=3
info|2019-12-11 05:12:57.421662|[g:1][CONSENSUS][SEALER]++++++++++++++++ Generating seal on,blkNum=1,tx=0,nodeIdx=0,hash=fe1d054a...
info|2019-12-11 05:12:57.425597|[g:1][CONSENSUS][PBFT]checkTimeout Succ,view=6124,toView=6125,nodeIdx=0,changeCycle=0,myNode=3d2207af...,timecost=2.345
info|2019-12-11 05:12:57.441650|[g:1][CONSENSUS][PBFT]checkAndChangeView: Reach consensus,org_view=6124,org_changeCycle=0,cur_changeCycle=0,to_view=6125
info|2019-12-11 05:12:58.443246|[g:1][CONSENSUS]addRawPrepare,height=1,reqIdx=1,hash=a190e8d1...
info|2019-12-11 05:12:58.443880|[g:1][CONSENSUS][PBFT]checkTimeout Succ,view=6125,toView=6126,nodeIdx=0,changeCycle=0,myNode=3d2207af...,timecost=0.477
info|2019-12-11 05:12:58.445840|[g:1][CONSENSUS][PBFT]checkAndChangeView: Reach consensus,org_view=6125,org_changeCycle=0,cur_changeCycle=0,to_view=6126
info|2019-12-11 05:12:59.446110|[g:1][CONSENSUS]addRawPrepare,height=1,reqIdx=2,hash=443fa97f...
info|2019-12-11 05:12:59.446518|[g:1][CONSENSUS][PBFT]checkTimeout Succ,view=6126,toView=6127,nodeIdx=0,changeCycle=0,myNode=3d2207af...,timecost=0.284
info|2019-12-11 05:12:59.447939|[g:1][CONSENSUS][PBFT]checkAndChangeView: Reach consensus,org_view=6126,org_changeCycle=0,cur_changeCycle=0,to_view=6127
info|2019-12-11 05:13:00.449495|[g:1][CONSENSUS]addRawPrepare,height=1,reqIdx=3,hash=899c9194...
info|2019-12-11 05:13:00.450379|[g:1][CONSENSUS][PBFT]checkTimeout Succ,view=6127,toView=6128,nodeIdx=0,changeCycle=0,myNode=3d2207af...,timecost=0.75
info|2019-12-11 05:13:00.452361|[g:1][CONSENSUS][PBFT]checkAndChangeView: Reach consensus,org_view=6127,org_changeCycle=0,cur_changeCycle=0,to_view=6128
info|2019-12-11 05:13:01.453397|[g:1][CONSENSUS][SEALER]++++++++++++++++ Generating seal on,blkNum=1,tx=0,nodeIdx=0,hash=5afa9925...
info|2019-12-11 05:13:01.457886|[g:1][CONSENSUS][PBFT]checkTimeout Succ,view=6128,toView=6129,nodeIdx=0,changeCycle=0,myNode=3d2207af...,timecost=0.834
info|2019-12-11 05:13:01.459242|[g:1][CONSENSUS][PBFT]checkAndChangeView: Reach consensus,org_view=6128,org_changeCycle=0,cur_changeCycle=0,to_view=6129
info|2019-12-11 05:13:02.461648|[g:1][CONSENSUS]addRawPrepare,height=1,reqIdx=1,hash=1412c3dc...
info|2019-12-11 05:13:02.462760|[g:1][CONSENSUS][PBFT]checkTimeout Succ,view=6129,toView=6130,nodeIdx=0,changeCycle=0,myNode=3d2207af...,timecost=0.722
info|2019-12-11 05:13:02.465149|[g:1][CONSENSUS][PBFT]checkAndChangeView: Reach consensus,org_view=6129,org_changeCycle=0,cur_changeCycle=0,to_view=6130
info|2019-12-11 05:13:03.468509|[g:1][CONSENSUS]addRawPrepare,height=1,reqIdx=2,hash=219aba43...
info|2019-12-11 05:13:03.469485|[g:1][CONSENSUS][PBFT]checkTimeout Succ,view=6130,toView=6131,nodeIdx=0,changeCycle=0,myNode=3d2207af...,timecost=0.768
info|2019-12-11 05:13:03.473391|[g:1][CONSENSUS][PBFT]checkAndChangeView: Reach consensus,org_view=6130,org_changeCycle=0,cur_changeCycle=0,to_view=6131
info|2019-12-11 05:13:04.475952|[g:1][CONSENSUS]addRawPrepare,height=1,reqIdx=3,hash=aec9ca5f...
info|2019-12-11 05:13:04.477147|[g:1][CONSENSUS][PBFT]checkTimeout Succ,view=6131,toView=6132,nodeIdx=0,changeCycle=0,myNode=3d2207af...,timecost=0.924
info|2019-12-11 05:13:04.479251|[g:1][CONSENSUS][PBFT]checkAndChangeView: Reach consensus,org_view=6131,org_changeCycle=0,cur_changeCycle=0,to_view=6132
info|2019-12-11 05:13:05.480612|[g:1][CONSENSUS][SEALER]++++++++++++++++ Generating seal on,blkNum=1,tx=0,nodeIdx=0,hash=3f247a4d...
info|2019-12-11 05:13:05.481964|[g:1][CONSENSUS][PBFT]checkTimeout Succ,view=6132,toView=6133,nodeIdx=0,changeCycle=0,myNode=3d2207af...,timecost=0.804
info|2019-12-11 05:13:05.485992|[g:1][CONSENSUS][PBFT]checkAndChangeView: Reach consensus,org_view=6132,org_changeCycle=0,cur_changeCycle=0,to_view=6133
info|2019-12-11 05:13:06.490236|[g:1][CONSENSUS]addRawPrepare,height=1,reqIdx=1,hash=33ce72ea...
info|2019-12-11 05:13:06.491460|[g:1][CONSENSUS][PBFT]checkTimeout Succ,view=6133,toView=6134,nodeIdx=0,changeCycle=0,myNode=3d2207af...,timecost=0.931
info|2019-12-11 05:13:06.493217|[g:1][CONSENSUS][PBFT]checkAndChangeView: Reach consensus,org_view=6133,org_changeCycle=0,cur_changeCycle=0,to_view=6134
info|2019-12-11 05:13:07.028797|[P2P][Service] heartBeat,connected count=3
info|2019-12-11 05:13:07.496490|[g:1][CONSENSUS]addRawPrepare,height=1,reqIdx=2,hash=03c65938...
info|2019-12-11 05:13:07.497447|[g:1][CONSENSUS][PBFT]checkTimeout Succ,view=6134,toView=6135,nodeIdx=0,changeCycle=0,myNode=3d2207af...,timecost=0.755
info|2019-12-11 05:13:07.501151|[g:1][CONSENSUS][PBFT]checkAndChangeView: Reach consensus,org_view=6134,org_changeCycle=0,cur_changeCycle=0,to_view=6135
info|2019-12-11 05:13:08.502662|[g:1][CONSENSUS]addRawPrepare,height=1,reqIdx=3,hash=8b38d7bf...
info|2019-12-11 05:13:08.504921|[g:1][CONSENSUS][PBFT]checkTimeout Succ,view=6135,toView=6136,nodeIdx=0,changeCycle=0,myNode=3d2207af...,timecost=2.124
info|2019-12-11 05:13:08.505896|[g:1][CONSENSUS][PBFT]checkAndChangeView: Reach consensus,org_view=6135,org_changeCycle=0,cur_changeCycle=0,to_view=6136
info|2019-12-11 05:13:09.505964|[g:1][CONSENSUS][SEALER]++++++++++++++++ Generating seal on,blkNum=1,tx=0,nodeIdx=0,hash=2a90c124...
info|2019-12-11 05:13:09.511204|[g:1][CONSENSUS][PBFT]checkTimeout Succ,view=6136,toView=6137,nodeIdx=0,changeCycle=0,myNode=3d2207af...,timecost=0.592
info|2019-12-11 05:13:09.511939|[g:1][CONSENSUS][PBFT]checkAndChangeView: Reach consensus,org_view=6136,org_changeCycle=0,cur_changeCycle=0,to_view=6137
info|2019-12-11 05:13:10.514180|[g:1][CONSENSUS]addRawPrepare,height=1,reqIdx=1,hash=c16e2e58...
info|2019-12-11 05:13:10.515892|[g:1][CONSENSUS][PBFT]checkTimeout Succ,view=6137,toView=6138,nodeIdx=0,changeCycle=0,myNode=3d2207af...,timecost=1.483
info|2019-12-11 05:13:10.517547|[g:1][CONSENSUS][PBFT]checkAndChangeView: Reach consensus,org_view=6137,org_changeCycle=0,cur_changeCycle=0,to_view=6138
info|2019-12-11 05:13:11.520366|[g:1][CONSENSUS]addRawPrepare,height=1,reqIdx=2,hash=adc5f9cf...
info|2019-12-11 05:13:11.522329|[g:1][CONSENSUS][PBFT]checkTimeout Succ,view=6138,toView=6139,nodeIdx=0,changeCycle=0,myNode=3d2207af...,timecost=1.482
info|2019-12-11 05:13:11.524243|[g:1][CONSENSUS][PBFT]checkAndChangeView: Reach consensus,org_view=6138,org_changeCycle=0,cur_changeCycle=0,to_view=6139
info|2019-12-11 05:13:12.528775|[g:1][CONSENSUS]addRawPrepare,height=1,reqIdx=3,hash=94d7330a...
info|2019-12-11 05:13:12.530686|[g:1][CONSENSUS][PBFT]checkTimeout Succ,view=6139,toView=6140,nodeIdx=0,changeCycle=0,myNode=3d2207af...,timecost=1.66
info|2019-12-11 05:13:12.532157|[g:1][CONSENSUS][PBFT]checkAndChangeView: Reach consensus,org_view=6139,org_changeCycle=0,cur_changeCycle=0,to_view=6140
info|2019-12-11 05:13:13.533622|[g:1][CONSENSUS][SEALER]++++++++++++++++ Generating seal on,blkNum=1,tx=0,nodeIdx=0,hash=59a98f08...
info|2019-12-11 05:13:13.534944|[g:1][CONSENSUS][PBFT]checkTimeout Succ,view=6140,toView=6141,nodeIdx=0,changeCycle=0,myNode=3d2207af...,timecost=0.747
info|2019-12-11 05:13:13.539222|[g:1][CONSENSUS][PBFT]checkAndChangeView: Reach consensus,org_view=6140,org_changeCycle=0,cur_changeCycle=0,to_view=6141
info|2019-12-11 05:13:14.543226|[g:1][CONSENSUS]addRawPrepare,height=1,reqIdx=1,hash=16d0f5ca...
info|2019-12-11 05:13:14.544231|[g:1][CONSENSUS][PBFT]checkTimeout Succ,view=6141,toView=6142,nodeIdx=0,changeCycle=0,myNode=3d2207af...,timecost=0.81
info|2019-12-11 05:13:14.547862|[g:1][CONSENSUS][PBFT]checkAndChangeView: Reach consensus,org_view=6141,org_changeCycle=0,cur_changeCycle=0,to_view=6142
info|2019-12-11 05:13:15.551186|[g:1][CONSENSUS]addRawPrepare,height=1,reqIdx=2,hash=33a93ae2...
info|2019-12-11 05:13:15.552176|[g:1][CONSENSUS][PBFT]checkTimeout Succ,view=6142,toView=6143,nodeIdx=0,changeCycle=0,myNode=3d2207af...,timecost=0.671
info|2019-12-11 05:13:15.554879|[g:1][CONSENSUS][PBFT]checkAndChangeView: Reach consensus,org_view=6142,org_changeCycle=0,cur_changeCycle=0,to_view=6143
info|2019-12-11 05:13:16.555991|[g:1][CONSENSUS]addRawPrepare,height=1,reqIdx=3,hash=ebf0830f...
info|2019-12-11 05:13:16.557128|[g:1][CONSENSUS][PBFT]checkTimeout Succ,view=6143,toView=6144,nodeIdx=0,changeCycle=0,myNode=3d2207af...,timecost=0.958
info|2019-12-11 05:13:16.559984|[g:1][CONSENSUS][PBFT]checkAndChangeView: Reach consensus,org_view=6143,org_changeCycle=0,cur_changeCycle=0,to_view=6144
info|2019-12-11 05:13:17.033411|[P2P][Service] heartBeat,connected count=3
info|2019-12-11 05:13:17.560760|[g:1][CONSENSUS][SEALER]++++++++++++++++ Generating seal on,blkNum=1,tx=0,nodeIdx=0,hash=61b898fa...
info|2019-12-11 05:13:17.566183|[g:1][CONSENSUS][PBFT]checkTimeout Succ,view=6144,toView=6145,nodeIdx=0,changeCycle=0,myNode=3d2207af...,timecost=0.918
info|2019-12-11 05:13:17.567068|[g:1][CONSENSUS][PBFT]checkAndChangeView: Reach consensus,org_view=6144,org_changeCycle=0,cur_changeCycle=0,to_view=6145
info|2019-12-11 05:13:18.570517|[g:1][CONSENSUS]addRawPrepare,height=1,reqIdx=1,hash=6d3da6c0...
info|2019-12-11 05:13:18.571664|[g:1][CONSENSUS][PBFT]checkTimeout Succ,view=6145,toView=6146,nodeIdx=0,changeCycle=0,myNode=3d2207af...,timecost=0.794
info|2019-12-11 05:13:18.574443|[g:1][CONSENSUS][PBFT]checkAndChangeView: Reach consensus,org_view=6145,org_changeCycle=0,cur_changeCycle=0,to_view=6146
info|2019-12-11 05:13:19.577190|[g:1][CONSENSUS]addRawPrepare,height=1,reqIdx=2,hash=e8adb8fa...
info|2019-12-11 05:13:19.578180|[g:1][CONSENSUS][PBFT]checkTimeout Succ,view=6146,toView=6147,nodeIdx=0,changeCycle=0,myNode=3d2207af...,timecost=0.77
info|2019-12-11 05:13:19.580124|[g:1][CONSENSUS][PBFT]checkAndChangeView: Reach consensus,org_view=6146,org_changeCycle=0,cur_changeCycle=0,to_view=6147
info|2019-12-11 05:13:20.582456|[g:1][CONSENSUS]addRawPrepare,height=1,reqIdx=3,hash=5f22415a...
info|2019-12-11 05:13:20.583385|[g:1][CONSENSUS][PBFT]checkTimeout Succ,view=6147,toView=6148,nodeIdx=0,changeCycle=0,myNode=3d2207af...,timecost=0.714
info|2019-12-11 05:13:20.585724|[g:1][CONSENSUS][PBFT]checkAndChangeView: Reach consensus,org_view=6147,org_changeCycle=0,cur_changeCycle=0,to_view=6148
info|2019-12-11 05:13:21.586875|[g:1][CONSENSUS][SEALER]++++++++++++++++ Generating seal on,blkNum=1,tx=0,nodeIdx=0,hash=58a4867e...
info|2019-12-11 05:13:21.588110|[g:1][CONSENSUS][PBFT]checkTimeout Succ,view=6148,toView=6149,nodeIdx=0,changeCycle=0,myNode=3d2207af...,timecost=0.695
info|2019-12-11 05:13:21.593035|[g:1][CONSENSUS][PBFT]checkAndChangeView: Reach consensus,org_view=6148,org_changeCycle=0,cur_changeCycle=0,to_view=6149
info|2019-12-11 05:13:22.594786|[g:1][CONSENSUS]addRawPrepare,height=1,reqIdx=1,hash=c9d24453...
info|2019-12-11 05:13:22.595780|[g:1][CONSENSUS][PBFT]checkTimeout Succ,view=6149,toView=6150,nodeIdx=0,changeCycle=0,myNode=3d2207af...,timecost=0.774
info|2019-12-11 05:13:22.598419|[g:1][CONSENSUS][PBFT]checkAndChangeView: Reach consensus,org_view=6149,org_changeCycle=0,cur_changeCycle=0,to_view=6150
info|2019-12-11 05:13:23.601896|[g:1][CONSENSUS]addRawPrepare,height=1,reqIdx=2,hash=2649d7c4...
info|2019-12-11 05:13:23.603070|[g:1][CONSENSUS][PBFT]checkTimeout Succ,view=6150,toView=6151,nodeIdx=0,changeCycle=0,myNode=3d2207af...,timecost=0.755
info|2019-12-11 05:13:23.605309|[g:1][CONSENSUS][PBFT]checkAndChangeView: Reach consensus,org_view=6150,org_changeCycle=0,cur_changeCycle=0,to_view=6151
info|2019-12-11 05:13:24.607339|[g:1][CONSENSUS]addRawPrepare,height=1,reqIdx=3,hash=5eb0d1c8...
info|2019-12-11 05:13:24.608516|[g:1][CONSENSUS][PBFT]checkTimeout Succ,view=6151,toView=6152,nodeIdx=0,changeCycle=0,myNode=3d2207af...,timecost=0.767
info|2019-12-11 05:13:24.610740|[g:1][CONSENSUS][PBFT]checkAndChangeView: Reach consensus,org_view=6151,org_changeCycle=0,cur_changeCycle=0,to_view=6152
info|2019-12-11 05:13:25.611789|[g:1][CONSENSUS][SEALER]++++++++++++++++ Generating seal on,blkNum=1,tx=0,nodeIdx=0,hash=33f79a9a...
info|2019-12-11 05:13:25.616248|[g:1][CONSENSUS][PBFT]checkTimeout Succ,view=6152,toView=6153,nodeIdx=0,changeCycle=0,myNode=3d2207af...,timecost=0.562
info|2019-12-11 05:13:25.617663|[g:1][CONSENSUS][PBFT]checkAndChangeView: Reach consensus,org_view=6152,org_changeCycle=0,cur_changeCycle=0,to_view=6153
info|2019-12-11 05:13:26.621362|[g:1][CONSENSUS]addRawPrepare,height=1,reqIdx=1,hash=5b0262b2...
info|2019-12-11 05:13:26.622537|[g:1][CONSENSUS][PBFT]checkTimeout Succ,view=6153,toView=6154,nodeIdx=0,changeCycle=0,myNode=3d2207af...,timecost=0.753
info|2019-12-11 05:13:26.625267|[g:1][CONSENSUS][PBFT]checkAndChangeView: Reach consensus,org_view=6153,org_changeCycle=0,cur_changeCycle=0,to_view=6154
info|2019-12-11 05:13:27.036208|[P2P][Service] heartBeat,connected count=3
info|2019-12-11 05:13:27.626903|[g:1][CONSENSUS]addRawPrepare,height=1,reqIdx=2,hash=9b438c53...
info|2019-12-11 05:13:27.628311|[g:1][CONSENSUS][PBFT]checkTimeout Succ,view=6154,toView=6155,nodeIdx=0,changeCycle=0,myNode=3d2207af...,timecost=0.858
info|2019-12-11 05:13:27.630338|[g:1][CONSENSUS][PBFT]checkAndChangeView: Reach consensus,org_view=6154,org_changeCycle=0,cur_changeCycle=0,to_view=6155
info|2019-12-11 05:13:28.632784|[g:1][CONSENSUS]addRawPrepare,height=1,reqIdx=3,hash=b008edf5...
info|2019-12-11 05:13:28.634471|[g:1][CONSENSUS][PBFT]checkTimeout Succ,view=6155,toView=6156,nodeIdx=0,changeCycle=0,myNode=3d2207af...,timecost=1.466
info|2019-12-11 05:13:28.636257|[g:1][CONSENSUS][PBFT]checkAndChangeView: Reach consensus,org_view=6155,org_changeCycle=0,cur_changeCycle=0,to_view=6156
info|2019-12-11 05:13:29.636552|[g:1][CONSENSUS][SEALER]++++++++++++++++ Generating seal on,blkNum=1,tx=0,nodeIdx=0,hash=d9caafc5...
info|2019-12-11 05:13:29.640092|[g:1][CONSENSUS][PBFT]checkTimeout Succ,view=6156,toView=6157,nodeIdx=0,changeCycle=0,myNode=3d2207af...,timecost=0.891
info|2019-12-11 05:13:29.640715|[g:1][CONSENSUS][PBFT]checkAndChangeView: Reach consensus,org_view=6156,org_changeCycle=0,cur_changeCycle=0,to_view=6157
info|2019-12-11 05:13:30.643846|[g:1][CONSENSUS]addRawPrepare,height=1,reqIdx=1,hash=90466e3b...
info|2019-12-11 05:13:30.645165|[g:1][CONSENSUS][PBFT]checkTimeout Succ,view=6157,toView=6158,nodeIdx=0,changeCycle=0,myNode=3d2207af...,timecost=1.035
info|2019-12-11 05:13:30.647126|[g:1][CONSENSUS][PBFT]checkAndChangeView: Reach consensus,org_view=6157,org_changeCycle=0,cur_changeCycle=0,to_view=6158
info|2019-12-11 05:13:31.650842|[g:1][CONSENSUS]addRawPrepare,height=1,reqIdx=2,hash=65e149c6...
info|2019-12-11 05:13:31.652225|[g:1][CONSENSUS][PBFT]checkTimeout Succ,view=6158,toView=6159,nodeIdx=0,changeCycle=0,myNode=3d2207af...,timecost=1.052
info|2019-12-11 05:13:31.654930|[g:1][CONSENSUS][PBFT]checkAndChangeView: Reach consensus,org_view=6158,org_changeCycle=0,cur_changeCycle=0,to_view=6159
info|2019-12-11 05:13:32.656495|[g:1][CONSENSUS]addRawPrepare,height=1,reqIdx=3,hash=ef590f45...
info|2019-12-11 05:13:32.657536|[g:1][CONSENSUS][PBFT]checkTimeout Succ,view=6159,toView=6160,nodeIdx=0,changeCycle=0,myNode=3d2207af...,timecost=0.682
info|2019-12-11 05:13:32.659960|[g:1][CONSENSUS][PBFT]checkAndChangeView: Reach consensus,org_view=6159,org_changeCycle=0,cur_changeCycle=0,to_view=6160
info|2019-12-11 05:13:33.660991|[g:1][CONSENSUS][SEALER]++++++++++++++++ Generating seal on,blkNum=1,tx=0,nodeIdx=0,hash=a2595684...
info|2019-12-11 05:13:33.665542|[g:1][CONSENSUS][PBFT]checkTimeout Succ,view=6160,toView=6161,nodeIdx=0,changeCycle=0,myNode=3d2207af...,timecost=0.735
info|2019-12-11 05:13:33.667807|[g:1][CONSENSUS][PBFT]checkAndChangeView: Reach consensus,org_view=6160,org_changeCycle=0,cur_changeCycle=0,to_view=6161
info|2019-12-11 05:13:34.669706|[g:1][CONSENSUS]addRawPrepare,height=1,reqIdx=1,hash=3c0737bf...
info|2019-12-11 05:13:34.670582|[g:1][CONSENSUS][PBFT]checkTimeout Succ,view=6161,toView=6162,nodeIdx=0,changeCycle=0,myNode=3d2207af...,timecost=0.555
info|2019-12-11 05:13:34.672504|[g:1][CONSENSUS][PBFT]checkAndChangeView: Reach consensus,org_view=6161,org_changeCycle=0,cur_changeCycle=0,to_view=6162
info|2019-12-11 05:13:35.674279|[g:1][CONSENSUS]addRawPrepare,height=1,reqIdx=2,hash=e94d262d...
info|2019-12-11 05:13:35.675183|[g:1][CONSENSUS][PBFT]checkTimeout Succ,view=6162,toView=6163,nodeIdx=0,changeCycle=0,myNode=3d2207af...,timecost=0.708
info|2019-12-11 05:13:35.678773|[g:1][CONSENSUS][PBFT]checkAndChangeView: Reach consensus,org_view=6162,org_changeCycle=0,cur_changeCycle=0,to_view=6163
info|2019-12-11 05:13:36.680295|[g:1][CONSENSUS]addRawPrepare,height=1,reqIdx=3,hash=18ac29e6...
info|2019-12-11 05:13:36.680670|[g:1][CONSENSUS][PBFT]checkTimeout Succ,view=6163,toView=6164,nodeIdx=0,changeCycle=0,myNode=3d2207af...,timecost=0.276
info|2019-12-11 05:13:36.681971|[g:1][CONSENSUS][PBFT]checkAndChangeView: Reach consensus,org_view=6163,org_changeCycle=0,cur_changeCycle=0,to_view=6164
info|2019-12-11 05:13:37.041993|[P2P][Service] heartBeat,connected count=3
