warning|2019-12-11 21:59:00.032420|[g:1][CONSENSUS][PBFT]ViewChangeWarning: not caused by omit empty block ,v=4215,toV=4216,curNum=6,hash=7ce3abdb...,nodeIdx=0,myNode=3d2207af...
info|2019-12-11 21:59:00.037100|[P2P][Service] heartBeat,connected count=3
info|2019-12-11 21:59:00.037863|[g:1][CONSENSUS][PBFT]checkTimeout Succ,view=4215,toView=4216,nodeIdx=0,changeCycle=1,myNode=3d2207af...,timecost=12.41
info|2019-12-11 21:59:00.040700|[g:1][CONSENSUS][PBFT]checkAndChangeView: Reach consensus,org_view=4215,org_changeCycle=1,cur_changeCycle=1,to_view=4216
info|2019-12-11 21:59:01.041551|[g:1][CONSENSUS]addRawPrepare,height=7,reqIdx=2,hash=80c65d33...
info|2019-12-11 21:59:01.042000|[g:1][CONSENSUS][PBFT]checkTimeout Succ,view=4216,toView=4217,nodeIdx=0,changeCycle=0,myNode=3d2207af...,timecost=0.269
info|2019-12-11 21:59:01.043506|[g:1][CONSENSUS][PBFT]checkAndChangeView: Reach consensus,org_view=4216,org_changeCycle=0,cur_changeCycle=0,to_view=4217
info|2019-12-11 21:59:02.045148|[g:1][CONSENSUS]addRawPrepare,height=7,reqIdx=3,hash=8ffec749...
info|2019-12-11 21:59:02.045525|[g:1][CONSENSUS][PBFT]checkTimeout Succ,view=4217,toView=4218,nodeIdx=0,changeCycle=0,myNode=3d2207af...,timecost=0.271
info|2019-12-11 21:59:02.047740|[g:1][CONSENSUS][PBFT]checkAndChangeView: Reach consensus,org_view=4217,org_changeCycle=0,cur_changeCycle=0,to_view=4218
info|2019-12-11 21:59:03.048130|[g:1][CONSENSUS][SEALER]++++++++++++++++ Generating seal on,blkNum=7,tx=0,nodeIdx=0,hash=3d9a9d40...
info|2019-12-11 21:59:03.052937|[g:1][CONSENSUS][PBFT]checkTimeout Succ,view=4218,toView=4219,nodeIdx=0,changeCycle=0,myNode=3d2207af...,timecost=0.276
info|2019-12-11 21:59:03.053561|[g:1][CONSENSUS][PBFT]checkAndChangeView: Reach consensus,org_view=4218,org_changeCycle=0,cur_changeCycle=0,to_view=4219
info|2019-12-11 21:59:04.054361|[g:1][CONSENSUS]addRawPrepare,height=7,reqIdx=1,hash=ba1a59df...
info|2019-12-11 21:59:04.054769|[g:1][CONSENSUS][PBFT]checkTimeout Succ,view=4219,toView=4220,nodeIdx=0,changeCycle=0,myNode=3d2207af...,timecost=0.31
info|2019-12-11 21:59:04.056576|[g:1][CONSENSUS][PBFT]checkAndChangeView: Reach consensus,org_view=4219,org_changeCycle=0,cur_changeCycle=0,to_view=4220
info|2019-12-11 21:59:05.059053|[g:1][CONSENSUS]addRawPrepare,height=7,reqIdx=2,hash=54276e07...
info|2019-12-11 21:59:05.059409|[g:1][CONSENSUS][PBFT]checkTimeout Succ,view=4220,toView=4221,nodeIdx=0,changeCycle=0,myNode=3d2207af...,timecost=0.255
info|2019-12-11 21:59:05.061822|[g:1][CONSENSUS][PBFT]checkAndChangeView: Reach consensus,org_view=4220,org_changeCycle=0,cur_changeCycle=0,to_view=4221
info|2019-12-11 21:59:06.064191|[g:1][CONSENSUS]addRawPrepare,height=7,reqIdx=3,hash=5a7ff030...
info|2019-12-11 21:59:06.064646|[g:1][CONSENSUS][PBFT]checkTimeout Succ,view=4221,toView=4222,nodeIdx=0,changeCycle=0,myNode=3d2207af...,timecost=0.346
info|2019-12-11 21:59:06.066308|[g:1][CONSENSUS][PBFT]checkAndChangeView: Reach consensus,org_view=4221,org_changeCycle=0,cur_changeCycle=0,to_view=4222
info|2019-12-11 21:59:07.066143|[g:1][CONSENSUS][SEALER]++++++++++++++++ Generating seal on,blkNum=7,tx=0,nodeIdx=0,hash=db5ae494...
info|2019-12-11 21:59:07.069282|[g:1][CONSENSUS][PBFT]checkTimeout Succ,view=4222,toView=4223,nodeIdx=0,changeCycle=0,myNode=3d2207af...,timecost=0.935
info|2019-12-11 21:59:07.069710|[g:1][CONSENSUS][PBFT]checkAndChangeView: Reach consensus,org_view=4222,org_changeCycle=0,cur_changeCycle=0,to_view=4223
info|2019-12-11 21:59:08.072510|[g:1][CONSENSUS]addRawPrepare,height=7,reqIdx=1,hash=4c1574c2...
info|2019-12-11 21:59:08.074800|[g:1][CONSENSUS][PBFT]checkTimeout Succ,view=4223,toView=4224,nodeIdx=0,changeCycle=0,myNode=3d2207af...,timecost=1.737
info|2019-12-11 21:59:08.076581|[g:1][CONSENSUS][PBFT]checkAndChangeView: Reach consensus,org_view=4223,org_changeCycle=0,cur_changeCycle=0,to_view=4224
info|2019-12-11 21:59:09.078398|[g:1][CONSENSUS]addRawPrepare,height=7,reqIdx=2,hash=0d20a83b...
info|2019-12-11 21:59:09.080732|[g:1][CONSENSUS][PBFT]checkTimeout Succ,view=4224,toView=4225,nodeIdx=0,changeCycle=0,myNode=3d2207af...,timecost=1.991
info|2019-12-11 21:59:09.082230|[g:1][CONSENSUS][PBFT]checkAndChangeView: Reach consensus,org_view=4224,org_changeCycle=0,cur_changeCycle=0,to_view=4225
info|2019-12-11 21:59:10.037607|[P2P][Service] heartBeat,connected count=3
info|2019-12-11 21:59:10.085794|[g:1][CONSENSUS]addRawPrepare,height=7,reqIdx=3,hash=b15a55a1...
info|2019-12-11 21:59:10.089124|[g:1][CONSENSUS][PBFT]checkTimeout Succ,view=4225,toView=4226,nodeIdx=0,changeCycle=0,myNode=3d2207af...,timecost=3.103
info|2019-12-11 21:59:10.090753|[g:1][CONSENSUS][PBFT]checkAndChangeView: Reach consensus,org_view=4225,org_changeCycle=0,cur_changeCycle=0,to_view=4226
info|2019-12-11 21:59:11.090827|[g:1][CONSENSUS][SEALER]++++++++++++++++ Generating seal on,blkNum=7,tx=0,nodeIdx=0,hash=e4ba4869...
info|2019-12-11 21:59:11.092075|[g:1][CONSENSUS][PBFT]checkTimeout Succ,view=4226,toView=4227,nodeIdx=0,changeCycle=0,myNode=3d2207af...,timecost=0.715
info|2019-12-11 21:59:11.096589|[g:1][CONSENSUS][PBFT]checkAndChangeView: Reach consensus,org_view=4226,org_changeCycle=0,cur_changeCycle=0,to_view=4227
info|2019-12-11 21:59:12.112077|[g:1][CONSENSUS]addRawPrepare,height=7,reqIdx=1,hash=8852a7dc...
info|2019-12-11 21:59:12.126511|[g:1][CONSENSUS][PBFT]checkTimeout Succ,view=4227,toView=4228,nodeIdx=0,changeCycle=0,myNode=3d2207af...,timecost=12.809
info|2019-12-11 21:59:12.146751|[g:1][CONSENSUS][PBFT]checkAndChangeView: Reach consensus,org_view=4227,org_changeCycle=0,cur_changeCycle=0,to_view=4228
info|2019-12-11 21:59:13.249880|[g:1][CONSENSUS]addRawPrepare,height=7,reqIdx=2,hash=2168c797...
info|2019-12-11 21:59:13.253043|[g:1][CONSENSUS][PBFT]checkTimeout Succ,view=4228,toView=4229,nodeIdx=0,changeCycle=0,myNode=3d2207af...,timecost=2.383
info|2019-12-11 21:59:13.261277|[g:1][CONSENSUS][PBFT]checkAndChangeView: Reach consensus,org_view=4228,org_changeCycle=0,cur_changeCycle=0,to_view=4229
info|2019-12-11 21:59:14.266495|[g:1][CONSENSUS]addRawPrepare,height=7,reqIdx=3,hash=0a0b122c...
info|2019-12-11 21:59:14.269490|[g:1][CONSENSUS][PBFT]checkTimeout Succ,view=4229,toView=4230,nodeIdx=0,changeCycle=0,myNode=3d2207af...,timecost=2.377
info|2019-12-11 21:59:14.283723|[g:1][CONSENSUS][PBFT]checkAndChangeView: Reach consensus,org_view=4229,org_changeCycle=0,cur_changeCycle=0,to_view=4230
info|2019-12-11 21:59:15.284960|[g:1][CONSENSUS][SEALER]++++++++++++++++ Generating seal on,blkNum=7,tx=0,nodeIdx=0,hash=1d64e47d...
info|2019-12-11 21:59:15.289003|[g:1][CONSENSUS][PBFT]checkTimeout Succ,view=4230,toView=4231,nodeIdx=0,changeCycle=0,myNode=3d2207af...,timecost=2.343
info|2019-12-11 21:59:15.304228|[g:1][CONSENSUS][PBFT]checkAndChangeView: Reach consensus,org_view=4230,org_changeCycle=0,cur_changeCycle=0,to_view=4231
info|2019-12-11 21:59:16.311218|[g:1][CONSENSUS]addRawPrepare,height=7,reqIdx=1,hash=6d273251...
info|2019-12-11 21:59:16.321077|[g:1][CONSENSUS][PBFT]checkTimeout Succ,view=4231,toView=4232,nodeIdx=0,changeCycle=0,myNode=3d2207af...,timecost=7.692
info|2019-12-11 21:59:16.330437|[g:1][CONSENSUS][PBFT]checkAndChangeView: Reach consensus,org_view=4231,org_changeCycle=0,cur_changeCycle=0,to_view=4232
info|2019-12-11 21:59:17.332273|[g:1][CONSENSUS]addRawPrepare,height=7,reqIdx=2,hash=444cda14...
info|2019-12-11 21:59:17.335576|[g:1][CONSENSUS][PBFT]checkTimeout Succ,view=4232,toView=4233,nodeIdx=0,changeCycle=0,myNode=3d2207af...,timecost=2.613
info|2019-12-11 21:59:17.345819|[g:1][CONSENSUS][PBFT]checkAndChangeView: Reach consensus,org_view=4232,org_changeCycle=0,cur_changeCycle=0,to_view=4233
info|2019-12-11 21:59:18.370205|[g:1][CONSENSUS]addRawPrepare,height=7,reqIdx=3,hash=83642b7d...
info|2019-12-11 21:59:18.373307|[g:1][CONSENSUS][PBFT]checkTimeout Succ,view=4233,toView=4234,nodeIdx=0,changeCycle=0,myNode=3d2207af...,timecost=2.279
info|2019-12-11 21:59:18.385962|[g:1][CONSENSUS][PBFT]checkAndChangeView: Reach consensus,org_view=4233,org_changeCycle=0,cur_changeCycle=0,to_view=4234
info|2019-12-11 21:59:19.387443|[g:1][CONSENSUS][SEALER]++++++++++++++++ Generating seal on,blkNum=7,tx=0,nodeIdx=0,hash=74d923b0...
info|2019-12-11 21:59:19.391470|[g:1][CONSENSUS][PBFT]checkTimeout Succ,view=4234,toView=4235,nodeIdx=0,changeCycle=0,myNode=3d2207af...,timecost=2.44
info|2019-12-11 21:59:19.410132|[g:1][CONSENSUS][PBFT]checkAndChangeView: Reach consensus,org_view=4234,org_changeCycle=0,cur_changeCycle=0,to_view=4235
info|2019-12-11 21:59:20.040725|[P2P][Service] heartBeat,connected count=3
info|2019-12-11 21:59:20.417629|[g:1][CONSENSUS]addRawPrepare,height=7,reqIdx=1,hash=b766513d...
info|2019-12-11 21:59:20.421489|[g:1][CONSENSUS][PBFT]checkTimeout Succ,view=4235,toView=4236,nodeIdx=0,changeCycle=0,myNode=3d2207af...,timecost=2.838
info|2019-12-11 21:59:20.431519|[g:1][CONSENSUS][PBFT]checkAndChangeView: Reach consensus,org_view=4235,org_changeCycle=0,cur_changeCycle=0,to_view=4236
info|2019-12-11 21:59:21.436531|[g:1][CONSENSUS]addRawPrepare,height=7,reqIdx=2,hash=1f8fc5eb...
info|2019-12-11 21:59:21.437471|[g:1][CONSENSUS][PBFT]checkTimeout Succ,view=4236,toView=4237,nodeIdx=0,changeCycle=0,myNode=3d2207af...,timecost=0.704
info|2019-12-11 21:59:21.440242|[g:1][CONSENSUS][PBFT]checkAndChangeView: Reach consensus,org_view=4236,org_changeCycle=0,cur_changeCycle=0,to_view=4237
info|2019-12-11 21:59:22.441987|[g:1][CONSENSUS]addRawPrepare,height=7,reqIdx=3,hash=44aca244...
info|2019-12-11 21:59:22.442903|[g:1][CONSENSUS][PBFT]checkTimeout Succ,view=4237,toView=4238,nodeIdx=0,changeCycle=0,myNode=3d2207af...,timecost=0.709
info|2019-12-11 21:59:22.445296|[g:1][CONSENSUS][PBFT]checkAndChangeView: Reach consensus,org_view=4237,org_changeCycle=0,cur_changeCycle=0,to_view=4238
info|2019-12-11 21:59:23.445809|[g:1][CONSENSUS][SEALER]++++++++++++++++ Generating seal on,blkNum=7,tx=0,nodeIdx=0,hash=bd022892...
info|2019-12-11 21:59:23.450969|[g:1][CONSENSUS][PBFT]checkTimeout Succ,view=4238,toView=4239,nodeIdx=0,changeCycle=0,myNode=3d2207af...,timecost=0.782
info|2019-12-11 21:59:23.451646|[g:1][CONSENSUS][PBFT]checkAndChangeView: Reach consensus,org_view=4238,org_changeCycle=0,cur_changeCycle=0,to_view=4239
info|2019-12-11 21:59:24.455283|[g:1][CONSENSUS]addRawPrepare,height=7,reqIdx=1,hash=646fc5d2...
info|2019-12-11 21:59:24.455930|[g:1][CONSENSUS][PBFT]checkTimeout Succ,view=4239,toView=4240,nodeIdx=0,changeCycle=0,myNode=3d2207af...,timecost=0.497
info|2019-12-11 21:59:24.458160|[g:1][CONSENSUS][PBFT]checkAndChangeView: Reach consensus,org_view=4239,org_changeCycle=0,cur_changeCycle=0,to_view=4240
info|2019-12-11 21:59:25.459915|[g:1][CONSENSUS]addRawPrepare,height=7,reqIdx=2,hash=b2735698...
info|2019-12-11 21:59:25.462639|[g:1][CONSENSUS][PBFT]checkTimeout Succ,view=4240,toView=4241,nodeIdx=0,changeCycle=0,myNode=3d2207af...,timecost=2.137
info|2019-12-11 21:59:25.464408|[g:1][CONSENSUS][PBFT]checkAndChangeView: Reach consensus,org_view=4240,org_changeCycle=0,cur_changeCycle=0,to_view=4241
info|2019-12-11 21:59:26.465370|[g:1][CONSENSUS]addRawPrepare,height=7,reqIdx=3,hash=6cf8794d...
info|2019-12-11 21:59:26.467857|[g:1][CONSENSUS][PBFT]checkTimeout Succ,view=4241,toView=4242,nodeIdx=0,changeCycle=0,myNode=3d2207af...,timecost=2.264
info|2019-12-11 21:59:26.469663|[g:1][CONSENSUS][PBFT]checkAndChangeView: Reach consensus,org_view=4241,org_changeCycle=0,cur_changeCycle=0,to_view=4242
info|2019-12-11 21:59:27.470035|[g:1][CONSENSUS][SEALER]++++++++++++++++ Generating seal on,blkNum=7,tx=0,nodeIdx=0,hash=4d1628aa...
info|2019-12-11 21:59:27.474309|[g:1][CONSENSUS][PBFT]checkTimeout Succ,view=4242,toView=4243,nodeIdx=0,changeCycle=0,myNode=3d2207af...,timecost=0.679
info|2019-12-11 21:59:27.476482|[g:1][CONSENSUS][PBFT]checkAndChangeView: Reach consensus,org_view=4242,org_changeCycle=0,cur_changeCycle=0,to_view=4243
info|2019-12-11 21:59:28.479347|[g:1][CONSENSUS]addRawPrepare,height=7,reqIdx=1,hash=9d6a2587...
info|2019-12-11 21:59:28.480905|[g:1][CONSENSUS][PBFT]checkTimeout Succ,view=4243,toView=4244,nodeIdx=0,changeCycle=0,myNode=3d2207af...,timecost=1.342
info|2019-12-11 21:59:28.482481|[g:1][CONSENSUS][PBFT]checkAndChangeView: Reach consensus,org_view=4243,org_changeCycle=0,cur_changeCycle=0,to_view=4244
info|2019-12-11 21:59:29.484973|[g:1][CONSENSUS]addRawPrepare,height=7,reqIdx=2,hash=948cb0fd...
info|2019-12-11 21:59:29.488327|[g:1][CONSENSUS][PBFT]checkTimeout Succ,view=4244,toView=4245,nodeIdx=0,changeCycle=0,myNode=3d2207af...,timecost=3.153
info|2019-12-11 21:59:29.489746|[g:1][CONSENSUS][PBFT]checkAndChangeView: Reach consensus,org_view=4244,org_changeCycle=0,cur_changeCycle=0,to_view=4245
info|2019-12-11 21:59:30.047152|[P2P][Service] heartBeat,connected count=3
info|2019-12-11 21:59:30.490177|[g:1][CONSENSUS]addRawPrepare,height=7,reqIdx=3,hash=d4b4ef1f...
info|2019-12-11 21:59:30.491087|[g:1][CONSENSUS][PBFT]checkTimeout Succ,view=4245,toView=4246,nodeIdx=0,changeCycle=0,myNode=3d2207af...,timecost=0.725
info|2019-12-11 21:59:30.494780|[g:1][CONSENSUS][PBFT]checkAndChangeView: Reach consensus,org_view=4245,org_changeCycle=0,cur_changeCycle=0,to_view=4246
info|2019-12-11 21:59:31.495558|[g:1][CONSENSUS][SEALER]++++++++++++++++ Generating seal on,blkNum=7,tx=0,nodeIdx=0,hash=65c3a3fa...
info|2019-12-11 21:59:31.496861|[g:1][CONSENSUS][PBFT]checkTimeout Succ,view=4246,toView=4247,nodeIdx=0,changeCycle=0,myNode=3d2207af...,timecost=0.722
info|2019-12-11 21:59:31.502603|[g:1][CONSENSUS][PBFT]checkAndChangeView: Reach consensus,org_view=4246,org_changeCycle=0,cur_changeCycle=0,to_view=4247
info|2019-12-11 21:59:32.503513|[g:1][CONSENSUS]addRawPrepare,height=7,reqIdx=1,hash=f145e587...
info|2019-12-11 21:59:32.504506|[g:1][CONSENSUS][PBFT]checkTimeout Succ,view=4247,toView=4248,nodeIdx=0,changeCycle=0,myNode=3d2207af...,timecost=0.765
info|2019-12-11 21:59:32.507194|[g:1][CONSENSUS][PBFT]checkAndChangeView: Reach consensus,org_view=4247,org_changeCycle=0,cur_changeCycle=0,to_view=4248
info|2019-12-11 21:59:33.510171|[g:1][CONSENSUS]addRawPrepare,height=7,reqIdx=2,hash=902b942f...
info|2019-12-11 21:59:33.510776|[g:1][CONSENSUS][PBFT]checkTimeout Succ,view=4248,toView=4249,nodeIdx=0,changeCycle=0,myNode=3d2207af...,timecost=0.446
info|2019-12-11 21:59:33.513866|[g:1][CONSENSUS][PBFT]checkAndChangeView: Reach consensus,org_view=4248,org_changeCycle=0,cur_changeCycle=0,to_view=4249
info|2019-12-11 21:59:34.518247|[g:1][CONSENSUS]addRawPrepare,height=7,reqIdx=3,hash=20a1d8b2...
info|2019-12-11 21:59:34.520549|[g:1][CONSENSUS][PBFT]checkTimeout Succ,view=4249,toView=4250,nodeIdx=0,changeCycle=0,myNode=3d2207af...,timecost=1.969
info|2019-12-11 21:59:34.522770|[g:1][CONSENSUS][PBFT]checkAndChangeView: Reach consensus,org_view=4249,org_changeCycle=0,cur_changeCycle=0,to_view=4250
info|2019-12-11 21:59:35.522211|[g:1][CONSENSUS][SEALER]++++++++++++++++ Generating seal on,blkNum=7,tx=0,nodeIdx=0,hash=f8ffe330...
info|2019-12-11 21:59:35.523606|[g:1][CONSENSUS][PBFT]checkTimeout Succ,view=4250,toView=4251,nodeIdx=0,changeCycle=0,myNode=3d2207af...,timecost=0.826
info|2019-12-11 21:59:35.527761|[g:1][CONSENSUS][PBFT]checkAndChangeView: Reach consensus,org_view=4250,org_changeCycle=0,cur_changeCycle=0,to_view=4251
info|2019-12-11 21:59:36.532001|[g:1][CONSENSUS]addRawPrepare,height=7,reqIdx=1,hash=d09543e2...
info|2019-12-11 21:59:36.534385|[g:1][CONSENSUS][PBFT]checkTimeout Succ,view=4251,toView=4252,nodeIdx=0,changeCycle=0,myNode=3d2207af...,timecost=2.157
info|2019-12-11 21:59:36.536304|[g:1][CONSENSUS][PBFT]checkAndChangeView: Reach consensus,org_view=4251,org_changeCycle=0,cur_changeCycle=0,to_view=4252
info|2019-12-11 21:59:37.538117|[g:1][CONSENSUS]addRawPrepare,height=7,reqIdx=2,hash=dd317f36...
info|2019-12-11 21:59:37.539188|[g:1][CONSENSUS][PBFT]checkTimeout Succ,view=4252,toView=4253,nodeIdx=0,changeCycle=0,myNode=3d2207af...,timecost=0.849
info|2019-12-11 21:59:37.541817|[g:1][CONSENSUS][PBFT]checkAndChangeView: Reach consensus,org_view=4252,org_changeCycle=0,cur_changeCycle=0,to_view=4253
info|2019-12-11 21:59:38.544847|[g:1][CONSENSUS]addRawPrepare,height=7,reqIdx=3,hash=e48e8f7a...
info|2019-12-11 21:59:38.546189|[g:1][CONSENSUS][PBFT]checkTimeout Succ,view=4253,toView=4254,nodeIdx=0,changeCycle=0,myNode=3d2207af...,timecost=1.062
info|2019-12-11 21:59:38.547991|[g:1][CONSENSUS][PBFT]checkAndChangeView: Reach consensus,org_view=4253,org_changeCycle=0,cur_changeCycle=0,to_view=4254
info|2019-12-11 21:59:39.549862|[g:1][CONSENSUS][SEALER]++++++++++++++++ Generating seal on,blkNum=7,tx=0,nodeIdx=0,hash=40728e5f...
info|2019-12-11 21:59:39.554116|[g:1][CONSENSUS][PBFT]checkTimeout Succ,view=4254,toView=4255,nodeIdx=0,changeCycle=0,myNode=3d2207af...,timecost=0.734
info|2019-12-11 21:59:39.555641|[g:1][CONSENSUS][PBFT]checkAndChangeView: Reach consensus,org_view=4254,org_changeCycle=0,cur_changeCycle=0,to_view=4255
info|2019-12-11 21:59:40.054191|[P2P][Service] heartBeat,connected count=3
info|2019-12-11 21:59:40.556651|[g:1][CONSENSUS]addRawPrepare,height=7,reqIdx=1,hash=8c87fe84...
info|2019-12-11 21:59:40.557341|[g:1][CONSENSUS][PBFT]checkTimeout Succ,view=4255,toView=4256,nodeIdx=0,changeCycle=0,myNode=3d2207af...,timecost=0.479
info|2019-12-11 21:59:40.559133|[g:1][CONSENSUS][PBFT]checkAndChangeView: Reach consensus,org_view=4255,org_changeCycle=0,cur_changeCycle=0,to_view=4256
info|2019-12-11 21:59:41.561424|[g:1][CONSENSUS]addRawPrepare,height=7,reqIdx=2,hash=919d93a0...
info|2019-12-11 21:59:41.562430|[g:1][CONSENSUS][PBFT]checkTimeout Succ,view=4256,toView=4257,nodeIdx=0,changeCycle=0,myNode=3d2207af...,timecost=0.782
info|2019-12-11 21:59:41.564155|[g:1][CONSENSUS][PBFT]checkAndChangeView: Reach consensus,org_view=4256,org_changeCycle=0,cur_changeCycle=0,to_view=4257
info|2019-12-11 21:59:42.566925|[g:1][CONSENSUS]addRawPrepare,height=7,reqIdx=3,hash=d5b49c70...
info|2019-12-11 21:59:42.568489|[g:1][CONSENSUS][PBFT]checkTimeout Succ,view=4257,toView=4258,nodeIdx=0,changeCycle=0,myNode=3d2207af...,timecost=1.351
info|2019-12-11 21:59:42.570222|[g:1][CONSENSUS][PBFT]checkAndChangeView: Reach consensus,org_view=4257,org_changeCycle=0,cur_changeCycle=0,to_view=4258
info|2019-12-11 21:59:43.570962|[g:1][CONSENSUS][SEALER]++++++++++++++++ Generating seal on,blkNum=7,tx=0,nodeIdx=0,hash=42dfff9c...
info|2019-12-11 21:59:43.576495|[g:1][CONSENSUS][PBFT]checkTimeout Succ,view=4258,toView=4259,nodeIdx=0,changeCycle=0,myNode=3d2207af...,timecost=0.848
info|2019-12-11 21:59:43.577171|[g:1][CONSENSUS][PBFT]checkAndChangeView: Reach consensus,org_view=4258,org_changeCycle=0,cur_changeCycle=0,to_view=4259
info|2019-12-11 21:59:44.579879|[g:1][CONSENSUS]addRawPrepare,height=7,reqIdx=1,hash=b1e06b47...
info|2019-12-11 21:59:44.583765|[g:1][CONSENSUS][PBFT]checkTimeout Succ,view=4259,toView=4260,nodeIdx=0,changeCycle=0,myNode=3d2207af...,timecost=3.572
info|2019-12-11 21:59:44.584717|[g:1][CONSENSUS][PBFT]checkAndChangeView: Reach consensus,org_view=4259,org_changeCycle=0,cur_changeCycle=0,to_view=4260
info|2019-12-11 21:59:45.586469|[g:1][CONSENSUS]addRawPrepare,height=7,reqIdx=2,hash=a92bb1d6...
info|2019-12-11 21:59:45.587533|[g:1][CONSENSUS][PBFT]checkTimeout Succ,view=4260,toView=4261,nodeIdx=0,changeCycle=0,myNode=3d2207af...,timecost=0.77
info|2019-12-11 21:59:45.589894|[g:1][CONSENSUS][PBFT]checkAndChangeView: Reach consensus,org_view=4260,org_changeCycle=0,cur_changeCycle=0,to_view=4261
info|2019-12-11 21:59:46.593782|[g:1][CONSENSUS]addRawPrepare,height=7,reqIdx=3,hash=472476ce...
info|2019-12-11 21:59:46.595851|[g:1][CONSENSUS][PBFT]checkTimeout Succ,view=4261,toView=4262,nodeIdx=0,changeCycle=0,myNode=3d2207af...,timecost=1.729
info|2019-12-11 21:59:46.597415|[g:1][CONSENSUS][PBFT]checkAndChangeView: Reach consensus,org_view=4261,org_changeCycle=0,cur_changeCycle=0,to_view=4262
info|2019-12-11 21:59:47.597373|[g:1][CONSENSUS][SEALER]++++++++++++++++ Generating seal on,blkNum=7,tx=0,nodeIdx=0,hash=0ed21b9e...
info|2019-12-11 21:59:47.598645|[g:1][CONSENSUS][PBFT]checkTimeout Succ,view=4262,toView=4263,nodeIdx=0,changeCycle=0,myNode=3d2207af...,timecost=0.727
info|2019-12-11 21:59:47.603667|[g:1][CONSENSUS][PBFT]checkAndChangeView: Reach consensus,org_view=4262,org_changeCycle=0,cur_changeCycle=0,to_view=4263
info|2019-12-11 21:59:48.605389|[g:1][CONSENSUS]addRawPrepare,height=7,reqIdx=1,hash=62c99b2e...
info|2019-12-11 21:59:48.605998|[g:1][CONSENSUS][PBFT]checkTimeout Succ,view=4263,toView=4264,nodeIdx=0,changeCycle=0,myNode=3d2207af...,timecost=0.433
info|2019-12-11 21:59:48.608421|[g:1][CONSENSUS][PBFT]checkAndChangeView: Reach consensus,org_view=4263,org_changeCycle=0,cur_changeCycle=0,to_view=4264
info|2019-12-11 21:59:49.610349|[g:1][CONSENSUS]addRawPrepare,height=7,reqIdx=2,hash=1eaa7971...
info|2019-12-11 21:59:49.611349|[g:1][CONSENSUS][PBFT]checkTimeout Succ,view=4264,toView=4265,nodeIdx=0,changeCycle=0,myNode=3d2207af...,timecost=0.728
info|2019-12-11 21:59:49.614390|[g:1][CONSENSUS][PBFT]checkAndChangeView: Reach consensus,org_view=4264,org_changeCycle=0,cur_changeCycle=0,to_view=4265
info|2019-12-11 21:59:50.063152|[P2P][Service] heartBeat,connected count=3
info|2019-12-11 21:59:50.617660|[g:1][CONSENSUS]addRawPrepare,height=7,reqIdx=3,hash=06bc65c0...
info|2019-12-11 21:59:50.618915|[g:1][CONSENSUS][PBFT]checkTimeout Succ,view=4265,toView=4266,nodeIdx=0,changeCycle=0,myNode=3d2207af...,timecost=1.064
info|2019-12-11 21:59:50.621490|[g:1][CONSENSUS][PBFT]checkAndChangeView: Reach consensus,org_view=4265,org_changeCycle=0,cur_changeCycle=0,to_view=4266
info|2019-12-11 21:59:51.621666|[g:1][CONSENSUS][SEALER]++++++++++++++++ Generating seal on,blkNum=7,tx=0,nodeIdx=0,hash=9d8a754e...
info|2019-12-11 21:59:51.623142|[g:1][CONSENSUS][PBFT]checkTimeout Succ,view=4266,toView=4267,nodeIdx=0,changeCycle=0,myNode=3d2207af...,timecost=0.773
info|2019-12-11 21:59:51.627486|[g:1][CONSENSUS][PBFT]checkAndChangeView: Reach consensus,org_view=4266,org_changeCycle=0,cur_changeCycle=0,to_view=4267
info|2019-12-11 21:59:52.629721|[g:1][CONSENSUS]addRawPrepare,height=7,reqIdx=1,hash=98b37def...
info|2019-12-11 21:59:52.630636|[g:1][CONSENSUS][PBFT]checkTimeout Succ,view=4267,toView=4268,nodeIdx=0,changeCycle=0,myNode=3d2207af...,timecost=0.819
info|2019-12-11 21:59:52.631605|[g:1][CONSENSUS][PBFT]checkAndChangeView: Reach consensus,org_view=4267,org_changeCycle=0,cur_changeCycle=0,to_view=4268
