info|2019-12-11 23:23:27.019248|[P2P][Service] heartBeat,connected count=3
warning|2019-12-11 23:23:27.021374|[g:1][CONSENSUS][PBFT]ViewChangeWarning: not caused by omit empty block ,v=5384,toV=5385,curNum=6,hash=7ce3abdb...,nodeIdx=0,myNode=3d2207af...
info|2019-12-11 23:23:27.021476|[g:1][CONSENSUS][PBFT]checkTimeout Succ,view=5384,toView=5385,nodeIdx=0,changeCycle=1,myNode=3d2207af...,timecost=0.384
info|2019-12-11 23:23:27.029991|[g:1][CONSENSUS][PBFT]checkAndChangeView: Reach consensus,org_view=5384,org_changeCycle=1,cur_changeCycle=1,to_view=5385
info|2019-12-11 23:23:28.039745|[g:1][CONSENSUS]addRawPrepare,height=7,reqIdx=3,hash=1a5c205f...
info|2019-12-11 23:23:28.040014|[g:1][CONSENSUS][PBFT]checkTimeout Succ,view=5385,toView=5386,nodeIdx=0,changeCycle=0,myNode=3d2207af...,timecost=0.195
info|2019-12-11 23:23:28.042290|[g:1][CONSENSUS][PBFT]checkAndChangeView: Reach consensus,org_view=5385,org_changeCycle=0,cur_changeCycle=0,to_view=5386
info|2019-12-11 23:23:29.042354|[g:1][CONSENSUS][SEALER]++++++++++++++++ Generating seal on,blkNum=7,tx=0,nodeIdx=0,hash=48ffc5e3...
info|2019-12-11 23:23:29.043118|[g:1][CONSENSUS][PBFT]checkTimeout Succ,view=5386,toView=5387,nodeIdx=0,changeCycle=0,myNode=3d2207af...,timecost=0.329
info|2019-12-11 23:23:29.045930|[g:1][CONSENSUS][PBFT]checkAndChangeView: Reach consensus,org_view=5386,org_changeCycle=0,cur_changeCycle=0,to_view=5387
info|2019-12-11 23:23:30.046512|[g:1][CONSENSUS]addRawPrepare,height=7,reqIdx=1,hash=16b74179...
info|2019-12-11 23:23:30.047334|[g:1][CONSENSUS][PBFT]checkTimeout Succ,view=5387,toView=5388,nodeIdx=0,changeCycle=0,myNode=3d2207af...,timecost=0.716
info|2019-12-11 23:23:30.048308|[g:1][CONSENSUS][PBFT]checkAndChangeView: Reach consensus,org_view=5387,org_changeCycle=0,cur_changeCycle=0,to_view=5388
info|2019-12-11 23:23:31.049452|[g:1][CONSENSUS]addRawPrepare,height=7,reqIdx=2,hash=19c51877...
info|2019-12-11 23:23:31.050174|[g:1][CONSENSUS][PBFT]checkTimeout Succ,view=5388,toView=5389,nodeIdx=0,changeCycle=0,myNode=3d2207af...,timecost=0.369
info|2019-12-11 23:23:31.051161|[g:1][CONSENSUS][PBFT]checkAndChangeView: Reach consensus,org_view=5388,org_changeCycle=0,cur_changeCycle=0,to_view=5389
info|2019-12-11 23:23:32.053514|[g:1][CONSENSUS]addRawPrepare,height=7,reqIdx=3,hash=0a9690f4...
info|2019-12-11 23:23:32.054094|[g:1][CONSENSUS][PBFT]checkTimeout Succ,view=5389,toView=5390,nodeIdx=0,changeCycle=0,myNode=3d2207af...,timecost=0.469
info|2019-12-11 23:23:32.055568|[g:1][CONSENSUS][PBFT]checkAndChangeView: Reach consensus,org_view=5389,org_changeCycle=0,cur_changeCycle=0,to_view=5390
info|2019-12-11 23:23:33.055188|[g:1][CONSENSUS][SEALER]++++++++++++++++ Generating seal on,blkNum=7,tx=0,nodeIdx=0,hash=e9189c93...
info|2019-12-11 23:23:33.055945|[g:1][CONSENSUS][PBFT]checkTimeout Succ,view=5390,toView=5391,nodeIdx=0,changeCycle=0,myNode=3d2207af...,timecost=0.334
info|2019-12-11 23:23:33.058328|[g:1][CONSENSUS][PBFT]checkAndChangeView: Reach consensus,org_view=5390,org_changeCycle=0,cur_changeCycle=0,to_view=5391
info|2019-12-11 23:23:34.060819|[g:1][CONSENSUS]addRawPrepare,height=7,reqIdx=1,hash=7532e459...
info|2019-12-11 23:23:34.061273|[g:1][CONSENSUS][PBFT]checkTimeout Succ,view=5391,toView=5392,nodeIdx=0,changeCycle=0,myNode=3d2207af...,timecost=0.35
info|2019-12-11 23:23:34.062791|[g:1][CONSENSUS][PBFT]checkAndChangeView: Reach consensus,org_view=5391,org_changeCycle=0,cur_changeCycle=0,to_view=5392
info|2019-12-11 23:23:35.064097|[g:1][CONSENSUS]addRawPrepare,height=7,reqIdx=2,hash=a22621fa...
info|2019-12-11 23:23:35.064563|[g:1][CONSENSUS][PBFT]checkTimeout Succ,view=5392,toView=5393,nodeIdx=0,changeCycle=0,myNode=3d2207af...,timecost=0.316
info|2019-12-11 23:23:35.067798|[g:1][CONSENSUS][PBFT]checkAndChangeView: Reach consensus,org_view=5392,org_changeCycle=0,cur_changeCycle=0,to_view=5393
info|2019-12-11 23:23:36.067614|[g:1][CONSENSUS]addRawPrepare,height=7,reqIdx=3,hash=da6b5e48...
info|2019-12-11 23:23:36.067989|[g:1][CONSENSUS][PBFT]checkTimeout Succ,view=5393,toView=5394,nodeIdx=0,changeCycle=0,myNode=3d2207af...,timecost=0.275
info|2019-12-11 23:23:36.068986|[g:1][CONSENSUS][PBFT]checkAndChangeView: Reach consensus,org_view=5393,org_changeCycle=0,cur_changeCycle=0,to_view=5394
info|2019-12-11 23:23:37.026093|[P2P][Service] heartBeat,connected count=3
info|2019-12-11 23:23:37.068965|[g:1][CONSENSUS][SEALER]++++++++++++++++ Generating seal on,blkNum=7,tx=0,nodeIdx=0,hash=9a174227...
info|2019-12-11 23:23:37.069487|[g:1][CONSENSUS][PBFT]checkTimeout Succ,view=5394,toView=5395,nodeIdx=0,changeCycle=0,myNode=3d2207af...,timecost=0.195
info|2019-12-11 23:23:37.072511|[g:1][CONSENSUS][PBFT]checkAndChangeView: Reach consensus,org_view=5394,org_changeCycle=0,cur_changeCycle=0,to_view=5395
info|2019-12-11 23:23:38.075358|[g:1][CONSENSUS]addRawPrepare,height=7,reqIdx=1,hash=7552778a...
info|2019-12-11 23:23:38.075763|[g:1][CONSENSUS][PBFT]checkTimeout Succ,view=5395,toView=5396,nodeIdx=0,changeCycle=0,myNode=3d2207af...,timecost=0.302
info|2019-12-11 23:23:38.077353|[g:1][CONSENSUS][PBFT]checkAndChangeView: Reach consensus,org_view=5395,org_changeCycle=0,cur_changeCycle=0,to_view=5396
info|2019-12-11 23:23:39.088396|[g:1][CONSENSUS]addRawPrepare,height=7,reqIdx=2,hash=bacb1565...
info|2019-12-11 23:23:39.098408|[g:1][CONSENSUS][PBFT]checkTimeout Succ,view=5396,toView=5397,nodeIdx=0,changeCycle=0,myNode=3d2207af...,timecost=9.311
info|2019-12-11 23:23:39.109572|[g:1][CONSENSUS][PBFT]checkAndChangeView: Reach consensus,org_view=5396,org_changeCycle=0,cur_changeCycle=0,to_view=5397
info|2019-12-11 23:23:40.120999|[g:1][CONSENSUS]addRawPrepare,height=7,reqIdx=3,hash=18346a67...
info|2019-12-11 23:23:40.124128|[g:1][CONSENSUS][PBFT]checkTimeout Succ,view=5397,toView=5398,nodeIdx=0,changeCycle=0,myNode=3d2207af...,timecost=2.428
info|2019-12-11 23:23:40.133287|[g:1][CONSENSUS][PBFT]checkAndChangeView: Reach consensus,org_view=5397,org_changeCycle=0,cur_changeCycle=0,to_view=5398
info|2019-12-11 23:23:41.133941|[g:1][CONSENSUS][SEALER]++++++++++++++++ Generating seal on,blkNum=7,tx=0,nodeIdx=0,hash=8973812b...
info|2019-12-11 23:23:41.139178|[g:1][CONSENSUS][PBFT]checkTimeout Succ,view=5398,toView=5399,nodeIdx=0,changeCycle=0,myNode=3d2207af...,timecost=2.367
info|2019-12-11 23:23:41.154086|[g:1][CONSENSUS][PBFT]checkAndChangeView: Reach consensus,org_view=5398,org_changeCycle=0,cur_changeCycle=0,to_view=5399
info|2019-12-11 23:23:42.174392|[g:1][CONSENSUS]addRawPrepare,height=7,reqIdx=1,hash=3ba11f48...
info|2019-12-11 23:23:42.178447|[g:1][CONSENSUS][PBFT]checkTimeout Succ,view=5399,toView=5400,nodeIdx=0,changeCycle=0,myNode=3d2207af...,timecost=2.831
info|2019-12-11 23:23:42.195541|[g:1][CONSENSUS][PBFT]checkAndChangeView: Reach consensus,org_view=5399,org_changeCycle=0,cur_changeCycle=0,to_view=5400
info|2019-12-11 23:23:43.198935|[g:1][CONSENSUS]addRawPrepare,height=7,reqIdx=2,hash=3be98493...
info|2019-12-11 23:23:43.204030|[g:1][CONSENSUS][PBFT]checkTimeout Succ,view=5400,toView=5401,nodeIdx=0,changeCycle=0,myNode=3d2207af...,timecost=3.714
info|2019-12-11 23:23:43.217460|[g:1][CONSENSUS][PBFT]checkAndChangeView: Reach consensus,org_view=5400,org_changeCycle=0,cur_changeCycle=0,to_view=5401
info|2019-12-11 23:23:44.223820|[g:1][CONSENSUS]addRawPrepare,height=7,reqIdx=3,hash=eacd6fc0...
info|2019-12-11 23:23:44.226499|[g:1][CONSENSUS][PBFT]checkTimeout Succ,view=5401,toView=5402,nodeIdx=0,changeCycle=0,myNode=3d2207af...,timecost=1.998
info|2019-12-11 23:23:44.257689|[g:1][CONSENSUS][PBFT]checkAndChangeView: Reach consensus,org_view=5401,org_changeCycle=0,cur_changeCycle=0,to_view=5402
info|2019-12-11 23:23:45.258409|[g:1][CONSENSUS][SEALER]++++++++++++++++ Generating seal on,blkNum=7,tx=0,nodeIdx=0,hash=9f6ef60d...
info|2019-12-11 23:23:45.263238|[g:1][CONSENSUS][PBFT]checkTimeout Succ,view=5402,toView=5403,nodeIdx=0,changeCycle=0,myNode=3d2207af...,timecost=1.915
info|2019-12-11 23:23:45.288203|[g:1][CONSENSUS][PBFT]checkAndChangeView: Reach consensus,org_view=5402,org_changeCycle=0,cur_changeCycle=0,to_view=5403
info|2019-12-11 23:23:46.294285|[g:1][CONSENSUS]addRawPrepare,height=7,reqIdx=1,hash=638760e9...
info|2019-12-11 23:23:46.313647|[g:1][CONSENSUS][PBFT]checkTimeout Succ,view=5403,toView=5404,nodeIdx=0,changeCycle=0,myNode=3d2207af...,timecost=18.51
info|2019-12-11 23:23:46.321248|[g:1][CONSENSUS][PBFT]checkAndChangeView: Reach consensus,org_view=5403,org_changeCycle=0,cur_changeCycle=0,to_view=5404
info|2019-12-11 23:23:47.027840|[P2P][Service] heartBeat,connected count=3
info|2019-12-11 23:23:47.317450|[g:1][CONSENSUS]addRawPrepare,height=7,reqIdx=2,hash=0dace72f...
info|2019-12-11 23:23:47.320548|[g:1][CONSENSUS][PBFT]checkTimeout Succ,view=5404,toView=5405,nodeIdx=0,changeCycle=0,myNode=3d2207af...,timecost=2.109
info|2019-12-11 23:23:47.340115|[g:1][CONSENSUS][PBFT]checkAndChangeView: Reach consensus,org_view=5404,org_changeCycle=0,cur_changeCycle=0,to_view=5405
info|2019-12-11 23:23:48.336966|[g:1][CONSENSUS]addRawPrepare,height=7,reqIdx=3,hash=0949ef53...
info|2019-12-11 23:23:48.338009|[g:1][CONSENSUS][PBFT]checkTimeout Succ,view=5405,toView=5406,nodeIdx=0,changeCycle=0,myNode=3d2207af...,timecost=0.624
info|2019-12-11 23:23:48.344347|[g:1][CONSENSUS][PBFT]checkAndChangeView: Reach consensus,org_view=5405,org_changeCycle=0,cur_changeCycle=0,to_view=5406
info|2019-12-11 23:23:49.344180|[g:1][CONSENSUS][SEALER]++++++++++++++++ Generating seal on,blkNum=7,tx=0,nodeIdx=0,hash=73525fb2...
info|2019-12-11 23:23:49.346779|[g:1][CONSENSUS][PBFT]checkTimeout Succ,view=5406,toView=5407,nodeIdx=0,changeCycle=0,myNode=3d2207af...,timecost=0.26
info|2019-12-11 23:23:49.347390|[g:1][CONSENSUS][PBFT]checkAndChangeView: Reach consensus,org_view=5406,org_changeCycle=0,cur_changeCycle=0,to_view=5407
info|2019-12-11 23:23:50.349145|[g:1][CONSENSUS]addRawPrepare,height=7,reqIdx=1,hash=5d2d18d6...
info|2019-12-11 23:23:50.349693|[g:1][CONSENSUS][PBFT]checkTimeout Succ,view=5407,toView=5408,nodeIdx=0,changeCycle=0,myNode=3d2207af...,timecost=0.412
info|2019-12-11 23:23:50.350920|[g:1][CONSENSUS][PBFT]checkAndChangeView: Reach consensus,org_view=5407,org_changeCycle=0,cur_changeCycle=0,to_view=5408
info|2019-12-11 23:23:51.353168|[g:1][CONSENSUS]addRawPrepare,height=7,reqIdx=2,hash=d4c14193...
info|2019-12-11 23:23:51.353612|[g:1][CONSENSUS][PBFT]checkTimeout Succ,view=5408,toView=5409,nodeIdx=0,changeCycle=0,myNode=3d2207af...,timecost=0.318
info|2019-12-11 23:23:51.355102|[g:1][CONSENSUS][PBFT]checkAndChangeView: Reach consensus,org_view=5408,org_changeCycle=0,cur_changeCycle=0,to_view=5409
info|2019-12-11 23:23:52.357086|[g:1][CONSENSUS]addRawPrepare,height=7,reqIdx=3,hash=1f9fe27e...
info|2019-12-11 23:23:52.357465|[g:1][CONSENSUS][PBFT]checkTimeout Succ,view=5409,toView=5410,nodeIdx=0,changeCycle=0,myNode=3d2207af...,timecost=0.278
info|2019-12-11 23:23:52.360467|[g:1][CONSENSUS][PBFT]checkAndChangeView: Reach consensus,org_view=5409,org_changeCycle=0,cur_changeCycle=0,to_view=5410
info|2019-12-11 23:23:53.360939|[g:1][CONSENSUS][SEALER]++++++++++++++++ Generating seal on,blkNum=7,tx=0,nodeIdx=0,hash=b23d204b...
info|2019-12-11 23:23:53.361998|[g:1][CONSENSUS][PBFT]checkTimeout Succ,view=5410,toView=5411,nodeIdx=0,changeCycle=0,myNode=3d2207af...,timecost=0.41
info|2019-12-11 23:23:53.364272|[g:1][CONSENSUS][PBFT]checkAndChangeView: Reach consensus,org_view=5410,org_changeCycle=0,cur_changeCycle=0,to_view=5411
info|2019-12-11 23:23:54.366967|[g:1][CONSENSUS]addRawPrepare,height=7,reqIdx=1,hash=74de2e93...
info|2019-12-11 23:23:54.367354|[g:1][CONSENSUS][PBFT]checkTimeout Succ,view=5411,toView=5412,nodeIdx=0,changeCycle=0,myNode=3d2207af...,timecost=0.274
info|2019-12-11 23:23:54.368947|[g:1][CONSENSUS][PBFT]checkAndChangeView: Reach consensus,org_view=5411,org_changeCycle=0,cur_changeCycle=0,to_view=5412
info|2019-12-11 23:23:55.371077|[g:1][CONSENSUS]addRawPrepare,height=7,reqIdx=2,hash=1d3d12f0...
info|2019-12-11 23:23:55.371776|[g:1][CONSENSUS][PBFT]checkTimeout Succ,view=5412,toView=5413,nodeIdx=0,changeCycle=0,myNode=3d2207af...,timecost=0.6
info|2019-12-11 23:23:55.372917|[g:1][CONSENSUS][PBFT]checkAndChangeView: Reach consensus,org_view=5412,org_changeCycle=0,cur_changeCycle=0,to_view=5413
info|2019-12-11 23:23:56.374548|[g:1][CONSENSUS]addRawPrepare,height=7,reqIdx=3,hash=06959463...
info|2019-12-11 23:23:56.374903|[g:1][CONSENSUS][PBFT]checkTimeout Succ,view=5413,toView=5414,nodeIdx=0,changeCycle=0,myNode=3d2207af...,timecost=0.261
info|2019-12-11 23:23:56.377765|[g:1][CONSENSUS][PBFT]checkAndChangeView: Reach consensus,org_view=5413,org_changeCycle=0,cur_changeCycle=0,to_view=5414
info|2019-12-11 23:23:57.036191|[P2P][Service] heartBeat,connected count=3
info|2019-12-11 23:23:57.378097|[g:1][CONSENSUS][SEALER]++++++++++++++++ Generating seal on,blkNum=7,tx=0,nodeIdx=0,hash=cb3f71a9...
info|2019-12-11 23:23:57.378837|[g:1][CONSENSUS][PBFT]checkTimeout Succ,view=5414,toView=5415,nodeIdx=0,changeCycle=0,myNode=3d2207af...,timecost=0.465
info|2019-12-11 23:23:57.381769|[g:1][CONSENSUS][PBFT]checkAndChangeView: Reach consensus,org_view=5414,org_changeCycle=0,cur_changeCycle=0,to_view=5415
info|2019-12-11 23:23:58.385165|[g:1][CONSENSUS]addRawPrepare,height=7,reqIdx=1,hash=f4f32638...
info|2019-12-11 23:23:58.385804|[g:1][CONSENSUS][PBFT]checkTimeout Succ,view=5415,toView=5416,nodeIdx=0,changeCycle=0,myNode=3d2207af...,timecost=0.447
info|2019-12-11 23:23:58.387991|[g:1][CONSENSUS][PBFT]checkAndChangeView: Reach consensus,org_view=5415,org_changeCycle=0,cur_changeCycle=0,to_view=5416
info|2019-12-11 23:23:59.389211|[g:1][CONSENSUS]addRawPrepare,height=7,reqIdx=2,hash=c7295700...
info|2019-12-11 23:23:59.389660|[g:1][CONSENSUS][PBFT]checkTimeout Succ,view=5416,toView=5417,nodeIdx=0,changeCycle=0,myNode=3d2207af...,timecost=0.298
info|2019-12-11 23:23:59.390920|[g:1][CONSENSUS][PBFT]checkAndChangeView: Reach consensus,org_view=5416,org_changeCycle=0,cur_changeCycle=0,to_view=5417
info|2019-12-11 23:24:00.392047|[g:1][CONSENSUS]addRawPrepare,height=7,reqIdx=3,hash=2010fc13...
info|2019-12-11 23:24:00.392685|[g:1][CONSENSUS][PBFT]checkTimeout Succ,view=5417,toView=5418,nodeIdx=0,changeCycle=0,myNode=3d2207af...,timecost=0.33
info|2019-12-11 23:24:00.394004|[g:1][CONSENSUS][PBFT]checkAndChangeView: Reach consensus,org_view=5417,org_changeCycle=0,cur_changeCycle=0,to_view=5418
info|2019-12-11 23:24:01.394786|[g:1][CONSENSUS][SEALER]++++++++++++++++ Generating seal on,blkNum=7,tx=0,nodeIdx=0,hash=e7c93114...
info|2019-12-11 23:24:01.395384|[g:1][CONSENSUS][PBFT]checkTimeout Succ,view=5418,toView=5419,nodeIdx=0,changeCycle=0,myNode=3d2207af...,timecost=0.3
info|2019-12-11 23:24:01.397364|[g:1][CONSENSUS][PBFT]checkAndChangeView: Reach consensus,org_view=5418,org_changeCycle=0,cur_changeCycle=0,to_view=5419
info|2019-12-11 23:24:02.400107|[g:1][CONSENSUS]addRawPrepare,height=7,reqIdx=1,hash=e1a0d2f5...
info|2019-12-11 23:24:02.400815|[g:1][CONSENSUS][PBFT]checkTimeout Succ,view=5419,toView=5420,nodeIdx=0,changeCycle=0,myNode=3d2207af...,timecost=0.561
info|2019-12-11 23:24:02.402598|[g:1][CONSENSUS][PBFT]checkAndChangeView: Reach consensus,org_view=5419,org_changeCycle=0,cur_changeCycle=0,to_view=5420
info|2019-12-11 23:24:03.406268|[g:1][CONSENSUS]addRawPrepare,height=7,reqIdx=2,hash=0153a6dc...
info|2019-12-11 23:24:03.406645|[g:1][CONSENSUS][PBFT]checkTimeout Succ,view=5420,toView=5421,nodeIdx=0,changeCycle=0,myNode=3d2207af...,timecost=0.28
info|2019-12-11 23:24:03.409410|[g:1][CONSENSUS][PBFT]checkAndChangeView: Reach consensus,org_view=5420,org_changeCycle=0,cur_changeCycle=0,to_view=5421
info|2019-12-11 23:24:04.411531|[g:1][CONSENSUS]addRawPrepare,height=7,reqIdx=3,hash=37845404...
info|2019-12-11 23:24:04.412136|[g:1][CONSENSUS][PBFT]checkTimeout Succ,view=5421,toView=5422,nodeIdx=0,changeCycle=0,myNode=3d2207af...,timecost=0.449
info|2019-12-11 23:24:04.413650|[g:1][CONSENSUS][PBFT]checkAndChangeView: Reach consensus,org_view=5421,org_changeCycle=0,cur_changeCycle=0,to_view=5422
info|2019-12-11 23:24:05.414269|[g:1][CONSENSUS][SEALER]++++++++++++++++ Generating seal on,blkNum=7,tx=0,nodeIdx=0,hash=e0bdb785...
info|2019-12-11 23:24:05.417505|[g:1][CONSENSUS][PBFT]checkTimeout Succ,view=5422,toView=5423,nodeIdx=0,changeCycle=0,myNode=3d2207af...,timecost=0.331
info|2019-12-11 23:24:05.418673|[g:1][CONSENSUS][PBFT]checkAndChangeView: Reach consensus,org_view=5422,org_changeCycle=0,cur_changeCycle=0,to_view=5423
info|2019-12-11 23:24:06.422207|[g:1][CONSENSUS]addRawPrepare,height=7,reqIdx=1,hash=160c4155...
info|2019-12-11 23:24:06.422563|[g:1][CONSENSUS][PBFT]checkTimeout Succ,view=5423,toView=5424,nodeIdx=0,changeCycle=0,myNode=3d2207af...,timecost=0.26
info|2019-12-11 23:24:06.425604|[g:1][CONSENSUS][PBFT]checkAndChangeView: Reach consensus,org_view=5423,org_changeCycle=0,cur_changeCycle=0,to_view=5424
info|2019-12-11 23:24:07.044844|[P2P][Service] heartBeat,connected count=3
info|2019-12-11 23:24:07.428575|[g:1][CONSENSUS]addRawPrepare,height=7,reqIdx=2,hash=21a2c672...
info|2019-12-11 23:24:07.430008|[g:1][CONSENSUS][PBFT]checkTimeout Succ,view=5424,toView=5425,nodeIdx=0,changeCycle=0,myNode=3d2207af...,timecost=1.236
info|2019-12-11 23:24:07.432605|[g:1][CONSENSUS][PBFT]checkAndChangeView: Reach consensus,org_view=5424,org_changeCycle=0,cur_changeCycle=0,to_view=5425
info|2019-12-11 23:24:08.435360|[g:1][CONSENSUS]addRawPrepare,height=7,reqIdx=3,hash=a68eecd4...
info|2019-12-11 23:24:08.436501|[g:1][CONSENSUS][PBFT]checkTimeout Succ,view=5425,toView=5426,nodeIdx=0,changeCycle=0,myNode=3d2207af...,timecost=0.638
info|2019-12-11 23:24:08.439818|[g:1][CONSENSUS][PBFT]checkAndChangeView: Reach consensus,org_view=5425,org_changeCycle=0,cur_changeCycle=0,to_view=5426
info|2019-12-11 23:24:09.440740|[g:1][CONSENSUS][SEALER]++++++++++++++++ Generating seal on,blkNum=7,tx=0,nodeIdx=0,hash=a370610c...
info|2019-12-11 23:24:09.441675|[g:1][CONSENSUS][PBFT]checkTimeout Succ,view=5426,toView=5427,nodeIdx=0,changeCycle=0,myNode=3d2207af...,timecost=0.526
info|2019-12-11 23:24:09.444816|[g:1][CONSENSUS][PBFT]checkAndChangeView: Reach consensus,org_view=5426,org_changeCycle=0,cur_changeCycle=0,to_view=5427
info|2019-12-11 23:24:10.446540|[g:1][CONSENSUS]addRawPrepare,height=7,reqIdx=1,hash=8969571a...
info|2019-12-11 23:24:10.447253|[g:1][CONSENSUS][PBFT]checkTimeout Succ,view=5427,toView=5428,nodeIdx=0,changeCycle=0,myNode=3d2207af...,timecost=0.424
info|2019-12-11 23:24:10.448932|[g:1][CONSENSUS][PBFT]checkAndChangeView: Reach consensus,org_view=5427,org_changeCycle=0,cur_changeCycle=0,to_view=5428
info|2019-12-11 23:24:11.452318|[g:1][CONSENSUS]addRawPrepare,height=7,reqIdx=2,hash=e3cfab4d...
info|2019-12-11 23:24:11.452934|[g:1][CONSENSUS][PBFT]checkTimeout Succ,view=5428,toView=5429,nodeIdx=0,changeCycle=0,myNode=3d2207af...,timecost=0.465
info|2019-12-11 23:24:11.455336|[g:1][CONSENSUS][PBFT]checkAndChangeView: Reach consensus,org_view=5428,org_changeCycle=0,cur_changeCycle=0,to_view=5429
info|2019-12-11 23:24:12.457303|[g:1][CONSENSUS]addRawPrepare,height=7,reqIdx=3,hash=cba96488...
info|2019-12-11 23:24:12.457867|[g:1][CONSENSUS][PBFT]checkTimeout Succ,view=5429,toView=5430,nodeIdx=0,changeCycle=0,myNode=3d2207af...,timecost=0.416
info|2019-12-11 23:24:12.460488|[g:1][CONSENSUS][PBFT]checkAndChangeView: Reach consensus,org_view=5429,org_changeCycle=0,cur_changeCycle=0,to_view=5430
info|2019-12-11 23:24:13.460482|[g:1][CONSENSUS][SEALER]++++++++++++++++ Generating seal on,blkNum=7,tx=0,nodeIdx=0,hash=bc98f1a7...
info|2019-12-11 23:24:13.461454|[g:1][CONSENSUS][PBFT]checkTimeout Succ,view=5430,toView=5431,nodeIdx=0,changeCycle=0,myNode=3d2207af...,timecost=0.569
info|2019-12-11 23:24:13.464588|[g:1][CONSENSUS][PBFT]checkAndChangeView: Reach consensus,org_view=5430,org_changeCycle=0,cur_changeCycle=0,to_view=5431
info|2019-12-11 23:24:14.465486|[g:1][CONSENSUS]addRawPrepare,height=7,reqIdx=1,hash=d750b604...
info|2019-12-11 23:24:14.466693|[g:1][CONSENSUS][PBFT]checkTimeout Succ,view=5431,toView=5432,nodeIdx=0,changeCycle=0,myNode=3d2207af...,timecost=1.09
info|2019-12-11 23:24:14.468747|[g:1][CONSENSUS][PBFT]checkAndChangeView: Reach consensus,org_view=5431,org_changeCycle=0,cur_changeCycle=0,to_view=5432
info|2019-12-11 23:24:15.468723|[g:1][CONSENSUS]addRawPrepare,height=7,reqIdx=2,hash=28e23d7b...
info|2019-12-11 23:24:15.470837|[g:1][CONSENSUS][PBFT]checkTimeout Succ,view=5432,toView=5433,nodeIdx=0,changeCycle=0,myNode=3d2207af...,timecost=1.965
info|2019-12-11 23:24:15.472004|[g:1][CONSENSUS][PBFT]checkAndChangeView: Reach consensus,org_view=5432,org_changeCycle=0,cur_changeCycle=0,to_view=5433
info|2019-12-11 23:24:16.473168|[g:1][CONSENSUS]addRawPrepare,height=7,reqIdx=3,hash=96f835fe...
info|2019-12-11 23:24:16.473960|[g:1][CONSENSUS][PBFT]checkTimeout Succ,view=5433,toView=5434,nodeIdx=0,changeCycle=0,myNode=3d2207af...,timecost=0.619
info|2019-12-11 23:24:16.476027|[g:1][CONSENSUS][PBFT]checkAndChangeView: Reach consensus,org_view=5433,org_changeCycle=0,cur_changeCycle=0,to_view=5434
info|2019-12-11 23:24:17.051462|[P2P][Service] heartBeat,connected count=3
info|2019-12-11 23:24:17.476914|[g:1][CONSENSUS][SEALER]++++++++++++++++ Generating seal on,blkNum=7,tx=0,nodeIdx=0,hash=ee393c18...
info|2019-12-11 23:24:17.478248|[g:1][CONSENSUS][PBFT]checkTimeout Succ,view=5434,toView=5435,nodeIdx=0,changeCycle=0,myNode=3d2207af...,timecost=0.771
info|2019-12-11 23:24:17.482956|[g:1][CONSENSUS][PBFT]checkAndChangeView: Reach consensus,org_view=5434,org_changeCycle=0,cur_changeCycle=0,to_view=5435
info|2019-12-11 23:24:18.484948|[g:1][CONSENSUS]addRawPrepare,height=7,reqIdx=1,hash=fe1150c5...
info|2019-12-11 23:24:18.486009|[g:1][CONSENSUS][PBFT]checkTimeout Succ,view=5435,toView=5436,nodeIdx=0,changeCycle=0,myNode=3d2207af...,timecost=0.859
info|2019-12-11 23:24:18.487330|[g:1][CONSENSUS][PBFT]checkAndChangeView: Reach consensus,org_view=5435,org_changeCycle=0,cur_changeCycle=0,to_view=5436
info|2019-12-11 23:24:19.488944|[g:1][CONSENSUS]addRawPrepare,height=7,reqIdx=2,hash=532b6f1a...
info|2019-12-11 23:24:19.489322|[g:1][CONSENSUS][PBFT]checkTimeout Succ,view=5436,toView=5437,nodeIdx=0,changeCycle=0,myNode=3d2207af...,timecost=0.281
info|2019-12-11 23:24:19.491703|[g:1][CONSENSUS][PBFT]checkAndChangeView: Reach consensus,org_view=5436,org_changeCycle=0,cur_changeCycle=0,to_view=5437
