warning|2019-12-11 12:18:39.004648|[g:1][CONSENSUS][PBFT]ViewChangeWarning: not caused by omit empty block ,v=6164,toV=6165,curNum=0,hash=535430dd...,nodeIdx=2,myNode=a2429f99...
info|2019-12-11 12:18:39.004737|[g:1][CONSENSUS][PBFT]checkTimeout Succ,view=6164,toView=6165,nodeIdx=2,changeCycle=1,myNode=a2429f99...,timecost=0.307
info|2019-12-11 12:18:39.008650|[P2P][Service] heartBeat,connected count=3
info|2019-12-11 12:18:39.018120|[g:1][CONSENSUS][PBFT]checkAndChangeView: Reach consensus,org_view=6164,org_changeCycle=1,cur_changeCycle=1,to_view=6165
info|2019-12-11 12:18:40.023174|[g:1][CONSENSUS]addRawPrepare,height=1,reqIdx=1,hash=6e1545d4...
info|2019-12-11 12:18:40.023901|[g:1][CONSENSUS][PBFT]checkTimeout Succ,view=6165,toView=6166,nodeIdx=2,changeCycle=0,myNode=a2429f99...,timecost=0.461
info|2019-12-11 12:18:40.029143|[g:1][CONSENSUS][PBFT]checkAndChangeView: Reach consensus,org_view=6165,org_changeCycle=0,cur_changeCycle=0,to_view=6166
info|2019-12-11 12:18:41.029815|[g:1][CONSENSUS][SEALER]++++++++++++++++ Generating seal on,blkNum=1,tx=0,nodeIdx=2,hash=c84c5d51...
info|2019-12-11 12:18:41.032193|[g:1][CONSENSUS][PBFT]checkTimeout Succ,view=6166,toView=6167,nodeIdx=2,changeCycle=0,myNode=a2429f99...,timecost=0.319
info|2019-12-11 12:18:41.033179|[g:1][CONSENSUS][PBFT]checkAndChangeView: Reach consensus,org_view=6166,org_changeCycle=0,cur_changeCycle=0,to_view=6167
info|2019-12-11 12:18:42.036024|[g:1][CONSENSUS]addRawPrepare,height=1,reqIdx=3,hash=cd75685e...
info|2019-12-11 12:18:42.037073|[g:1][CONSENSUS][PBFT]checkTimeout Succ,view=6167,toView=6168,nodeIdx=2,changeCycle=0,myNode=a2429f99...,timecost=0.33
info|2019-12-11 12:18:42.038108|[g:1][CONSENSUS][PBFT]checkAndChangeView: Reach consensus,org_view=6167,org_changeCycle=0,cur_changeCycle=0,to_view=6168
info|2019-12-11 12:18:43.041470|[g:1][CONSENSUS]addRawPrepare,height=1,reqIdx=0,hash=3f44845f...
info|2019-12-11 12:18:43.042275|[g:1][CONSENSUS][PBFT]checkTimeout Succ,view=6168,toView=6169,nodeIdx=2,changeCycle=0,myNode=a2429f99...,timecost=0.308
info|2019-12-11 12:18:43.044998|[g:1][CONSENSUS][PBFT]checkAndChangeView: Reach consensus,org_view=6168,org_changeCycle=0,cur_changeCycle=0,to_view=6169
info|2019-12-11 12:18:44.048627|[g:1][CONSENSUS]addRawPrepare,height=1,reqIdx=1,hash=e2cdd743...
info|2019-12-11 12:18:44.051587|[g:1][CONSENSUS][PBFT]checkTimeout Succ,view=6169,toView=6170,nodeIdx=2,changeCycle=0,myNode=a2429f99...,timecost=2.725
info|2019-12-11 12:18:44.052732|[g:1][CONSENSUS][PBFT]checkAndChangeView: Reach consensus,org_view=6169,org_changeCycle=0,cur_changeCycle=0,to_view=6170
info|2019-12-11 12:18:45.052725|[g:1][CONSENSUS][SEALER]++++++++++++++++ Generating seal on,blkNum=1,tx=0,nodeIdx=2,hash=73d15fc4...
info|2019-12-11 12:18:45.058493|[g:1][CONSENSUS][PBFT]checkTimeout Succ,view=6170,toView=6171,nodeIdx=2,changeCycle=0,myNode=a2429f99...,timecost=0.466
info|2019-12-11 12:18:45.059120|[g:1][CONSENSUS][PBFT]checkAndChangeView: Reach consensus,org_view=6170,org_changeCycle=0,cur_changeCycle=0,to_view=6171
info|2019-12-11 12:18:46.059577|[g:1][CONSENSUS]addRawPrepare,height=1,reqIdx=3,hash=52a7132f...
info|2019-12-11 12:18:46.060004|[g:1][CONSENSUS][PBFT]checkTimeout Succ,view=6171,toView=6172,nodeIdx=2,changeCycle=0,myNode=a2429f99...,timecost=0.302
info|2019-12-11 12:18:46.061390|[g:1][CONSENSUS][PBFT]checkAndChangeView: Reach consensus,org_view=6171,org_changeCycle=0,cur_changeCycle=0,to_view=6172
info|2019-12-11 12:18:47.063074|[g:1][CONSENSUS]addRawPrepare,height=1,reqIdx=0,hash=4094f121...
info|2019-12-11 12:18:47.063440|[g:1][CONSENSUS][PBFT]checkTimeout Succ,view=6172,toView=6173,nodeIdx=2,changeCycle=0,myNode=a2429f99...,timecost=0.264
info|2019-12-11 12:18:47.065264|[g:1][CONSENSUS][PBFT]checkAndChangeView: Reach consensus,org_view=6172,org_changeCycle=0,cur_changeCycle=0,to_view=6173
info|2019-12-11 12:18:48.068099|[g:1][CONSENSUS]addRawPrepare,height=1,reqIdx=1,hash=02c1150e...
info|2019-12-11 12:18:48.069086|[g:1][CONSENSUS][PBFT]checkTimeout Succ,view=6173,toView=6174,nodeIdx=2,changeCycle=0,myNode=a2429f99...,timecost=0.275
info|2019-12-11 12:18:48.070734|[g:1][CONSENSUS][PBFT]checkAndChangeView: Reach consensus,org_view=6173,org_changeCycle=0,cur_changeCycle=0,to_view=6174
info|2019-12-11 12:18:49.015770|[P2P][Service] heartBeat,connected count=3
info|2019-12-11 12:18:49.071582|[g:1][CONSENSUS][SEALER]++++++++++++++++ Generating seal on,blkNum=1,tx=0,nodeIdx=2,hash=4d324878...
info|2019-12-11 12:18:49.074853|[g:1][CONSENSUS][PBFT]checkTimeout Succ,view=6174,toView=6175,nodeIdx=2,changeCycle=0,myNode=a2429f99...,timecost=0.392
info|2019-12-11 12:18:49.075341|[g:1][CONSENSUS][PBFT]checkAndChangeView: Reach consensus,org_view=6174,org_changeCycle=0,cur_changeCycle=0,to_view=6175
info|2019-12-11 12:18:50.084490|[g:1][CONSENSUS]addRawPrepare,height=1,reqIdx=3,hash=c423dd02...
info|2019-12-11 12:18:50.089201|[g:1][CONSENSUS][PBFT]checkTimeout Succ,view=6175,toView=6176,nodeIdx=2,changeCycle=0,myNode=a2429f99...,timecost=3.34
info|2019-12-11 12:18:50.105877|[g:1][CONSENSUS][PBFT]checkAndChangeView: Reach consensus,org_view=6175,org_changeCycle=0,cur_changeCycle=0,to_view=6176
info|2019-12-11 12:18:51.107308|[g:1][CONSENSUS]addRawPrepare,height=1,reqIdx=0,hash=2086e2c9...
info|2019-12-11 12:18:51.110188|[g:1][CONSENSUS][PBFT]checkTimeout Succ,view=6176,toView=6177,nodeIdx=2,changeCycle=0,myNode=a2429f99...,timecost=2.196
info|2019-12-11 12:18:51.120269|[g:1][CONSENSUS][PBFT]checkAndChangeView: Reach consensus,org_view=6176,org_changeCycle=0,cur_changeCycle=0,to_view=6177
info|2019-12-11 12:18:52.129895|[g:1][CONSENSUS]addRawPrepare,height=1,reqIdx=1,hash=9ba1deda...
info|2019-12-11 12:18:52.137522|[g:1][CONSENSUS][PBFT]checkTimeout Succ,view=6177,toView=6178,nodeIdx=2,changeCycle=0,myNode=a2429f99...,timecost=6.947
info|2019-12-11 12:18:52.145645|[g:1][CONSENSUS][PBFT]checkAndChangeView: Reach consensus,org_view=6177,org_changeCycle=0,cur_changeCycle=0,to_view=6178
info|2019-12-11 12:18:53.146827|[g:1][CONSENSUS][SEALER]++++++++++++++++ Generating seal on,blkNum=1,tx=0,nodeIdx=2,hash=69d4b5d9...
info|2019-12-11 12:18:53.151086|[g:1][CONSENSUS][PBFT]checkTimeout Succ,view=6178,toView=6179,nodeIdx=2,changeCycle=0,myNode=a2429f99...,timecost=2.702
info|2019-12-11 12:18:53.167430|[g:1][CONSENSUS][PBFT]checkAndChangeView: Reach consensus,org_view=6178,org_changeCycle=0,cur_changeCycle=0,to_view=6179
info|2019-12-11 12:18:54.172853|[g:1][CONSENSUS]addRawPrepare,height=1,reqIdx=3,hash=e1f761af...
info|2019-12-11 12:18:54.184063|[g:1][CONSENSUS][PBFT]checkTimeout Succ,view=6179,toView=6180,nodeIdx=2,changeCycle=0,myNode=a2429f99...,timecost=3.785
info|2019-12-11 12:18:54.198423|[g:1][CONSENSUS][PBFT]checkAndChangeView: Reach consensus,org_view=6179,org_changeCycle=0,cur_changeCycle=0,to_view=6180
info|2019-12-11 12:18:55.196020|[g:1][CONSENSUS]addRawPrepare,height=1,reqIdx=0,hash=36e4da86...
info|2019-12-11 12:18:55.201167|[g:1][CONSENSUS][PBFT]checkTimeout Succ,view=6180,toView=6181,nodeIdx=2,changeCycle=0,myNode=a2429f99...,timecost=3.913
info|2019-12-11 12:18:55.215429|[g:1][CONSENSUS][PBFT]checkAndChangeView: Reach consensus,org_view=6180,org_changeCycle=0,cur_changeCycle=0,to_view=6181
info|2019-12-11 12:18:56.219615|[g:1][CONSENSUS]addRawPrepare,height=1,reqIdx=1,hash=4c7505d5...
info|2019-12-11 12:18:56.223199|[g:1][CONSENSUS][PBFT]checkTimeout Succ,view=6181,toView=6182,nodeIdx=2,changeCycle=0,myNode=a2429f99...,timecost=2.885
info|2019-12-11 12:18:56.236860|[g:1][CONSENSUS][PBFT]checkAndChangeView: Reach consensus,org_view=6181,org_changeCycle=0,cur_changeCycle=0,to_view=6182
info|2019-12-11 12:18:57.237052|[g:1][CONSENSUS][SEALER]++++++++++++++++ Generating seal on,blkNum=1,tx=0,nodeIdx=2,hash=b475fdd3...
info|2019-12-11 12:18:57.240998|[g:1][CONSENSUS][PBFT]checkTimeout Succ,view=6182,toView=6183,nodeIdx=2,changeCycle=0,myNode=a2429f99...,timecost=2.341
info|2019-12-11 12:18:57.257583|[g:1][CONSENSUS][PBFT]checkAndChangeView: Reach consensus,org_view=6182,org_changeCycle=0,cur_changeCycle=0,to_view=6183
info|2019-12-11 12:18:58.272509|[g:1][CONSENSUS]addRawPrepare,height=1,reqIdx=3,hash=561f166c...
info|2019-12-11 12:18:58.276471|[g:1][CONSENSUS][PBFT]checkTimeout Succ,view=6183,toView=6184,nodeIdx=2,changeCycle=0,myNode=a2429f99...,timecost=2.592
info|2019-12-11 12:18:58.289695|[g:1][CONSENSUS][PBFT]checkAndChangeView: Reach consensus,org_view=6183,org_changeCycle=0,cur_changeCycle=0,to_view=6184
info|2019-12-11 12:18:59.018815|[P2P][Service] heartBeat,connected count=3
info|2019-12-11 12:18:59.301722|[g:1][CONSENSUS]addRawPrepare,height=1,reqIdx=0,hash=2523b5f8...
info|2019-12-11 12:18:59.306085|[g:1][CONSENSUS][PBFT]checkTimeout Succ,view=6184,toView=6185,nodeIdx=2,changeCycle=0,myNode=a2429f99...,timecost=3.887
info|2019-12-11 12:18:59.312838|[g:1][CONSENSUS][PBFT]checkAndChangeView: Reach consensus,org_view=6184,org_changeCycle=0,cur_changeCycle=0,to_view=6185
info|2019-12-11 12:19:00.315185|[g:1][CONSENSUS]addRawPrepare,height=1,reqIdx=1,hash=62713971...
info|2019-12-11 12:19:00.316083|[g:1][CONSENSUS][PBFT]checkTimeout Succ,view=6185,toView=6186,nodeIdx=2,changeCycle=0,myNode=a2429f99...,timecost=0.68
info|2019-12-11 12:19:00.317963|[g:1][CONSENSUS][PBFT]checkAndChangeView: Reach consensus,org_view=6185,org_changeCycle=0,cur_changeCycle=0,to_view=6186
info|2019-12-11 12:19:01.317546|[g:1][CONSENSUS][SEALER]++++++++++++++++ Generating seal on,blkNum=1,tx=0,nodeIdx=2,hash=d2b6e5a6...
info|2019-12-11 12:19:01.321995|[g:1][CONSENSUS][PBFT]checkTimeout Succ,view=6186,toView=6187,nodeIdx=2,changeCycle=0,myNode=a2429f99...,timecost=0.699
info|2019-12-11 12:19:01.323620|[g:1][CONSENSUS][PBFT]checkAndChangeView: Reach consensus,org_view=6186,org_changeCycle=0,cur_changeCycle=0,to_view=6187
info|2019-12-11 12:19:02.326465|[g:1][CONSENSUS]addRawPrepare,height=1,reqIdx=3,hash=5bad77ba...
info|2019-12-11 12:19:02.326853|[g:1][CONSENSUS][PBFT]checkTimeout Succ,view=6187,toView=6188,nodeIdx=2,changeCycle=0,myNode=a2429f99...,timecost=0.289
info|2019-12-11 12:19:02.329990|[g:1][CONSENSUS][PBFT]checkAndChangeView: Reach consensus,org_view=6187,org_changeCycle=0,cur_changeCycle=0,to_view=6188
info|2019-12-11 12:19:03.333487|[g:1][CONSENSUS]addRawPrepare,height=1,reqIdx=0,hash=f0a24e49...
info|2019-12-11 12:19:03.335083|[g:1][CONSENSUS][PBFT]checkTimeout Succ,view=6188,toView=6189,nodeIdx=2,changeCycle=0,myNode=a2429f99...,timecost=1.077
info|2019-12-11 12:19:03.337576|[g:1][CONSENSUS][PBFT]checkAndChangeView: Reach consensus,org_view=6188,org_changeCycle=0,cur_changeCycle=0,to_view=6189
info|2019-12-11 12:19:04.340537|[g:1][CONSENSUS]addRawPrepare,height=1,reqIdx=1,hash=10eedffb...
info|2019-12-11 12:19:04.342208|[g:1][CONSENSUS][PBFT]checkTimeout Succ,view=6189,toView=6190,nodeIdx=2,changeCycle=0,myNode=a2429f99...,timecost=1.455
info|2019-12-11 12:19:04.345074|[g:1][CONSENSUS][PBFT]checkAndChangeView: Reach consensus,org_view=6189,org_changeCycle=0,cur_changeCycle=0,to_view=6190
info|2019-12-11 12:19:05.346812|[g:1][CONSENSUS][SEALER]++++++++++++++++ Generating seal on,blkNum=1,tx=0,nodeIdx=2,hash=956b2391...
info|2019-12-11 12:19:05.351242|[g:1][CONSENSUS][PBFT]checkTimeout Succ,view=6190,toView=6191,nodeIdx=2,changeCycle=0,myNode=a2429f99...,timecost=0.669
info|2019-12-11 12:19:05.352758|[g:1][CONSENSUS][PBFT]checkAndChangeView: Reach consensus,org_view=6190,org_changeCycle=0,cur_changeCycle=0,to_view=6191
info|2019-12-11 12:19:06.354652|[g:1][CONSENSUS]addRawPrepare,height=1,reqIdx=3,hash=e1887b78...
info|2019-12-11 12:19:06.356574|[g:1][CONSENSUS][PBFT]checkTimeout Succ,view=6191,toView=6192,nodeIdx=2,changeCycle=0,myNode=a2429f99...,timecost=1.645
info|2019-12-11 12:19:06.358082|[g:1][CONSENSUS][PBFT]checkAndChangeView: Reach consensus,org_view=6191,org_changeCycle=0,cur_changeCycle=0,to_view=6192
info|2019-12-11 12:19:07.360851|[g:1][CONSENSUS]addRawPrepare,height=1,reqIdx=0,hash=9800efaf...
info|2019-12-11 12:19:07.361847|[g:1][CONSENSUS][PBFT]checkTimeout Succ,view=6192,toView=6193,nodeIdx=2,changeCycle=0,myNode=a2429f99...,timecost=0.817
info|2019-12-11 12:19:07.363403|[g:1][CONSENSUS][PBFT]checkAndChangeView: Reach consensus,org_view=6192,org_changeCycle=0,cur_changeCycle=0,to_view=6193
info|2019-12-11 12:19:08.367927|[g:1][CONSENSUS]addRawPrepare,height=1,reqIdx=1,hash=90d0e23e...
info|2019-12-11 12:19:08.368926|[g:1][CONSENSUS][PBFT]checkTimeout Succ,view=6193,toView=6194,nodeIdx=2,changeCycle=0,myNode=a2429f99...,timecost=0.776
info|2019-12-11 12:19:08.371151|[g:1][CONSENSUS][PBFT]checkAndChangeView: Reach consensus,org_view=6193,org_changeCycle=0,cur_changeCycle=0,to_view=6194
info|2019-12-11 12:19:09.028605|[P2P][Service] heartBeat,connected count=3
info|2019-12-11 12:19:09.372176|[g:1][CONSENSUS][SEALER]++++++++++++++++ Generating seal on,blkNum=1,tx=0,nodeIdx=2,hash=1cbd07d2...
info|2019-12-11 12:19:09.377526|[g:1][CONSENSUS][PBFT]checkTimeout Succ,view=6194,toView=6195,nodeIdx=2,changeCycle=0,myNode=a2429f99...,timecost=0.432
info|2019-12-11 12:19:09.378734|[g:1][CONSENSUS][PBFT]checkAndChangeView: Reach consensus,org_view=6194,org_changeCycle=0,cur_changeCycle=0,to_view=6195
info|2019-12-11 12:19:10.380535|[g:1][CONSENSUS]addRawPrepare,height=1,reqIdx=3,hash=60b10e2d...
info|2019-12-11 12:19:10.382825|[g:1][CONSENSUS][PBFT]checkTimeout Succ,view=6195,toView=6196,nodeIdx=2,changeCycle=0,myNode=a2429f99...,timecost=1.99
info|2019-12-11 12:19:10.384797|[g:1][CONSENSUS][PBFT]checkAndChangeView: Reach consensus,org_view=6195,org_changeCycle=0,cur_changeCycle=0,to_view=6196
info|2019-12-11 12:19:11.385399|[g:1][CONSENSUS]addRawPrepare,height=1,reqIdx=0,hash=b23fed04...
info|2019-12-11 12:19:11.385939|[g:1][CONSENSUS][PBFT]checkTimeout Succ,view=6196,toView=6197,nodeIdx=2,changeCycle=0,myNode=a2429f99...,timecost=0.404
info|2019-12-11 12:19:11.387947|[g:1][CONSENSUS][PBFT]checkAndChangeView: Reach consensus,org_view=6196,org_changeCycle=0,cur_changeCycle=0,to_view=6197
info|2019-12-11 12:19:12.389959|[g:1][CONSENSUS]addRawPrepare,height=1,reqIdx=1,hash=2dcb321a...
info|2019-12-11 12:19:12.390904|[g:1][CONSENSUS][PBFT]checkTimeout Succ,view=6197,toView=6198,nodeIdx=2,changeCycle=0,myNode=a2429f99...,timecost=0.686
info|2019-12-11 12:19:12.392072|[g:1][CONSENSUS][PBFT]checkAndChangeView: Reach consensus,org_view=6197,org_changeCycle=0,cur_changeCycle=0,to_view=6198
info|2019-12-11 12:19:13.393596|[g:1][CONSENSUS][SEALER]++++++++++++++++ Generating seal on,blkNum=1,tx=0,nodeIdx=2,hash=452d1993...
info|2019-12-11 12:19:13.395157|[g:1][CONSENSUS][PBFT]checkTimeout Succ,view=6198,toView=6199,nodeIdx=2,changeCycle=0,myNode=a2429f99...,timecost=0.99
info|2019-12-11 12:19:13.399708|[g:1][CONSENSUS][PBFT]checkAndChangeView: Reach consensus,org_view=6198,org_changeCycle=0,cur_changeCycle=0,to_view=6199
info|2019-12-11 12:19:14.401384|[g:1][CONSENSUS]addRawPrepare,height=1,reqIdx=3,hash=e78a2a8a...
info|2019-12-11 12:19:14.401919|[g:1][CONSENSUS][PBFT]checkTimeout Succ,view=6199,toView=6200,nodeIdx=2,changeCycle=0,myNode=a2429f99...,timecost=0.402
info|2019-12-11 12:19:14.404804|[g:1][CONSENSUS][PBFT]checkAndChangeView: Reach consensus,org_view=6199,org_changeCycle=0,cur_changeCycle=0,to_view=6200
info|2019-12-11 12:19:15.406450|[g:1][CONSENSUS]addRawPrepare,height=1,reqIdx=0,hash=950e76a6...
info|2019-12-11 12:19:15.407054|[g:1][CONSENSUS][PBFT]checkTimeout Succ,view=6200,toView=6201,nodeIdx=2,changeCycle=0,myNode=a2429f99...,timecost=0.471
info|2019-12-11 12:19:15.408141|[g:1][CONSENSUS][PBFT]checkAndChangeView: Reach consensus,org_view=6200,org_changeCycle=0,cur_changeCycle=0,to_view=6201
info|2019-12-11 12:19:16.411190|[g:1][CONSENSUS]addRawPrepare,height=1,reqIdx=1,hash=f13a23bf...
info|2019-12-11 12:19:16.412078|[g:1][CONSENSUS][PBFT]checkTimeout Succ,view=6201,toView=6202,nodeIdx=2,changeCycle=0,myNode=a2429f99...,timecost=0.693
info|2019-12-11 12:19:16.414916|[g:1][CONSENSUS][PBFT]checkAndChangeView: Reach consensus,org_view=6201,org_changeCycle=0,cur_changeCycle=0,to_view=6202
info|2019-12-11 12:19:17.414923|[g:1][CONSENSUS][SEALER]++++++++++++++++ Generating seal on,blkNum=1,tx=0,nodeIdx=2,hash=f2f7fd85...
info|2019-12-11 12:19:17.418771|[g:1][CONSENSUS][PBFT]checkTimeout Succ,view=6202,toView=6203,nodeIdx=2,changeCycle=0,myNode=a2429f99...,timecost=0.378
info|2019-12-11 12:19:17.419505|[g:1][CONSENSUS][PBFT]checkAndChangeView: Reach consensus,org_view=6202,org_changeCycle=0,cur_changeCycle=0,to_view=6203
info|2019-12-11 12:19:18.422113|[g:1][CONSENSUS]addRawPrepare,height=1,reqIdx=3,hash=703b3a2a...
info|2019-12-11 12:19:18.425522|[g:1][CONSENSUS][PBFT]checkTimeout Succ,view=6203,toView=6204,nodeIdx=2,changeCycle=0,myNode=a2429f99...,timecost=3.061
info|2019-12-11 12:19:18.426757|[g:1][CONSENSUS][PBFT]checkAndChangeView: Reach consensus,org_view=6203,org_changeCycle=0,cur_changeCycle=0,to_view=6204
info|2019-12-11 12:19:19.033291|[P2P][Service] heartBeat,connected count=3
info|2019-12-11 12:19:19.427951|[g:1][CONSENSUS]addRawPrepare,height=1,reqIdx=0,hash=f1a1d55e...
info|2019-12-11 12:19:19.428383|[g:1][CONSENSUS][PBFT]checkTimeout Succ,view=6204,toView=6205,nodeIdx=2,changeCycle=0,myNode=a2429f99...,timecost=0.338
info|2019-12-11 12:19:19.430413|[g:1][CONSENSUS][PBFT]checkAndChangeView: Reach consensus,org_view=6204,org_changeCycle=0,cur_changeCycle=0,to_view=6205
info|2019-12-11 12:19:20.432271|[g:1][CONSENSUS]addRawPrepare,height=1,reqIdx=1,hash=6317870f...
info|2019-12-11 12:19:20.433578|[g:1][CONSENSUS][PBFT]checkTimeout Succ,view=6205,toView=6206,nodeIdx=2,changeCycle=0,myNode=a2429f99...,timecost=1.079
info|2019-12-11 12:19:20.436206|[g:1][CONSENSUS][PBFT]checkAndChangeView: Reach consensus,org_view=6205,org_changeCycle=0,cur_changeCycle=0,to_view=6206
info|2019-12-11 12:19:21.436763|[g:1][CONSENSUS][SEALER]++++++++++++++++ Generating seal on,blkNum=1,tx=0,nodeIdx=2,hash=b088104b...
info|2019-12-11 12:19:21.437434|[g:1][CONSENSUS][PBFT]checkTimeout Succ,view=6206,toView=6207,nodeIdx=2,changeCycle=0,myNode=a2429f99...,timecost=0.316
info|2019-12-11 12:19:21.439407|[g:1][CONSENSUS][PBFT]checkAndChangeView: Reach consensus,org_view=6206,org_changeCycle=0,cur_changeCycle=0,to_view=6207
info|2019-12-11 12:19:22.440639|[g:1][CONSENSUS]addRawPrepare,height=1,reqIdx=3,hash=cd05605a...
info|2019-12-11 12:19:22.441169|[g:1][CONSENSUS][PBFT]checkTimeout Succ,view=6207,toView=6208,nodeIdx=2,changeCycle=0,myNode=a2429f99...,timecost=0.45
info|2019-12-11 12:19:22.443779|[g:1][CONSENSUS][PBFT]checkAndChangeView: Reach consensus,org_view=6207,org_changeCycle=0,cur_changeCycle=0,to_view=6208
info|2019-12-11 12:19:23.444626|[g:1][CONSENSUS]addRawPrepare,height=1,reqIdx=0,hash=ae1518d8...
info|2019-12-11 12:19:23.445657|[g:1][CONSENSUS][PBFT]checkTimeout Succ,view=6208,toView=6209,nodeIdx=2,changeCycle=0,myNode=a2429f99...,timecost=0.845
info|2019-12-11 12:19:23.448863|[g:1][CONSENSUS][PBFT]checkAndChangeView: Reach consensus,org_view=6208,org_changeCycle=0,cur_changeCycle=0,to_view=6209
info|2019-12-11 12:19:24.450462|[g:1][CONSENSUS]addRawPrepare,height=1,reqIdx=1,hash=14e8fb70...
info|2019-12-11 12:19:24.451170|[g:1][CONSENSUS][PBFT]checkTimeout Succ,view=6209,toView=6210,nodeIdx=2,changeCycle=0,myNode=a2429f99...,timecost=0.535
info|2019-12-11 12:19:24.452173|[g:1][CONSENSUS][PBFT]checkAndChangeView: Reach consensus,org_view=6209,org_changeCycle=0,cur_changeCycle=0,to_view=6210
info|2019-12-11 12:19:25.452844|[g:1][CONSENSUS][SEALER]++++++++++++++++ Generating seal on,blkNum=1,tx=0,nodeIdx=2,hash=6b21e378...
info|2019-12-11 12:19:25.454160|[g:1][CONSENSUS][PBFT]checkTimeout Succ,view=6210,toView=6211,nodeIdx=2,changeCycle=0,myNode=a2429f99...,timecost=0.989
info|2019-12-11 12:19:25.458563|[g:1][CONSENSUS][PBFT]checkAndChangeView: Reach consensus,org_view=6210,org_changeCycle=0,cur_changeCycle=0,to_view=6211
info|2019-12-11 12:19:26.462088|[g:1][CONSENSUS]addRawPrepare,height=1,reqIdx=3,hash=512d93f3...
info|2019-12-11 12:19:26.463015|[g:1][CONSENSUS][PBFT]checkTimeout Succ,view=6211,toView=6212,nodeIdx=2,changeCycle=0,myNode=a2429f99...,timecost=0.711
info|2019-12-11 12:19:26.465312|[g:1][CONSENSUS][PBFT]checkAndChangeView: Reach consensus,org_view=6211,org_changeCycle=0,cur_changeCycle=0,to_view=6212
info|2019-12-11 12:19:27.467568|[g:1][CONSENSUS]addRawPrepare,height=1,reqIdx=0,hash=5ab365b2...
info|2019-12-11 12:19:27.468833|[g:1][CONSENSUS][PBFT]checkTimeout Succ,view=6212,toView=6213,nodeIdx=2,changeCycle=0,myNode=a2429f99...,timecost=1.12
info|2019-12-11 12:19:27.470044|[g:1][CONSENSUS][PBFT]checkAndChangeView: Reach consensus,org_view=6212,org_changeCycle=0,cur_changeCycle=0,to_view=6213
info|2019-12-11 12:19:28.473441|[g:1][CONSENSUS]addRawPrepare,height=1,reqIdx=1,hash=5364d53f...
info|2019-12-11 12:19:28.474872|[g:1][CONSENSUS][PBFT]checkTimeout Succ,view=6213,toView=6214,nodeIdx=2,changeCycle=0,myNode=a2429f99...,timecost=1.161
info|2019-12-11 12:19:28.478304|[g:1][CONSENSUS][PBFT]checkAndChangeView: Reach consensus,org_view=6213,org_changeCycle=0,cur_changeCycle=0,to_view=6214
info|2019-12-11 12:19:29.042478|[P2P][Service] heartBeat,connected count=3
info|2019-12-11 12:19:29.479147|[g:1][CONSENSUS][SEALER]++++++++++++++++ Generating seal on,blkNum=1,tx=0,nodeIdx=2,hash=638e4396...
info|2019-12-11 12:19:29.480420|[g:1][CONSENSUS][PBFT]checkTimeout Succ,view=6214,toView=6215,nodeIdx=2,changeCycle=0,myNode=a2429f99...,timecost=0.744
info|2019-12-11 12:19:29.485097|[g:1][CONSENSUS][PBFT]checkAndChangeView: Reach consensus,org_view=6214,org_changeCycle=0,cur_changeCycle=0,to_view=6215
info|2019-12-11 12:19:30.487141|[g:1][CONSENSUS]addRawPrepare,height=1,reqIdx=3,hash=1173705b...
info|2019-12-11 12:19:30.488447|[g:1][CONSENSUS][PBFT]checkTimeout Succ,view=6215,toView=6216,nodeIdx=2,changeCycle=0,myNode=a2429f99...,timecost=1.043
info|2019-12-11 12:19:30.490247|[g:1][CONSENSUS][PBFT]checkAndChangeView: Reach consensus,org_view=6215,org_changeCycle=0,cur_changeCycle=0,to_view=6216
info|2019-12-11 12:19:31.491743|[g:1][CONSENSUS]addRawPrepare,height=1,reqIdx=0,hash=b657258e...
info|2019-12-11 12:19:31.492145|[g:1][CONSENSUS][PBFT]checkTimeout Succ,view=6216,toView=6217,nodeIdx=2,changeCycle=0,myNode=a2429f99...,timecost=0.291
info|2019-12-11 12:19:31.494225|[g:1][CONSENSUS][PBFT]checkAndChangeView: Reach consensus,org_view=6216,org_changeCycle=0,cur_changeCycle=0,to_view=6217
warning|2019-12-11 12:42:07.005461|[g:1][CONSENSUS][PBFT]ViewChangeWarning: not caused by omit empty block ,v=6217,toV=6218,curNum=0,hash=535430dd...,nodeIdx=2,myNode=a2429f99...
info|2019-12-11 12:42:07.005572|[g:1][CONSENSUS][PBFT]checkTimeout Succ,view=6217,toView=6218,nodeIdx=2,changeCycle=1,myNode=a2429f99...,timecost=0.354
info|2019-12-11 12:42:07.010636|[P2P][Service] heartBeat,connected count=3
info|2019-12-11 12:42:07.025582|[g:1][CONSENSUS][PBFT]checkAndChangeView: Reach consensus,org_view=6217,org_changeCycle=1,cur_changeCycle=1,to_view=6218
info|2019-12-11 12:42:08.025116|[g:1][CONSENSUS][SEALER]++++++++++++++++ Generating seal on,blkNum=1,tx=0,nodeIdx=2,hash=5f9ca727...
info|2019-12-11 12:42:08.025884|[g:1][CONSENSUS][PBFT]checkTimeout Succ,view=6218,toView=6219,nodeIdx=2,changeCycle=0,myNode=a2429f99...,timecost=0.282
info|2019-12-11 12:42:08.028442|[g:1][CONSENSUS][PBFT]checkAndChangeView: Reach consensus,org_view=6218,org_changeCycle=0,cur_changeCycle=0,to_view=6219
info|2019-12-11 12:42:09.028876|[g:1][CONSENSUS]addRawPrepare,height=1,reqIdx=3,hash=39b4442c...
info|2019-12-11 12:42:09.029485|[g:1][CONSENSUS][PBFT]checkTimeout Succ,view=6219,toView=6220,nodeIdx=2,changeCycle=0,myNode=a2429f99...,timecost=0.498
info|2019-12-11 12:42:09.030385|[g:1][CONSENSUS][PBFT]checkAndChangeView: Reach consensus,org_view=6219,org_changeCycle=0,cur_changeCycle=0,to_view=6220
info|2019-12-11 12:42:10.031418|[g:1][CONSENSUS]addRawPrepare,height=1,reqIdx=0,hash=40d2106e...
info|2019-12-11 12:42:10.032107|[g:1][CONSENSUS][PBFT]checkTimeout Succ,view=6220,toView=6221,nodeIdx=2,changeCycle=0,myNode=a2429f99...,timecost=0.597
info|2019-12-11 12:42:10.034622|[g:1][CONSENSUS][PBFT]checkAndChangeView: Reach consensus,org_view=6220,org_changeCycle=0,cur_changeCycle=0,to_view=6221
info|2019-12-11 12:42:11.034335|[g:1][CONSENSUS]addRawPrepare,height=1,reqIdx=1,hash=7c831745...
info|2019-12-11 12:42:11.035499|[g:1][CONSENSUS][PBFT]checkTimeout Succ,view=6221,toView=6222,nodeIdx=2,changeCycle=0,myNode=a2429f99...,timecost=0.409
info|2019-12-11 12:42:11.038922|[g:1][CONSENSUS][PBFT]checkAndChangeView: Reach consensus,org_view=6221,org_changeCycle=0,cur_changeCycle=0,to_view=6222
info|2019-12-11 12:42:12.038475|[g:1][CONSENSUS][SEALER]++++++++++++++++ Generating seal on,blkNum=1,tx=0,nodeIdx=2,hash=12b7d8ed...
info|2019-12-11 12:42:12.041641|[g:1][CONSENSUS][PBFT]checkTimeout Succ,view=6222,toView=6223,nodeIdx=2,changeCycle=0,myNode=a2429f99...,timecost=0.365
info|2019-12-11 12:42:12.042384|[g:1][CONSENSUS][PBFT]checkAndChangeView: Reach consensus,org_view=6222,org_changeCycle=0,cur_changeCycle=0,to_view=6223
info|2019-12-11 12:42:13.043617|[g:1][CONSENSUS]addRawPrepare,height=1,reqIdx=3,hash=c9ec7bcf...
info|2019-12-11 12:42:13.044093|[g:1][CONSENSUS][PBFT]checkTimeout Succ,view=6223,toView=6224,nodeIdx=2,changeCycle=0,myNode=a2429f99...,timecost=0.216
info|2019-12-11 12:42:13.045724|[g:1][CONSENSUS][PBFT]checkAndChangeView: Reach consensus,org_view=6223,org_changeCycle=0,cur_changeCycle=0,to_view=6224
info|2019-12-11 12:42:14.048918|[g:1][CONSENSUS]addRawPrepare,height=1,reqIdx=0,hash=c8979364...
info|2019-12-11 12:42:14.049526|[g:1][CONSENSUS][PBFT]checkTimeout Succ,view=6224,toView=6225,nodeIdx=2,changeCycle=0,myNode=a2429f99...,timecost=0.441
info|2019-12-11 12:42:14.051556|[g:1][CONSENSUS][PBFT]checkAndChangeView: Reach consensus,org_view=6224,org_changeCycle=0,cur_changeCycle=0,to_view=6225
info|2019-12-11 12:42:15.052493|[g:1][CONSENSUS]addRawPrepare,height=1,reqIdx=1,hash=e291fd0e...
info|2019-12-11 12:42:15.053249|[g:1][CONSENSUS][PBFT]checkTimeout Succ,view=6225,toView=6226,nodeIdx=2,changeCycle=0,myNode=a2429f99...,timecost=0.627
info|2019-12-11 12:42:15.055262|[g:1][CONSENSUS][PBFT]checkAndChangeView: Reach consensus,org_view=6225,org_changeCycle=0,cur_changeCycle=0,to_view=6226
info|2019-12-11 12:42:16.056465|[g:1][CONSENSUS][SEALER]++++++++++++++++ Generating seal on,blkNum=1,tx=0,nodeIdx=2,hash=9caa5ebe...
info|2019-12-11 12:42:16.057945|[g:1][CONSENSUS][PBFT]checkTimeout Succ,view=6226,toView=6227,nodeIdx=2,changeCycle=0,myNode=a2429f99...,timecost=0.933
info|2019-12-11 12:42:16.062435|[g:1][CONSENSUS][PBFT]checkAndChangeView: Reach consensus,org_view=6226,org_changeCycle=0,cur_changeCycle=0,to_view=6227
info|2019-12-11 12:42:17.013844|[P2P][Service] heartBeat,connected count=3
info|2019-12-11 12:42:17.064054|[g:1][CONSENSUS]addRawPrepare,height=1,reqIdx=3,hash=afd8c70a...
info|2019-12-11 12:42:17.064651|[g:1][CONSENSUS][PBFT]checkTimeout Succ,view=6227,toView=6228,nodeIdx=2,changeCycle=0,myNode=a2429f99...,timecost=0.452
info|2019-12-11 12:42:17.065837|[g:1][CONSENSUS][PBFT]checkAndChangeView: Reach consensus,org_view=6227,org_changeCycle=0,cur_changeCycle=0,to_view=6228
info|2019-12-11 12:42:18.076078|[g:1][CONSENSUS]addRawPrepare,height=1,reqIdx=0,hash=405b5474...
info|2019-12-11 12:42:18.083217|[g:1][CONSENSUS][PBFT]checkTimeout Succ,view=6228,toView=6229,nodeIdx=2,changeCycle=0,myNode=a2429f99...,timecost=6.297
info|2019-12-11 12:42:18.092949|[g:1][CONSENSUS][PBFT]checkAndChangeView: Reach consensus,org_view=6228,org_changeCycle=0,cur_changeCycle=0,to_view=6229
info|2019-12-11 12:42:19.099565|[g:1][CONSENSUS]addRawPrepare,height=1,reqIdx=1,hash=d332d601...
info|2019-12-11 12:42:19.102493|[g:1][CONSENSUS][PBFT]checkTimeout Succ,view=6229,toView=6230,nodeIdx=2,changeCycle=0,myNode=a2429f99...,timecost=2.259
info|2019-12-11 12:42:19.138854|[g:1][CONSENSUS][PBFT]checkAndChangeView: Reach consensus,org_view=6229,org_changeCycle=0,cur_changeCycle=0,to_view=6230
info|2019-12-11 12:42:20.139472|[g:1][CONSENSUS][SEALER]++++++++++++++++ Generating seal on,blkNum=1,tx=0,nodeIdx=2,hash=fe12419d...
info|2019-12-11 12:42:20.143252|[g:1][CONSENSUS][PBFT]checkTimeout Succ,view=6230,toView=6231,nodeIdx=2,changeCycle=0,myNode=a2429f99...,timecost=2.216
info|2019-12-11 12:42:20.158581|[g:1][CONSENSUS][PBFT]checkAndChangeView: Reach consensus,org_view=6230,org_changeCycle=0,cur_changeCycle=0,to_view=6231
info|2019-12-11 12:42:21.166595|[g:1][CONSENSUS]addRawPrepare,height=1,reqIdx=3,hash=0701689c...
info|2019-12-11 12:42:21.170949|[g:1][CONSENSUS][PBFT]checkTimeout Succ,view=6231,toView=6232,nodeIdx=2,changeCycle=0,myNode=a2429f99...,timecost=2.791
info|2019-12-11 12:42:21.186586|[g:1][CONSENSUS][PBFT]checkAndChangeView: Reach consensus,org_view=6231,org_changeCycle=0,cur_changeCycle=0,to_view=6232
info|2019-12-11 12:42:22.189930|[g:1][CONSENSUS]addRawPrepare,height=1,reqIdx=0,hash=23c26f5e...
info|2019-12-11 12:42:22.194483|[g:1][CONSENSUS][PBFT]checkTimeout Succ,view=6232,toView=6233,nodeIdx=2,changeCycle=0,myNode=a2429f99...,timecost=3.518
info|2019-12-11 12:42:22.203353|[g:1][CONSENSUS][PBFT]checkAndChangeView: Reach consensus,org_view=6232,org_changeCycle=0,cur_changeCycle=0,to_view=6233
info|2019-12-11 12:42:23.215488|[g:1][CONSENSUS]addRawPrepare,height=1,reqIdx=1,hash=701c3c6a...
info|2019-12-11 12:42:23.218543|[g:1][CONSENSUS][PBFT]checkTimeout Succ,view=6233,toView=6234,nodeIdx=2,changeCycle=0,myNode=a2429f99...,timecost=2.362
info|2019-12-11 12:42:23.233050|[g:1][CONSENSUS][PBFT]checkAndChangeView: Reach consensus,org_view=6233,org_changeCycle=0,cur_changeCycle=0,to_view=6234
info|2019-12-11 12:42:24.234226|[g:1][CONSENSUS][SEALER]++++++++++++++++ Generating seal on,blkNum=1,tx=0,nodeIdx=2,hash=e3957fd6...
info|2019-12-11 12:42:24.239138|[g:1][CONSENSUS][PBFT]checkTimeout Succ,view=6234,toView=6235,nodeIdx=2,changeCycle=0,myNode=a2429f99...,timecost=2.135
info|2019-12-11 12:42:24.255430|[g:1][CONSENSUS][PBFT]checkAndChangeView: Reach consensus,org_view=6234,org_changeCycle=0,cur_changeCycle=0,to_view=6235
info|2019-12-11 12:42:25.265719|[g:1][CONSENSUS]addRawPrepare,height=1,reqIdx=3,hash=9a62746d...
info|2019-12-11 12:42:25.269991|[g:1][CONSENSUS][PBFT]checkTimeout Succ,view=6235,toView=6236,nodeIdx=2,changeCycle=0,myNode=a2429f99...,timecost=3.182
info|2019-12-11 12:42:25.277493|[g:1][CONSENSUS][PBFT]checkAndChangeView: Reach consensus,org_view=6235,org_changeCycle=0,cur_changeCycle=0,to_view=6236
info|2019-12-11 12:42:26.285272|[g:1][CONSENSUS]addRawPrepare,height=1,reqIdx=0,hash=a23d5ca9...
info|2019-12-11 12:42:26.293149|[g:1][CONSENSUS][PBFT]checkTimeout Succ,view=6236,toView=6237,nodeIdx=2,changeCycle=0,myNode=a2429f99...,timecost=5.953
info|2019-12-11 12:42:26.305632|[g:1][CONSENSUS][PBFT]checkAndChangeView: Reach consensus,org_view=6236,org_changeCycle=0,cur_changeCycle=0,to_view=6237
info|2019-12-11 12:43:20.007733|[P2P][Service] heartBeat,connected count=3
warning|2019-12-11 12:43:20.020788|[g:1][CONSENSUS][PBFT]ViewChangeWarning: not caused by omit empty block ,v=6237,toV=6238,curNum=0,hash=535430dd...,nodeIdx=2,myNode=a2429f99...
info|2019-12-11 12:43:20.033458|[g:1][CONSENSUS][PBFT]checkTimeout Succ,view=6237,toView=6238,nodeIdx=2,changeCycle=1,myNode=a2429f99...,timecost=25.728
info|2019-12-11 12:43:20.038578|[g:1][CONSENSUS][PBFT]checkAndChangeView: Reach consensus,org_view=6237,org_changeCycle=1,cur_changeCycle=1,to_view=6238
info|2019-12-11 12:43:21.038829|[g:1][CONSENSUS][SEALER]++++++++++++++++ Generating seal on,blkNum=1,tx=0,nodeIdx=2,hash=da4a9db6...
info|2019-12-11 12:43:21.039379|[g:1][CONSENSUS][PBFT]checkTimeout Succ,view=6238,toView=6239,nodeIdx=2,changeCycle=0,myNode=a2429f99...,timecost=0.283
info|2019-12-11 12:43:21.041548|[g:1][CONSENSUS][PBFT]checkAndChangeView: Reach consensus,org_view=6238,org_changeCycle=0,cur_changeCycle=0,to_view=6239
info|2019-12-11 12:43:22.041439|[g:1][CONSENSUS]addRawPrepare,height=1,reqIdx=3,hash=32e3b92a...
info|2019-12-11 12:43:22.042008|[g:1][CONSENSUS][PBFT]checkTimeout Succ,view=6239,toView=6240,nodeIdx=2,changeCycle=0,myNode=a2429f99...,timecost=0.37
info|2019-12-11 12:43:22.043392|[g:1][CONSENSUS][PBFT]checkAndChangeView: Reach consensus,org_view=6239,org_changeCycle=0,cur_changeCycle=0,to_view=6240
info|2019-12-11 12:43:23.045826|[g:1][CONSENSUS]addRawPrepare,height=1,reqIdx=0,hash=37fdde69...
info|2019-12-11 12:43:23.046349|[g:1][CONSENSUS][PBFT]checkTimeout Succ,view=6240,toView=6241,nodeIdx=2,changeCycle=0,myNode=a2429f99...,timecost=0.399
info|2019-12-11 12:43:23.047380|[g:1][CONSENSUS][PBFT]checkAndChangeView: Reach consensus,org_view=6240,org_changeCycle=0,cur_changeCycle=0,to_view=6241
info|2019-12-11 12:43:24.048658|[g:1][CONSENSUS]addRawPrepare,height=1,reqIdx=1,hash=ba732e7c...
info|2019-12-11 12:43:24.049139|[g:1][CONSENSUS][PBFT]checkTimeout Succ,view=6241,toView=6242,nodeIdx=2,changeCycle=0,myNode=a2429f99...,timecost=0.341
info|2019-12-11 12:43:24.050682|[g:1][CONSENSUS][PBFT]checkAndChangeView: Reach consensus,org_view=6241,org_changeCycle=0,cur_changeCycle=0,to_view=6242
info|2019-12-11 12:43:25.050308|[g:1][CONSENSUS][SEALER]++++++++++++++++ Generating seal on,blkNum=1,tx=0,nodeIdx=2,hash=2874a33e...
info|2019-12-11 12:43:25.055875|[g:1][CONSENSUS][PBFT]checkTimeout Succ,view=6242,toView=6243,nodeIdx=2,changeCycle=0,myNode=a2429f99...,timecost=2.076
info|2019-12-11 12:43:25.056248|[g:1][CONSENSUS][PBFT]checkAndChangeView: Reach consensus,org_view=6242,org_changeCycle=0,cur_changeCycle=0,to_view=6243
info|2019-12-11 12:43:26.057601|[g:1][CONSENSUS]addRawPrepare,height=1,reqIdx=3,hash=2bc7d97a...
info|2019-12-11 12:43:26.059517|[g:1][CONSENSUS][PBFT]checkTimeout Succ,view=6243,toView=6244,nodeIdx=2,changeCycle=0,myNode=a2429f99...,timecost=1.82
info|2019-12-11 12:43:26.060442|[g:1][CONSENSUS][PBFT]checkAndChangeView: Reach consensus,org_view=6243,org_changeCycle=0,cur_changeCycle=0,to_view=6244
info|2019-12-11 12:43:27.061069|[g:1][CONSENSUS]addRawPrepare,height=1,reqIdx=0,hash=35005d71...
info|2019-12-11 12:43:27.061481|[g:1][CONSENSUS][PBFT]checkTimeout Succ,view=6244,toView=6245,nodeIdx=2,changeCycle=0,myNode=a2429f99...,timecost=0.317
info|2019-12-11 12:43:27.062961|[g:1][CONSENSUS][PBFT]checkAndChangeView: Reach consensus,org_view=6244,org_changeCycle=0,cur_changeCycle=0,to_view=6245
info|2019-12-11 12:43:28.063774|[g:1][CONSENSUS]addRawPrepare,height=1,reqIdx=1,hash=3edc034f...
info|2019-12-11 12:43:28.064311|[g:1][CONSENSUS][PBFT]checkTimeout Succ,view=6245,toView=6246,nodeIdx=2,changeCycle=0,myNode=a2429f99...,timecost=0.426
info|2019-12-11 12:43:28.066665|[g:1][CONSENSUS][PBFT]checkAndChangeView: Reach consensus,org_view=6245,org_changeCycle=0,cur_changeCycle=0,to_view=6246
info|2019-12-11 12:43:29.067407|[g:1][CONSENSUS][SEALER]++++++++++++++++ Generating seal on,blkNum=1,tx=0,nodeIdx=2,hash=e7ced289...
info|2019-12-11 12:43:29.070206|[g:1][CONSENSUS][PBFT]checkTimeout Succ,view=6246,toView=6247,nodeIdx=2,changeCycle=0,myNode=a2429f99...,timecost=0.247
info|2019-12-11 12:43:29.071029|[g:1][CONSENSUS][PBFT]checkAndChangeView: Reach consensus,org_view=6246,org_changeCycle=0,cur_changeCycle=0,to_view=6247
info|2019-12-11 12:43:30.009136|[P2P][Service] heartBeat,connected count=3
info|2019-12-11 12:43:30.072849|[g:1][CONSENSUS]addRawPrepare,height=1,reqIdx=3,hash=36757053...
info|2019-12-11 12:43:30.073366|[g:1][CONSENSUS][PBFT]checkTimeout Succ,view=6247,toView=6248,nodeIdx=2,changeCycle=0,myNode=a2429f99...,timecost=0.338
info|2019-12-11 12:43:30.076859|[g:1][CONSENSUS][PBFT]checkAndChangeView: Reach consensus,org_view=6247,org_changeCycle=0,cur_changeCycle=0,to_view=6248
info|2019-12-11 12:43:31.087192|[g:1][CONSENSUS]addRawPrepare,height=1,reqIdx=0,hash=df2116dd...
info|2019-12-11 12:43:31.090211|[g:1][CONSENSUS][PBFT]checkTimeout Succ,view=6248,toView=6249,nodeIdx=2,changeCycle=0,myNode=a2429f99...,timecost=2.353
info|2019-12-11 12:43:31.114407|[g:1][CONSENSUS][PBFT]checkAndChangeView: Reach consensus,org_view=6248,org_changeCycle=0,cur_changeCycle=0,to_view=6249
info|2019-12-11 12:43:32.123525|[g:1][CONSENSUS]addRawPrepare,height=1,reqIdx=1,hash=e8fc4da3...
info|2019-12-11 12:43:32.131221|[g:1][CONSENSUS][PBFT]checkTimeout Succ,view=6249,toView=6250,nodeIdx=2,changeCycle=0,myNode=a2429f99...,timecost=7.017
info|2019-12-11 12:43:32.258997|[g:1][CONSENSUS][PBFT]checkAndChangeView: Reach consensus,org_view=6249,org_changeCycle=0,cur_changeCycle=0,to_view=6250
info|2019-12-11 12:43:33.261181|[g:1][CONSENSUS][SEALER]++++++++++++++++ Generating seal on,blkNum=1,tx=0,nodeIdx=2,hash=00d8717e...
info|2019-12-11 12:43:33.266404|[g:1][CONSENSUS][PBFT]checkTimeout Succ,view=6250,toView=6251,nodeIdx=2,changeCycle=0,myNode=a2429f99...,timecost=2.35
info|2019-12-11 12:43:33.282969|[g:1][CONSENSUS][PBFT]checkAndChangeView: Reach consensus,org_view=6250,org_changeCycle=0,cur_changeCycle=0,to_view=6251
info|2019-12-11 12:43:34.297442|[g:1][CONSENSUS]addRawPrepare,height=1,reqIdx=3,hash=d13fe22b...
info|2019-12-11 12:43:34.322774|[g:1][CONSENSUS][PBFT]checkTimeout Succ,view=6251,toView=6252,nodeIdx=2,changeCycle=0,myNode=a2429f99...,timecost=24.818
info|2019-12-11 12:43:34.333682|[g:1][CONSENSUS][PBFT]checkAndChangeView: Reach consensus,org_view=6251,org_changeCycle=0,cur_changeCycle=0,to_view=6252
info|2019-12-11 12:43:35.333319|[g:1][CONSENSUS]addRawPrepare,height=1,reqIdx=0,hash=a59ef64c...
info|2019-12-11 12:43:35.338596|[g:1][CONSENSUS][PBFT]checkTimeout Succ,view=6252,toView=6253,nodeIdx=2,changeCycle=0,myNode=a2429f99...,timecost=3.659
info|2019-12-11 12:43:35.348074|[g:1][CONSENSUS][PBFT]checkAndChangeView: Reach consensus,org_view=6252,org_changeCycle=0,cur_changeCycle=0,to_view=6253
info|2019-12-11 12:43:36.361482|[g:1][CONSENSUS]addRawPrepare,height=1,reqIdx=1,hash=2e8bb27a...
info|2019-12-11 12:43:36.364647|[g:1][CONSENSUS][PBFT]checkTimeout Succ,view=6253,toView=6254,nodeIdx=2,changeCycle=0,myNode=a2429f99...,timecost=2.481
info|2019-12-11 12:43:36.375851|[g:1][CONSENSUS][PBFT]checkAndChangeView: Reach consensus,org_view=6253,org_changeCycle=0,cur_changeCycle=0,to_view=6254
info|2019-12-11 12:43:37.377199|[g:1][CONSENSUS][SEALER]++++++++++++++++ Generating seal on,blkNum=1,tx=0,nodeIdx=2,hash=41b8f004...
info|2019-12-11 12:43:37.391615|[g:1][CONSENSUS][PBFT]checkTimeout Succ,view=6254,toView=6255,nodeIdx=2,changeCycle=0,myNode=a2429f99...,timecost=3.374
info|2019-12-11 12:43:37.400007|[g:1][CONSENSUS][PBFT]checkAndChangeView: Reach consensus,org_view=6254,org_changeCycle=0,cur_changeCycle=0,to_view=6255
info|2019-12-11 12:43:38.408902|[g:1][CONSENSUS]addRawPrepare,height=1,reqIdx=3,hash=c28543b0...
info|2019-12-11 12:43:38.415511|[g:1][CONSENSUS][PBFT]checkTimeout Succ,view=6255,toView=6256,nodeIdx=2,changeCycle=0,myNode=a2429f99...,timecost=5.529
info|2019-12-11 12:43:38.424723|[g:1][CONSENSUS][PBFT]checkAndChangeView: Reach consensus,org_view=6255,org_changeCycle=0,cur_changeCycle=0,to_view=6256
info|2019-12-11 12:43:39.429177|[g:1][CONSENSUS]addRawPrepare,height=1,reqIdx=0,hash=fa81bf1e...
info|2019-12-11 12:43:39.433142|[g:1][CONSENSUS][PBFT]checkTimeout Succ,view=6256,toView=6257,nodeIdx=2,changeCycle=0,myNode=a2429f99...,timecost=3.258
info|2019-12-11 12:43:39.448988|[g:1][CONSENSUS][PBFT]checkAndChangeView: Reach consensus,org_view=6256,org_changeCycle=0,cur_changeCycle=0,to_view=6257
info|2019-12-11 12:43:40.011148|[P2P][Service] heartBeat,connected count=3
info|2019-12-11 12:43:40.453848|[g:1][CONSENSUS]addRawPrepare,height=1,reqIdx=1,hash=5f5b887d...
info|2019-12-11 12:43:40.458379|[g:1][CONSENSUS][PBFT]checkTimeout Succ,view=6257,toView=6258,nodeIdx=2,changeCycle=0,myNode=a2429f99...,timecost=3.846
info|2019-12-11 12:43:40.466049|[g:1][CONSENSUS][PBFT]checkAndChangeView: Reach consensus,org_view=6257,org_changeCycle=0,cur_changeCycle=0,to_view=6258
info|2019-12-11 12:43:41.467073|[g:1][CONSENSUS][SEALER]++++++++++++++++ Generating seal on,blkNum=1,tx=0,nodeIdx=2,hash=8c4e407f...
info|2019-12-11 12:43:41.468335|[g:1][CONSENSUS][PBFT]checkTimeout Succ,view=6258,toView=6259,nodeIdx=2,changeCycle=0,myNode=a2429f99...,timecost=0.563
info|2019-12-11 12:43:41.472914|[g:1][CONSENSUS][PBFT]checkAndChangeView: Reach consensus,org_view=6258,org_changeCycle=0,cur_changeCycle=0,to_view=6259
info|2019-12-11 12:43:42.476096|[g:1][CONSENSUS]addRawPrepare,height=1,reqIdx=3,hash=9a462655...
info|2019-12-11 12:43:42.476731|[g:1][CONSENSUS][PBFT]checkTimeout Succ,view=6259,toView=6260,nodeIdx=2,changeCycle=0,myNode=a2429f99...,timecost=0.497
info|2019-12-11 12:43:42.478082|[g:1][CONSENSUS][PBFT]checkAndChangeView: Reach consensus,org_view=6259,org_changeCycle=0,cur_changeCycle=0,to_view=6260
info|2019-12-11 12:43:43.479436|[g:1][CONSENSUS]addRawPrepare,height=1,reqIdx=0,hash=b055b591...
info|2019-12-11 12:43:43.479858|[g:1][CONSENSUS][PBFT]checkTimeout Succ,view=6260,toView=6261,nodeIdx=2,changeCycle=0,myNode=a2429f99...,timecost=0.259
info|2019-12-11 12:43:43.481267|[g:1][CONSENSUS][PBFT]checkAndChangeView: Reach consensus,org_view=6260,org_changeCycle=0,cur_changeCycle=0,to_view=6261
info|2019-12-11 12:43:44.484589|[g:1][CONSENSUS]addRawPrepare,height=1,reqIdx=1,hash=74781f05...
info|2019-12-11 12:43:44.485452|[g:1][CONSENSUS][PBFT]checkTimeout Succ,view=6261,toView=6262,nodeIdx=2,changeCycle=0,myNode=a2429f99...,timecost=0.649
info|2019-12-11 12:43:44.488426|[g:1][CONSENSUS][PBFT]checkAndChangeView: Reach consensus,org_view=6261,org_changeCycle=0,cur_changeCycle=0,to_view=6262
info|2019-12-11 12:43:45.489568|[g:1][CONSENSUS][SEALER]++++++++++++++++ Generating seal on,blkNum=1,tx=0,nodeIdx=2,hash=578c5a29...
info|2019-12-11 12:43:45.490565|[g:1][CONSENSUS][PBFT]checkTimeout Succ,view=6262,toView=6263,nodeIdx=2,changeCycle=0,myNode=a2429f99...,timecost=0.592
info|2019-12-11 12:43:45.493460|[g:1][CONSENSUS][PBFT]checkAndChangeView: Reach consensus,org_view=6262,org_changeCycle=0,cur_changeCycle=0,to_view=6263
info|2019-12-11 12:43:46.496085|[g:1][CONSENSUS]addRawPrepare,height=1,reqIdx=3,hash=c946d68b...
info|2019-12-11 12:43:46.498814|[g:1][CONSENSUS][PBFT]checkTimeout Succ,view=6263,toView=6264,nodeIdx=2,changeCycle=0,myNode=a2429f99...,timecost=2.358
info|2019-12-11 12:43:46.500120|[g:1][CONSENSUS][PBFT]checkAndChangeView: Reach consensus,org_view=6263,org_changeCycle=0,cur_changeCycle=0,to_view=6264
info|2019-12-11 12:43:47.501678|[g:1][CONSENSUS]addRawPrepare,height=1,reqIdx=0,hash=bb00a840...
info|2019-12-11 12:43:47.502121|[g:1][CONSENSUS][PBFT]checkTimeout Succ,view=6264,toView=6265,nodeIdx=2,changeCycle=0,myNode=a2429f99...,timecost=0.264
info|2019-12-11 12:43:47.503924|[g:1][CONSENSUS][PBFT]checkAndChangeView: Reach consensus,org_view=6264,org_changeCycle=0,cur_changeCycle=0,to_view=6265
info|2019-12-11 12:43:48.507826|[g:1][CONSENSUS]addRawPrepare,height=1,reqIdx=1,hash=cefec857...
info|2019-12-11 12:43:48.508728|[g:1][CONSENSUS][PBFT]checkTimeout Succ,view=6265,toView=6266,nodeIdx=2,changeCycle=0,myNode=a2429f99...,timecost=0.711
info|2019-12-11 12:43:48.512204|[g:1][CONSENSUS][PBFT]checkAndChangeView: Reach consensus,org_view=6265,org_changeCycle=0,cur_changeCycle=0,to_view=6266
info|2019-12-11 12:43:49.513128|[g:1][CONSENSUS][SEALER]++++++++++++++++ Generating seal on,blkNum=1,tx=0,nodeIdx=2,hash=9ffb7f09...
info|2019-12-11 12:43:49.513638|[g:1][CONSENSUS][PBFT]checkTimeout Succ,view=6266,toView=6267,nodeIdx=2,changeCycle=0,myNode=a2429f99...,timecost=0.268
info|2019-12-11 12:43:49.516656|[g:1][CONSENSUS][PBFT]checkAndChangeView: Reach consensus,org_view=6266,org_changeCycle=0,cur_changeCycle=0,to_view=6267
info|2019-12-11 12:43:50.016801|[P2P][Service] heartBeat,connected count=3
info|2019-12-11 12:43:50.518385|[g:1][CONSENSUS]addRawPrepare,height=1,reqIdx=3,hash=5e216de7...
info|2019-12-11 12:43:50.518851|[g:1][CONSENSUS][PBFT]checkTimeout Succ,view=6267,toView=6268,nodeIdx=2,changeCycle=0,myNode=a2429f99...,timecost=0.291
info|2019-12-11 12:43:50.520920|[g:1][CONSENSUS][PBFT]checkAndChangeView: Reach consensus,org_view=6267,org_changeCycle=0,cur_changeCycle=0,to_view=6268
info|2019-12-11 12:43:51.523177|[g:1][CONSENSUS]addRawPrepare,height=1,reqIdx=0,hash=21ec9e8a...
info|2019-12-11 12:43:51.523998|[g:1][CONSENSUS][PBFT]checkTimeout Succ,view=6268,toView=6269,nodeIdx=2,changeCycle=0,myNode=a2429f99...,timecost=0.526
info|2019-12-11 12:43:51.525396|[g:1][CONSENSUS][PBFT]checkAndChangeView: Reach consensus,org_view=6268,org_changeCycle=0,cur_changeCycle=0,to_view=6269
info|2019-12-11 12:43:52.527699|[g:1][CONSENSUS]addRawPrepare,height=1,reqIdx=1,hash=8bfbce3c...
info|2019-12-11 12:43:52.528992|[g:1][CONSENSUS][PBFT]checkTimeout Succ,view=6269,toView=6270,nodeIdx=2,changeCycle=0,myNode=a2429f99...,timecost=0.859
info|2019-12-11 12:43:52.530825|[g:1][CONSENSUS][PBFT]checkAndChangeView: Reach consensus,org_view=6269,org_changeCycle=0,cur_changeCycle=0,to_view=6270
info|2019-12-11 12:43:53.530352|[g:1][CONSENSUS][SEALER]++++++++++++++++ Generating seal on,blkNum=1,tx=0,nodeIdx=2,hash=c8cf136a...
info|2019-12-11 12:43:53.532509|[g:1][CONSENSUS][PBFT]checkTimeout Succ,view=6270,toView=6271,nodeIdx=2,changeCycle=0,myNode=a2429f99...,timecost=0.282
info|2019-12-11 12:43:53.533375|[g:1][CONSENSUS][PBFT]checkAndChangeView: Reach consensus,org_view=6270,org_changeCycle=0,cur_changeCycle=0,to_view=6271
info|2019-12-11 12:43:54.536243|[g:1][CONSENSUS]addRawPrepare,height=1,reqIdx=3,hash=90d5a089...
info|2019-12-11 12:43:54.537188|[g:1][CONSENSUS][PBFT]checkTimeout Succ,view=6271,toView=6272,nodeIdx=2,changeCycle=0,myNode=a2429f99...,timecost=0.738
info|2019-12-11 12:43:54.539292|[g:1][CONSENSUS][PBFT]checkAndChangeView: Reach consensus,org_view=6271,org_changeCycle=0,cur_changeCycle=0,to_view=6272
info|2019-12-11 12:43:55.541791|[g:1][CONSENSUS]addRawPrepare,height=1,reqIdx=0,hash=068c2b23...
info|2019-12-11 12:43:55.542769|[g:1][CONSENSUS][PBFT]checkTimeout Succ,view=6272,toView=6273,nodeIdx=2,changeCycle=0,myNode=a2429f99...,timecost=0.813
info|2019-12-11 12:43:55.546332|[g:1][CONSENSUS][PBFT]checkAndChangeView: Reach consensus,org_view=6272,org_changeCycle=0,cur_changeCycle=0,to_view=6273
info|2019-12-11 12:43:56.548678|[g:1][CONSENSUS]addRawPrepare,height=1,reqIdx=1,hash=bc2aaecf...
info|2019-12-11 12:43:56.549169|[g:1][CONSENSUS][PBFT]checkTimeout Succ,view=6273,toView=6274,nodeIdx=2,changeCycle=0,myNode=a2429f99...,timecost=0.369
info|2019-12-11 12:43:56.551554|[g:1][CONSENSUS][PBFT]checkAndChangeView: Reach consensus,org_view=6273,org_changeCycle=0,cur_changeCycle=0,to_view=6274
info|2019-12-11 12:43:57.552569|[g:1][CONSENSUS][SEALER]++++++++++++++++ Generating seal on,blkNum=1,tx=0,nodeIdx=2,hash=01df3661...
info|2019-12-11 12:43:57.553967|[g:1][CONSENSUS][PBFT]checkTimeout Succ,view=6274,toView=6275,nodeIdx=2,changeCycle=0,myNode=a2429f99...,timecost=0.854
info|2019-12-11 12:43:57.558788|[g:1][CONSENSUS][PBFT]checkAndChangeView: Reach consensus,org_view=6274,org_changeCycle=0,cur_changeCycle=0,to_view=6275
info|2019-12-11 12:43:58.558886|[g:1][CONSENSUS]addRawPrepare,height=1,reqIdx=3,hash=463afb41...
info|2019-12-11 12:43:58.559372|[g:1][CONSENSUS][PBFT]checkTimeout Succ,view=6275,toView=6276,nodeIdx=2,changeCycle=0,myNode=a2429f99...,timecost=0.326
info|2019-12-11 12:43:58.560749|[g:1][CONSENSUS][PBFT]checkAndChangeView: Reach consensus,org_view=6275,org_changeCycle=0,cur_changeCycle=0,to_view=6276
info|2019-12-11 12:44:12.008619|[P2P][Service] heartBeat,connected count=3
warning|2019-12-11 12:44:12.008936|[g:1][CONSENSUS][PBFT]ViewChangeWarning: not caused by omit empty block ,v=6276,toV=6277,curNum=0,hash=535430dd...,nodeIdx=2,myNode=a2429f99...
info|2019-12-11 12:44:12.014482|[g:1][CONSENSUS][PBFT]checkTimeout Succ,view=6276,toView=6277,nodeIdx=2,changeCycle=1,myNode=a2429f99...,timecost=5.778
info|2019-12-11 12:44:12.027394|[g:1][CONSENSUS][PBFT]checkAndChangeView: Reach consensus,org_view=6276,org_changeCycle=1,cur_changeCycle=1,to_view=6277
info|2019-12-11 12:44:13.030357|[g:1][CONSENSUS]addRawPrepare,height=1,reqIdx=1,hash=f08b46b2...
info|2019-12-11 12:44:13.030837|[g:1][CONSENSUS][PBFT]checkTimeout Succ,view=6277,toView=6278,nodeIdx=2,changeCycle=0,myNode=a2429f99...,timecost=0.278
info|2019-12-11 12:44:13.032102|[g:1][CONSENSUS][PBFT]checkAndChangeView: Reach consensus,org_view=6277,org_changeCycle=0,cur_changeCycle=0,to_view=6278
info|2019-12-11 12:44:14.033168|[g:1][CONSENSUS][SEALER]++++++++++++++++ Generating seal on,blkNum=1,tx=0,nodeIdx=2,hash=0f5f7360...
info|2019-12-11 12:44:14.033860|[g:1][CONSENSUS][PBFT]checkTimeout Succ,view=6278,toView=6279,nodeIdx=2,changeCycle=0,myNode=a2429f99...,timecost=0.292
info|2019-12-11 12:44:14.036418|[g:1][CONSENSUS][PBFT]checkAndChangeView: Reach consensus,org_view=6278,org_changeCycle=0,cur_changeCycle=0,to_view=6279
info|2019-12-11 12:44:15.037811|[g:1][CONSENSUS]addRawPrepare,height=1,reqIdx=3,hash=a8462cdb...
info|2019-12-11 12:44:15.038213|[g:1][CONSENSUS][PBFT]checkTimeout Succ,view=6279,toView=6280,nodeIdx=2,changeCycle=0,myNode=a2429f99...,timecost=0.275
info|2019-12-11 12:44:15.040046|[g:1][CONSENSUS][PBFT]checkAndChangeView: Reach consensus,org_view=6279,org_changeCycle=0,cur_changeCycle=0,to_view=6280
info|2019-12-11 12:44:16.040925|[g:1][CONSENSUS]addRawPrepare,height=1,reqIdx=0,hash=10f38846...
info|2019-12-11 12:44:16.041330|[g:1][CONSENSUS][PBFT]checkTimeout Succ,view=6280,toView=6281,nodeIdx=2,changeCycle=0,myNode=a2429f99...,timecost=0.293
info|2019-12-11 12:44:16.043296|[g:1][CONSENSUS][PBFT]checkAndChangeView: Reach consensus,org_view=6280,org_changeCycle=0,cur_changeCycle=0,to_view=6281
info|2019-12-11 12:44:17.045431|[g:1][CONSENSUS]addRawPrepare,height=1,reqIdx=1,hash=f560e78e...
info|2019-12-11 12:44:17.045825|[g:1][CONSENSUS][PBFT]checkTimeout Succ,view=6281,toView=6282,nodeIdx=2,changeCycle=0,myNode=a2429f99...,timecost=0.296
info|2019-12-11 12:44:17.047286|[g:1][CONSENSUS][PBFT]checkAndChangeView: Reach consensus,org_view=6281,org_changeCycle=0,cur_changeCycle=0,to_view=6282
info|2019-12-11 12:44:18.047849|[g:1][CONSENSUS][SEALER]++++++++++++++++ Generating seal on,blkNum=1,tx=0,nodeIdx=2,hash=e0354f62...
info|2019-12-11 12:44:18.052912|[g:1][CONSENSUS][PBFT]checkTimeout Succ,view=6282,toView=6283,nodeIdx=2,changeCycle=0,myNode=a2429f99...,timecost=0.921
info|2019-12-11 12:44:18.054270|[g:1][CONSENSUS][PBFT]checkAndChangeView: Reach consensus,org_view=6282,org_changeCycle=0,cur_changeCycle=0,to_view=6283
info|2019-12-11 12:44:19.055908|[g:1][CONSENSUS]addRawPrepare,height=1,reqIdx=3,hash=7d3cddbf...
info|2019-12-11 12:44:19.056406|[g:1][CONSENSUS][PBFT]checkTimeout Succ,view=6283,toView=6284,nodeIdx=2,changeCycle=0,myNode=a2429f99...,timecost=0.287
info|2019-12-11 12:44:19.060137|[g:1][CONSENSUS][PBFT]checkAndChangeView: Reach consensus,org_view=6283,org_changeCycle=0,cur_changeCycle=0,to_view=6284
info|2019-12-11 12:44:20.059413|[g:1][CONSENSUS]addRawPrepare,height=1,reqIdx=0,hash=b05231da...
info|2019-12-11 12:44:20.060721|[g:1][CONSENSUS][PBFT]checkTimeout Succ,view=6284,toView=6285,nodeIdx=2,changeCycle=0,myNode=a2429f99...,timecost=0.991
info|2019-12-11 12:44:20.061734|[g:1][CONSENSUS][PBFT]checkAndChangeView: Reach consensus,org_view=6284,org_changeCycle=0,cur_changeCycle=0,to_view=6285
info|2019-12-11 12:44:21.063831|[g:1][CONSENSUS]addRawPrepare,height=1,reqIdx=1,hash=e0ac756f...
info|2019-12-11 12:44:21.064202|[g:1][CONSENSUS][PBFT]checkTimeout Succ,view=6285,toView=6286,nodeIdx=2,changeCycle=0,myNode=a2429f99...,timecost=0.272
info|2019-12-11 12:44:21.066052|[g:1][CONSENSUS][PBFT]checkAndChangeView: Reach consensus,org_view=6285,org_changeCycle=0,cur_changeCycle=0,to_view=6286
info|2019-12-11 12:44:22.015344|[P2P][Service] heartBeat,connected count=3
info|2019-12-11 12:44:22.067313|[g:1][CONSENSUS][SEALER]++++++++++++++++ Generating seal on,blkNum=1,tx=0,nodeIdx=2,hash=159d9677...
info|2019-12-11 12:44:22.068127|[g:1][CONSENSUS][PBFT]checkTimeout Succ,view=6286,toView=6287,nodeIdx=2,changeCycle=0,myNode=a2429f99...,timecost=0.53
info|2019-12-11 12:44:22.071110|[g:1][CONSENSUS][PBFT]checkAndChangeView: Reach consensus,org_view=6286,org_changeCycle=0,cur_changeCycle=0,to_view=6287
info|2019-12-11 12:44:23.079843|[g:1][CONSENSUS]addRawPrepare,height=1,reqIdx=3,hash=8d7327bf...
info|2019-12-11 12:44:23.082938|[g:1][CONSENSUS][PBFT]checkTimeout Succ,view=6287,toView=6288,nodeIdx=2,changeCycle=0,myNode=a2429f99...,timecost=2.389
info|2019-12-11 12:44:23.094047|[g:1][CONSENSUS][PBFT]checkAndChangeView: Reach consensus,org_view=6287,org_changeCycle=0,cur_changeCycle=0,to_view=6288
info|2019-12-11 12:44:24.102059|[g:1][CONSENSUS]addRawPrepare,height=1,reqIdx=0,hash=404d5f41...
info|2019-12-11 12:44:24.105102|[g:1][CONSENSUS][PBFT]checkTimeout Succ,view=6288,toView=6289,nodeIdx=2,changeCycle=0,myNode=a2429f99...,timecost=1.885
info|2019-12-11 12:44:24.121644|[g:1][CONSENSUS][PBFT]checkAndChangeView: Reach consensus,org_view=6288,org_changeCycle=0,cur_changeCycle=0,to_view=6289
info|2019-12-11 12:44:25.122719|[g:1][CONSENSUS]addRawPrepare,height=1,reqIdx=1,hash=5cce22f7...
info|2019-12-11 12:44:25.127352|[g:1][CONSENSUS][PBFT]checkTimeout Succ,view=6289,toView=6290,nodeIdx=2,changeCycle=0,myNode=a2429f99...,timecost=3.624
info|2019-12-11 12:44:25.135326|[g:1][CONSENSUS][PBFT]checkAndChangeView: Reach consensus,org_view=6289,org_changeCycle=0,cur_changeCycle=0,to_view=6290
info|2019-12-11 12:44:26.135943|[g:1][CONSENSUS][SEALER]++++++++++++++++ Generating seal on,blkNum=1,tx=0,nodeIdx=2,hash=5fc432c5...
info|2019-12-11 12:44:26.141026|[g:1][CONSENSUS][PBFT]checkTimeout Succ,view=6290,toView=6291,nodeIdx=2,changeCycle=0,myNode=a2429f99...,timecost=2.39
info|2019-12-11 12:44:26.178048|[g:1][CONSENSUS][PBFT]checkAndChangeView: Reach consensus,org_view=6290,org_changeCycle=0,cur_changeCycle=0,to_view=6291
info|2019-12-11 12:44:27.190353|[g:1][CONSENSUS]addRawPrepare,height=1,reqIdx=3,hash=5ea88830...
info|2019-12-11 12:44:27.212952|[g:1][CONSENSUS][PBFT]checkTimeout Succ,view=6291,toView=6292,nodeIdx=2,changeCycle=0,myNode=a2429f99...,timecost=5.773
info|2019-12-11 12:44:27.220062|[g:1][CONSENSUS][PBFT]checkAndChangeView: Reach consensus,org_view=6291,org_changeCycle=0,cur_changeCycle=0,to_view=6292
info|2019-12-11 12:44:28.222500|[g:1][CONSENSUS]addRawPrepare,height=1,reqIdx=0,hash=d47f9be4...
info|2019-12-11 12:44:28.225274|[g:1][CONSENSUS][PBFT]checkTimeout Succ,view=6292,toView=6293,nodeIdx=2,changeCycle=0,myNode=a2429f99...,timecost=2.07
info|2019-12-11 12:44:28.248209|[g:1][CONSENSUS][PBFT]checkAndChangeView: Reach consensus,org_view=6292,org_changeCycle=0,cur_changeCycle=0,to_view=6293
info|2019-12-11 12:44:29.247023|[g:1][CONSENSUS]addRawPrepare,height=1,reqIdx=1,hash=f8f391f7...
info|2019-12-11 12:44:29.250134|[g:1][CONSENSUS][PBFT]checkTimeout Succ,view=6293,toView=6294,nodeIdx=2,changeCycle=0,myNode=a2429f99...,timecost=2.425
info|2019-12-11 12:44:29.267082|[g:1][CONSENSUS][PBFT]checkAndChangeView: Reach consensus,org_view=6293,org_changeCycle=0,cur_changeCycle=0,to_view=6294
info|2019-12-11 12:44:30.269105|[g:1][CONSENSUS][SEALER]++++++++++++++++ Generating seal on,blkNum=1,tx=0,nodeIdx=2,hash=e30dadc8...
info|2019-12-11 12:44:30.274499|[g:1][CONSENSUS][PBFT]checkTimeout Succ,view=6294,toView=6295,nodeIdx=2,changeCycle=0,myNode=a2429f99...,timecost=3.604
info|2019-12-11 12:44:30.289683|[g:1][CONSENSUS][PBFT]checkAndChangeView: Reach consensus,org_view=6294,org_changeCycle=0,cur_changeCycle=0,to_view=6295
info|2019-12-11 12:44:31.305311|[g:1][CONSENSUS]addRawPrepare,height=1,reqIdx=3,hash=8b97778f...
info|2019-12-11 12:44:31.309798|[g:1][CONSENSUS][PBFT]checkTimeout Succ,view=6295,toView=6296,nodeIdx=2,changeCycle=0,myNode=a2429f99...,timecost=3.809
info|2019-12-11 12:44:31.319175|[g:1][CONSENSUS][PBFT]checkAndChangeView: Reach consensus,org_view=6295,org_changeCycle=0,cur_changeCycle=0,to_view=6296
info|2019-12-11 12:44:32.016093|[P2P][Service] heartBeat,connected count=3
info|2019-12-11 12:44:32.326110|[g:1][CONSENSUS]addRawPrepare,height=1,reqIdx=0,hash=028b2eba...
info|2019-12-11 12:44:32.330951|[g:1][CONSENSUS][PBFT]checkTimeout Succ,view=6296,toView=6297,nodeIdx=2,changeCycle=0,myNode=a2429f99...,timecost=4.116
info|2019-12-11 12:44:32.341097|[g:1][CONSENSUS][PBFT]checkAndChangeView: Reach consensus,org_view=6296,org_changeCycle=0,cur_changeCycle=0,to_view=6297
info|2019-12-11 12:44:33.354433|[g:1][CONSENSUS]addRawPrepare,height=1,reqIdx=1,hash=7b3f4098...
info|2019-12-11 12:44:33.355745|[g:1][CONSENSUS][PBFT]checkTimeout Succ,view=6297,toView=6298,nodeIdx=2,changeCycle=0,myNode=a2429f99...,timecost=0.736
info|2019-12-11 12:44:33.358687|[g:1][CONSENSUS][PBFT]checkAndChangeView: Reach consensus,org_view=6297,org_changeCycle=0,cur_changeCycle=0,to_view=6298
info|2019-12-11 12:44:34.359356|[g:1][CONSENSUS][SEALER]++++++++++++++++ Generating seal on,blkNum=1,tx=0,nodeIdx=2,hash=c6f94dad...
info|2019-12-11 12:44:34.363853|[g:1][CONSENSUS][PBFT]checkTimeout Succ,view=6298,toView=6299,nodeIdx=2,changeCycle=0,myNode=a2429f99...,timecost=0.645
info|2019-12-11 12:44:34.365415|[g:1][CONSENSUS][PBFT]checkAndChangeView: Reach consensus,org_view=6298,org_changeCycle=0,cur_changeCycle=0,to_view=6299
info|2019-12-11 12:44:35.366210|[g:1][CONSENSUS]addRawPrepare,height=1,reqIdx=3,hash=9e106488...
info|2019-12-11 12:44:35.366770|[g:1][CONSENSUS][PBFT]checkTimeout Succ,view=6299,toView=6300,nodeIdx=2,changeCycle=0,myNode=a2429f99...,timecost=0.388
info|2019-12-11 12:44:35.369765|[g:1][CONSENSUS][PBFT]checkAndChangeView: Reach consensus,org_view=6299,org_changeCycle=0,cur_changeCycle=0,to_view=6300
info|2019-12-11 12:44:36.370347|[g:1][CONSENSUS]addRawPrepare,height=1,reqIdx=0,hash=c1f34e9b...
info|2019-12-11 12:44:36.370960|[g:1][CONSENSUS][PBFT]checkTimeout Succ,view=6300,toView=6301,nodeIdx=2,changeCycle=0,myNode=a2429f99...,timecost=0.466
info|2019-12-11 12:44:36.372503|[g:1][CONSENSUS][PBFT]checkAndChangeView: Reach consensus,org_view=6300,org_changeCycle=0,cur_changeCycle=0,to_view=6301
info|2019-12-11 12:44:37.373626|[g:1][CONSENSUS]addRawPrepare,height=1,reqIdx=1,hash=789e96f8...
info|2019-12-11 12:44:37.374944|[g:1][CONSENSUS][PBFT]checkTimeout Succ,view=6301,toView=6302,nodeIdx=2,changeCycle=0,myNode=a2429f99...,timecost=1.2
info|2019-12-11 12:44:37.376067|[g:1][CONSENSUS][PBFT]checkAndChangeView: Reach consensus,org_view=6301,org_changeCycle=0,cur_changeCycle=0,to_view=6302
info|2019-12-11 12:44:38.376989|[g:1][CONSENSUS][SEALER]++++++++++++++++ Generating seal on,blkNum=1,tx=0,nodeIdx=2,hash=abb6ed85...
info|2019-12-11 12:44:38.377987|[g:1][CONSENSUS][PBFT]checkTimeout Succ,view=6302,toView=6303,nodeIdx=2,changeCycle=0,myNode=a2429f99...,timecost=0.589
info|2019-12-11 12:44:38.380733|[g:1][CONSENSUS][PBFT]checkAndChangeView: Reach consensus,org_view=6302,org_changeCycle=0,cur_changeCycle=0,to_view=6303
info|2019-12-11 12:44:39.383981|[g:1][CONSENSUS]addRawPrepare,height=1,reqIdx=3,hash=a5744cb0...
info|2019-12-11 12:44:39.384642|[g:1][CONSENSUS][PBFT]checkTimeout Succ,view=6303,toView=6304,nodeIdx=2,changeCycle=0,myNode=a2429f99...,timecost=0.511
info|2019-12-11 12:44:39.385994|[g:1][CONSENSUS][PBFT]checkAndChangeView: Reach consensus,org_view=6303,org_changeCycle=0,cur_changeCycle=0,to_view=6304
info|2019-12-11 12:44:40.387827|[g:1][CONSENSUS]addRawPrepare,height=1,reqIdx=0,hash=1082f02f...
info|2019-12-11 12:44:40.388334|[g:1][CONSENSUS][PBFT]checkTimeout Succ,view=6304,toView=6305,nodeIdx=2,changeCycle=0,myNode=a2429f99...,timecost=0.407
info|2019-12-11 12:44:40.389657|[g:1][CONSENSUS][PBFT]checkAndChangeView: Reach consensus,org_view=6304,org_changeCycle=0,cur_changeCycle=0,to_view=6305
info|2019-12-11 12:44:41.392199|[g:1][CONSENSUS]addRawPrepare,height=1,reqIdx=1,hash=20d0b4bf...
info|2019-12-11 12:44:41.392878|[g:1][CONSENSUS][PBFT]checkTimeout Succ,view=6305,toView=6306,nodeIdx=2,changeCycle=0,myNode=a2429f99...,timecost=0.57
info|2019-12-11 12:44:41.394126|[g:1][CONSENSUS][PBFT]checkAndChangeView: Reach consensus,org_view=6305,org_changeCycle=0,cur_changeCycle=0,to_view=6306
info|2019-12-11 12:44:42.022555|[P2P][Service] heartBeat,connected count=3
info|2019-12-11 12:44:42.395159|[g:1][CONSENSUS][SEALER]++++++++++++++++ Generating seal on,blkNum=1,tx=0,nodeIdx=2,hash=47eefb3a...
info|2019-12-11 12:44:42.399875|[g:1][CONSENSUS][PBFT]checkTimeout Succ,view=6306,toView=6307,nodeIdx=2,changeCycle=0,myNode=a2429f99...,timecost=0.419
info|2019-12-11 12:44:42.401400|[g:1][CONSENSUS][PBFT]checkAndChangeView: Reach consensus,org_view=6306,org_changeCycle=0,cur_changeCycle=0,to_view=6307
info|2019-12-11 12:44:43.403393|[g:1][CONSENSUS]addRawPrepare,height=1,reqIdx=3,hash=5e4756ed...
info|2019-12-11 12:44:43.403838|[g:1][CONSENSUS][PBFT]checkTimeout Succ,view=6307,toView=6308,nodeIdx=2,changeCycle=0,myNode=a2429f99...,timecost=0.302
info|2019-12-11 12:44:43.406580|[g:1][CONSENSUS][PBFT]checkAndChangeView: Reach consensus,org_view=6307,org_changeCycle=0,cur_changeCycle=0,to_view=6308
info|2019-12-11 12:44:44.407753|[g:1][CONSENSUS]addRawPrepare,height=1,reqIdx=0,hash=0e71a473...
info|2019-12-11 12:44:44.408826|[g:1][CONSENSUS][PBFT]checkTimeout Succ,view=6308,toView=6309,nodeIdx=2,changeCycle=0,myNode=a2429f99...,timecost=0.879
info|2019-12-11 12:44:44.411924|[g:1][CONSENSUS][PBFT]checkAndChangeView: Reach consensus,org_view=6308,org_changeCycle=0,cur_changeCycle=0,to_view=6309
info|2019-12-11 12:44:45.414762|[g:1][CONSENSUS]addRawPrepare,height=1,reqIdx=1,hash=72e1938b...
info|2019-12-11 12:44:45.416268|[g:1][CONSENSUS][PBFT]checkTimeout Succ,view=6309,toView=6310,nodeIdx=2,changeCycle=0,myNode=a2429f99...,timecost=1.345
info|2019-12-11 12:44:45.417955|[g:1][CONSENSUS][PBFT]checkAndChangeView: Reach consensus,org_view=6309,org_changeCycle=0,cur_changeCycle=0,to_view=6310
info|2019-12-11 12:44:46.417242|[g:1][CONSENSUS][SEALER]++++++++++++++++ Generating seal on,blkNum=1,tx=0,nodeIdx=2,hash=2848faf1...
info|2019-12-11 12:44:46.420573|[g:1][CONSENSUS][PBFT]checkTimeout Succ,view=6310,toView=6311,nodeIdx=2,changeCycle=0,myNode=a2429f99...,timecost=0.399
info|2019-12-11 12:44:46.421144|[g:1][CONSENSUS][PBFT]checkAndChangeView: Reach consensus,org_view=6310,org_changeCycle=0,cur_changeCycle=0,to_view=6311
info|2019-12-11 12:44:47.422011|[g:1][CONSENSUS]addRawPrepare,height=1,reqIdx=3,hash=2e7b4193...
info|2019-12-11 12:44:47.422497|[g:1][CONSENSUS][PBFT]checkTimeout Succ,view=6311,toView=6312,nodeIdx=2,changeCycle=0,myNode=a2429f99...,timecost=0.322
info|2019-12-11 12:44:47.424129|[g:1][CONSENSUS][PBFT]checkAndChangeView: Reach consensus,org_view=6311,org_changeCycle=0,cur_changeCycle=0,to_view=6312
info|2019-12-11 12:44:48.426159|[g:1][CONSENSUS]addRawPrepare,height=1,reqIdx=0,hash=3fe907a4...
info|2019-12-11 12:44:48.426827|[g:1][CONSENSUS][PBFT]checkTimeout Succ,view=6312,toView=6313,nodeIdx=2,changeCycle=0,myNode=a2429f99...,timecost=0.525
info|2019-12-11 12:44:48.428781|[g:1][CONSENSUS][PBFT]checkAndChangeView: Reach consensus,org_view=6312,org_changeCycle=0,cur_changeCycle=0,to_view=6313
info|2019-12-11 12:44:49.431821|[g:1][CONSENSUS]addRawPrepare,height=1,reqIdx=1,hash=f611d129...
info|2019-12-11 12:44:49.432739|[g:1][CONSENSUS][PBFT]checkTimeout Succ,view=6313,toView=6314,nodeIdx=2,changeCycle=0,myNode=a2429f99...,timecost=0.702
info|2019-12-11 12:44:49.435001|[g:1][CONSENSUS][PBFT]checkAndChangeView: Reach consensus,org_view=6313,org_changeCycle=0,cur_changeCycle=0,to_view=6314
info|2019-12-11 12:44:50.436643|[g:1][CONSENSUS][SEALER]++++++++++++++++ Generating seal on,blkNum=1,tx=0,nodeIdx=2,hash=b840c2b0...
info|2019-12-11 12:44:50.437427|[g:1][CONSENSUS][PBFT]checkTimeout Succ,view=6314,toView=6315,nodeIdx=2,changeCycle=0,myNode=a2429f99...,timecost=0.443
info|2019-12-11 12:44:50.440333|[g:1][CONSENSUS][PBFT]checkAndChangeView: Reach consensus,org_view=6314,org_changeCycle=0,cur_changeCycle=0,to_view=6315
info|2019-12-11 12:44:51.442720|[g:1][CONSENSUS]addRawPrepare,height=1,reqIdx=3,hash=eba35842...
info|2019-12-11 12:44:51.444177|[g:1][CONSENSUS][PBFT]checkTimeout Succ,view=6315,toView=6316,nodeIdx=2,changeCycle=0,myNode=a2429f99...,timecost=1.167
info|2019-12-11 12:44:51.445375|[g:1][CONSENSUS][PBFT]checkAndChangeView: Reach consensus,org_view=6315,org_changeCycle=0,cur_changeCycle=0,to_view=6316
info|2019-12-11 12:44:52.023080|[P2P][Service] heartBeat,connected count=3
info|2019-12-11 12:44:52.447119|[g:1][CONSENSUS]addRawPrepare,height=1,reqIdx=0,hash=04fbb43f...
info|2019-12-11 12:44:52.450313|[g:1][CONSENSUS][PBFT]checkTimeout Succ,view=6316,toView=6317,nodeIdx=2,changeCycle=0,myNode=a2429f99...,timecost=1.269
info|2019-12-11 12:44:52.451123|[g:1][CONSENSUS][PBFT]checkAndChangeView: Reach consensus,org_view=6316,org_changeCycle=0,cur_changeCycle=0,to_view=6317
info|2019-12-11 12:44:53.450059|[g:1][CONSENSUS]addRawPrepare,height=1,reqIdx=1,hash=2f34d1b3...
info|2019-12-11 12:44:53.450457|[g:1][CONSENSUS][PBFT]checkTimeout Succ,view=6317,toView=6318,nodeIdx=2,changeCycle=0,myNode=a2429f99...,timecost=0.296
info|2019-12-11 12:44:53.452143|[g:1][CONSENSUS][PBFT]checkAndChangeView: Reach consensus,org_view=6317,org_changeCycle=0,cur_changeCycle=0,to_view=6318
warning|2019-12-11 12:50:26.024013|[g:1][CONSENSUS][PBFT]ViewChangeWarning: not caused by omit empty block ,v=6318,toV=6319,curNum=0,hash=535430dd...,nodeIdx=2,myNode=a2429f99...
info|2019-12-11 12:50:26.026810|[P2P][Service] heartBeat,connected count=3
info|2019-12-11 12:50:26.026847|[g:1][CONSENSUS][PBFT]checkTimeout Succ,view=6318,toView=6319,nodeIdx=2,changeCycle=1,myNode=a2429f99...,timecost=9.37
info|2019-12-11 12:50:26.028248|[g:1][CONSENSUS][PBFT]checkAndChangeView: Reach consensus,org_view=6318,org_changeCycle=1,cur_changeCycle=1,to_view=6319
info|2019-12-11 12:50:27.026299|[g:1][CONSENSUS]addRawPrepare,height=1,reqIdx=3,hash=7b42b61a...
info|2019-12-11 12:50:27.026704|[g:1][CONSENSUS][PBFT]checkTimeout Succ,view=6319,toView=6320,nodeIdx=2,changeCycle=0,myNode=a2429f99...,timecost=0.317
info|2019-12-11 12:50:27.028373|[g:1][CONSENSUS][PBFT]checkAndChangeView: Reach consensus,org_view=6319,org_changeCycle=0,cur_changeCycle=0,to_view=6320
info|2019-12-11 12:50:28.030001|[g:1][CONSENSUS]addRawPrepare,height=1,reqIdx=0,hash=afe6afb6...
info|2019-12-11 12:50:28.030419|[g:1][CONSENSUS][PBFT]checkTimeout Succ,view=6320,toView=6321,nodeIdx=2,changeCycle=0,myNode=a2429f99...,timecost=0.321
info|2019-12-11 12:50:28.032998|[g:1][CONSENSUS][PBFT]checkAndChangeView: Reach consensus,org_view=6320,org_changeCycle=0,cur_changeCycle=0,to_view=6321
info|2019-12-11 12:50:29.032209|[g:1][CONSENSUS]addRawPrepare,height=1,reqIdx=1,hash=b8bd4ff9...
info|2019-12-11 12:50:29.033101|[g:1][CONSENSUS][PBFT]checkTimeout Succ,view=6321,toView=6322,nodeIdx=2,changeCycle=0,myNode=a2429f99...,timecost=0.562
info|2019-12-11 12:50:29.034727|[g:1][CONSENSUS][PBFT]checkAndChangeView: Reach consensus,org_view=6321,org_changeCycle=0,cur_changeCycle=0,to_view=6322
info|2019-12-11 12:50:30.035413|[g:1][CONSENSUS][SEALER]++++++++++++++++ Generating seal on,blkNum=1,tx=0,nodeIdx=2,hash=7524fdc7...
info|2019-12-11 12:50:30.038715|[g:1][CONSENSUS][PBFT]checkTimeout Succ,view=6322,toView=6323,nodeIdx=2,changeCycle=0,myNode=a2429f99...,timecost=0.263
info|2019-12-11 12:50:30.039187|[g:1][CONSENSUS][PBFT]checkAndChangeView: Reach consensus,org_view=6322,org_changeCycle=0,cur_changeCycle=0,to_view=6323
info|2019-12-11 12:50:31.039120|[g:1][CONSENSUS]addRawPrepare,height=1,reqIdx=3,hash=7766deba...
info|2019-12-11 12:50:31.039676|[g:1][CONSENSUS][PBFT]checkTimeout Succ,view=6323,toView=6324,nodeIdx=2,changeCycle=0,myNode=a2429f99...,timecost=0.291
info|2019-12-11 12:50:31.041465|[g:1][CONSENSUS][PBFT]checkAndChangeView: Reach consensus,org_view=6323,org_changeCycle=0,cur_changeCycle=0,to_view=6324
info|2019-12-11 12:50:32.043220|[g:1][CONSENSUS]addRawPrepare,height=1,reqIdx=0,hash=637198d3...
info|2019-12-11 12:50:32.043614|[g:1][CONSENSUS][PBFT]checkTimeout Succ,view=6324,toView=6325,nodeIdx=2,changeCycle=0,myNode=a2429f99...,timecost=0.295
info|2019-12-11 12:50:32.045539|[g:1][CONSENSUS][PBFT]checkAndChangeView: Reach consensus,org_view=6324,org_changeCycle=0,cur_changeCycle=0,to_view=6325
info|2019-12-11 12:50:33.047231|[g:1][CONSENSUS]addRawPrepare,height=1,reqIdx=1,hash=13953410...
info|2019-12-11 12:50:33.047735|[g:1][CONSENSUS][PBFT]checkTimeout Succ,view=6325,toView=6326,nodeIdx=2,changeCycle=0,myNode=a2429f99...,timecost=0.32
info|2019-12-11 12:50:33.049622|[g:1][CONSENSUS][PBFT]checkAndChangeView: Reach consensus,org_view=6325,org_changeCycle=0,cur_changeCycle=0,to_view=6326
info|2019-12-11 12:50:34.049618|[g:1][CONSENSUS][SEALER]++++++++++++++++ Generating seal on,blkNum=1,tx=0,nodeIdx=2,hash=f1c1cefc...
info|2019-12-11 12:50:34.051821|[g:1][CONSENSUS][PBFT]checkTimeout Succ,view=6326,toView=6327,nodeIdx=2,changeCycle=0,myNode=a2429f99...,timecost=0.324
info|2019-12-11 12:50:34.054290|[g:1][CONSENSUS][PBFT]checkAndChangeView: Reach consensus,org_view=6326,org_changeCycle=0,cur_changeCycle=0,to_view=6327
info|2019-12-11 12:50:35.054190|[g:1][CONSENSUS]addRawPrepare,height=1,reqIdx=3,hash=7bc41242...
info|2019-12-11 12:50:35.054761|[g:1][CONSENSUS][PBFT]checkTimeout Succ,view=6327,toView=6328,nodeIdx=2,changeCycle=0,myNode=a2429f99...,timecost=0.466
info|2019-12-11 12:50:35.056144|[g:1][CONSENSUS][PBFT]checkAndChangeView: Reach consensus,org_view=6327,org_changeCycle=0,cur_changeCycle=0,to_view=6328
info|2019-12-11 12:50:36.028222|[P2P][Service] heartBeat,connected count=3
info|2019-12-11 12:50:36.058295|[g:1][CONSENSUS]addRawPrepare,height=1,reqIdx=0,hash=ce602167...
info|2019-12-11 12:50:36.059124|[g:1][CONSENSUS][PBFT]checkTimeout Succ,view=6328,toView=6329,nodeIdx=2,changeCycle=0,myNode=a2429f99...,timecost=0.684
info|2019-12-11 12:50:36.060246|[g:1][CONSENSUS][PBFT]checkAndChangeView: Reach consensus,org_view=6328,org_changeCycle=0,cur_changeCycle=0,to_view=6329
info|2019-12-11 12:50:37.068046|[g:1][CONSENSUS]addRawPrepare,height=1,reqIdx=1,hash=f6c9476d...
info|2019-12-11 12:50:37.073257|[g:1][CONSENSUS][PBFT]checkTimeout Succ,view=6329,toView=6330,nodeIdx=2,changeCycle=0,myNode=a2429f99...,timecost=3.906
info|2019-12-11 12:50:37.084475|[g:1][CONSENSUS][PBFT]checkAndChangeView: Reach consensus,org_view=6329,org_changeCycle=0,cur_changeCycle=0,to_view=6330
info|2019-12-11 12:50:38.103925|[g:1][CONSENSUS][SEALER]++++++++++++++++ Generating seal on,blkNum=1,tx=0,nodeIdx=2,hash=5c8a80d7...
info|2019-12-11 12:50:38.134509|[g:1][CONSENSUS][PBFT]checkTimeout Succ,view=6330,toView=6331,nodeIdx=2,changeCycle=0,myNode=a2429f99...,timecost=2.16
info|2019-12-11 12:50:38.143506|[g:1][CONSENSUS][PBFT]checkAndChangeView: Reach consensus,org_view=6330,org_changeCycle=0,cur_changeCycle=0,to_view=6331
info|2019-12-11 12:50:39.134426|[g:1][CONSENSUS]addRawPrepare,height=1,reqIdx=3,hash=ba351b6a...
info|2019-12-11 12:50:39.138252|[g:1][CONSENSUS][PBFT]checkTimeout Succ,view=6331,toView=6332,nodeIdx=2,changeCycle=0,myNode=a2429f99...,timecost=3.276
info|2019-12-11 12:50:39.154103|[g:1][CONSENSUS][PBFT]checkAndChangeView: Reach consensus,org_view=6331,org_changeCycle=0,cur_changeCycle=0,to_view=6332
info|2019-12-11 12:50:40.159816|[g:1][CONSENSUS]addRawPrepare,height=1,reqIdx=0,hash=9d1778c6...
info|2019-12-11 12:50:40.164026|[g:1][CONSENSUS][PBFT]checkTimeout Succ,view=6332,toView=6333,nodeIdx=2,changeCycle=0,myNode=a2429f99...,timecost=3.238
info|2019-12-11 12:50:40.172545|[g:1][CONSENSUS][PBFT]checkAndChangeView: Reach consensus,org_view=6332,org_changeCycle=0,cur_changeCycle=0,to_view=6333
info|2019-12-11 12:50:41.183943|[g:1][CONSENSUS]addRawPrepare,height=1,reqIdx=1,hash=bd0beacd...
info|2019-12-11 12:50:41.204933|[g:1][CONSENSUS][PBFT]checkTimeout Succ,view=6333,toView=6334,nodeIdx=2,changeCycle=0,myNode=a2429f99...,timecost=15.806
info|2019-12-11 12:50:41.213684|[g:1][CONSENSUS][PBFT]checkAndChangeView: Reach consensus,org_view=6333,org_changeCycle=0,cur_changeCycle=0,to_view=6334
info|2019-12-11 12:50:42.215489|[g:1][CONSENSUS][SEALER]++++++++++++++++ Generating seal on,blkNum=1,tx=0,nodeIdx=2,hash=e3e9e17d...
info|2019-12-11 12:50:42.219221|[g:1][CONSENSUS][PBFT]checkTimeout Succ,view=6334,toView=6335,nodeIdx=2,changeCycle=0,myNode=a2429f99...,timecost=2.046
info|2019-12-11 12:50:42.236013|[g:1][CONSENSUS][PBFT]checkAndChangeView: Reach consensus,org_view=6334,org_changeCycle=0,cur_changeCycle=0,to_view=6335
info|2019-12-11 12:50:43.254520|[g:1][CONSENSUS]addRawPrepare,height=1,reqIdx=3,hash=0758217c...
info|2019-12-11 12:50:43.258184|[g:1][CONSENSUS][PBFT]checkTimeout Succ,view=6335,toView=6336,nodeIdx=2,changeCycle=0,myNode=a2429f99...,timecost=2.853
info|2019-12-11 12:50:43.271036|[g:1][CONSENSUS][PBFT]checkAndChangeView: Reach consensus,org_view=6335,org_changeCycle=0,cur_changeCycle=0,to_view=6336
info|2019-12-11 12:50:44.279028|[g:1][CONSENSUS]addRawPrepare,height=1,reqIdx=0,hash=dc928a1c...
info|2019-12-11 12:50:44.282604|[g:1][CONSENSUS][PBFT]checkTimeout Succ,view=6336,toView=6337,nodeIdx=2,changeCycle=0,myNode=a2429f99...,timecost=2.456
info|2019-12-11 12:50:44.290983|[g:1][CONSENSUS][PBFT]checkAndChangeView: Reach consensus,org_view=6336,org_changeCycle=0,cur_changeCycle=0,to_view=6337
info|2019-12-11 12:50:45.307003|[g:1][CONSENSUS]addRawPrepare,height=1,reqIdx=1,hash=e51a3a68...
info|2019-12-11 12:50:45.310317|[g:1][CONSENSUS][PBFT]checkTimeout Succ,view=6337,toView=6338,nodeIdx=2,changeCycle=0,myNode=a2429f99...,timecost=2.806
info|2019-12-11 12:50:45.321791|[g:1][CONSENSUS][PBFT]checkAndChangeView: Reach consensus,org_view=6337,org_changeCycle=0,cur_changeCycle=0,to_view=6338
info|2019-12-11 12:50:46.031911|[P2P][Service] heartBeat,connected count=3
info|2019-12-11 12:50:46.323017|[g:1][CONSENSUS][SEALER]++++++++++++++++ Generating seal on,blkNum=1,tx=0,nodeIdx=2,hash=b754b154...
info|2019-12-11 12:50:46.336537|[g:1][CONSENSUS][PBFT]checkTimeout Succ,view=6338,toView=6339,nodeIdx=2,changeCycle=0,myNode=a2429f99...,timecost=3.244
info|2019-12-11 12:50:46.359368|[g:1][CONSENSUS][PBFT]checkAndChangeView: Reach consensus,org_view=6338,org_changeCycle=0,cur_changeCycle=0,to_view=6339
info|2019-12-11 12:50:47.377895|[g:1][CONSENSUS]addRawPrepare,height=1,reqIdx=3,hash=40f3521b...
info|2019-12-11 12:50:47.379090|[g:1][CONSENSUS][PBFT]checkTimeout Succ,view=6339,toView=6340,nodeIdx=2,changeCycle=0,myNode=a2429f99...,timecost=0.864
info|2019-12-11 12:50:47.383995|[g:1][CONSENSUS][PBFT]checkAndChangeView: Reach consensus,org_view=6339,org_changeCycle=0,cur_changeCycle=0,to_view=6340
info|2019-12-11 12:50:48.383327|[g:1][CONSENSUS]addRawPrepare,height=1,reqIdx=0,hash=ab8f2bdc...
info|2019-12-11 12:50:48.384380|[g:1][CONSENSUS][PBFT]checkTimeout Succ,view=6340,toView=6341,nodeIdx=2,changeCycle=0,myNode=a2429f99...,timecost=0.837
info|2019-12-11 12:50:48.385620|[g:1][CONSENSUS][PBFT]checkAndChangeView: Reach consensus,org_view=6340,org_changeCycle=0,cur_changeCycle=0,to_view=6341
info|2019-12-11 12:50:49.385615|[g:1][CONSENSUS]addRawPrepare,height=1,reqIdx=1,hash=59fae2b2...
info|2019-12-11 12:50:49.385996|[g:1][CONSENSUS][PBFT]checkTimeout Succ,view=6341,toView=6342,nodeIdx=2,changeCycle=0,myNode=a2429f99...,timecost=0.286
info|2019-12-11 12:50:49.387367|[g:1][CONSENSUS][PBFT]checkAndChangeView: Reach consensus,org_view=6341,org_changeCycle=0,cur_changeCycle=0,to_view=6342
info|2019-12-11 12:50:50.387890|[g:1][CONSENSUS][SEALER]++++++++++++++++ Generating seal on,blkNum=1,tx=0,nodeIdx=2,hash=ca7e043b...
info|2019-12-11 12:50:50.389296|[g:1][CONSENSUS][PBFT]checkTimeout Succ,view=6342,toView=6343,nodeIdx=2,changeCycle=0,myNode=a2429f99...,timecost=0.809
info|2019-12-11 12:50:50.393557|[g:1][CONSENSUS][PBFT]checkAndChangeView: Reach consensus,org_view=6342,org_changeCycle=0,cur_changeCycle=0,to_view=6343
info|2019-12-11 12:50:51.397102|[g:1][CONSENSUS]addRawPrepare,height=1,reqIdx=3,hash=3af950d6...
info|2019-12-11 12:50:51.398652|[g:1][CONSENSUS][PBFT]checkTimeout Succ,view=6343,toView=6344,nodeIdx=2,changeCycle=0,myNode=a2429f99...,timecost=1.308
info|2019-12-11 12:50:51.401946|[g:1][CONSENSUS][PBFT]checkAndChangeView: Reach consensus,org_view=6343,org_changeCycle=0,cur_changeCycle=0,to_view=6344
info|2019-12-11 12:50:52.402162|[g:1][CONSENSUS]addRawPrepare,height=1,reqIdx=0,hash=a19093df...
info|2019-12-11 12:50:52.403423|[g:1][CONSENSUS][PBFT]checkTimeout Succ,view=6344,toView=6345,nodeIdx=2,changeCycle=0,myNode=a2429f99...,timecost=1.12
info|2019-12-11 12:50:52.404792|[g:1][CONSENSUS][PBFT]checkAndChangeView: Reach consensus,org_view=6344,org_changeCycle=0,cur_changeCycle=0,to_view=6345
info|2019-12-11 12:50:53.406822|[g:1][CONSENSUS]addRawPrepare,height=1,reqIdx=1,hash=0babcb44...
info|2019-12-11 12:50:53.407697|[g:1][CONSENSUS][PBFT]checkTimeout Succ,view=6345,toView=6346,nodeIdx=2,changeCycle=0,myNode=a2429f99...,timecost=0.65
info|2019-12-11 12:50:53.411522|[g:1][CONSENSUS][PBFT]checkAndChangeView: Reach consensus,org_view=6345,org_changeCycle=0,cur_changeCycle=0,to_view=6346
info|2019-12-11 12:50:54.412095|[g:1][CONSENSUS][SEALER]++++++++++++++++ Generating seal on,blkNum=1,tx=0,nodeIdx=2,hash=4b2b0321...
info|2019-12-11 12:50:54.416586|[g:1][CONSENSUS][PBFT]checkTimeout Succ,view=6346,toView=6347,nodeIdx=2,changeCycle=0,myNode=a2429f99...,timecost=0.835
info|2019-12-11 12:50:54.418905|[g:1][CONSENSUS][PBFT]checkAndChangeView: Reach consensus,org_view=6346,org_changeCycle=0,cur_changeCycle=0,to_view=6347
info|2019-12-11 12:50:55.420856|[g:1][CONSENSUS]addRawPrepare,height=1,reqIdx=3,hash=5fbb4f3b...
info|2019-12-11 12:50:55.421967|[g:1][CONSENSUS][PBFT]checkTimeout Succ,view=6347,toView=6348,nodeIdx=2,changeCycle=0,myNode=a2429f99...,timecost=0.866
info|2019-12-11 12:50:55.423928|[g:1][CONSENSUS][PBFT]checkAndChangeView: Reach consensus,org_view=6347,org_changeCycle=0,cur_changeCycle=0,to_view=6348
info|2019-12-11 12:50:56.036607|[P2P][Service] heartBeat,connected count=3
info|2019-12-11 12:50:56.427260|[g:1][CONSENSUS]addRawPrepare,height=1,reqIdx=0,hash=97b5cbf9...
info|2019-12-11 12:50:56.428278|[g:1][CONSENSUS][PBFT]checkTimeout Succ,view=6348,toView=6349,nodeIdx=2,changeCycle=0,myNode=a2429f99...,timecost=0.746
info|2019-12-11 12:50:56.430797|[g:1][CONSENSUS][PBFT]checkAndChangeView: Reach consensus,org_view=6348,org_changeCycle=0,cur_changeCycle=0,to_view=6349
info|2019-12-11 12:50:57.431418|[g:1][CONSENSUS]addRawPrepare,height=1,reqIdx=1,hash=0bf3ba92...
info|2019-12-11 12:50:57.432155|[g:1][CONSENSUS][PBFT]checkTimeout Succ,view=6349,toView=6350,nodeIdx=2,changeCycle=0,myNode=a2429f99...,timecost=0.64
info|2019-12-11 12:50:57.433084|[g:1][CONSENSUS][PBFT]checkAndChangeView: Reach consensus,org_view=6349,org_changeCycle=0,cur_changeCycle=0,to_view=6350
info|2019-12-11 12:50:58.434097|[g:1][CONSENSUS][SEALER]++++++++++++++++ Generating seal on,blkNum=1,tx=0,nodeIdx=2,hash=cead6968...
info|2019-12-11 12:50:58.438529|[g:1][CONSENSUS][PBFT]checkTimeout Succ,view=6350,toView=6351,nodeIdx=2,changeCycle=0,myNode=a2429f99...,timecost=0.719
info|2019-12-11 12:50:58.440243|[g:1][CONSENSUS][PBFT]checkAndChangeView: Reach consensus,org_view=6350,org_changeCycle=0,cur_changeCycle=0,to_view=6351
info|2019-12-11 12:50:59.442848|[g:1][CONSENSUS]addRawPrepare,height=1,reqIdx=3,hash=eba50030...
info|2019-12-11 12:50:59.443661|[g:1][CONSENSUS][PBFT]checkTimeout Succ,view=6351,toView=6352,nodeIdx=2,changeCycle=0,myNode=a2429f99...,timecost=0.621
info|2019-12-11 12:50:59.448059|[g:1][CONSENSUS][PBFT]checkAndChangeView: Reach consensus,org_view=6351,org_changeCycle=0,cur_changeCycle=0,to_view=6352
info|2019-12-11 12:51:00.448819|[g:1][CONSENSUS]addRawPrepare,height=1,reqIdx=0,hash=698ee73a...
info|2019-12-11 12:51:00.450262|[g:1][CONSENSUS][PBFT]checkTimeout Succ,view=6352,toView=6353,nodeIdx=2,changeCycle=0,myNode=a2429f99...,timecost=1.287
info|2019-12-11 12:51:00.451759|[g:1][CONSENSUS][PBFT]checkAndChangeView: Reach consensus,org_view=6352,org_changeCycle=0,cur_changeCycle=0,to_view=6353
info|2019-12-11 12:51:01.452984|[g:1][CONSENSUS]addRawPrepare,height=1,reqIdx=1,hash=0019b384...
info|2019-12-11 12:51:01.453471|[g:1][CONSENSUS][PBFT]checkTimeout Succ,view=6353,toView=6354,nodeIdx=2,changeCycle=0,myNode=a2429f99...,timecost=0.358
info|2019-12-11 12:51:01.456124|[g:1][CONSENSUS][PBFT]checkAndChangeView: Reach consensus,org_view=6353,org_changeCycle=0,cur_changeCycle=0,to_view=6354
info|2019-12-11 12:51:02.457850|[g:1][CONSENSUS][SEALER]++++++++++++++++ Generating seal on,blkNum=1,tx=0,nodeIdx=2,hash=ed226778...
info|2019-12-11 12:51:02.464254|[g:1][CONSENSUS][PBFT]checkTimeout Succ,view=6354,toView=6355,nodeIdx=2,changeCycle=0,myNode=a2429f99...,timecost=0.479
info|2019-12-11 12:51:02.465729|[g:1][CONSENSUS][PBFT]checkAndChangeView: Reach consensus,org_view=6354,org_changeCycle=0,cur_changeCycle=0,to_view=6355
info|2019-12-11 12:51:03.466899|[g:1][CONSENSUS]addRawPrepare,height=1,reqIdx=3,hash=0ff52f18...
info|2019-12-11 12:51:03.467317|[g:1][CONSENSUS][PBFT]checkTimeout Succ,view=6355,toView=6356,nodeIdx=2,changeCycle=0,myNode=a2429f99...,timecost=0.286
info|2019-12-11 12:51:03.468239|[g:1][CONSENSUS][PBFT]checkAndChangeView: Reach consensus,org_view=6355,org_changeCycle=0,cur_changeCycle=0,to_view=6356
