warning|2019-12-11 21:59:00.032574|[g:1][CONSENSUS][PBFT]ViewChangeWarning: not caused by omit empty block ,v=4215,toV=4216,curNum=6,hash=7ce3abdb...,nodeIdx=2,myNode=a2429f99...
info|2019-12-11 21:59:00.037105|[P2P][Service] heartBeat,connected count=3
info|2019-12-11 21:59:00.039035|[g:1][CONSENSUS][PBFT]checkTimeout Succ,view=4215,toView=4216,nodeIdx=2,changeCycle=1,myNode=a2429f99...,timecost=13.349
info|2019-12-11 21:59:00.040302|[g:1][CONSENSUS][PBFT]checkAndChangeView: Reach consensus,org_view=4215,org_changeCycle=1,cur_changeCycle=1,to_view=4216
info|2019-12-11 21:59:01.040523|[g:1][CONSENSUS][SEALER]++++++++++++++++ Generating seal on,blkNum=7,tx=0,nodeIdx=2,hash=80c65d33...
info|2019-12-11 21:59:01.041191|[g:1][CONSENSUS][PBFT]checkTimeout Succ,view=4216,toView=4217,nodeIdx=2,changeCycle=0,myNode=a2429f99...,timecost=0.314
info|2019-12-11 21:59:01.043296|[g:1][CONSENSUS][PBFT]checkAndChangeView: Reach consensus,org_view=4216,org_changeCycle=0,cur_changeCycle=0,to_view=4217
info|2019-12-11 21:59:02.045123|[g:1][CONSENSUS]addRawPrepare,height=7,reqIdx=3,hash=8ffec749...
info|2019-12-11 21:59:02.045533|[g:1][CONSENSUS][PBFT]checkTimeout Succ,view=4217,toView=4218,nodeIdx=2,changeCycle=0,myNode=a2429f99...,timecost=0.269
info|2019-12-11 21:59:02.047178|[g:1][CONSENSUS][PBFT]checkAndChangeView: Reach consensus,org_view=4217,org_changeCycle=0,cur_changeCycle=0,to_view=4218
info|2019-12-11 21:59:03.049519|[g:1][CONSENSUS]addRawPrepare,height=7,reqIdx=0,hash=3d9a9d40...
info|2019-12-11 21:59:03.049992|[g:1][CONSENSUS][PBFT]checkTimeout Succ,view=4218,toView=4219,nodeIdx=2,changeCycle=0,myNode=a2429f99...,timecost=0.358
info|2019-12-11 21:59:03.053576|[g:1][CONSENSUS][PBFT]checkAndChangeView: Reach consensus,org_view=4218,org_changeCycle=0,cur_changeCycle=0,to_view=4219
info|2019-12-11 21:59:04.054483|[g:1][CONSENSUS]addRawPrepare,height=7,reqIdx=1,hash=ba1a59df...
info|2019-12-11 21:59:04.055167|[g:1][CONSENSUS][PBFT]checkTimeout Succ,view=4219,toView=4220,nodeIdx=2,changeCycle=0,myNode=a2429f99...,timecost=0.61
info|2019-12-11 21:59:04.057588|[g:1][CONSENSUS][PBFT]checkAndChangeView: Reach consensus,org_view=4219,org_changeCycle=0,cur_changeCycle=0,to_view=4220
info|2019-12-11 21:59:05.058035|[g:1][CONSENSUS][SEALER]++++++++++++++++ Generating seal on,blkNum=7,tx=0,nodeIdx=2,hash=54276e07...
info|2019-12-11 21:59:05.061144|[g:1][CONSENSUS][PBFT]checkTimeout Succ,view=4220,toView=4221,nodeIdx=2,changeCycle=0,myNode=a2429f99...,timecost=0.255
info|2019-12-11 21:59:05.061534|[g:1][CONSENSUS][PBFT]checkAndChangeView: Reach consensus,org_view=4220,org_changeCycle=0,cur_changeCycle=0,to_view=4221
info|2019-12-11 21:59:06.064102|[g:1][CONSENSUS]addRawPrepare,height=7,reqIdx=3,hash=5a7ff030...
info|2019-12-11 21:59:06.064610|[g:1][CONSENSUS][PBFT]checkTimeout Succ,view=4221,toView=4222,nodeIdx=2,changeCycle=0,myNode=a2429f99...,timecost=0.275
info|2019-12-11 21:59:06.066164|[g:1][CONSENSUS][PBFT]checkAndChangeView: Reach consensus,org_view=4221,org_changeCycle=0,cur_changeCycle=0,to_view=4222
info|2019-12-11 21:59:07.066945|[g:1][CONSENSUS]addRawPrepare,height=7,reqIdx=0,hash=db5ae494...
info|2019-12-11 21:59:07.067901|[g:1][CONSENSUS][PBFT]checkTimeout Succ,view=4222,toView=4223,nodeIdx=2,changeCycle=0,myNode=a2429f99...,timecost=0.722
info|2019-12-11 21:59:07.069292|[g:1][CONSENSUS][PBFT]checkAndChangeView: Reach consensus,org_view=4222,org_changeCycle=0,cur_changeCycle=0,to_view=4223
info|2019-12-11 21:59:08.072525|[g:1][CONSENSUS]addRawPrepare,height=7,reqIdx=1,hash=4c1574c2...
info|2019-12-11 21:59:08.073513|[g:1][CONSENSUS][PBFT]checkTimeout Succ,view=4223,toView=4224,nodeIdx=2,changeCycle=0,myNode=a2429f99...,timecost=0.723
info|2019-12-11 21:59:08.076401|[g:1][CONSENSUS][PBFT]checkAndChangeView: Reach consensus,org_view=4223,org_changeCycle=0,cur_changeCycle=0,to_view=4224
info|2019-12-11 21:59:09.076194|[g:1][CONSENSUS][SEALER]++++++++++++++++ Generating seal on,blkNum=7,tx=0,nodeIdx=2,hash=0d20a83b...
info|2019-12-11 21:59:09.077485|[g:1][CONSENSUS][PBFT]checkTimeout Succ,view=4224,toView=4225,nodeIdx=2,changeCycle=0,myNode=a2429f99...,timecost=0.757
info|2019-12-11 21:59:09.081865|[g:1][CONSENSUS][PBFT]checkAndChangeView: Reach consensus,org_view=4224,org_changeCycle=0,cur_changeCycle=0,to_view=4225
info|2019-12-11 21:59:10.037294|[P2P][Service] heartBeat,connected count=3
info|2019-12-11 21:59:10.085928|[g:1][CONSENSUS]addRawPrepare,height=7,reqIdx=3,hash=b15a55a1...
info|2019-12-11 21:59:10.087714|[g:1][CONSENSUS][PBFT]checkTimeout Succ,view=4225,toView=4226,nodeIdx=2,changeCycle=0,myNode=a2429f99...,timecost=1.45
info|2019-12-11 21:59:10.089653|[g:1][CONSENSUS][PBFT]checkAndChangeView: Reach consensus,org_view=4225,org_changeCycle=0,cur_changeCycle=0,to_view=4226
info|2019-12-11 21:59:11.092937|[g:1][CONSENSUS]addRawPrepare,height=7,reqIdx=0,hash=e4ba4869...
info|2019-12-11 21:59:11.095347|[g:1][CONSENSUS][PBFT]checkTimeout Succ,view=4226,toView=4227,nodeIdx=2,changeCycle=0,myNode=a2429f99...,timecost=2.085
info|2019-12-11 21:59:11.097848|[g:1][CONSENSUS][PBFT]checkAndChangeView: Reach consensus,org_view=4226,org_changeCycle=0,cur_changeCycle=0,to_view=4227
info|2019-12-11 21:59:12.109879|[g:1][CONSENSUS]addRawPrepare,height=7,reqIdx=1,hash=8852a7dc...
info|2019-12-11 21:59:12.113756|[g:1][CONSENSUS][PBFT]checkTimeout Succ,view=4227,toView=4228,nodeIdx=2,changeCycle=0,myNode=a2429f99...,timecost=4.241
info|2019-12-11 21:59:12.241395|[g:1][CONSENSUS][PBFT]checkAndChangeView: Reach consensus,org_view=4227,org_changeCycle=0,cur_changeCycle=0,to_view=4228
info|2019-12-11 21:59:13.242224|[g:1][CONSENSUS][SEALER]++++++++++++++++ Generating seal on,blkNum=7,tx=0,nodeIdx=2,hash=2168c797...
info|2019-12-11 21:59:13.247046|[g:1][CONSENSUS][PBFT]checkTimeout Succ,view=4228,toView=4229,nodeIdx=2,changeCycle=0,myNode=a2429f99...,timecost=2.28
info|2019-12-11 21:59:13.264385|[g:1][CONSENSUS][PBFT]checkAndChangeView: Reach consensus,org_view=4228,org_changeCycle=0,cur_changeCycle=0,to_view=4229
info|2019-12-11 21:59:14.267741|[g:1][CONSENSUS]addRawPrepare,height=7,reqIdx=3,hash=0a0b122c...
info|2019-12-11 21:59:14.271602|[g:1][CONSENSUS][PBFT]checkTimeout Succ,view=4229,toView=4230,nodeIdx=2,changeCycle=0,myNode=a2429f99...,timecost=3.091
info|2019-12-11 21:59:14.283188|[g:1][CONSENSUS][PBFT]checkAndChangeView: Reach consensus,org_view=4229,org_changeCycle=0,cur_changeCycle=0,to_view=4230
info|2019-12-11 21:59:15.291891|[g:1][CONSENSUS]addRawPrepare,height=7,reqIdx=0,hash=1d64e47d...
info|2019-12-11 21:59:15.304501|[g:1][CONSENSUS][PBFT]checkTimeout Succ,view=4230,toView=4231,nodeIdx=2,changeCycle=0,myNode=a2429f99...,timecost=11.947
info|2019-12-11 21:59:15.311313|[g:1][CONSENSUS][PBFT]checkAndChangeView: Reach consensus,org_view=4230,org_changeCycle=0,cur_changeCycle=0,to_view=4231
info|2019-12-11 21:59:16.311591|[g:1][CONSENSUS]addRawPrepare,height=7,reqIdx=1,hash=6d273251...
info|2019-12-11 21:59:16.315918|[g:1][CONSENSUS][PBFT]checkTimeout Succ,view=4231,toView=4232,nodeIdx=2,changeCycle=0,myNode=a2429f99...,timecost=3.652
info|2019-12-11 21:59:16.324494|[g:1][CONSENSUS][PBFT]checkAndChangeView: Reach consensus,org_view=4231,org_changeCycle=0,cur_changeCycle=0,to_view=4232
info|2019-12-11 21:59:17.325569|[g:1][CONSENSUS][SEALER]++++++++++++++++ Generating seal on,blkNum=7,tx=0,nodeIdx=2,hash=444cda14...
info|2019-12-11 21:59:17.329298|[g:1][CONSENSUS][PBFT]checkTimeout Succ,view=4232,toView=4233,nodeIdx=2,changeCycle=0,myNode=a2429f99...,timecost=2.057
info|2019-12-11 21:59:17.345461|[g:1][CONSENSUS][PBFT]checkAndChangeView: Reach consensus,org_view=4232,org_changeCycle=0,cur_changeCycle=0,to_view=4233
info|2019-12-11 21:59:18.370034|[g:1][CONSENSUS]addRawPrepare,height=7,reqIdx=3,hash=83642b7d...
info|2019-12-11 21:59:18.375124|[g:1][CONSENSUS][PBFT]checkTimeout Succ,view=4233,toView=4234,nodeIdx=2,changeCycle=0,myNode=a2429f99...,timecost=4.205
info|2019-12-11 21:59:18.391099|[g:1][CONSENSUS][PBFT]checkAndChangeView: Reach consensus,org_view=4233,org_changeCycle=0,cur_changeCycle=0,to_view=4234
info|2019-12-11 21:59:19.393813|[g:1][CONSENSUS]addRawPrepare,height=7,reqIdx=0,hash=74d923b0...
info|2019-12-11 21:59:19.400149|[g:1][CONSENSUS][PBFT]checkTimeout Succ,view=4234,toView=4235,nodeIdx=2,changeCycle=0,myNode=a2429f99...,timecost=4.674
info|2019-12-11 21:59:19.407731|[g:1][CONSENSUS][PBFT]checkAndChangeView: Reach consensus,org_view=4234,org_changeCycle=0,cur_changeCycle=0,to_view=4235
info|2019-12-11 21:59:20.038155|[P2P][Service] heartBeat,connected count=3
info|2019-12-11 21:59:20.415615|[g:1][CONSENSUS]addRawPrepare,height=7,reqIdx=1,hash=b766513d...
info|2019-12-11 21:59:20.418820|[g:1][CONSENSUS][PBFT]checkTimeout Succ,view=4235,toView=4236,nodeIdx=2,changeCycle=0,myNode=a2429f99...,timecost=2.641
info|2019-12-11 21:59:20.432960|[g:1][CONSENSUS][PBFT]checkAndChangeView: Reach consensus,org_view=4235,org_changeCycle=0,cur_changeCycle=0,to_view=4236
info|2019-12-11 21:59:21.434550|[g:1][CONSENSUS][SEALER]++++++++++++++++ Generating seal on,blkNum=7,tx=0,nodeIdx=2,hash=1f8fc5eb...
info|2019-12-11 21:59:21.439012|[g:1][CONSENSUS][PBFT]checkTimeout Succ,view=4236,toView=4237,nodeIdx=2,changeCycle=0,myNode=a2429f99...,timecost=0.66
info|2019-12-11 21:59:21.440574|[g:1][CONSENSUS][PBFT]checkAndChangeView: Reach consensus,org_view=4236,org_changeCycle=0,cur_changeCycle=0,to_view=4237
info|2019-12-11 21:59:22.441906|[g:1][CONSENSUS]addRawPrepare,height=7,reqIdx=3,hash=44aca244...
info|2019-12-11 21:59:22.442523|[g:1][CONSENSUS][PBFT]checkTimeout Succ,view=4237,toView=4238,nodeIdx=2,changeCycle=0,myNode=a2429f99...,timecost=0.472
info|2019-12-11 21:59:22.444473|[g:1][CONSENSUS][PBFT]checkAndChangeView: Reach consensus,org_view=4237,org_changeCycle=0,cur_changeCycle=0,to_view=4238
info|2019-12-11 21:59:23.447882|[g:1][CONSENSUS]addRawPrepare,height=7,reqIdx=0,hash=bd022892...
info|2019-12-11 21:59:23.450368|[g:1][CONSENSUS][PBFT]checkTimeout Succ,view=4238,toView=4239,nodeIdx=2,changeCycle=0,myNode=a2429f99...,timecost=0.905
info|2019-12-11 21:59:23.453138|[g:1][CONSENSUS][PBFT]checkAndChangeView: Reach consensus,org_view=4238,org_changeCycle=0,cur_changeCycle=0,to_view=4239
info|2019-12-11 21:59:24.455265|[g:1][CONSENSUS]addRawPrepare,height=7,reqIdx=1,hash=646fc5d2...
info|2019-12-11 21:59:24.456613|[g:1][CONSENSUS][PBFT]checkTimeout Succ,view=4239,toView=4240,nodeIdx=2,changeCycle=0,myNode=a2429f99...,timecost=0.958
info|2019-12-11 21:59:24.457715|[g:1][CONSENSUS][PBFT]checkAndChangeView: Reach consensus,org_view=4239,org_changeCycle=0,cur_changeCycle=0,to_view=4240
info|2019-12-11 21:59:25.457521|[g:1][CONSENSUS][SEALER]++++++++++++++++ Generating seal on,blkNum=7,tx=0,nodeIdx=2,hash=b2735698...
info|2019-12-11 21:59:25.459112|[g:1][CONSENSUS][PBFT]checkTimeout Succ,view=4240,toView=4241,nodeIdx=2,changeCycle=0,myNode=a2429f99...,timecost=0.84
info|2019-12-11 21:59:25.463454|[g:1][CONSENSUS][PBFT]checkAndChangeView: Reach consensus,org_view=4240,org_changeCycle=0,cur_changeCycle=0,to_view=4241
info|2019-12-11 21:59:26.465804|[g:1][CONSENSUS]addRawPrepare,height=7,reqIdx=3,hash=6cf8794d...
info|2019-12-11 21:59:26.466889|[g:1][CONSENSUS][PBFT]checkTimeout Succ,view=4241,toView=4242,nodeIdx=2,changeCycle=0,myNode=a2429f99...,timecost=0.872
info|2019-12-11 21:59:26.468580|[g:1][CONSENSUS][PBFT]checkAndChangeView: Reach consensus,org_view=4241,org_changeCycle=0,cur_changeCycle=0,to_view=4242
info|2019-12-11 21:59:27.472034|[g:1][CONSENSUS]addRawPrepare,height=7,reqIdx=0,hash=4d1628aa...
info|2019-12-11 21:59:27.474195|[g:1][CONSENSUS][PBFT]checkTimeout Succ,view=4242,toView=4243,nodeIdx=2,changeCycle=0,myNode=a2429f99...,timecost=1.94
info|2019-12-11 21:59:27.475975|[g:1][CONSENSUS][PBFT]checkAndChangeView: Reach consensus,org_view=4242,org_changeCycle=0,cur_changeCycle=0,to_view=4243
info|2019-12-11 21:59:28.479563|[g:1][CONSENSUS]addRawPrepare,height=7,reqIdx=1,hash=9d6a2587...
info|2019-12-11 21:59:28.480574|[g:1][CONSENSUS][PBFT]checkTimeout Succ,view=4243,toView=4244,nodeIdx=2,changeCycle=0,myNode=a2429f99...,timecost=0.71
info|2019-12-11 21:59:28.482646|[g:1][CONSENSUS][PBFT]checkAndChangeView: Reach consensus,org_view=4243,org_changeCycle=0,cur_changeCycle=0,to_view=4244
info|2019-12-11 21:59:29.482698|[g:1][CONSENSUS][SEALER]++++++++++++++++ Generating seal on,blkNum=7,tx=0,nodeIdx=2,hash=948cb0fd...
info|2019-12-11 21:59:29.484118|[g:1][CONSENSUS][PBFT]checkTimeout Succ,view=4244,toView=4245,nodeIdx=2,changeCycle=0,myNode=a2429f99...,timecost=0.869
info|2019-12-11 21:59:29.488130|[g:1][CONSENSUS][PBFT]checkAndChangeView: Reach consensus,org_view=4244,org_changeCycle=0,cur_changeCycle=0,to_view=4245
info|2019-12-11 21:59:30.046949|[P2P][Service] heartBeat,connected count=3
info|2019-12-11 21:59:30.490726|[g:1][CONSENSUS]addRawPrepare,height=7,reqIdx=3,hash=d4b4ef1f...
info|2019-12-11 21:59:30.491863|[g:1][CONSENSUS][PBFT]checkTimeout Succ,view=4245,toView=4246,nodeIdx=2,changeCycle=0,myNode=a2429f99...,timecost=0.922
info|2019-12-11 21:59:30.494661|[g:1][CONSENSUS][PBFT]checkAndChangeView: Reach consensus,org_view=4245,org_changeCycle=0,cur_changeCycle=0,to_view=4246
info|2019-12-11 21:59:31.497564|[g:1][CONSENSUS]addRawPrepare,height=7,reqIdx=0,hash=65c3a3fa...
info|2019-12-11 21:59:31.498512|[g:1][CONSENSUS][PBFT]checkTimeout Succ,view=4246,toView=4247,nodeIdx=2,changeCycle=0,myNode=a2429f99...,timecost=0.733
info|2019-12-11 21:59:31.500618|[g:1][CONSENSUS][PBFT]checkAndChangeView: Reach consensus,org_view=4246,org_changeCycle=0,cur_changeCycle=0,to_view=4247
info|2019-12-11 21:59:32.503473|[g:1][CONSENSUS]addRawPrepare,height=7,reqIdx=1,hash=f145e587...
info|2019-12-11 21:59:32.504976|[g:1][CONSENSUS][PBFT]checkTimeout Succ,view=4247,toView=4248,nodeIdx=2,changeCycle=0,myNode=a2429f99...,timecost=1.294
info|2019-12-11 21:59:32.508410|[g:1][CONSENSUS][PBFT]checkAndChangeView: Reach consensus,org_view=4247,org_changeCycle=0,cur_changeCycle=0,to_view=4248
info|2019-12-11 21:59:33.508566|[g:1][CONSENSUS][SEALER]++++++++++++++++ Generating seal on,blkNum=7,tx=0,nodeIdx=2,hash=902b942f...
info|2019-12-11 21:59:33.511725|[g:1][CONSENSUS][PBFT]checkTimeout Succ,view=4248,toView=4249,nodeIdx=2,changeCycle=0,myNode=a2429f99...,timecost=0.34
info|2019-12-11 21:59:33.512939|[g:1][CONSENSUS][PBFT]checkAndChangeView: Reach consensus,org_view=4248,org_changeCycle=0,cur_changeCycle=0,to_view=4249
info|2019-12-11 21:59:34.518472|[g:1][CONSENSUS]addRawPrepare,height=7,reqIdx=3,hash=20a1d8b2...
info|2019-12-11 21:59:34.519679|[g:1][CONSENSUS][PBFT]checkTimeout Succ,view=4249,toView=4250,nodeIdx=2,changeCycle=0,myNode=a2429f99...,timecost=1.007
info|2019-12-11 21:59:34.521520|[g:1][CONSENSUS][PBFT]checkAndChangeView: Reach consensus,org_view=4249,org_changeCycle=0,cur_changeCycle=0,to_view=4250
info|2019-12-11 21:59:35.524346|[g:1][CONSENSUS]addRawPrepare,height=7,reqIdx=0,hash=f8ffe330...
info|2019-12-11 21:59:35.525288|[g:1][CONSENSUS][PBFT]checkTimeout Succ,view=4250,toView=4251,nodeIdx=2,changeCycle=0,myNode=a2429f99...,timecost=0.723
info|2019-12-11 21:59:35.527109|[g:1][CONSENSUS][PBFT]checkAndChangeView: Reach consensus,org_view=4250,org_changeCycle=0,cur_changeCycle=0,to_view=4251
info|2019-12-11 21:59:36.531541|[g:1][CONSENSUS]addRawPrepare,height=7,reqIdx=1,hash=d09543e2...
info|2019-12-11 21:59:36.532465|[g:1][CONSENSUS][PBFT]checkTimeout Succ,view=4251,toView=4252,nodeIdx=2,changeCycle=0,myNode=a2429f99...,timecost=0.7
info|2019-12-11 21:59:36.534850|[g:1][CONSENSUS][PBFT]checkAndChangeView: Reach consensus,org_view=4251,org_changeCycle=0,cur_changeCycle=0,to_view=4252
info|2019-12-11 21:59:37.535907|[g:1][CONSENSUS][SEALER]++++++++++++++++ Generating seal on,blkNum=7,tx=0,nodeIdx=2,hash=dd317f36...
info|2019-12-11 21:59:37.540559|[g:1][CONSENSUS][PBFT]checkTimeout Succ,view=4252,toView=4253,nodeIdx=2,changeCycle=0,myNode=a2429f99...,timecost=0.493
info|2019-12-11 21:59:37.541991|[g:1][CONSENSUS][PBFT]checkAndChangeView: Reach consensus,org_view=4252,org_changeCycle=0,cur_changeCycle=0,to_view=4253
info|2019-12-11 21:59:38.544648|[g:1][CONSENSUS]addRawPrepare,height=7,reqIdx=3,hash=e48e8f7a...
info|2019-12-11 21:59:38.547190|[g:1][CONSENSUS][PBFT]checkTimeout Succ,view=4253,toView=4254,nodeIdx=2,changeCycle=0,myNode=a2429f99...,timecost=2.31
info|2019-12-11 21:59:38.548763|[g:1][CONSENSUS][PBFT]checkAndChangeView: Reach consensus,org_view=4253,org_changeCycle=0,cur_changeCycle=0,to_view=4254
info|2019-12-11 21:59:39.552001|[g:1][CONSENSUS]addRawPrepare,height=7,reqIdx=0,hash=40728e5f...
info|2019-12-11 21:59:39.553402|[g:1][CONSENSUS][PBFT]checkTimeout Succ,view=4254,toView=4255,nodeIdx=2,changeCycle=0,myNode=a2429f99...,timecost=1.197
info|2019-12-11 21:59:39.556480|[g:1][CONSENSUS][PBFT]checkAndChangeView: Reach consensus,org_view=4254,org_changeCycle=0,cur_changeCycle=0,to_view=4255
info|2019-12-11 21:59:40.054083|[P2P][Service] heartBeat,connected count=3
info|2019-12-11 21:59:40.556674|[g:1][CONSENSUS]addRawPrepare,height=7,reqIdx=1,hash=8c87fe84...
info|2019-12-11 21:59:40.557340|[g:1][CONSENSUS][PBFT]checkTimeout Succ,view=4255,toView=4256,nodeIdx=2,changeCycle=0,myNode=a2429f99...,timecost=0.573
info|2019-12-11 21:59:40.558976|[g:1][CONSENSUS][PBFT]checkAndChangeView: Reach consensus,org_view=4255,org_changeCycle=0,cur_changeCycle=0,to_view=4256
info|2019-12-11 21:59:41.559195|[g:1][CONSENSUS][SEALER]++++++++++++++++ Generating seal on,blkNum=7,tx=0,nodeIdx=2,hash=919d93a0...
info|2019-12-11 21:59:41.560554|[g:1][CONSENSUS][PBFT]checkTimeout Succ,view=4256,toView=4257,nodeIdx=2,changeCycle=0,myNode=a2429f99...,timecost=0.812
info|2019-12-11 21:59:41.565320|[g:1][CONSENSUS][PBFT]checkAndChangeView: Reach consensus,org_view=4256,org_changeCycle=0,cur_changeCycle=0,to_view=4257
info|2019-12-11 21:59:42.567207|[g:1][CONSENSUS]addRawPrepare,height=7,reqIdx=3,hash=d5b49c70...
info|2019-12-11 21:59:42.568428|[g:1][CONSENSUS][PBFT]checkTimeout Succ,view=4257,toView=4258,nodeIdx=2,changeCycle=0,myNode=a2429f99...,timecost=0.796
info|2019-12-11 21:59:42.570174|[g:1][CONSENSUS][PBFT]checkAndChangeView: Reach consensus,org_view=4257,org_changeCycle=0,cur_changeCycle=0,to_view=4258
info|2019-12-11 21:59:43.573200|[g:1][CONSENSUS]addRawPrepare,height=7,reqIdx=0,hash=42dfff9c...
info|2019-12-11 21:59:43.575625|[g:1][CONSENSUS][PBFT]checkTimeout Succ,view=4258,toView=4259,nodeIdx=2,changeCycle=0,myNode=a2429f99...,timecost=2.148
info|2019-12-11 21:59:43.577847|[g:1][CONSENSUS][PBFT]checkAndChangeView: Reach consensus,org_view=4258,org_changeCycle=0,cur_changeCycle=0,to_view=4259
info|2019-12-11 21:59:44.580136|[g:1][CONSENSUS]addRawPrepare,height=7,reqIdx=1,hash=b1e06b47...
info|2019-12-11 21:59:44.581714|[g:1][CONSENSUS][PBFT]checkTimeout Succ,view=4259,toView=4260,nodeIdx=2,changeCycle=0,myNode=a2429f99...,timecost=1.321
info|2019-12-11 21:59:44.583317|[g:1][CONSENSUS][PBFT]checkAndChangeView: Reach consensus,org_view=4259,org_changeCycle=0,cur_changeCycle=0,to_view=4260
info|2019-12-11 21:59:45.584472|[g:1][CONSENSUS][SEALER]++++++++++++++++ Generating seal on,blkNum=7,tx=0,nodeIdx=2,hash=a92bb1d6...
info|2019-12-11 21:59:45.588960|[g:1][CONSENSUS][PBFT]checkTimeout Succ,view=4260,toView=4261,nodeIdx=2,changeCycle=0,myNode=a2429f99...,timecost=0.537
info|2019-12-11 21:59:45.590644|[g:1][CONSENSUS][PBFT]checkAndChangeView: Reach consensus,org_view=4260,org_changeCycle=0,cur_changeCycle=0,to_view=4261
info|2019-12-11 21:59:46.594025|[g:1][CONSENSUS]addRawPrepare,height=7,reqIdx=3,hash=472476ce...
info|2019-12-11 21:59:46.596828|[g:1][CONSENSUS][PBFT]checkTimeout Succ,view=4261,toView=4262,nodeIdx=2,changeCycle=0,myNode=a2429f99...,timecost=2.579
info|2019-12-11 21:59:46.598358|[g:1][CONSENSUS][PBFT]checkAndChangeView: Reach consensus,org_view=4261,org_changeCycle=0,cur_changeCycle=0,to_view=4262
info|2019-12-11 21:59:47.599667|[g:1][CONSENSUS]addRawPrepare,height=7,reqIdx=0,hash=0ed21b9e...
info|2019-12-11 21:59:47.601445|[g:1][CONSENSUS][PBFT]checkTimeout Succ,view=4262,toView=4263,nodeIdx=2,changeCycle=0,myNode=a2429f99...,timecost=1.547
info|2019-12-11 21:59:47.603338|[g:1][CONSENSUS][PBFT]checkAndChangeView: Reach consensus,org_view=4262,org_changeCycle=0,cur_changeCycle=0,to_view=4263
info|2019-12-11 21:59:48.605210|[g:1][CONSENSUS]addRawPrepare,height=7,reqIdx=1,hash=62c99b2e...
info|2019-12-11 21:59:48.605989|[g:1][CONSENSUS][PBFT]checkTimeout Succ,view=4263,toView=4264,nodeIdx=2,changeCycle=0,myNode=a2429f99...,timecost=0.626
info|2019-12-11 21:59:48.607609|[g:1][CONSENSUS][PBFT]checkAndChangeView: Reach consensus,org_view=4263,org_changeCycle=0,cur_changeCycle=0,to_view=4264
info|2019-12-11 21:59:49.608249|[g:1][CONSENSUS][SEALER]++++++++++++++++ Generating seal on,blkNum=7,tx=0,nodeIdx=2,hash=1eaa7971...
info|2019-12-11 21:59:49.612690|[g:1][CONSENSUS][PBFT]checkTimeout Succ,view=4264,toView=4265,nodeIdx=2,changeCycle=0,myNode=a2429f99...,timecost=0.728
info|2019-12-11 21:59:49.614438|[g:1][CONSENSUS][PBFT]checkAndChangeView: Reach consensus,org_view=4264,org_changeCycle=0,cur_changeCycle=0,to_view=4265
info|2019-12-11 21:59:50.063004|[P2P][Service] heartBeat,connected count=3
info|2019-12-11 21:59:50.617907|[g:1][CONSENSUS]addRawPrepare,height=7,reqIdx=3,hash=06bc65c0...
info|2019-12-11 21:59:50.618766|[g:1][CONSENSUS][PBFT]checkTimeout Succ,view=4265,toView=4266,nodeIdx=2,changeCycle=0,myNode=a2429f99...,timecost=0.61
info|2019-12-11 21:59:50.621026|[g:1][CONSENSUS][PBFT]checkAndChangeView: Reach consensus,org_view=4265,org_changeCycle=0,cur_changeCycle=0,to_view=4266
info|2019-12-11 21:59:51.624566|[g:1][CONSENSUS]addRawPrepare,height=7,reqIdx=0,hash=9d8a754e...
info|2019-12-11 21:59:51.625820|[g:1][CONSENSUS][PBFT]checkTimeout Succ,view=4266,toView=4267,nodeIdx=2,changeCycle=0,myNode=a2429f99...,timecost=1.003
info|2019-12-11 21:59:51.627245|[g:1][CONSENSUS][PBFT]checkAndChangeView: Reach consensus,org_view=4266,org_changeCycle=0,cur_changeCycle=0,to_view=4267
info|2019-12-11 21:59:52.629705|[g:1][CONSENSUS]addRawPrepare,height=7,reqIdx=1,hash=98b37def...
info|2019-12-11 21:59:52.630571|[g:1][CONSENSUS][PBFT]checkTimeout Succ,view=4267,toView=4268,nodeIdx=2,changeCycle=0,myNode=a2429f99...,timecost=0.645
info|2019-12-11 21:59:52.631899|[g:1][CONSENSUS][PBFT]checkAndChangeView: Reach consensus,org_view=4267,org_changeCycle=0,cur_changeCycle=0,to_view=4268
