warning|2019-12-11 20:31:38.007462|[g:1][CONSENSUS][PBFT]ViewChangeWarning: not caused by omit empty block ,v=4161,toV=4162,curNum=6,hash=7ce3abdb...,nodeIdx=2,myNode=a2429f99...
info|2019-12-11 20:31:38.007564|[g:1][CONSENSUS][PBFT]checkTimeout Succ,view=4161,toView=4162,nodeIdx=2,changeCycle=1,myNode=a2429f99...,timecost=0.354
info|2019-12-11 20:31:38.019470|[P2P][Service] heartBeat,connected count=3
info|2019-12-11 20:31:38.027668|[g:1][CONSENSUS][PBFT]checkAndChangeView: Reach consensus,org_view=4161,org_changeCycle=1,cur_changeCycle=1,to_view=4162
info|2019-12-11 20:31:39.033688|[g:1][CONSENSUS]addRawPrepare,height=7,reqIdx=0,hash=7c521668...
info|2019-12-11 20:31:39.034050|[g:1][CONSENSUS][PBFT]checkTimeout Succ,view=4162,toView=4163,nodeIdx=2,changeCycle=0,myNode=a2429f99...,timecost=0.265
info|2019-12-11 20:31:39.034461|[g:1][CONSENSUS][PBFT]checkAndChangeView: Reach consensus,org_view=4162,org_changeCycle=0,cur_changeCycle=0,to_view=4163
info|2019-12-11 20:31:40.036149|[g:1][CONSENSUS]addRawPrepare,height=7,reqIdx=1,hash=f0b86385...
info|2019-12-11 20:31:40.037127|[g:1][CONSENSUS][PBFT]checkTimeout Succ,view=4163,toView=4164,nodeIdx=2,changeCycle=0,myNode=a2429f99...,timecost=0.797
info|2019-12-11 20:31:40.039958|[g:1][CONSENSUS][PBFT]checkAndChangeView: Reach consensus,org_view=4163,org_changeCycle=0,cur_changeCycle=0,to_view=4164
info|2019-12-11 20:31:41.040278|[g:1][CONSENSUS][SEALER]++++++++++++++++ Generating seal on,blkNum=7,tx=0,nodeIdx=2,hash=a32f7328...
info|2019-12-11 20:31:41.041283|[g:1][CONSENSUS][PBFT]checkTimeout Succ,view=4164,toView=4165,nodeIdx=2,changeCycle=0,myNode=a2429f99...,timecost=0.391
info|2019-12-11 20:31:41.043362|[g:1][CONSENSUS][PBFT]checkAndChangeView: Reach consensus,org_view=4164,org_changeCycle=0,cur_changeCycle=0,to_view=4165
info|2019-12-11 20:31:42.044592|[g:1][CONSENSUS]addRawPrepare,height=7,reqIdx=3,hash=75f32503...
info|2019-12-11 20:31:42.044961|[g:1][CONSENSUS][PBFT]checkTimeout Succ,view=4165,toView=4166,nodeIdx=2,changeCycle=0,myNode=a2429f99...,timecost=0.241
info|2019-12-11 20:31:42.046350|[g:1][CONSENSUS][PBFT]checkAndChangeView: Reach consensus,org_view=4165,org_changeCycle=0,cur_changeCycle=0,to_view=4166
info|2019-12-11 20:31:43.047786|[g:1][CONSENSUS]addRawPrepare,height=7,reqIdx=0,hash=53a83c5e...
info|2019-12-11 20:31:43.048275|[g:1][CONSENSUS][PBFT]checkTimeout Succ,view=4166,toView=4167,nodeIdx=2,changeCycle=0,myNode=a2429f99...,timecost=0.371
info|2019-12-11 20:31:43.051236|[g:1][CONSENSUS][PBFT]checkAndChangeView: Reach consensus,org_view=4166,org_changeCycle=0,cur_changeCycle=0,to_view=4167
info|2019-12-11 20:31:44.050446|[g:1][CONSENSUS]addRawPrepare,height=7,reqIdx=1,hash=cee6b385...
info|2019-12-11 20:31:44.050989|[g:1][CONSENSUS][PBFT]checkTimeout Succ,view=4167,toView=4168,nodeIdx=2,changeCycle=0,myNode=a2429f99...,timecost=0.445
info|2019-12-11 20:31:44.052381|[g:1][CONSENSUS][PBFT]checkAndChangeView: Reach consensus,org_view=4167,org_changeCycle=0,cur_changeCycle=0,to_view=4168
info|2019-12-11 20:31:45.052918|[g:1][CONSENSUS][SEALER]++++++++++++++++ Generating seal on,blkNum=7,tx=0,nodeIdx=2,hash=60d1dae8...
info|2019-12-11 20:31:45.058966|[g:1][CONSENSUS][PBFT]checkTimeout Succ,view=4168,toView=4169,nodeIdx=2,changeCycle=0,myNode=a2429f99...,timecost=1.406
info|2019-12-11 20:31:45.059740|[g:1][CONSENSUS][PBFT]checkAndChangeView: Reach consensus,org_view=4168,org_changeCycle=0,cur_changeCycle=0,to_view=4169
info|2019-12-11 20:31:46.061227|[g:1][CONSENSUS]addRawPrepare,height=7,reqIdx=3,hash=c122c52a...
info|2019-12-11 20:31:46.062298|[g:1][CONSENSUS][PBFT]checkTimeout Succ,view=4169,toView=4170,nodeIdx=2,changeCycle=0,myNode=a2429f99...,timecost=0.873
info|2019-12-11 20:31:46.066486|[g:1][CONSENSUS][PBFT]checkAndChangeView: Reach consensus,org_view=4169,org_changeCycle=0,cur_changeCycle=0,to_view=4170
info|2019-12-11 20:31:47.068745|[g:1][CONSENSUS]addRawPrepare,height=7,reqIdx=0,hash=ac084be1...
info|2019-12-11 20:31:47.069791|[g:1][CONSENSUS][PBFT]checkTimeout Succ,view=4170,toView=4171,nodeIdx=2,changeCycle=0,myNode=a2429f99...,timecost=0.828
info|2019-12-11 20:31:47.072951|[g:1][CONSENSUS][PBFT]checkAndChangeView: Reach consensus,org_view=4170,org_changeCycle=0,cur_changeCycle=0,to_view=4171
info|2019-12-11 20:31:48.026601|[P2P][Service] heartBeat,connected count=3
info|2019-12-11 20:31:48.074732|[g:1][CONSENSUS]addRawPrepare,height=7,reqIdx=1,hash=ef767ec3...
info|2019-12-11 20:31:48.075682|[g:1][CONSENSUS][PBFT]checkTimeout Succ,view=4171,toView=4172,nodeIdx=2,changeCycle=0,myNode=a2429f99...,timecost=0.754
info|2019-12-11 20:31:48.078814|[g:1][CONSENSUS][PBFT]checkAndChangeView: Reach consensus,org_view=4171,org_changeCycle=0,cur_changeCycle=0,to_view=4172
info|2019-12-11 20:31:49.079396|[g:1][CONSENSUS][SEALER]++++++++++++++++ Generating seal on,blkNum=7,tx=0,nodeIdx=2,hash=2a0db8b8...
info|2019-12-11 20:31:49.080617|[g:1][CONSENSUS][PBFT]checkTimeout Succ,view=4172,toView=4173,nodeIdx=2,changeCycle=0,myNode=a2429f99...,timecost=0.687
info|2019-12-11 20:31:49.086092|[g:1][CONSENSUS][PBFT]checkAndChangeView: Reach consensus,org_view=4172,org_changeCycle=0,cur_changeCycle=0,to_view=4173
info|2019-12-11 20:31:50.093744|[g:1][CONSENSUS]addRawPrepare,height=7,reqIdx=3,hash=eedf6030...
info|2019-12-11 20:31:50.096543|[g:1][CONSENSUS][PBFT]checkTimeout Succ,view=4173,toView=4174,nodeIdx=2,changeCycle=0,myNode=a2429f99...,timecost=2.12
info|2019-12-11 20:31:50.108428|[g:1][CONSENSUS][PBFT]checkAndChangeView: Reach consensus,org_view=4173,org_changeCycle=0,cur_changeCycle=0,to_view=4174
info|2019-12-11 20:31:51.124215|[g:1][CONSENSUS]addRawPrepare,height=7,reqIdx=0,hash=2be8a091...
info|2019-12-11 20:31:51.130792|[g:1][CONSENSUS][PBFT]checkTimeout Succ,view=4174,toView=4175,nodeIdx=2,changeCycle=0,myNode=a2429f99...,timecost=5.775
info|2019-12-11 20:31:51.139610|[g:1][CONSENSUS][PBFT]checkAndChangeView: Reach consensus,org_view=4174,org_changeCycle=0,cur_changeCycle=0,to_view=4175
info|2019-12-11 20:31:52.141066|[g:1][CONSENSUS]addRawPrepare,height=7,reqIdx=1,hash=79af8f11...
info|2019-12-11 20:31:52.146620|[g:1][CONSENSUS][PBFT]checkTimeout Succ,view=4175,toView=4176,nodeIdx=2,changeCycle=0,myNode=a2429f99...,timecost=4.774
info|2019-12-11 20:31:52.153764|[g:1][CONSENSUS][PBFT]checkAndChangeView: Reach consensus,org_view=4175,org_changeCycle=0,cur_changeCycle=0,to_view=4176
info|2019-12-11 20:31:53.154462|[g:1][CONSENSUS][SEALER]++++++++++++++++ Generating seal on,blkNum=7,tx=0,nodeIdx=2,hash=ba71eb2c...
info|2019-12-11 20:31:53.158664|[g:1][CONSENSUS][PBFT]checkTimeout Succ,view=4176,toView=4177,nodeIdx=2,changeCycle=0,myNode=a2429f99...,timecost=2.105
info|2019-12-11 20:31:53.175744|[g:1][CONSENSUS][PBFT]checkAndChangeView: Reach consensus,org_view=4176,org_changeCycle=0,cur_changeCycle=0,to_view=4177
info|2019-12-11 20:31:54.185814|[g:1][CONSENSUS]addRawPrepare,height=7,reqIdx=3,hash=e666f2c4...
info|2019-12-11 20:31:54.189798|[g:1][CONSENSUS][PBFT]checkTimeout Succ,view=4177,toView=4178,nodeIdx=2,changeCycle=0,myNode=a2429f99...,timecost=2.501
info|2019-12-11 20:31:54.202579|[g:1][CONSENSUS][PBFT]checkAndChangeView: Reach consensus,org_view=4177,org_changeCycle=0,cur_changeCycle=0,to_view=4178
info|2019-12-11 20:31:55.207242|[g:1][CONSENSUS]addRawPrepare,height=7,reqIdx=0,hash=f85a21c5...
info|2019-12-11 20:31:55.210755|[g:1][CONSENSUS][PBFT]checkTimeout Succ,view=4178,toView=4179,nodeIdx=2,changeCycle=0,myNode=a2429f99...,timecost=2.688
info|2019-12-11 20:31:55.222289|[g:1][CONSENSUS][PBFT]checkAndChangeView: Reach consensus,org_view=4178,org_changeCycle=0,cur_changeCycle=0,to_view=4179
info|2019-12-11 20:31:56.228380|[g:1][CONSENSUS]addRawPrepare,height=7,reqIdx=1,hash=9bc919a4...
info|2019-12-11 20:31:56.231344|[g:1][CONSENSUS][PBFT]checkTimeout Succ,view=4179,toView=4180,nodeIdx=2,changeCycle=0,myNode=a2429f99...,timecost=2.383
info|2019-12-11 20:31:56.245906|[g:1][CONSENSUS][PBFT]checkAndChangeView: Reach consensus,org_view=4179,org_changeCycle=0,cur_changeCycle=0,to_view=4180
info|2019-12-11 20:31:57.246628|[g:1][CONSENSUS][SEALER]++++++++++++++++ Generating seal on,blkNum=7,tx=0,nodeIdx=2,hash=40a0945f...
info|2019-12-11 20:31:57.259296|[g:1][CONSENSUS][PBFT]checkTimeout Succ,view=4180,toView=4181,nodeIdx=2,changeCycle=0,myNode=a2429f99...,timecost=2.787
info|2019-12-11 20:31:57.267096|[g:1][CONSENSUS][PBFT]checkAndChangeView: Reach consensus,org_view=4180,org_changeCycle=0,cur_changeCycle=0,to_view=4181
info|2019-12-11 20:31:58.027791|[P2P][Service] heartBeat,connected count=3
info|2019-12-11 20:31:58.272329|[g:1][CONSENSUS]addRawPrepare,height=7,reqIdx=3,hash=1f73f936...
info|2019-12-11 20:31:58.283877|[g:1][CONSENSUS][PBFT]checkTimeout Succ,view=4181,toView=4182,nodeIdx=2,changeCycle=0,myNode=a2429f99...,timecost=10.71
info|2019-12-11 20:31:58.302544|[g:1][CONSENSUS][PBFT]checkAndChangeView: Reach consensus,org_view=4181,org_changeCycle=0,cur_changeCycle=0,to_view=4182
info|2019-12-11 20:31:59.303251|[g:1][CONSENSUS]addRawPrepare,height=7,reqIdx=0,hash=7332fea3...
info|2019-12-11 20:31:59.305905|[g:1][CONSENSUS][PBFT]checkTimeout Succ,view=4182,toView=4183,nodeIdx=2,changeCycle=0,myNode=a2429f99...,timecost=2.392
info|2019-12-11 20:31:59.307741|[g:1][CONSENSUS][PBFT]checkAndChangeView: Reach consensus,org_view=4182,org_changeCycle=0,cur_changeCycle=0,to_view=4183
info|2019-12-11 20:32:00.309630|[g:1][CONSENSUS]addRawPrepare,height=7,reqIdx=1,hash=3f59d824...
info|2019-12-11 20:32:00.310230|[g:1][CONSENSUS][PBFT]checkTimeout Succ,view=4183,toView=4184,nodeIdx=2,changeCycle=0,myNode=a2429f99...,timecost=0.472
info|2019-12-11 20:32:00.312328|[g:1][CONSENSUS][PBFT]checkAndChangeView: Reach consensus,org_view=4183,org_changeCycle=0,cur_changeCycle=0,to_view=4184
info|2019-12-11 20:32:01.312169|[g:1][CONSENSUS][SEALER]++++++++++++++++ Generating seal on,blkNum=7,tx=0,nodeIdx=2,hash=9c187ced...
info|2019-12-11 20:32:01.312996|[g:1][CONSENSUS][PBFT]checkTimeout Succ,view=4184,toView=4185,nodeIdx=2,changeCycle=0,myNode=a2429f99...,timecost=0.765
info|2019-12-11 20:32:01.316485|[g:1][CONSENSUS][PBFT]checkAndChangeView: Reach consensus,org_view=4184,org_changeCycle=0,cur_changeCycle=0,to_view=4185
info|2019-12-11 20:32:02.319593|[g:1][CONSENSUS]addRawPrepare,height=7,reqIdx=3,hash=6fccfa25...
info|2019-12-11 20:32:02.321657|[g:1][CONSENSUS][PBFT]checkTimeout Succ,view=4185,toView=4186,nodeIdx=2,changeCycle=0,myNode=a2429f99...,timecost=1.717
info|2019-12-11 20:32:02.323005|[g:1][CONSENSUS][PBFT]checkAndChangeView: Reach consensus,org_view=4185,org_changeCycle=0,cur_changeCycle=0,to_view=4186
info|2019-12-11 20:32:03.327088|[g:1][CONSENSUS]addRawPrepare,height=7,reqIdx=0,hash=97976a1e...
info|2019-12-11 20:32:03.328789|[g:1][CONSENSUS][PBFT]checkTimeout Succ,view=4186,toView=4187,nodeIdx=2,changeCycle=0,myNode=a2429f99...,timecost=0.41
info|2019-12-11 20:32:03.330645|[g:1][CONSENSUS][PBFT]checkAndChangeView: Reach consensus,org_view=4186,org_changeCycle=0,cur_changeCycle=0,to_view=4187
info|2019-12-11 20:32:04.331755|[g:1][CONSENSUS]addRawPrepare,height=7,reqIdx=1,hash=8a181c8f...
info|2019-12-11 20:32:04.332448|[g:1][CONSENSUS][PBFT]checkTimeout Succ,view=4187,toView=4188,nodeIdx=2,changeCycle=0,myNode=a2429f99...,timecost=0.516
info|2019-12-11 20:32:04.333806|[g:1][CONSENSUS][PBFT]checkAndChangeView: Reach consensus,org_view=4187,org_changeCycle=0,cur_changeCycle=0,to_view=4188
info|2019-12-11 20:32:05.333773|[g:1][CONSENSUS][SEALER]++++++++++++++++ Generating seal on,blkNum=7,tx=0,nodeIdx=2,hash=10d046ad...
info|2019-12-11 20:32:05.335078|[g:1][CONSENSUS][PBFT]checkTimeout Succ,view=4188,toView=4189,nodeIdx=2,changeCycle=0,myNode=a2429f99...,timecost=0.726
info|2019-12-11 20:32:05.340547|[g:1][CONSENSUS][PBFT]checkAndChangeView: Reach consensus,org_view=4188,org_changeCycle=0,cur_changeCycle=0,to_view=4189
info|2019-12-11 20:32:06.342817|[g:1][CONSENSUS]addRawPrepare,height=7,reqIdx=3,hash=95c4db02...
info|2019-12-11 20:32:06.344170|[g:1][CONSENSUS][PBFT]checkTimeout Succ,view=4189,toView=4190,nodeIdx=2,changeCycle=0,myNode=a2429f99...,timecost=0.889
info|2019-12-11 20:32:06.346446|[g:1][CONSENSUS][PBFT]checkAndChangeView: Reach consensus,org_view=4189,org_changeCycle=0,cur_changeCycle=0,to_view=4190
info|2019-12-11 20:32:07.348968|[g:1][CONSENSUS]addRawPrepare,height=7,reqIdx=0,hash=e5c4f34f...
info|2019-12-11 20:32:07.350889|[g:1][CONSENSUS][PBFT]checkTimeout Succ,view=4190,toView=4191,nodeIdx=2,changeCycle=0,myNode=a2429f99...,timecost=1.732
info|2019-12-11 20:32:07.352968|[g:1][CONSENSUS][PBFT]checkAndChangeView: Reach consensus,org_view=4190,org_changeCycle=0,cur_changeCycle=0,to_view=4191
info|2019-12-11 20:32:08.036043|[P2P][Service] heartBeat,connected count=3
info|2019-12-11 20:32:08.355768|[g:1][CONSENSUS]addRawPrepare,height=7,reqIdx=1,hash=d6136b51...
info|2019-12-11 20:32:08.356642|[g:1][CONSENSUS][PBFT]checkTimeout Succ,view=4191,toView=4192,nodeIdx=2,changeCycle=0,myNode=a2429f99...,timecost=0.661
info|2019-12-11 20:32:08.359292|[g:1][CONSENSUS][PBFT]checkAndChangeView: Reach consensus,org_view=4191,org_changeCycle=0,cur_changeCycle=0,to_view=4192
info|2019-12-11 20:32:09.359792|[g:1][CONSENSUS][SEALER]++++++++++++++++ Generating seal on,blkNum=7,tx=0,nodeIdx=2,hash=12d9caf0...
info|2019-12-11 20:32:09.361056|[g:1][CONSENSUS][PBFT]checkTimeout Succ,view=4192,toView=4193,nodeIdx=2,changeCycle=0,myNode=a2429f99...,timecost=0.704
info|2019-12-11 20:32:09.366656|[g:1][CONSENSUS][PBFT]checkAndChangeView: Reach consensus,org_view=4192,org_changeCycle=0,cur_changeCycle=0,to_view=4193
info|2019-12-11 20:32:10.366766|[g:1][CONSENSUS]addRawPrepare,height=7,reqIdx=3,hash=8652e568...
info|2019-12-11 20:32:10.367324|[g:1][CONSENSUS][PBFT]checkTimeout Succ,view=4193,toView=4194,nodeIdx=2,changeCycle=0,myNode=a2429f99...,timecost=0.421
info|2019-12-11 20:32:10.369165|[g:1][CONSENSUS][PBFT]checkAndChangeView: Reach consensus,org_view=4193,org_changeCycle=0,cur_changeCycle=0,to_view=4194
info|2019-12-11 20:32:11.372117|[g:1][CONSENSUS]addRawPrepare,height=7,reqIdx=0,hash=0cb6e6bc...
info|2019-12-11 20:32:11.372971|[g:1][CONSENSUS][PBFT]checkTimeout Succ,view=4194,toView=4195,nodeIdx=2,changeCycle=0,myNode=a2429f99...,timecost=0.647
info|2019-12-11 20:32:11.375690|[g:1][CONSENSUS][PBFT]checkAndChangeView: Reach consensus,org_view=4194,org_changeCycle=0,cur_changeCycle=0,to_view=4195
info|2019-12-11 20:32:12.378575|[g:1][CONSENSUS]addRawPrepare,height=7,reqIdx=1,hash=577f0b78...
info|2019-12-11 20:32:12.379705|[g:1][CONSENSUS][PBFT]checkTimeout Succ,view=4195,toView=4196,nodeIdx=2,changeCycle=0,myNode=a2429f99...,timecost=0.914
info|2019-12-11 20:32:12.381641|[g:1][CONSENSUS][PBFT]checkAndChangeView: Reach consensus,org_view=4195,org_changeCycle=0,cur_changeCycle=0,to_view=4196
info|2019-12-11 20:32:13.382040|[g:1][CONSENSUS][SEALER]++++++++++++++++ Generating seal on,blkNum=7,tx=0,nodeIdx=2,hash=4cedfff9...
info|2019-12-11 20:32:13.383422|[g:1][CONSENSUS][PBFT]checkTimeout Succ,view=4196,toView=4197,nodeIdx=2,changeCycle=0,myNode=a2429f99...,timecost=0.842
info|2019-12-11 20:32:13.388833|[g:1][CONSENSUS][PBFT]checkAndChangeView: Reach consensus,org_view=4196,org_changeCycle=0,cur_changeCycle=0,to_view=4197
info|2019-12-11 20:32:14.393097|[g:1][CONSENSUS]addRawPrepare,height=7,reqIdx=3,hash=2e9eb8c3...
info|2019-12-11 20:32:14.395115|[g:1][CONSENSUS][PBFT]checkTimeout Succ,view=4197,toView=4198,nodeIdx=2,changeCycle=0,myNode=a2429f99...,timecost=1.781
info|2019-12-11 20:32:14.397473|[g:1][CONSENSUS][PBFT]checkAndChangeView: Reach consensus,org_view=4197,org_changeCycle=0,cur_changeCycle=0,to_view=4198
info|2019-12-11 20:32:15.400391|[g:1][CONSENSUS]addRawPrepare,height=7,reqIdx=0,hash=a8acc9ee...
info|2019-12-11 20:32:15.402603|[g:1][CONSENSUS][PBFT]checkTimeout Succ,view=4198,toView=4199,nodeIdx=2,changeCycle=0,myNode=a2429f99...,timecost=1.975
info|2019-12-11 20:32:15.404143|[g:1][CONSENSUS][PBFT]checkAndChangeView: Reach consensus,org_view=4198,org_changeCycle=0,cur_changeCycle=0,to_view=4199
info|2019-12-11 20:32:16.407203|[g:1][CONSENSUS]addRawPrepare,height=7,reqIdx=1,hash=ffe23008...
info|2019-12-11 20:32:16.409227|[g:1][CONSENSUS][PBFT]checkTimeout Succ,view=4199,toView=4200,nodeIdx=2,changeCycle=0,myNode=a2429f99...,timecost=1.811
info|2019-12-11 20:32:16.410697|[g:1][CONSENSUS][PBFT]checkAndChangeView: Reach consensus,org_view=4199,org_changeCycle=0,cur_changeCycle=0,to_view=4200
info|2019-12-11 20:32:17.410416|[g:1][CONSENSUS][SEALER]++++++++++++++++ Generating seal on,blkNum=7,tx=0,nodeIdx=2,hash=d33a0e0a...
info|2019-12-11 20:32:17.415849|[g:1][CONSENSUS][PBFT]checkTimeout Succ,view=4200,toView=4201,nodeIdx=2,changeCycle=0,myNode=a2429f99...,timecost=0.444
info|2019-12-11 20:32:17.416677|[g:1][CONSENSUS][PBFT]checkAndChangeView: Reach consensus,org_view=4200,org_changeCycle=0,cur_changeCycle=0,to_view=4201
info|2019-12-11 20:32:18.036861|[P2P][Service] heartBeat,connected count=3
info|2019-12-11 20:32:18.420395|[g:1][CONSENSUS]addRawPrepare,height=7,reqIdx=3,hash=01475d59...
info|2019-12-11 20:32:18.421811|[g:1][CONSENSUS][PBFT]checkTimeout Succ,view=4201,toView=4202,nodeIdx=2,changeCycle=0,myNode=a2429f99...,timecost=1.132
info|2019-12-11 20:32:18.425083|[g:1][CONSENSUS][PBFT]checkAndChangeView: Reach consensus,org_view=4201,org_changeCycle=0,cur_changeCycle=0,to_view=4202
info|2019-12-11 20:32:19.427029|[g:1][CONSENSUS]addRawPrepare,height=7,reqIdx=0,hash=fc486418...
info|2019-12-11 20:32:19.427960|[g:1][CONSENSUS][PBFT]checkTimeout Succ,view=4202,toView=4203,nodeIdx=2,changeCycle=0,myNode=a2429f99...,timecost=0.715
info|2019-12-11 20:32:19.431277|[g:1][CONSENSUS][PBFT]checkAndChangeView: Reach consensus,org_view=4202,org_changeCycle=0,cur_changeCycle=0,to_view=4203
info|2019-12-11 20:32:20.433397|[g:1][CONSENSUS]addRawPrepare,height=7,reqIdx=1,hash=8fc8d098...
info|2019-12-11 20:32:20.434598|[g:1][CONSENSUS][PBFT]checkTimeout Succ,view=4203,toView=4204,nodeIdx=2,changeCycle=0,myNode=a2429f99...,timecost=0.987
info|2019-12-11 20:32:20.436360|[g:1][CONSENSUS][PBFT]checkAndChangeView: Reach consensus,org_view=4203,org_changeCycle=0,cur_changeCycle=0,to_view=4204
info|2019-12-11 20:32:21.437677|[g:1][CONSENSUS][SEALER]++++++++++++++++ Generating seal on,blkNum=7,tx=0,nodeIdx=2,hash=46d406e2...
info|2019-12-11 20:32:21.443881|[g:1][CONSENSUS][PBFT]checkTimeout Succ,view=4204,toView=4205,nodeIdx=2,changeCycle=0,myNode=a2429f99...,timecost=1.669
info|2019-12-11 20:32:21.444555|[g:1][CONSENSUS][PBFT]checkAndChangeView: Reach consensus,org_view=4204,org_changeCycle=0,cur_changeCycle=0,to_view=4205
info|2019-12-11 20:32:22.445829|[g:1][CONSENSUS]addRawPrepare,height=7,reqIdx=3,hash=9cb6e078...
info|2019-12-11 20:32:22.446730|[g:1][CONSENSUS][PBFT]checkTimeout Succ,view=4205,toView=4206,nodeIdx=2,changeCycle=0,myNode=a2429f99...,timecost=0.689
info|2019-12-11 20:32:22.449258|[g:1][CONSENSUS][PBFT]checkAndChangeView: Reach consensus,org_view=4205,org_changeCycle=0,cur_changeCycle=0,to_view=4206
info|2019-12-11 20:32:23.451756|[g:1][CONSENSUS]addRawPrepare,height=7,reqIdx=0,hash=033e8725...
info|2019-12-11 20:32:23.453733|[g:1][CONSENSUS][PBFT]checkTimeout Succ,view=4206,toView=4207,nodeIdx=2,changeCycle=0,myNode=a2429f99...,timecost=1.788
info|2019-12-11 20:32:23.456597|[g:1][CONSENSUS][PBFT]checkAndChangeView: Reach consensus,org_view=4206,org_changeCycle=0,cur_changeCycle=0,to_view=4207
info|2019-12-11 20:32:24.459493|[g:1][CONSENSUS]addRawPrepare,height=7,reqIdx=1,hash=e5216cd2...
info|2019-12-11 20:32:24.460420|[g:1][CONSENSUS][PBFT]checkTimeout Succ,view=4207,toView=4208,nodeIdx=2,changeCycle=0,myNode=a2429f99...,timecost=0.722
info|2019-12-11 20:32:24.464263|[g:1][CONSENSUS][PBFT]checkAndChangeView: Reach consensus,org_view=4207,org_changeCycle=0,cur_changeCycle=0,to_view=4208
info|2019-12-11 20:32:25.464598|[g:1][CONSENSUS][SEALER]++++++++++++++++ Generating seal on,blkNum=7,tx=0,nodeIdx=2,hash=1797b267...
info|2019-12-11 20:32:25.465948|[g:1][CONSENSUS][PBFT]checkTimeout Succ,view=4208,toView=4209,nodeIdx=2,changeCycle=0,myNode=a2429f99...,timecost=0.781
info|2019-12-11 20:32:25.470904|[g:1][CONSENSUS][PBFT]checkAndChangeView: Reach consensus,org_view=4208,org_changeCycle=0,cur_changeCycle=0,to_view=4209
info|2019-12-11 20:32:26.471450|[g:1][CONSENSUS]addRawPrepare,height=7,reqIdx=3,hash=4c34edb4...
info|2019-12-11 20:32:26.473298|[g:1][CONSENSUS][PBFT]checkTimeout Succ,view=4209,toView=4210,nodeIdx=2,changeCycle=0,myNode=a2429f99...,timecost=1.353
info|2019-12-11 20:32:26.474856|[g:1][CONSENSUS][PBFT]checkAndChangeView: Reach consensus,org_view=4209,org_changeCycle=0,cur_changeCycle=0,to_view=4210
info|2019-12-11 20:32:27.477342|[g:1][CONSENSUS]addRawPrepare,height=7,reqIdx=0,hash=5f715c15...
info|2019-12-11 20:32:27.478322|[g:1][CONSENSUS][PBFT]checkTimeout Succ,view=4210,toView=4211,nodeIdx=2,changeCycle=0,myNode=a2429f99...,timecost=0.768
info|2019-12-11 20:32:27.481178|[g:1][CONSENSUS][PBFT]checkAndChangeView: Reach consensus,org_view=4210,org_changeCycle=0,cur_changeCycle=0,to_view=4211
info|2019-12-11 20:32:28.043565|[P2P][Service] heartBeat,connected count=3
info|2019-12-11 20:32:28.483866|[g:1][CONSENSUS]addRawPrepare,height=7,reqIdx=1,hash=640c9ca4...
info|2019-12-11 20:32:28.484772|[g:1][CONSENSUS][PBFT]checkTimeout Succ,view=4211,toView=4212,nodeIdx=2,changeCycle=0,myNode=a2429f99...,timecost=0.708
info|2019-12-11 20:32:28.488175|[g:1][CONSENSUS][PBFT]checkAndChangeView: Reach consensus,org_view=4211,org_changeCycle=0,cur_changeCycle=0,to_view=4212
info|2019-12-11 20:32:29.488255|[g:1][CONSENSUS][SEALER]++++++++++++++++ Generating seal on,blkNum=7,tx=0,nodeIdx=2,hash=725cbb5a...
info|2019-12-11 20:32:29.493205|[g:1][CONSENSUS][PBFT]checkTimeout Succ,view=4212,toView=4213,nodeIdx=2,changeCycle=0,myNode=a2429f99...,timecost=0.805
info|2019-12-11 20:32:29.494996|[g:1][CONSENSUS][PBFT]checkAndChangeView: Reach consensus,org_view=4212,org_changeCycle=0,cur_changeCycle=0,to_view=4213
info|2019-12-11 20:32:30.496623|[g:1][CONSENSUS]addRawPrepare,height=7,reqIdx=3,hash=32543052...
info|2019-12-11 20:32:30.498224|[g:1][CONSENSUS][PBFT]checkTimeout Succ,view=4213,toView=4214,nodeIdx=2,changeCycle=0,myNode=a2429f99...,timecost=1.405
info|2019-12-11 20:32:30.500862|[g:1][CONSENSUS][PBFT]checkAndChangeView: Reach consensus,org_view=4213,org_changeCycle=0,cur_changeCycle=0,to_view=4214
info|2019-12-11 20:32:31.500654|[g:1][CONSENSUS]addRawPrepare,height=7,reqIdx=0,hash=ec383f8c...
info|2019-12-11 20:32:31.501135|[g:1][CONSENSUS][PBFT]checkTimeout Succ,view=4214,toView=4215,nodeIdx=2,changeCycle=0,myNode=a2429f99...,timecost=0.267
info|2019-12-11 20:32:31.502646|[g:1][CONSENSUS][PBFT]checkAndChangeView: Reach consensus,org_view=4214,org_changeCycle=0,cur_changeCycle=0,to_view=4215
