info|2019-12-11 23:23:27.009459|[g:1][CONSENSUS][SEALER]++++++++++++++++ Generating seal on,blkNum=7,tx=0,nodeIdx=2,hash=7782e569...
info|2019-12-11 23:23:27.019459|[P2P][Service] heartBeat,connected count=3
info|2019-12-11 23:23:27.020020|[g:1][CONSENSUS][PBFT]checkTimeout Succ,view=5384,toView=5385,nodeIdx=2,changeCycle=0,myNode=a2429f99...,timecost=0.44
info|2019-12-11 23:23:27.052646|[g:1][CONSENSUS][PBFT]checkAndChangeView: Reach consensus,org_view=5384,org_changeCycle=0,cur_changeCycle=0,to_view=5385
info|2019-12-11 23:23:28.039502|[g:1][CONSENSUS]addRawPrepare,height=7,reqIdx=3,hash=1a5c205f...
info|2019-12-11 23:23:28.040079|[g:1][CONSENSUS][PBFT]checkTimeout Succ,view=5385,toView=5386,nodeIdx=2,changeCycle=0,myNode=a2429f99...,timecost=0.314
info|2019-12-11 23:23:28.042702|[g:1][CONSENSUS][PBFT]checkAndChangeView: Reach consensus,org_view=5385,org_changeCycle=0,cur_changeCycle=0,to_view=5386
info|2019-12-11 23:23:29.044177|[g:1][CONSENSUS]addRawPrepare,height=7,reqIdx=0,hash=48ffc5e3...
info|2019-12-11 23:23:29.045479|[g:1][CONSENSUS][PBFT]checkTimeout Succ,view=5386,toView=5387,nodeIdx=2,changeCycle=0,myNode=a2429f99...,timecost=1.18
info|2019-12-11 23:23:29.046602|[g:1][CONSENSUS][PBFT]checkAndChangeView: Reach consensus,org_view=5386,org_changeCycle=0,cur_changeCycle=0,to_view=5387
info|2019-12-11 23:23:30.046461|[g:1][CONSENSUS]addRawPrepare,height=7,reqIdx=1,hash=16b74179...
info|2019-12-11 23:23:30.046952|[g:1][CONSENSUS][PBFT]checkTimeout Succ,view=5387,toView=5388,nodeIdx=2,changeCycle=0,myNode=a2429f99...,timecost=0.388
info|2019-12-11 23:23:30.048839|[g:1][CONSENSUS][PBFT]checkAndChangeView: Reach consensus,org_view=5387,org_changeCycle=0,cur_changeCycle=0,to_view=5388
info|2019-12-11 23:23:31.048433|[g:1][CONSENSUS][SEALER]++++++++++++++++ Generating seal on,blkNum=7,tx=0,nodeIdx=2,hash=19c51877...
info|2019-12-11 23:23:31.049207|[g:1][CONSENSUS][PBFT]checkTimeout Succ,view=5388,toView=5389,nodeIdx=2,changeCycle=0,myNode=a2429f99...,timecost=0.399
info|2019-12-11 23:23:31.051197|[g:1][CONSENSUS][PBFT]checkAndChangeView: Reach consensus,org_view=5388,org_changeCycle=0,cur_changeCycle=0,to_view=5389
info|2019-12-11 23:23:32.053537|[g:1][CONSENSUS]addRawPrepare,height=7,reqIdx=3,hash=0a9690f4...
info|2019-12-11 23:23:32.054149|[g:1][CONSENSUS][PBFT]checkTimeout Succ,view=5389,toView=5390,nodeIdx=2,changeCycle=0,myNode=a2429f99...,timecost=0.494
info|2019-12-11 23:23:32.055595|[g:1][CONSENSUS][PBFT]checkAndChangeView: Reach consensus,org_view=5389,org_changeCycle=0,cur_changeCycle=0,to_view=5390
info|2019-12-11 23:23:33.056444|[g:1][CONSENSUS]addRawPrepare,height=7,reqIdx=0,hash=e9189c93...
info|2019-12-11 23:23:33.058096|[g:1][CONSENSUS][PBFT]checkTimeout Succ,view=5390,toView=5391,nodeIdx=2,changeCycle=0,myNode=a2429f99...,timecost=0.733
info|2019-12-11 23:23:33.059177|[g:1][CONSENSUS][PBFT]checkAndChangeView: Reach consensus,org_view=5390,org_changeCycle=0,cur_changeCycle=0,to_view=5391
info|2019-12-11 23:23:34.060594|[g:1][CONSENSUS]addRawPrepare,height=7,reqIdx=1,hash=7532e459...
info|2019-12-11 23:23:34.061071|[g:1][CONSENSUS][PBFT]checkTimeout Succ,view=5391,toView=5392,nodeIdx=2,changeCycle=0,myNode=a2429f99...,timecost=0.359
info|2019-12-11 23:23:34.062659|[g:1][CONSENSUS][PBFT]checkAndChangeView: Reach consensus,org_view=5391,org_changeCycle=0,cur_changeCycle=0,to_view=5392
info|2019-12-11 23:23:35.062956|[g:1][CONSENSUS][SEALER]++++++++++++++++ Generating seal on,blkNum=7,tx=0,nodeIdx=2,hash=a22621fa...
info|2019-12-11 23:23:35.065779|[g:1][CONSENSUS][PBFT]checkTimeout Succ,view=5392,toView=5393,nodeIdx=2,changeCycle=0,myNode=a2429f99...,timecost=0.322
info|2019-12-11 23:23:35.066241|[g:1][CONSENSUS][PBFT]checkAndChangeView: Reach consensus,org_view=5392,org_changeCycle=0,cur_changeCycle=0,to_view=5393
info|2019-12-11 23:23:36.067635|[g:1][CONSENSUS]addRawPrepare,height=7,reqIdx=3,hash=da6b5e48...
info|2019-12-11 23:23:36.068071|[g:1][CONSENSUS][PBFT]checkTimeout Succ,view=5393,toView=5394,nodeIdx=2,changeCycle=0,myNode=a2429f99...,timecost=0.37
info|2019-12-11 23:23:36.070558|[g:1][CONSENSUS][PBFT]checkAndChangeView: Reach consensus,org_view=5393,org_changeCycle=0,cur_changeCycle=0,to_view=5394
info|2019-12-11 23:23:37.026111|[P2P][Service] heartBeat,connected count=3
info|2019-12-11 23:23:37.070303|[g:1][CONSENSUS]addRawPrepare,height=7,reqIdx=0,hash=9a174227...
info|2019-12-11 23:23:37.070891|[g:1][CONSENSUS][PBFT]checkTimeout Succ,view=5394,toView=5395,nodeIdx=2,changeCycle=0,myNode=a2429f99...,timecost=0.305
info|2019-12-11 23:23:37.072938|[g:1][CONSENSUS][PBFT]checkAndChangeView: Reach consensus,org_view=5394,org_changeCycle=0,cur_changeCycle=0,to_view=5395
info|2019-12-11 23:23:38.075381|[g:1][CONSENSUS]addRawPrepare,height=7,reqIdx=1,hash=7552778a...
info|2019-12-11 23:23:38.075780|[g:1][CONSENSUS][PBFT]checkTimeout Succ,view=5395,toView=5396,nodeIdx=2,changeCycle=0,myNode=a2429f99...,timecost=0.273
info|2019-12-11 23:23:38.077242|[g:1][CONSENSUS][PBFT]checkAndChangeView: Reach consensus,org_view=5395,org_changeCycle=0,cur_changeCycle=0,to_view=5396
info|2019-12-11 23:23:39.080145|[g:1][CONSENSUS][SEALER]++++++++++++++++ Generating seal on,blkNum=7,tx=0,nodeIdx=2,hash=bacb1565...
info|2019-12-11 23:23:39.094975|[g:1][CONSENSUS][PBFT]checkTimeout Succ,view=5396,toView=5397,nodeIdx=2,changeCycle=0,myNode=a2429f99...,timecost=2.469
info|2019-12-11 23:23:39.123600|[g:1][CONSENSUS][PBFT]checkAndChangeView: Reach consensus,org_view=5396,org_changeCycle=0,cur_changeCycle=0,to_view=5397
info|2019-12-11 23:23:40.120683|[g:1][CONSENSUS]addRawPrepare,height=7,reqIdx=3,hash=18346a67...
info|2019-12-11 23:23:40.124129|[g:1][CONSENSUS][PBFT]checkTimeout Succ,view=5397,toView=5398,nodeIdx=2,changeCycle=0,myNode=a2429f99...,timecost=2.765
info|2019-12-11 23:23:40.133083|[g:1][CONSENSUS][PBFT]checkAndChangeView: Reach consensus,org_view=5397,org_changeCycle=0,cur_changeCycle=0,to_view=5398
info|2019-12-11 23:23:41.142160|[g:1][CONSENSUS]addRawPrepare,height=7,reqIdx=0,hash=8973812b...
info|2019-12-11 23:23:41.144950|[g:1][CONSENSUS][PBFT]checkTimeout Succ,view=5398,toView=5399,nodeIdx=2,changeCycle=0,myNode=a2429f99...,timecost=2.116
info|2019-12-11 23:23:41.155882|[g:1][CONSENSUS][PBFT]checkAndChangeView: Reach consensus,org_view=5398,org_changeCycle=0,cur_changeCycle=0,to_view=5399
info|2019-12-11 23:23:42.168804|[g:1][CONSENSUS]addRawPrepare,height=7,reqIdx=1,hash=3ba11f48...
info|2019-12-11 23:23:42.174396|[g:1][CONSENSUS][PBFT]checkTimeout Succ,view=5399,toView=5400,nodeIdx=2,changeCycle=0,myNode=a2429f99...,timecost=5.139
info|2019-12-11 23:23:42.189953|[g:1][CONSENSUS][PBFT]checkAndChangeView: Reach consensus,org_view=5399,org_changeCycle=0,cur_changeCycle=0,to_view=5400
info|2019-12-11 23:23:43.191114|[g:1][CONSENSUS][SEALER]++++++++++++++++ Generating seal on,blkNum=7,tx=0,nodeIdx=2,hash=3be98493...
info|2019-12-11 23:23:43.196262|[g:1][CONSENSUS][PBFT]checkTimeout Succ,view=5400,toView=5401,nodeIdx=2,changeCycle=0,myNode=a2429f99...,timecost=2.172
info|2019-12-11 23:23:43.222331|[g:1][CONSENSUS][PBFT]checkAndChangeView: Reach consensus,org_view=5400,org_changeCycle=0,cur_changeCycle=0,to_view=5401
info|2019-12-11 23:23:44.224355|[g:1][CONSENSUS]addRawPrepare,height=7,reqIdx=3,hash=eacd6fc0...
info|2019-12-11 23:23:44.227209|[g:1][CONSENSUS][PBFT]checkTimeout Succ,view=5401,toView=5402,nodeIdx=2,changeCycle=0,myNode=a2429f99...,timecost=2.339
info|2019-12-11 23:23:44.242775|[g:1][CONSENSUS][PBFT]checkAndChangeView: Reach consensus,org_view=5401,org_changeCycle=0,cur_changeCycle=0,to_view=5402
info|2019-12-11 23:23:45.269648|[g:1][CONSENSUS]addRawPrepare,height=7,reqIdx=0,hash=9f6ef60d...
info|2019-12-11 23:23:45.272692|[g:1][CONSENSUS][PBFT]checkTimeout Succ,view=5402,toView=5403,nodeIdx=2,changeCycle=0,myNode=a2429f99...,timecost=2.318
info|2019-12-11 23:23:45.284912|[g:1][CONSENSUS][PBFT]checkAndChangeView: Reach consensus,org_view=5402,org_changeCycle=0,cur_changeCycle=0,to_view=5403
info|2019-12-11 23:23:46.291399|[g:1][CONSENSUS]addRawPrepare,height=7,reqIdx=1,hash=638760e9...
info|2019-12-11 23:23:46.296502|[g:1][CONSENSUS][PBFT]checkTimeout Succ,view=5403,toView=5404,nodeIdx=2,changeCycle=0,myNode=a2429f99...,timecost=3.637
info|2019-12-11 23:23:46.308285|[g:1][CONSENSUS][PBFT]checkAndChangeView: Reach consensus,org_view=5403,org_changeCycle=0,cur_changeCycle=0,to_view=5404
info|2019-12-11 23:23:47.032811|[P2P][Service] heartBeat,connected count=3
info|2019-12-11 23:23:47.308812|[g:1][CONSENSUS][SEALER]++++++++++++++++ Generating seal on,blkNum=7,tx=0,nodeIdx=2,hash=0dace72f...
info|2019-12-11 23:23:47.313719|[g:1][CONSENSUS][PBFT]checkTimeout Succ,view=5404,toView=5405,nodeIdx=2,changeCycle=0,myNode=a2429f99...,timecost=2.417
info|2019-12-11 23:23:47.331388|[g:1][CONSENSUS][PBFT]checkAndChangeView: Reach consensus,org_view=5404,org_changeCycle=0,cur_changeCycle=0,to_view=5405
info|2019-12-11 23:23:48.337332|[g:1][CONSENSUS]addRawPrepare,height=7,reqIdx=3,hash=0949ef53...
info|2019-12-11 23:23:48.338153|[g:1][CONSENSUS][PBFT]checkTimeout Succ,view=5405,toView=5406,nodeIdx=2,changeCycle=0,myNode=a2429f99...,timecost=0.591
info|2019-12-11 23:23:48.346598|[g:1][CONSENSUS][PBFT]checkAndChangeView: Reach consensus,org_view=5405,org_changeCycle=0,cur_changeCycle=0,to_view=5406
info|2019-12-11 23:23:49.345178|[g:1][CONSENSUS]addRawPrepare,height=7,reqIdx=0,hash=73525fb2...
info|2019-12-11 23:23:49.346289|[g:1][CONSENSUS][PBFT]checkTimeout Succ,view=5406,toView=5407,nodeIdx=2,changeCycle=0,myNode=a2429f99...,timecost=0.91
info|2019-12-11 23:23:49.347996|[g:1][CONSENSUS][PBFT]checkAndChangeView: Reach consensus,org_view=5406,org_changeCycle=0,cur_changeCycle=0,to_view=5407
info|2019-12-11 23:23:50.349079|[g:1][CONSENSUS]addRawPrepare,height=7,reqIdx=1,hash=5d2d18d6...
info|2019-12-11 23:23:50.349712|[g:1][CONSENSUS][PBFT]checkTimeout Succ,view=5407,toView=5408,nodeIdx=2,changeCycle=0,myNode=a2429f99...,timecost=0.529
info|2019-12-11 23:23:50.351252|[g:1][CONSENSUS][PBFT]checkAndChangeView: Reach consensus,org_view=5407,org_changeCycle=0,cur_changeCycle=0,to_view=5408
info|2019-12-11 23:23:51.351723|[g:1][CONSENSUS][SEALER]++++++++++++++++ Generating seal on,blkNum=7,tx=0,nodeIdx=2,hash=d4c14193...
info|2019-12-11 23:23:51.352431|[g:1][CONSENSUS][PBFT]checkTimeout Succ,view=5408,toView=5409,nodeIdx=2,changeCycle=0,myNode=a2429f99...,timecost=0.312
info|2019-12-11 23:23:51.355707|[g:1][CONSENSUS][PBFT]checkAndChangeView: Reach consensus,org_view=5408,org_changeCycle=0,cur_changeCycle=0,to_view=5409
info|2019-12-11 23:23:52.357237|[g:1][CONSENSUS]addRawPrepare,height=7,reqIdx=3,hash=1f9fe27e...
info|2019-12-11 23:23:52.357968|[g:1][CONSENSUS][PBFT]checkTimeout Succ,view=5409,toView=5410,nodeIdx=2,changeCycle=0,myNode=a2429f99...,timecost=0.305
info|2019-12-11 23:23:52.361255|[g:1][CONSENSUS][PBFT]checkAndChangeView: Reach consensus,org_view=5409,org_changeCycle=0,cur_changeCycle=0,to_view=5410
info|2019-12-11 23:23:53.362374|[g:1][CONSENSUS]addRawPrepare,height=7,reqIdx=0,hash=b23d204b...
info|2019-12-11 23:23:53.362819|[g:1][CONSENSUS][PBFT]checkTimeout Succ,view=5410,toView=5411,nodeIdx=2,changeCycle=0,myNode=a2429f99...,timecost=0.333
info|2019-12-11 23:23:53.364135|[g:1][CONSENSUS][PBFT]checkAndChangeView: Reach consensus,org_view=5410,org_changeCycle=0,cur_changeCycle=0,to_view=5411
info|2019-12-11 23:23:54.367610|[g:1][CONSENSUS]addRawPrepare,height=7,reqIdx=1,hash=74de2e93...
info|2019-12-11 23:23:54.368053|[g:1][CONSENSUS][PBFT]checkTimeout Succ,view=5411,toView=5412,nodeIdx=2,changeCycle=0,myNode=a2429f99...,timecost=0.291
info|2019-12-11 23:23:54.369659|[g:1][CONSENSUS][PBFT]checkAndChangeView: Reach consensus,org_view=5411,org_changeCycle=0,cur_changeCycle=0,to_view=5412
info|2019-12-11 23:23:55.370029|[g:1][CONSENSUS][SEALER]++++++++++++++++ Generating seal on,blkNum=7,tx=0,nodeIdx=2,hash=1d3d12f0...
info|2019-12-11 23:23:55.372469|[g:1][CONSENSUS][PBFT]checkTimeout Succ,view=5412,toView=5413,nodeIdx=2,changeCycle=0,myNode=a2429f99...,timecost=0.315
info|2019-12-11 23:23:55.372938|[g:1][CONSENSUS][PBFT]checkAndChangeView: Reach consensus,org_view=5412,org_changeCycle=0,cur_changeCycle=0,to_view=5413
info|2019-12-11 23:23:56.374566|[g:1][CONSENSUS]addRawPrepare,height=7,reqIdx=3,hash=06959463...
info|2019-12-11 23:23:56.375107|[g:1][CONSENSUS][PBFT]checkTimeout Succ,view=5413,toView=5414,nodeIdx=2,changeCycle=0,myNode=a2429f99...,timecost=0.346
info|2019-12-11 23:23:56.376858|[g:1][CONSENSUS][PBFT]checkAndChangeView: Reach consensus,org_view=5413,org_changeCycle=0,cur_changeCycle=0,to_view=5414
info|2019-12-11 23:23:57.036466|[P2P][Service] heartBeat,connected count=3
info|2019-12-11 23:23:57.379549|[g:1][CONSENSUS]addRawPrepare,height=7,reqIdx=0,hash=cb3f71a9...
info|2019-12-11 23:23:57.380573|[g:1][CONSENSUS][PBFT]checkTimeout Succ,view=5414,toView=5415,nodeIdx=2,changeCycle=0,myNode=a2429f99...,timecost=0.937
info|2019-12-11 23:23:57.382586|[g:1][CONSENSUS][PBFT]checkAndChangeView: Reach consensus,org_view=5414,org_changeCycle=0,cur_changeCycle=0,to_view=5415
info|2019-12-11 23:23:58.384819|[g:1][CONSENSUS]addRawPrepare,height=7,reqIdx=1,hash=f4f32638...
info|2019-12-11 23:23:58.385198|[g:1][CONSENSUS][PBFT]checkTimeout Succ,view=5415,toView=5416,nodeIdx=2,changeCycle=0,myNode=a2429f99...,timecost=0.281
info|2019-12-11 23:23:58.387914|[g:1][CONSENSUS][PBFT]checkAndChangeView: Reach consensus,org_view=5415,org_changeCycle=0,cur_changeCycle=0,to_view=5416
info|2019-12-11 23:23:59.387814|[g:1][CONSENSUS][SEALER]++++++++++++++++ Generating seal on,blkNum=7,tx=0,nodeIdx=2,hash=c7295700...
info|2019-12-11 23:23:59.388522|[g:1][CONSENSUS][PBFT]checkTimeout Succ,view=5416,toView=5417,nodeIdx=2,changeCycle=0,myNode=a2429f99...,timecost=0.446
info|2019-12-11 23:23:59.391694|[g:1][CONSENSUS][PBFT]checkAndChangeView: Reach consensus,org_view=5416,org_changeCycle=0,cur_changeCycle=0,to_view=5417
info|2019-12-11 23:24:00.392074|[g:1][CONSENSUS]addRawPrepare,height=7,reqIdx=3,hash=2010fc13...
info|2019-12-11 23:24:00.392508|[g:1][CONSENSUS][PBFT]checkTimeout Succ,view=5417,toView=5418,nodeIdx=2,changeCycle=0,myNode=a2429f99...,timecost=0.335
info|2019-12-11 23:24:00.395002|[g:1][CONSENSUS][PBFT]checkAndChangeView: Reach consensus,org_view=5417,org_changeCycle=0,cur_changeCycle=0,to_view=5418
info|2019-12-11 23:24:01.395889|[g:1][CONSENSUS]addRawPrepare,height=7,reqIdx=0,hash=e7c93114...
info|2019-12-11 23:24:01.397020|[g:1][CONSENSUS][PBFT]checkTimeout Succ,view=5418,toView=5419,nodeIdx=2,changeCycle=0,myNode=a2429f99...,timecost=1.017
info|2019-12-11 23:24:01.398039|[g:1][CONSENSUS][PBFT]checkAndChangeView: Reach consensus,org_view=5418,org_changeCycle=0,cur_changeCycle=0,to_view=5419
info|2019-12-11 23:24:02.399768|[g:1][CONSENSUS]addRawPrepare,height=7,reqIdx=1,hash=e1a0d2f5...
info|2019-12-11 23:24:02.402452|[g:1][CONSENSUS][PBFT]checkTimeout Succ,view=5419,toView=5420,nodeIdx=2,changeCycle=0,myNode=a2429f99...,timecost=2.556
info|2019-12-11 23:24:02.403872|[g:1][CONSENSUS][PBFT]checkAndChangeView: Reach consensus,org_view=5419,org_changeCycle=0,cur_changeCycle=0,to_view=5420
info|2019-12-11 23:24:03.404370|[g:1][CONSENSUS][SEALER]++++++++++++++++ Generating seal on,blkNum=7,tx=0,nodeIdx=2,hash=0153a6dc...
info|2019-12-11 23:24:03.407899|[g:1][CONSENSUS][PBFT]checkTimeout Succ,view=5420,toView=5421,nodeIdx=2,changeCycle=0,myNode=a2429f99...,timecost=0.274
info|2019-12-11 23:24:03.408362|[g:1][CONSENSUS][PBFT]checkAndChangeView: Reach consensus,org_view=5420,org_changeCycle=0,cur_changeCycle=0,to_view=5421
info|2019-12-11 23:24:04.411513|[g:1][CONSENSUS]addRawPrepare,height=7,reqIdx=3,hash=37845404...
info|2019-12-11 23:24:04.412053|[g:1][CONSENSUS][PBFT]checkTimeout Succ,view=5421,toView=5422,nodeIdx=2,changeCycle=0,myNode=a2429f99...,timecost=0.395
info|2019-12-11 23:24:04.413941|[g:1][CONSENSUS][PBFT]checkAndChangeView: Reach consensus,org_view=5421,org_changeCycle=0,cur_changeCycle=0,to_view=5422
info|2019-12-11 23:24:05.415637|[g:1][CONSENSUS]addRawPrepare,height=7,reqIdx=0,hash=e0bdb785...
info|2019-12-11 23:24:05.416218|[g:1][CONSENSUS][PBFT]checkTimeout Succ,view=5422,toView=5423,nodeIdx=2,changeCycle=0,myNode=a2429f99...,timecost=0.421
info|2019-12-11 23:24:05.419008|[g:1][CONSENSUS][PBFT]checkAndChangeView: Reach consensus,org_view=5422,org_changeCycle=0,cur_changeCycle=0,to_view=5423
info|2019-12-11 23:24:06.422248|[g:1][CONSENSUS]addRawPrepare,height=7,reqIdx=1,hash=160c4155...
info|2019-12-11 23:24:06.422898|[g:1][CONSENSUS][PBFT]checkTimeout Succ,view=5423,toView=5424,nodeIdx=2,changeCycle=0,myNode=a2429f99...,timecost=0.485
info|2019-12-11 23:24:06.426972|[g:1][CONSENSUS][PBFT]checkAndChangeView: Reach consensus,org_view=5423,org_changeCycle=0,cur_changeCycle=0,to_view=5424
info|2019-12-11 23:24:07.044892|[P2P][Service] heartBeat,connected count=3
info|2019-12-11 23:24:07.426707|[g:1][CONSENSUS][SEALER]++++++++++++++++ Generating seal on,blkNum=7,tx=0,nodeIdx=2,hash=21a2c672...
info|2019-12-11 23:24:07.431417|[g:1][CONSENSUS][PBFT]checkTimeout Succ,view=5424,toView=5425,nodeIdx=2,changeCycle=0,myNode=a2429f99...,timecost=0.597
info|2019-12-11 23:24:07.433002|[g:1][CONSENSUS][PBFT]checkAndChangeView: Reach consensus,org_view=5424,org_changeCycle=0,cur_changeCycle=0,to_view=5425
info|2019-12-11 23:24:08.437049|[g:1][CONSENSUS]addRawPrepare,height=7,reqIdx=3,hash=a68eecd4...
info|2019-12-11 23:24:08.440421|[g:1][CONSENSUS][PBFT]checkTimeout Succ,view=5425,toView=5426,nodeIdx=2,changeCycle=0,myNode=a2429f99...,timecost=3.218
info|2019-12-11 23:24:08.442075|[g:1][CONSENSUS][PBFT]checkAndChangeView: Reach consensus,org_view=5425,org_changeCycle=0,cur_changeCycle=0,to_view=5426
info|2019-12-11 23:24:09.442223|[g:1][CONSENSUS]addRawPrepare,height=7,reqIdx=0,hash=a370610c...
info|2019-12-11 23:24:09.442958|[g:1][CONSENSUS][PBFT]checkTimeout Succ,view=5426,toView=5427,nodeIdx=2,changeCycle=0,myNode=a2429f99...,timecost=0.447
info|2019-12-11 23:24:09.444596|[g:1][CONSENSUS][PBFT]checkAndChangeView: Reach consensus,org_view=5426,org_changeCycle=0,cur_changeCycle=0,to_view=5427
info|2019-12-11 23:24:10.446632|[g:1][CONSENSUS]addRawPrepare,height=7,reqIdx=1,hash=8969571a...
info|2019-12-11 23:24:10.447601|[g:1][CONSENSUS][PBFT]checkTimeout Succ,view=5427,toView=5428,nodeIdx=2,changeCycle=0,myNode=a2429f99...,timecost=0.857
info|2019-12-11 23:24:10.449509|[g:1][CONSENSUS][PBFT]checkAndChangeView: Reach consensus,org_view=5427,org_changeCycle=0,cur_changeCycle=0,to_view=5428
info|2019-12-11 23:24:11.450828|[g:1][CONSENSUS][SEALER]++++++++++++++++ Generating seal on,blkNum=7,tx=0,nodeIdx=2,hash=e3cfab4d...
info|2019-12-11 23:24:11.453774|[g:1][CONSENSUS][PBFT]checkTimeout Succ,view=5428,toView=5429,nodeIdx=2,changeCycle=0,myNode=a2429f99...,timecost=0.462
info|2019-12-11 23:24:11.455073|[g:1][CONSENSUS][PBFT]checkAndChangeView: Reach consensus,org_view=5428,org_changeCycle=0,cur_changeCycle=0,to_view=5429
info|2019-12-11 23:24:12.457550|[g:1][CONSENSUS]addRawPrepare,height=7,reqIdx=3,hash=cba96488...
info|2019-12-11 23:24:12.459964|[g:1][CONSENSUS][PBFT]checkTimeout Succ,view=5429,toView=5430,nodeIdx=2,changeCycle=0,myNode=a2429f99...,timecost=2.264
info|2019-12-11 23:24:12.461344|[g:1][CONSENSUS][PBFT]checkAndChangeView: Reach consensus,org_view=5429,org_changeCycle=0,cur_changeCycle=0,to_view=5430
info|2019-12-11 23:24:13.462052|[g:1][CONSENSUS]addRawPrepare,height=7,reqIdx=0,hash=bc98f1a7...
info|2019-12-11 23:24:13.462728|[g:1][CONSENSUS][PBFT]checkTimeout Succ,view=5430,toView=5431,nodeIdx=2,changeCycle=0,myNode=a2429f99...,timecost=0.526
info|2019-12-11 23:24:13.464566|[g:1][CONSENSUS][PBFT]checkAndChangeView: Reach consensus,org_view=5430,org_changeCycle=0,cur_changeCycle=0,to_view=5431
info|2019-12-11 23:24:14.465442|[g:1][CONSENSUS]addRawPrepare,height=7,reqIdx=1,hash=d750b604...
info|2019-12-11 23:24:14.465950|[g:1][CONSENSUS][PBFT]checkTimeout Succ,view=5431,toView=5432,nodeIdx=2,changeCycle=0,myNode=a2429f99...,timecost=0.367
info|2019-12-11 23:24:14.467795|[g:1][CONSENSUS][PBFT]checkAndChangeView: Reach consensus,org_view=5431,org_changeCycle=0,cur_changeCycle=0,to_view=5432
info|2019-12-11 23:24:15.467353|[g:1][CONSENSUS][SEALER]++++++++++++++++ Generating seal on,blkNum=7,tx=0,nodeIdx=2,hash=28e23d7b...
info|2019-12-11 23:24:15.470959|[g:1][CONSENSUS][PBFT]checkTimeout Succ,view=5432,toView=5433,nodeIdx=2,changeCycle=0,myNode=a2429f99...,timecost=0.432
info|2019-12-11 23:24:15.471555|[g:1][CONSENSUS][PBFT]checkAndChangeView: Reach consensus,org_view=5432,org_changeCycle=0,cur_changeCycle=0,to_view=5433
info|2019-12-11 23:24:16.473365|[g:1][CONSENSUS]addRawPrepare,height=7,reqIdx=3,hash=96f835fe...
info|2019-12-11 23:24:16.474725|[g:1][CONSENSUS][PBFT]checkTimeout Succ,view=5433,toView=5434,nodeIdx=2,changeCycle=0,myNode=a2429f99...,timecost=1.175
info|2019-12-11 23:24:16.476648|[g:1][CONSENSUS][PBFT]checkAndChangeView: Reach consensus,org_view=5433,org_changeCycle=0,cur_changeCycle=0,to_view=5434
info|2019-12-11 23:24:17.051478|[P2P][Service] heartBeat,connected count=3
info|2019-12-11 23:24:17.479341|[g:1][CONSENSUS]addRawPrepare,height=7,reqIdx=0,hash=ee393c18...
info|2019-12-11 23:24:17.480611|[g:1][CONSENSUS][PBFT]checkTimeout Succ,view=5434,toView=5435,nodeIdx=2,changeCycle=0,myNode=a2429f99...,timecost=1.064
info|2019-12-11 23:24:17.483200|[g:1][CONSENSUS][PBFT]checkAndChangeView: Reach consensus,org_view=5434,org_changeCycle=0,cur_changeCycle=0,to_view=5435
info|2019-12-11 23:24:18.484432|[g:1][CONSENSUS]addRawPrepare,height=7,reqIdx=1,hash=fe1150c5...
info|2019-12-11 23:24:18.485020|[g:1][CONSENSUS][PBFT]checkTimeout Succ,view=5435,toView=5436,nodeIdx=2,changeCycle=0,myNode=a2429f99...,timecost=0.407
info|2019-12-11 23:24:18.487311|[g:1][CONSENSUS][PBFT]checkAndChangeView: Reach consensus,org_view=5435,org_changeCycle=0,cur_changeCycle=0,to_view=5436
info|2019-12-11 23:24:19.487692|[g:1][CONSENSUS][SEALER]++++++++++++++++ Generating seal on,blkNum=7,tx=0,nodeIdx=2,hash=532b6f1a...
info|2019-12-11 23:24:19.488329|[g:1][CONSENSUS][PBFT]checkTimeout Succ,view=5436,toView=5437,nodeIdx=2,changeCycle=0,myNode=a2429f99...,timecost=0.283
info|2019-12-11 23:24:19.490741|[g:1][CONSENSUS][PBFT]checkAndChangeView: Reach consensus,org_view=5436,org_changeCycle=0,cur_changeCycle=0,to_view=5437
