warning|2019-12-11 04:10:31.004284|[g:1][CONSENSUS][PBFT]ViewChangeWarning: not caused by omit empty block ,v=5956,toV=5957,curNum=0,hash=535430dd...,nodeIdx=2,myNode=a2429f99...
info|2019-12-11 04:10:31.004400|[g:1][CONSENSUS][PBFT]checkTimeout Succ,view=5956,toView=5957,nodeIdx=2,changeCycle=1,myNode=a2429f99...,timecost=0.319
info|2019-12-11 04:10:31.008353|[P2P][Service] heartBeat,connected count=3
info|2019-12-11 04:10:31.021329|[g:1][CONSENSUS][PBFT]checkAndChangeView: Reach consensus,org_view=5956,org_changeCycle=1,cur_changeCycle=1,to_view=5957
info|2019-12-11 04:10:32.025610|[g:1][CONSENSUS]addRawPrepare,height=1,reqIdx=1,hash=d4a190e6...
info|2019-12-11 04:10:32.025970|[g:1][CONSENSUS][PBFT]checkTimeout Succ,view=5957,toView=5958,nodeIdx=2,changeCycle=0,myNode=a2429f99...,timecost=0.263
info|2019-12-11 04:10:32.028389|[g:1][CONSENSUS][PBFT]checkAndChangeView: Reach consensus,org_view=5957,org_changeCycle=0,cur_changeCycle=0,to_view=5958
info|2019-12-11 04:10:33.028143|[g:1][CONSENSUS][SEALER]++++++++++++++++ Generating seal on,blkNum=1,tx=0,nodeIdx=2,hash=770ee148...
info|2019-12-11 04:10:33.029610|[g:1][CONSENSUS][PBFT]checkTimeout Succ,view=5958,toView=5959,nodeIdx=2,changeCycle=0,myNode=a2429f99...,timecost=1.214
info|2019-12-11 04:10:33.032549|[g:1][CONSENSUS][PBFT]checkAndChangeView: Reach consensus,org_view=5958,org_changeCycle=0,cur_changeCycle=0,to_view=5959
info|2019-12-11 04:10:34.033482|[g:1][CONSENSUS]addRawPrepare,height=1,reqIdx=3,hash=2ebbdb04...
info|2019-12-11 04:10:34.034008|[g:1][CONSENSUS][PBFT]checkTimeout Succ,view=5959,toView=5960,nodeIdx=2,changeCycle=0,myNode=a2429f99...,timecost=0.367
info|2019-12-11 04:10:34.036629|[g:1][CONSENSUS][PBFT]checkAndChangeView: Reach consensus,org_view=5959,org_changeCycle=0,cur_changeCycle=0,to_view=5960
info|2019-12-11 04:10:35.038555|[g:1][CONSENSUS]addRawPrepare,height=1,reqIdx=0,hash=bf2a2370...
info|2019-12-11 04:10:35.038962|[g:1][CONSENSUS][PBFT]checkTimeout Succ,view=5960,toView=5961,nodeIdx=2,changeCycle=0,myNode=a2429f99...,timecost=0.309
info|2019-12-11 04:10:35.040393|[g:1][CONSENSUS][PBFT]checkAndChangeView: Reach consensus,org_view=5960,org_changeCycle=0,cur_changeCycle=0,to_view=5961
info|2019-12-11 04:10:36.041843|[g:1][CONSENSUS]addRawPrepare,height=1,reqIdx=1,hash=f626f0a2...
info|2019-12-11 04:10:36.044264|[g:1][CONSENSUS][PBFT]checkTimeout Succ,view=5961,toView=5962,nodeIdx=2,changeCycle=0,myNode=a2429f99...,timecost=2.292
info|2019-12-11 04:10:36.045537|[g:1][CONSENSUS][PBFT]checkAndChangeView: Reach consensus,org_view=5961,org_changeCycle=0,cur_changeCycle=0,to_view=5962
info|2019-12-11 04:10:37.045164|[g:1][CONSENSUS][SEALER]++++++++++++++++ Generating seal on,blkNum=1,tx=0,nodeIdx=2,hash=dc07bcbd...
info|2019-12-11 04:10:37.045841|[g:1][CONSENSUS][PBFT]checkTimeout Succ,view=5962,toView=5963,nodeIdx=2,changeCycle=0,myNode=a2429f99...,timecost=0.296
info|2019-12-11 04:10:37.048176|[g:1][CONSENSUS][PBFT]checkAndChangeView: Reach consensus,org_view=5962,org_changeCycle=0,cur_changeCycle=0,to_view=5963
info|2019-12-11 04:10:38.051256|[g:1][CONSENSUS]addRawPrepare,height=1,reqIdx=3,hash=ba65dfa5...
info|2019-12-11 04:10:38.054071|[g:1][CONSENSUS][PBFT]checkTimeout Succ,view=5963,toView=5964,nodeIdx=2,changeCycle=0,myNode=a2429f99...,timecost=2.644
info|2019-12-11 04:10:38.054900|[g:1][CONSENSUS][PBFT]checkAndChangeView: Reach consensus,org_view=5963,org_changeCycle=0,cur_changeCycle=0,to_view=5964
info|2019-12-11 04:10:39.055480|[g:1][CONSENSUS]addRawPrepare,height=1,reqIdx=0,hash=84b6199d...
info|2019-12-11 04:10:39.055939|[g:1][CONSENSUS][PBFT]checkTimeout Succ,view=5964,toView=5965,nodeIdx=2,changeCycle=0,myNode=a2429f99...,timecost=0.277
info|2019-12-11 04:10:39.058103|[g:1][CONSENSUS][PBFT]checkAndChangeView: Reach consensus,org_view=5964,org_changeCycle=0,cur_changeCycle=0,to_view=5965
info|2019-12-11 04:10:40.059423|[g:1][CONSENSUS]addRawPrepare,height=1,reqIdx=1,hash=5b737ec0...
info|2019-12-11 04:10:40.059970|[g:1][CONSENSUS][PBFT]checkTimeout Succ,view=5965,toView=5966,nodeIdx=2,changeCycle=0,myNode=a2429f99...,timecost=0.437
info|2019-12-11 04:10:40.062426|[g:1][CONSENSUS][PBFT]checkAndChangeView: Reach consensus,org_view=5965,org_changeCycle=0,cur_changeCycle=0,to_view=5966
info|2019-12-11 04:10:41.008722|[P2P][Service] heartBeat,connected count=3
info|2019-12-11 04:10:41.062651|[g:1][CONSENSUS][SEALER]++++++++++++++++ Generating seal on,blkNum=1,tx=0,nodeIdx=2,hash=f7d920f2...
info|2019-12-11 04:10:41.065895|[g:1][CONSENSUS][PBFT]checkTimeout Succ,view=5966,toView=5967,nodeIdx=2,changeCycle=0,myNode=a2429f99...,timecost=0.421
info|2019-12-11 04:10:41.066394|[g:1][CONSENSUS][PBFT]checkAndChangeView: Reach consensus,org_view=5966,org_changeCycle=0,cur_changeCycle=0,to_view=5967
info|2019-12-11 04:10:42.081648|[g:1][CONSENSUS]addRawPrepare,height=1,reqIdx=3,hash=aeff4916...
info|2019-12-11 04:10:42.085174|[g:1][CONSENSUS][PBFT]checkTimeout Succ,view=5967,toView=5968,nodeIdx=2,changeCycle=0,myNode=a2429f99...,timecost=2.639
info|2019-12-11 04:10:42.093392|[g:1][CONSENSUS][PBFT]checkAndChangeView: Reach consensus,org_view=5967,org_changeCycle=0,cur_changeCycle=0,to_view=5968
info|2019-12-11 04:10:43.104080|[g:1][CONSENSUS]addRawPrepare,height=1,reqIdx=0,hash=12c2ad72...
info|2019-12-11 04:10:43.109731|[g:1][CONSENSUS][PBFT]checkTimeout Succ,view=5968,toView=5969,nodeIdx=2,changeCycle=0,myNode=a2429f99...,timecost=4.941
info|2019-12-11 04:10:43.120042|[g:1][CONSENSUS][PBFT]checkAndChangeView: Reach consensus,org_view=5968,org_changeCycle=0,cur_changeCycle=0,to_view=5969
info|2019-12-11 04:10:44.122600|[g:1][CONSENSUS]addRawPrepare,height=1,reqIdx=1,hash=4eec9b35...
info|2019-12-11 04:10:44.133334|[g:1][CONSENSUS][PBFT]checkTimeout Succ,view=5969,toView=5970,nodeIdx=2,changeCycle=0,myNode=a2429f99...,timecost=10.034
info|2019-12-11 04:10:44.143875|[g:1][CONSENSUS][PBFT]checkAndChangeView: Reach consensus,org_view=5969,org_changeCycle=0,cur_changeCycle=0,to_view=5970
info|2019-12-11 04:10:45.144099|[g:1][CONSENSUS][SEALER]++++++++++++++++ Generating seal on,blkNum=1,tx=0,nodeIdx=2,hash=8aacb785...
info|2019-12-11 04:10:45.148224|[g:1][CONSENSUS][PBFT]checkTimeout Succ,view=5970,toView=5971,nodeIdx=2,changeCycle=0,myNode=a2429f99...,timecost=2.537
info|2019-12-11 04:10:45.165719|[g:1][CONSENSUS][PBFT]checkAndChangeView: Reach consensus,org_view=5970,org_changeCycle=0,cur_changeCycle=0,to_view=5971
info|2019-12-11 04:10:46.173608|[g:1][CONSENSUS]addRawPrepare,height=1,reqIdx=3,hash=bcdda376...
info|2019-12-11 04:10:46.179189|[g:1][CONSENSUS][PBFT]checkTimeout Succ,view=5971,toView=5972,nodeIdx=2,changeCycle=0,myNode=a2429f99...,timecost=2.335
info|2019-12-11 04:10:46.192452|[g:1][CONSENSUS][PBFT]checkAndChangeView: Reach consensus,org_view=5971,org_changeCycle=0,cur_changeCycle=0,to_view=5972
info|2019-12-11 04:10:47.193730|[g:1][CONSENSUS]addRawPrepare,height=1,reqIdx=0,hash=60f93577...
info|2019-12-11 04:10:47.197422|[g:1][CONSENSUS][PBFT]checkTimeout Succ,view=5972,toView=5973,nodeIdx=2,changeCycle=0,myNode=a2429f99...,timecost=2.968
info|2019-12-11 04:10:47.206406|[g:1][CONSENSUS][PBFT]checkAndChangeView: Reach consensus,org_view=5972,org_changeCycle=0,cur_changeCycle=0,to_view=5973
info|2019-12-11 04:10:48.221795|[g:1][CONSENSUS]addRawPrepare,height=1,reqIdx=1,hash=35d4ceea...
info|2019-12-11 04:10:48.224892|[g:1][CONSENSUS][PBFT]checkTimeout Succ,view=5973,toView=5974,nodeIdx=2,changeCycle=0,myNode=a2429f99...,timecost=2.482
info|2019-12-11 04:10:48.235614|[g:1][CONSENSUS][PBFT]checkAndChangeView: Reach consensus,org_view=5973,org_changeCycle=0,cur_changeCycle=0,to_view=5974
info|2019-12-11 04:10:49.235932|[g:1][CONSENSUS][SEALER]++++++++++++++++ Generating seal on,blkNum=1,tx=0,nodeIdx=2,hash=5b9fc3df...
info|2019-12-11 04:10:49.252043|[g:1][CONSENSUS][PBFT]checkTimeout Succ,view=5974,toView=5975,nodeIdx=2,changeCycle=0,myNode=a2429f99...,timecost=6.12
info|2019-12-11 04:10:49.259356|[g:1][CONSENSUS][PBFT]checkAndChangeView: Reach consensus,org_view=5974,org_changeCycle=0,cur_changeCycle=0,to_view=5975
info|2019-12-11 04:10:50.264514|[g:1][CONSENSUS]addRawPrepare,height=1,reqIdx=3,hash=ad4e0579...
info|2019-12-11 04:10:50.269138|[g:1][CONSENSUS][PBFT]checkTimeout Succ,view=5975,toView=5976,nodeIdx=2,changeCycle=0,myNode=a2429f99...,timecost=3.778
info|2019-12-11 04:10:50.276436|[g:1][CONSENSUS][PBFT]checkAndChangeView: Reach consensus,org_view=5975,org_changeCycle=0,cur_changeCycle=0,to_view=5976
info|2019-12-11 04:10:51.013217|[P2P][Service] heartBeat,connected count=3
info|2019-12-11 04:10:51.289442|[g:1][CONSENSUS]addRawPrepare,height=1,reqIdx=0,hash=26451d8c...
info|2019-12-11 04:10:51.294034|[g:1][CONSENSUS][PBFT]checkTimeout Succ,view=5976,toView=5977,nodeIdx=2,changeCycle=0,myNode=a2429f99...,timecost=3.899
info|2019-12-11 04:10:51.303830|[g:1][CONSENSUS][PBFT]checkAndChangeView: Reach consensus,org_view=5976,org_changeCycle=0,cur_changeCycle=0,to_view=5977
info|2019-12-11 04:10:52.303905|[g:1][CONSENSUS]addRawPrepare,height=1,reqIdx=1,hash=33b04d77...
info|2019-12-11 04:10:52.306103|[g:1][CONSENSUS][PBFT]checkTimeout Succ,view=5977,toView=5978,nodeIdx=2,changeCycle=0,myNode=a2429f99...,timecost=1.98
info|2019-12-11 04:10:52.308331|[g:1][CONSENSUS][PBFT]checkAndChangeView: Reach consensus,org_view=5977,org_changeCycle=0,cur_changeCycle=0,to_view=5978
info|2019-12-11 04:10:53.309644|[g:1][CONSENSUS][SEALER]++++++++++++++++ Generating seal on,blkNum=1,tx=0,nodeIdx=2,hash=6392ee0d...
info|2019-12-11 04:10:53.317083|[g:1][CONSENSUS][PBFT]checkTimeout Succ,view=5978,toView=5979,nodeIdx=2,changeCycle=0,myNode=a2429f99...,timecost=2.85
info|2019-12-11 04:10:53.317575|[g:1][CONSENSUS][PBFT]checkAndChangeView: Reach consensus,org_view=5978,org_changeCycle=0,cur_changeCycle=0,to_view=5979
info|2019-12-11 04:10:54.319159|[g:1][CONSENSUS]addRawPrepare,height=1,reqIdx=3,hash=becc2f88...
info|2019-12-11 04:10:54.320426|[g:1][CONSENSUS][PBFT]checkTimeout Succ,view=5979,toView=5980,nodeIdx=2,changeCycle=0,myNode=a2429f99...,timecost=1.014
info|2019-12-11 04:10:54.321615|[g:1][CONSENSUS][PBFT]checkAndChangeView: Reach consensus,org_view=5979,org_changeCycle=0,cur_changeCycle=0,to_view=5980
info|2019-12-11 04:10:55.323448|[g:1][CONSENSUS]addRawPrepare,height=1,reqIdx=0,hash=0e58f863...
info|2019-12-11 04:10:55.324392|[g:1][CONSENSUS][PBFT]checkTimeout Succ,view=5980,toView=5981,nodeIdx=2,changeCycle=0,myNode=a2429f99...,timecost=0.779
info|2019-12-11 04:10:55.326627|[g:1][CONSENSUS][PBFT]checkAndChangeView: Reach consensus,org_view=5980,org_changeCycle=0,cur_changeCycle=0,to_view=5981
info|2019-12-11 04:10:56.329261|[g:1][CONSENSUS]addRawPrepare,height=1,reqIdx=1,hash=cf2fe334...
info|2019-12-11 04:10:56.332036|[g:1][CONSENSUS][PBFT]checkTimeout Succ,view=5981,toView=5982,nodeIdx=2,changeCycle=0,myNode=a2429f99...,timecost=2.578
info|2019-12-11 04:10:56.333671|[g:1][CONSENSUS][PBFT]checkAndChangeView: Reach consensus,org_view=5981,org_changeCycle=0,cur_changeCycle=0,to_view=5982
info|2019-12-11 04:10:57.334138|[g:1][CONSENSUS][SEALER]++++++++++++++++ Generating seal on,blkNum=1,tx=0,nodeIdx=2,hash=d55856e6...
info|2019-12-11 04:10:57.337649|[g:1][CONSENSUS][PBFT]checkTimeout Succ,view=5982,toView=5983,nodeIdx=2,changeCycle=0,myNode=a2429f99...,timecost=0.817
info|2019-12-11 04:10:57.339263|[g:1][CONSENSUS][PBFT]checkAndChangeView: Reach consensus,org_view=5982,org_changeCycle=0,cur_changeCycle=0,to_view=5983
info|2019-12-11 04:10:58.341267|[g:1][CONSENSUS]addRawPrepare,height=1,reqIdx=3,hash=fae8aaf6...
info|2019-12-11 04:10:58.342136|[g:1][CONSENSUS][PBFT]checkTimeout Succ,view=5983,toView=5984,nodeIdx=2,changeCycle=0,myNode=a2429f99...,timecost=0.651
info|2019-12-11 04:10:58.344335|[g:1][CONSENSUS][PBFT]checkAndChangeView: Reach consensus,org_view=5983,org_changeCycle=0,cur_changeCycle=0,to_view=5984
info|2019-12-11 04:10:59.346657|[g:1][CONSENSUS]addRawPrepare,height=1,reqIdx=0,hash=a6562e87...
info|2019-12-11 04:10:59.347530|[g:1][CONSENSUS][PBFT]checkTimeout Succ,view=5984,toView=5985,nodeIdx=2,changeCycle=0,myNode=a2429f99...,timecost=0.675
info|2019-12-11 04:10:59.351246|[g:1][CONSENSUS][PBFT]checkAndChangeView: Reach consensus,org_view=5984,org_changeCycle=0,cur_changeCycle=0,to_view=5985
info|2019-12-11 04:11:00.353727|[g:1][CONSENSUS]addRawPrepare,height=1,reqIdx=1,hash=fc90b2e0...
info|2019-12-11 04:11:00.355099|[g:1][CONSENSUS][PBFT]checkTimeout Succ,view=5985,toView=5986,nodeIdx=2,changeCycle=0,myNode=a2429f99...,timecost=0.853
info|2019-12-11 04:11:00.356671|[g:1][CONSENSUS][PBFT]checkAndChangeView: Reach consensus,org_view=5985,org_changeCycle=0,cur_changeCycle=0,to_view=5986
info|2019-12-11 04:11:01.014552|[P2P][Service] heartBeat,connected count=3
info|2019-12-11 04:11:01.356711|[g:1][CONSENSUS][SEALER]++++++++++++++++ Generating seal on,blkNum=1,tx=0,nodeIdx=2,hash=2bcbf747...
info|2019-12-11 04:11:01.358194|[g:1][CONSENSUS][PBFT]checkTimeout Succ,view=5986,toView=5987,nodeIdx=2,changeCycle=0,myNode=a2429f99...,timecost=0.928
info|2019-12-11 04:11:01.363036|[g:1][CONSENSUS][PBFT]checkAndChangeView: Reach consensus,org_view=5986,org_changeCycle=0,cur_changeCycle=0,to_view=5987
info|2019-12-11 04:11:02.363487|[g:1][CONSENSUS]addRawPrepare,height=1,reqIdx=3,hash=10518a34...
info|2019-12-11 04:11:02.363899|[g:1][CONSENSUS][PBFT]checkTimeout Succ,view=5987,toView=5988,nodeIdx=2,changeCycle=0,myNode=a2429f99...,timecost=0.314
info|2019-12-11 04:11:02.366410|[g:1][CONSENSUS][PBFT]checkAndChangeView: Reach consensus,org_view=5987,org_changeCycle=0,cur_changeCycle=0,to_view=5988
info|2019-12-11 04:11:03.368755|[g:1][CONSENSUS]addRawPrepare,height=1,reqIdx=0,hash=c5195d7f...
info|2019-12-11 04:11:03.370278|[g:1][CONSENSUS][PBFT]checkTimeout Succ,view=5988,toView=5989,nodeIdx=2,changeCycle=0,myNode=a2429f99...,timecost=1.358
info|2019-12-11 04:11:03.373271|[g:1][CONSENSUS][PBFT]checkAndChangeView: Reach consensus,org_view=5988,org_changeCycle=0,cur_changeCycle=0,to_view=5989
info|2019-12-11 04:11:04.376213|[g:1][CONSENSUS]addRawPrepare,height=1,reqIdx=1,hash=2e2b09e1...
info|2019-12-11 04:11:04.377098|[g:1][CONSENSUS][PBFT]checkTimeout Succ,view=5989,toView=5990,nodeIdx=2,changeCycle=0,myNode=a2429f99...,timecost=0.694
info|2019-12-11 04:11:04.380464|[g:1][CONSENSUS][PBFT]checkAndChangeView: Reach consensus,org_view=5989,org_changeCycle=0,cur_changeCycle=0,to_view=5990
info|2019-12-11 04:11:05.380363|[g:1][CONSENSUS][SEALER]++++++++++++++++ Generating seal on,blkNum=1,tx=0,nodeIdx=2,hash=59a3245d...
info|2019-12-11 04:11:05.381671|[g:1][CONSENSUS][PBFT]checkTimeout Succ,view=5990,toView=5991,nodeIdx=2,changeCycle=0,myNode=a2429f99...,timecost=0.777
info|2019-12-11 04:11:05.385980|[g:1][CONSENSUS][PBFT]checkAndChangeView: Reach consensus,org_view=5990,org_changeCycle=0,cur_changeCycle=0,to_view=5991
info|2019-12-11 04:11:06.390272|[g:1][CONSENSUS]addRawPrepare,height=1,reqIdx=3,hash=60b45e03...
info|2019-12-11 04:11:06.392180|[g:1][CONSENSUS][PBFT]checkTimeout Succ,view=5991,toView=5992,nodeIdx=2,changeCycle=0,myNode=a2429f99...,timecost=0.644
info|2019-12-11 04:11:06.393678|[g:1][CONSENSUS][PBFT]checkAndChangeView: Reach consensus,org_view=5991,org_changeCycle=0,cur_changeCycle=0,to_view=5992
info|2019-12-11 04:11:07.397165|[g:1][CONSENSUS]addRawPrepare,height=1,reqIdx=0,hash=33c031a8...
info|2019-12-11 04:11:07.397597|[g:1][CONSENSUS][PBFT]checkTimeout Succ,view=5992,toView=5993,nodeIdx=2,changeCycle=0,myNode=a2429f99...,timecost=0.313
info|2019-12-11 04:11:07.399254|[g:1][CONSENSUS][PBFT]checkAndChangeView: Reach consensus,org_view=5992,org_changeCycle=0,cur_changeCycle=0,to_view=5993
warning|2019-12-11 04:26:03.017769|[g:1][CONSENSUS][PBFT]ViewChangeWarning: not caused by omit empty block ,v=5993,toV=5994,curNum=0,hash=535430dd...,nodeIdx=2,myNode=a2429f99...
info|2019-12-11 04:26:03.020452|[P2P][Service] heartBeat,connected count=3
info|2019-12-11 04:26:03.021227|[g:1][CONSENSUS][PBFT]checkTimeout Succ,view=5993,toView=5994,nodeIdx=2,changeCycle=1,myNode=a2429f99...,timecost=7.51
info|2019-12-11 04:26:03.023289|[g:1][CONSENSUS][PBFT]checkAndChangeView: Reach consensus,org_view=5993,org_changeCycle=1,cur_changeCycle=1,to_view=5994
info|2019-12-11 04:26:04.023963|[g:1][CONSENSUS][SEALER]++++++++++++++++ Generating seal on,blkNum=1,tx=0,nodeIdx=2,hash=1fd7854a...
info|2019-12-11 04:26:04.027717|[g:1][CONSENSUS][PBFT]checkTimeout Succ,view=5994,toView=5995,nodeIdx=2,changeCycle=0,myNode=a2429f99...,timecost=1.331
info|2019-12-11 04:26:04.028266|[g:1][CONSENSUS][PBFT]checkAndChangeView: Reach consensus,org_view=5994,org_changeCycle=0,cur_changeCycle=0,to_view=5995
info|2019-12-11 04:26:05.028836|[g:1][CONSENSUS]addRawPrepare,height=1,reqIdx=3,hash=f43a67b3...
info|2019-12-11 04:26:05.029321|[g:1][CONSENSUS][PBFT]checkTimeout Succ,view=5995,toView=5996,nodeIdx=2,changeCycle=0,myNode=a2429f99...,timecost=0.388
info|2019-12-11 04:26:05.030956|[g:1][CONSENSUS][PBFT]checkAndChangeView: Reach consensus,org_view=5995,org_changeCycle=0,cur_changeCycle=0,to_view=5996
info|2019-12-11 04:26:06.034031|[g:1][CONSENSUS]addRawPrepare,height=1,reqIdx=0,hash=784d8d55...
info|2019-12-11 04:26:06.034404|[g:1][CONSENSUS][PBFT]checkTimeout Succ,view=5996,toView=5997,nodeIdx=2,changeCycle=0,myNode=a2429f99...,timecost=0.275
info|2019-12-11 04:26:06.035866|[g:1][CONSENSUS][PBFT]checkAndChangeView: Reach consensus,org_view=5996,org_changeCycle=0,cur_changeCycle=0,to_view=5997
info|2019-12-11 04:26:07.038262|[g:1][CONSENSUS]addRawPrepare,height=1,reqIdx=1,hash=1279b1a8...
info|2019-12-11 04:26:07.038702|[g:1][CONSENSUS][PBFT]checkTimeout Succ,view=5997,toView=5998,nodeIdx=2,changeCycle=0,myNode=a2429f99...,timecost=0.333
info|2019-12-11 04:26:07.041497|[g:1][CONSENSUS][PBFT]checkAndChangeView: Reach consensus,org_view=5997,org_changeCycle=0,cur_changeCycle=0,to_view=5998
info|2019-12-11 04:26:08.041873|[g:1][CONSENSUS][SEALER]++++++++++++++++ Generating seal on,blkNum=1,tx=0,nodeIdx=2,hash=a30904f6...
info|2019-12-11 04:26:08.047132|[g:1][CONSENSUS][PBFT]checkTimeout Succ,view=5998,toView=5999,nodeIdx=2,changeCycle=0,myNode=a2429f99...,timecost=0.661
info|2019-12-11 04:26:08.047835|[g:1][CONSENSUS][PBFT]checkAndChangeView: Reach consensus,org_view=5998,org_changeCycle=0,cur_changeCycle=0,to_view=5999
info|2019-12-11 04:26:09.050684|[g:1][CONSENSUS]addRawPrepare,height=1,reqIdx=3,hash=50bba7cb...
info|2019-12-11 04:26:09.051577|[g:1][CONSENSUS][PBFT]checkTimeout Succ,view=5999,toView=6000,nodeIdx=2,changeCycle=0,myNode=a2429f99...,timecost=0.689
info|2019-12-11 04:26:09.054993|[g:1][CONSENSUS][PBFT]checkAndChangeView: Reach consensus,org_view=5999,org_changeCycle=0,cur_changeCycle=0,to_view=6000
info|2019-12-11 04:26:10.057922|[g:1][CONSENSUS]addRawPrepare,height=1,reqIdx=0,hash=538d860f...
info|2019-12-11 04:26:10.059067|[g:1][CONSENSUS][PBFT]checkTimeout Succ,view=6000,toView=6001,nodeIdx=2,changeCycle=0,myNode=a2429f99...,timecost=0.942
info|2019-12-11 04:26:10.061748|[g:1][CONSENSUS][PBFT]checkAndChangeView: Reach consensus,org_view=6000,org_changeCycle=0,cur_changeCycle=0,to_view=6001
info|2019-12-11 04:26:11.064203|[g:1][CONSENSUS]addRawPrepare,height=1,reqIdx=1,hash=f86f8563...
info|2019-12-11 04:26:11.065567|[g:1][CONSENSUS][PBFT]checkTimeout Succ,view=6001,toView=6002,nodeIdx=2,changeCycle=0,myNode=a2429f99...,timecost=1.335
info|2019-12-11 04:26:11.068181|[g:1][CONSENSUS][PBFT]checkAndChangeView: Reach consensus,org_view=6001,org_changeCycle=0,cur_changeCycle=0,to_view=6002
info|2019-12-11 04:26:12.069719|[g:1][CONSENSUS][SEALER]++++++++++++++++ Generating seal on,blkNum=1,tx=0,nodeIdx=2,hash=f9dacb36...
info|2019-12-11 04:26:12.074475|[g:1][CONSENSUS][PBFT]checkTimeout Succ,view=6002,toView=6003,nodeIdx=2,changeCycle=0,myNode=a2429f99...,timecost=0.707
info|2019-12-11 04:26:12.076001|[g:1][CONSENSUS][PBFT]checkAndChangeView: Reach consensus,org_view=6002,org_changeCycle=0,cur_changeCycle=0,to_view=6003
info|2019-12-11 04:26:13.020774|[P2P][Service] heartBeat,connected count=3
info|2019-12-11 04:26:13.078850|[g:1][CONSENSUS]addRawPrepare,height=1,reqIdx=3,hash=8fa260b5...
info|2019-12-11 04:26:13.082532|[g:1][CONSENSUS][PBFT]checkTimeout Succ,view=6003,toView=6004,nodeIdx=2,changeCycle=0,myNode=a2429f99...,timecost=3.422
info|2019-12-11 04:26:13.084147|[g:1][CONSENSUS][PBFT]checkAndChangeView: Reach consensus,org_view=6003,org_changeCycle=0,cur_changeCycle=0,to_view=6004
info|2019-12-11 04:26:14.201777|[g:1][CONSENSUS]addRawPrepare,height=1,reqIdx=0,hash=6c886f39...
info|2019-12-11 04:26:14.207408|[g:1][CONSENSUS][PBFT]checkTimeout Succ,view=6004,toView=6005,nodeIdx=2,changeCycle=0,myNode=a2429f99...,timecost=4.401
info|2019-12-11 04:26:14.227075|[g:1][CONSENSUS][PBFT]checkAndChangeView: Reach consensus,org_view=6004,org_changeCycle=0,cur_changeCycle=0,to_view=6005
info|2019-12-11 04:26:15.232954|[g:1][CONSENSUS]addRawPrepare,height=1,reqIdx=1,hash=7e9ad121...
info|2019-12-11 04:26:15.240087|[g:1][CONSENSUS][PBFT]checkTimeout Succ,view=6005,toView=6006,nodeIdx=2,changeCycle=0,myNode=a2429f99...,timecost=5.373
info|2019-12-11 04:26:15.273003|[g:1][CONSENSUS][PBFT]checkAndChangeView: Reach consensus,org_view=6005,org_changeCycle=0,cur_changeCycle=0,to_view=6006
info|2019-12-11 04:26:16.273785|[g:1][CONSENSUS][SEALER]++++++++++++++++ Generating seal on,blkNum=1,tx=0,nodeIdx=2,hash=eb11a6a1...
info|2019-12-11 04:26:16.277609|[g:1][CONSENSUS][PBFT]checkTimeout Succ,view=6006,toView=6007,nodeIdx=2,changeCycle=0,myNode=a2429f99...,timecost=2.066
info|2019-12-11 04:26:16.295972|[g:1][CONSENSUS][PBFT]checkAndChangeView: Reach consensus,org_view=6006,org_changeCycle=0,cur_changeCycle=0,to_view=6007
info|2019-12-11 04:26:17.304912|[g:1][CONSENSUS]addRawPrepare,height=1,reqIdx=3,hash=1b5e495c...
info|2019-12-11 04:26:17.308291|[g:1][CONSENSUS][PBFT]checkTimeout Succ,view=6007,toView=6008,nodeIdx=2,changeCycle=0,myNode=a2429f99...,timecost=2.155
info|2019-12-11 04:26:17.317544|[g:1][CONSENSUS][PBFT]checkAndChangeView: Reach consensus,org_view=6007,org_changeCycle=0,cur_changeCycle=0,to_view=6008
info|2019-12-11 04:26:18.324934|[g:1][CONSENSUS]addRawPrepare,height=1,reqIdx=0,hash=dd8d50b1...
info|2019-12-11 04:26:18.328119|[g:1][CONSENSUS][PBFT]checkTimeout Succ,view=6008,toView=6009,nodeIdx=2,changeCycle=0,myNode=a2429f99...,timecost=2.271
info|2019-12-11 04:26:18.343492|[g:1][CONSENSUS][PBFT]checkAndChangeView: Reach consensus,org_view=6008,org_changeCycle=0,cur_changeCycle=0,to_view=6009
info|2019-12-11 04:26:19.350055|[g:1][CONSENSUS]addRawPrepare,height=1,reqIdx=1,hash=715184d5...
info|2019-12-11 04:26:19.370056|[g:1][CONSENSUS][PBFT]checkTimeout Succ,view=6009,toView=6010,nodeIdx=2,changeCycle=0,myNode=a2429f99...,timecost=18.86
info|2019-12-11 04:26:19.376228|[g:1][CONSENSUS][PBFT]checkAndChangeView: Reach consensus,org_view=6009,org_changeCycle=0,cur_changeCycle=0,to_view=6010
info|2019-12-11 04:26:20.376706|[g:1][CONSENSUS][SEALER]++++++++++++++++ Generating seal on,blkNum=1,tx=0,nodeIdx=2,hash=ea13d627...
info|2019-12-11 04:26:20.388936|[g:1][CONSENSUS][PBFT]checkTimeout Succ,view=6010,toView=6011,nodeIdx=2,changeCycle=0,myNode=a2429f99...,timecost=2.026
info|2019-12-11 04:26:20.399508|[g:1][CONSENSUS][PBFT]checkAndChangeView: Reach consensus,org_view=6010,org_changeCycle=0,cur_changeCycle=0,to_view=6011
info|2019-12-11 04:26:21.402988|[g:1][CONSENSUS]addRawPrepare,height=1,reqIdx=3,hash=8c09ce2e...
info|2019-12-11 04:26:21.407202|[g:1][CONSENSUS][PBFT]checkTimeout Succ,view=6011,toView=6012,nodeIdx=2,changeCycle=0,myNode=a2429f99...,timecost=3.182
info|2019-12-11 04:26:21.419240|[g:1][CONSENSUS][PBFT]checkAndChangeView: Reach consensus,org_view=6011,org_changeCycle=0,cur_changeCycle=0,to_view=6012
info|2019-12-11 04:26:22.424549|[g:1][CONSENSUS]addRawPrepare,height=1,reqIdx=0,hash=55cd66cd...
info|2019-12-11 04:26:22.437963|[g:1][CONSENSUS][PBFT]checkTimeout Succ,view=6012,toView=6013,nodeIdx=2,changeCycle=0,myNode=a2429f99...,timecost=12.459
info|2019-12-11 04:26:22.444627|[g:1][CONSENSUS][PBFT]checkAndChangeView: Reach consensus,org_view=6012,org_changeCycle=0,cur_changeCycle=0,to_view=6013
info|2019-12-11 04:26:23.027868|[P2P][Service] heartBeat,connected count=3
info|2019-12-11 04:26:23.444492|[g:1][CONSENSUS]addRawPrepare,height=1,reqIdx=1,hash=1b54a63f...
info|2019-12-11 04:26:23.450126|[g:1][CONSENSUS][PBFT]checkTimeout Succ,view=6013,toView=6014,nodeIdx=2,changeCycle=0,myNode=a2429f99...,timecost=4.967
info|2019-12-11 04:26:23.457349|[g:1][CONSENSUS][PBFT]checkAndChangeView: Reach consensus,org_view=6013,org_changeCycle=0,cur_changeCycle=0,to_view=6014
info|2019-12-11 04:26:24.458408|[g:1][CONSENSUS][SEALER]++++++++++++++++ Generating seal on,blkNum=1,tx=0,nodeIdx=2,hash=483f9dd6...
info|2019-12-11 04:26:24.459353|[g:1][CONSENSUS][PBFT]checkTimeout Succ,view=6014,toView=6015,nodeIdx=2,changeCycle=0,myNode=a2429f99...,timecost=0.557
info|2019-12-11 04:26:24.462403|[g:1][CONSENSUS][PBFT]checkAndChangeView: Reach consensus,org_view=6014,org_changeCycle=0,cur_changeCycle=0,to_view=6015
info|2019-12-11 04:26:25.464989|[g:1][CONSENSUS]addRawPrepare,height=1,reqIdx=3,hash=96387dc0...
info|2019-12-11 04:26:25.465626|[g:1][CONSENSUS][PBFT]checkTimeout Succ,view=6015,toView=6016,nodeIdx=2,changeCycle=0,myNode=a2429f99...,timecost=0.48
info|2019-12-11 04:26:25.466703|[g:1][CONSENSUS][PBFT]checkAndChangeView: Reach consensus,org_view=6015,org_changeCycle=0,cur_changeCycle=0,to_view=6016
info|2019-12-11 04:26:26.470726|[g:1][CONSENSUS]addRawPrepare,height=1,reqIdx=0,hash=a6027c84...
info|2019-12-11 04:26:26.472176|[g:1][CONSENSUS][PBFT]checkTimeout Succ,view=6016,toView=6017,nodeIdx=2,changeCycle=0,myNode=a2429f99...,timecost=1.228
info|2019-12-11 04:26:26.474028|[g:1][CONSENSUS][PBFT]checkAndChangeView: Reach consensus,org_view=6016,org_changeCycle=0,cur_changeCycle=0,to_view=6017
info|2019-12-11 04:26:27.475168|[g:1][CONSENSUS]addRawPrepare,height=1,reqIdx=1,hash=22eb9b74...
info|2019-12-11 04:26:27.475884|[g:1][CONSENSUS][PBFT]checkTimeout Succ,view=6017,toView=6018,nodeIdx=2,changeCycle=0,myNode=a2429f99...,timecost=0.444
info|2019-12-11 04:26:27.477664|[g:1][CONSENSUS][PBFT]checkAndChangeView: Reach consensus,org_view=6017,org_changeCycle=0,cur_changeCycle=0,to_view=6018
info|2019-12-11 04:26:28.478324|[g:1][CONSENSUS][SEALER]++++++++++++++++ Generating seal on,blkNum=1,tx=0,nodeIdx=2,hash=a9f39123...
info|2019-12-11 04:26:28.481924|[g:1][CONSENSUS][PBFT]checkTimeout Succ,view=6018,toView=6019,nodeIdx=2,changeCycle=0,myNode=a2429f99...,timecost=0.488
info|2019-12-11 04:26:28.482521|[g:1][CONSENSUS][PBFT]checkAndChangeView: Reach consensus,org_view=6018,org_changeCycle=0,cur_changeCycle=0,to_view=6019
info|2019-12-11 04:26:29.484013|[g:1][CONSENSUS]addRawPrepare,height=1,reqIdx=3,hash=499ba18f...
info|2019-12-11 04:26:29.484450|[g:1][CONSENSUS][PBFT]checkTimeout Succ,view=6019,toView=6020,nodeIdx=2,changeCycle=0,myNode=a2429f99...,timecost=0.311
info|2019-12-11 04:26:29.486713|[g:1][CONSENSUS][PBFT]checkAndChangeView: Reach consensus,org_view=6019,org_changeCycle=0,cur_changeCycle=0,to_view=6020
info|2019-12-11 04:26:30.488300|[g:1][CONSENSUS]addRawPrepare,height=1,reqIdx=0,hash=24028930...
info|2019-12-11 04:26:30.489273|[g:1][CONSENSUS][PBFT]checkTimeout Succ,view=6020,toView=6021,nodeIdx=2,changeCycle=0,myNode=a2429f99...,timecost=0.756
info|2019-12-11 04:26:30.491325|[g:1][CONSENSUS][PBFT]checkAndChangeView: Reach consensus,org_view=6020,org_changeCycle=0,cur_changeCycle=0,to_view=6021
info|2019-12-11 04:26:31.494019|[g:1][CONSENSUS]addRawPrepare,height=1,reqIdx=1,hash=fc5c1fb8...
info|2019-12-11 04:26:31.495736|[g:1][CONSENSUS][PBFT]checkTimeout Succ,view=6021,toView=6022,nodeIdx=2,changeCycle=0,myNode=a2429f99...,timecost=1.509
info|2019-12-11 04:26:31.498235|[g:1][CONSENSUS][PBFT]checkAndChangeView: Reach consensus,org_view=6021,org_changeCycle=0,cur_changeCycle=0,to_view=6022
info|2019-12-11 04:26:32.499200|[g:1][CONSENSUS][SEALER]++++++++++++++++ Generating seal on,blkNum=1,tx=0,nodeIdx=2,hash=eafddbcf...
info|2019-12-11 04:26:32.504796|[g:1][CONSENSUS][PBFT]checkTimeout Succ,view=6022,toView=6023,nodeIdx=2,changeCycle=0,myNode=a2429f99...,timecost=0.457
info|2019-12-11 04:26:32.505579|[g:1][CONSENSUS][PBFT]checkAndChangeView: Reach consensus,org_view=6022,org_changeCycle=0,cur_changeCycle=0,to_view=6023
info|2019-12-11 04:26:33.032201|[P2P][Service] heartBeat,connected count=3
info|2019-12-11 04:26:33.508989|[g:1][CONSENSUS]addRawPrepare,height=1,reqIdx=3,hash=c05887dc...
info|2019-12-11 04:26:33.509931|[g:1][CONSENSUS][PBFT]checkTimeout Succ,view=6023,toView=6024,nodeIdx=2,changeCycle=0,myNode=a2429f99...,timecost=0.722
info|2019-12-11 04:26:33.512663|[g:1][CONSENSUS][PBFT]checkAndChangeView: Reach consensus,org_view=6023,org_changeCycle=0,cur_changeCycle=0,to_view=6024
info|2019-12-11 04:26:34.514393|[g:1][CONSENSUS]addRawPrepare,height=1,reqIdx=0,hash=c4818cf5...
info|2019-12-11 04:26:34.516506|[g:1][CONSENSUS][PBFT]checkTimeout Succ,view=6024,toView=6025,nodeIdx=2,changeCycle=0,myNode=a2429f99...,timecost=1.65
info|2019-12-11 04:26:34.518258|[g:1][CONSENSUS][PBFT]checkAndChangeView: Reach consensus,org_view=6024,org_changeCycle=0,cur_changeCycle=0,to_view=6025
info|2019-12-11 04:26:35.521734|[g:1][CONSENSUS]addRawPrepare,height=1,reqIdx=1,hash=19c1dc6c...
info|2019-12-11 04:26:35.522620|[g:1][CONSENSUS][PBFT]checkTimeout Succ,view=6025,toView=6026,nodeIdx=2,changeCycle=0,myNode=a2429f99...,timecost=0.669
info|2019-12-11 04:26:35.524840|[g:1][CONSENSUS][PBFT]checkAndChangeView: Reach consensus,org_view=6025,org_changeCycle=0,cur_changeCycle=0,to_view=6026
info|2019-12-11 04:26:36.524782|[g:1][CONSENSUS][SEALER]++++++++++++++++ Generating seal on,blkNum=1,tx=0,nodeIdx=2,hash=fc4c6b3e...
info|2019-12-11 04:26:36.526076|[g:1][CONSENSUS][PBFT]checkTimeout Succ,view=6026,toView=6027,nodeIdx=2,changeCycle=0,myNode=a2429f99...,timecost=0.747
info|2019-12-11 04:26:36.531050|[g:1][CONSENSUS][PBFT]checkAndChangeView: Reach consensus,org_view=6026,org_changeCycle=0,cur_changeCycle=0,to_view=6027
info|2019-12-11 04:26:37.533211|[g:1][CONSENSUS]addRawPrepare,height=1,reqIdx=3,hash=bad4b3b7...
info|2019-12-11 04:26:37.534904|[g:1][CONSENSUS][PBFT]checkTimeout Succ,view=6027,toView=6028,nodeIdx=2,changeCycle=0,myNode=a2429f99...,timecost=1.484
info|2019-12-11 04:26:37.536813|[g:1][CONSENSUS][PBFT]checkAndChangeView: Reach consensus,org_view=6027,org_changeCycle=0,cur_changeCycle=0,to_view=6028
info|2019-12-11 04:26:38.538597|[g:1][CONSENSUS]addRawPrepare,height=1,reqIdx=0,hash=32500ffa...
info|2019-12-11 04:26:38.540317|[g:1][CONSENSUS][PBFT]checkTimeout Succ,view=6028,toView=6029,nodeIdx=2,changeCycle=0,myNode=a2429f99...,timecost=1.5
info|2019-12-11 04:26:38.542092|[g:1][CONSENSUS][PBFT]checkAndChangeView: Reach consensus,org_view=6028,org_changeCycle=0,cur_changeCycle=0,to_view=6029
info|2019-12-11 04:26:39.543391|[g:1][CONSENSUS]addRawPrepare,height=1,reqIdx=1,hash=47a9c39b...
info|2019-12-11 04:26:39.543810|[g:1][CONSENSUS][PBFT]checkTimeout Succ,view=6029,toView=6030,nodeIdx=2,changeCycle=0,myNode=a2429f99...,timecost=0.326
info|2019-12-11 04:26:39.545784|[g:1][CONSENSUS][PBFT]checkAndChangeView: Reach consensus,org_view=6029,org_changeCycle=0,cur_changeCycle=0,to_view=6030
warning|2019-12-11 04:41:34.022621|[g:1][CONSENSUS][PBFT]ViewChangeWarning: not caused by omit empty block ,v=6030,toV=6031,curNum=0,hash=535430dd...,nodeIdx=2,myNode=a2429f99...
info|2019-12-11 04:41:34.027878|[P2P][Service] heartBeat,connected count=3
info|2019-12-11 04:41:34.027870|[g:1][CONSENSUS][PBFT]checkTimeout Succ,view=6030,toView=6031,nodeIdx=2,changeCycle=1,myNode=a2429f99...,timecost=20.23
info|2019-12-11 04:41:34.029818|[g:1][CONSENSUS][PBFT]checkAndChangeView: Reach consensus,org_view=6030,org_changeCycle=1,cur_changeCycle=1,to_view=6031
info|2019-12-11 04:41:35.027787|[g:1][CONSENSUS]addRawPrepare,height=1,reqIdx=3,hash=6dbb575b...
info|2019-12-11 04:41:35.028268|[g:1][CONSENSUS][PBFT]checkTimeout Succ,view=6031,toView=6032,nodeIdx=2,changeCycle=0,myNode=a2429f99...,timecost=0.274
info|2019-12-11 04:41:35.029792|[g:1][CONSENSUS][PBFT]checkAndChangeView: Reach consensus,org_view=6031,org_changeCycle=0,cur_changeCycle=0,to_view=6032
info|2019-12-11 04:41:36.031455|[g:1][CONSENSUS]addRawPrepare,height=1,reqIdx=0,hash=15fb8faa...
info|2019-12-11 04:41:36.031885|[g:1][CONSENSUS][PBFT]checkTimeout Succ,view=6032,toView=6033,nodeIdx=2,changeCycle=0,myNode=a2429f99...,timecost=0.328
info|2019-12-11 04:41:36.032900|[g:1][CONSENSUS][PBFT]checkAndChangeView: Reach consensus,org_view=6032,org_changeCycle=0,cur_changeCycle=0,to_view=6033
info|2019-12-11 04:41:37.034406|[g:1][CONSENSUS]addRawPrepare,height=1,reqIdx=1,hash=d19eb685...
info|2019-12-11 04:41:37.034944|[g:1][CONSENSUS][PBFT]checkTimeout Succ,view=6033,toView=6034,nodeIdx=2,changeCycle=0,myNode=a2429f99...,timecost=0.276
info|2019-12-11 04:41:37.036974|[g:1][CONSENSUS][PBFT]checkAndChangeView: Reach consensus,org_view=6033,org_changeCycle=0,cur_changeCycle=0,to_view=6034
info|2019-12-11 04:41:38.038324|[g:1][CONSENSUS][SEALER]++++++++++++++++ Generating seal on,blkNum=1,tx=0,nodeIdx=2,hash=90b5a62b...
info|2019-12-11 04:41:38.041417|[g:1][CONSENSUS][PBFT]checkTimeout Succ,view=6034,toView=6035,nodeIdx=2,changeCycle=0,myNode=a2429f99...,timecost=0.339
info|2019-12-11 04:41:38.042095|[g:1][CONSENSUS][PBFT]checkAndChangeView: Reach consensus,org_view=6034,org_changeCycle=0,cur_changeCycle=0,to_view=6035
info|2019-12-11 04:41:39.042974|[g:1][CONSENSUS]addRawPrepare,height=1,reqIdx=3,hash=e9fc0e80...
info|2019-12-11 04:41:39.043317|[g:1][CONSENSUS][PBFT]checkTimeout Succ,view=6035,toView=6036,nodeIdx=2,changeCycle=0,myNode=a2429f99...,timecost=0.244
info|2019-12-11 04:41:39.046118|[g:1][CONSENSUS][PBFT]checkAndChangeView: Reach consensus,org_view=6035,org_changeCycle=0,cur_changeCycle=0,to_view=6036
info|2019-12-11 04:41:40.047378|[g:1][CONSENSUS]addRawPrepare,height=1,reqIdx=0,hash=46637bb9...
info|2019-12-11 04:41:40.047907|[g:1][CONSENSUS][PBFT]checkTimeout Succ,view=6036,toView=6037,nodeIdx=2,changeCycle=0,myNode=a2429f99...,timecost=0.405
info|2019-12-11 04:41:40.048789|[g:1][CONSENSUS][PBFT]checkAndChangeView: Reach consensus,org_view=6036,org_changeCycle=0,cur_changeCycle=0,to_view=6037
info|2019-12-11 04:41:41.051103|[g:1][CONSENSUS]addRawPrepare,height=1,reqIdx=1,hash=5bc91a8b...
info|2019-12-11 04:41:41.051593|[g:1][CONSENSUS][PBFT]checkTimeout Succ,view=6037,toView=6038,nodeIdx=2,changeCycle=0,myNode=a2429f99...,timecost=0.387
info|2019-12-11 04:41:41.054176|[g:1][CONSENSUS][PBFT]checkAndChangeView: Reach consensus,org_view=6037,org_changeCycle=0,cur_changeCycle=0,to_view=6038
info|2019-12-11 04:41:42.055067|[g:1][CONSENSUS][SEALER]++++++++++++++++ Generating seal on,blkNum=1,tx=0,nodeIdx=2,hash=fc348d5d...
info|2019-12-11 04:41:42.057145|[g:1][CONSENSUS][PBFT]checkTimeout Succ,view=6038,toView=6039,nodeIdx=2,changeCycle=0,myNode=a2429f99...,timecost=0.295
info|2019-12-11 04:41:42.058189|[g:1][CONSENSUS][PBFT]checkAndChangeView: Reach consensus,org_view=6038,org_changeCycle=0,cur_changeCycle=0,to_view=6039
info|2019-12-11 04:41:43.061626|[g:1][CONSENSUS]addRawPrepare,height=1,reqIdx=3,hash=ffd3a7ec...
info|2019-12-11 04:41:43.064298|[g:1][CONSENSUS][PBFT]checkTimeout Succ,view=6039,toView=6040,nodeIdx=2,changeCycle=0,myNode=a2429f99...,timecost=2.463
info|2019-12-11 04:41:43.065894|[g:1][CONSENSUS][PBFT]checkAndChangeView: Reach consensus,org_view=6039,org_changeCycle=0,cur_changeCycle=0,to_view=6040
info|2019-12-11 04:41:44.028835|[P2P][Service] heartBeat,connected count=3
info|2019-12-11 04:41:44.068155|[g:1][CONSENSUS]addRawPrepare,height=1,reqIdx=0,hash=e775f062...
info|2019-12-11 04:41:44.069367|[g:1][CONSENSUS][PBFT]checkTimeout Succ,view=6040,toView=6041,nodeIdx=2,changeCycle=0,myNode=a2429f99...,timecost=1.003
info|2019-12-11 04:41:44.073033|[g:1][CONSENSUS][PBFT]checkAndChangeView: Reach consensus,org_view=6040,org_changeCycle=0,cur_changeCycle=0,to_view=6041
info|2019-12-11 04:41:45.091213|[g:1][CONSENSUS]addRawPrepare,height=1,reqIdx=1,hash=6f1bd222...
info|2019-12-11 04:41:45.096069|[g:1][CONSENSUS][PBFT]checkTimeout Succ,view=6041,toView=6042,nodeIdx=2,changeCycle=0,myNode=a2429f99...,timecost=4.35
info|2019-12-11 04:41:45.110595|[g:1][CONSENSUS][PBFT]checkAndChangeView: Reach consensus,org_view=6041,org_changeCycle=0,cur_changeCycle=0,to_view=6042
info|2019-12-11 04:41:46.111113|[g:1][CONSENSUS][SEALER]++++++++++++++++ Generating seal on,blkNum=1,tx=0,nodeIdx=2,hash=d452bc11...
info|2019-12-11 04:41:46.115062|[g:1][CONSENSUS][PBFT]checkTimeout Succ,view=6042,toView=6043,nodeIdx=2,changeCycle=0,myNode=a2429f99...,timecost=2.384
info|2019-12-11 04:41:46.132474|[g:1][CONSENSUS][PBFT]checkAndChangeView: Reach consensus,org_view=6042,org_changeCycle=0,cur_changeCycle=0,to_view=6043
info|2019-12-11 04:41:47.135899|[g:1][CONSENSUS]addRawPrepare,height=1,reqIdx=3,hash=229c550c...
info|2019-12-11 04:41:47.138897|[g:1][CONSENSUS][PBFT]checkTimeout Succ,view=6043,toView=6044,nodeIdx=2,changeCycle=0,myNode=a2429f99...,timecost=2.332
info|2019-12-11 04:41:47.151407|[g:1][CONSENSUS][PBFT]checkAndChangeView: Reach consensus,org_view=6043,org_changeCycle=0,cur_changeCycle=0,to_view=6044
info|2019-12-11 04:41:48.155741|[g:1][CONSENSUS]addRawPrepare,height=1,reqIdx=0,hash=b301e305...
info|2019-12-11 04:41:48.159795|[g:1][CONSENSUS][PBFT]checkTimeout Succ,view=6044,toView=6045,nodeIdx=2,changeCycle=0,myNode=a2429f99...,timecost=2.25
info|2019-12-11 04:41:48.172970|[g:1][CONSENSUS][PBFT]checkAndChangeView: Reach consensus,org_view=6044,org_changeCycle=0,cur_changeCycle=0,to_view=6045
info|2019-12-11 04:41:49.173868|[g:1][CONSENSUS]addRawPrepare,height=1,reqIdx=1,hash=3fc86fb3...
info|2019-12-11 04:41:49.177117|[g:1][CONSENSUS][PBFT]checkTimeout Succ,view=6045,toView=6046,nodeIdx=2,changeCycle=0,myNode=a2429f99...,timecost=2.627
info|2019-12-11 04:41:49.188447|[g:1][CONSENSUS][PBFT]checkAndChangeView: Reach consensus,org_view=6045,org_changeCycle=0,cur_changeCycle=0,to_view=6046
info|2019-12-11 04:41:50.188612|[g:1][CONSENSUS][SEALER]++++++++++++++++ Generating seal on,blkNum=1,tx=0,nodeIdx=2,hash=ad2e0aa7...
info|2019-12-11 04:41:50.192330|[g:1][CONSENSUS][PBFT]checkTimeout Succ,view=6046,toView=6047,nodeIdx=2,changeCycle=0,myNode=a2429f99...,timecost=2.079
info|2019-12-11 04:41:50.214151|[g:1][CONSENSUS][PBFT]checkAndChangeView: Reach consensus,org_view=6046,org_changeCycle=0,cur_changeCycle=0,to_view=6047
info|2019-12-11 04:41:51.214319|[g:1][CONSENSUS]addRawPrepare,height=1,reqIdx=3,hash=06284fe8...
info|2019-12-11 04:41:51.217325|[g:1][CONSENSUS][PBFT]checkTimeout Succ,view=6047,toView=6048,nodeIdx=2,changeCycle=0,myNode=a2429f99...,timecost=2.255
info|2019-12-11 04:41:51.227544|[g:1][CONSENSUS][PBFT]checkAndChangeView: Reach consensus,org_view=6047,org_changeCycle=0,cur_changeCycle=0,to_view=6048
info|2019-12-11 04:41:52.234724|[g:1][CONSENSUS]addRawPrepare,height=1,reqIdx=0,hash=fc9b4834...
info|2019-12-11 04:41:52.237822|[g:1][CONSENSUS][PBFT]checkTimeout Succ,view=6048,toView=6049,nodeIdx=2,changeCycle=0,myNode=a2429f99...,timecost=2.216
info|2019-12-11 04:41:52.248597|[g:1][CONSENSUS][PBFT]checkAndChangeView: Reach consensus,org_view=6048,org_changeCycle=0,cur_changeCycle=0,to_view=6049
info|2019-12-11 04:41:53.256635|[g:1][CONSENSUS]addRawPrepare,height=1,reqIdx=1,hash=e5ca7125...
info|2019-12-11 04:41:53.263229|[g:1][CONSENSUS][PBFT]checkTimeout Succ,view=6049,toView=6050,nodeIdx=2,changeCycle=0,myNode=a2429f99...,timecost=5.316
info|2019-12-11 04:41:53.271996|[g:1][CONSENSUS][PBFT]checkAndChangeView: Reach consensus,org_view=6049,org_changeCycle=0,cur_changeCycle=0,to_view=6050
info|2019-12-11 04:41:54.029625|[P2P][Service] heartBeat,connected count=3
info|2019-12-11 04:41:54.272769|[g:1][CONSENSUS][SEALER]++++++++++++++++ Generating seal on,blkNum=1,tx=0,nodeIdx=2,hash=8c778050...
info|2019-12-11 04:41:54.287407|[g:1][CONSENSUS][PBFT]checkTimeout Succ,view=6050,toView=6051,nodeIdx=2,changeCycle=0,myNode=a2429f99...,timecost=2.615
info|2019-12-11 04:41:54.294303|[g:1][CONSENSUS][PBFT]checkAndChangeView: Reach consensus,org_view=6050,org_changeCycle=0,cur_changeCycle=0,to_view=6051
info|2019-12-11 04:41:55.301690|[g:1][CONSENSUS]addRawPrepare,height=1,reqIdx=3,hash=8b590037...
info|2019-12-11 04:41:55.303618|[g:1][CONSENSUS][PBFT]checkTimeout Succ,view=6051,toView=6052,nodeIdx=2,changeCycle=0,myNode=a2429f99...,timecost=1.485
info|2019-12-11 04:41:55.306128|[g:1][CONSENSUS][PBFT]checkAndChangeView: Reach consensus,org_view=6051,org_changeCycle=0,cur_changeCycle=0,to_view=6052
info|2019-12-11 04:41:56.307210|[g:1][CONSENSUS]addRawPrepare,height=1,reqIdx=0,hash=c1f470cf...
info|2019-12-11 04:41:56.307891|[g:1][CONSENSUS][PBFT]checkTimeout Succ,view=6052,toView=6053,nodeIdx=2,changeCycle=0,myNode=a2429f99...,timecost=0.545
info|2019-12-11 04:41:56.309751|[g:1][CONSENSUS][PBFT]checkAndChangeView: Reach consensus,org_view=6052,org_changeCycle=0,cur_changeCycle=0,to_view=6053
info|2019-12-11 04:41:57.311584|[g:1][CONSENSUS]addRawPrepare,height=1,reqIdx=1,hash=b2b94c1a...
info|2019-12-11 04:41:57.313250|[g:1][CONSENSUS][PBFT]checkTimeout Succ,view=6053,toView=6054,nodeIdx=2,changeCycle=0,myNode=a2429f99...,timecost=1.514
info|2019-12-11 04:41:57.314522|[g:1][CONSENSUS][PBFT]checkAndChangeView: Reach consensus,org_view=6053,org_changeCycle=0,cur_changeCycle=0,to_view=6054
info|2019-12-11 04:41:58.314754|[g:1][CONSENSUS][SEALER]++++++++++++++++ Generating seal on,blkNum=1,tx=0,nodeIdx=2,hash=02badd34...
info|2019-12-11 04:41:58.317478|[g:1][CONSENSUS][PBFT]checkTimeout Succ,view=6054,toView=6055,nodeIdx=2,changeCycle=0,myNode=a2429f99...,timecost=0.42
info|2019-12-11 04:41:58.318565|[g:1][CONSENSUS][PBFT]checkAndChangeView: Reach consensus,org_view=6054,org_changeCycle=0,cur_changeCycle=0,to_view=6055
info|2019-12-11 04:41:59.321863|[g:1][CONSENSUS]addRawPrepare,height=1,reqIdx=3,hash=231749f9...
info|2019-12-11 04:41:59.324215|[g:1][CONSENSUS][PBFT]checkTimeout Succ,view=6055,toView=6056,nodeIdx=2,changeCycle=0,myNode=a2429f99...,timecost=2.184
info|2019-12-11 04:41:59.325303|[g:1][CONSENSUS][PBFT]checkAndChangeView: Reach consensus,org_view=6055,org_changeCycle=0,cur_changeCycle=0,to_view=6056
info|2019-12-11 04:42:00.326807|[g:1][CONSENSUS]addRawPrepare,height=1,reqIdx=0,hash=6f042bee...
info|2019-12-11 04:42:00.327413|[g:1][CONSENSUS][PBFT]checkTimeout Succ,view=6056,toView=6057,nodeIdx=2,changeCycle=0,myNode=a2429f99...,timecost=0.466
info|2019-12-11 04:42:00.329808|[g:1][CONSENSUS][PBFT]checkAndChangeView: Reach consensus,org_view=6056,org_changeCycle=0,cur_changeCycle=0,to_view=6057
info|2019-12-11 04:42:01.331697|[g:1][CONSENSUS]addRawPrepare,height=1,reqIdx=1,hash=8446a63c...
info|2019-12-11 04:42:01.333037|[g:1][CONSENSUS][PBFT]checkTimeout Succ,view=6057,toView=6058,nodeIdx=2,changeCycle=0,myNode=a2429f99...,timecost=0.813
info|2019-12-11 04:42:01.335116|[g:1][CONSENSUS][PBFT]checkAndChangeView: Reach consensus,org_view=6057,org_changeCycle=0,cur_changeCycle=0,to_view=6058
info|2019-12-11 04:42:02.335943|[g:1][CONSENSUS][SEALER]++++++++++++++++ Generating seal on,blkNum=1,tx=0,nodeIdx=2,hash=0bc839b8...
info|2019-12-11 04:42:02.340553|[g:1][CONSENSUS][PBFT]checkTimeout Succ,view=6058,toView=6059,nodeIdx=2,changeCycle=0,myNode=a2429f99...,timecost=0.551
info|2019-12-11 04:42:02.342932|[g:1][CONSENSUS][PBFT]checkAndChangeView: Reach consensus,org_view=6058,org_changeCycle=0,cur_changeCycle=0,to_view=6059
info|2019-12-11 04:42:03.343870|[g:1][CONSENSUS]addRawPrepare,height=1,reqIdx=3,hash=d9f7e08e...
info|2019-12-11 04:42:03.346210|[g:1][CONSENSUS][PBFT]checkTimeout Succ,view=6059,toView=6060,nodeIdx=2,changeCycle=0,myNode=a2429f99...,timecost=2.147
info|2019-12-11 04:42:03.347719|[g:1][CONSENSUS][PBFT]checkAndChangeView: Reach consensus,org_view=6059,org_changeCycle=0,cur_changeCycle=0,to_view=6060
info|2019-12-11 04:42:04.031779|[P2P][Service] heartBeat,connected count=3
info|2019-12-11 04:42:04.350045|[g:1][CONSENSUS]addRawPrepare,height=1,reqIdx=0,hash=a51fb4b8...
info|2019-12-11 04:42:04.350646|[g:1][CONSENSUS][PBFT]checkTimeout Succ,view=6060,toView=6061,nodeIdx=2,changeCycle=0,myNode=a2429f99...,timecost=0.459
info|2019-12-11 04:42:04.353172|[g:1][CONSENSUS][PBFT]checkAndChangeView: Reach consensus,org_view=6060,org_changeCycle=0,cur_changeCycle=0,to_view=6061
info|2019-12-11 04:42:05.355005|[g:1][CONSENSUS]addRawPrepare,height=1,reqIdx=1,hash=5c4b82d4...
info|2019-12-11 04:42:05.355373|[g:1][CONSENSUS][PBFT]checkTimeout Succ,view=6061,toView=6062,nodeIdx=2,changeCycle=0,myNode=a2429f99...,timecost=0.265
info|2019-12-11 04:42:05.356959|[g:1][CONSENSUS][PBFT]checkAndChangeView: Reach consensus,org_view=6061,org_changeCycle=0,cur_changeCycle=0,to_view=6062
info|2019-12-11 04:42:06.357182|[g:1][CONSENSUS][SEALER]++++++++++++++++ Generating seal on,blkNum=1,tx=0,nodeIdx=2,hash=9cc7c1b5...
info|2019-12-11 04:42:06.361551|[g:1][CONSENSUS][PBFT]checkTimeout Succ,view=6062,toView=6063,nodeIdx=2,changeCycle=0,myNode=a2429f99...,timecost=0.686
info|2019-12-11 04:42:06.363576|[g:1][CONSENSUS][PBFT]checkAndChangeView: Reach consensus,org_view=6062,org_changeCycle=0,cur_changeCycle=0,to_view=6063
info|2019-12-11 04:42:07.367197|[g:1][CONSENSUS]addRawPrepare,height=1,reqIdx=3,hash=1b927c7d...
info|2019-12-11 04:42:07.369155|[g:1][CONSENSUS][PBFT]checkTimeout Succ,view=6063,toView=6064,nodeIdx=2,changeCycle=0,myNode=a2429f99...,timecost=0.744
info|2019-12-11 04:42:07.371692|[g:1][CONSENSUS][PBFT]checkAndChangeView: Reach consensus,org_view=6063,org_changeCycle=0,cur_changeCycle=0,to_view=6064
info|2019-12-11 04:42:08.372987|[g:1][CONSENSUS]addRawPrepare,height=1,reqIdx=0,hash=637300d3...
info|2019-12-11 04:42:08.376622|[g:1][CONSENSUS][PBFT]checkTimeout Succ,view=6064,toView=6065,nodeIdx=2,changeCycle=0,myNode=a2429f99...,timecost=3.421
info|2019-12-11 04:42:08.377814|[g:1][CONSENSUS][PBFT]checkAndChangeView: Reach consensus,org_view=6064,org_changeCycle=0,cur_changeCycle=0,to_view=6065
info|2019-12-11 04:42:09.378972|[g:1][CONSENSUS]addRawPrepare,height=1,reqIdx=1,hash=a5c78ce7...
info|2019-12-11 04:42:09.380471|[g:1][CONSENSUS][PBFT]checkTimeout Succ,view=6065,toView=6066,nodeIdx=2,changeCycle=0,myNode=a2429f99...,timecost=1.31
info|2019-12-11 04:42:09.383331|[g:1][CONSENSUS][PBFT]checkAndChangeView: Reach consensus,org_view=6065,org_changeCycle=0,cur_changeCycle=0,to_view=6066
info|2019-12-11 04:42:10.383112|[g:1][CONSENSUS][SEALER]++++++++++++++++ Generating seal on,blkNum=1,tx=0,nodeIdx=2,hash=49637bd9...
info|2019-12-11 04:42:10.383938|[g:1][CONSENSUS][PBFT]checkTimeout Succ,view=6066,toView=6067,nodeIdx=2,changeCycle=0,myNode=a2429f99...,timecost=0.343
info|2019-12-11 04:42:10.390592|[g:1][CONSENSUS][PBFT]checkAndChangeView: Reach consensus,org_view=6066,org_changeCycle=0,cur_changeCycle=0,to_view=6067
warning|2019-12-11 04:57:06.019351|[g:1][CONSENSUS][PBFT]ViewChangeWarning: not caused by omit empty block ,v=6067,toV=6068,curNum=0,hash=535430dd...,nodeIdx=2,myNode=a2429f99...
info|2019-12-11 04:57:06.020618|[P2P][Service] heartBeat,connected count=3
info|2019-12-11 04:57:06.020735|[g:1][CONSENSUS][PBFT]checkTimeout Succ,view=6067,toView=6068,nodeIdx=2,changeCycle=1,myNode=a2429f99...,timecost=16.205
info|2019-12-11 04:57:06.022548|[g:1][CONSENSUS][PBFT]checkAndChangeView: Reach consensus,org_view=6067,org_changeCycle=1,cur_changeCycle=1,to_view=6068
info|2019-12-11 04:57:07.024376|[g:1][CONSENSUS]addRawPrepare,height=1,reqIdx=0,hash=e0aa6496...
info|2019-12-11 04:57:07.024765|[g:1][CONSENSUS][PBFT]checkTimeout Succ,view=6068,toView=6069,nodeIdx=2,changeCycle=0,myNode=a2429f99...,timecost=0.288
info|2019-12-11 04:57:07.026018|[g:1][CONSENSUS][PBFT]checkAndChangeView: Reach consensus,org_view=6068,org_changeCycle=0,cur_changeCycle=0,to_view=6069
info|2019-12-11 04:57:08.028572|[g:1][CONSENSUS]addRawPrepare,height=1,reqIdx=1,hash=3ee0fd96...
info|2019-12-11 04:57:08.029048|[g:1][CONSENSUS][PBFT]checkTimeout Succ,view=6069,toView=6070,nodeIdx=2,changeCycle=0,myNode=a2429f99...,timecost=0.371
info|2019-12-11 04:57:08.030582|[g:1][CONSENSUS][PBFT]checkAndChangeView: Reach consensus,org_view=6069,org_changeCycle=0,cur_changeCycle=0,to_view=6070
info|2019-12-11 04:57:09.031522|[g:1][CONSENSUS][SEALER]++++++++++++++++ Generating seal on,blkNum=1,tx=0,nodeIdx=2,hash=f1fa26e5...
info|2019-12-11 04:57:09.034419|[g:1][CONSENSUS][PBFT]checkTimeout Succ,view=6070,toView=6071,nodeIdx=2,changeCycle=0,myNode=a2429f99...,timecost=0.292
info|2019-12-11 04:57:09.035510|[g:1][CONSENSUS][PBFT]checkAndChangeView: Reach consensus,org_view=6070,org_changeCycle=0,cur_changeCycle=0,to_view=6071
info|2019-12-11 04:57:10.036024|[g:1][CONSENSUS]addRawPrepare,height=1,reqIdx=3,hash=acbc9fcb...
info|2019-12-11 04:57:10.036405|[g:1][CONSENSUS][PBFT]checkTimeout Succ,view=6071,toView=6072,nodeIdx=2,changeCycle=0,myNode=a2429f99...,timecost=0.279
info|2019-12-11 04:57:10.038490|[g:1][CONSENSUS][PBFT]checkAndChangeView: Reach consensus,org_view=6071,org_changeCycle=0,cur_changeCycle=0,to_view=6072
info|2019-12-11 04:57:11.040052|[g:1][CONSENSUS]addRawPrepare,height=1,reqIdx=0,hash=e7b6439f...
info|2019-12-11 04:57:11.041577|[g:1][CONSENSUS][PBFT]checkTimeout Succ,view=6072,toView=6073,nodeIdx=2,changeCycle=0,myNode=a2429f99...,timecost=1.345
info|2019-12-11 04:57:11.042842|[g:1][CONSENSUS][PBFT]checkAndChangeView: Reach consensus,org_view=6072,org_changeCycle=0,cur_changeCycle=0,to_view=6073
info|2019-12-11 04:57:12.044594|[g:1][CONSENSUS]addRawPrepare,height=1,reqIdx=1,hash=18d9b41e...
info|2019-12-11 04:57:12.046035|[g:1][CONSENSUS][PBFT]checkTimeout Succ,view=6073,toView=6074,nodeIdx=2,changeCycle=0,myNode=a2429f99...,timecost=1.177
info|2019-12-11 04:57:12.048510|[g:1][CONSENSUS][PBFT]checkAndChangeView: Reach consensus,org_view=6073,org_changeCycle=0,cur_changeCycle=0,to_view=6074
info|2019-12-11 04:57:13.049058|[g:1][CONSENSUS][SEALER]++++++++++++++++ Generating seal on,blkNum=1,tx=0,nodeIdx=2,hash=a5f8d66a...
info|2019-12-11 04:57:13.053260|[g:1][CONSENSUS][PBFT]checkTimeout Succ,view=6074,toView=6075,nodeIdx=2,changeCycle=0,myNode=a2429f99...,timecost=0.864
info|2019-12-11 04:57:13.054805|[g:1][CONSENSUS][PBFT]checkAndChangeView: Reach consensus,org_view=6074,org_changeCycle=0,cur_changeCycle=0,to_view=6075
info|2019-12-11 04:57:14.057587|[g:1][CONSENSUS]addRawPrepare,height=1,reqIdx=3,hash=dd8cddc0...
info|2019-12-11 04:57:14.058781|[g:1][CONSENSUS][PBFT]checkTimeout Succ,view=6075,toView=6076,nodeIdx=2,changeCycle=0,myNode=a2429f99...,timecost=0.984
info|2019-12-11 04:57:14.061077|[g:1][CONSENSUS][PBFT]checkAndChangeView: Reach consensus,org_view=6075,org_changeCycle=0,cur_changeCycle=0,to_view=6076
info|2019-12-11 04:57:15.064909|[g:1][CONSENSUS]addRawPrepare,height=1,reqIdx=0,hash=27f367cc...
info|2019-12-11 04:57:15.066233|[g:1][CONSENSUS][PBFT]checkTimeout Succ,view=6076,toView=6077,nodeIdx=2,changeCycle=0,myNode=a2429f99...,timecost=1.108
info|2019-12-11 04:57:15.068410|[g:1][CONSENSUS][PBFT]checkAndChangeView: Reach consensus,org_view=6076,org_changeCycle=0,cur_changeCycle=0,to_view=6077
info|2019-12-11 04:57:16.021495|[P2P][Service] heartBeat,connected count=3
info|2019-12-11 04:57:16.073287|[g:1][CONSENSUS]addRawPrepare,height=1,reqIdx=1,hash=526f04dd...
info|2019-12-11 04:57:16.074178|[g:1][CONSENSUS][PBFT]checkTimeout Succ,view=6077,toView=6078,nodeIdx=2,changeCycle=0,myNode=a2429f99...,timecost=0.665
info|2019-12-11 04:57:16.076528|[g:1][CONSENSUS][PBFT]checkAndChangeView: Reach consensus,org_view=6077,org_changeCycle=0,cur_changeCycle=0,to_view=6078
info|2019-12-11 04:57:17.078952|[g:1][CONSENSUS][SEALER]++++++++++++++++ Generating seal on,blkNum=1,tx=0,nodeIdx=2,hash=28e20483...
info|2019-12-11 04:57:17.101482|[g:1][CONSENSUS][PBFT]checkTimeout Succ,view=6078,toView=6079,nodeIdx=2,changeCycle=0,myNode=a2429f99...,timecost=2.188
info|2019-12-11 04:57:17.112152|[g:1][CONSENSUS][PBFT]checkAndChangeView: Reach consensus,org_view=6078,org_changeCycle=0,cur_changeCycle=0,to_view=6079
info|2019-12-11 04:57:18.108577|[g:1][CONSENSUS]addRawPrepare,height=1,reqIdx=3,hash=cd86564e...
info|2019-12-11 04:57:18.116324|[g:1][CONSENSUS][PBFT]checkTimeout Succ,view=6079,toView=6080,nodeIdx=2,changeCycle=0,myNode=a2429f99...,timecost=6.99
info|2019-12-11 04:57:18.126454|[g:1][CONSENSUS][PBFT]checkAndChangeView: Reach consensus,org_view=6079,org_changeCycle=0,cur_changeCycle=0,to_view=6080
info|2019-12-11 04:57:19.132449|[g:1][CONSENSUS]addRawPrepare,height=1,reqIdx=0,hash=c613d009...
info|2019-12-11 04:57:19.146565|[g:1][CONSENSUS][PBFT]checkTimeout Succ,view=6080,toView=6081,nodeIdx=2,changeCycle=0,myNode=a2429f99...,timecost=12.839
info|2019-12-11 04:57:19.152471|[g:1][CONSENSUS][PBFT]checkAndChangeView: Reach consensus,org_view=6080,org_changeCycle=0,cur_changeCycle=0,to_view=6081
info|2019-12-11 04:57:20.151413|[g:1][CONSENSUS]addRawPrepare,height=1,reqIdx=1,hash=fd22651e...
info|2019-12-11 04:57:20.154665|[g:1][CONSENSUS][PBFT]checkTimeout Succ,view=6081,toView=6082,nodeIdx=2,changeCycle=0,myNode=a2429f99...,timecost=2.525
info|2019-12-11 04:57:20.162367|[g:1][CONSENSUS][PBFT]checkAndChangeView: Reach consensus,org_view=6081,org_changeCycle=0,cur_changeCycle=0,to_view=6082
info|2019-12-11 04:57:21.162957|[g:1][CONSENSUS][SEALER]++++++++++++++++ Generating seal on,blkNum=1,tx=0,nodeIdx=2,hash=ec396387...
info|2019-12-11 04:57:21.168515|[g:1][CONSENSUS][PBFT]checkTimeout Succ,view=6082,toView=6083,nodeIdx=2,changeCycle=0,myNode=a2429f99...,timecost=4.012
info|2019-12-11 04:57:21.181739|[g:1][CONSENSUS][PBFT]checkAndChangeView: Reach consensus,org_view=6082,org_changeCycle=0,cur_changeCycle=0,to_view=6083
info|2019-12-11 04:57:22.199619|[g:1][CONSENSUS]addRawPrepare,height=1,reqIdx=3,hash=e6d4be6f...
info|2019-12-11 04:57:22.207823|[g:1][CONSENSUS][PBFT]checkTimeout Succ,view=6083,toView=6084,nodeIdx=2,changeCycle=0,myNode=a2429f99...,timecost=7.179
info|2019-12-11 04:57:22.215866|[g:1][CONSENSUS][PBFT]checkAndChangeView: Reach consensus,org_view=6083,org_changeCycle=0,cur_changeCycle=0,to_view=6084
info|2019-12-11 04:57:23.218893|[g:1][CONSENSUS]addRawPrepare,height=1,reqIdx=0,hash=18b278dd...
info|2019-12-11 04:57:23.222294|[g:1][CONSENSUS][PBFT]checkTimeout Succ,view=6084,toView=6085,nodeIdx=2,changeCycle=0,myNode=a2429f99...,timecost=2.512
info|2019-12-11 04:57:23.233013|[g:1][CONSENSUS][PBFT]checkAndChangeView: Reach consensus,org_view=6084,org_changeCycle=0,cur_changeCycle=0,to_view=6085
info|2019-12-11 04:57:24.240662|[g:1][CONSENSUS]addRawPrepare,height=1,reqIdx=1,hash=cb19440f...
info|2019-12-11 04:57:24.244457|[g:1][CONSENSUS][PBFT]checkTimeout Succ,view=6085,toView=6086,nodeIdx=2,changeCycle=0,myNode=a2429f99...,timecost=2.982
info|2019-12-11 04:57:24.252869|[g:1][CONSENSUS][PBFT]checkAndChangeView: Reach consensus,org_view=6085,org_changeCycle=0,cur_changeCycle=0,to_view=6086
info|2019-12-11 04:57:25.253630|[g:1][CONSENSUS][SEALER]++++++++++++++++ Generating seal on,blkNum=1,tx=0,nodeIdx=2,hash=9361d48e...
info|2019-12-11 04:57:25.265167|[g:1][CONSENSUS][PBFT]checkTimeout Succ,view=6086,toView=6087,nodeIdx=2,changeCycle=0,myNode=a2429f99...,timecost=2.576
info|2019-12-11 04:57:25.274268|[g:1][CONSENSUS][PBFT]checkAndChangeView: Reach consensus,org_view=6086,org_changeCycle=0,cur_changeCycle=0,to_view=6087
info|2019-12-11 04:57:26.025175|[P2P][Service] heartBeat,connected count=3
info|2019-12-11 04:57:26.284140|[g:1][CONSENSUS]addRawPrepare,height=1,reqIdx=3,hash=a3afee7d...
info|2019-12-11 04:57:26.298926|[g:1][CONSENSUS][PBFT]checkTimeout Succ,view=6087,toView=6088,nodeIdx=2,changeCycle=0,myNode=a2429f99...,timecost=13.294
info|2019-12-11 04:57:26.307532|[g:1][CONSENSUS][PBFT]checkAndChangeView: Reach consensus,org_view=6087,org_changeCycle=0,cur_changeCycle=0,to_view=6088
info|2019-12-11 04:57:27.313176|[g:1][CONSENSUS]addRawPrepare,height=1,reqIdx=0,hash=10b90859...
info|2019-12-11 04:57:27.313850|[g:1][CONSENSUS][PBFT]checkTimeout Succ,view=6088,toView=6089,nodeIdx=2,changeCycle=0,myNode=a2429f99...,timecost=0.498
info|2019-12-11 04:57:27.316441|[g:1][CONSENSUS][PBFT]checkAndChangeView: Reach consensus,org_view=6088,org_changeCycle=0,cur_changeCycle=0,to_view=6089
info|2019-12-11 04:57:28.316326|[g:1][CONSENSUS]addRawPrepare,height=1,reqIdx=1,hash=d143cfd7...
info|2019-12-11 04:57:28.316974|[g:1][CONSENSUS][PBFT]checkTimeout Succ,view=6089,toView=6090,nodeIdx=2,changeCycle=0,myNode=a2429f99...,timecost=0.491
info|2019-12-11 04:57:28.318900|[g:1][CONSENSUS][PBFT]checkAndChangeView: Reach consensus,org_view=6089,org_changeCycle=0,cur_changeCycle=0,to_view=6090
info|2019-12-11 04:57:29.318624|[g:1][CONSENSUS][SEALER]++++++++++++++++ Generating seal on,blkNum=1,tx=0,nodeIdx=2,hash=1efc5256...
info|2019-12-11 04:57:29.319679|[g:1][CONSENSUS][PBFT]checkTimeout Succ,view=6090,toView=6091,nodeIdx=2,changeCycle=0,myNode=a2429f99...,timecost=0.636
info|2019-12-11 04:57:29.322970|[g:1][CONSENSUS][PBFT]checkAndChangeView: Reach consensus,org_view=6090,org_changeCycle=0,cur_changeCycle=0,to_view=6091
info|2019-12-11 04:57:30.323408|[g:1][CONSENSUS]addRawPrepare,height=1,reqIdx=3,hash=22f8bd85...
info|2019-12-11 04:57:30.323965|[g:1][CONSENSUS][PBFT]checkTimeout Succ,view=6091,toView=6092,nodeIdx=2,changeCycle=0,myNode=a2429f99...,timecost=0.416
info|2019-12-11 04:57:30.326193|[g:1][CONSENSUS][PBFT]checkAndChangeView: Reach consensus,org_view=6091,org_changeCycle=0,cur_changeCycle=0,to_view=6092
info|2019-12-11 04:57:31.329672|[g:1][CONSENSUS]addRawPrepare,height=1,reqIdx=0,hash=9361388b...
info|2019-12-11 04:57:31.330901|[g:1][CONSENSUS][PBFT]checkTimeout Succ,view=6092,toView=6093,nodeIdx=2,changeCycle=0,myNode=a2429f99...,timecost=1.01
info|2019-12-11 04:57:31.334454|[g:1][CONSENSUS][PBFT]checkAndChangeView: Reach consensus,org_view=6092,org_changeCycle=0,cur_changeCycle=0,to_view=6093
info|2019-12-11 04:57:32.334666|[g:1][CONSENSUS]addRawPrepare,height=1,reqIdx=1,hash=77ba286c...
info|2019-12-11 04:57:32.335186|[g:1][CONSENSUS][PBFT]checkTimeout Succ,view=6093,toView=6094,nodeIdx=2,changeCycle=0,myNode=a2429f99...,timecost=0.264
info|2019-12-11 04:57:32.336621|[g:1][CONSENSUS][PBFT]checkAndChangeView: Reach consensus,org_view=6093,org_changeCycle=0,cur_changeCycle=0,to_view=6094
info|2019-12-11 04:57:33.336243|[g:1][CONSENSUS][SEALER]++++++++++++++++ Generating seal on,blkNum=1,tx=0,nodeIdx=2,hash=b239f364...
info|2019-12-11 04:57:33.337672|[g:1][CONSENSUS][PBFT]checkTimeout Succ,view=6094,toView=6095,nodeIdx=2,changeCycle=0,myNode=a2429f99...,timecost=0.869
info|2019-12-11 04:57:33.341449|[g:1][CONSENSUS][PBFT]checkAndChangeView: Reach consensus,org_view=6094,org_changeCycle=0,cur_changeCycle=0,to_view=6095
info|2019-12-11 04:57:34.344806|[g:1][CONSENSUS]addRawPrepare,height=1,reqIdx=3,hash=0e202607...
info|2019-12-11 04:57:34.346623|[g:1][CONSENSUS][PBFT]checkTimeout Succ,view=6095,toView=6096,nodeIdx=2,changeCycle=0,myNode=a2429f99...,timecost=0.963
info|2019-12-11 04:57:34.348620|[g:1][CONSENSUS][PBFT]checkAndChangeView: Reach consensus,org_view=6095,org_changeCycle=0,cur_changeCycle=0,to_view=6096
info|2019-12-11 04:57:35.350543|[g:1][CONSENSUS]addRawPrepare,height=1,reqIdx=0,hash=ad6335f1...
info|2019-12-11 04:57:35.352181|[g:1][CONSENSUS][PBFT]checkTimeout Succ,view=6096,toView=6097,nodeIdx=2,changeCycle=0,myNode=a2429f99...,timecost=1.43
info|2019-12-11 04:57:35.354980|[g:1][CONSENSUS][PBFT]checkAndChangeView: Reach consensus,org_view=6096,org_changeCycle=0,cur_changeCycle=0,to_view=6097
info|2019-12-11 04:57:36.031174|[P2P][Service] heartBeat,connected count=3
info|2019-12-11 04:57:36.358885|[g:1][CONSENSUS]addRawPrepare,height=1,reqIdx=1,hash=82ec2513...
info|2019-12-11 04:57:36.362574|[g:1][CONSENSUS][PBFT]checkTimeout Succ,view=6097,toView=6098,nodeIdx=2,changeCycle=0,myNode=a2429f99...,timecost=2.716
info|2019-12-11 04:57:36.363977|[g:1][CONSENSUS][PBFT]checkAndChangeView: Reach consensus,org_view=6097,org_changeCycle=0,cur_changeCycle=0,to_view=6098
info|2019-12-11 04:57:37.363455|[g:1][CONSENSUS][SEALER]++++++++++++++++ Generating seal on,blkNum=1,tx=0,nodeIdx=2,hash=8220d9b6...
info|2019-12-11 04:57:37.364061|[g:1][CONSENSUS][PBFT]checkTimeout Succ,view=6098,toView=6099,nodeIdx=2,changeCycle=0,myNode=a2429f99...,timecost=0.278
info|2019-12-11 04:57:37.366669|[g:1][CONSENSUS][PBFT]checkAndChangeView: Reach consensus,org_view=6098,org_changeCycle=0,cur_changeCycle=0,to_view=6099
info|2019-12-11 04:57:38.368866|[g:1][CONSENSUS]addRawPrepare,height=1,reqIdx=3,hash=07140b5f...
info|2019-12-11 04:57:38.370185|[g:1][CONSENSUS][PBFT]checkTimeout Succ,view=6099,toView=6100,nodeIdx=2,changeCycle=0,myNode=a2429f99...,timecost=0.81
info|2019-12-11 04:57:38.371986|[g:1][CONSENSUS][PBFT]checkAndChangeView: Reach consensus,org_view=6099,org_changeCycle=0,cur_changeCycle=0,to_view=6100
info|2019-12-11 04:57:39.376729|[g:1][CONSENSUS]addRawPrepare,height=1,reqIdx=0,hash=03604c1b...
info|2019-12-11 04:57:39.377709|[g:1][CONSENSUS][PBFT]checkTimeout Succ,view=6100,toView=6101,nodeIdx=2,changeCycle=0,myNode=a2429f99...,timecost=0.695
info|2019-12-11 04:57:39.380260|[g:1][CONSENSUS][PBFT]checkAndChangeView: Reach consensus,org_view=6100,org_changeCycle=0,cur_changeCycle=0,to_view=6101
info|2019-12-11 04:57:40.382647|[g:1][CONSENSUS]addRawPrepare,height=1,reqIdx=1,hash=0102c727...
info|2019-12-11 04:57:40.383869|[g:1][CONSENSUS][PBFT]checkTimeout Succ,view=6101,toView=6102,nodeIdx=2,changeCycle=0,myNode=a2429f99...,timecost=1.035
info|2019-12-11 04:57:40.385618|[g:1][CONSENSUS][PBFT]checkAndChangeView: Reach consensus,org_view=6101,org_changeCycle=0,cur_changeCycle=0,to_view=6102
info|2019-12-11 04:57:41.385395|[g:1][CONSENSUS][SEALER]++++++++++++++++ Generating seal on,blkNum=1,tx=0,nodeIdx=2,hash=0306898a...
info|2019-12-11 04:57:41.386854|[g:1][CONSENSUS][PBFT]checkTimeout Succ,view=6102,toView=6103,nodeIdx=2,changeCycle=0,myNode=a2429f99...,timecost=0.906
info|2019-12-11 04:57:41.390804|[g:1][CONSENSUS][PBFT]checkAndChangeView: Reach consensus,org_view=6102,org_changeCycle=0,cur_changeCycle=0,to_view=6103
info|2019-12-11 04:57:42.395056|[g:1][CONSENSUS]addRawPrepare,height=1,reqIdx=3,hash=0951aefd...
info|2019-12-11 04:57:42.395584|[g:1][CONSENSUS][PBFT]checkTimeout Succ,view=6103,toView=6104,nodeIdx=2,changeCycle=0,myNode=a2429f99...,timecost=0.412
info|2019-12-11 04:57:42.397721|[g:1][CONSENSUS][PBFT]checkAndChangeView: Reach consensus,org_view=6103,org_changeCycle=0,cur_changeCycle=0,to_view=6104
