warning|2019-12-11 05:12:37.005054|[g:1][CONSENSUS][PBFT]ViewChangeWarning: not caused by omit empty block ,v=6104,toV=6105,curNum=0,hash=535430dd...,nodeIdx=2,myNode=a2429f99...
info|2019-12-11 05:12:37.005163|[g:1][CONSENSUS][PBFT]checkTimeout Succ,view=6104,toView=6105,nodeIdx=2,changeCycle=1,myNode=a2429f99...,timecost=0.347
info|2019-12-11 05:12:37.010776|[P2P][Service] heartBeat,connected count=3
info|2019-12-11 05:12:37.024427|[g:1][CONSENSUS][PBFT]checkAndChangeView: Reach consensus,org_view=6104,org_changeCycle=1,cur_changeCycle=1,to_view=6105
info|2019-12-11 05:12:38.021556|[g:1][CONSENSUS]addRawPrepare,height=1,reqIdx=1,hash=daf48f98...
info|2019-12-11 05:12:38.021921|[g:1][CONSENSUS][PBFT]checkTimeout Succ,view=6105,toView=6106,nodeIdx=2,changeCycle=0,myNode=a2429f99...,timecost=0.271
info|2019-12-11 05:12:38.023515|[g:1][CONSENSUS][PBFT]checkAndChangeView: Reach consensus,org_view=6105,org_changeCycle=0,cur_changeCycle=0,to_view=6106
info|2019-12-11 05:12:39.023555|[g:1][CONSENSUS][SEALER]++++++++++++++++ Generating seal on,blkNum=1,tx=0,nodeIdx=2,hash=b1906909...
info|2019-12-11 05:12:39.025682|[g:1][CONSENSUS][PBFT]checkTimeout Succ,view=6106,toView=6107,nodeIdx=2,changeCycle=0,myNode=a2429f99...,timecost=0.377
info|2019-12-11 05:12:39.026576|[g:1][CONSENSUS][PBFT]checkAndChangeView: Reach consensus,org_view=6106,org_changeCycle=0,cur_changeCycle=0,to_view=6107
info|2019-12-11 05:12:40.028103|[g:1][CONSENSUS]addRawPrepare,height=1,reqIdx=3,hash=45772711...
info|2019-12-11 05:12:40.028575|[g:1][CONSENSUS][PBFT]checkTimeout Succ,view=6107,toView=6108,nodeIdx=2,changeCycle=0,myNode=a2429f99...,timecost=0.256
info|2019-12-11 05:12:40.030020|[g:1][CONSENSUS][PBFT]checkAndChangeView: Reach consensus,org_view=6107,org_changeCycle=0,cur_changeCycle=0,to_view=6108
info|2019-12-11 05:12:41.032423|[g:1][CONSENSUS]addRawPrepare,height=1,reqIdx=0,hash=2a7f1fcc...
info|2019-12-11 05:12:41.033086|[g:1][CONSENSUS][PBFT]checkTimeout Succ,view=6108,toView=6109,nodeIdx=2,changeCycle=0,myNode=a2429f99...,timecost=0.506
info|2019-12-11 05:12:41.035251|[g:1][CONSENSUS][PBFT]checkAndChangeView: Reach consensus,org_view=6108,org_changeCycle=0,cur_changeCycle=0,to_view=6109
info|2019-12-11 05:12:42.036010|[g:1][CONSENSUS]addRawPrepare,height=1,reqIdx=1,hash=dcf3c75d...
info|2019-12-11 05:12:42.036538|[g:1][CONSENSUS][PBFT]checkTimeout Succ,view=6109,toView=6110,nodeIdx=2,changeCycle=0,myNode=a2429f99...,timecost=0.43
info|2019-12-11 05:12:42.038447|[g:1][CONSENSUS][PBFT]checkAndChangeView: Reach consensus,org_view=6109,org_changeCycle=0,cur_changeCycle=0,to_view=6110
info|2019-12-11 05:12:43.038179|[g:1][CONSENSUS][SEALER]++++++++++++++++ Generating seal on,blkNum=1,tx=0,nodeIdx=2,hash=e44893b8...
info|2019-12-11 05:12:43.038701|[g:1][CONSENSUS][PBFT]checkTimeout Succ,view=6110,toView=6111,nodeIdx=2,changeCycle=0,myNode=a2429f99...,timecost=0.291
info|2019-12-11 05:12:43.041087|[g:1][CONSENSUS][PBFT]checkAndChangeView: Reach consensus,org_view=6110,org_changeCycle=0,cur_changeCycle=0,to_view=6111
info|2019-12-11 05:12:44.044688|[g:1][CONSENSUS]addRawPrepare,height=1,reqIdx=3,hash=cf79c253...
info|2019-12-11 05:12:44.046049|[g:1][CONSENSUS][PBFT]checkTimeout Succ,view=6111,toView=6112,nodeIdx=2,changeCycle=0,myNode=a2429f99...,timecost=1.09
info|2019-12-11 05:12:44.047765|[g:1][CONSENSUS][PBFT]checkAndChangeView: Reach consensus,org_view=6111,org_changeCycle=0,cur_changeCycle=0,to_view=6112
info|2019-12-11 05:12:45.049750|[g:1][CONSENSUS]addRawPrepare,height=1,reqIdx=0,hash=0950b0e1...
info|2019-12-11 05:12:45.051179|[g:1][CONSENSUS][PBFT]checkTimeout Succ,view=6112,toView=6113,nodeIdx=2,changeCycle=0,myNode=a2429f99...,timecost=1.11
info|2019-12-11 05:12:45.052951|[g:1][CONSENSUS][PBFT]checkAndChangeView: Reach consensus,org_view=6112,org_changeCycle=0,cur_changeCycle=0,to_view=6113
info|2019-12-11 05:12:46.056983|[g:1][CONSENSUS]addRawPrepare,height=1,reqIdx=1,hash=062e9f93...
info|2019-12-11 05:12:46.058329|[g:1][CONSENSUS][PBFT]checkTimeout Succ,view=6113,toView=6114,nodeIdx=2,changeCycle=0,myNode=a2429f99...,timecost=1.101
info|2019-12-11 05:12:46.060442|[g:1][CONSENSUS][PBFT]checkAndChangeView: Reach consensus,org_view=6113,org_changeCycle=0,cur_changeCycle=0,to_view=6114
info|2019-12-11 05:12:47.019350|[P2P][Service] heartBeat,connected count=3
info|2019-12-11 05:12:47.061744|[g:1][CONSENSUS][SEALER]++++++++++++++++ Generating seal on,blkNum=1,tx=0,nodeIdx=2,hash=d54fd9b9...
info|2019-12-11 05:12:47.065152|[g:1][CONSENSUS][PBFT]checkTimeout Succ,view=6114,toView=6115,nodeIdx=2,changeCycle=0,myNode=a2429f99...,timecost=0.532
info|2019-12-11 05:12:47.066593|[g:1][CONSENSUS][PBFT]checkAndChangeView: Reach consensus,org_view=6114,org_changeCycle=0,cur_changeCycle=0,to_view=6115
info|2019-12-11 05:12:48.181323|[g:1][CONSENSUS]addRawPrepare,height=1,reqIdx=3,hash=bd377aa8...
info|2019-12-11 05:12:48.189807|[g:1][CONSENSUS][PBFT]checkTimeout Succ,view=6115,toView=6116,nodeIdx=2,changeCycle=0,myNode=a2429f99...,timecost=7.759
info|2019-12-11 05:12:48.235966|[g:1][CONSENSUS][PBFT]checkAndChangeView: Reach consensus,org_view=6115,org_changeCycle=0,cur_changeCycle=0,to_view=6116
info|2019-12-11 05:12:49.242673|[g:1][CONSENSUS]addRawPrepare,height=1,reqIdx=0,hash=bb2305ef...
info|2019-12-11 05:12:49.246315|[g:1][CONSENSUS][PBFT]checkTimeout Succ,view=6116,toView=6117,nodeIdx=2,changeCycle=0,myNode=a2429f99...,timecost=2.745
info|2019-12-11 05:12:49.255037|[g:1][CONSENSUS][PBFT]checkAndChangeView: Reach consensus,org_view=6116,org_changeCycle=0,cur_changeCycle=0,to_view=6117
info|2019-12-11 05:12:50.262434|[g:1][CONSENSUS]addRawPrepare,height=1,reqIdx=1,hash=3c5161a2...
info|2019-12-11 05:12:50.265887|[g:1][CONSENSUS][PBFT]checkTimeout Succ,view=6117,toView=6118,nodeIdx=2,changeCycle=0,myNode=a2429f99...,timecost=2.764
info|2019-12-11 05:12:50.275330|[g:1][CONSENSUS][PBFT]checkAndChangeView: Reach consensus,org_view=6117,org_changeCycle=0,cur_changeCycle=0,to_view=6118
info|2019-12-11 05:12:51.276003|[g:1][CONSENSUS][SEALER]++++++++++++++++ Generating seal on,blkNum=1,tx=0,nodeIdx=2,hash=2c171d5a...
info|2019-12-11 05:12:51.287922|[g:1][CONSENSUS][PBFT]checkTimeout Succ,view=6118,toView=6119,nodeIdx=2,changeCycle=0,myNode=a2429f99...,timecost=2.943
info|2019-12-11 05:12:51.304336|[g:1][CONSENSUS][PBFT]checkAndChangeView: Reach consensus,org_view=6118,org_changeCycle=0,cur_changeCycle=0,to_view=6119
info|2019-12-11 05:12:52.304552|[g:1][CONSENSUS]addRawPrepare,height=1,reqIdx=3,hash=78586f7a...
info|2019-12-11 05:12:52.308572|[g:1][CONSENSUS][PBFT]checkTimeout Succ,view=6119,toView=6120,nodeIdx=2,changeCycle=0,myNode=a2429f99...,timecost=3.206
info|2019-12-11 05:12:52.316749|[g:1][CONSENSUS][PBFT]checkAndChangeView: Reach consensus,org_view=6119,org_changeCycle=0,cur_changeCycle=0,to_view=6120
info|2019-12-11 05:12:53.334459|[g:1][CONSENSUS]addRawPrepare,height=1,reqIdx=0,hash=8b4cbe18...
info|2019-12-11 05:12:53.337946|[g:1][CONSENSUS][PBFT]checkTimeout Succ,view=6120,toView=6121,nodeIdx=2,changeCycle=0,myNode=a2429f99...,timecost=2.807
info|2019-12-11 05:12:53.349124|[g:1][CONSENSUS][PBFT]checkAndChangeView: Reach consensus,org_view=6120,org_changeCycle=0,cur_changeCycle=0,to_view=6121
info|2019-12-11 05:12:54.355898|[g:1][CONSENSUS]addRawPrepare,height=1,reqIdx=1,hash=abae95dc...
info|2019-12-11 05:12:54.359602|[g:1][CONSENSUS][PBFT]checkTimeout Succ,view=6121,toView=6122,nodeIdx=2,changeCycle=0,myNode=a2429f99...,timecost=2.783
info|2019-12-11 05:12:54.369961|[g:1][CONSENSUS][PBFT]checkAndChangeView: Reach consensus,org_view=6121,org_changeCycle=0,cur_changeCycle=0,to_view=6122
info|2019-12-11 05:12:55.372149|[g:1][CONSENSUS][SEALER]++++++++++++++++ Generating seal on,blkNum=1,tx=0,nodeIdx=2,hash=6b632d6c...
info|2019-12-11 05:12:55.387591|[g:1][CONSENSUS][PBFT]checkTimeout Succ,view=6122,toView=6123,nodeIdx=2,changeCycle=0,myNode=a2429f99...,timecost=4.346
info|2019-12-11 05:12:55.396434|[g:1][CONSENSUS][PBFT]checkAndChangeView: Reach consensus,org_view=6122,org_changeCycle=0,cur_changeCycle=0,to_view=6123
info|2019-12-11 05:12:56.398815|[g:1][CONSENSUS]addRawPrepare,height=1,reqIdx=3,hash=a616d816...
info|2019-12-11 05:12:56.402004|[g:1][CONSENSUS][PBFT]checkTimeout Succ,view=6123,toView=6124,nodeIdx=2,changeCycle=0,myNode=a2429f99...,timecost=2.472
info|2019-12-11 05:12:56.414173|[g:1][CONSENSUS][PBFT]checkAndChangeView: Reach consensus,org_view=6123,org_changeCycle=0,cur_changeCycle=0,to_view=6124
info|2019-12-11 05:12:57.026786|[P2P][Service] heartBeat,connected count=3
info|2019-12-11 05:12:57.427922|[g:1][CONSENSUS]addRawPrepare,height=1,reqIdx=0,hash=fe1d054a...
info|2019-12-11 05:12:57.430941|[g:1][CONSENSUS][PBFT]checkTimeout Succ,view=6124,toView=6125,nodeIdx=2,changeCycle=0,myNode=a2429f99...,timecost=2.309
info|2019-12-11 05:12:57.441487|[g:1][CONSENSUS][PBFT]checkAndChangeView: Reach consensus,org_view=6124,org_changeCycle=0,cur_changeCycle=0,to_view=6125
info|2019-12-11 05:12:58.442842|[g:1][CONSENSUS]addRawPrepare,height=1,reqIdx=1,hash=a190e8d1...
info|2019-12-11 05:12:58.443751|[g:1][CONSENSUS][PBFT]checkTimeout Succ,view=6125,toView=6126,nodeIdx=2,changeCycle=0,myNode=a2429f99...,timecost=0.762
info|2019-12-11 05:12:58.445930|[g:1][CONSENSUS][PBFT]checkAndChangeView: Reach consensus,org_view=6125,org_changeCycle=0,cur_changeCycle=0,to_view=6126
info|2019-12-11 05:12:59.445152|[g:1][CONSENSUS][SEALER]++++++++++++++++ Generating seal on,blkNum=1,tx=0,nodeIdx=2,hash=443fa97f...
info|2019-12-11 05:12:59.447695|[g:1][CONSENSUS][PBFT]checkTimeout Succ,view=6126,toView=6127,nodeIdx=2,changeCycle=0,myNode=a2429f99...,timecost=0.274
info|2019-12-11 05:12:59.448538|[g:1][CONSENSUS][PBFT]checkAndChangeView: Reach consensus,org_view=6126,org_changeCycle=0,cur_changeCycle=0,to_view=6127
info|2019-12-11 05:13:00.449749|[g:1][CONSENSUS]addRawPrepare,height=1,reqIdx=3,hash=899c9194...
info|2019-12-11 05:13:00.451120|[g:1][CONSENSUS][PBFT]checkTimeout Succ,view=6127,toView=6128,nodeIdx=2,changeCycle=0,myNode=a2429f99...,timecost=1.199
info|2019-12-11 05:13:00.452390|[g:1][CONSENSUS][PBFT]checkAndChangeView: Reach consensus,org_view=6127,org_changeCycle=0,cur_changeCycle=0,to_view=6128
info|2019-12-11 05:13:01.455552|[g:1][CONSENSUS]addRawPrepare,height=1,reqIdx=0,hash=5afa9925...
info|2019-12-11 05:13:01.456894|[g:1][CONSENSUS][PBFT]checkTimeout Succ,view=6128,toView=6129,nodeIdx=2,changeCycle=0,myNode=a2429f99...,timecost=0.696
info|2019-12-11 05:13:01.460011|[g:1][CONSENSUS][PBFT]checkAndChangeView: Reach consensus,org_view=6128,org_changeCycle=0,cur_changeCycle=0,to_view=6129
info|2019-12-11 05:13:02.461675|[g:1][CONSENSUS]addRawPrepare,height=1,reqIdx=1,hash=1412c3dc...
info|2019-12-11 05:13:02.462902|[g:1][CONSENSUS][PBFT]checkTimeout Succ,view=6129,toView=6130,nodeIdx=2,changeCycle=0,myNode=a2429f99...,timecost=0.689
info|2019-12-11 05:13:02.465491|[g:1][CONSENSUS][PBFT]checkAndChangeView: Reach consensus,org_view=6129,org_changeCycle=0,cur_changeCycle=0,to_view=6130
info|2019-12-11 05:13:03.466336|[g:1][CONSENSUS][SEALER]++++++++++++++++ Generating seal on,blkNum=1,tx=0,nodeIdx=2,hash=219aba43...
info|2019-12-11 05:13:03.470845|[g:1][CONSENSUS][PBFT]checkTimeout Succ,view=6130,toView=6131,nodeIdx=2,changeCycle=0,myNode=a2429f99...,timecost=0.784
info|2019-12-11 05:13:03.472630|[g:1][CONSENSUS][PBFT]checkAndChangeView: Reach consensus,org_view=6130,org_changeCycle=0,cur_changeCycle=0,to_view=6131
info|2019-12-11 05:13:04.475733|[g:1][CONSENSUS]addRawPrepare,height=1,reqIdx=3,hash=aec9ca5f...
info|2019-12-11 05:13:04.476973|[g:1][CONSENSUS][PBFT]checkTimeout Succ,view=6131,toView=6132,nodeIdx=2,changeCycle=0,myNode=a2429f99...,timecost=1.032
info|2019-12-11 05:13:04.480229|[g:1][CONSENSUS][PBFT]checkAndChangeView: Reach consensus,org_view=6131,org_changeCycle=0,cur_changeCycle=0,to_view=6132
info|2019-12-11 05:13:05.483152|[g:1][CONSENSUS]addRawPrepare,height=1,reqIdx=0,hash=3f247a4d...
info|2019-12-11 05:13:05.484689|[g:1][CONSENSUS][PBFT]checkTimeout Succ,view=6132,toView=6133,nodeIdx=2,changeCycle=0,myNode=a2429f99...,timecost=1.335
info|2019-12-11 05:13:05.486641|[g:1][CONSENSUS][PBFT]checkAndChangeView: Reach consensus,org_view=6132,org_changeCycle=0,cur_changeCycle=0,to_view=6133
info|2019-12-11 05:13:06.489989|[g:1][CONSENSUS]addRawPrepare,height=1,reqIdx=1,hash=33ce72ea...
info|2019-12-11 05:13:06.493717|[g:1][CONSENSUS][PBFT]checkTimeout Succ,view=6133,toView=6134,nodeIdx=2,changeCycle=0,myNode=a2429f99...,timecost=3.55
info|2019-12-11 05:13:06.494804|[g:1][CONSENSUS][PBFT]checkAndChangeView: Reach consensus,org_view=6133,org_changeCycle=0,cur_changeCycle=0,to_view=6134
info|2019-12-11 05:13:07.028772|[P2P][Service] heartBeat,connected count=3
info|2019-12-11 05:13:07.494864|[g:1][CONSENSUS][SEALER]++++++++++++++++ Generating seal on,blkNum=1,tx=0,nodeIdx=2,hash=03c65938...
info|2019-12-11 05:13:07.499506|[g:1][CONSENSUS][PBFT]checkTimeout Succ,view=6134,toView=6135,nodeIdx=2,changeCycle=0,myNode=a2429f99...,timecost=0.771
info|2019-12-11 05:13:07.501154|[g:1][CONSENSUS][PBFT]checkAndChangeView: Reach consensus,org_view=6134,org_changeCycle=0,cur_changeCycle=0,to_view=6135
info|2019-12-11 05:13:08.502638|[g:1][CONSENSUS]addRawPrepare,height=1,reqIdx=3,hash=8b38d7bf...
info|2019-12-11 05:13:08.503306|[g:1][CONSENSUS][PBFT]checkTimeout Succ,view=6135,toView=6136,nodeIdx=2,changeCycle=0,myNode=a2429f99...,timecost=0.495
info|2019-12-11 05:13:08.504566|[g:1][CONSENSUS][PBFT]checkAndChangeView: Reach consensus,org_view=6135,org_changeCycle=0,cur_changeCycle=0,to_view=6136
info|2019-12-11 05:13:09.507612|[g:1][CONSENSUS]addRawPrepare,height=1,reqIdx=0,hash=2a90c124...
info|2019-12-11 05:13:09.508631|[g:1][CONSENSUS][PBFT]checkTimeout Succ,view=6136,toView=6137,nodeIdx=2,changeCycle=0,myNode=a2429f99...,timecost=0.824
info|2019-12-11 05:13:09.511792|[g:1][CONSENSUS][PBFT]checkAndChangeView: Reach consensus,org_view=6136,org_changeCycle=0,cur_changeCycle=0,to_view=6137
info|2019-12-11 05:13:10.514212|[g:1][CONSENSUS]addRawPrepare,height=1,reqIdx=1,hash=c16e2e58...
info|2019-12-11 05:13:10.516336|[g:1][CONSENSUS][PBFT]checkTimeout Succ,view=6137,toView=6138,nodeIdx=2,changeCycle=0,myNode=a2429f99...,timecost=1.905
info|2019-12-11 05:13:10.518208|[g:1][CONSENSUS][PBFT]checkAndChangeView: Reach consensus,org_view=6137,org_changeCycle=0,cur_changeCycle=0,to_view=6138
info|2019-12-11 05:13:11.518336|[g:1][CONSENSUS][SEALER]++++++++++++++++ Generating seal on,blkNum=1,tx=0,nodeIdx=2,hash=adc5f9cf...
info|2019-12-11 05:13:11.523669|[g:1][CONSENSUS][PBFT]checkTimeout Succ,view=6138,toView=6139,nodeIdx=2,changeCycle=0,myNode=a2429f99...,timecost=0.605
info|2019-12-11 05:13:11.524416|[g:1][CONSENSUS][PBFT]checkAndChangeView: Reach consensus,org_view=6138,org_changeCycle=0,cur_changeCycle=0,to_view=6139
info|2019-12-11 05:13:12.528824|[g:1][CONSENSUS]addRawPrepare,height=1,reqIdx=3,hash=94d7330a...
info|2019-12-11 05:13:12.531088|[g:1][CONSENSUS][PBFT]checkTimeout Succ,view=6139,toView=6140,nodeIdx=2,changeCycle=0,myNode=a2429f99...,timecost=1.919
info|2019-12-11 05:13:12.532661|[g:1][CONSENSUS][PBFT]checkAndChangeView: Reach consensus,org_view=6139,org_changeCycle=0,cur_changeCycle=0,to_view=6140
info|2019-12-11 05:13:13.535711|[g:1][CONSENSUS]addRawPrepare,height=1,reqIdx=0,hash=59a98f08...
info|2019-12-11 05:13:13.536991|[g:1][CONSENSUS][PBFT]checkTimeout Succ,view=6140,toView=6141,nodeIdx=2,changeCycle=0,myNode=a2429f99...,timecost=1.053
info|2019-12-11 05:13:13.538936|[g:1][CONSENSUS][PBFT]checkAndChangeView: Reach consensus,org_view=6140,org_changeCycle=0,cur_changeCycle=0,to_view=6141
info|2019-12-11 05:13:14.543678|[g:1][CONSENSUS]addRawPrepare,height=1,reqIdx=1,hash=16d0f5ca...
info|2019-12-11 05:13:14.545960|[g:1][CONSENSUS][PBFT]checkTimeout Succ,view=6141,toView=6142,nodeIdx=2,changeCycle=0,myNode=a2429f99...,timecost=1.988
info|2019-12-11 05:13:14.547585|[g:1][CONSENSUS][PBFT]checkAndChangeView: Reach consensus,org_view=6141,org_changeCycle=0,cur_changeCycle=0,to_view=6142
info|2019-12-11 05:13:15.548817|[g:1][CONSENSUS][SEALER]++++++++++++++++ Generating seal on,blkNum=1,tx=0,nodeIdx=2,hash=33a93ae2...
info|2019-12-11 05:13:15.550079|[g:1][CONSENSUS][PBFT]checkTimeout Succ,view=6142,toView=6143,nodeIdx=2,changeCycle=0,myNode=a2429f99...,timecost=0.697
info|2019-12-11 05:13:15.554582|[g:1][CONSENSUS][PBFT]checkAndChangeView: Reach consensus,org_view=6142,org_changeCycle=0,cur_changeCycle=0,to_view=6143
info|2019-12-11 05:13:16.555602|[g:1][CONSENSUS]addRawPrepare,height=1,reqIdx=3,hash=ebf0830f...
info|2019-12-11 05:13:16.556547|[g:1][CONSENSUS][PBFT]checkTimeout Succ,view=6143,toView=6144,nodeIdx=2,changeCycle=0,myNode=a2429f99...,timecost=0.756
info|2019-12-11 05:13:16.559514|[g:1][CONSENSUS][PBFT]checkAndChangeView: Reach consensus,org_view=6143,org_changeCycle=0,cur_changeCycle=0,to_view=6144
info|2019-12-11 05:13:17.033314|[P2P][Service] heartBeat,connected count=3
info|2019-12-11 05:13:17.562844|[g:1][CONSENSUS]addRawPrepare,height=1,reqIdx=0,hash=61b898fa...
info|2019-12-11 05:13:17.564298|[g:1][CONSENSUS][PBFT]checkTimeout Succ,view=6144,toView=6145,nodeIdx=2,changeCycle=0,myNode=a2429f99...,timecost=1.231
info|2019-12-11 05:13:17.566641|[g:1][CONSENSUS][PBFT]checkAndChangeView: Reach consensus,org_view=6144,org_changeCycle=0,cur_changeCycle=0,to_view=6145
info|2019-12-11 05:13:18.570737|[g:1][CONSENSUS]addRawPrepare,height=1,reqIdx=1,hash=6d3da6c0...
info|2019-12-11 05:13:18.571967|[g:1][CONSENSUS][PBFT]checkTimeout Succ,view=6145,toView=6146,nodeIdx=2,changeCycle=0,myNode=a2429f99...,timecost=0.999
info|2019-12-11 05:13:18.573594|[g:1][CONSENSUS][PBFT]checkAndChangeView: Reach consensus,org_view=6145,org_changeCycle=0,cur_changeCycle=0,to_view=6146
info|2019-12-11 05:13:19.574733|[g:1][CONSENSUS][SEALER]++++++++++++++++ Generating seal on,blkNum=1,tx=0,nodeIdx=2,hash=e8adb8fa...
info|2019-12-11 05:13:19.576077|[g:1][CONSENSUS][PBFT]checkTimeout Succ,view=6146,toView=6147,nodeIdx=2,changeCycle=0,myNode=a2429f99...,timecost=0.732
info|2019-12-11 05:13:19.580561|[g:1][CONSENSUS][PBFT]checkAndChangeView: Reach consensus,org_view=6146,org_changeCycle=0,cur_changeCycle=0,to_view=6147
info|2019-12-11 05:13:20.582452|[g:1][CONSENSUS]addRawPrepare,height=1,reqIdx=3,hash=5f22415a...
info|2019-12-11 05:13:20.583622|[g:1][CONSENSUS][PBFT]checkTimeout Succ,view=6147,toView=6148,nodeIdx=2,changeCycle=0,myNode=a2429f99...,timecost=0.738
info|2019-12-11 05:13:20.585999|[g:1][CONSENSUS][PBFT]checkAndChangeView: Reach consensus,org_view=6147,org_changeCycle=0,cur_changeCycle=0,to_view=6148
info|2019-12-11 05:13:21.589198|[g:1][CONSENSUS]addRawPrepare,height=1,reqIdx=0,hash=58a4867e...
info|2019-12-11 05:13:21.591738|[g:1][CONSENSUS][PBFT]checkTimeout Succ,view=6148,toView=6149,nodeIdx=2,changeCycle=0,myNode=a2429f99...,timecost=2.146
info|2019-12-11 05:13:21.593210|[g:1][CONSENSUS][PBFT]checkAndChangeView: Reach consensus,org_view=6148,org_changeCycle=0,cur_changeCycle=0,to_view=6149
info|2019-12-11 05:13:22.594452|[g:1][CONSENSUS]addRawPrepare,height=1,reqIdx=1,hash=c9d24453...
info|2019-12-11 05:13:22.596966|[g:1][CONSENSUS][PBFT]checkTimeout Succ,view=6149,toView=6150,nodeIdx=2,changeCycle=0,myNode=a2429f99...,timecost=2.01
info|2019-12-11 05:13:22.599288|[g:1][CONSENSUS][PBFT]checkAndChangeView: Reach consensus,org_view=6149,org_changeCycle=0,cur_changeCycle=0,to_view=6150
info|2019-12-11 05:13:23.599580|[g:1][CONSENSUS][SEALER]++++++++++++++++ Generating seal on,blkNum=1,tx=0,nodeIdx=2,hash=2649d7c4...
info|2019-12-11 05:13:23.600861|[g:1][CONSENSUS][PBFT]checkTimeout Succ,view=6150,toView=6151,nodeIdx=2,changeCycle=0,myNode=a2429f99...,timecost=0.77
info|2019-12-11 05:13:23.605994|[g:1][CONSENSUS][PBFT]checkAndChangeView: Reach consensus,org_view=6150,org_changeCycle=0,cur_changeCycle=0,to_view=6151
info|2019-12-11 05:13:24.607449|[g:1][CONSENSUS]addRawPrepare,height=1,reqIdx=3,hash=5eb0d1c8...
info|2019-12-11 05:13:24.608562|[g:1][CONSENSUS][PBFT]checkTimeout Succ,view=6151,toView=6152,nodeIdx=2,changeCycle=0,myNode=a2429f99...,timecost=0.86
info|2019-12-11 05:13:24.611139|[g:1][CONSENSUS][PBFT]checkAndChangeView: Reach consensus,org_view=6151,org_changeCycle=0,cur_changeCycle=0,to_view=6152
info|2019-12-11 05:13:25.614352|[g:1][CONSENSUS]addRawPrepare,height=1,reqIdx=0,hash=33f79a9a...
info|2019-12-11 05:13:25.615404|[g:1][CONSENSUS][PBFT]checkTimeout Succ,view=6152,toView=6153,nodeIdx=2,changeCycle=0,myNode=a2429f99...,timecost=0.738
info|2019-12-11 05:13:25.617729|[g:1][CONSENSUS][PBFT]checkAndChangeView: Reach consensus,org_view=6152,org_changeCycle=0,cur_changeCycle=0,to_view=6153
info|2019-12-11 05:13:26.621128|[g:1][CONSENSUS]addRawPrepare,height=1,reqIdx=1,hash=5b0262b2...
info|2019-12-11 05:13:26.622192|[g:1][CONSENSUS][PBFT]checkTimeout Succ,view=6153,toView=6154,nodeIdx=2,changeCycle=0,myNode=a2429f99...,timecost=0.654
info|2019-12-11 05:13:26.624346|[g:1][CONSENSUS][PBFT]checkAndChangeView: Reach consensus,org_view=6153,org_changeCycle=0,cur_changeCycle=0,to_view=6154
info|2019-12-11 05:13:27.035801|[P2P][Service] heartBeat,connected count=3
info|2019-12-11 05:13:27.624714|[g:1][CONSENSUS][SEALER]++++++++++++++++ Generating seal on,blkNum=1,tx=0,nodeIdx=2,hash=9b438c53...
info|2019-12-11 05:13:27.626149|[g:1][CONSENSUS][PBFT]checkTimeout Succ,view=6154,toView=6155,nodeIdx=2,changeCycle=0,myNode=a2429f99...,timecost=0.867
info|2019-12-11 05:13:27.630556|[g:1][CONSENSUS][PBFT]checkAndChangeView: Reach consensus,org_view=6154,org_changeCycle=0,cur_changeCycle=0,to_view=6155
info|2019-12-11 05:13:28.632953|[g:1][CONSENSUS]addRawPrepare,height=1,reqIdx=3,hash=b008edf5...
info|2019-12-11 05:13:28.633974|[g:1][CONSENSUS][PBFT]checkTimeout Succ,view=6155,toView=6156,nodeIdx=2,changeCycle=0,myNode=a2429f99...,timecost=0.816
info|2019-12-11 05:13:28.636407|[g:1][CONSENSUS][PBFT]checkAndChangeView: Reach consensus,org_view=6155,org_changeCycle=0,cur_changeCycle=0,to_view=6156
info|2019-12-11 05:13:29.637775|[g:1][CONSENSUS]addRawPrepare,height=1,reqIdx=0,hash=d9caafc5...
info|2019-12-11 05:13:29.638933|[g:1][CONSENSUS][PBFT]checkTimeout Succ,view=6156,toView=6157,nodeIdx=2,changeCycle=0,myNode=a2429f99...,timecost=0.959
info|2019-12-11 05:13:29.640402|[g:1][CONSENSUS][PBFT]checkAndChangeView: Reach consensus,org_view=6156,org_changeCycle=0,cur_changeCycle=0,to_view=6157
info|2019-12-11 05:13:30.643452|[g:1][CONSENSUS]addRawPrepare,height=1,reqIdx=1,hash=90466e3b...
info|2019-12-11 05:13:30.645866|[g:1][CONSENSUS][PBFT]checkTimeout Succ,view=6157,toView=6158,nodeIdx=2,changeCycle=0,myNode=a2429f99...,timecost=2.194
info|2019-12-11 05:13:30.647260|[g:1][CONSENSUS][PBFT]checkAndChangeView: Reach consensus,org_view=6157,org_changeCycle=0,cur_changeCycle=0,to_view=6158
info|2019-12-11 05:13:31.648756|[g:1][CONSENSUS][SEALER]++++++++++++++++ Generating seal on,blkNum=1,tx=0,nodeIdx=2,hash=65e149c6...
info|2019-12-11 05:13:31.653906|[g:1][CONSENSUS][PBFT]checkTimeout Succ,view=6158,toView=6159,nodeIdx=2,changeCycle=0,myNode=a2429f99...,timecost=0.414
info|2019-12-11 05:13:31.654592|[g:1][CONSENSUS][PBFT]checkAndChangeView: Reach consensus,org_view=6158,org_changeCycle=0,cur_changeCycle=0,to_view=6159
info|2019-12-11 05:13:32.656027|[g:1][CONSENSUS]addRawPrepare,height=1,reqIdx=3,hash=ef590f45...
info|2019-12-11 05:13:32.657152|[g:1][CONSENSUS][PBFT]checkTimeout Succ,view=6159,toView=6160,nodeIdx=2,changeCycle=0,myNode=a2429f99...,timecost=0.934
info|2019-12-11 05:13:32.660022|[g:1][CONSENSUS][PBFT]checkAndChangeView: Reach consensus,org_view=6159,org_changeCycle=0,cur_changeCycle=0,to_view=6160
info|2019-12-11 05:13:33.663115|[g:1][CONSENSUS]addRawPrepare,height=1,reqIdx=0,hash=a2595684...
info|2019-12-11 05:13:33.664014|[g:1][CONSENSUS][PBFT]checkTimeout Succ,view=6160,toView=6161,nodeIdx=2,changeCycle=0,myNode=a2429f99...,timecost=0.693
info|2019-12-11 05:13:33.667274|[g:1][CONSENSUS][PBFT]checkAndChangeView: Reach consensus,org_view=6160,org_changeCycle=0,cur_changeCycle=0,to_view=6161
info|2019-12-11 05:13:34.669907|[g:1][CONSENSUS]addRawPrepare,height=1,reqIdx=1,hash=3c0737bf...
info|2019-12-11 05:13:34.670968|[g:1][CONSENSUS][PBFT]checkTimeout Succ,view=6161,toView=6162,nodeIdx=2,changeCycle=0,myNode=a2429f99...,timecost=0.914
info|2019-12-11 05:13:34.672300|[g:1][CONSENSUS][PBFT]checkAndChangeView: Reach consensus,org_view=6161,org_changeCycle=0,cur_changeCycle=0,to_view=6162
info|2019-12-11 05:13:35.672665|[g:1][CONSENSUS][SEALER]++++++++++++++++ Generating seal on,blkNum=1,tx=0,nodeIdx=2,hash=e94d262d...
info|2019-12-11 05:13:35.678262|[g:1][CONSENSUS][PBFT]checkTimeout Succ,view=6162,toView=6163,nodeIdx=2,changeCycle=0,myNode=a2429f99...,timecost=0.888
info|2019-12-11 05:13:35.679088|[g:1][CONSENSUS][PBFT]checkAndChangeView: Reach consensus,org_view=6162,org_changeCycle=0,cur_changeCycle=0,to_view=6163
info|2019-12-11 05:13:36.680811|[g:1][CONSENSUS]addRawPrepare,height=1,reqIdx=3,hash=18ac29e6...
info|2019-12-11 05:13:36.681764|[g:1][CONSENSUS][PBFT]checkTimeout Succ,view=6163,toView=6164,nodeIdx=2,changeCycle=0,myNode=a2429f99...,timecost=0.792
info|2019-12-11 05:13:36.682784|[g:1][CONSENSUS][PBFT]checkAndChangeView: Reach consensus,org_view=6163,org_changeCycle=0,cur_changeCycle=0,to_view=6164
info|2019-12-11 05:13:37.041991|[P2P][Service] heartBeat,connected count=3
