info|2019-12-11 20:31:38.019962|[P2P][Service] heartBeat,connected count=3
warning|2019-12-11 20:31:38.021416|[g:1][CONSENSUS][PBFT]ViewChangeWarning: not caused by omit empty block ,v=4161,toV=4162,curNum=6,hash=7ce3abdb...,nodeIdx=1,myNode=598ea792...
info|2019-12-11 20:31:38.021534|[g:1][CONSENSUS][PBFT]checkTimeout Succ,view=4161,toView=4162,nodeIdx=1,changeCycle=1,myNode=598ea792...,timecost=0.536
info|2019-12-11 20:31:38.027067|[g:1][CONSENSUS][PBFT]checkAndChangeView: Reach consensus,org_view=4161,org_changeCycle=1,cur_changeCycle=1,to_view=4162
info|2019-12-11 20:31:39.033366|[g:1][CONSENSUS]addRawPrepare,height=7,reqIdx=0,hash=7c521668...
info|2019-12-11 20:31:39.033748|[g:1][CONSENSUS][PBFT]checkTimeout Succ,view=4162,toView=4163,nodeIdx=1,changeCycle=0,myNode=598ea792...,timecost=0.28
info|2019-12-11 20:31:39.034206|[g:1][CONSENSUS][PBFT]checkAndChangeView: Reach consensus,org_view=4162,org_changeCycle=0,cur_changeCycle=0,to_view=4163
info|2019-12-11 20:31:40.034387|[g:1][CONSENSUS][SEALER]++++++++++++++++ Generating seal on,blkNum=7,tx=0,nodeIdx=1,hash=f0b86385...
info|2019-12-11 20:31:40.040196|[g:1][CONSENSUS][PBFT]checkTimeout Succ,view=4163,toView=4164,nodeIdx=1,changeCycle=0,myNode=598ea792...,timecost=1.085
info|2019-12-11 20:31:40.041230|[g:1][CONSENSUS][PBFT]checkAndChangeView: Reach consensus,org_view=4163,org_changeCycle=0,cur_changeCycle=0,to_view=4164
info|2019-12-11 20:31:41.041519|[g:1][CONSENSUS]addRawPrepare,height=7,reqIdx=2,hash=a32f7328...
info|2019-12-11 20:31:41.041911|[g:1][CONSENSUS][PBFT]checkTimeout Succ,view=4164,toView=4165,nodeIdx=1,changeCycle=0,myNode=598ea792...,timecost=0.305
info|2019-12-11 20:31:41.043313|[g:1][CONSENSUS][PBFT]checkAndChangeView: Reach consensus,org_view=4164,org_changeCycle=0,cur_changeCycle=0,to_view=4165
info|2019-12-11 20:31:42.044188|[g:1][CONSENSUS]addRawPrepare,height=7,reqIdx=3,hash=75f32503...
info|2019-12-11 20:31:42.044599|[g:1][CONSENSUS][PBFT]checkTimeout Succ,view=4165,toView=4166,nodeIdx=1,changeCycle=0,myNode=598ea792...,timecost=0.311
info|2019-12-11 20:31:42.046239|[g:1][CONSENSUS][PBFT]checkAndChangeView: Reach consensus,org_view=4165,org_changeCycle=0,cur_changeCycle=0,to_view=4166
info|2019-12-11 20:31:43.047639|[g:1][CONSENSUS]addRawPrepare,height=7,reqIdx=0,hash=53a83c5e...
info|2019-12-11 20:31:43.047992|[g:1][CONSENSUS][PBFT]checkTimeout Succ,view=4166,toView=4167,nodeIdx=1,changeCycle=0,myNode=598ea792...,timecost=0.253
info|2019-12-11 20:31:43.049881|[g:1][CONSENSUS][PBFT]checkAndChangeView: Reach consensus,org_view=4166,org_changeCycle=0,cur_changeCycle=0,to_view=4167
info|2019-12-11 20:31:44.049567|[g:1][CONSENSUS][SEALER]++++++++++++++++ Generating seal on,blkNum=7,tx=0,nodeIdx=1,hash=cee6b385...
info|2019-12-11 20:31:44.052132|[g:1][CONSENSUS][PBFT]checkTimeout Succ,view=4167,toView=4168,nodeIdx=1,changeCycle=0,myNode=598ea792...,timecost=0.324
info|2019-12-11 20:31:44.052620|[g:1][CONSENSUS][PBFT]checkAndChangeView: Reach consensus,org_view=4167,org_changeCycle=0,cur_changeCycle=0,to_view=4168
info|2019-12-11 20:31:45.054847|[g:1][CONSENSUS]addRawPrepare,height=7,reqIdx=2,hash=60d1dae8...
info|2019-12-11 20:31:45.055955|[g:1][CONSENSUS][PBFT]checkTimeout Succ,view=4168,toView=4169,nodeIdx=1,changeCycle=0,myNode=598ea792...,timecost=0.908
info|2019-12-11 20:31:45.058699|[g:1][CONSENSUS][PBFT]checkAndChangeView: Reach consensus,org_view=4168,org_changeCycle=0,cur_changeCycle=0,to_view=4169
info|2019-12-11 20:31:46.061607|[g:1][CONSENSUS]addRawPrepare,height=7,reqIdx=3,hash=c122c52a...
info|2019-12-11 20:31:46.062684|[g:1][CONSENSUS][PBFT]checkTimeout Succ,view=4169,toView=4170,nodeIdx=1,changeCycle=0,myNode=598ea792...,timecost=0.865
info|2019-12-11 20:31:46.066471|[g:1][CONSENSUS][PBFT]checkAndChangeView: Reach consensus,org_view=4169,org_changeCycle=0,cur_changeCycle=0,to_view=4170
info|2019-12-11 20:31:47.068206|[g:1][CONSENSUS]addRawPrepare,height=7,reqIdx=0,hash=ac084be1...
info|2019-12-11 20:31:47.069234|[g:1][CONSENSUS][PBFT]checkTimeout Succ,view=4170,toView=4171,nodeIdx=1,changeCycle=0,myNode=598ea792...,timecost=0.836
info|2019-12-11 20:31:47.072441|[g:1][CONSENSUS][PBFT]checkAndChangeView: Reach consensus,org_view=4170,org_changeCycle=0,cur_changeCycle=0,to_view=4171
info|2019-12-11 20:31:48.027237|[P2P][Service] heartBeat,connected count=3
info|2019-12-11 20:31:48.072475|[g:1][CONSENSUS][SEALER]++++++++++++++++ Generating seal on,blkNum=7,tx=0,nodeIdx=1,hash=ef767ec3...
info|2019-12-11 20:31:48.074282|[g:1][CONSENSUS][PBFT]checkTimeout Succ,view=4171,toView=4172,nodeIdx=1,changeCycle=0,myNode=598ea792...,timecost=1.312
info|2019-12-11 20:31:48.078995|[g:1][CONSENSUS][PBFT]checkAndChangeView: Reach consensus,org_view=4171,org_changeCycle=0,cur_changeCycle=0,to_view=4172
info|2019-12-11 20:31:49.081572|[g:1][CONSENSUS]addRawPrepare,height=7,reqIdx=2,hash=2a0db8b8...
info|2019-12-11 20:31:49.084077|[g:1][CONSENSUS][PBFT]checkTimeout Succ,view=4172,toView=4173,nodeIdx=1,changeCycle=0,myNode=598ea792...,timecost=2.165
info|2019-12-11 20:31:49.085375|[g:1][CONSENSUS][PBFT]checkAndChangeView: Reach consensus,org_view=4172,org_changeCycle=0,cur_changeCycle=0,to_view=4173
info|2019-12-11 20:31:50.093611|[g:1][CONSENSUS]addRawPrepare,height=7,reqIdx=3,hash=eedf6030...
info|2019-12-11 20:31:50.096564|[g:1][CONSENSUS][PBFT]checkTimeout Succ,view=4173,toView=4174,nodeIdx=1,changeCycle=0,myNode=598ea792...,timecost=2.017
info|2019-12-11 20:31:50.106818|[g:1][CONSENSUS][PBFT]checkAndChangeView: Reach consensus,org_view=4173,org_changeCycle=0,cur_changeCycle=0,to_view=4174
info|2019-12-11 20:31:51.123410|[g:1][CONSENSUS]addRawPrepare,height=7,reqIdx=0,hash=2be8a091...
info|2019-12-11 20:31:51.126828|[g:1][CONSENSUS][PBFT]checkTimeout Succ,view=4174,toView=4175,nodeIdx=1,changeCycle=0,myNode=598ea792...,timecost=2.46
info|2019-12-11 20:31:51.134743|[g:1][CONSENSUS][PBFT]checkAndChangeView: Reach consensus,org_view=4174,org_changeCycle=0,cur_changeCycle=0,to_view=4175
info|2019-12-11 20:31:52.134688|[g:1][CONSENSUS][SEALER]++++++++++++++++ Generating seal on,blkNum=7,tx=0,nodeIdx=1,hash=79af8f11...
info|2019-12-11 20:31:52.138407|[g:1][CONSENSUS][PBFT]checkTimeout Succ,view=4175,toView=4176,nodeIdx=1,changeCycle=0,myNode=598ea792...,timecost=2.069
info|2019-12-11 20:31:52.163440|[g:1][CONSENSUS][PBFT]checkAndChangeView: Reach consensus,org_view=4175,org_changeCycle=0,cur_changeCycle=0,to_view=4176
info|2019-12-11 20:31:53.161375|[g:1][CONSENSUS]addRawPrepare,height=7,reqIdx=2,hash=ba71eb2c...
info|2019-12-11 20:31:53.178681|[g:1][CONSENSUS][PBFT]checkTimeout Succ,view=4176,toView=4177,nodeIdx=1,changeCycle=0,myNode=598ea792...,timecost=16.638
info|2019-12-11 20:31:53.186694|[g:1][CONSENSUS][PBFT]checkAndChangeView: Reach consensus,org_view=4176,org_changeCycle=0,cur_changeCycle=0,to_view=4177
info|2019-12-11 20:31:54.183675|[g:1][CONSENSUS]addRawPrepare,height=7,reqIdx=3,hash=e666f2c4...
info|2019-12-11 20:31:54.189799|[g:1][CONSENSUS][PBFT]checkTimeout Succ,view=4177,toView=4178,nodeIdx=1,changeCycle=0,myNode=598ea792...,timecost=2.969
info|2019-12-11 20:31:54.197623|[g:1][CONSENSUS][PBFT]checkAndChangeView: Reach consensus,org_view=4177,org_changeCycle=0,cur_changeCycle=0,to_view=4178
info|2019-12-11 20:31:55.207939|[g:1][CONSENSUS]addRawPrepare,height=7,reqIdx=0,hash=f85a21c5...
info|2019-12-11 20:31:55.211364|[g:1][CONSENSUS][PBFT]checkTimeout Succ,view=4178,toView=4179,nodeIdx=1,changeCycle=0,myNode=598ea792...,timecost=2.726
info|2019-12-11 20:31:55.222273|[g:1][CONSENSUS][PBFT]checkAndChangeView: Reach consensus,org_view=4178,org_changeCycle=0,cur_changeCycle=0,to_view=4179
info|2019-12-11 20:31:56.223735|[g:1][CONSENSUS][SEALER]++++++++++++++++ Generating seal on,blkNum=7,tx=0,nodeIdx=1,hash=9bc919a4...
info|2019-12-11 20:31:56.236376|[g:1][CONSENSUS][PBFT]checkTimeout Succ,view=4179,toView=4180,nodeIdx=1,changeCycle=0,myNode=598ea792...,timecost=2.867
info|2019-12-11 20:31:56.243750|[g:1][CONSENSUS][PBFT]checkAndChangeView: Reach consensus,org_view=4179,org_changeCycle=0,cur_changeCycle=0,to_view=4180
info|2019-12-11 20:31:57.252594|[g:1][CONSENSUS]addRawPrepare,height=7,reqIdx=2,hash=40a0945f...
info|2019-12-11 20:31:57.269301|[g:1][CONSENSUS][PBFT]checkTimeout Succ,view=4180,toView=4181,nodeIdx=1,changeCycle=0,myNode=598ea792...,timecost=15.424
info|2019-12-11 20:31:57.274568|[g:1][CONSENSUS][PBFT]checkAndChangeView: Reach consensus,org_view=4180,org_changeCycle=0,cur_changeCycle=0,to_view=4181
info|2019-12-11 20:31:58.035183|[P2P][Service] heartBeat,connected count=3
info|2019-12-11 20:31:58.271850|[g:1][CONSENSUS]addRawPrepare,height=7,reqIdx=3,hash=1f73f936...
info|2019-12-11 20:31:58.275490|[g:1][CONSENSUS][PBFT]checkTimeout Succ,view=4181,toView=4182,nodeIdx=1,changeCycle=0,myNode=598ea792...,timecost=2.571
info|2019-12-11 20:31:58.289218|[g:1][CONSENSUS][PBFT]checkAndChangeView: Reach consensus,org_view=4181,org_changeCycle=0,cur_changeCycle=0,to_view=4182
info|2019-12-11 20:31:59.302974|[g:1][CONSENSUS]addRawPrepare,height=7,reqIdx=0,hash=7332fea3...
info|2019-12-11 20:31:59.304029|[g:1][CONSENSUS][PBFT]checkTimeout Succ,view=4182,toView=4183,nodeIdx=1,changeCycle=0,myNode=598ea792...,timecost=0.84
info|2019-12-11 20:31:59.307614|[g:1][CONSENSUS][PBFT]checkAndChangeView: Reach consensus,org_view=4182,org_changeCycle=0,cur_changeCycle=0,to_view=4183
info|2019-12-11 20:32:00.308177|[g:1][CONSENSUS][SEALER]++++++++++++++++ Generating seal on,blkNum=7,tx=0,nodeIdx=1,hash=3f59d824...
info|2019-12-11 20:32:00.312216|[g:1][CONSENSUS][PBFT]checkTimeout Succ,view=4183,toView=4184,nodeIdx=1,changeCycle=0,myNode=598ea792...,timecost=1.044
info|2019-12-11 20:32:00.312898|[g:1][CONSENSUS][PBFT]checkAndChangeView: Reach consensus,org_view=4183,org_changeCycle=0,cur_changeCycle=0,to_view=4184
info|2019-12-11 20:32:01.314053|[g:1][CONSENSUS]addRawPrepare,height=7,reqIdx=2,hash=9c187ced...
info|2019-12-11 20:32:01.314421|[g:1][CONSENSUS][PBFT]checkTimeout Succ,view=4184,toView=4185,nodeIdx=1,changeCycle=0,myNode=598ea792...,timecost=0.262
info|2019-12-11 20:32:01.317573|[g:1][CONSENSUS][PBFT]checkAndChangeView: Reach consensus,org_view=4184,org_changeCycle=0,cur_changeCycle=0,to_view=4185
info|2019-12-11 20:32:02.319333|[g:1][CONSENSUS]addRawPrepare,height=7,reqIdx=3,hash=6fccfa25...
info|2019-12-11 20:32:02.320485|[g:1][CONSENSUS][PBFT]checkTimeout Succ,view=4185,toView=4186,nodeIdx=1,changeCycle=0,myNode=598ea792...,timecost=0.919
info|2019-12-11 20:32:02.322429|[g:1][CONSENSUS][PBFT]checkAndChangeView: Reach consensus,org_view=4185,org_changeCycle=0,cur_changeCycle=0,to_view=4186
info|2019-12-11 20:32:03.327061|[g:1][CONSENSUS]addRawPrepare,height=7,reqIdx=0,hash=97976a1e...
info|2019-12-11 20:32:03.328158|[g:1][CONSENSUS][PBFT]checkTimeout Succ,view=4186,toView=4187,nodeIdx=1,changeCycle=0,myNode=598ea792...,timecost=0.92
info|2019-12-11 20:32:03.329253|[g:1][CONSENSUS][PBFT]checkAndChangeView: Reach consensus,org_view=4186,org_changeCycle=0,cur_changeCycle=0,to_view=4187
info|2019-12-11 20:32:04.330333|[g:1][CONSENSUS][SEALER]++++++++++++++++ Generating seal on,blkNum=7,tx=0,nodeIdx=1,hash=8a181c8f...
info|2019-12-11 20:32:04.332874|[g:1][CONSENSUS][PBFT]checkTimeout Succ,view=4187,toView=4188,nodeIdx=1,changeCycle=0,myNode=598ea792...,timecost=0.438
info|2019-12-11 20:32:04.334915|[g:1][CONSENSUS][PBFT]checkAndChangeView: Reach consensus,org_view=4187,org_changeCycle=0,cur_changeCycle=0,to_view=4188
info|2019-12-11 20:32:05.335851|[g:1][CONSENSUS]addRawPrepare,height=7,reqIdx=2,hash=10d046ad...
info|2019-12-11 20:32:05.337847|[g:1][CONSENSUS][PBFT]checkTimeout Succ,view=4188,toView=4189,nodeIdx=1,changeCycle=0,myNode=598ea792...,timecost=1.774
info|2019-12-11 20:32:05.339634|[g:1][CONSENSUS][PBFT]checkAndChangeView: Reach consensus,org_view=4188,org_changeCycle=0,cur_changeCycle=0,to_view=4189
info|2019-12-11 20:32:06.342951|[g:1][CONSENSUS]addRawPrepare,height=7,reqIdx=3,hash=95c4db02...
info|2019-12-11 20:32:06.344122|[g:1][CONSENSUS][PBFT]checkTimeout Succ,view=4189,toView=4190,nodeIdx=1,changeCycle=0,myNode=598ea792...,timecost=0.958
info|2019-12-11 20:32:06.346747|[g:1][CONSENSUS][PBFT]checkAndChangeView: Reach consensus,org_view=4189,org_changeCycle=0,cur_changeCycle=0,to_view=4190
info|2019-12-11 20:32:07.348908|[g:1][CONSENSUS]addRawPrepare,height=7,reqIdx=0,hash=e5c4f34f...
info|2019-12-11 20:32:07.350844|[g:1][CONSENSUS][PBFT]checkTimeout Succ,view=4190,toView=4191,nodeIdx=1,changeCycle=0,myNode=598ea792...,timecost=1.717
info|2019-12-11 20:32:07.352402|[g:1][CONSENSUS][PBFT]checkAndChangeView: Reach consensus,org_view=4190,org_changeCycle=0,cur_changeCycle=0,to_view=4191
info|2019-12-11 20:32:08.041375|[P2P][Service] heartBeat,connected count=3
info|2019-12-11 20:32:08.353390|[g:1][CONSENSUS][SEALER]++++++++++++++++ Generating seal on,blkNum=7,tx=0,nodeIdx=1,hash=d6136b51...
info|2019-12-11 20:32:08.354775|[g:1][CONSENSUS][PBFT]checkTimeout Succ,view=4191,toView=4192,nodeIdx=1,changeCycle=0,myNode=598ea792...,timecost=0.84
info|2019-12-11 20:32:08.359814|[g:1][CONSENSUS][PBFT]checkAndChangeView: Reach consensus,org_view=4191,org_changeCycle=0,cur_changeCycle=0,to_view=4192
info|2019-12-11 20:32:09.361816|[g:1][CONSENSUS]addRawPrepare,height=7,reqIdx=2,hash=12d9caf0...
info|2019-12-11 20:32:09.363450|[g:1][CONSENSUS][PBFT]checkTimeout Succ,view=4192,toView=4193,nodeIdx=1,changeCycle=0,myNode=598ea792...,timecost=1.401
info|2019-12-11 20:32:09.365133|[g:1][CONSENSUS][PBFT]checkAndChangeView: Reach consensus,org_view=4192,org_changeCycle=0,cur_changeCycle=0,to_view=4193
info|2019-12-11 20:32:10.366711|[g:1][CONSENSUS]addRawPrepare,height=7,reqIdx=3,hash=8652e568...
info|2019-12-11 20:32:10.367397|[g:1][CONSENSUS][PBFT]checkTimeout Succ,view=4193,toView=4194,nodeIdx=1,changeCycle=0,myNode=598ea792...,timecost=0.548
info|2019-12-11 20:32:10.368611|[g:1][CONSENSUS][PBFT]checkAndChangeView: Reach consensus,org_view=4193,org_changeCycle=0,cur_changeCycle=0,to_view=4194
info|2019-12-11 20:32:11.372239|[g:1][CONSENSUS]addRawPrepare,height=7,reqIdx=0,hash=0cb6e6bc...
info|2019-12-11 20:32:11.373218|[g:1][CONSENSUS][PBFT]checkTimeout Succ,view=4194,toView=4195,nodeIdx=1,changeCycle=0,myNode=598ea792...,timecost=0.754
info|2019-12-11 20:32:11.376687|[g:1][CONSENSUS][PBFT]checkAndChangeView: Reach consensus,org_view=4194,org_changeCycle=0,cur_changeCycle=0,to_view=4195
info|2019-12-11 20:32:12.376418|[g:1][CONSENSUS][SEALER]++++++++++++++++ Generating seal on,blkNum=7,tx=0,nodeIdx=1,hash=577f0b78...
info|2019-12-11 20:32:12.377721|[g:1][CONSENSUS][PBFT]checkTimeout Succ,view=4195,toView=4196,nodeIdx=1,changeCycle=0,myNode=598ea792...,timecost=0.756
info|2019-12-11 20:32:12.382162|[g:1][CONSENSUS][PBFT]checkAndChangeView: Reach consensus,org_view=4195,org_changeCycle=0,cur_changeCycle=0,to_view=4196
info|2019-12-11 20:32:13.384401|[g:1][CONSENSUS]addRawPrepare,height=7,reqIdx=2,hash=4cedfff9...
info|2019-12-11 20:32:13.385278|[g:1][CONSENSUS][PBFT]checkTimeout Succ,view=4196,toView=4197,nodeIdx=1,changeCycle=0,myNode=598ea792...,timecost=0.658
info|2019-12-11 20:32:13.387700|[g:1][CONSENSUS][PBFT]checkAndChangeView: Reach consensus,org_view=4196,org_changeCycle=0,cur_changeCycle=0,to_view=4197
info|2019-12-11 20:32:14.392854|[g:1][CONSENSUS]addRawPrepare,height=7,reqIdx=3,hash=2e9eb8c3...
info|2019-12-11 20:32:14.393986|[g:1][CONSENSUS][PBFT]checkTimeout Succ,view=4197,toView=4198,nodeIdx=1,changeCycle=0,myNode=598ea792...,timecost=0.803
info|2019-12-11 20:32:14.397101|[g:1][CONSENSUS][PBFT]checkAndChangeView: Reach consensus,org_view=4197,org_changeCycle=0,cur_changeCycle=0,to_view=4198
info|2019-12-11 20:32:15.400253|[g:1][CONSENSUS]addRawPrepare,height=7,reqIdx=0,hash=a8acc9ee...
info|2019-12-11 20:32:15.401690|[g:1][CONSENSUS][PBFT]checkTimeout Succ,view=4198,toView=4199,nodeIdx=1,changeCycle=0,myNode=598ea792...,timecost=1.221
info|2019-12-11 20:32:15.404426|[g:1][CONSENSUS][PBFT]checkAndChangeView: Reach consensus,org_view=4198,org_changeCycle=0,cur_changeCycle=0,to_view=4199
info|2019-12-11 20:32:16.405110|[g:1][CONSENSUS][SEALER]++++++++++++++++ Generating seal on,blkNum=7,tx=0,nodeIdx=1,hash=ffe23008...
info|2019-12-11 20:32:16.406558|[g:1][CONSENSUS][PBFT]checkTimeout Succ,view=4199,toView=4200,nodeIdx=1,changeCycle=0,myNode=598ea792...,timecost=0.899
info|2019-12-11 20:32:16.410619|[g:1][CONSENSUS][PBFT]checkAndChangeView: Reach consensus,org_view=4199,org_changeCycle=0,cur_changeCycle=0,to_view=4200
info|2019-12-11 20:32:17.411962|[g:1][CONSENSUS]addRawPrepare,height=7,reqIdx=2,hash=d33a0e0a...
info|2019-12-11 20:32:17.412888|[g:1][CONSENSUS][PBFT]checkTimeout Succ,view=4200,toView=4201,nodeIdx=1,changeCycle=0,myNode=598ea792...,timecost=0.748
info|2019-12-11 20:32:17.415842|[g:1][CONSENSUS][PBFT]checkAndChangeView: Reach consensus,org_view=4200,org_changeCycle=0,cur_changeCycle=0,to_view=4201
info|2019-12-11 20:32:18.047357|[P2P][Service] heartBeat,connected count=3
info|2019-12-11 20:32:18.419856|[g:1][CONSENSUS]addRawPrepare,height=7,reqIdx=3,hash=01475d59...
info|2019-12-11 20:32:18.422470|[g:1][CONSENSUS][PBFT]checkTimeout Succ,view=4201,toView=4202,nodeIdx=1,changeCycle=0,myNode=598ea792...,timecost=2.356
info|2019-12-11 20:32:18.423873|[g:1][CONSENSUS][PBFT]checkAndChangeView: Reach consensus,org_view=4201,org_changeCycle=0,cur_changeCycle=0,to_view=4202
info|2019-12-11 20:32:19.427076|[g:1][CONSENSUS]addRawPrepare,height=7,reqIdx=0,hash=fc486418...
info|2019-12-11 20:32:19.428522|[g:1][CONSENSUS][PBFT]checkTimeout Succ,view=4202,toView=4203,nodeIdx=1,changeCycle=0,myNode=598ea792...,timecost=1.006
info|2019-12-11 20:32:19.430517|[g:1][CONSENSUS][PBFT]checkAndChangeView: Reach consensus,org_view=4202,org_changeCycle=0,cur_changeCycle=0,to_view=4203
info|2019-12-11 20:32:20.431286|[g:1][CONSENSUS][SEALER]++++++++++++++++ Generating seal on,blkNum=7,tx=0,nodeIdx=1,hash=8fc8d098...
info|2019-12-11 20:32:20.432618|[g:1][CONSENSUS][PBFT]checkTimeout Succ,view=4203,toView=4204,nodeIdx=1,changeCycle=0,myNode=598ea792...,timecost=0.773
info|2019-12-11 20:32:20.436711|[g:1][CONSENSUS][PBFT]checkAndChangeView: Reach consensus,org_view=4203,org_changeCycle=0,cur_changeCycle=0,to_view=4204
info|2019-12-11 20:32:21.439647|[g:1][CONSENSUS]addRawPrepare,height=7,reqIdx=2,hash=46d406e2...
info|2019-12-11 20:32:21.440629|[g:1][CONSENSUS][PBFT]checkTimeout Succ,view=4204,toView=4205,nodeIdx=1,changeCycle=0,myNode=598ea792...,timecost=0.768
info|2019-12-11 20:32:21.443544|[g:1][CONSENSUS][PBFT]checkAndChangeView: Reach consensus,org_view=4204,org_changeCycle=0,cur_changeCycle=0,to_view=4205
info|2019-12-11 20:32:22.445745|[g:1][CONSENSUS]addRawPrepare,height=7,reqIdx=3,hash=9cb6e078...
info|2019-12-11 20:32:22.448123|[g:1][CONSENSUS][PBFT]checkTimeout Succ,view=4205,toView=4206,nodeIdx=1,changeCycle=0,myNode=598ea792...,timecost=2.153
info|2019-12-11 20:32:22.450252|[g:1][CONSENSUS][PBFT]checkAndChangeView: Reach consensus,org_view=4205,org_changeCycle=0,cur_changeCycle=0,to_view=4206
info|2019-12-11 20:32:23.452304|[g:1][CONSENSUS]addRawPrepare,height=7,reqIdx=0,hash=033e8725...
info|2019-12-11 20:32:23.453085|[g:1][CONSENSUS][PBFT]checkTimeout Succ,view=4206,toView=4207,nodeIdx=1,changeCycle=0,myNode=598ea792...,timecost=0.572
info|2019-12-11 20:32:23.456278|[g:1][CONSENSUS][PBFT]checkAndChangeView: Reach consensus,org_view=4206,org_changeCycle=0,cur_changeCycle=0,to_view=4207
info|2019-12-11 20:32:24.457456|[g:1][CONSENSUS][SEALER]++++++++++++++++ Generating seal on,blkNum=7,tx=0,nodeIdx=1,hash=e5216cd2...
info|2019-12-11 20:32:24.463635|[g:1][CONSENSUS][PBFT]checkTimeout Succ,view=4207,toView=4208,nodeIdx=1,changeCycle=0,myNode=598ea792...,timecost=0.665
info|2019-12-11 20:32:24.464888|[g:1][CONSENSUS][PBFT]checkAndChangeView: Reach consensus,org_view=4207,org_changeCycle=0,cur_changeCycle=0,to_view=4208
info|2019-12-11 20:32:25.466581|[g:1][CONSENSUS]addRawPrepare,height=7,reqIdx=2,hash=1797b267...
info|2019-12-11 20:32:25.467483|[g:1][CONSENSUS][PBFT]checkTimeout Succ,view=4208,toView=4209,nodeIdx=1,changeCycle=0,myNode=598ea792...,timecost=0.687
info|2019-12-11 20:32:25.471673|[g:1][CONSENSUS][PBFT]checkAndChangeView: Reach consensus,org_view=4208,org_changeCycle=0,cur_changeCycle=0,to_view=4209
info|2019-12-11 20:32:26.471407|[g:1][CONSENSUS]addRawPrepare,height=7,reqIdx=3,hash=4c34edb4...
info|2019-12-11 20:32:26.472460|[g:1][CONSENSUS][PBFT]checkTimeout Succ,view=4209,toView=4210,nodeIdx=1,changeCycle=0,myNode=598ea792...,timecost=0.737
info|2019-12-11 20:32:26.475211|[g:1][CONSENSUS][PBFT]checkAndChangeView: Reach consensus,org_view=4209,org_changeCycle=0,cur_changeCycle=0,to_view=4210
info|2019-12-11 20:32:27.477204|[g:1][CONSENSUS]addRawPrepare,height=7,reqIdx=0,hash=5f715c15...
info|2019-12-11 20:32:27.478258|[g:1][CONSENSUS][PBFT]checkTimeout Succ,view=4210,toView=4211,nodeIdx=1,changeCycle=0,myNode=598ea792...,timecost=0.835
info|2019-12-11 20:32:27.480843|[g:1][CONSENSUS][PBFT]checkAndChangeView: Reach consensus,org_view=4210,org_changeCycle=0,cur_changeCycle=0,to_view=4211
info|2019-12-11 20:32:28.053997|[P2P][Service] heartBeat,connected count=3
info|2019-12-11 20:32:28.481946|[g:1][CONSENSUS][SEALER]++++++++++++++++ Generating seal on,blkNum=7,tx=0,nodeIdx=1,hash=640c9ca4...
info|2019-12-11 20:32:28.487004|[g:1][CONSENSUS][PBFT]checkTimeout Succ,view=4211,toView=4212,nodeIdx=1,changeCycle=0,myNode=598ea792...,timecost=0.483
info|2019-12-11 20:32:28.487657|[g:1][CONSENSUS][PBFT]checkAndChangeView: Reach consensus,org_view=4211,org_changeCycle=0,cur_changeCycle=0,to_view=4212
info|2019-12-11 20:32:29.490306|[g:1][CONSENSUS]addRawPrepare,height=7,reqIdx=2,hash=725cbb5a...
info|2019-12-11 20:32:29.491698|[g:1][CONSENSUS][PBFT]checkTimeout Succ,view=4212,toView=4213,nodeIdx=1,changeCycle=0,myNode=598ea792...,timecost=1.189
info|2019-12-11 20:32:29.493899|[g:1][CONSENSUS][PBFT]checkAndChangeView: Reach consensus,org_view=4212,org_changeCycle=0,cur_changeCycle=0,to_view=4213
info|2019-12-11 20:32:30.496574|[g:1][CONSENSUS]addRawPrepare,height=7,reqIdx=3,hash=32543052...
info|2019-12-11 20:32:30.498665|[g:1][CONSENSUS][PBFT]checkTimeout Succ,view=4213,toView=4214,nodeIdx=1,changeCycle=0,myNode=598ea792...,timecost=1.87
info|2019-12-11 20:32:30.500385|[g:1][CONSENSUS][PBFT]checkAndChangeView: Reach consensus,org_view=4213,org_changeCycle=0,cur_changeCycle=0,to_view=4214
info|2019-12-11 20:32:31.500704|[g:1][CONSENSUS]addRawPrepare,height=7,reqIdx=0,hash=ec383f8c...
info|2019-12-11 20:32:31.501080|[g:1][CONSENSUS][PBFT]checkTimeout Succ,view=4214,toView=4215,nodeIdx=1,changeCycle=0,myNode=598ea792...,timecost=0.27
info|2019-12-11 20:32:31.502654|[g:1][CONSENSUS][PBFT]checkAndChangeView: Reach consensus,org_view=4214,org_changeCycle=0,cur_changeCycle=0,to_view=4215
