info|2019-12-11 12:18:39.009848|[P2P][Service] heartBeat,connected count=3
warning|2019-12-11 12:18:39.016175|[g:1][CONSENSUS][PBFT]ViewChangeWarning: not caused by omit empty block ,v=6164,toV=6165,curNum=0,hash=535430dd...,nodeIdx=1,myNode=598ea792...
info|2019-12-11 12:18:39.016792|[g:1][CONSENSUS][PBFT]checkTimeout Succ,view=6164,toView=6165,nodeIdx=1,changeCycle=1,myNode=598ea792...,timecost=3.701
info|2019-12-11 12:18:39.018943|[g:1][CONSENSUS][PBFT]checkAndChangeView: Reach consensus,org_view=6164,org_changeCycle=1,cur_changeCycle=1,to_view=6165
info|2019-12-11 12:18:40.021570|[g:1][CONSENSUS][SEALER]++++++++++++++++ Generating seal on,blkNum=1,tx=0,nodeIdx=1,hash=6e1545d4...
info|2019-12-11 12:18:40.026889|[g:1][CONSENSUS][PBFT]checkTimeout Succ,view=6165,toView=6166,nodeIdx=1,changeCycle=0,myNode=598ea792...,timecost=0.589
info|2019-12-11 12:18:40.031190|[g:1][CONSENSUS][PBFT]checkAndChangeView: Reach consensus,org_view=6165,org_changeCycle=0,cur_changeCycle=0,to_view=6166
info|2019-12-11 12:18:41.030862|[g:1][CONSENSUS]addRawPrepare,height=1,reqIdx=2,hash=c84c5d51...
info|2019-12-11 12:18:41.031246|[g:1][CONSENSUS][PBFT]checkTimeout Succ,view=6166,toView=6167,nodeIdx=1,changeCycle=0,myNode=598ea792...,timecost=0.285
info|2019-12-11 12:18:41.033005|[g:1][CONSENSUS][PBFT]checkAndChangeView: Reach consensus,org_view=6166,org_changeCycle=0,cur_changeCycle=0,to_view=6167
info|2019-12-11 12:18:42.034837|[g:1][CONSENSUS]addRawPrepare,height=1,reqIdx=3,hash=cd75685e...
info|2019-12-11 12:18:42.035182|[g:1][CONSENSUS][PBFT]checkTimeout Succ,view=6167,toView=6168,nodeIdx=1,changeCycle=0,myNode=598ea792...,timecost=0.195
info|2019-12-11 12:18:42.038437|[g:1][CONSENSUS][PBFT]checkAndChangeView: Reach consensus,org_view=6167,org_changeCycle=0,cur_changeCycle=0,to_view=6168
info|2019-12-11 12:18:43.041067|[g:1][CONSENSUS]addRawPrepare,height=1,reqIdx=0,hash=3f44845f...
info|2019-12-11 12:18:43.041481|[g:1][CONSENSUS][PBFT]checkTimeout Succ,view=6168,toView=6169,nodeIdx=1,changeCycle=0,myNode=598ea792...,timecost=0.289
info|2019-12-11 12:18:43.046544|[g:1][CONSENSUS][PBFT]checkAndChangeView: Reach consensus,org_view=6168,org_changeCycle=0,cur_changeCycle=0,to_view=6169
info|2019-12-11 12:18:44.047273|[g:1][CONSENSUS][SEALER]++++++++++++++++ Generating seal on,blkNum=1,tx=0,nodeIdx=1,hash=e2cdd743...
info|2019-12-11 12:18:44.048261|[g:1][CONSENSUS][PBFT]checkTimeout Succ,view=6169,toView=6170,nodeIdx=1,changeCycle=0,myNode=598ea792...,timecost=0.481
info|2019-12-11 12:18:44.050992|[g:1][CONSENSUS][PBFT]checkAndChangeView: Reach consensus,org_view=6169,org_changeCycle=0,cur_changeCycle=0,to_view=6170
info|2019-12-11 12:18:45.055574|[g:1][CONSENSUS]addRawPrepare,height=1,reqIdx=2,hash=73d15fc4...
info|2019-12-11 12:18:45.056147|[g:1][CONSENSUS][PBFT]checkTimeout Succ,view=6170,toView=6171,nodeIdx=1,changeCycle=0,myNode=598ea792...,timecost=0.329
info|2019-12-11 12:18:45.058562|[g:1][CONSENSUS][PBFT]checkAndChangeView: Reach consensus,org_view=6170,org_changeCycle=0,cur_changeCycle=0,to_view=6171
info|2019-12-11 12:18:46.059537|[g:1][CONSENSUS]addRawPrepare,height=1,reqIdx=3,hash=52a7132f...
info|2019-12-11 12:18:46.060822|[g:1][CONSENSUS][PBFT]checkTimeout Succ,view=6171,toView=6172,nodeIdx=1,changeCycle=0,myNode=598ea792...,timecost=1.144
info|2019-12-11 12:18:46.061791|[g:1][CONSENSUS][PBFT]checkAndChangeView: Reach consensus,org_view=6171,org_changeCycle=0,cur_changeCycle=0,to_view=6172
info|2019-12-11 12:18:47.063233|[g:1][CONSENSUS]addRawPrepare,height=1,reqIdx=0,hash=4094f121...
info|2019-12-11 12:18:47.065578|[g:1][CONSENSUS][PBFT]checkTimeout Succ,view=6172,toView=6173,nodeIdx=1,changeCycle=0,myNode=598ea792...,timecost=2.244
info|2019-12-11 12:18:47.066415|[g:1][CONSENSUS][PBFT]checkAndChangeView: Reach consensus,org_view=6172,org_changeCycle=0,cur_changeCycle=0,to_view=6173
info|2019-12-11 12:18:48.066977|[g:1][CONSENSUS][SEALER]++++++++++++++++ Generating seal on,blkNum=1,tx=0,nodeIdx=1,hash=02c1150e...
info|2019-12-11 12:18:48.070666|[g:1][CONSENSUS][PBFT]checkTimeout Succ,view=6173,toView=6174,nodeIdx=1,changeCycle=0,myNode=598ea792...,timecost=0.262
info|2019-12-11 12:18:48.071130|[g:1][CONSENSUS][PBFT]checkAndChangeView: Reach consensus,org_view=6173,org_changeCycle=0,cur_changeCycle=0,to_view=6174
info|2019-12-11 12:18:49.015795|[P2P][Service] heartBeat,connected count=3
info|2019-12-11 12:18:49.072614|[g:1][CONSENSUS]addRawPrepare,height=1,reqIdx=2,hash=4d324878...
info|2019-12-11 12:18:49.073043|[g:1][CONSENSUS][PBFT]checkTimeout Succ,view=6174,toView=6175,nodeIdx=1,changeCycle=0,myNode=598ea792...,timecost=0.33
info|2019-12-11 12:18:49.075123|[g:1][CONSENSUS][PBFT]checkAndChangeView: Reach consensus,org_view=6174,org_changeCycle=0,cur_changeCycle=0,to_view=6175
info|2019-12-11 12:18:50.084788|[g:1][CONSENSUS]addRawPrepare,height=1,reqIdx=3,hash=c423dd02...
info|2019-12-11 12:18:50.090400|[g:1][CONSENSUS][PBFT]checkTimeout Succ,view=6175,toView=6176,nodeIdx=1,changeCycle=0,myNode=598ea792...,timecost=4.757
info|2019-12-11 12:18:50.098086|[g:1][CONSENSUS][PBFT]checkAndChangeView: Reach consensus,org_view=6175,org_changeCycle=0,cur_changeCycle=0,to_view=6176
info|2019-12-11 12:18:51.107785|[g:1][CONSENSUS]addRawPrepare,height=1,reqIdx=0,hash=2086e2c9...
info|2019-12-11 12:18:51.111923|[g:1][CONSENSUS][PBFT]checkTimeout Succ,view=6176,toView=6177,nodeIdx=1,changeCycle=0,myNode=598ea792...,timecost=2.416
info|2019-12-11 12:18:51.121333|[g:1][CONSENSUS][PBFT]checkAndChangeView: Reach consensus,org_view=6176,org_changeCycle=0,cur_changeCycle=0,to_view=6177
info|2019-12-11 12:18:52.122495|[g:1][CONSENSUS][SEALER]++++++++++++++++ Generating seal on,blkNum=1,tx=0,nodeIdx=1,hash=9ba1deda...
info|2019-12-11 12:18:52.127104|[g:1][CONSENSUS][PBFT]checkTimeout Succ,view=6177,toView=6178,nodeIdx=1,changeCycle=0,myNode=598ea792...,timecost=2.202
info|2019-12-11 12:18:52.145569|[g:1][CONSENSUS][PBFT]checkAndChangeView: Reach consensus,org_view=6177,org_changeCycle=0,cur_changeCycle=0,to_view=6178
info|2019-12-11 12:18:53.152870|[g:1][CONSENSUS]addRawPrepare,height=1,reqIdx=2,hash=69d4b5d9...
info|2019-12-11 12:18:53.161860|[g:1][CONSENSUS][PBFT]checkTimeout Succ,view=6178,toView=6179,nodeIdx=1,changeCycle=0,myNode=598ea792...,timecost=8.299
info|2019-12-11 12:18:53.168719|[g:1][CONSENSUS][PBFT]checkAndChangeView: Reach consensus,org_view=6178,org_changeCycle=0,cur_changeCycle=0,to_view=6179
info|2019-12-11 12:18:54.172413|[g:1][CONSENSUS]addRawPrepare,height=1,reqIdx=3,hash=e1f761af...
info|2019-12-11 12:18:54.186812|[g:1][CONSENSUS][PBFT]checkTimeout Succ,view=6179,toView=6180,nodeIdx=1,changeCycle=0,myNode=598ea792...,timecost=8.417
info|2019-12-11 12:18:54.194640|[g:1][CONSENSUS][PBFT]checkAndChangeView: Reach consensus,org_view=6179,org_changeCycle=0,cur_changeCycle=0,to_view=6180
info|2019-12-11 12:18:55.196169|[g:1][CONSENSUS]addRawPrepare,height=1,reqIdx=0,hash=36e4da86...
info|2019-12-11 12:18:55.204849|[g:1][CONSENSUS][PBFT]checkTimeout Succ,view=6180,toView=6181,nodeIdx=1,changeCycle=0,myNode=598ea792...,timecost=7.657
info|2019-12-11 12:18:55.212362|[g:1][CONSENSUS][PBFT]checkAndChangeView: Reach consensus,org_view=6180,org_changeCycle=0,cur_changeCycle=0,to_view=6181
info|2019-12-11 12:18:56.213268|[g:1][CONSENSUS][SEALER]++++++++++++++++ Generating seal on,blkNum=1,tx=0,nodeIdx=1,hash=4c7505d5...
info|2019-12-11 12:18:56.240477|[g:1][CONSENSUS][PBFT]checkTimeout Succ,view=6181,toView=6182,nodeIdx=1,changeCycle=0,myNode=598ea792...,timecost=16.799
info|2019-12-11 12:18:56.245412|[g:1][CONSENSUS][PBFT]checkAndChangeView: Reach consensus,org_view=6181,org_changeCycle=0,cur_changeCycle=0,to_view=6182
info|2019-12-11 12:18:57.243651|[g:1][CONSENSUS]addRawPrepare,height=1,reqIdx=2,hash=b475fdd3...
info|2019-12-11 12:18:57.247186|[g:1][CONSENSUS][PBFT]checkTimeout Succ,view=6182,toView=6183,nodeIdx=1,changeCycle=0,myNode=598ea792...,timecost=2.842
info|2019-12-11 12:18:57.255766|[g:1][CONSENSUS][PBFT]checkAndChangeView: Reach consensus,org_view=6182,org_changeCycle=0,cur_changeCycle=0,to_view=6183
info|2019-12-11 12:18:58.272535|[g:1][CONSENSUS]addRawPrepare,height=1,reqIdx=3,hash=561f166c...
info|2019-12-11 12:18:58.275980|[g:1][CONSENSUS][PBFT]checkTimeout Succ,view=6183,toView=6184,nodeIdx=1,changeCycle=0,myNode=598ea792...,timecost=2.771
info|2019-12-11 12:18:58.285940|[g:1][CONSENSUS][PBFT]checkAndChangeView: Reach consensus,org_view=6183,org_changeCycle=0,cur_changeCycle=0,to_view=6184
info|2019-12-11 12:18:59.018566|[P2P][Service] heartBeat,connected count=3
info|2019-12-11 12:18:59.298368|[g:1][CONSENSUS]addRawPrepare,height=1,reqIdx=0,hash=2523b5f8...
info|2019-12-11 12:18:59.302801|[g:1][CONSENSUS][PBFT]checkTimeout Succ,view=6184,toView=6185,nodeIdx=1,changeCycle=0,myNode=598ea792...,timecost=3.598
info|2019-12-11 12:18:59.312423|[g:1][CONSENSUS][PBFT]checkAndChangeView: Reach consensus,org_view=6184,org_changeCycle=0,cur_changeCycle=0,to_view=6185
info|2019-12-11 12:19:00.313143|[g:1][CONSENSUS][SEALER]++++++++++++++++ Generating seal on,blkNum=1,tx=0,nodeIdx=1,hash=62713971...
info|2019-12-11 12:19:00.314471|[g:1][CONSENSUS][PBFT]checkTimeout Succ,view=6185,toView=6186,nodeIdx=1,changeCycle=0,myNode=598ea792...,timecost=0.96
info|2019-12-11 12:19:00.319271|[g:1][CONSENSUS][PBFT]checkAndChangeView: Reach consensus,org_view=6185,org_changeCycle=0,cur_changeCycle=0,to_view=6186
info|2019-12-11 12:19:01.319541|[g:1][CONSENSUS]addRawPrepare,height=1,reqIdx=2,hash=d2b6e5a6...
info|2019-12-11 12:19:01.320465|[g:1][CONSENSUS][PBFT]checkTimeout Succ,view=6186,toView=6187,nodeIdx=1,changeCycle=0,myNode=598ea792...,timecost=0.724
info|2019-12-11 12:19:01.324254|[g:1][CONSENSUS][PBFT]checkAndChangeView: Reach consensus,org_view=6186,org_changeCycle=0,cur_changeCycle=0,to_view=6187
info|2019-12-11 12:19:02.325988|[g:1][CONSENSUS]addRawPrepare,height=1,reqIdx=3,hash=5bad77ba...
info|2019-12-11 12:19:02.326374|[g:1][CONSENSUS][PBFT]checkTimeout Succ,view=6187,toView=6188,nodeIdx=1,changeCycle=0,myNode=598ea792...,timecost=0.274
info|2019-12-11 12:19:02.327953|[g:1][CONSENSUS][PBFT]checkAndChangeView: Reach consensus,org_view=6187,org_changeCycle=0,cur_changeCycle=0,to_view=6188
info|2019-12-11 12:19:03.333701|[g:1][CONSENSUS]addRawPrepare,height=1,reqIdx=0,hash=f0a24e49...
info|2019-12-11 12:19:03.334645|[g:1][CONSENSUS][PBFT]checkTimeout Succ,view=6188,toView=6189,nodeIdx=1,changeCycle=0,myNode=598ea792...,timecost=0.691
info|2019-12-11 12:19:03.337060|[g:1][CONSENSUS][PBFT]checkAndChangeView: Reach consensus,org_view=6188,org_changeCycle=0,cur_changeCycle=0,to_view=6189
info|2019-12-11 12:19:04.338257|[g:1][CONSENSUS][SEALER]++++++++++++++++ Generating seal on,blkNum=1,tx=0,nodeIdx=1,hash=10eedffb...
info|2019-12-11 12:19:04.339549|[g:1][CONSENSUS][PBFT]checkTimeout Succ,view=6189,toView=6190,nodeIdx=1,changeCycle=0,myNode=598ea792...,timecost=0.727
info|2019-12-11 12:19:04.344540|[g:1][CONSENSUS][PBFT]checkAndChangeView: Reach consensus,org_view=6189,org_changeCycle=0,cur_changeCycle=0,to_view=6190
info|2019-12-11 12:19:05.349117|[g:1][CONSENSUS]addRawPrepare,height=1,reqIdx=2,hash=956b2391...
info|2019-12-11 12:19:05.351270|[g:1][CONSENSUS][PBFT]checkTimeout Succ,view=6190,toView=6191,nodeIdx=1,changeCycle=0,myNode=598ea792...,timecost=1.868
info|2019-12-11 12:19:05.353376|[g:1][CONSENSUS][PBFT]checkAndChangeView: Reach consensus,org_view=6190,org_changeCycle=0,cur_changeCycle=0,to_view=6191
info|2019-12-11 12:19:06.354217|[g:1][CONSENSUS]addRawPrepare,height=1,reqIdx=3,hash=e1887b78...
info|2019-12-11 12:19:06.355221|[g:1][CONSENSUS][PBFT]checkTimeout Succ,view=6191,toView=6192,nodeIdx=1,changeCycle=0,myNode=598ea792...,timecost=0.673
info|2019-12-11 12:19:06.358053|[g:1][CONSENSUS][PBFT]checkAndChangeView: Reach consensus,org_view=6191,org_changeCycle=0,cur_changeCycle=0,to_view=6192
info|2019-12-11 12:19:07.360580|[g:1][CONSENSUS]addRawPrepare,height=1,reqIdx=0,hash=9800efaf...
info|2019-12-11 12:19:07.361440|[g:1][CONSENSUS][PBFT]checkTimeout Succ,view=6192,toView=6193,nodeIdx=1,changeCycle=0,myNode=598ea792...,timecost=0.72
info|2019-12-11 12:19:07.364775|[g:1][CONSENSUS][PBFT]checkAndChangeView: Reach consensus,org_view=6192,org_changeCycle=0,cur_changeCycle=0,to_view=6193
info|2019-12-11 12:19:08.365777|[g:1][CONSENSUS][SEALER]++++++++++++++++ Generating seal on,blkNum=1,tx=0,nodeIdx=1,hash=90d0e23e...
info|2019-12-11 12:19:08.367003|[g:1][CONSENSUS][PBFT]checkTimeout Succ,view=6193,toView=6194,nodeIdx=1,changeCycle=0,myNode=598ea792...,timecost=0.69
info|2019-12-11 12:19:08.371747|[g:1][CONSENSUS][PBFT]checkAndChangeView: Reach consensus,org_view=6193,org_changeCycle=0,cur_changeCycle=0,to_view=6194
info|2019-12-11 12:19:09.028557|[P2P][Service] heartBeat,connected count=3
info|2019-12-11 12:19:09.374474|[g:1][CONSENSUS]addRawPrepare,height=1,reqIdx=2,hash=1cbd07d2...
info|2019-12-11 12:19:09.377582|[g:1][CONSENSUS][PBFT]checkTimeout Succ,view=6194,toView=6195,nodeIdx=1,changeCycle=0,myNode=598ea792...,timecost=2.777
info|2019-12-11 12:19:09.379403|[g:1][CONSENSUS][PBFT]checkAndChangeView: Reach consensus,org_view=6194,org_changeCycle=0,cur_changeCycle=0,to_view=6195
info|2019-12-11 12:19:10.380530|[g:1][CONSENSUS]addRawPrepare,height=1,reqIdx=3,hash=60b10e2d...
info|2019-12-11 12:19:10.381464|[g:1][CONSENSUS][PBFT]checkTimeout Succ,view=6195,toView=6196,nodeIdx=1,changeCycle=0,myNode=598ea792...,timecost=0.717
info|2019-12-11 12:19:10.384501|[g:1][CONSENSUS][PBFT]checkAndChangeView: Reach consensus,org_view=6195,org_changeCycle=0,cur_changeCycle=0,to_view=6196
info|2019-12-11 12:19:11.385669|[g:1][CONSENSUS]addRawPrepare,height=1,reqIdx=0,hash=b23fed04...
info|2019-12-11 12:19:11.386500|[g:1][CONSENSUS][PBFT]checkTimeout Succ,view=6196,toView=6197,nodeIdx=1,changeCycle=0,myNode=598ea792...,timecost=0.629
info|2019-12-11 12:19:11.387914|[g:1][CONSENSUS][PBFT]checkAndChangeView: Reach consensus,org_view=6196,org_changeCycle=0,cur_changeCycle=0,to_view=6197
info|2019-12-11 12:19:12.388568|[g:1][CONSENSUS][SEALER]++++++++++++++++ Generating seal on,blkNum=1,tx=0,nodeIdx=1,hash=2dcb321a...
info|2019-12-11 12:19:12.392895|[g:1][CONSENSUS][PBFT]checkTimeout Succ,view=6197,toView=6198,nodeIdx=1,changeCycle=0,myNode=598ea792...,timecost=1.067
info|2019-12-11 12:19:12.393324|[g:1][CONSENSUS][PBFT]checkAndChangeView: Reach consensus,org_view=6197,org_changeCycle=0,cur_changeCycle=0,to_view=6198
info|2019-12-11 12:19:13.395929|[g:1][CONSENSUS]addRawPrepare,height=1,reqIdx=2,hash=452d1993...
info|2019-12-11 12:19:13.398314|[g:1][CONSENSUS][PBFT]checkTimeout Succ,view=6198,toView=6199,nodeIdx=1,changeCycle=0,myNode=598ea792...,timecost=2.107
info|2019-12-11 12:19:13.399998|[g:1][CONSENSUS][PBFT]checkAndChangeView: Reach consensus,org_view=6198,org_changeCycle=0,cur_changeCycle=0,to_view=6199
info|2019-12-11 12:19:14.400779|[g:1][CONSENSUS]addRawPrepare,height=1,reqIdx=3,hash=e78a2a8a...
info|2019-12-11 12:19:14.401169|[g:1][CONSENSUS][PBFT]checkTimeout Succ,view=6199,toView=6200,nodeIdx=1,changeCycle=0,myNode=598ea792...,timecost=0.269
info|2019-12-11 12:19:14.403445|[g:1][CONSENSUS][PBFT]checkAndChangeView: Reach consensus,org_view=6199,org_changeCycle=0,cur_changeCycle=0,to_view=6200
info|2019-12-11 12:19:15.406300|[g:1][CONSENSUS]addRawPrepare,height=1,reqIdx=0,hash=950e76a6...
info|2019-12-11 12:19:15.406807|[g:1][CONSENSUS][PBFT]checkTimeout Succ,view=6200,toView=6201,nodeIdx=1,changeCycle=0,myNode=598ea792...,timecost=0.386
info|2019-12-11 12:19:15.408584|[g:1][CONSENSUS][PBFT]checkAndChangeView: Reach consensus,org_view=6200,org_changeCycle=0,cur_changeCycle=0,to_view=6201
info|2019-12-11 12:19:16.409209|[g:1][CONSENSUS][SEALER]++++++++++++++++ Generating seal on,blkNum=1,tx=0,nodeIdx=1,hash=f13a23bf...
info|2019-12-11 12:19:16.410575|[g:1][CONSENSUS][PBFT]checkTimeout Succ,view=6201,toView=6202,nodeIdx=1,changeCycle=0,myNode=598ea792...,timecost=0.823
info|2019-12-11 12:19:16.414492|[g:1][CONSENSUS][PBFT]checkAndChangeView: Reach consensus,org_view=6201,org_changeCycle=0,cur_changeCycle=0,to_view=6202
info|2019-12-11 12:19:17.416472|[g:1][CONSENSUS]addRawPrepare,height=1,reqIdx=2,hash=f2f7fd85...
info|2019-12-11 12:19:17.417177|[g:1][CONSENSUS][PBFT]checkTimeout Succ,view=6202,toView=6203,nodeIdx=1,changeCycle=0,myNode=598ea792...,timecost=0.505
info|2019-12-11 12:19:17.418961|[g:1][CONSENSUS][PBFT]checkAndChangeView: Reach consensus,org_view=6202,org_changeCycle=0,cur_changeCycle=0,to_view=6203
info|2019-12-11 12:19:18.421977|[g:1][CONSENSUS]addRawPrepare,height=1,reqIdx=3,hash=703b3a2a...
info|2019-12-11 12:19:18.422836|[g:1][CONSENSUS][PBFT]checkTimeout Succ,view=6203,toView=6204,nodeIdx=1,changeCycle=0,myNode=598ea792...,timecost=0.659
info|2019-12-11 12:19:18.425206|[g:1][CONSENSUS][PBFT]checkAndChangeView: Reach consensus,org_view=6203,org_changeCycle=0,cur_changeCycle=0,to_view=6204
info|2019-12-11 12:19:19.033267|[P2P][Service] heartBeat,connected count=3
info|2019-12-11 12:19:19.427800|[g:1][CONSENSUS]addRawPrepare,height=1,reqIdx=0,hash=f1a1d55e...
info|2019-12-11 12:19:19.428233|[g:1][CONSENSUS][PBFT]checkTimeout Succ,view=6204,toView=6205,nodeIdx=1,changeCycle=0,myNode=598ea792...,timecost=0.31
info|2019-12-11 12:19:19.430593|[g:1][CONSENSUS][PBFT]checkAndChangeView: Reach consensus,org_view=6204,org_changeCycle=0,cur_changeCycle=0,to_view=6205
info|2019-12-11 12:19:20.430210|[g:1][CONSENSUS][SEALER]++++++++++++++++ Generating seal on,blkNum=1,tx=0,nodeIdx=1,hash=6317870f...
info|2019-12-11 12:19:20.431493|[g:1][CONSENSUS][PBFT]checkTimeout Succ,view=6205,toView=6206,nodeIdx=1,changeCycle=0,myNode=598ea792...,timecost=0.78
info|2019-12-11 12:19:20.436109|[g:1][CONSENSUS][PBFT]checkAndChangeView: Reach consensus,org_view=6205,org_changeCycle=0,cur_changeCycle=0,to_view=6206
info|2019-12-11 12:19:21.437734|[g:1][CONSENSUS]addRawPrepare,height=1,reqIdx=2,hash=b088104b...
info|2019-12-11 12:19:21.438135|[g:1][CONSENSUS][PBFT]checkTimeout Succ,view=6206,toView=6207,nodeIdx=1,changeCycle=0,myNode=598ea792...,timecost=0.306
info|2019-12-11 12:19:21.439197|[g:1][CONSENSUS][PBFT]checkAndChangeView: Reach consensus,org_view=6206,org_changeCycle=0,cur_changeCycle=0,to_view=6207
info|2019-12-11 12:19:22.440370|[g:1][CONSENSUS]addRawPrepare,height=1,reqIdx=3,hash=cd05605a...
info|2019-12-11 12:19:22.441000|[g:1][CONSENSUS][PBFT]checkTimeout Succ,view=6207,toView=6208,nodeIdx=1,changeCycle=0,myNode=598ea792...,timecost=0.475
info|2019-12-11 12:19:22.442249|[g:1][CONSENSUS][PBFT]checkAndChangeView: Reach consensus,org_view=6207,org_changeCycle=0,cur_changeCycle=0,to_view=6208
info|2019-12-11 12:19:23.445094|[g:1][CONSENSUS]addRawPrepare,height=1,reqIdx=0,hash=ae1518d8...
info|2019-12-11 12:19:23.446418|[g:1][CONSENSUS][PBFT]checkTimeout Succ,view=6208,toView=6209,nodeIdx=1,changeCycle=0,myNode=598ea792...,timecost=1.181
info|2019-12-11 12:19:23.448634|[g:1][CONSENSUS][PBFT]checkAndChangeView: Reach consensus,org_view=6208,org_changeCycle=0,cur_changeCycle=0,to_view=6209
info|2019-12-11 12:19:24.449011|[g:1][CONSENSUS][SEALER]++++++++++++++++ Generating seal on,blkNum=1,tx=0,nodeIdx=1,hash=14e8fb70...
info|2019-12-11 12:19:24.449784|[g:1][CONSENSUS][PBFT]checkTimeout Succ,view=6209,toView=6210,nodeIdx=1,changeCycle=0,myNode=598ea792...,timecost=0.522
info|2019-12-11 12:19:24.452812|[g:1][CONSENSUS][PBFT]checkAndChangeView: Reach consensus,org_view=6209,org_changeCycle=0,cur_changeCycle=0,to_view=6210
info|2019-12-11 12:19:25.454883|[g:1][CONSENSUS]addRawPrepare,height=1,reqIdx=2,hash=6b21e378...
info|2019-12-11 12:19:25.455787|[g:1][CONSENSUS][PBFT]checkTimeout Succ,view=6210,toView=6211,nodeIdx=1,changeCycle=0,myNode=598ea792...,timecost=0.693
info|2019-12-11 12:19:25.458151|[g:1][CONSENSUS][PBFT]checkAndChangeView: Reach consensus,org_view=6210,org_changeCycle=0,cur_changeCycle=0,to_view=6211
info|2019-12-11 12:19:26.461767|[g:1][CONSENSUS]addRawPrepare,height=1,reqIdx=3,hash=512d93f3...
info|2019-12-11 12:19:26.463207|[g:1][CONSENSUS][PBFT]checkTimeout Succ,view=6211,toView=6212,nodeIdx=1,changeCycle=0,myNode=598ea792...,timecost=0.702
info|2019-12-11 12:19:26.465046|[g:1][CONSENSUS][PBFT]checkAndChangeView: Reach consensus,org_view=6211,org_changeCycle=0,cur_changeCycle=0,to_view=6212
info|2019-12-11 12:19:27.467520|[g:1][CONSENSUS]addRawPrepare,height=1,reqIdx=0,hash=5ab365b2...
info|2019-12-11 12:19:27.468183|[g:1][CONSENSUS][PBFT]checkTimeout Succ,view=6212,toView=6213,nodeIdx=1,changeCycle=0,myNode=598ea792...,timecost=0.512
info|2019-12-11 12:19:27.470127|[g:1][CONSENSUS][PBFT]checkAndChangeView: Reach consensus,org_view=6212,org_changeCycle=0,cur_changeCycle=0,to_view=6213
info|2019-12-11 12:19:28.471433|[g:1][CONSENSUS][SEALER]++++++++++++++++ Generating seal on,blkNum=1,tx=0,nodeIdx=1,hash=5364d53f...
info|2019-12-11 12:19:28.476689|[g:1][CONSENSUS][PBFT]checkTimeout Succ,view=6213,toView=6214,nodeIdx=1,changeCycle=0,myNode=598ea792...,timecost=0.625
info|2019-12-11 12:19:28.478105|[g:1][CONSENSUS][PBFT]checkAndChangeView: Reach consensus,org_view=6213,org_changeCycle=0,cur_changeCycle=0,to_view=6214
info|2019-12-11 12:19:29.042477|[P2P][Service] heartBeat,connected count=3
info|2019-12-11 12:19:29.481333|[g:1][CONSENSUS]addRawPrepare,height=1,reqIdx=2,hash=638e4396...
info|2019-12-11 12:19:29.482355|[g:1][CONSENSUS][PBFT]checkTimeout Succ,view=6214,toView=6215,nodeIdx=1,changeCycle=0,myNode=598ea792...,timecost=0.797
info|2019-12-11 12:19:29.485893|[g:1][CONSENSUS][PBFT]checkAndChangeView: Reach consensus,org_view=6214,org_changeCycle=0,cur_changeCycle=0,to_view=6215
info|2019-12-11 12:19:30.487076|[g:1][CONSENSUS]addRawPrepare,height=1,reqIdx=3,hash=1173705b...
info|2019-12-11 12:19:30.489545|[g:1][CONSENSUS][PBFT]checkTimeout Succ,view=6215,toView=6216,nodeIdx=1,changeCycle=0,myNode=598ea792...,timecost=2.241
info|2019-12-11 12:19:30.491146|[g:1][CONSENSUS][PBFT]checkAndChangeView: Reach consensus,org_view=6215,org_changeCycle=0,cur_changeCycle=0,to_view=6216
info|2019-12-11 12:19:31.491665|[g:1][CONSENSUS]addRawPrepare,height=1,reqIdx=0,hash=b657258e...
info|2019-12-11 12:19:31.492070|[g:1][CONSENSUS][PBFT]checkTimeout Succ,view=6216,toView=6217,nodeIdx=1,changeCycle=0,myNode=598ea792...,timecost=0.307
info|2019-12-11 12:19:31.493148|[g:1][CONSENSUS][PBFT]checkAndChangeView: Reach consensus,org_view=6216,org_changeCycle=0,cur_changeCycle=0,to_view=6217
info|2019-12-11 12:42:07.014897|[g:1][CONSENSUS][SEALER]++++++++++++++++ Generating seal on,blkNum=1,tx=0,nodeIdx=1,hash=e6aff5bc...
warning|2019-12-11 12:42:07.020881|[g:1][CONSENSUS][PBFT]ViewChangeWarning: not caused by omit empty block ,v=6217,toV=6218,curNum=0,hash=535430dd...,nodeIdx=1,myNode=598ea792...
info|2019-12-11 12:42:07.024972|[g:1][CONSENSUS][PBFT]checkTimeout Succ,view=6217,toView=6218,nodeIdx=1,changeCycle=1,myNode=598ea792...,timecost=10.391
info|2019-12-11 12:42:07.025215|[P2P][Service] heartBeat,connected count=3
info|2019-12-11 12:42:07.027730|[g:1][CONSENSUS][PBFT]checkTimeout Succ,view=6217,toView=6219,nodeIdx=1,changeCycle=0,myNode=598ea792...,timecost=0.351
info|2019-12-11 12:42:08.025865|[g:1][CONSENSUS][PBFT]FutureBlock,EINFO=handlePrepareMsg,reqIdx=2,view=6218,reqNum=1,curNum=0,consNum=1,fromIp=127.0.0.1:30300,hash=5f9ca727...,nodeIdx=1,myNode=598ea792...,curChangeCycle=0
info|2019-12-11 12:42:08.025953|[g:1][CONSENSUS]addFuturePrepareCache,height=1,reqIdx=2,hash=5f9ca727...
info|2019-12-11 12:42:08.027032|[g:1][CONSENSUS][PBFT]FutureBlock,EINFO=handlePrepareMsg,reqIdx=2,view=6218,reqNum=1,curNum=0,consNum=1,fromIp=127.0.0.1:30301,hash=5f9ca727...,nodeIdx=1,myNode=598ea792...,curChangeCycle=0
info|2019-12-11 12:42:08.027238|[g:1][CONSENSUS][PBFT]FutureBlock,EINFO=handlePrepareMsg,reqIdx=2,view=6218,reqNum=1,curNum=0,consNum=1,fromIp=127.0.0.1:30303,hash=5f9ca727...,nodeIdx=1,myNode=598ea792...,curChangeCycle=0
info|2019-12-11 12:42:08.028252|[g:1][CONSENSUS][PBFT]checkAndChangeView, update m_changeCycle to 1
info|2019-12-11 12:42:08.028262|[g:1][CONSENSUS][PBFT]checkAndChangeView: Reach consensus,org_view=6217,org_changeCycle=0,cur_changeCycle=1,to_view=6219
info|2019-12-11 12:42:09.028756|[g:1][CONSENSUS]addRawPrepare,height=1,reqIdx=3,hash=39b4442c...
info|2019-12-11 12:42:09.029157|[g:1][CONSENSUS][PBFT]checkTimeout Succ,view=6219,toView=6220,nodeIdx=1,changeCycle=0,myNode=598ea792...,timecost=0.302
info|2019-12-11 12:42:09.030179|[g:1][CONSENSUS][PBFT]checkAndChangeView: Reach consensus,org_view=6219,org_changeCycle=0,cur_changeCycle=0,to_view=6220
info|2019-12-11 12:42:10.031120|[g:1][CONSENSUS]addRawPrepare,height=1,reqIdx=0,hash=40d2106e...
info|2019-12-11 12:42:10.031498|[g:1][CONSENSUS][PBFT]checkTimeout Succ,view=6220,toView=6221,nodeIdx=1,changeCycle=0,myNode=598ea792...,timecost=0.277
info|2019-12-11 12:42:10.032974|[g:1][CONSENSUS][PBFT]checkAndChangeView: Reach consensus,org_view=6220,org_changeCycle=0,cur_changeCycle=0,to_view=6221
info|2019-12-11 12:42:11.033011|[g:1][CONSENSUS][SEALER]++++++++++++++++ Generating seal on,blkNum=1,tx=0,nodeIdx=1,hash=7c831745...
info|2019-12-11 12:42:11.033705|[g:1][CONSENSUS][PBFT]checkTimeout Succ,view=6221,toView=6222,nodeIdx=1,changeCycle=0,myNode=598ea792...,timecost=0.269
info|2019-12-11 12:42:11.037212|[g:1][CONSENSUS][PBFT]checkAndChangeView: Reach consensus,org_view=6221,org_changeCycle=0,cur_changeCycle=0,to_view=6222
info|2019-12-11 12:42:12.039747|[g:1][CONSENSUS]addRawPrepare,height=1,reqIdx=2,hash=12b7d8ed...
info|2019-12-11 12:42:12.040351|[g:1][CONSENSUS][PBFT]checkTimeout Succ,view=6222,toView=6223,nodeIdx=1,changeCycle=0,myNode=598ea792...,timecost=0.505
info|2019-12-11 12:42:12.042251|[g:1][CONSENSUS][PBFT]checkAndChangeView: Reach consensus,org_view=6222,org_changeCycle=0,cur_changeCycle=0,to_view=6223
info|2019-12-11 12:42:13.043639|[g:1][CONSENSUS]addRawPrepare,height=1,reqIdx=3,hash=c9ec7bcf...
info|2019-12-11 12:42:13.044070|[g:1][CONSENSUS][PBFT]checkTimeout Succ,view=6223,toView=6224,nodeIdx=1,changeCycle=0,myNode=598ea792...,timecost=0.277
info|2019-12-11 12:42:13.045593|[g:1][CONSENSUS][PBFT]checkAndChangeView: Reach consensus,org_view=6223,org_changeCycle=0,cur_changeCycle=0,to_view=6224
info|2019-12-11 12:42:14.048535|[g:1][CONSENSUS]addRawPrepare,height=1,reqIdx=0,hash=c8979364...
info|2019-12-11 12:42:14.049206|[g:1][CONSENSUS][PBFT]checkTimeout Succ,view=6224,toView=6225,nodeIdx=1,changeCycle=0,myNode=598ea792...,timecost=0.471
info|2019-12-11 12:42:14.051646|[g:1][CONSENSUS][PBFT]checkAndChangeView: Reach consensus,org_view=6224,org_changeCycle=0,cur_changeCycle=0,to_view=6225
info|2019-12-11 12:42:15.051318|[g:1][CONSENSUS][SEALER]++++++++++++++++ Generating seal on,blkNum=1,tx=0,nodeIdx=1,hash=e291fd0e...
info|2019-12-11 12:42:15.054753|[g:1][CONSENSUS][PBFT]checkTimeout Succ,view=6225,toView=6226,nodeIdx=1,changeCycle=0,myNode=598ea792...,timecost=0.412
info|2019-12-11 12:42:15.055779|[g:1][CONSENSUS][PBFT]checkAndChangeView: Reach consensus,org_view=6225,org_changeCycle=0,cur_changeCycle=0,to_view=6226
info|2019-12-11 12:42:16.058703|[g:1][CONSENSUS]addRawPrepare,height=1,reqIdx=2,hash=9caa5ebe...
info|2019-12-11 12:42:16.059560|[g:1][CONSENSUS][PBFT]checkTimeout Succ,view=6226,toView=6227,nodeIdx=1,changeCycle=0,myNode=598ea792...,timecost=0.644
info|2019-12-11 12:42:16.062240|[g:1][CONSENSUS][PBFT]checkAndChangeView: Reach consensus,org_view=6226,org_changeCycle=0,cur_changeCycle=0,to_view=6227
info|2019-12-11 12:42:17.025635|[P2P][Service] heartBeat,connected count=3
info|2019-12-11 12:42:17.063844|[g:1][CONSENSUS]addRawPrepare,height=1,reqIdx=3,hash=afd8c70a...
info|2019-12-11 12:42:17.064479|[g:1][CONSENSUS][PBFT]checkTimeout Succ,view=6227,toView=6228,nodeIdx=1,changeCycle=0,myNode=598ea792...,timecost=0.471
info|2019-12-11 12:42:17.067633|[g:1][CONSENSUS][PBFT]checkAndChangeView: Reach consensus,org_view=6227,org_changeCycle=0,cur_changeCycle=0,to_view=6228
info|2019-12-11 12:42:18.075190|[g:1][CONSENSUS]addRawPrepare,height=1,reqIdx=0,hash=405b5474...
info|2019-12-11 12:42:18.078126|[g:1][CONSENSUS][PBFT]checkTimeout Succ,view=6228,toView=6229,nodeIdx=1,changeCycle=0,myNode=598ea792...,timecost=2.391
info|2019-12-11 12:42:18.090271|[g:1][CONSENSUS][PBFT]checkAndChangeView: Reach consensus,org_view=6228,org_changeCycle=0,cur_changeCycle=0,to_view=6229
info|2019-12-11 12:42:19.090927|[g:1][CONSENSUS][SEALER]++++++++++++++++ Generating seal on,blkNum=1,tx=0,nodeIdx=1,hash=d332d601...
info|2019-12-11 12:42:19.098767|[g:1][CONSENSUS][PBFT]checkTimeout Succ,view=6229,toView=6230,nodeIdx=1,changeCycle=0,myNode=598ea792...,timecost=5.085
info|2019-12-11 12:42:19.130528|[g:1][CONSENSUS][PBFT]checkAndChangeView: Reach consensus,org_view=6229,org_changeCycle=0,cur_changeCycle=0,to_view=6230
info|2019-12-11 12:42:20.145712|[g:1][CONSENSUS]addRawPrepare,height=1,reqIdx=2,hash=fe12419d...
info|2019-12-11 12:42:20.148490|[g:1][CONSENSUS][PBFT]checkTimeout Succ,view=6230,toView=6231,nodeIdx=1,changeCycle=0,myNode=598ea792...,timecost=2.127
info|2019-12-11 12:42:20.158671|[g:1][CONSENSUS][PBFT]checkAndChangeView: Reach consensus,org_view=6230,org_changeCycle=0,cur_changeCycle=0,to_view=6231
info|2019-12-11 12:42:21.166355|[g:1][CONSENSUS]addRawPrepare,height=1,reqIdx=3,hash=0701689c...
info|2019-12-11 12:42:21.170319|[g:1][CONSENSUS][PBFT]checkTimeout Succ,view=6231,toView=6232,nodeIdx=1,changeCycle=0,myNode=598ea792...,timecost=3.212
info|2019-12-11 12:42:21.180220|[g:1][CONSENSUS][PBFT]checkAndChangeView: Reach consensus,org_view=6231,org_changeCycle=0,cur_changeCycle=0,to_view=6232
info|2019-12-11 12:42:22.190382|[g:1][CONSENSUS]addRawPrepare,height=1,reqIdx=0,hash=23c26f5e...
info|2019-12-11 12:42:22.198675|[g:1][CONSENSUS][PBFT]checkTimeout Succ,view=6232,toView=6233,nodeIdx=1,changeCycle=0,myNode=598ea792...,timecost=7.591
info|2019-12-11 12:42:22.207007|[g:1][CONSENSUS][PBFT]checkAndChangeView: Reach consensus,org_view=6232,org_changeCycle=0,cur_changeCycle=0,to_view=6233
info|2019-12-11 12:42:23.208952|[g:1][CONSENSUS][SEALER]++++++++++++++++ Generating seal on,blkNum=1,tx=0,nodeIdx=1,hash=701c3c6a...
info|2019-12-11 12:42:23.213442|[g:1][CONSENSUS][PBFT]checkTimeout Succ,view=6233,toView=6234,nodeIdx=1,changeCycle=0,myNode=598ea792...,timecost=2.934
info|2019-12-11 12:42:23.227894|[g:1][CONSENSUS][PBFT]checkAndChangeView: Reach consensus,org_view=6233,org_changeCycle=0,cur_changeCycle=0,to_view=6234
info|2019-12-11 12:42:24.242278|[g:1][CONSENSUS]addRawPrepare,height=1,reqIdx=2,hash=e3957fd6...
info|2019-12-11 12:42:24.245047|[g:1][CONSENSUS][PBFT]checkTimeout Succ,view=6234,toView=6235,nodeIdx=1,changeCycle=0,myNode=598ea792...,timecost=2.093
info|2019-12-11 12:42:24.255296|[g:1][CONSENSUS][PBFT]checkAndChangeView: Reach consensus,org_view=6234,org_changeCycle=0,cur_changeCycle=0,to_view=6235
info|2019-12-11 12:42:25.264687|[g:1][CONSENSUS]addRawPrepare,height=1,reqIdx=3,hash=9a62746d...
info|2019-12-11 12:42:25.273911|[g:1][CONSENSUS][PBFT]checkTimeout Succ,view=6235,toView=6236,nodeIdx=1,changeCycle=0,myNode=598ea792...,timecost=8.45
info|2019-12-11 12:42:25.285250|[g:1][CONSENSUS][PBFT]checkAndChangeView: Reach consensus,org_view=6235,org_changeCycle=0,cur_changeCycle=0,to_view=6236
info|2019-12-11 12:42:26.285623|[g:1][CONSENSUS]addRawPrepare,height=1,reqIdx=0,hash=a23d5ca9...
info|2019-12-11 12:42:26.295211|[g:1][CONSENSUS][PBFT]checkTimeout Succ,view=6236,toView=6237,nodeIdx=1,changeCycle=0,myNode=598ea792...,timecost=8.539
info|2019-12-11 12:42:26.305990|[g:1][CONSENSUS][PBFT]checkAndChangeView: Reach consensus,org_view=6236,org_changeCycle=0,cur_changeCycle=0,to_view=6237
info|2019-12-11 12:43:20.007931|[P2P][Service] heartBeat,connected count=3
warning|2019-12-11 12:43:20.022006|[g:1][CONSENSUS][PBFT]ViewChangeWarning: not caused by omit empty block ,v=6237,toV=6238,curNum=0,hash=535430dd...,nodeIdx=1,myNode=598ea792...
info|2019-12-11 12:43:20.022391|[g:1][CONSENSUS][SEALER]++++++++++++++++ Generating seal on,blkNum=1,tx=0,nodeIdx=1,hash=b24b02ca...
info|2019-12-11 12:43:20.022896|[g:1][CONSENSUS][PBFT]checkTimeout Succ,view=6237,toView=6238,nodeIdx=1,changeCycle=1,myNode=598ea792...,timecost=6.589
info|2019-12-11 12:43:20.029830|[g:1][CONSENSUS][PBFT]checkTimeout Succ,view=6237,toView=6239,nodeIdx=1,changeCycle=0,myNode=598ea792...,timecost=0.263
info|2019-12-11 12:43:21.039494|[g:1][CONSENSUS][PBFT]FutureBlock,EINFO=handlePrepareMsg,reqIdx=2,view=6238,reqNum=1,curNum=0,consNum=1,fromIp=127.0.0.1:30300,hash=da4a9db6...,nodeIdx=1,myNode=598ea792...,curChangeCycle=0
info|2019-12-11 12:43:21.039506|[g:1][CONSENSUS]addFuturePrepareCache,height=1,reqIdx=2,hash=da4a9db6...
info|2019-12-11 12:43:21.041019|[g:1][CONSENSUS][PBFT]FutureBlock,EINFO=handlePrepareMsg,reqIdx=2,view=6238,reqNum=1,curNum=0,consNum=1,fromIp=127.0.0.1:30301,hash=da4a9db6...,nodeIdx=1,myNode=598ea792...,curChangeCycle=0
info|2019-12-11 12:43:21.041097|[g:1][CONSENSUS][PBFT]FutureBlock,EINFO=handlePrepareMsg,reqIdx=2,view=6238,reqNum=1,curNum=0,consNum=1,fromIp=127.0.0.1:30303,hash=da4a9db6...,nodeIdx=1,myNode=598ea792...,curChangeCycle=0
info|2019-12-11 12:43:21.041460|[g:1][CONSENSUS][PBFT]checkAndChangeView, update m_changeCycle to 1
info|2019-12-11 12:43:21.041469|[g:1][CONSENSUS][PBFT]checkAndChangeView: Reach consensus,org_view=6237,org_changeCycle=0,cur_changeCycle=1,to_view=6239
info|2019-12-11 12:43:22.041432|[g:1][CONSENSUS]addRawPrepare,height=1,reqIdx=3,hash=32e3b92a...
info|2019-12-11 12:43:22.042343|[g:1][CONSENSUS][PBFT]checkTimeout Succ,view=6239,toView=6240,nodeIdx=1,changeCycle=0,myNode=598ea792...,timecost=0.811
info|2019-12-11 12:43:22.043914|[g:1][CONSENSUS][PBFT]checkAndChangeView: Reach consensus,org_view=6239,org_changeCycle=0,cur_changeCycle=0,to_view=6240
info|2019-12-11 12:43:23.045345|[g:1][CONSENSUS]addRawPrepare,height=1,reqIdx=0,hash=37fdde69...
info|2019-12-11 12:43:23.045943|[g:1][CONSENSUS][PBFT]checkTimeout Succ,view=6240,toView=6241,nodeIdx=1,changeCycle=0,myNode=598ea792...,timecost=0.5
info|2019-12-11 12:43:23.047437|[g:1][CONSENSUS][PBFT]checkAndChangeView: Reach consensus,org_view=6240,org_changeCycle=0,cur_changeCycle=0,to_view=6241
info|2019-12-11 12:43:24.047760|[g:1][CONSENSUS][SEALER]++++++++++++++++ Generating seal on,blkNum=1,tx=0,nodeIdx=1,hash=ba732e7c...
info|2019-12-11 12:43:24.048351|[g:1][CONSENSUS][PBFT]checkTimeout Succ,view=6241,toView=6242,nodeIdx=1,changeCycle=0,myNode=598ea792...,timecost=0.268
info|2019-12-11 12:43:24.050940|[g:1][CONSENSUS][PBFT]checkAndChangeView: Reach consensus,org_view=6241,org_changeCycle=0,cur_changeCycle=0,to_view=6242
info|2019-12-11 12:43:25.051481|[g:1][CONSENSUS]addRawPrepare,height=1,reqIdx=2,hash=2874a33e...
info|2019-12-11 12:43:25.052301|[g:1][CONSENSUS][PBFT]checkTimeout Succ,view=6242,toView=6243,nodeIdx=1,changeCycle=0,myNode=598ea792...,timecost=0.407
info|2019-12-11 12:43:25.054981|[g:1][CONSENSUS][PBFT]checkAndChangeView: Reach consensus,org_view=6242,org_changeCycle=0,cur_changeCycle=0,to_view=6243
info|2019-12-11 12:43:26.057571|[g:1][CONSENSUS]addRawPrepare,height=1,reqIdx=3,hash=2bc7d97a...
info|2019-12-11 12:43:26.058026|[g:1][CONSENSUS][PBFT]checkTimeout Succ,view=6243,toView=6244,nodeIdx=1,changeCycle=0,myNode=598ea792...,timecost=0.349
info|2019-12-11 12:43:26.059523|[g:1][CONSENSUS][PBFT]checkAndChangeView: Reach consensus,org_view=6243,org_changeCycle=0,cur_changeCycle=0,to_view=6244
info|2019-12-11 12:43:27.060947|[g:1][CONSENSUS]addRawPrepare,height=1,reqIdx=0,hash=35005d71...
info|2019-12-11 12:43:27.061316|[g:1][CONSENSUS][PBFT]checkTimeout Succ,view=6244,toView=6245,nodeIdx=1,changeCycle=0,myNode=598ea792...,timecost=0.269
info|2019-12-11 12:43:27.062870|[g:1][CONSENSUS][PBFT]checkAndChangeView: Reach consensus,org_view=6244,org_changeCycle=0,cur_changeCycle=0,to_view=6245
info|2019-12-11 12:43:28.062866|[g:1][CONSENSUS][SEALER]++++++++++++++++ Generating seal on,blkNum=1,tx=0,nodeIdx=1,hash=3edc034f...
info|2019-12-11 12:43:28.065877|[g:1][CONSENSUS][PBFT]checkTimeout Succ,view=6245,toView=6246,nodeIdx=1,changeCycle=0,myNode=598ea792...,timecost=0.359
info|2019-12-11 12:43:28.066331|[g:1][CONSENSUS][PBFT]checkAndChangeView: Reach consensus,org_view=6245,org_changeCycle=0,cur_changeCycle=0,to_view=6246
info|2019-12-11 12:43:29.068410|[g:1][CONSENSUS]addRawPrepare,height=1,reqIdx=2,hash=e7ced289...
info|2019-12-11 12:43:29.068986|[g:1][CONSENSUS][PBFT]checkTimeout Succ,view=6246,toView=6247,nodeIdx=1,changeCycle=0,myNode=598ea792...,timecost=0.391
info|2019-12-11 12:43:29.070403|[g:1][CONSENSUS][PBFT]checkAndChangeView: Reach consensus,org_view=6246,org_changeCycle=0,cur_changeCycle=0,to_view=6247
info|2019-12-11 12:43:30.009186|[P2P][Service] heartBeat,connected count=3
info|2019-12-11 12:43:30.072399|[g:1][CONSENSUS]addRawPrepare,height=1,reqIdx=3,hash=36757053...
info|2019-12-11 12:43:30.072818|[g:1][CONSENSUS][PBFT]checkTimeout Succ,view=6247,toView=6248,nodeIdx=1,changeCycle=0,myNode=598ea792...,timecost=0.311
info|2019-12-11 12:43:30.076703|[g:1][CONSENSUS][PBFT]checkAndChangeView: Reach consensus,org_view=6247,org_changeCycle=0,cur_changeCycle=0,to_view=6248
info|2019-12-11 12:43:31.087263|[g:1][CONSENSUS]addRawPrepare,height=1,reqIdx=0,hash=df2116dd...
info|2019-12-11 12:43:31.095961|[g:1][CONSENSUS][PBFT]checkTimeout Succ,view=6248,toView=6249,nodeIdx=1,changeCycle=0,myNode=598ea792...,timecost=7.078
info|2019-12-11 12:43:31.104205|[g:1][CONSENSUS][PBFT]checkAndChangeView: Reach consensus,org_view=6248,org_changeCycle=0,cur_changeCycle=0,to_view=6249
info|2019-12-11 12:43:32.110778|[g:1][CONSENSUS][SEALER]++++++++++++++++ Generating seal on,blkNum=1,tx=0,nodeIdx=1,hash=e8fc4da3...
info|2019-12-11 12:43:32.164535|[g:1][CONSENSUS][PBFT]checkTimeout Succ,view=6249,toView=6250,nodeIdx=1,changeCycle=0,myNode=598ea792...,timecost=34.292
info|2019-12-11 12:43:32.172159|[g:1][CONSENSUS][PBFT]checkAndChangeView: Reach consensus,org_view=6249,org_changeCycle=0,cur_changeCycle=0,to_view=6250
info|2019-12-11 12:43:33.268410|[g:1][CONSENSUS]addRawPrepare,height=1,reqIdx=2,hash=00d8717e...
info|2019-12-11 12:43:33.271359|[g:1][CONSENSUS][PBFT]checkTimeout Succ,view=6250,toView=6251,nodeIdx=1,changeCycle=0,myNode=598ea792...,timecost=2.269
info|2019-12-11 12:43:33.281398|[g:1][CONSENSUS][PBFT]checkAndChangeView: Reach consensus,org_view=6250,org_changeCycle=0,cur_changeCycle=0,to_view=6251
info|2019-12-11 12:43:34.292129|[g:1][CONSENSUS]addRawPrepare,height=1,reqIdx=3,hash=d13fe22b...
info|2019-12-11 12:43:34.295271|[g:1][CONSENSUS][PBFT]checkTimeout Succ,view=6251,toView=6252,nodeIdx=1,changeCycle=0,myNode=598ea792...,timecost=2.074
info|2019-12-11 12:43:34.311163|[g:1][CONSENSUS][PBFT]checkAndChangeView: Reach consensus,org_view=6251,org_changeCycle=0,cur_changeCycle=0,to_view=6252
info|2019-12-11 12:43:35.333829|[g:1][CONSENSUS]addRawPrepare,height=1,reqIdx=0,hash=a59ef64c...
info|2019-12-11 12:43:35.342149|[g:1][CONSENSUS][PBFT]checkTimeout Succ,view=6252,toView=6253,nodeIdx=1,changeCycle=0,myNode=598ea792...,timecost=7.6
info|2019-12-11 12:43:35.353729|[g:1][CONSENSUS][PBFT]checkAndChangeView: Reach consensus,org_view=6252,org_changeCycle=0,cur_changeCycle=0,to_view=6253
info|2019-12-11 12:43:36.355012|[g:1][CONSENSUS][SEALER]++++++++++++++++ Generating seal on,blkNum=1,tx=0,nodeIdx=1,hash=2e8bb27a...
info|2019-12-11 12:43:36.370526|[g:1][CONSENSUS][PBFT]checkTimeout Succ,view=6253,toView=6254,nodeIdx=1,changeCycle=0,myNode=598ea792...,timecost=5.211
info|2019-12-11 12:43:36.380376|[g:1][CONSENSUS][PBFT]checkAndChangeView: Reach consensus,org_view=6253,org_changeCycle=0,cur_changeCycle=0,to_view=6254
info|2019-12-11 12:43:37.383834|[g:1][CONSENSUS]addRawPrepare,height=1,reqIdx=2,hash=41b8f004...
info|2019-12-11 12:43:37.386861|[g:1][CONSENSUS][PBFT]checkTimeout Succ,view=6254,toView=6255,nodeIdx=1,changeCycle=0,myNode=598ea792...,timecost=2.33
info|2019-12-11 12:43:37.400249|[g:1][CONSENSUS][PBFT]checkAndChangeView: Reach consensus,org_view=6254,org_changeCycle=0,cur_changeCycle=0,to_view=6255
info|2019-12-11 12:43:38.408799|[g:1][CONSENSUS]addRawPrepare,height=1,reqIdx=3,hash=c28543b0...
info|2019-12-11 12:43:38.412672|[g:1][CONSENSUS][PBFT]checkTimeout Succ,view=6255,toView=6256,nodeIdx=1,changeCycle=0,myNode=598ea792...,timecost=3.121
info|2019-12-11 12:43:38.421905|[g:1][CONSENSUS][PBFT]checkAndChangeView: Reach consensus,org_view=6255,org_changeCycle=0,cur_changeCycle=0,to_view=6256
info|2019-12-11 12:43:39.428975|[g:1][CONSENSUS]addRawPrepare,height=1,reqIdx=0,hash=fa81bf1e...
info|2019-12-11 12:43:39.433373|[g:1][CONSENSUS][PBFT]checkTimeout Succ,view=6256,toView=6257,nodeIdx=1,changeCycle=0,myNode=598ea792...,timecost=3.072
info|2019-12-11 12:43:39.444854|[g:1][CONSENSUS][PBFT]checkAndChangeView: Reach consensus,org_view=6256,org_changeCycle=0,cur_changeCycle=0,to_view=6257
info|2019-12-11 12:43:40.011544|[P2P][Service] heartBeat,connected count=3
info|2019-12-11 12:43:40.446854|[g:1][CONSENSUS][SEALER]++++++++++++++++ Generating seal on,blkNum=1,tx=0,nodeIdx=1,hash=5f5b887d...
info|2019-12-11 12:43:40.452080|[g:1][CONSENSUS][PBFT]checkTimeout Succ,view=6257,toView=6258,nodeIdx=1,changeCycle=0,myNode=598ea792...,timecost=2.506
info|2019-12-11 12:43:40.475971|[g:1][CONSENSUS][PBFT]checkAndChangeView: Reach consensus,org_view=6257,org_changeCycle=0,cur_changeCycle=0,to_view=6258
info|2019-12-11 12:43:41.469170|[g:1][CONSENSUS]addRawPrepare,height=1,reqIdx=2,hash=8c4e407f...
info|2019-12-11 12:43:41.469965|[g:1][CONSENSUS][PBFT]checkTimeout Succ,view=6258,toView=6259,nodeIdx=1,changeCycle=0,myNode=598ea792...,timecost=0.611
info|2019-12-11 12:43:41.472486|[g:1][CONSENSUS][PBFT]checkAndChangeView: Reach consensus,org_view=6258,org_changeCycle=0,cur_changeCycle=0,to_view=6259
info|2019-12-11 12:43:42.475952|[g:1][CONSENSUS]addRawPrepare,height=1,reqIdx=3,hash=9a462655...
info|2019-12-11 12:43:42.476318|[g:1][CONSENSUS][PBFT]checkTimeout Succ,view=6259,toView=6260,nodeIdx=1,changeCycle=0,myNode=598ea792...,timecost=0.265
info|2019-12-11 12:43:42.478013|[g:1][CONSENSUS][PBFT]checkAndChangeView: Reach consensus,org_view=6259,org_changeCycle=0,cur_changeCycle=0,to_view=6260
info|2019-12-11 12:43:43.479209|[g:1][CONSENSUS]addRawPrepare,height=1,reqIdx=0,hash=b055b591...
info|2019-12-11 12:43:43.479615|[g:1][CONSENSUS][PBFT]checkTimeout Succ,view=6260,toView=6261,nodeIdx=1,changeCycle=0,myNode=598ea792...,timecost=0.286
info|2019-12-11 12:43:43.481721|[g:1][CONSENSUS][PBFT]checkAndChangeView: Reach consensus,org_view=6260,org_changeCycle=0,cur_changeCycle=0,to_view=6261
info|2019-12-11 12:43:44.482670|[g:1][CONSENSUS][SEALER]++++++++++++++++ Generating seal on,blkNum=1,tx=0,nodeIdx=1,hash=74781f05...
info|2019-12-11 12:43:44.483891|[g:1][CONSENSUS][PBFT]checkTimeout Succ,view=6261,toView=6262,nodeIdx=1,changeCycle=0,myNode=598ea792...,timecost=0.72
info|2019-12-11 12:43:44.487953|[g:1][CONSENSUS][PBFT]checkAndChangeView: Reach consensus,org_view=6261,org_changeCycle=0,cur_changeCycle=0,to_view=6262
info|2019-12-11 12:43:45.491003|[g:1][CONSENSUS]addRawPrepare,height=1,reqIdx=2,hash=578c5a29...
info|2019-12-11 12:43:45.491614|[g:1][CONSENSUS][PBFT]checkTimeout Succ,view=6262,toView=6263,nodeIdx=1,changeCycle=0,myNode=598ea792...,timecost=0.467
info|2019-12-11 12:43:45.493110|[g:1][CONSENSUS][PBFT]checkAndChangeView: Reach consensus,org_view=6262,org_changeCycle=0,cur_changeCycle=0,to_view=6263
info|2019-12-11 12:43:46.495370|[g:1][CONSENSUS]addRawPrepare,height=1,reqIdx=3,hash=c946d68b...
info|2019-12-11 12:43:46.496248|[g:1][CONSENSUS][PBFT]checkTimeout Succ,view=6263,toView=6264,nodeIdx=1,changeCycle=0,myNode=598ea792...,timecost=0.682
info|2019-12-11 12:43:46.499858|[g:1][CONSENSUS][PBFT]checkAndChangeView: Reach consensus,org_view=6263,org_changeCycle=0,cur_changeCycle=0,to_view=6264
info|2019-12-11 12:43:47.501507|[g:1][CONSENSUS]addRawPrepare,height=1,reqIdx=0,hash=bb00a840...
info|2019-12-11 12:43:47.501880|[g:1][CONSENSUS][PBFT]checkTimeout Succ,view=6264,toView=6265,nodeIdx=1,changeCycle=0,myNode=598ea792...,timecost=0.261
info|2019-12-11 12:43:47.505295|[g:1][CONSENSUS][PBFT]checkAndChangeView: Reach consensus,org_view=6264,org_changeCycle=0,cur_changeCycle=0,to_view=6265
info|2019-12-11 12:43:48.506215|[g:1][CONSENSUS][SEALER]++++++++++++++++ Generating seal on,blkNum=1,tx=0,nodeIdx=1,hash=cefec857...
info|2019-12-11 12:43:48.510734|[g:1][CONSENSUS][PBFT]checkTimeout Succ,view=6265,toView=6266,nodeIdx=1,changeCycle=0,myNode=598ea792...,timecost=0.579
info|2019-12-11 12:43:48.512246|[g:1][CONSENSUS][PBFT]checkAndChangeView: Reach consensus,org_view=6265,org_changeCycle=0,cur_changeCycle=0,to_view=6266
info|2019-12-11 12:43:49.514206|[g:1][CONSENSUS]addRawPrepare,height=1,reqIdx=2,hash=9ffb7f09...
info|2019-12-11 12:43:49.514543|[g:1][CONSENSUS][PBFT]checkTimeout Succ,view=6266,toView=6267,nodeIdx=1,changeCycle=0,myNode=598ea792...,timecost=0.226
info|2019-12-11 12:43:49.517187|[g:1][CONSENSUS][PBFT]checkAndChangeView: Reach consensus,org_view=6266,org_changeCycle=0,cur_changeCycle=0,to_view=6267
info|2019-12-11 12:43:50.016861|[P2P][Service] heartBeat,connected count=3
info|2019-12-11 12:43:50.518184|[g:1][CONSENSUS]addRawPrepare,height=1,reqIdx=3,hash=5e216de7...
info|2019-12-11 12:43:50.518659|[g:1][CONSENSUS][PBFT]checkTimeout Succ,view=6267,toView=6268,nodeIdx=1,changeCycle=0,myNode=598ea792...,timecost=0.35
info|2019-12-11 12:43:50.520377|[g:1][CONSENSUS][PBFT]checkAndChangeView: Reach consensus,org_view=6267,org_changeCycle=0,cur_changeCycle=0,to_view=6268
info|2019-12-11 12:43:51.523011|[g:1][CONSENSUS]addRawPrepare,height=1,reqIdx=0,hash=21ec9e8a...
info|2019-12-11 12:43:51.523774|[g:1][CONSENSUS][PBFT]checkTimeout Succ,view=6268,toView=6269,nodeIdx=1,changeCycle=0,myNode=598ea792...,timecost=0.62
info|2019-12-11 12:43:51.525869|[g:1][CONSENSUS][PBFT]checkAndChangeView: Reach consensus,org_view=6268,org_changeCycle=0,cur_changeCycle=0,to_view=6269
info|2019-12-11 12:43:52.525474|[g:1][CONSENSUS][SEALER]++++++++++++++++ Generating seal on,blkNum=1,tx=0,nodeIdx=1,hash=8bfbce3c...
info|2019-12-11 12:43:52.526752|[g:1][CONSENSUS][PBFT]checkTimeout Succ,view=6269,toView=6270,nodeIdx=1,changeCycle=0,myNode=598ea792...,timecost=0.73
info|2019-12-11 12:43:52.531416|[g:1][CONSENSUS][PBFT]checkAndChangeView: Reach consensus,org_view=6269,org_changeCycle=0,cur_changeCycle=0,to_view=6270
info|2019-12-11 12:43:53.531146|[g:1][CONSENSUS]addRawPrepare,height=1,reqIdx=2,hash=c8cf136a...
info|2019-12-11 12:43:53.534188|[g:1][CONSENSUS][PBFT]checkTimeout Succ,view=6270,toView=6271,nodeIdx=1,changeCycle=0,myNode=598ea792...,timecost=2.678
info|2019-12-11 12:43:53.534980|[g:1][CONSENSUS][PBFT]checkAndChangeView: Reach consensus,org_view=6270,org_changeCycle=0,cur_changeCycle=0,to_view=6271
info|2019-12-11 12:43:54.536175|[g:1][CONSENSUS]addRawPrepare,height=1,reqIdx=3,hash=90d5a089...
info|2019-12-11 12:43:54.537115|[g:1][CONSENSUS][PBFT]checkTimeout Succ,view=6271,toView=6272,nodeIdx=1,changeCycle=0,myNode=598ea792...,timecost=0.711
info|2019-12-11 12:43:54.539556|[g:1][CONSENSUS][PBFT]checkAndChangeView: Reach consensus,org_view=6271,org_changeCycle=0,cur_changeCycle=0,to_view=6272
info|2019-12-11 12:43:55.541676|[g:1][CONSENSUS]addRawPrepare,height=1,reqIdx=0,hash=068c2b23...
info|2019-12-11 12:43:55.542652|[g:1][CONSENSUS][PBFT]checkTimeout Succ,view=6272,toView=6273,nodeIdx=1,changeCycle=0,myNode=598ea792...,timecost=0.718
info|2019-12-11 12:43:55.547049|[g:1][CONSENSUS][PBFT]checkAndChangeView: Reach consensus,org_view=6272,org_changeCycle=0,cur_changeCycle=0,to_view=6273
info|2019-12-11 12:43:56.547487|[g:1][CONSENSUS][SEALER]++++++++++++++++ Generating seal on,blkNum=1,tx=0,nodeIdx=1,hash=bc2aaecf...
info|2019-12-11 12:43:56.548227|[g:1][CONSENSUS][PBFT]checkTimeout Succ,view=6273,toView=6274,nodeIdx=1,changeCycle=0,myNode=598ea792...,timecost=0.42
info|2019-12-11 12:43:56.551637|[g:1][CONSENSUS][PBFT]checkAndChangeView: Reach consensus,org_view=6273,org_changeCycle=0,cur_changeCycle=0,to_view=6274
info|2019-12-11 12:43:57.554670|[g:1][CONSENSUS]addRawPrepare,height=1,reqIdx=2,hash=01df3661...
info|2019-12-11 12:43:57.555619|[g:1][CONSENSUS][PBFT]checkTimeout Succ,view=6274,toView=6275,nodeIdx=1,changeCycle=0,myNode=598ea792...,timecost=0.723
info|2019-12-11 12:43:57.558001|[g:1][CONSENSUS][PBFT]checkAndChangeView: Reach consensus,org_view=6274,org_changeCycle=0,cur_changeCycle=0,to_view=6275
info|2019-12-11 12:43:58.558830|[g:1][CONSENSUS]addRawPrepare,height=1,reqIdx=3,hash=463afb41...
info|2019-12-11 12:43:58.559182|[g:1][CONSENSUS][PBFT]checkTimeout Succ,view=6275,toView=6276,nodeIdx=1,changeCycle=0,myNode=598ea792...,timecost=0.251
info|2019-12-11 12:43:58.560590|[g:1][CONSENSUS][PBFT]checkAndChangeView: Reach consensus,org_view=6275,org_changeCycle=0,cur_changeCycle=0,to_view=6276
info|2019-12-11 12:44:12.009067|[P2P][Service] heartBeat,connected count=3
warning|2019-12-11 12:44:12.020616|[g:1][CONSENSUS][PBFT]ViewChangeWarning: not caused by omit empty block ,v=6276,toV=6277,curNum=0,hash=535430dd...,nodeIdx=1,myNode=598ea792...
info|2019-12-11 12:44:12.027280|[g:1][CONSENSUS][PBFT]checkTimeout Succ,view=6276,toView=6277,nodeIdx=1,changeCycle=1,myNode=598ea792...,timecost=10.035
info|2019-12-11 12:44:12.029256|[g:1][CONSENSUS][PBFT]checkAndChangeView: Reach consensus,org_view=6276,org_changeCycle=1,cur_changeCycle=1,to_view=6277
info|2019-12-11 12:44:13.029302|[g:1][CONSENSUS][SEALER]++++++++++++++++ Generating seal on,blkNum=1,tx=0,nodeIdx=1,hash=f08b46b2...
info|2019-12-11 12:44:13.030030|[g:1][CONSENSUS][PBFT]checkTimeout Succ,view=6277,toView=6278,nodeIdx=1,changeCycle=0,myNode=598ea792...,timecost=0.302
info|2019-12-11 12:44:13.032321|[g:1][CONSENSUS][PBFT]checkAndChangeView: Reach consensus,org_view=6277,org_changeCycle=0,cur_changeCycle=0,to_view=6278
info|2019-12-11 12:44:14.034130|[g:1][CONSENSUS]addRawPrepare,height=1,reqIdx=2,hash=0f5f7360...
info|2019-12-11 12:44:14.034521|[g:1][CONSENSUS][PBFT]checkTimeout Succ,view=6278,toView=6279,nodeIdx=1,changeCycle=0,myNode=598ea792...,timecost=0.292
info|2019-12-11 12:44:14.035705|[g:1][CONSENSUS][PBFT]checkAndChangeView: Reach consensus,org_view=6278,org_changeCycle=0,cur_changeCycle=0,to_view=6279
info|2019-12-11 12:44:15.037661|[g:1][CONSENSUS]addRawPrepare,height=1,reqIdx=3,hash=a8462cdb...
info|2019-12-11 12:44:15.038114|[g:1][CONSENSUS][PBFT]checkTimeout Succ,view=6279,toView=6280,nodeIdx=1,changeCycle=0,myNode=598ea792...,timecost=0.354
info|2019-12-11 12:44:15.040225|[g:1][CONSENSUS][PBFT]checkAndChangeView: Reach consensus,org_view=6279,org_changeCycle=0,cur_changeCycle=0,to_view=6280
info|2019-12-11 12:44:16.040784|[g:1][CONSENSUS]addRawPrepare,height=1,reqIdx=0,hash=10f38846...
info|2019-12-11 12:44:16.042941|[g:1][CONSENSUS][PBFT]checkTimeout Succ,view=6280,toView=6281,nodeIdx=1,changeCycle=0,myNode=598ea792...,timecost=2.056
info|2019-12-11 12:44:16.043969|[g:1][CONSENSUS][PBFT]checkAndChangeView: Reach consensus,org_view=6280,org_changeCycle=0,cur_changeCycle=0,to_view=6281
info|2019-12-11 12:44:17.043957|[g:1][CONSENSUS][SEALER]++++++++++++++++ Generating seal on,blkNum=1,tx=0,nodeIdx=1,hash=f560e78e...
info|2019-12-11 12:44:17.044608|[g:1][CONSENSUS][PBFT]checkTimeout Succ,view=6281,toView=6282,nodeIdx=1,changeCycle=0,myNode=598ea792...,timecost=0.3
info|2019-12-11 12:44:17.047864|[g:1][CONSENSUS][PBFT]checkAndChangeView: Reach consensus,org_view=6281,org_changeCycle=0,cur_changeCycle=0,to_view=6282
info|2019-12-11 12:44:18.049756|[g:1][CONSENSUS]addRawPrepare,height=1,reqIdx=2,hash=e0354f62...
info|2019-12-11 12:44:18.050820|[g:1][CONSENSUS][PBFT]checkTimeout Succ,view=6282,toView=6283,nodeIdx=1,changeCycle=0,myNode=598ea792...,timecost=0.833
info|2019-12-11 12:44:18.054024|[g:1][CONSENSUS][PBFT]checkAndChangeView: Reach consensus,org_view=6282,org_changeCycle=0,cur_changeCycle=0,to_view=6283
info|2019-12-11 12:44:19.055550|[g:1][CONSENSUS]addRawPrepare,height=1,reqIdx=3,hash=7d3cddbf...
info|2019-12-11 12:44:19.055947|[g:1][CONSENSUS][PBFT]checkTimeout Succ,view=6283,toView=6284,nodeIdx=1,changeCycle=0,myNode=598ea792...,timecost=0.291
info|2019-12-11 12:44:19.058335|[g:1][CONSENSUS][PBFT]checkAndChangeView: Reach consensus,org_view=6283,org_changeCycle=0,cur_changeCycle=0,to_view=6284
info|2019-12-11 12:44:20.059539|[g:1][CONSENSUS]addRawPrepare,height=1,reqIdx=0,hash=b05231da...
info|2019-12-11 12:44:20.059909|[g:1][CONSENSUS][PBFT]checkTimeout Succ,view=6284,toView=6285,nodeIdx=1,changeCycle=0,myNode=598ea792...,timecost=0.269
info|2019-12-11 12:44:20.062397|[g:1][CONSENSUS][PBFT]checkAndChangeView: Reach consensus,org_view=6284,org_changeCycle=0,cur_changeCycle=0,to_view=6285
info|2019-12-11 12:44:21.062902|[g:1][CONSENSUS][SEALER]++++++++++++++++ Generating seal on,blkNum=1,tx=0,nodeIdx=1,hash=e0ac756f...
info|2019-12-11 12:44:21.063469|[g:1][CONSENSUS][PBFT]checkTimeout Succ,view=6285,toView=6286,nodeIdx=1,changeCycle=0,myNode=598ea792...,timecost=0.325
info|2019-12-11 12:44:21.066044|[g:1][CONSENSUS][PBFT]checkAndChangeView: Reach consensus,org_view=6285,org_changeCycle=0,cur_changeCycle=0,to_view=6286
info|2019-12-11 12:44:22.015360|[P2P][Service] heartBeat,connected count=3
info|2019-12-11 12:44:22.068552|[g:1][CONSENSUS]addRawPrepare,height=1,reqIdx=2,hash=159d9677...
info|2019-12-11 12:44:22.069097|[g:1][CONSENSUS][PBFT]checkTimeout Succ,view=6286,toView=6287,nodeIdx=1,changeCycle=0,myNode=598ea792...,timecost=0.428
info|2019-12-11 12:44:22.072601|[g:1][CONSENSUS][PBFT]checkAndChangeView: Reach consensus,org_view=6286,org_changeCycle=0,cur_changeCycle=0,to_view=6287
info|2019-12-11 12:44:23.079749|[g:1][CONSENSUS]addRawPrepare,height=1,reqIdx=3,hash=8d7327bf...
info|2019-12-11 12:44:23.087208|[g:1][CONSENSUS][PBFT]checkTimeout Succ,view=6287,toView=6288,nodeIdx=1,changeCycle=0,myNode=598ea792...,timecost=6.609
info|2019-12-11 12:44:23.096030|[g:1][CONSENSUS][PBFT]checkAndChangeView: Reach consensus,org_view=6287,org_changeCycle=0,cur_changeCycle=0,to_view=6288
info|2019-12-11 12:44:24.102412|[g:1][CONSENSUS]addRawPrepare,height=1,reqIdx=0,hash=404d5f41...
info|2019-12-11 12:44:24.105474|[g:1][CONSENSUS][PBFT]checkTimeout Succ,view=6288,toView=6289,nodeIdx=1,changeCycle=0,myNode=598ea792...,timecost=2.11
info|2019-12-11 12:44:24.115169|[g:1][CONSENSUS][PBFT]checkAndChangeView: Reach consensus,org_view=6288,org_changeCycle=0,cur_changeCycle=0,to_view=6289
info|2019-12-11 12:44:25.116495|[g:1][CONSENSUS][SEALER]++++++++++++++++ Generating seal on,blkNum=1,tx=0,nodeIdx=1,hash=5cce22f7...
info|2019-12-11 12:44:25.120417|[g:1][CONSENSUS][PBFT]checkTimeout Succ,view=6289,toView=6290,nodeIdx=1,changeCycle=0,myNode=598ea792...,timecost=2.346
info|2019-12-11 12:44:25.140434|[g:1][CONSENSUS][PBFT]checkAndChangeView: Reach consensus,org_view=6289,org_changeCycle=0,cur_changeCycle=0,to_view=6290
info|2019-12-11 12:44:26.145774|[g:1][CONSENSUS]addRawPrepare,height=1,reqIdx=2,hash=5fc432c5...
info|2019-12-11 12:44:26.191769|[g:1][CONSENSUS][PBFT]checkTimeout Succ,view=6290,toView=6291,nodeIdx=1,changeCycle=0,myNode=598ea792...,timecost=45.346
info|2019-12-11 12:44:26.206778|[g:1][CONSENSUS][PBFT]checkAndChangeView: Reach consensus,org_view=6290,org_changeCycle=0,cur_changeCycle=0,to_view=6291
info|2019-12-11 12:44:27.183594|[g:1][CONSENSUS]addRawPrepare,height=1,reqIdx=3,hash=5ea88830...
info|2019-12-11 12:44:27.186846|[g:1][CONSENSUS][PBFT]checkTimeout Succ,view=6291,toView=6292,nodeIdx=1,changeCycle=0,myNode=598ea792...,timecost=2.616
info|2019-12-11 12:44:27.204413|[g:1][CONSENSUS][PBFT]checkAndChangeView: Reach consensus,org_view=6291,org_changeCycle=0,cur_changeCycle=0,to_view=6292
info|2019-12-11 12:44:28.222500|[g:1][CONSENSUS]addRawPrepare,height=1,reqIdx=0,hash=d47f9be4...
info|2019-12-11 12:44:28.226185|[g:1][CONSENSUS][PBFT]checkTimeout Succ,view=6292,toView=6293,nodeIdx=1,changeCycle=0,myNode=598ea792...,timecost=2.448
info|2019-12-11 12:44:28.237337|[g:1][CONSENSUS][PBFT]checkAndChangeView: Reach consensus,org_view=6292,org_changeCycle=0,cur_changeCycle=0,to_view=6293
info|2019-12-11 12:44:29.239506|[g:1][CONSENSUS][SEALER]++++++++++++++++ Generating seal on,blkNum=1,tx=0,nodeIdx=1,hash=f8f391f7...
info|2019-12-11 12:44:29.244110|[g:1][CONSENSUS][PBFT]checkTimeout Succ,view=6293,toView=6294,nodeIdx=1,changeCycle=0,myNode=598ea792...,timecost=2.612
info|2019-12-11 12:44:29.260097|[g:1][CONSENSUS][PBFT]checkAndChangeView: Reach consensus,org_view=6293,org_changeCycle=0,cur_changeCycle=0,to_view=6294
info|2019-12-11 12:44:30.277208|[g:1][CONSENSUS]addRawPrepare,height=1,reqIdx=2,hash=e30dadc8...
info|2019-12-11 12:44:30.283557|[g:1][CONSENSUS][PBFT]checkTimeout Succ,view=6294,toView=6295,nodeIdx=1,changeCycle=0,myNode=598ea792...,timecost=5.423
info|2019-12-11 12:44:30.292064|[g:1][CONSENSUS][PBFT]checkAndChangeView: Reach consensus,org_view=6294,org_changeCycle=0,cur_changeCycle=0,to_view=6295
info|2019-12-11 12:44:31.304625|[g:1][CONSENSUS]addRawPrepare,height=1,reqIdx=3,hash=8b97778f...
info|2019-12-11 12:44:31.310589|[g:1][CONSENSUS][PBFT]checkTimeout Succ,view=6295,toView=6296,nodeIdx=1,changeCycle=0,myNode=598ea792...,timecost=5.352
info|2019-12-11 12:44:31.321645|[g:1][CONSENSUS][PBFT]checkAndChangeView: Reach consensus,org_view=6295,org_changeCycle=0,cur_changeCycle=0,to_view=6296
info|2019-12-11 12:44:32.016150|[P2P][Service] heartBeat,connected count=3
info|2019-12-11 12:44:32.325953|[g:1][CONSENSUS]addRawPrepare,height=1,reqIdx=0,hash=028b2eba...
info|2019-12-11 12:44:32.340771|[g:1][CONSENSUS][PBFT]checkTimeout Succ,view=6296,toView=6297,nodeIdx=1,changeCycle=0,myNode=598ea792...,timecost=14.159
info|2019-12-11 12:44:32.352455|[g:1][CONSENSUS][PBFT]checkAndChangeView: Reach consensus,org_view=6296,org_changeCycle=0,cur_changeCycle=0,to_view=6297
info|2019-12-11 12:44:33.352301|[g:1][CONSENSUS][SEALER]++++++++++++++++ Generating seal on,blkNum=1,tx=0,nodeIdx=1,hash=7b3f4098...
info|2019-12-11 12:44:33.357972|[g:1][CONSENSUS][PBFT]checkTimeout Succ,view=6297,toView=6298,nodeIdx=1,changeCycle=0,myNode=598ea792...,timecost=0.747
info|2019-12-11 12:44:33.358774|[g:1][CONSENSUS][PBFT]checkAndChangeView: Reach consensus,org_view=6297,org_changeCycle=0,cur_changeCycle=0,to_view=6298
info|2019-12-11 12:44:34.361642|[g:1][CONSENSUS]addRawPrepare,height=1,reqIdx=2,hash=c6f94dad...
info|2019-12-11 12:44:34.363783|[g:1][CONSENSUS][PBFT]checkTimeout Succ,view=6298,toView=6299,nodeIdx=1,changeCycle=0,myNode=598ea792...,timecost=1.714
info|2019-12-11 12:44:34.366072|[g:1][CONSENSUS][PBFT]checkAndChangeView: Reach consensus,org_view=6298,org_changeCycle=0,cur_changeCycle=0,to_view=6299
info|2019-12-11 12:44:35.366233|[g:1][CONSENSUS]addRawPrepare,height=1,reqIdx=3,hash=9e106488...
info|2019-12-11 12:44:35.366601|[g:1][CONSENSUS][PBFT]checkTimeout Succ,view=6299,toView=6300,nodeIdx=1,changeCycle=0,myNode=598ea792...,timecost=0.271
info|2019-12-11 12:44:35.368398|[g:1][CONSENSUS][PBFT]checkAndChangeView: Reach consensus,org_view=6299,org_changeCycle=0,cur_changeCycle=0,to_view=6300
info|2019-12-11 12:44:36.370474|[g:1][CONSENSUS]addRawPrepare,height=1,reqIdx=0,hash=c1f34e9b...
info|2019-12-11 12:44:36.371382|[g:1][CONSENSUS][PBFT]checkTimeout Succ,view=6300,toView=6301,nodeIdx=1,changeCycle=0,myNode=598ea792...,timecost=0.791
info|2019-12-11 12:44:36.372971|[g:1][CONSENSUS][PBFT]checkAndChangeView: Reach consensus,org_view=6300,org_changeCycle=0,cur_changeCycle=0,to_view=6301
info|2019-12-11 12:44:37.372704|[g:1][CONSENSUS][SEALER]++++++++++++++++ Generating seal on,blkNum=1,tx=0,nodeIdx=1,hash=789e96f8...
info|2019-12-11 12:44:37.373352|[g:1][CONSENSUS][PBFT]checkTimeout Succ,view=6301,toView=6302,nodeIdx=1,changeCycle=0,myNode=598ea792...,timecost=0.355
info|2019-12-11 12:44:37.377265|[g:1][CONSENSUS][PBFT]checkAndChangeView: Reach consensus,org_view=6301,org_changeCycle=0,cur_changeCycle=0,to_view=6302
info|2019-12-11 12:44:38.378445|[g:1][CONSENSUS]addRawPrepare,height=1,reqIdx=2,hash=abb6ed85...
info|2019-12-11 12:44:38.379409|[g:1][CONSENSUS][PBFT]checkTimeout Succ,view=6302,toView=6303,nodeIdx=1,changeCycle=0,myNode=598ea792...,timecost=0.668
info|2019-12-11 12:44:38.380896|[g:1][CONSENSUS][PBFT]checkAndChangeView: Reach consensus,org_view=6302,org_changeCycle=0,cur_changeCycle=0,to_view=6303
info|2019-12-11 12:44:39.383969|[g:1][CONSENSUS]addRawPrepare,height=1,reqIdx=3,hash=a5744cb0...
info|2019-12-11 12:44:39.384636|[g:1][CONSENSUS][PBFT]checkTimeout Succ,view=6303,toView=6304,nodeIdx=1,changeCycle=0,myNode=598ea792...,timecost=0.454
info|2019-12-11 12:44:39.387107|[g:1][CONSENSUS][PBFT]checkAndChangeView: Reach consensus,org_view=6303,org_changeCycle=0,cur_changeCycle=0,to_view=6304
info|2019-12-11 12:44:40.387612|[g:1][CONSENSUS]addRawPrepare,height=1,reqIdx=0,hash=1082f02f...
info|2019-12-11 12:44:40.388102|[g:1][CONSENSUS][PBFT]checkTimeout Succ,view=6304,toView=6305,nodeIdx=1,changeCycle=0,myNode=598ea792...,timecost=0.366
info|2019-12-11 12:44:40.390026|[g:1][CONSENSUS][PBFT]checkAndChangeView: Reach consensus,org_view=6304,org_changeCycle=0,cur_changeCycle=0,to_view=6305
info|2019-12-11 12:44:41.391187|[g:1][CONSENSUS][SEALER]++++++++++++++++ Generating seal on,blkNum=1,tx=0,nodeIdx=1,hash=20d0b4bf...
info|2019-12-11 12:44:41.391840|[g:1][CONSENSUS][PBFT]checkTimeout Succ,view=6305,toView=6306,nodeIdx=1,changeCycle=0,myNode=598ea792...,timecost=0.266
info|2019-12-11 12:44:41.394070|[g:1][CONSENSUS][PBFT]checkAndChangeView: Reach consensus,org_view=6305,org_changeCycle=0,cur_changeCycle=0,to_view=6306
info|2019-12-11 12:44:42.022684|[P2P][Service] heartBeat,connected count=3
info|2019-12-11 12:44:42.397270|[g:1][CONSENSUS]addRawPrepare,height=1,reqIdx=2,hash=47eefb3a...
info|2019-12-11 12:44:42.398328|[g:1][CONSENSUS][PBFT]checkTimeout Succ,view=6306,toView=6307,nodeIdx=1,changeCycle=0,myNode=598ea792...,timecost=0.716
info|2019-12-11 12:44:42.402665|[g:1][CONSENSUS][PBFT]checkAndChangeView: Reach consensus,org_view=6306,org_changeCycle=0,cur_changeCycle=0,to_view=6307
info|2019-12-11 12:44:43.403187|[g:1][CONSENSUS]addRawPrepare,height=1,reqIdx=3,hash=5e4756ed...
info|2019-12-11 12:44:43.403580|[g:1][CONSENSUS][PBFT]checkTimeout Succ,view=6307,toView=6308,nodeIdx=1,changeCycle=0,myNode=598ea792...,timecost=0.386
info|2019-12-11 12:44:43.405843|[g:1][CONSENSUS][PBFT]checkAndChangeView: Reach consensus,org_view=6307,org_changeCycle=0,cur_changeCycle=0,to_view=6308
info|2019-12-11 12:44:44.408124|[g:1][CONSENSUS]addRawPrepare,height=1,reqIdx=0,hash=0e71a473...
info|2019-12-11 12:44:44.410313|[g:1][CONSENSUS][PBFT]checkTimeout Succ,view=6308,toView=6309,nodeIdx=1,changeCycle=0,myNode=598ea792...,timecost=1.794
info|2019-12-11 12:44:44.412125|[g:1][CONSENSUS][PBFT]checkAndChangeView: Reach consensus,org_view=6308,org_changeCycle=0,cur_changeCycle=0,to_view=6309
info|2019-12-11 12:44:45.412601|[g:1][CONSENSUS][SEALER]++++++++++++++++ Generating seal on,blkNum=1,tx=0,nodeIdx=1,hash=72e1938b...
info|2019-12-11 12:44:45.413923|[g:1][CONSENSUS][PBFT]checkTimeout Succ,view=6309,toView=6310,nodeIdx=1,changeCycle=0,myNode=598ea792...,timecost=0.808
info|2019-12-11 12:44:45.418298|[g:1][CONSENSUS][PBFT]checkAndChangeView: Reach consensus,org_view=6309,org_changeCycle=0,cur_changeCycle=0,to_view=6310
info|2019-12-11 12:44:46.418690|[g:1][CONSENSUS]addRawPrepare,height=1,reqIdx=2,hash=2848faf1...
info|2019-12-11 12:44:46.419658|[g:1][CONSENSUS][PBFT]checkTimeout Succ,view=6310,toView=6311,nodeIdx=1,changeCycle=0,myNode=598ea792...,timecost=0.709
info|2019-12-11 12:44:46.420776|[g:1][CONSENSUS][PBFT]checkAndChangeView: Reach consensus,org_view=6310,org_changeCycle=0,cur_changeCycle=0,to_view=6311
info|2019-12-11 12:44:47.422022|[g:1][CONSENSUS]addRawPrepare,height=1,reqIdx=3,hash=2e7b4193...
info|2019-12-11 12:44:47.422359|[g:1][CONSENSUS][PBFT]checkTimeout Succ,view=6311,toView=6312,nodeIdx=1,changeCycle=0,myNode=598ea792...,timecost=0.238
info|2019-12-11 12:44:47.424132|[g:1][CONSENSUS][PBFT]checkAndChangeView: Reach consensus,org_view=6311,org_changeCycle=0,cur_changeCycle=0,to_view=6312
info|2019-12-11 12:44:48.425845|[g:1][CONSENSUS]addRawPrepare,height=1,reqIdx=0,hash=3fe907a4...
info|2019-12-11 12:44:48.426426|[g:1][CONSENSUS][PBFT]checkTimeout Succ,view=6312,toView=6313,nodeIdx=1,changeCycle=0,myNode=598ea792...,timecost=0.446
info|2019-12-11 12:44:48.428729|[g:1][CONSENSUS][PBFT]checkAndChangeView: Reach consensus,org_view=6312,org_changeCycle=0,cur_changeCycle=0,to_view=6313
info|2019-12-11 12:44:49.429636|[g:1][CONSENSUS][SEALER]++++++++++++++++ Generating seal on,blkNum=1,tx=0,nodeIdx=1,hash=f611d129...
info|2019-12-11 12:44:49.431272|[g:1][CONSENSUS][PBFT]checkTimeout Succ,view=6313,toView=6314,nodeIdx=1,changeCycle=0,myNode=598ea792...,timecost=1.057
info|2019-12-11 12:44:49.435497|[g:1][CONSENSUS][PBFT]checkAndChangeView: Reach consensus,org_view=6313,org_changeCycle=0,cur_changeCycle=0,to_view=6314
info|2019-12-11 12:44:50.437808|[g:1][CONSENSUS]addRawPrepare,height=1,reqIdx=2,hash=b840c2b0...
info|2019-12-11 12:44:50.438332|[g:1][CONSENSUS][PBFT]checkTimeout Succ,view=6314,toView=6315,nodeIdx=1,changeCycle=0,myNode=598ea792...,timecost=0.38
info|2019-12-11 12:44:50.439803|[g:1][CONSENSUS][PBFT]checkAndChangeView: Reach consensus,org_view=6314,org_changeCycle=0,cur_changeCycle=0,to_view=6315
info|2019-12-11 12:44:51.442689|[g:1][CONSENSUS]addRawPrepare,height=1,reqIdx=3,hash=eba35842...
info|2019-12-11 12:44:51.443416|[g:1][CONSENSUS][PBFT]checkTimeout Succ,view=6315,toView=6316,nodeIdx=1,changeCycle=0,myNode=598ea792...,timecost=0.505
info|2019-12-11 12:44:51.445399|[g:1][CONSENSUS][PBFT]checkAndChangeView: Reach consensus,org_view=6315,org_changeCycle=0,cur_changeCycle=0,to_view=6316
info|2019-12-11 12:44:52.023094|[P2P][Service] heartBeat,connected count=3
info|2019-12-11 12:44:52.446648|[g:1][CONSENSUS]addRawPrepare,height=1,reqIdx=0,hash=04fbb43f...
info|2019-12-11 12:44:52.447034|[g:1][CONSENSUS][PBFT]checkTimeout Succ,view=6316,toView=6317,nodeIdx=1,changeCycle=0,myNode=598ea792...,timecost=0.246
info|2019-12-11 12:44:52.448341|[g:1][CONSENSUS][PBFT]checkAndChangeView: Reach consensus,org_view=6316,org_changeCycle=0,cur_changeCycle=0,to_view=6317
info|2019-12-11 12:44:53.449137|[g:1][CONSENSUS][SEALER]++++++++++++++++ Generating seal on,blkNum=1,tx=0,nodeIdx=1,hash=2f34d1b3...
info|2019-12-11 12:44:53.451162|[g:1][CONSENSUS][PBFT]checkTimeout Succ,view=6317,toView=6318,nodeIdx=1,changeCycle=0,myNode=598ea792...,timecost=0.331
info|2019-12-11 12:44:53.452156|[g:1][CONSENSUS][PBFT]checkAndChangeView: Reach consensus,org_view=6317,org_changeCycle=0,cur_changeCycle=0,to_view=6318
info|2019-12-11 12:50:26.012021|[P2P][Service] heartBeat,connected count=3
warning|2019-12-11 12:50:26.017809|[g:1][CONSENSUS][PBFT]ViewChangeWarning: not caused by omit empty block ,v=6318,toV=6319,curNum=0,hash=535430dd...,nodeIdx=1,myNode=598ea792...
info|2019-12-11 12:50:26.017910|[g:1][CONSENSUS][PBFT]checkTimeout Succ,view=6318,toView=6319,nodeIdx=1,changeCycle=1,myNode=598ea792...,timecost=0.331
info|2019-12-11 12:50:26.025995|[g:1][CONSENSUS][PBFT]checkAndChangeView: Reach consensus,org_view=6318,org_changeCycle=1,cur_changeCycle=1,to_view=6319
info|2019-12-11 12:50:27.026388|[g:1][CONSENSUS]addRawPrepare,height=1,reqIdx=3,hash=7b42b61a...
info|2019-12-11 12:50:27.027084|[g:1][CONSENSUS][PBFT]checkTimeout Succ,view=6319,toView=6320,nodeIdx=1,changeCycle=0,myNode=598ea792...,timecost=0.597
info|2019-12-11 12:50:27.028190|[g:1][CONSENSUS][PBFT]checkAndChangeView: Reach consensus,org_view=6319,org_changeCycle=0,cur_changeCycle=0,to_view=6320
info|2019-12-11 12:50:28.029988|[g:1][CONSENSUS]addRawPrepare,height=1,reqIdx=0,hash=afe6afb6...
info|2019-12-11 12:50:28.030457|[g:1][CONSENSUS][PBFT]checkTimeout Succ,view=6320,toView=6321,nodeIdx=1,changeCycle=0,myNode=598ea792...,timecost=0.348
info|2019-12-11 12:50:28.031793|[g:1][CONSENSUS][PBFT]checkAndChangeView: Reach consensus,org_view=6320,org_changeCycle=0,cur_changeCycle=0,to_view=6321
info|2019-12-11 12:50:29.031277|[g:1][CONSENSUS][SEALER]++++++++++++++++ Generating seal on,blkNum=1,tx=0,nodeIdx=1,hash=b8bd4ff9...
info|2019-12-11 12:50:29.035107|[g:1][CONSENSUS][PBFT]checkTimeout Succ,view=6321,toView=6322,nodeIdx=1,changeCycle=0,myNode=598ea792...,timecost=1.211
info|2019-12-11 12:50:29.035818|[g:1][CONSENSUS][PBFT]checkAndChangeView: Reach consensus,org_view=6321,org_changeCycle=0,cur_changeCycle=0,to_view=6322
info|2019-12-11 12:50:30.036381|[g:1][CONSENSUS]addRawPrepare,height=1,reqIdx=2,hash=7524fdc7...
info|2019-12-11 12:50:30.036753|[g:1][CONSENSUS][PBFT]checkTimeout Succ,view=6322,toView=6323,nodeIdx=1,changeCycle=0,myNode=598ea792...,timecost=0.272
info|2019-12-11 12:50:30.039025|[g:1][CONSENSUS][PBFT]checkAndChangeView: Reach consensus,org_view=6322,org_changeCycle=0,cur_changeCycle=0,to_view=6323
info|2019-12-11 12:50:31.039247|[g:1][CONSENSUS]addRawPrepare,height=1,reqIdx=3,hash=7766deba...
info|2019-12-11 12:50:31.039621|[g:1][CONSENSUS][PBFT]checkTimeout Succ,view=6323,toView=6324,nodeIdx=1,changeCycle=0,myNode=598ea792...,timecost=0.268
info|2019-12-11 12:50:31.042541|[g:1][CONSENSUS][PBFT]checkAndChangeView: Reach consensus,org_view=6323,org_changeCycle=0,cur_changeCycle=0,to_view=6324
info|2019-12-11 12:50:32.043402|[g:1][CONSENSUS]addRawPrepare,height=1,reqIdx=0,hash=637198d3...
info|2019-12-11 12:50:32.043869|[g:1][CONSENSUS][PBFT]checkTimeout Succ,view=6324,toView=6325,nodeIdx=1,changeCycle=0,myNode=598ea792...,timecost=0.313
info|2019-12-11 12:50:32.045166|[g:1][CONSENSUS][PBFT]checkAndChangeView: Reach consensus,org_view=6324,org_changeCycle=0,cur_changeCycle=0,to_view=6325
info|2019-12-11 12:50:33.045993|[g:1][CONSENSUS][SEALER]++++++++++++++++ Generating seal on,blkNum=1,tx=0,nodeIdx=1,hash=13953410...
info|2019-12-11 12:50:33.046839|[g:1][CONSENSUS][PBFT]checkTimeout Succ,view=6325,toView=6326,nodeIdx=1,changeCycle=0,myNode=598ea792...,timecost=0.436
info|2019-12-11 12:50:33.049483|[g:1][CONSENSUS][PBFT]checkAndChangeView: Reach consensus,org_view=6325,org_changeCycle=0,cur_changeCycle=0,to_view=6326
info|2019-12-11 12:50:34.050608|[g:1][CONSENSUS]addRawPrepare,height=1,reqIdx=2,hash=f1c1cefc...
info|2019-12-11 12:50:34.051063|[g:1][CONSENSUS][PBFT]checkTimeout Succ,view=6326,toView=6327,nodeIdx=1,changeCycle=0,myNode=598ea792...,timecost=0.354
info|2019-12-11 12:50:34.053180|[g:1][CONSENSUS][PBFT]checkAndChangeView: Reach consensus,org_view=6326,org_changeCycle=0,cur_changeCycle=0,to_view=6327
info|2019-12-11 12:50:35.054179|[g:1][CONSENSUS]addRawPrepare,height=1,reqIdx=3,hash=7bc41242...
info|2019-12-11 12:50:35.054766|[g:1][CONSENSUS][PBFT]checkTimeout Succ,view=6327,toView=6328,nodeIdx=1,changeCycle=0,myNode=598ea792...,timecost=0.383
info|2019-12-11 12:50:35.056006|[g:1][CONSENSUS][PBFT]checkAndChangeView: Reach consensus,org_view=6327,org_changeCycle=0,cur_changeCycle=0,to_view=6328
info|2019-12-11 12:50:36.020455|[P2P][Service] heartBeat,connected count=3
info|2019-12-11 12:50:36.057888|[g:1][CONSENSUS]addRawPrepare,height=1,reqIdx=0,hash=ce602167...
info|2019-12-11 12:50:36.059254|[g:1][CONSENSUS][PBFT]checkTimeout Succ,view=6328,toView=6329,nodeIdx=1,changeCycle=0,myNode=598ea792...,timecost=1.05
info|2019-12-11 12:50:36.060912|[g:1][CONSENSUS][PBFT]checkAndChangeView: Reach consensus,org_view=6328,org_changeCycle=0,cur_changeCycle=0,to_view=6329
info|2019-12-11 12:50:37.061310|[g:1][CONSENSUS][SEALER]++++++++++++++++ Generating seal on,blkNum=1,tx=0,nodeIdx=1,hash=f6c9476d...
info|2019-12-11 12:50:37.065444|[g:1][CONSENSUS][PBFT]checkTimeout Succ,view=6329,toView=6330,nodeIdx=1,changeCycle=0,myNode=598ea792...,timecost=2.436
info|2019-12-11 12:50:37.085018|[g:1][CONSENSUS][PBFT]checkAndChangeView: Reach consensus,org_view=6329,org_changeCycle=0,cur_changeCycle=0,to_view=6330
info|2019-12-11 12:50:38.113087|[g:1][CONSENSUS]addRawPrepare,height=1,reqIdx=2,hash=5c8a80d7...
info|2019-12-11 12:50:38.116221|[g:1][CONSENSUS][PBFT]checkTimeout Succ,view=6330,toView=6331,nodeIdx=1,changeCycle=0,myNode=598ea792...,timecost=2.172
info|2019-12-11 12:50:38.127963|[g:1][CONSENSUS][PBFT]checkAndChangeView: Reach consensus,org_view=6330,org_changeCycle=0,cur_changeCycle=0,to_view=6331
info|2019-12-11 12:50:39.135815|[g:1][CONSENSUS]addRawPrepare,height=1,reqIdx=3,hash=ba351b6a...
info|2019-12-11 12:50:39.138806|[g:1][CONSENSUS][PBFT]checkTimeout Succ,view=6331,toView=6332,nodeIdx=1,changeCycle=0,myNode=598ea792...,timecost=2.361
info|2019-12-11 12:50:39.147875|[g:1][CONSENSUS][PBFT]checkAndChangeView: Reach consensus,org_view=6331,org_changeCycle=0,cur_changeCycle=0,to_view=6332
info|2019-12-11 12:50:40.158938|[g:1][CONSENSUS]addRawPrepare,height=1,reqIdx=0,hash=9d1778c6...
info|2019-12-11 12:50:40.164031|[g:1][CONSENSUS][PBFT]checkTimeout Succ,view=6332,toView=6333,nodeIdx=1,changeCycle=0,myNode=598ea792...,timecost=4.39
info|2019-12-11 12:50:40.176211|[g:1][CONSENSUS][PBFT]checkAndChangeView: Reach consensus,org_view=6332,org_changeCycle=0,cur_changeCycle=0,to_view=6333
info|2019-12-11 12:50:41.178087|[g:1][CONSENSUS][SEALER]++++++++++++++++ Generating seal on,blkNum=1,tx=0,nodeIdx=1,hash=bd0beacd...
info|2019-12-11 12:50:41.183508|[g:1][CONSENSUS][PBFT]checkTimeout Succ,view=6333,toView=6334,nodeIdx=1,changeCycle=0,myNode=598ea792...,timecost=3.846
info|2019-12-11 12:50:41.200118|[g:1][CONSENSUS][PBFT]checkAndChangeView: Reach consensus,org_view=6333,org_changeCycle=0,cur_changeCycle=0,to_view=6334
info|2019-12-11 12:50:42.221772|[g:1][CONSENSUS]addRawPrepare,height=1,reqIdx=2,hash=e3e9e17d...
info|2019-12-11 12:50:42.224735|[g:1][CONSENSUS][PBFT]checkTimeout Succ,view=6334,toView=6335,nodeIdx=1,changeCycle=0,myNode=598ea792...,timecost=2.3
info|2019-12-11 12:50:42.233081|[g:1][CONSENSUS][PBFT]checkAndChangeView: Reach consensus,org_view=6334,org_changeCycle=0,cur_changeCycle=0,to_view=6335
info|2019-12-11 12:50:43.253431|[g:1][CONSENSUS]addRawPrepare,height=1,reqIdx=3,hash=0758217c...
info|2019-12-11 12:50:43.256286|[g:1][CONSENSUS][PBFT]checkTimeout Succ,view=6335,toView=6336,nodeIdx=1,changeCycle=0,myNode=598ea792...,timecost=2.144
info|2019-12-11 12:50:43.273056|[g:1][CONSENSUS][PBFT]checkAndChangeView: Reach consensus,org_view=6335,org_changeCycle=0,cur_changeCycle=0,to_view=6336
info|2019-12-11 12:50:44.278417|[g:1][CONSENSUS]addRawPrepare,height=1,reqIdx=0,hash=dc928a1c...
info|2019-12-11 12:50:44.289881|[g:1][CONSENSUS][PBFT]checkTimeout Succ,view=6336,toView=6337,nodeIdx=1,changeCycle=0,myNode=598ea792...,timecost=7.713
info|2019-12-11 12:50:44.299630|[g:1][CONSENSUS][PBFT]checkAndChangeView: Reach consensus,org_view=6336,org_changeCycle=0,cur_changeCycle=0,to_view=6337
info|2019-12-11 12:50:45.300820|[g:1][CONSENSUS][SEALER]++++++++++++++++ Generating seal on,blkNum=1,tx=0,nodeIdx=1,hash=e51a3a68...
info|2019-12-11 12:50:45.312598|[g:1][CONSENSUS][PBFT]checkTimeout Succ,view=6337,toView=6338,nodeIdx=1,changeCycle=0,myNode=598ea792...,timecost=2.956
info|2019-12-11 12:50:45.319319|[g:1][CONSENSUS][PBFT]checkAndChangeView: Reach consensus,org_view=6337,org_changeCycle=0,cur_changeCycle=0,to_view=6338
info|2019-12-11 12:50:46.024822|[P2P][Service] heartBeat,connected count=3
info|2019-12-11 12:50:46.336123|[g:1][CONSENSUS]addRawPrepare,height=1,reqIdx=2,hash=b754b154...
info|2019-12-11 12:50:46.339004|[g:1][CONSENSUS][PBFT]checkTimeout Succ,view=6338,toView=6339,nodeIdx=1,changeCycle=0,myNode=598ea792...,timecost=2.002
info|2019-12-11 12:50:46.363115|[g:1][CONSENSUS][PBFT]checkAndChangeView: Reach consensus,org_view=6338,org_changeCycle=0,cur_changeCycle=0,to_view=6339
info|2019-12-11 12:50:47.377823|[g:1][CONSENSUS]addRawPrepare,height=1,reqIdx=3,hash=40f3521b...
info|2019-12-11 12:50:47.378536|[g:1][CONSENSUS][PBFT]checkTimeout Succ,view=6339,toView=6340,nodeIdx=1,changeCycle=0,myNode=598ea792...,timecost=0.506
info|2019-12-11 12:50:47.382194|[g:1][CONSENSUS][PBFT]checkAndChangeView: Reach consensus,org_view=6339,org_changeCycle=0,cur_changeCycle=0,to_view=6340
info|2019-12-11 12:50:48.383387|[g:1][CONSENSUS]addRawPrepare,height=1,reqIdx=0,hash=ab8f2bdc...
info|2019-12-11 12:50:48.383871|[g:1][CONSENSUS][PBFT]checkTimeout Succ,view=6340,toView=6341,nodeIdx=1,changeCycle=0,myNode=598ea792...,timecost=0.391
info|2019-12-11 12:50:48.384817|[g:1][CONSENSUS][PBFT]checkAndChangeView: Reach consensus,org_view=6340,org_changeCycle=0,cur_changeCycle=0,to_view=6341
info|2019-12-11 12:50:49.384657|[g:1][CONSENSUS][SEALER]++++++++++++++++ Generating seal on,blkNum=1,tx=0,nodeIdx=1,hash=59fae2b2...
info|2019-12-11 12:50:49.385272|[g:1][CONSENSUS][PBFT]checkTimeout Succ,view=6341,toView=6342,nodeIdx=1,changeCycle=0,myNode=598ea792...,timecost=0.356
info|2019-12-11 12:50:49.387509|[g:1][CONSENSUS][PBFT]checkAndChangeView: Reach consensus,org_view=6341,org_changeCycle=0,cur_changeCycle=0,to_view=6342
info|2019-12-11 12:50:50.390063|[g:1][CONSENSUS]addRawPrepare,height=1,reqIdx=2,hash=ca7e043b...
info|2019-12-11 12:50:50.390935|[g:1][CONSENSUS][PBFT]checkTimeout Succ,view=6342,toView=6343,nodeIdx=1,changeCycle=0,myNode=598ea792...,timecost=0.658
info|2019-12-11 12:50:50.393217|[g:1][CONSENSUS][PBFT]checkAndChangeView: Reach consensus,org_view=6342,org_changeCycle=0,cur_changeCycle=0,to_view=6343
info|2019-12-11 12:50:51.396903|[g:1][CONSENSUS]addRawPrepare,height=1,reqIdx=3,hash=3af950d6...
info|2019-12-11 12:50:51.399765|[g:1][CONSENSUS][PBFT]checkTimeout Succ,view=6343,toView=6344,nodeIdx=1,changeCycle=0,myNode=598ea792...,timecost=2.529
info|2019-12-11 12:50:51.402225|[g:1][CONSENSUS][PBFT]checkAndChangeView: Reach consensus,org_view=6343,org_changeCycle=0,cur_changeCycle=0,to_view=6344
info|2019-12-11 12:50:52.402096|[g:1][CONSENSUS]addRawPrepare,height=1,reqIdx=0,hash=a19093df...
info|2019-12-11 12:50:52.403018|[g:1][CONSENSUS][PBFT]checkTimeout Succ,view=6344,toView=6345,nodeIdx=1,changeCycle=0,myNode=598ea792...,timecost=0.765
info|2019-12-11 12:50:52.404613|[g:1][CONSENSUS][PBFT]checkAndChangeView: Reach consensus,org_view=6344,org_changeCycle=0,cur_changeCycle=0,to_view=6345
info|2019-12-11 12:50:53.404800|[g:1][CONSENSUS][SEALER]++++++++++++++++ Generating seal on,blkNum=1,tx=0,nodeIdx=1,hash=0babcb44...
info|2019-12-11 12:50:53.406140|[g:1][CONSENSUS][PBFT]checkTimeout Succ,view=6345,toView=6346,nodeIdx=1,changeCycle=0,myNode=598ea792...,timecost=0.73
info|2019-12-11 12:50:53.411372|[g:1][CONSENSUS][PBFT]checkAndChangeView: Reach consensus,org_view=6345,org_changeCycle=0,cur_changeCycle=0,to_view=6346
info|2019-12-11 12:50:54.414290|[g:1][CONSENSUS]addRawPrepare,height=1,reqIdx=2,hash=4b2b0321...
info|2019-12-11 12:50:54.416350|[g:1][CONSENSUS][PBFT]checkTimeout Succ,view=6346,toView=6347,nodeIdx=1,changeCycle=0,myNode=598ea792...,timecost=1.667
info|2019-12-11 12:50:54.418098|[g:1][CONSENSUS][PBFT]checkAndChangeView: Reach consensus,org_view=6346,org_changeCycle=0,cur_changeCycle=0,to_view=6347
info|2019-12-11 12:50:55.420428|[g:1][CONSENSUS]addRawPrepare,height=1,reqIdx=3,hash=5fbb4f3b...
info|2019-12-11 12:50:55.423015|[g:1][CONSENSUS][PBFT]checkTimeout Succ,view=6347,toView=6348,nodeIdx=1,changeCycle=0,myNode=598ea792...,timecost=2.361
info|2019-12-11 12:50:55.424535|[g:1][CONSENSUS][PBFT]checkAndChangeView: Reach consensus,org_view=6347,org_changeCycle=0,cur_changeCycle=0,to_view=6348
info|2019-12-11 12:50:56.029024|[P2P][Service] heartBeat,connected count=3
info|2019-12-11 12:50:56.427025|[g:1][CONSENSUS]addRawPrepare,height=1,reqIdx=0,hash=97b5cbf9...
info|2019-12-11 12:50:56.429439|[g:1][CONSENSUS][PBFT]checkTimeout Succ,view=6348,toView=6349,nodeIdx=1,changeCycle=0,myNode=598ea792...,timecost=2.048
info|2019-12-11 12:50:56.430854|[g:1][CONSENSUS][PBFT]checkAndChangeView: Reach consensus,org_view=6348,org_changeCycle=0,cur_changeCycle=0,to_view=6349
info|2019-12-11 12:50:57.430317|[g:1][CONSENSUS][SEALER]++++++++++++++++ Generating seal on,blkNum=1,tx=0,nodeIdx=1,hash=0bf3ba92...
info|2019-12-11 12:50:57.431039|[g:1][CONSENSUS][PBFT]checkTimeout Succ,view=6349,toView=6350,nodeIdx=1,changeCycle=0,myNode=598ea792...,timecost=0.391
info|2019-12-11 12:50:57.433768|[g:1][CONSENSUS][PBFT]checkAndChangeView: Reach consensus,org_view=6349,org_changeCycle=0,cur_changeCycle=0,to_view=6350
info|2019-12-11 12:50:58.436386|[g:1][CONSENSUS]addRawPrepare,height=1,reqIdx=2,hash=cead6968...
info|2019-12-11 12:50:58.437391|[g:1][CONSENSUS][PBFT]checkTimeout Succ,view=6350,toView=6351,nodeIdx=1,changeCycle=0,myNode=598ea792...,timecost=0.785
info|2019-12-11 12:50:58.440143|[g:1][CONSENSUS][PBFT]checkAndChangeView: Reach consensus,org_view=6350,org_changeCycle=0,cur_changeCycle=0,to_view=6351
info|2019-12-11 12:50:59.443219|[g:1][CONSENSUS]addRawPrepare,height=1,reqIdx=3,hash=eba50030...
info|2019-12-11 12:50:59.444191|[g:1][CONSENSUS][PBFT]checkTimeout Succ,view=6351,toView=6352,nodeIdx=1,changeCycle=0,myNode=598ea792...,timecost=0.752
info|2019-12-11 12:50:59.446996|[g:1][CONSENSUS][PBFT]checkAndChangeView: Reach consensus,org_view=6351,org_changeCycle=0,cur_changeCycle=0,to_view=6352
info|2019-12-11 12:51:00.448711|[g:1][CONSENSUS]addRawPrepare,height=1,reqIdx=0,hash=698ee73a...
info|2019-12-11 12:51:00.449324|[g:1][CONSENSUS][PBFT]checkTimeout Succ,view=6352,toView=6353,nodeIdx=1,changeCycle=0,myNode=598ea792...,timecost=0.453
info|2019-12-11 12:51:00.451440|[g:1][CONSENSUS][PBFT]checkAndChangeView: Reach consensus,org_view=6352,org_changeCycle=0,cur_changeCycle=0,to_view=6353
info|2019-12-11 12:51:01.451446|[g:1][CONSENSUS][SEALER]++++++++++++++++ Generating seal on,blkNum=1,tx=0,nodeIdx=1,hash=0019b384...
info|2019-12-11 12:51:01.452119|[g:1][CONSENSUS][PBFT]checkTimeout Succ,view=6353,toView=6354,nodeIdx=1,changeCycle=0,myNode=598ea792...,timecost=0.252
info|2019-12-11 12:51:01.455920|[g:1][CONSENSUS][PBFT]checkAndChangeView: Reach consensus,org_view=6353,org_changeCycle=0,cur_changeCycle=0,to_view=6354
info|2019-12-11 12:51:02.460558|[g:1][CONSENSUS]addRawPrepare,height=1,reqIdx=2,hash=ed226778...
info|2019-12-11 12:51:02.464944|[g:1][CONSENSUS][PBFT]checkTimeout Succ,view=6354,toView=6355,nodeIdx=1,changeCycle=0,myNode=598ea792...,timecost=4.115
info|2019-12-11 12:51:02.466195|[g:1][CONSENSUS][PBFT]checkAndChangeView: Reach consensus,org_view=6354,org_changeCycle=0,cur_changeCycle=0,to_view=6355
info|2019-12-11 12:51:03.466277|[g:1][CONSENSUS]addRawPrepare,height=1,reqIdx=3,hash=0ff52f18...
info|2019-12-11 12:51:03.466657|[g:1][CONSENSUS][PBFT]checkTimeout Succ,view=6355,toView=6356,nodeIdx=1,changeCycle=0,myNode=598ea792...,timecost=0.284
info|2019-12-11 12:51:03.468741|[g:1][CONSENSUS][PBFT]checkAndChangeView: Reach consensus,org_view=6355,org_changeCycle=0,cur_changeCycle=0,to_view=6356
