info|2019-12-11 23:23:27.020188|[P2P][Service] heartBeat,connected count=3
warning|2019-12-11 23:23:27.021968|[g:1][CONSENSUS][PBFT]ViewChangeWarning: not caused by omit empty block ,v=5384,toV=5385,curNum=6,hash=7ce3abdb...,nodeIdx=1,myNode=598ea792...
info|2019-12-11 23:23:27.022060|[g:1][CONSENSUS][PBFT]checkTimeout Succ,view=5384,toView=5385,nodeIdx=1,changeCycle=1,myNode=598ea792...,timecost=0.474
info|2019-12-11 23:23:27.032242|[g:1][CONSENSUS][PBFT]checkAndChangeView: Reach consensus,org_view=5384,org_changeCycle=1,cur_changeCycle=1,to_view=5385
info|2019-12-11 23:23:28.038614|[g:1][CONSENSUS]addRawPrepare,height=7,reqIdx=3,hash=1a5c205f...
info|2019-12-11 23:23:28.039025|[g:1][CONSENSUS][PBFT]checkTimeout Succ,view=5385,toView=5386,nodeIdx=1,changeCycle=0,myNode=598ea792...,timecost=0.297
info|2019-12-11 23:23:28.042791|[g:1][CONSENSUS][PBFT]checkAndChangeView: Reach consensus,org_view=5385,org_changeCycle=0,cur_changeCycle=0,to_view=5386
info|2019-12-11 23:23:29.044025|[g:1][CONSENSUS]addRawPrepare,height=7,reqIdx=0,hash=48ffc5e3...
info|2019-12-11 23:23:29.044522|[g:1][CONSENSUS][PBFT]checkTimeout Succ,view=5386,toView=5387,nodeIdx=1,changeCycle=0,myNode=598ea792...,timecost=0.39
info|2019-12-11 23:23:29.045569|[g:1][CONSENSUS][PBFT]checkAndChangeView: Reach consensus,org_view=5386,org_changeCycle=0,cur_changeCycle=0,to_view=5387
info|2019-12-11 23:23:30.045441|[g:1][CONSENSUS][SEALER]++++++++++++++++ Generating seal on,blkNum=7,tx=0,nodeIdx=1,hash=16b74179...
info|2019-12-11 23:23:30.048275|[g:1][CONSENSUS][PBFT]checkTimeout Succ,view=5387,toView=5388,nodeIdx=1,changeCycle=0,myNode=598ea792...,timecost=0.41
info|2019-12-11 23:23:30.048876|[g:1][CONSENSUS][PBFT]checkAndChangeView: Reach consensus,org_view=5387,org_changeCycle=0,cur_changeCycle=0,to_view=5388
info|2019-12-11 23:23:31.049404|[g:1][CONSENSUS]addRawPrepare,height=7,reqIdx=2,hash=19c51877...
info|2019-12-11 23:23:31.049941|[g:1][CONSENSUS][PBFT]checkTimeout Succ,view=5388,toView=5389,nodeIdx=1,changeCycle=0,myNode=598ea792...,timecost=0.37
info|2019-12-11 23:23:31.050984|[g:1][CONSENSUS][PBFT]checkAndChangeView: Reach consensus,org_view=5388,org_changeCycle=0,cur_changeCycle=0,to_view=5389
info|2019-12-11 23:23:32.053400|[g:1][CONSENSUS]addRawPrepare,height=7,reqIdx=3,hash=0a9690f4...
info|2019-12-11 23:23:32.054628|[g:1][CONSENSUS][PBFT]checkTimeout Succ,view=5389,toView=5390,nodeIdx=1,changeCycle=0,myNode=598ea792...,timecost=1.129
info|2019-12-11 23:23:32.056523|[g:1][CONSENSUS][PBFT]checkAndChangeView: Reach consensus,org_view=5389,org_changeCycle=0,cur_changeCycle=0,to_view=5390
info|2019-12-11 23:23:33.056375|[g:1][CONSENSUS]addRawPrepare,height=7,reqIdx=0,hash=e9189c93...
info|2019-12-11 23:23:33.056826|[g:1][CONSENSUS][PBFT]checkTimeout Succ,view=5390,toView=5391,nodeIdx=1,changeCycle=0,myNode=598ea792...,timecost=0.347
info|2019-12-11 23:23:33.058486|[g:1][CONSENSUS][PBFT]checkAndChangeView: Reach consensus,org_view=5390,org_changeCycle=0,cur_changeCycle=0,to_view=5391
info|2019-12-11 23:23:34.059538|[g:1][CONSENSUS][SEALER]++++++++++++++++ Generating seal on,blkNum=7,tx=0,nodeIdx=1,hash=7532e459...
info|2019-12-11 23:23:34.060287|[g:1][CONSENSUS][PBFT]checkTimeout Succ,view=5391,toView=5392,nodeIdx=1,changeCycle=0,myNode=598ea792...,timecost=0.382
info|2019-12-11 23:23:34.063113|[g:1][CONSENSUS][PBFT]checkAndChangeView: Reach consensus,org_view=5391,org_changeCycle=0,cur_changeCycle=0,to_view=5392
info|2019-12-11 23:23:35.063908|[g:1][CONSENSUS]addRawPrepare,height=7,reqIdx=2,hash=a22621fa...
info|2019-12-11 23:23:35.064414|[g:1][CONSENSUS][PBFT]checkTimeout Succ,view=5392,toView=5393,nodeIdx=1,changeCycle=0,myNode=598ea792...,timecost=0.411
info|2019-12-11 23:23:35.066666|[g:1][CONSENSUS][PBFT]checkAndChangeView: Reach consensus,org_view=5392,org_changeCycle=0,cur_changeCycle=0,to_view=5393
info|2019-12-11 23:23:36.067489|[g:1][CONSENSUS]addRawPrepare,height=7,reqIdx=3,hash=da6b5e48...
info|2019-12-11 23:23:36.067874|[g:1][CONSENSUS][PBFT]checkTimeout Succ,view=5393,toView=5394,nodeIdx=1,changeCycle=0,myNode=598ea792...,timecost=0.284
info|2019-12-11 23:23:36.069405|[g:1][CONSENSUS][PBFT]checkAndChangeView: Reach consensus,org_view=5393,org_changeCycle=0,cur_changeCycle=0,to_view=5394
info|2019-12-11 23:23:37.026175|[P2P][Service] heartBeat,connected count=3
info|2019-12-11 23:23:37.070324|[g:1][CONSENSUS]addRawPrepare,height=7,reqIdx=0,hash=9a174227...
info|2019-12-11 23:23:37.070742|[g:1][CONSENSUS][PBFT]checkTimeout Succ,view=5394,toView=5395,nodeIdx=1,changeCycle=0,myNode=598ea792...,timecost=0.313
info|2019-12-11 23:23:37.073467|[g:1][CONSENSUS][PBFT]checkAndChangeView: Reach consensus,org_view=5394,org_changeCycle=0,cur_changeCycle=0,to_view=5395
info|2019-12-11 23:23:38.074086|[g:1][CONSENSUS][SEALER]++++++++++++++++ Generating seal on,blkNum=7,tx=0,nodeIdx=1,hash=7552778a...
info|2019-12-11 23:23:38.074793|[g:1][CONSENSUS][PBFT]checkTimeout Succ,view=5395,toView=5396,nodeIdx=1,changeCycle=0,myNode=598ea792...,timecost=0.364
info|2019-12-11 23:23:38.078020|[g:1][CONSENSUS][PBFT]checkAndChangeView: Reach consensus,org_view=5395,org_changeCycle=0,cur_changeCycle=0,to_view=5396
info|2019-12-11 23:23:39.088424|[g:1][CONSENSUS]addRawPrepare,height=7,reqIdx=2,hash=bacb1565...
info|2019-12-11 23:23:39.091370|[g:1][CONSENSUS][PBFT]checkTimeout Succ,view=5396,toView=5397,nodeIdx=1,changeCycle=0,myNode=598ea792...,timecost=2.221
info|2019-12-11 23:23:39.109054|[g:1][CONSENSUS][PBFT]checkAndChangeView: Reach consensus,org_view=5396,org_changeCycle=0,cur_changeCycle=0,to_view=5397
info|2019-12-11 23:23:40.120616|[g:1][CONSENSUS]addRawPrepare,height=7,reqIdx=3,hash=18346a67...
info|2019-12-11 23:23:40.139999|[g:1][CONSENSUS][PBFT]checkTimeout Succ,view=5397,toView=5398,nodeIdx=1,changeCycle=0,myNode=598ea792...,timecost=4.532
info|2019-12-11 23:23:40.149191|[g:1][CONSENSUS][PBFT]checkAndChangeView: Reach consensus,org_view=5397,org_changeCycle=0,cur_changeCycle=0,to_view=5398
info|2019-12-11 23:23:41.141704|[g:1][CONSENSUS]addRawPrepare,height=7,reqIdx=0,hash=8973812b...
info|2019-12-11 23:23:41.147935|[g:1][CONSENSUS][PBFT]checkTimeout Succ,view=5398,toView=5399,nodeIdx=1,changeCycle=0,myNode=598ea792...,timecost=5.521
info|2019-12-11 23:23:41.155454|[g:1][CONSENSUS][PBFT]checkAndChangeView: Reach consensus,org_view=5398,org_changeCycle=0,cur_changeCycle=0,to_view=5399
info|2019-12-11 23:23:42.155943|[g:1][CONSENSUS][SEALER]++++++++++++++++ Generating seal on,blkNum=7,tx=0,nodeIdx=1,hash=3ba11f48...
info|2019-12-11 23:23:42.161999|[g:1][CONSENSUS][PBFT]checkTimeout Succ,view=5399,toView=5400,nodeIdx=1,changeCycle=0,myNode=598ea792...,timecost=3.193
info|2019-12-11 23:23:42.196001|[g:1][CONSENSUS][PBFT]checkAndChangeView: Reach consensus,org_view=5399,org_changeCycle=0,cur_changeCycle=0,to_view=5400
info|2019-12-11 23:23:43.198753|[g:1][CONSENSUS]addRawPrepare,height=7,reqIdx=2,hash=3be98493...
info|2019-12-11 23:23:43.205123|[g:1][CONSENSUS][PBFT]checkTimeout Succ,view=5400,toView=5401,nodeIdx=1,changeCycle=0,myNode=598ea792...,timecost=5.618
info|2019-12-11 23:23:43.218574|[g:1][CONSENSUS][PBFT]checkAndChangeView: Reach consensus,org_view=5400,org_changeCycle=0,cur_changeCycle=0,to_view=5401
info|2019-12-11 23:23:44.224868|[g:1][CONSENSUS]addRawPrepare,height=7,reqIdx=3,hash=eacd6fc0...
info|2019-12-11 23:23:44.228657|[g:1][CONSENSUS][PBFT]checkTimeout Succ,view=5401,toView=5402,nodeIdx=1,changeCycle=0,myNode=598ea792...,timecost=2.388
info|2019-12-11 23:23:44.256582|[g:1][CONSENSUS][PBFT]checkAndChangeView: Reach consensus,org_view=5401,org_changeCycle=0,cur_changeCycle=0,to_view=5402
info|2019-12-11 23:23:45.267833|[g:1][CONSENSUS]addRawPrepare,height=7,reqIdx=0,hash=9f6ef60d...
info|2019-12-11 23:23:45.271109|[g:1][CONSENSUS][PBFT]checkTimeout Succ,view=5402,toView=5403,nodeIdx=1,changeCycle=0,myNode=598ea792...,timecost=2.292
info|2019-12-11 23:23:45.282700|[g:1][CONSENSUS][PBFT]checkAndChangeView: Reach consensus,org_view=5402,org_changeCycle=0,cur_changeCycle=0,to_view=5403
info|2019-12-11 23:23:46.283430|[g:1][CONSENSUS][SEALER]++++++++++++++++ Generating seal on,blkNum=7,tx=0,nodeIdx=1,hash=638760e9...
info|2019-12-11 23:23:46.288855|[g:1][CONSENSUS][PBFT]checkTimeout Succ,view=5403,toView=5404,nodeIdx=1,changeCycle=0,myNode=598ea792...,timecost=3.015
info|2019-12-11 23:23:46.312501|[g:1][CONSENSUS][PBFT]checkAndChangeView: Reach consensus,org_view=5403,org_changeCycle=0,cur_changeCycle=0,to_view=5404
info|2019-12-11 23:23:47.032677|[P2P][Service] heartBeat,connected count=3
info|2019-12-11 23:23:47.316641|[g:1][CONSENSUS]addRawPrepare,height=7,reqIdx=2,hash=0dace72f...
info|2019-12-11 23:23:47.320168|[g:1][CONSENSUS][PBFT]checkTimeout Succ,view=5404,toView=5405,nodeIdx=1,changeCycle=0,myNode=598ea792...,timecost=2.538
info|2019-12-11 23:23:47.332661|[g:1][CONSENSUS][PBFT]checkAndChangeView: Reach consensus,org_view=5404,org_changeCycle=0,cur_changeCycle=0,to_view=5405
info|2019-12-11 23:23:48.336398|[g:1][CONSENSUS]addRawPrepare,height=7,reqIdx=3,hash=0949ef53...
info|2019-12-11 23:23:48.337061|[g:1][CONSENSUS][PBFT]checkTimeout Succ,view=5405,toView=5406,nodeIdx=1,changeCycle=0,myNode=598ea792...,timecost=0.476
info|2019-12-11 23:23:48.343883|[g:1][CONSENSUS][PBFT]checkAndChangeView: Reach consensus,org_view=5405,org_changeCycle=0,cur_changeCycle=0,to_view=5406
info|2019-12-11 23:23:49.345172|[g:1][CONSENSUS]addRawPrepare,height=7,reqIdx=0,hash=73525fb2...
info|2019-12-11 23:23:49.345696|[g:1][CONSENSUS][PBFT]checkTimeout Succ,view=5406,toView=5407,nodeIdx=1,changeCycle=0,myNode=598ea792...,timecost=0.339
info|2019-12-11 23:23:49.347219|[g:1][CONSENSUS][PBFT]checkAndChangeView: Reach consensus,org_view=5406,org_changeCycle=0,cur_changeCycle=0,to_view=5407
info|2019-12-11 23:23:50.348168|[g:1][CONSENSUS][SEALER]++++++++++++++++ Generating seal on,blkNum=7,tx=0,nodeIdx=1,hash=5d2d18d6...
info|2019-12-11 23:23:50.350669|[g:1][CONSENSUS][PBFT]checkTimeout Succ,view=5407,toView=5408,nodeIdx=1,changeCycle=0,myNode=598ea792...,timecost=0.278
info|2019-12-11 23:23:50.351152|[g:1][CONSENSUS][PBFT]checkAndChangeView: Reach consensus,org_view=5407,org_changeCycle=0,cur_changeCycle=0,to_view=5408
info|2019-12-11 23:23:51.353647|[g:1][CONSENSUS]addRawPrepare,height=7,reqIdx=2,hash=d4c14193...
info|2019-12-11 23:23:51.355537|[g:1][CONSENSUS][PBFT]checkTimeout Succ,view=5408,toView=5409,nodeIdx=1,changeCycle=0,myNode=598ea792...,timecost=1.76
info|2019-12-11 23:23:51.356694|[g:1][CONSENSUS][PBFT]checkAndChangeView: Reach consensus,org_view=5408,org_changeCycle=0,cur_changeCycle=0,to_view=5409
info|2019-12-11 23:23:52.357632|[g:1][CONSENSUS]addRawPrepare,height=7,reqIdx=3,hash=1f9fe27e...
info|2019-12-11 23:23:52.358007|[g:1][CONSENSUS][PBFT]checkTimeout Succ,view=5409,toView=5410,nodeIdx=1,changeCycle=0,myNode=598ea792...,timecost=0.277
info|2019-12-11 23:23:52.362038|[g:1][CONSENSUS][PBFT]checkAndChangeView: Reach consensus,org_view=5409,org_changeCycle=0,cur_changeCycle=0,to_view=5410
info|2019-12-11 23:23:53.362407|[g:1][CONSENSUS]addRawPrepare,height=7,reqIdx=0,hash=b23d204b...
info|2019-12-11 23:23:53.362863|[g:1][CONSENSUS][PBFT]checkTimeout Succ,view=5410,toView=5411,nodeIdx=1,changeCycle=0,myNode=598ea792...,timecost=0.338
info|2019-12-11 23:23:53.364056|[g:1][CONSENSUS][PBFT]checkAndChangeView: Reach consensus,org_view=5410,org_changeCycle=0,cur_changeCycle=0,to_view=5411
info|2019-12-11 23:23:54.365002|[g:1][CONSENSUS][SEALER]++++++++++++++++ Generating seal on,blkNum=7,tx=0,nodeIdx=1,hash=74de2e93...
info|2019-12-11 23:23:54.366301|[g:1][CONSENSUS][PBFT]checkTimeout Succ,view=5411,toView=5412,nodeIdx=1,changeCycle=0,myNode=598ea792...,timecost=0.437
info|2019-12-11 23:23:54.369043|[g:1][CONSENSUS][PBFT]checkAndChangeView: Reach consensus,org_view=5411,org_changeCycle=0,cur_changeCycle=0,to_view=5412
info|2019-12-11 23:23:55.370975|[g:1][CONSENSUS]addRawPrepare,height=7,reqIdx=2,hash=1d3d12f0...
info|2019-12-11 23:23:55.371816|[g:1][CONSENSUS][PBFT]checkTimeout Succ,view=5412,toView=5413,nodeIdx=1,changeCycle=0,myNode=598ea792...,timecost=0.674
info|2019-12-11 23:23:55.372953|[g:1][CONSENSUS][PBFT]checkAndChangeView: Reach consensus,org_view=5412,org_changeCycle=0,cur_changeCycle=0,to_view=5413
info|2019-12-11 23:23:56.374540|[g:1][CONSENSUS]addRawPrepare,height=7,reqIdx=3,hash=06959463...
info|2019-12-11 23:23:56.374917|[g:1][CONSENSUS][PBFT]checkTimeout Succ,view=5413,toView=5414,nodeIdx=1,changeCycle=0,myNode=598ea792...,timecost=0.271
info|2019-12-11 23:23:56.376840|[g:1][CONSENSUS][PBFT]checkAndChangeView: Reach consensus,org_view=5413,org_changeCycle=0,cur_changeCycle=0,to_view=5414
info|2019-12-11 23:23:57.036462|[P2P][Service] heartBeat,connected count=3
info|2019-12-11 23:23:57.379217|[g:1][CONSENSUS]addRawPrepare,height=7,reqIdx=0,hash=cb3f71a9...
info|2019-12-11 23:23:57.380188|[g:1][CONSENSUS][PBFT]checkTimeout Succ,view=5414,toView=5415,nodeIdx=1,changeCycle=0,myNode=598ea792...,timecost=0.794
info|2019-12-11 23:23:57.382385|[g:1][CONSENSUS][PBFT]checkAndChangeView: Reach consensus,org_view=5414,org_changeCycle=0,cur_changeCycle=0,to_view=5415
info|2019-12-11 23:23:58.383511|[g:1][CONSENSUS][SEALER]++++++++++++++++ Generating seal on,blkNum=7,tx=0,nodeIdx=1,hash=f4f32638...
info|2019-12-11 23:23:58.384169|[g:1][CONSENSUS][PBFT]checkTimeout Succ,view=5415,toView=5416,nodeIdx=1,changeCycle=0,myNode=598ea792...,timecost=0.409
info|2019-12-11 23:23:58.388688|[g:1][CONSENSUS][PBFT]checkAndChangeView: Reach consensus,org_view=5415,org_changeCycle=0,cur_changeCycle=0,to_view=5416
info|2019-12-11 23:23:59.388786|[g:1][CONSENSUS]addRawPrepare,height=7,reqIdx=2,hash=c7295700...
info|2019-12-11 23:23:59.389233|[g:1][CONSENSUS][PBFT]checkTimeout Succ,view=5416,toView=5417,nodeIdx=1,changeCycle=0,myNode=598ea792...,timecost=0.273
info|2019-12-11 23:23:59.390920|[g:1][CONSENSUS][PBFT]checkAndChangeView: Reach consensus,org_view=5416,org_changeCycle=0,cur_changeCycle=0,to_view=5417
info|2019-12-11 23:24:00.392074|[g:1][CONSENSUS]addRawPrepare,height=7,reqIdx=3,hash=2010fc13...
info|2019-12-11 23:24:00.392558|[g:1][CONSENSUS][PBFT]checkTimeout Succ,view=5417,toView=5418,nodeIdx=1,changeCycle=0,myNode=598ea792...,timecost=0.354
info|2019-12-11 23:24:00.394830|[g:1][CONSENSUS][PBFT]checkAndChangeView: Reach consensus,org_view=5417,org_changeCycle=0,cur_changeCycle=0,to_view=5418
info|2019-12-11 23:24:01.395832|[g:1][CONSENSUS]addRawPrepare,height=7,reqIdx=0,hash=e7c93114...
info|2019-12-11 23:24:01.396661|[g:1][CONSENSUS][PBFT]checkTimeout Succ,view=5418,toView=5419,nodeIdx=1,changeCycle=0,myNode=598ea792...,timecost=0.714
info|2019-12-11 23:24:01.397641|[g:1][CONSENSUS][PBFT]checkAndChangeView: Reach consensus,org_view=5418,org_changeCycle=0,cur_changeCycle=0,to_view=5419
info|2019-12-11 23:24:02.398251|[g:1][CONSENSUS][SEALER]++++++++++++++++ Generating seal on,blkNum=7,tx=0,nodeIdx=1,hash=e1a0d2f5...
info|2019-12-11 23:24:02.399332|[g:1][CONSENSUS][PBFT]checkTimeout Succ,view=5419,toView=5420,nodeIdx=1,changeCycle=0,myNode=598ea792...,timecost=0.711
info|2019-12-11 23:24:02.402553|[g:1][CONSENSUS][PBFT]checkAndChangeView: Reach consensus,org_view=5419,org_changeCycle=0,cur_changeCycle=0,to_view=5420
info|2019-12-11 23:24:03.405412|[g:1][CONSENSUS]addRawPrepare,height=7,reqIdx=2,hash=0153a6dc...
info|2019-12-11 23:24:03.405889|[g:1][CONSENSUS][PBFT]checkTimeout Succ,view=5420,toView=5421,nodeIdx=1,changeCycle=0,myNode=598ea792...,timecost=0.285
info|2019-12-11 23:24:03.407975|[g:1][CONSENSUS][PBFT]checkAndChangeView: Reach consensus,org_view=5420,org_changeCycle=0,cur_changeCycle=0,to_view=5421
info|2019-12-11 23:24:04.411509|[g:1][CONSENSUS]addRawPrepare,height=7,reqIdx=3,hash=37845404...
info|2019-12-11 23:24:04.412321|[g:1][CONSENSUS][PBFT]checkTimeout Succ,view=5421,toView=5422,nodeIdx=1,changeCycle=0,myNode=598ea792...,timecost=0.502
info|2019-12-11 23:24:04.413996|[g:1][CONSENSUS][PBFT]checkAndChangeView: Reach consensus,org_view=5421,org_changeCycle=0,cur_changeCycle=0,to_view=5422
info|2019-12-11 23:24:05.415642|[g:1][CONSENSUS]addRawPrepare,height=7,reqIdx=0,hash=e0bdb785...
info|2019-12-11 23:24:05.416455|[g:1][CONSENSUS][PBFT]checkTimeout Succ,view=5422,toView=5423,nodeIdx=1,changeCycle=0,myNode=598ea792...,timecost=0.501
info|2019-12-11 23:24:05.420534|[g:1][CONSENSUS][PBFT]checkAndChangeView: Reach consensus,org_view=5422,org_changeCycle=0,cur_changeCycle=0,to_view=5423
info|2019-12-11 23:24:06.421354|[g:1][CONSENSUS][SEALER]++++++++++++++++ Generating seal on,blkNum=7,tx=0,nodeIdx=1,hash=160c4155...
info|2019-12-11 23:24:06.424134|[g:1][CONSENSUS][PBFT]checkTimeout Succ,view=5423,toView=5424,nodeIdx=1,changeCycle=0,myNode=598ea792...,timecost=0.337
info|2019-12-11 23:24:06.424739|[g:1][CONSENSUS][PBFT]checkAndChangeView: Reach consensus,org_view=5423,org_changeCycle=0,cur_changeCycle=0,to_view=5424
info|2019-12-11 23:24:07.044855|[P2P][Service] heartBeat,connected count=3
info|2019-12-11 23:24:07.428764|[g:1][CONSENSUS]addRawPrepare,height=7,reqIdx=2,hash=21a2c672...
info|2019-12-11 23:24:07.432872|[g:1][CONSENSUS][PBFT]checkTimeout Succ,view=5424,toView=5425,nodeIdx=1,changeCycle=0,myNode=598ea792...,timecost=3.824
info|2019-12-11 23:24:07.434516|[g:1][CONSENSUS][PBFT]checkAndChangeView: Reach consensus,org_view=5424,org_changeCycle=0,cur_changeCycle=0,to_view=5425
info|2019-12-11 23:24:08.435466|[g:1][CONSENSUS]addRawPrepare,height=7,reqIdx=3,hash=a68eecd4...
info|2019-12-11 23:24:08.436344|[g:1][CONSENSUS][PBFT]checkTimeout Succ,view=5425,toView=5426,nodeIdx=1,changeCycle=0,myNode=598ea792...,timecost=0.663
info|2019-12-11 23:24:08.439808|[g:1][CONSENSUS][PBFT]checkAndChangeView: Reach consensus,org_view=5425,org_changeCycle=0,cur_changeCycle=0,to_view=5426
info|2019-12-11 23:24:09.442243|[g:1][CONSENSUS]addRawPrepare,height=7,reqIdx=0,hash=a370610c...
info|2019-12-11 23:24:09.442880|[g:1][CONSENSUS][PBFT]checkTimeout Succ,view=5426,toView=5427,nodeIdx=1,changeCycle=0,myNode=598ea792...,timecost=0.497
info|2019-12-11 23:24:09.444657|[g:1][CONSENSUS][PBFT]checkAndChangeView: Reach consensus,org_view=5426,org_changeCycle=0,cur_changeCycle=0,to_view=5427
info|2019-12-11 23:24:10.445283|[g:1][CONSENSUS][SEALER]++++++++++++++++ Generating seal on,blkNum=7,tx=0,nodeIdx=1,hash=8969571a...
info|2019-12-11 23:24:10.445971|[g:1][CONSENSUS][PBFT]checkTimeout Succ,view=5427,toView=5428,nodeIdx=1,changeCycle=0,myNode=598ea792...,timecost=0.39
info|2019-12-11 23:24:10.448718|[g:1][CONSENSUS][PBFT]checkAndChangeView: Reach consensus,org_view=5427,org_changeCycle=0,cur_changeCycle=0,to_view=5428
info|2019-12-11 23:24:11.451997|[g:1][CONSENSUS]addRawPrepare,height=7,reqIdx=2,hash=e3cfab4d...
info|2019-12-11 23:24:11.452692|[g:1][CONSENSUS][PBFT]checkTimeout Succ,view=5428,toView=5429,nodeIdx=1,changeCycle=0,myNode=598ea792...,timecost=0.554
info|2019-12-11 23:24:11.455369|[g:1][CONSENSUS][PBFT]checkAndChangeView: Reach consensus,org_view=5428,org_changeCycle=0,cur_changeCycle=0,to_view=5429
info|2019-12-11 23:24:12.457248|[g:1][CONSENSUS]addRawPrepare,height=7,reqIdx=3,hash=cba96488...
info|2019-12-11 23:24:12.457888|[g:1][CONSENSUS][PBFT]checkTimeout Succ,view=5429,toView=5430,nodeIdx=1,changeCycle=0,myNode=598ea792...,timecost=0.477
info|2019-12-11 23:24:12.460200|[g:1][CONSENSUS][PBFT]checkAndChangeView: Reach consensus,org_view=5429,org_changeCycle=0,cur_changeCycle=0,to_view=5430
info|2019-12-11 23:24:13.461983|[g:1][CONSENSUS]addRawPrepare,height=7,reqIdx=0,hash=bc98f1a7...
info|2019-12-11 23:24:13.462516|[g:1][CONSENSUS][PBFT]checkTimeout Succ,view=5430,toView=5431,nodeIdx=1,changeCycle=0,myNode=598ea792...,timecost=0.387
info|2019-12-11 23:24:13.463948|[g:1][CONSENSUS][PBFT]checkAndChangeView: Reach consensus,org_view=5430,org_changeCycle=0,cur_changeCycle=0,to_view=5431
info|2019-12-11 23:24:14.464141|[g:1][CONSENSUS][SEALER]++++++++++++++++ Generating seal on,blkNum=7,tx=0,nodeIdx=1,hash=d750b604...
info|2019-12-11 23:24:14.464972|[g:1][CONSENSUS][PBFT]checkTimeout Succ,view=5431,toView=5432,nodeIdx=1,changeCycle=0,myNode=598ea792...,timecost=0.321
info|2019-12-11 23:24:14.467373|[g:1][CONSENSUS][PBFT]checkAndChangeView: Reach consensus,org_view=5431,org_changeCycle=0,cur_changeCycle=0,to_view=5432
info|2019-12-11 23:24:15.468425|[g:1][CONSENSUS]addRawPrepare,height=7,reqIdx=2,hash=28e23d7b...
info|2019-12-11 23:24:15.469057|[g:1][CONSENSUS][PBFT]checkTimeout Succ,view=5432,toView=5433,nodeIdx=1,changeCycle=0,myNode=598ea792...,timecost=0.495
info|2019-12-11 23:24:15.471984|[g:1][CONSENSUS][PBFT]checkAndChangeView: Reach consensus,org_view=5432,org_changeCycle=0,cur_changeCycle=0,to_view=5433
info|2019-12-11 23:24:16.472906|[g:1][CONSENSUS]addRawPrepare,height=7,reqIdx=3,hash=96f835fe...
info|2019-12-11 23:24:16.473456|[g:1][CONSENSUS][PBFT]checkTimeout Succ,view=5433,toView=5434,nodeIdx=1,changeCycle=0,myNode=598ea792...,timecost=0.404
info|2019-12-11 23:24:16.475769|[g:1][CONSENSUS][PBFT]checkAndChangeView: Reach consensus,org_view=5433,org_changeCycle=0,cur_changeCycle=0,to_view=5434
info|2019-12-11 23:24:17.051485|[P2P][Service] heartBeat,connected count=3
info|2019-12-11 23:24:17.479142|[g:1][CONSENSUS]addRawPrepare,height=7,reqIdx=0,hash=ee393c18...
info|2019-12-11 23:24:17.480062|[g:1][CONSENSUS][PBFT]checkTimeout Succ,view=5434,toView=5435,nodeIdx=1,changeCycle=0,myNode=598ea792...,timecost=0.703
info|2019-12-11 23:24:17.482280|[g:1][CONSENSUS][PBFT]checkAndChangeView: Reach consensus,org_view=5434,org_changeCycle=0,cur_changeCycle=0,to_view=5435
info|2019-12-11 23:24:18.483333|[g:1][CONSENSUS][SEALER]++++++++++++++++ Generating seal on,blkNum=7,tx=0,nodeIdx=1,hash=fe1150c5...
info|2019-12-11 23:24:18.487572|[g:1][CONSENSUS][PBFT]checkTimeout Succ,view=5435,toView=5436,nodeIdx=1,changeCycle=0,myNode=598ea792...,timecost=1.107
info|2019-12-11 23:24:18.488186|[g:1][CONSENSUS][PBFT]checkAndChangeView: Reach consensus,org_view=5435,org_changeCycle=0,cur_changeCycle=0,to_view=5436
info|2019-12-11 23:24:19.488932|[g:1][CONSENSUS]addRawPrepare,height=7,reqIdx=2,hash=532b6f1a...
info|2019-12-11 23:24:19.489309|[g:1][CONSENSUS][PBFT]checkTimeout Succ,view=5436,toView=5437,nodeIdx=1,changeCycle=0,myNode=598ea792...,timecost=0.283
info|2019-12-11 23:24:19.490606|[g:1][CONSENSUS][PBFT]checkAndChangeView: Reach consensus,org_view=5436,org_changeCycle=0,cur_changeCycle=0,to_view=5437
