info|2019-12-11 04:10:31.008532|[P2P][Service] heartBeat,connected count=3
warning|2019-12-11 04:10:31.019311|[g:1][CONSENSUS][PBFT]ViewChangeWarning: not caused by omit empty block ,v=5956,toV=5957,curNum=0,hash=535430dd...,nodeIdx=1,myNode=598ea792...
info|2019-12-11 04:10:31.023268|[g:1][CONSENSUS][PBFT]checkTimeout Succ,view=5956,toView=5957,nodeIdx=1,changeCycle=1,myNode=598ea792...,timecost=10.657
info|2019-12-11 04:10:31.024296|[g:1][CONSENSUS][PBFT]checkAndChangeView: Reach consensus,org_view=5956,org_changeCycle=1,cur_changeCycle=1,to_view=5957
info|2019-12-11 04:10:32.024428|[g:1][CONSENSUS][SEALER]++++++++++++++++ Generating seal on,blkNum=1,tx=0,nodeIdx=1,hash=d4a190e6...
info|2019-12-11 04:10:32.028020|[g:1][CONSENSUS][PBFT]checkTimeout Succ,view=5957,toView=5958,nodeIdx=1,changeCycle=0,myNode=598ea792...,timecost=0.2
info|2019-12-11 04:10:32.028369|[g:1][CONSENSUS][PBFT]checkAndChangeView: Reach consensus,org_view=5957,org_changeCycle=0,cur_changeCycle=0,to_view=5958
info|2019-12-11 04:10:33.029140|[g:1][CONSENSUS]addRawPrepare,height=1,reqIdx=2,hash=770ee148...
info|2019-12-11 04:10:33.029576|[g:1][CONSENSUS][PBFT]checkTimeout Succ,view=5958,toView=5959,nodeIdx=1,changeCycle=0,myNode=598ea792...,timecost=0.264
info|2019-12-11 04:10:33.031392|[g:1][CONSENSUS][PBFT]checkAndChangeView: Reach consensus,org_view=5958,org_changeCycle=0,cur_changeCycle=0,to_view=5959
info|2019-12-11 04:10:34.033392|[g:1][CONSENSUS]addRawPrepare,height=1,reqIdx=3,hash=2ebbdb04...
info|2019-12-11 04:10:34.033839|[g:1][CONSENSUS][PBFT]checkTimeout Succ,view=5959,toView=5960,nodeIdx=1,changeCycle=0,myNode=598ea792...,timecost=0.326
info|2019-12-11 04:10:34.036003|[g:1][CONSENSUS][PBFT]checkAndChangeView: Reach consensus,org_view=5959,org_changeCycle=0,cur_changeCycle=0,to_view=5960
info|2019-12-11 04:10:35.038194|[g:1][CONSENSUS]addRawPrepare,height=1,reqIdx=0,hash=bf2a2370...
info|2019-12-11 04:10:35.038668|[g:1][CONSENSUS][PBFT]checkTimeout Succ,view=5960,toView=5961,nodeIdx=1,changeCycle=0,myNode=598ea792...,timecost=0.294
info|2019-12-11 04:10:35.040301|[g:1][CONSENSUS][PBFT]checkAndChangeView: Reach consensus,org_view=5960,org_changeCycle=0,cur_changeCycle=0,to_view=5961
info|2019-12-11 04:10:36.040436|[g:1][CONSENSUS][SEALER]++++++++++++++++ Generating seal on,blkNum=1,tx=0,nodeIdx=1,hash=f626f0a2...
info|2019-12-11 04:10:36.041238|[g:1][CONSENSUS][PBFT]checkTimeout Succ,view=5961,toView=5962,nodeIdx=1,changeCycle=0,myNode=598ea792...,timecost=0.415
info|2019-12-11 04:10:36.043692|[g:1][CONSENSUS][PBFT]checkAndChangeView: Reach consensus,org_view=5961,org_changeCycle=0,cur_changeCycle=0,to_view=5962
info|2019-12-11 04:10:37.046224|[g:1][CONSENSUS]addRawPrepare,height=1,reqIdx=2,hash=dc07bcbd...
info|2019-12-11 04:10:37.046687|[g:1][CONSENSUS][PBFT]checkTimeout Succ,view=5962,toView=5963,nodeIdx=1,changeCycle=0,myNode=598ea792...,timecost=0.256
info|2019-12-11 04:10:37.048223|[g:1][CONSENSUS][PBFT]checkAndChangeView: Reach consensus,org_view=5962,org_changeCycle=0,cur_changeCycle=0,to_view=5963
info|2019-12-11 04:10:38.051040|[g:1][CONSENSUS]addRawPrepare,height=1,reqIdx=3,hash=ba65dfa5...
info|2019-12-11 04:10:38.051465|[g:1][CONSENSUS][PBFT]checkTimeout Succ,view=5963,toView=5964,nodeIdx=1,changeCycle=0,myNode=598ea792...,timecost=0.314
info|2019-12-11 04:10:38.053624|[g:1][CONSENSUS][PBFT]checkAndChangeView: Reach consensus,org_view=5963,org_changeCycle=0,cur_changeCycle=0,to_view=5964
info|2019-12-11 04:10:39.055413|[g:1][CONSENSUS]addRawPrepare,height=1,reqIdx=0,hash=84b6199d...
info|2019-12-11 04:10:39.055795|[g:1][CONSENSUS][PBFT]checkTimeout Succ,view=5964,toView=5965,nodeIdx=1,changeCycle=0,myNode=598ea792...,timecost=0.268
info|2019-12-11 04:10:39.057509|[g:1][CONSENSUS][PBFT]checkAndChangeView: Reach consensus,org_view=5964,org_changeCycle=0,cur_changeCycle=0,to_view=5965
info|2019-12-11 04:10:40.058472|[g:1][CONSENSUS][SEALER]++++++++++++++++ Generating seal on,blkNum=1,tx=0,nodeIdx=1,hash=5b737ec0...
info|2019-12-11 04:10:40.062723|[g:1][CONSENSUS][PBFT]checkTimeout Succ,view=5965,toView=5966,nodeIdx=1,changeCycle=0,myNode=598ea792...,timecost=1.529
info|2019-12-11 04:10:40.063194|[g:1][CONSENSUS][PBFT]checkAndChangeView: Reach consensus,org_view=5965,org_changeCycle=0,cur_changeCycle=0,to_view=5966
info|2019-12-11 04:10:41.008731|[P2P][Service] heartBeat,connected count=3
info|2019-12-11 04:10:41.063738|[g:1][CONSENSUS]addRawPrepare,height=1,reqIdx=2,hash=f7d920f2...
info|2019-12-11 04:10:41.064457|[g:1][CONSENSUS][PBFT]checkTimeout Succ,view=5966,toView=5967,nodeIdx=1,changeCycle=0,myNode=598ea792...,timecost=0.302
info|2019-12-11 04:10:41.066725|[g:1][CONSENSUS][PBFT]checkAndChangeView: Reach consensus,org_view=5966,org_changeCycle=0,cur_changeCycle=0,to_view=5967
info|2019-12-11 04:10:42.075767|[g:1][CONSENSUS]addRawPrepare,height=1,reqIdx=3,hash=aeff4916...
info|2019-12-11 04:10:42.079023|[g:1][CONSENSUS][PBFT]checkTimeout Succ,view=5967,toView=5968,nodeIdx=1,changeCycle=0,myNode=598ea792...,timecost=2.513
info|2019-12-11 04:10:42.093389|[g:1][CONSENSUS][PBFT]checkAndChangeView: Reach consensus,org_view=5967,org_changeCycle=0,cur_changeCycle=0,to_view=5968
info|2019-12-11 04:10:43.104179|[g:1][CONSENSUS]addRawPrepare,height=1,reqIdx=0,hash=12c2ad72...
info|2019-12-11 04:10:43.109145|[g:1][CONSENSUS][PBFT]checkTimeout Succ,view=5968,toView=5969,nodeIdx=1,changeCycle=0,myNode=598ea792...,timecost=4.155
info|2019-12-11 04:10:43.116724|[g:1][CONSENSUS][PBFT]checkAndChangeView: Reach consensus,org_view=5968,org_changeCycle=0,cur_changeCycle=0,to_view=5969
info|2019-12-11 04:10:44.116625|[g:1][CONSENSUS][SEALER]++++++++++++++++ Generating seal on,blkNum=1,tx=0,nodeIdx=1,hash=4eec9b35...
info|2019-12-11 04:10:44.128422|[g:1][CONSENSUS][PBFT]checkTimeout Succ,view=5969,toView=5970,nodeIdx=1,changeCycle=0,myNode=598ea792...,timecost=2.205
info|2019-12-11 04:10:44.136009|[g:1][CONSENSUS][PBFT]checkAndChangeView: Reach consensus,org_view=5969,org_changeCycle=0,cur_changeCycle=0,to_view=5970
info|2019-12-11 04:10:45.150776|[g:1][CONSENSUS]addRawPrepare,height=1,reqIdx=2,hash=8aacb785...
info|2019-12-11 04:10:45.155172|[g:1][CONSENSUS][PBFT]checkTimeout Succ,view=5970,toView=5971,nodeIdx=1,changeCycle=0,myNode=598ea792...,timecost=3.794
info|2019-12-11 04:10:45.162902|[g:1][CONSENSUS][PBFT]checkAndChangeView: Reach consensus,org_view=5970,org_changeCycle=0,cur_changeCycle=0,to_view=5971
info|2019-12-11 04:10:46.170224|[g:1][CONSENSUS]addRawPrepare,height=1,reqIdx=3,hash=bcdda376...
info|2019-12-11 04:10:46.173852|[g:1][CONSENSUS][PBFT]checkTimeout Succ,view=5971,toView=5972,nodeIdx=1,changeCycle=0,myNode=598ea792...,timecost=2.959
info|2019-12-11 04:10:46.186325|[g:1][CONSENSUS][PBFT]checkAndChangeView: Reach consensus,org_view=5971,org_changeCycle=0,cur_changeCycle=0,to_view=5972
info|2019-12-11 04:10:47.193228|[g:1][CONSENSUS]addRawPrepare,height=1,reqIdx=0,hash=60f93577...
info|2019-12-11 04:10:47.197120|[g:1][CONSENSUS][PBFT]checkTimeout Succ,view=5972,toView=5973,nodeIdx=1,changeCycle=0,myNode=598ea792...,timecost=2.488
info|2019-12-11 04:10:47.213180|[g:1][CONSENSUS][PBFT]checkAndChangeView: Reach consensus,org_view=5972,org_changeCycle=0,cur_changeCycle=0,to_view=5973
info|2019-12-11 04:10:48.215213|[g:1][CONSENSUS][SEALER]++++++++++++++++ Generating seal on,blkNum=1,tx=0,nodeIdx=1,hash=35d4ceea...
info|2019-12-11 04:10:48.219249|[g:1][CONSENSUS][PBFT]checkTimeout Succ,view=5973,toView=5974,nodeIdx=1,changeCycle=0,myNode=598ea792...,timecost=2.297
info|2019-12-11 04:10:48.234518|[g:1][CONSENSUS][PBFT]checkAndChangeView: Reach consensus,org_view=5973,org_changeCycle=0,cur_changeCycle=0,to_view=5974
info|2019-12-11 04:10:49.241837|[g:1][CONSENSUS]addRawPrepare,height=1,reqIdx=2,hash=5b9fc3df...
info|2019-12-11 04:10:49.244662|[g:1][CONSENSUS][PBFT]checkTimeout Succ,view=5974,toView=5975,nodeIdx=1,changeCycle=0,myNode=598ea792...,timecost=2.075
info|2019-12-11 04:10:49.255854|[g:1][CONSENSUS][PBFT]checkAndChangeView: Reach consensus,org_view=5974,org_changeCycle=0,cur_changeCycle=0,to_view=5975
info|2019-12-11 04:10:50.262741|[g:1][CONSENSUS]addRawPrepare,height=1,reqIdx=3,hash=ad4e0579...
info|2019-12-11 04:10:50.265972|[g:1][CONSENSUS][PBFT]checkTimeout Succ,view=5975,toView=5976,nodeIdx=1,changeCycle=0,myNode=598ea792...,timecost=2.615
info|2019-12-11 04:10:50.278143|[g:1][CONSENSUS][PBFT]checkAndChangeView: Reach consensus,org_view=5975,org_changeCycle=0,cur_changeCycle=0,to_view=5976
info|2019-12-11 04:10:51.013216|[P2P][Service] heartBeat,connected count=3
info|2019-12-11 04:10:51.289032|[g:1][CONSENSUS]addRawPrepare,height=1,reqIdx=0,hash=26451d8c...
info|2019-12-11 04:10:51.293208|[g:1][CONSENSUS][PBFT]checkTimeout Succ,view=5976,toView=5977,nodeIdx=1,changeCycle=0,myNode=598ea792...,timecost=3.186
info|2019-12-11 04:10:51.301617|[g:1][CONSENSUS][PBFT]checkAndChangeView: Reach consensus,org_view=5976,org_changeCycle=0,cur_changeCycle=0,to_view=5977
info|2019-12-11 04:10:52.301898|[g:1][CONSENSUS][SEALER]++++++++++++++++ Generating seal on,blkNum=1,tx=0,nodeIdx=1,hash=33b04d77...
info|2019-12-11 04:10:52.307164|[g:1][CONSENSUS][PBFT]checkTimeout Succ,view=5977,toView=5978,nodeIdx=1,changeCycle=0,myNode=598ea792...,timecost=1.183
info|2019-12-11 04:10:52.309161|[g:1][CONSENSUS][PBFT]checkAndChangeView: Reach consensus,org_view=5977,org_changeCycle=0,cur_changeCycle=0,to_view=5978
info|2019-12-11 04:10:53.311816|[g:1][CONSENSUS]addRawPrepare,height=1,reqIdx=2,hash=6392ee0d...
info|2019-12-11 04:10:53.313506|[g:1][CONSENSUS][PBFT]checkTimeout Succ,view=5978,toView=5979,nodeIdx=1,changeCycle=0,myNode=598ea792...,timecost=0.616
info|2019-12-11 04:10:53.316198|[g:1][CONSENSUS][PBFT]checkAndChangeView: Reach consensus,org_view=5978,org_changeCycle=0,cur_changeCycle=0,to_view=5979
info|2019-12-11 04:10:54.319075|[g:1][CONSENSUS]addRawPrepare,height=1,reqIdx=3,hash=becc2f88...
info|2019-12-11 04:10:54.319796|[g:1][CONSENSUS][PBFT]checkTimeout Succ,view=5979,toView=5980,nodeIdx=1,changeCycle=0,myNode=598ea792...,timecost=0.527
info|2019-12-11 04:10:54.321607|[g:1][CONSENSUS][PBFT]checkAndChangeView: Reach consensus,org_view=5979,org_changeCycle=0,cur_changeCycle=0,to_view=5980
info|2019-12-11 04:10:55.323718|[g:1][CONSENSUS]addRawPrepare,height=1,reqIdx=0,hash=0e58f863...
info|2019-12-11 04:10:55.324382|[g:1][CONSENSUS][PBFT]checkTimeout Succ,view=5980,toView=5981,nodeIdx=1,changeCycle=0,myNode=598ea792...,timecost=0.554
info|2019-12-11 04:10:55.326043|[g:1][CONSENSUS][PBFT]checkAndChangeView: Reach consensus,org_view=5980,org_changeCycle=0,cur_changeCycle=0,to_view=5981
info|2019-12-11 04:10:56.327079|[g:1][CONSENSUS][SEALER]++++++++++++++++ Generating seal on,blkNum=1,tx=0,nodeIdx=1,hash=cf2fe334...
info|2019-12-11 04:10:56.328482|[g:1][CONSENSUS][PBFT]checkTimeout Succ,view=5981,toView=5982,nodeIdx=1,changeCycle=0,myNode=598ea792...,timecost=0.859
info|2019-12-11 04:10:56.333203|[g:1][CONSENSUS][PBFT]checkAndChangeView: Reach consensus,org_view=5981,org_changeCycle=0,cur_changeCycle=0,to_view=5982
info|2019-12-11 04:10:57.335643|[g:1][CONSENSUS]addRawPrepare,height=1,reqIdx=2,hash=d55856e6...
info|2019-12-11 04:10:57.337186|[g:1][CONSENSUS][PBFT]checkTimeout Succ,view=5982,toView=5983,nodeIdx=1,changeCycle=0,myNode=598ea792...,timecost=1.312
info|2019-12-11 04:10:57.339650|[g:1][CONSENSUS][PBFT]checkAndChangeView: Reach consensus,org_view=5982,org_changeCycle=0,cur_changeCycle=0,to_view=5983
info|2019-12-11 04:10:58.341107|[g:1][CONSENSUS]addRawPrepare,height=1,reqIdx=3,hash=fae8aaf6...
info|2019-12-11 04:10:58.344918|[g:1][CONSENSUS][PBFT]checkTimeout Succ,view=5983,toView=5984,nodeIdx=1,changeCycle=0,myNode=598ea792...,timecost=3.513
info|2019-12-11 04:10:58.346086|[g:1][CONSENSUS][PBFT]checkAndChangeView: Reach consensus,org_view=5983,org_changeCycle=0,cur_changeCycle=0,to_view=5984
info|2019-12-11 04:10:59.347112|[g:1][CONSENSUS]addRawPrepare,height=1,reqIdx=0,hash=a6562e87...
info|2019-12-11 04:10:59.349193|[g:1][CONSENSUS][PBFT]checkTimeout Succ,view=5984,toView=5985,nodeIdx=1,changeCycle=0,myNode=598ea792...,timecost=1.702
info|2019-12-11 04:10:59.351862|[g:1][CONSENSUS][PBFT]checkAndChangeView: Reach consensus,org_view=5984,org_changeCycle=0,cur_changeCycle=0,to_view=5985
info|2019-12-11 04:11:00.351451|[g:1][CONSENSUS][SEALER]++++++++++++++++ Generating seal on,blkNum=1,tx=0,nodeIdx=1,hash=fc90b2e0...
info|2019-12-11 04:11:00.352789|[g:1][CONSENSUS][PBFT]checkTimeout Succ,view=5985,toView=5986,nodeIdx=1,changeCycle=0,myNode=598ea792...,timecost=0.762
info|2019-12-11 04:11:00.357200|[g:1][CONSENSUS][PBFT]checkAndChangeView: Reach consensus,org_view=5985,org_changeCycle=0,cur_changeCycle=0,to_view=5986
info|2019-12-11 04:11:01.014593|[P2P][Service] heartBeat,connected count=3
info|2019-12-11 04:11:01.358779|[g:1][CONSENSUS]addRawPrepare,height=1,reqIdx=2,hash=2bcbf747...
info|2019-12-11 04:11:01.359924|[g:1][CONSENSUS][PBFT]checkTimeout Succ,view=5986,toView=5987,nodeIdx=1,changeCycle=0,myNode=598ea792...,timecost=0.672
info|2019-12-11 04:11:01.362455|[g:1][CONSENSUS][PBFT]checkAndChangeView: Reach consensus,org_view=5986,org_changeCycle=0,cur_changeCycle=0,to_view=5987
info|2019-12-11 04:11:02.363472|[g:1][CONSENSUS]addRawPrepare,height=1,reqIdx=3,hash=10518a34...
info|2019-12-11 04:11:02.363963|[g:1][CONSENSUS][PBFT]checkTimeout Succ,view=5987,toView=5988,nodeIdx=1,changeCycle=0,myNode=598ea792...,timecost=0.353
info|2019-12-11 04:11:02.366232|[g:1][CONSENSUS][PBFT]checkAndChangeView: Reach consensus,org_view=5987,org_changeCycle=0,cur_changeCycle=0,to_view=5988
info|2019-12-11 04:11:03.368118|[g:1][CONSENSUS]addRawPrepare,height=1,reqIdx=0,hash=c5195d7f...
info|2019-12-11 04:11:03.368988|[g:1][CONSENSUS][PBFT]checkTimeout Succ,view=5988,toView=5989,nodeIdx=1,changeCycle=0,myNode=598ea792...,timecost=0.679
info|2019-12-11 04:11:03.373410|[g:1][CONSENSUS][PBFT]checkAndChangeView: Reach consensus,org_view=5988,org_changeCycle=0,cur_changeCycle=0,to_view=5989
info|2019-12-11 04:11:04.374736|[g:1][CONSENSUS][SEALER]++++++++++++++++ Generating seal on,blkNum=1,tx=0,nodeIdx=1,hash=2e2b09e1...
info|2019-12-11 04:11:04.379862|[g:1][CONSENSUS][PBFT]checkTimeout Succ,view=5989,toView=5990,nodeIdx=1,changeCycle=0,myNode=598ea792...,timecost=0.58
info|2019-12-11 04:11:04.380505|[g:1][CONSENSUS][PBFT]checkAndChangeView: Reach consensus,org_view=5989,org_changeCycle=0,cur_changeCycle=0,to_view=5990
info|2019-12-11 04:11:05.382315|[g:1][CONSENSUS]addRawPrepare,height=1,reqIdx=2,hash=59a3245d...
info|2019-12-11 04:11:05.383217|[g:1][CONSENSUS][PBFT]checkTimeout Succ,view=5990,toView=5991,nodeIdx=1,changeCycle=0,myNode=598ea792...,timecost=0.699
info|2019-12-11 04:11:05.386225|[g:1][CONSENSUS][PBFT]checkAndChangeView: Reach consensus,org_view=5990,org_changeCycle=0,cur_changeCycle=0,to_view=5991
info|2019-12-11 04:11:06.389792|[g:1][CONSENSUS]addRawPrepare,height=1,reqIdx=3,hash=60b45e03...
info|2019-12-11 04:11:06.392125|[g:1][CONSENSUS][PBFT]checkTimeout Succ,view=5991,toView=5992,nodeIdx=1,changeCycle=0,myNode=598ea792...,timecost=1.349
info|2019-12-11 04:11:06.393860|[g:1][CONSENSUS][PBFT]checkAndChangeView: Reach consensus,org_view=5991,org_changeCycle=0,cur_changeCycle=0,to_view=5992
info|2019-12-11 04:11:07.397314|[g:1][CONSENSUS]addRawPrepare,height=1,reqIdx=0,hash=33c031a8...
info|2019-12-11 04:11:07.397690|[g:1][CONSENSUS][PBFT]checkTimeout Succ,view=5992,toView=5993,nodeIdx=1,changeCycle=0,myNode=598ea792...,timecost=0.278
info|2019-12-11 04:11:07.399997|[g:1][CONSENSUS][PBFT]checkAndChangeView: Reach consensus,org_view=5992,org_changeCycle=0,cur_changeCycle=0,to_view=5993
warning|2019-12-11 04:26:03.005234|[g:1][CONSENSUS][PBFT]ViewChangeWarning: not caused by omit empty block ,v=5993,toV=5994,curNum=0,hash=535430dd...,nodeIdx=1,myNode=598ea792...
info|2019-12-11 04:26:03.005336|[g:1][CONSENSUS][PBFT]checkTimeout Succ,view=5993,toView=5994,nodeIdx=1,changeCycle=1,myNode=598ea792...,timecost=0.363
info|2019-12-11 04:26:03.017574|[P2P][Service] heartBeat,connected count=3
info|2019-12-11 04:26:03.021373|[g:1][CONSENSUS][PBFT]checkAndChangeView: Reach consensus,org_view=5993,org_changeCycle=1,cur_changeCycle=1,to_view=5994
info|2019-12-11 04:26:04.024907|[g:1][CONSENSUS]addRawPrepare,height=1,reqIdx=2,hash=1fd7854a...
info|2019-12-11 04:26:04.025350|[g:1][CONSENSUS][PBFT]checkTimeout Succ,view=5994,toView=5995,nodeIdx=1,changeCycle=0,myNode=598ea792...,timecost=0.289
info|2019-12-11 04:26:04.027134|[g:1][CONSENSUS][PBFT]checkAndChangeView: Reach consensus,org_view=5994,org_changeCycle=0,cur_changeCycle=0,to_view=5995
info|2019-12-11 04:26:05.028932|[g:1][CONSENSUS]addRawPrepare,height=1,reqIdx=3,hash=f43a67b3...
info|2019-12-11 04:26:05.029336|[g:1][CONSENSUS][PBFT]checkTimeout Succ,view=5995,toView=5996,nodeIdx=1,changeCycle=0,myNode=598ea792...,timecost=0.27
info|2019-12-11 04:26:05.031134|[g:1][CONSENSUS][PBFT]checkAndChangeView: Reach consensus,org_view=5995,org_changeCycle=0,cur_changeCycle=0,to_view=5996
info|2019-12-11 04:26:06.034015|[g:1][CONSENSUS]addRawPrepare,height=1,reqIdx=0,hash=784d8d55...
info|2019-12-11 04:26:06.034542|[g:1][CONSENSUS][PBFT]checkTimeout Succ,view=5996,toView=5997,nodeIdx=1,changeCycle=0,myNode=598ea792...,timecost=0.345
info|2019-12-11 04:26:06.037155|[g:1][CONSENSUS][PBFT]checkAndChangeView: Reach consensus,org_view=5996,org_changeCycle=0,cur_changeCycle=0,to_view=5997
info|2019-12-11 04:26:07.037284|[g:1][CONSENSUS][SEALER]++++++++++++++++ Generating seal on,blkNum=1,tx=0,nodeIdx=1,hash=1279b1a8...
info|2019-12-11 04:26:07.037957|[g:1][CONSENSUS][PBFT]checkTimeout Succ,view=5997,toView=5998,nodeIdx=1,changeCycle=0,myNode=598ea792...,timecost=0.299
info|2019-12-11 04:26:07.040820|[g:1][CONSENSUS][PBFT]checkAndChangeView: Reach consensus,org_view=5997,org_changeCycle=0,cur_changeCycle=0,to_view=5998
info|2019-12-11 04:26:08.044008|[g:1][CONSENSUS]addRawPrepare,height=1,reqIdx=2,hash=a30904f6...
info|2019-12-11 04:26:08.047042|[g:1][CONSENSUS][PBFT]checkTimeout Succ,view=5998,toView=5999,nodeIdx=1,changeCycle=0,myNode=598ea792...,timecost=2.778
info|2019-12-11 04:26:08.049295|[g:1][CONSENSUS][PBFT]checkAndChangeView: Reach consensus,org_view=5998,org_changeCycle=0,cur_changeCycle=0,to_view=5999
info|2019-12-11 04:26:09.050216|[g:1][CONSENSUS]addRawPrepare,height=1,reqIdx=3,hash=50bba7cb...
info|2019-12-11 04:26:09.051101|[g:1][CONSENSUS][PBFT]checkTimeout Succ,view=5999,toView=6000,nodeIdx=1,changeCycle=0,myNode=598ea792...,timecost=0.695
info|2019-12-11 04:26:09.055045|[g:1][CONSENSUS][PBFT]checkAndChangeView: Reach consensus,org_view=5999,org_changeCycle=0,cur_changeCycle=0,to_view=6000
info|2019-12-11 04:26:10.057909|[g:1][CONSENSUS]addRawPrepare,height=1,reqIdx=0,hash=538d860f...
info|2019-12-11 04:26:10.058749|[g:1][CONSENSUS][PBFT]checkTimeout Succ,view=6000,toView=6001,nodeIdx=1,changeCycle=0,myNode=598ea792...,timecost=0.652
info|2019-12-11 04:26:10.061429|[g:1][CONSENSUS][PBFT]checkAndChangeView: Reach consensus,org_view=6000,org_changeCycle=0,cur_changeCycle=0,to_view=6001
info|2019-12-11 04:26:11.062721|[g:1][CONSENSUS][SEALER]++++++++++++++++ Generating seal on,blkNum=1,tx=0,nodeIdx=1,hash=f86f8563...
info|2019-12-11 04:26:11.067653|[g:1][CONSENSUS][PBFT]checkTimeout Succ,view=6001,toView=6002,nodeIdx=1,changeCycle=0,myNode=598ea792...,timecost=0.484
info|2019-12-11 04:26:11.068357|[g:1][CONSENSUS][PBFT]checkAndChangeView: Reach consensus,org_view=6001,org_changeCycle=0,cur_changeCycle=0,to_view=6002
info|2019-12-11 04:26:12.071685|[g:1][CONSENSUS]addRawPrepare,height=1,reqIdx=2,hash=f9dacb36...
info|2019-12-11 04:26:12.072666|[g:1][CONSENSUS][PBFT]checkTimeout Succ,view=6002,toView=6003,nodeIdx=1,changeCycle=0,myNode=598ea792...,timecost=0.644
info|2019-12-11 04:26:12.075345|[g:1][CONSENSUS][PBFT]checkAndChangeView: Reach consensus,org_view=6002,org_changeCycle=0,cur_changeCycle=0,to_view=6003
info|2019-12-11 04:26:13.019603|[P2P][Service] heartBeat,connected count=3
info|2019-12-11 04:26:13.078608|[g:1][CONSENSUS]addRawPrepare,height=1,reqIdx=3,hash=8fa260b5...
info|2019-12-11 04:26:13.080675|[g:1][CONSENSUS][PBFT]checkTimeout Succ,view=6003,toView=6004,nodeIdx=1,changeCycle=0,myNode=598ea792...,timecost=1.717
info|2019-12-11 04:26:13.082229|[g:1][CONSENSUS][PBFT]checkAndChangeView: Reach consensus,org_view=6003,org_changeCycle=0,cur_changeCycle=0,to_view=6004
info|2019-12-11 04:26:14.201629|[g:1][CONSENSUS]addRawPrepare,height=1,reqIdx=0,hash=6c886f39...
info|2019-12-11 04:26:14.207327|[g:1][CONSENSUS][PBFT]checkTimeout Succ,view=6004,toView=6005,nodeIdx=1,changeCycle=0,myNode=598ea792...,timecost=5.012
info|2019-12-11 04:26:14.221582|[g:1][CONSENSUS][PBFT]checkAndChangeView: Reach consensus,org_view=6004,org_changeCycle=0,cur_changeCycle=0,to_view=6005
info|2019-12-11 04:26:15.223834|[g:1][CONSENSUS][SEALER]++++++++++++++++ Generating seal on,blkNum=1,tx=0,nodeIdx=1,hash=7e9ad121...
info|2019-12-11 04:26:15.231381|[g:1][CONSENSUS][PBFT]checkTimeout Succ,view=6005,toView=6006,nodeIdx=1,changeCycle=0,myNode=598ea792...,timecost=2.185
info|2019-12-11 04:26:15.243952|[g:1][CONSENSUS][PBFT]checkAndChangeView: Reach consensus,org_view=6005,org_changeCycle=0,cur_changeCycle=0,to_view=6006
info|2019-12-11 04:26:16.280444|[g:1][CONSENSUS]addRawPrepare,height=1,reqIdx=2,hash=eb11a6a1...
info|2019-12-11 04:26:16.284079|[g:1][CONSENSUS][PBFT]checkTimeout Succ,view=6006,toView=6007,nodeIdx=1,changeCycle=0,myNode=598ea792...,timecost=2.837
info|2019-12-11 04:26:16.294387|[g:1][CONSENSUS][PBFT]checkAndChangeView: Reach consensus,org_view=6006,org_changeCycle=0,cur_changeCycle=0,to_view=6007
info|2019-12-11 04:26:17.302898|[g:1][CONSENSUS]addRawPrepare,height=1,reqIdx=3,hash=1b5e495c...
info|2019-12-11 04:26:17.315886|[g:1][CONSENSUS][PBFT]checkTimeout Succ,view=6007,toView=6008,nodeIdx=1,changeCycle=0,myNode=598ea792...,timecost=12.299
info|2019-12-11 04:26:17.324573|[g:1][CONSENSUS][PBFT]checkAndChangeView: Reach consensus,org_view=6007,org_changeCycle=0,cur_changeCycle=0,to_view=6008
info|2019-12-11 04:26:18.323842|[g:1][CONSENSUS]addRawPrepare,height=1,reqIdx=0,hash=dd8d50b1...
info|2019-12-11 04:26:18.326644|[g:1][CONSENSUS][PBFT]checkTimeout Succ,view=6008,toView=6009,nodeIdx=1,changeCycle=0,myNode=598ea792...,timecost=2.065
info|2019-12-11 04:26:18.341839|[g:1][CONSENSUS][PBFT]checkAndChangeView: Reach consensus,org_view=6008,org_changeCycle=0,cur_changeCycle=0,to_view=6009
info|2019-12-11 04:26:19.343344|[g:1][CONSENSUS][SEALER]++++++++++++++++ Generating seal on,blkNum=1,tx=0,nodeIdx=1,hash=715184d5...
info|2019-12-11 04:26:19.356732|[g:1][CONSENSUS][PBFT]checkTimeout Succ,view=6009,toView=6010,nodeIdx=1,changeCycle=0,myNode=598ea792...,timecost=2.531
info|2019-12-11 04:26:19.363405|[g:1][CONSENSUS][PBFT]checkAndChangeView: Reach consensus,org_view=6009,org_changeCycle=0,cur_changeCycle=0,to_view=6010
info|2019-12-11 04:26:20.381227|[g:1][CONSENSUS]addRawPrepare,height=1,reqIdx=2,hash=ea13d627...
info|2019-12-11 04:26:20.385063|[g:1][CONSENSUS][PBFT]checkTimeout Succ,view=6010,toView=6011,nodeIdx=1,changeCycle=0,myNode=598ea792...,timecost=2.922
info|2019-12-11 04:26:20.398733|[g:1][CONSENSUS][PBFT]checkAndChangeView: Reach consensus,org_view=6010,org_changeCycle=0,cur_changeCycle=0,to_view=6011
info|2019-12-11 04:26:21.402809|[g:1][CONSENSUS]addRawPrepare,height=1,reqIdx=3,hash=8c09ce2e...
info|2019-12-11 04:26:21.406471|[g:1][CONSENSUS][PBFT]checkTimeout Succ,view=6011,toView=6012,nodeIdx=1,changeCycle=0,myNode=598ea792...,timecost=2.982
info|2019-12-11 04:26:21.418178|[g:1][CONSENSUS][PBFT]checkAndChangeView: Reach consensus,org_view=6011,org_changeCycle=0,cur_changeCycle=0,to_view=6012
info|2019-12-11 04:26:22.422637|[g:1][CONSENSUS]addRawPrepare,height=1,reqIdx=0,hash=55cd66cd...
info|2019-12-11 04:26:22.425267|[g:1][CONSENSUS][PBFT]checkTimeout Succ,view=6012,toView=6013,nodeIdx=1,changeCycle=0,myNode=598ea792...,timecost=2.019
info|2019-12-11 04:26:22.437763|[g:1][CONSENSUS][PBFT]checkAndChangeView: Reach consensus,org_view=6012,org_changeCycle=0,cur_changeCycle=0,to_view=6013
info|2019-12-11 04:26:23.027484|[P2P][Service] heartBeat,connected count=3
info|2019-12-11 04:26:23.437716|[g:1][CONSENSUS][SEALER]++++++++++++++++ Generating seal on,blkNum=1,tx=0,nodeIdx=1,hash=1b54a63f...
info|2019-12-11 04:26:23.442056|[g:1][CONSENSUS][PBFT]checkTimeout Succ,view=6013,toView=6014,nodeIdx=1,changeCycle=0,myNode=598ea792...,timecost=2.401
info|2019-12-11 04:26:23.459341|[g:1][CONSENSUS][PBFT]checkAndChangeView: Reach consensus,org_view=6013,org_changeCycle=0,cur_changeCycle=0,to_view=6014
info|2019-12-11 04:26:24.459985|[g:1][CONSENSUS]addRawPrepare,height=1,reqIdx=2,hash=483f9dd6...
info|2019-12-11 04:26:24.460653|[g:1][CONSENSUS][PBFT]checkTimeout Succ,view=6014,toView=6015,nodeIdx=1,changeCycle=0,myNode=598ea792...,timecost=0.498
info|2019-12-11 04:26:24.463077|[g:1][CONSENSUS][PBFT]checkAndChangeView: Reach consensus,org_view=6014,org_changeCycle=0,cur_changeCycle=0,to_view=6015
info|2019-12-11 04:26:25.465273|[g:1][CONSENSUS]addRawPrepare,height=1,reqIdx=3,hash=96387dc0...
info|2019-12-11 04:26:25.466631|[g:1][CONSENSUS][PBFT]checkTimeout Succ,view=6015,toView=6016,nodeIdx=1,changeCycle=0,myNode=598ea792...,timecost=1.149
info|2019-12-11 04:26:25.467968|[g:1][CONSENSUS][PBFT]checkAndChangeView: Reach consensus,org_view=6015,org_changeCycle=0,cur_changeCycle=0,to_view=6016
info|2019-12-11 04:26:26.470543|[g:1][CONSENSUS]addRawPrepare,height=1,reqIdx=0,hash=a6027c84...
info|2019-12-11 04:26:26.471545|[g:1][CONSENSUS][PBFT]checkTimeout Succ,view=6016,toView=6017,nodeIdx=1,changeCycle=0,myNode=598ea792...,timecost=0.786
info|2019-12-11 04:26:26.473581|[g:1][CONSENSUS][PBFT]checkAndChangeView: Reach consensus,org_view=6016,org_changeCycle=0,cur_changeCycle=0,to_view=6017
info|2019-12-11 04:26:27.474097|[g:1][CONSENSUS][SEALER]++++++++++++++++ Generating seal on,blkNum=1,tx=0,nodeIdx=1,hash=22eb9b74...
info|2019-12-11 04:26:27.476544|[g:1][CONSENSUS][PBFT]checkTimeout Succ,view=6017,toView=6018,nodeIdx=1,changeCycle=0,myNode=598ea792...,timecost=0.31
info|2019-12-11 04:26:27.477628|[g:1][CONSENSUS][PBFT]checkAndChangeView: Reach consensus,org_view=6017,org_changeCycle=0,cur_changeCycle=0,to_view=6018
info|2019-12-11 04:26:28.479622|[g:1][CONSENSUS]addRawPrepare,height=1,reqIdx=2,hash=a9f39123...
info|2019-12-11 04:26:28.480599|[g:1][CONSENSUS][PBFT]checkTimeout Succ,view=6018,toView=6019,nodeIdx=1,changeCycle=0,myNode=598ea792...,timecost=0.674
info|2019-12-11 04:26:28.481891|[g:1][CONSENSUS][PBFT]checkAndChangeView: Reach consensus,org_view=6018,org_changeCycle=0,cur_changeCycle=0,to_view=6019
info|2019-12-11 04:26:29.483635|[g:1][CONSENSUS]addRawPrepare,height=1,reqIdx=3,hash=499ba18f...
info|2019-12-11 04:26:29.484312|[g:1][CONSENSUS][PBFT]checkTimeout Succ,view=6019,toView=6020,nodeIdx=1,changeCycle=0,myNode=598ea792...,timecost=0.519
info|2019-12-11 04:26:29.487337|[g:1][CONSENSUS][PBFT]checkAndChangeView: Reach consensus,org_view=6019,org_changeCycle=0,cur_changeCycle=0,to_view=6020
info|2019-12-11 04:26:30.488507|[g:1][CONSENSUS]addRawPrepare,height=1,reqIdx=0,hash=24028930...
info|2019-12-11 04:26:30.489452|[g:1][CONSENSUS][PBFT]checkTimeout Succ,view=6020,toView=6021,nodeIdx=1,changeCycle=0,myNode=598ea792...,timecost=0.701
info|2019-12-11 04:26:30.491669|[g:1][CONSENSUS][PBFT]checkAndChangeView: Reach consensus,org_view=6020,org_changeCycle=0,cur_changeCycle=0,to_view=6021
info|2019-12-11 04:26:31.492117|[g:1][CONSENSUS][SEALER]++++++++++++++++ Generating seal on,blkNum=1,tx=0,nodeIdx=1,hash=fc5c1fb8...
info|2019-12-11 04:26:31.496182|[g:1][CONSENSUS][PBFT]checkTimeout Succ,view=6021,toView=6022,nodeIdx=1,changeCycle=0,myNode=598ea792...,timecost=0.774
info|2019-12-11 04:26:31.497959|[g:1][CONSENSUS][PBFT]checkAndChangeView: Reach consensus,org_view=6021,org_changeCycle=0,cur_changeCycle=0,to_view=6022
info|2019-12-11 04:26:32.501145|[g:1][CONSENSUS]addRawPrepare,height=1,reqIdx=2,hash=eafddbcf...
info|2019-12-11 04:26:32.502423|[g:1][CONSENSUS][PBFT]checkTimeout Succ,view=6022,toView=6023,nodeIdx=1,changeCycle=0,myNode=598ea792...,timecost=1.031
info|2019-12-11 04:26:32.504914|[g:1][CONSENSUS][PBFT]checkAndChangeView: Reach consensus,org_view=6022,org_changeCycle=0,cur_changeCycle=0,to_view=6023
info|2019-12-11 04:26:33.031384|[P2P][Service] heartBeat,connected count=3
info|2019-12-11 04:26:33.509061|[g:1][CONSENSUS]addRawPrepare,height=1,reqIdx=3,hash=c05887dc...
info|2019-12-11 04:26:33.510040|[g:1][CONSENSUS][PBFT]checkTimeout Succ,view=6023,toView=6024,nodeIdx=1,changeCycle=0,myNode=598ea792...,timecost=0.71
info|2019-12-11 04:26:33.512282|[g:1][CONSENSUS][PBFT]checkAndChangeView: Reach consensus,org_view=6023,org_changeCycle=0,cur_changeCycle=0,to_view=6024
info|2019-12-11 04:26:34.514391|[g:1][CONSENSUS]addRawPrepare,height=1,reqIdx=0,hash=c4818cf5...
info|2019-12-11 04:26:34.515374|[g:1][CONSENSUS][PBFT]checkTimeout Succ,view=6024,toView=6025,nodeIdx=1,changeCycle=0,myNode=598ea792...,timecost=0.759
info|2019-12-11 04:26:34.518097|[g:1][CONSENSUS][PBFT]checkAndChangeView: Reach consensus,org_view=6024,org_changeCycle=0,cur_changeCycle=0,to_view=6025
info|2019-12-11 04:26:35.519687|[g:1][CONSENSUS][SEALER]++++++++++++++++ Generating seal on,blkNum=1,tx=0,nodeIdx=1,hash=19c1dc6c...
info|2019-12-11 04:26:35.521071|[g:1][CONSENSUS][PBFT]checkTimeout Succ,view=6025,toView=6026,nodeIdx=1,changeCycle=0,myNode=598ea792...,timecost=0.839
info|2019-12-11 04:26:35.525545|[g:1][CONSENSUS][PBFT]checkAndChangeView: Reach consensus,org_view=6025,org_changeCycle=0,cur_changeCycle=0,to_view=6026
info|2019-12-11 04:26:36.526907|[g:1][CONSENSUS]addRawPrepare,height=1,reqIdx=2,hash=fc4c6b3e...
info|2019-12-11 04:26:36.527758|[g:1][CONSENSUS][PBFT]checkTimeout Succ,view=6026,toView=6027,nodeIdx=1,changeCycle=0,myNode=598ea792...,timecost=0.64
info|2019-12-11 04:26:36.530103|[g:1][CONSENSUS][PBFT]checkAndChangeView: Reach consensus,org_view=6026,org_changeCycle=0,cur_changeCycle=0,to_view=6027
info|2019-12-11 04:26:37.532983|[g:1][CONSENSUS]addRawPrepare,height=1,reqIdx=3,hash=bad4b3b7...
info|2019-12-11 04:26:37.534880|[g:1][CONSENSUS][PBFT]checkTimeout Succ,view=6027,toView=6028,nodeIdx=1,changeCycle=0,myNode=598ea792...,timecost=1.686
info|2019-12-11 04:26:37.537107|[g:1][CONSENSUS][PBFT]checkAndChangeView: Reach consensus,org_view=6027,org_changeCycle=0,cur_changeCycle=0,to_view=6028
info|2019-12-11 04:26:38.538290|[g:1][CONSENSUS]addRawPrepare,height=1,reqIdx=0,hash=32500ffa...
info|2019-12-11 04:26:38.539233|[g:1][CONSENSUS][PBFT]checkTimeout Succ,view=6028,toView=6029,nodeIdx=1,changeCycle=0,myNode=598ea792...,timecost=0.726
info|2019-12-11 04:26:38.541570|[g:1][CONSENSUS][PBFT]checkAndChangeView: Reach consensus,org_view=6028,org_changeCycle=0,cur_changeCycle=0,to_view=6029
info|2019-12-11 04:26:39.541945|[g:1][CONSENSUS][SEALER]++++++++++++++++ Generating seal on,blkNum=1,tx=0,nodeIdx=1,hash=47a9c39b...
info|2019-12-11 04:26:39.542715|[g:1][CONSENSUS][PBFT]checkTimeout Succ,view=6029,toView=6030,nodeIdx=1,changeCycle=0,myNode=598ea792...,timecost=0.326
info|2019-12-11 04:26:39.546972|[g:1][CONSENSUS][PBFT]checkAndChangeView: Reach consensus,org_view=6029,org_changeCycle=0,cur_changeCycle=0,to_view=6030
warning|2019-12-11 04:41:34.008101|[g:1][CONSENSUS][PBFT]ViewChangeWarning: not caused by omit empty block ,v=6030,toV=6031,curNum=0,hash=535430dd...,nodeIdx=1,myNode=598ea792...
info|2019-12-11 04:41:34.008567|[g:1][CONSENSUS][PBFT]checkTimeout Succ,view=6030,toView=6031,nodeIdx=1,changeCycle=1,myNode=598ea792...,timecost=0.688
info|2019-12-11 04:41:34.013700|[P2P][Service] heartBeat,connected count=3
info|2019-12-11 04:41:34.026851|[g:1][CONSENSUS][PBFT]checkAndChangeView: Reach consensus,org_view=6030,org_changeCycle=1,cur_changeCycle=1,to_view=6031
info|2019-12-11 04:41:35.027802|[g:1][CONSENSUS]addRawPrepare,height=1,reqIdx=3,hash=6dbb575b...
info|2019-12-11 04:41:35.028204|[g:1][CONSENSUS][PBFT]checkTimeout Succ,view=6031,toView=6032,nodeIdx=1,changeCycle=0,myNode=598ea792...,timecost=0.278
info|2019-12-11 04:41:35.029891|[g:1][CONSENSUS][PBFT]checkAndChangeView: Reach consensus,org_view=6031,org_changeCycle=0,cur_changeCycle=0,to_view=6032
info|2019-12-11 04:41:36.031570|[g:1][CONSENSUS]addRawPrepare,height=1,reqIdx=0,hash=15fb8faa...
info|2019-12-11 04:41:36.032191|[g:1][CONSENSUS][PBFT]checkTimeout Succ,view=6032,toView=6033,nodeIdx=1,changeCycle=0,myNode=598ea792...,timecost=0.516
info|2019-12-11 04:41:36.033033|[g:1][CONSENSUS][PBFT]checkAndChangeView: Reach consensus,org_view=6032,org_changeCycle=0,cur_changeCycle=0,to_view=6033
info|2019-12-11 04:41:37.033314|[g:1][CONSENSUS][SEALER]++++++++++++++++ Generating seal on,blkNum=1,tx=0,nodeIdx=1,hash=d19eb685...
info|2019-12-11 04:41:37.033951|[g:1][CONSENSUS][PBFT]checkTimeout Succ,view=6033,toView=6034,nodeIdx=1,changeCycle=0,myNode=598ea792...,timecost=0.271
info|2019-12-11 04:41:37.036880|[g:1][CONSENSUS][PBFT]checkAndChangeView: Reach consensus,org_view=6033,org_changeCycle=0,cur_changeCycle=0,to_view=6034
info|2019-12-11 04:41:38.039155|[g:1][CONSENSUS]addRawPrepare,height=1,reqIdx=2,hash=90b5a62b...
info|2019-12-11 04:41:38.039622|[g:1][CONSENSUS][PBFT]checkTimeout Succ,view=6034,toView=6035,nodeIdx=1,changeCycle=0,myNode=598ea792...,timecost=0.26
info|2019-12-11 04:41:38.041110|[g:1][CONSENSUS][PBFT]checkAndChangeView: Reach consensus,org_view=6034,org_changeCycle=0,cur_changeCycle=0,to_view=6035
info|2019-12-11 04:41:39.042749|[g:1][CONSENSUS]addRawPrepare,height=1,reqIdx=3,hash=e9fc0e80...
info|2019-12-11 04:41:39.043235|[g:1][CONSENSUS][PBFT]checkTimeout Succ,view=6035,toView=6036,nodeIdx=1,changeCycle=0,myNode=598ea792...,timecost=0.42
info|2019-12-11 04:41:39.044923|[g:1][CONSENSUS][PBFT]checkAndChangeView: Reach consensus,org_view=6035,org_changeCycle=0,cur_changeCycle=0,to_view=6036
info|2019-12-11 04:41:40.047282|[g:1][CONSENSUS]addRawPrepare,height=1,reqIdx=0,hash=46637bb9...
info|2019-12-11 04:41:40.048540|[g:1][CONSENSUS][PBFT]checkTimeout Succ,view=6036,toView=6037,nodeIdx=1,changeCycle=0,myNode=598ea792...,timecost=1.008
info|2019-12-11 04:41:40.049632|[g:1][CONSENSUS][PBFT]checkAndChangeView: Reach consensus,org_view=6036,org_changeCycle=0,cur_changeCycle=0,to_view=6037
info|2019-12-11 04:41:41.050007|[g:1][CONSENSUS][SEALER]++++++++++++++++ Generating seal on,blkNum=1,tx=0,nodeIdx=1,hash=5bc91a8b...
info|2019-12-11 04:41:41.053203|[g:1][CONSENSUS][PBFT]checkTimeout Succ,view=6037,toView=6038,nodeIdx=1,changeCycle=0,myNode=598ea792...,timecost=0.337
info|2019-12-11 04:41:41.054015|[g:1][CONSENSUS][PBFT]checkAndChangeView: Reach consensus,org_view=6037,org_changeCycle=0,cur_changeCycle=0,to_view=6038
info|2019-12-11 04:41:42.056015|[g:1][CONSENSUS]addRawPrepare,height=1,reqIdx=2,hash=fc348d5d...
info|2019-12-11 04:41:42.056762|[g:1][CONSENSUS][PBFT]checkTimeout Succ,view=6038,toView=6039,nodeIdx=1,changeCycle=0,myNode=598ea792...,timecost=0.548
info|2019-12-11 04:41:42.058228|[g:1][CONSENSUS][PBFT]checkAndChangeView: Reach consensus,org_view=6038,org_changeCycle=0,cur_changeCycle=0,to_view=6039
info|2019-12-11 04:41:43.061491|[g:1][CONSENSUS]addRawPrepare,height=1,reqIdx=3,hash=ffd3a7ec...
info|2019-12-11 04:41:43.062479|[g:1][CONSENSUS][PBFT]checkTimeout Succ,view=6039,toView=6040,nodeIdx=1,changeCycle=0,myNode=598ea792...,timecost=0.714
info|2019-12-11 04:41:43.065091|[g:1][CONSENSUS][PBFT]checkAndChangeView: Reach consensus,org_view=6039,org_changeCycle=0,cur_changeCycle=0,to_view=6040
info|2019-12-11 04:41:44.014290|[P2P][Service] heartBeat,connected count=3
info|2019-12-11 04:41:44.067956|[g:1][CONSENSUS]addRawPrepare,height=1,reqIdx=0,hash=e775f062...
info|2019-12-11 04:41:44.068985|[g:1][CONSENSUS][PBFT]checkTimeout Succ,view=6040,toView=6041,nodeIdx=1,changeCycle=0,myNode=598ea792...,timecost=0.806
info|2019-12-11 04:41:44.071444|[g:1][CONSENSUS][PBFT]checkAndChangeView: Reach consensus,org_view=6040,org_changeCycle=0,cur_changeCycle=0,to_view=6041
info|2019-12-11 04:41:45.082985|[g:1][CONSENSUS][SEALER]++++++++++++++++ Generating seal on,blkNum=1,tx=0,nodeIdx=1,hash=6f1bd222...
info|2019-12-11 04:41:45.100193|[g:1][CONSENSUS][PBFT]checkTimeout Succ,view=6041,toView=6042,nodeIdx=1,changeCycle=0,myNode=598ea792...,timecost=3.538
info|2019-12-11 04:41:45.119649|[g:1][CONSENSUS][PBFT]checkAndChangeView: Reach consensus,org_view=6041,org_changeCycle=0,cur_changeCycle=0,to_view=6042
info|2019-12-11 04:41:46.117693|[g:1][CONSENSUS]addRawPrepare,height=1,reqIdx=2,hash=d452bc11...
info|2019-12-11 04:41:46.120958|[g:1][CONSENSUS][PBFT]checkTimeout Succ,view=6042,toView=6043,nodeIdx=1,changeCycle=0,myNode=598ea792...,timecost=2.856
info|2019-12-11 04:41:46.129249|[g:1][CONSENSUS][PBFT]checkAndChangeView: Reach consensus,org_view=6042,org_changeCycle=0,cur_changeCycle=0,to_view=6043
info|2019-12-11 04:41:47.135429|[g:1][CONSENSUS]addRawPrepare,height=1,reqIdx=3,hash=229c550c...
info|2019-12-11 04:41:47.138232|[g:1][CONSENSUS][PBFT]checkTimeout Succ,view=6043,toView=6044,nodeIdx=1,changeCycle=0,myNode=598ea792...,timecost=2.117
info|2019-12-11 04:41:47.154993|[g:1][CONSENSUS][PBFT]checkAndChangeView: Reach consensus,org_view=6043,org_changeCycle=0,cur_changeCycle=0,to_view=6044
info|2019-12-11 04:41:48.155584|[g:1][CONSENSUS]addRawPrepare,height=1,reqIdx=0,hash=b301e305...
info|2019-12-11 04:41:48.158782|[g:1][CONSENSUS][PBFT]checkTimeout Succ,view=6044,toView=6045,nodeIdx=1,changeCycle=0,myNode=598ea792...,timecost=2.399
info|2019-12-11 04:41:48.167631|[g:1][CONSENSUS][PBFT]checkAndChangeView: Reach consensus,org_view=6044,org_changeCycle=0,cur_changeCycle=0,to_view=6045
info|2019-12-11 04:41:49.168632|[g:1][CONSENSUS][SEALER]++++++++++++++++ Generating seal on,blkNum=1,tx=0,nodeIdx=1,hash=3fc86fb3...
info|2019-12-11 04:41:49.182323|[g:1][CONSENSUS][PBFT]checkTimeout Succ,view=6045,toView=6046,nodeIdx=1,changeCycle=0,myNode=598ea792...,timecost=2.089
info|2019-12-11 04:41:49.191087|[g:1][CONSENSUS][PBFT]checkAndChangeView: Reach consensus,org_view=6045,org_changeCycle=0,cur_changeCycle=0,to_view=6046
info|2019-12-11 04:41:50.195100|[g:1][CONSENSUS]addRawPrepare,height=1,reqIdx=2,hash=ad2e0aa7...
info|2019-12-11 04:41:50.199959|[g:1][CONSENSUS][PBFT]checkTimeout Succ,view=6046,toView=6047,nodeIdx=1,changeCycle=0,myNode=598ea792...,timecost=4.373
info|2019-12-11 04:41:50.208089|[g:1][CONSENSUS][PBFT]checkAndChangeView: Reach consensus,org_view=6046,org_changeCycle=0,cur_changeCycle=0,to_view=6047
info|2019-12-11 04:41:51.212939|[g:1][CONSENSUS]addRawPrepare,height=1,reqIdx=3,hash=06284fe8...
info|2019-12-11 04:41:51.220366|[g:1][CONSENSUS][PBFT]checkTimeout Succ,view=6047,toView=6048,nodeIdx=1,changeCycle=0,myNode=598ea792...,timecost=6.737
info|2019-12-11 04:41:51.228290|[g:1][CONSENSUS][PBFT]checkAndChangeView: Reach consensus,org_view=6047,org_changeCycle=0,cur_changeCycle=0,to_view=6048
info|2019-12-11 04:41:52.233368|[g:1][CONSENSUS]addRawPrepare,height=1,reqIdx=0,hash=fc9b4834...
info|2019-12-11 04:41:52.239877|[g:1][CONSENSUS][PBFT]checkTimeout Succ,view=6048,toView=6049,nodeIdx=1,changeCycle=0,myNode=598ea792...,timecost=5.696
info|2019-12-11 04:41:52.249407|[g:1][CONSENSUS][PBFT]checkAndChangeView: Reach consensus,org_view=6048,org_changeCycle=0,cur_changeCycle=0,to_view=6049
info|2019-12-11 04:41:53.250830|[g:1][CONSENSUS][SEALER]++++++++++++++++ Generating seal on,blkNum=1,tx=0,nodeIdx=1,hash=e5ca7125...
info|2019-12-11 04:41:53.264901|[g:1][CONSENSUS][PBFT]checkTimeout Succ,view=6049,toView=6050,nodeIdx=1,changeCycle=0,myNode=598ea792...,timecost=2.973
info|2019-12-11 04:41:53.273157|[g:1][CONSENSUS][PBFT]checkAndChangeView: Reach consensus,org_view=6049,org_changeCycle=0,cur_changeCycle=0,to_view=6050
info|2019-12-11 04:41:54.020653|[P2P][Service] heartBeat,connected count=3
info|2019-12-11 04:41:54.278145|[g:1][CONSENSUS]addRawPrepare,height=1,reqIdx=2,hash=8c778050...
info|2019-12-11 04:41:54.280750|[g:1][CONSENSUS][PBFT]checkTimeout Succ,view=6050,toView=6051,nodeIdx=1,changeCycle=0,myNode=598ea792...,timecost=2.024
info|2019-12-11 04:41:54.293295|[g:1][CONSENSUS][PBFT]checkAndChangeView: Reach consensus,org_view=6050,org_changeCycle=0,cur_changeCycle=0,to_view=6051
info|2019-12-11 04:41:55.301241|[g:1][CONSENSUS]addRawPrepare,height=1,reqIdx=3,hash=8b590037...
info|2019-12-11 04:41:55.302552|[g:1][CONSENSUS][PBFT]checkTimeout Succ,view=6051,toView=6052,nodeIdx=1,changeCycle=0,myNode=598ea792...,timecost=1.112
info|2019-12-11 04:41:55.305862|[g:1][CONSENSUS][PBFT]checkAndChangeView: Reach consensus,org_view=6051,org_changeCycle=0,cur_changeCycle=0,to_view=6052
info|2019-12-11 04:41:56.306743|[g:1][CONSENSUS]addRawPrepare,height=1,reqIdx=0,hash=c1f470cf...
info|2019-12-11 04:41:56.307291|[g:1][CONSENSUS][PBFT]checkTimeout Succ,view=6052,toView=6053,nodeIdx=1,changeCycle=0,myNode=598ea792...,timecost=0.405
info|2019-12-11 04:41:56.309564|[g:1][CONSENSUS][PBFT]checkAndChangeView: Reach consensus,org_view=6052,org_changeCycle=0,cur_changeCycle=0,to_view=6053
info|2019-12-11 04:41:57.310238|[g:1][CONSENSUS][SEALER]++++++++++++++++ Generating seal on,blkNum=1,tx=0,nodeIdx=1,hash=b2b94c1a...
info|2019-12-11 04:41:57.313130|[g:1][CONSENSUS][PBFT]checkTimeout Succ,view=6053,toView=6054,nodeIdx=1,changeCycle=0,myNode=598ea792...,timecost=0.475
info|2019-12-11 04:41:57.314907|[g:1][CONSENSUS][PBFT]checkAndChangeView: Reach consensus,org_view=6053,org_changeCycle=0,cur_changeCycle=0,to_view=6054
info|2019-12-11 04:41:58.315759|[g:1][CONSENSUS]addRawPrepare,height=1,reqIdx=2,hash=02badd34...
info|2019-12-11 04:41:58.316392|[g:1][CONSENSUS][PBFT]checkTimeout Succ,view=6054,toView=6055,nodeIdx=1,changeCycle=0,myNode=598ea792...,timecost=0.509
info|2019-12-11 04:41:58.318465|[g:1][CONSENSUS][PBFT]checkAndChangeView: Reach consensus,org_view=6054,org_changeCycle=0,cur_changeCycle=0,to_view=6055
info|2019-12-11 04:41:59.321494|[g:1][CONSENSUS]addRawPrepare,height=1,reqIdx=3,hash=231749f9...
info|2019-12-11 04:41:59.322949|[g:1][CONSENSUS][PBFT]checkTimeout Succ,view=6055,toView=6056,nodeIdx=1,changeCycle=0,myNode=598ea792...,timecost=1.257
info|2019-12-11 04:41:59.324754|[g:1][CONSENSUS][PBFT]checkAndChangeView: Reach consensus,org_view=6055,org_changeCycle=0,cur_changeCycle=0,to_view=6056
info|2019-12-11 04:42:00.327152|[g:1][CONSENSUS]addRawPrepare,height=1,reqIdx=0,hash=6f042bee...
info|2019-12-11 04:42:00.328317|[g:1][CONSENSUS][PBFT]checkTimeout Succ,view=6056,toView=6057,nodeIdx=1,changeCycle=0,myNode=598ea792...,timecost=0.748
info|2019-12-11 04:42:00.329536|[g:1][CONSENSUS][PBFT]checkAndChangeView: Reach consensus,org_view=6056,org_changeCycle=0,cur_changeCycle=0,to_view=6057
info|2019-12-11 04:42:01.329596|[g:1][CONSENSUS][SEALER]++++++++++++++++ Generating seal on,blkNum=1,tx=0,nodeIdx=1,hash=8446a63c...
info|2019-12-11 04:42:01.330954|[g:1][CONSENSUS][PBFT]checkTimeout Succ,view=6057,toView=6058,nodeIdx=1,changeCycle=0,myNode=598ea792...,timecost=0.784
info|2019-12-11 04:42:01.335654|[g:1][CONSENSUS][PBFT]checkAndChangeView: Reach consensus,org_view=6057,org_changeCycle=0,cur_changeCycle=0,to_view=6058
info|2019-12-11 04:42:02.337997|[g:1][CONSENSUS]addRawPrepare,height=1,reqIdx=2,hash=0bc839b8...
info|2019-12-11 04:42:02.338992|[g:1][CONSENSUS][PBFT]checkTimeout Succ,view=6058,toView=6059,nodeIdx=1,changeCycle=0,myNode=598ea792...,timecost=0.742
info|2019-12-11 04:42:02.341515|[g:1][CONSENSUS][PBFT]checkAndChangeView: Reach consensus,org_view=6058,org_changeCycle=0,cur_changeCycle=0,to_view=6059
info|2019-12-11 04:42:03.344064|[g:1][CONSENSUS]addRawPrepare,height=1,reqIdx=3,hash=d9f7e08e...
info|2019-12-11 04:42:03.345537|[g:1][CONSENSUS][PBFT]checkTimeout Succ,view=6059,toView=6060,nodeIdx=1,changeCycle=0,myNode=598ea792...,timecost=0.757
info|2019-12-11 04:42:03.347769|[g:1][CONSENSUS][PBFT]checkAndChangeView: Reach consensus,org_view=6059,org_changeCycle=0,cur_changeCycle=0,to_view=6060
info|2019-12-11 04:42:04.025990|[P2P][Service] heartBeat,connected count=3
info|2019-12-11 04:42:04.349602|[g:1][CONSENSUS]addRawPrepare,height=1,reqIdx=0,hash=a51fb4b8...
info|2019-12-11 04:42:04.351757|[g:1][CONSENSUS][PBFT]checkTimeout Succ,view=6060,toView=6061,nodeIdx=1,changeCycle=0,myNode=598ea792...,timecost=2.023
info|2019-12-11 04:42:04.353506|[g:1][CONSENSUS][PBFT]checkAndChangeView: Reach consensus,org_view=6060,org_changeCycle=0,cur_changeCycle=0,to_view=6061
info|2019-12-11 04:42:05.354104|[g:1][CONSENSUS][SEALER]++++++++++++++++ Generating seal on,blkNum=1,tx=0,nodeIdx=1,hash=5c4b82d4...
info|2019-12-11 04:42:05.357262|[g:1][CONSENSUS][PBFT]checkTimeout Succ,view=6061,toView=6062,nodeIdx=1,changeCycle=0,myNode=598ea792...,timecost=0.684
info|2019-12-11 04:42:05.357761|[g:1][CONSENSUS][PBFT]checkAndChangeView: Reach consensus,org_view=6061,org_changeCycle=0,cur_changeCycle=0,to_view=6062
info|2019-12-11 04:42:06.359304|[g:1][CONSENSUS]addRawPrepare,height=1,reqIdx=2,hash=9cc7c1b5...
info|2019-12-11 04:42:06.361601|[g:1][CONSENSUS][PBFT]checkTimeout Succ,view=6062,toView=6063,nodeIdx=1,changeCycle=0,myNode=598ea792...,timecost=2.071
info|2019-12-11 04:42:06.363138|[g:1][CONSENSUS][PBFT]checkAndChangeView: Reach consensus,org_view=6062,org_changeCycle=0,cur_changeCycle=0,to_view=6063
info|2019-12-11 04:42:07.366873|[g:1][CONSENSUS]addRawPrepare,height=1,reqIdx=3,hash=1b927c7d...
info|2019-12-11 04:42:07.367843|[g:1][CONSENSUS][PBFT]checkTimeout Succ,view=6063,toView=6064,nodeIdx=1,changeCycle=0,myNode=598ea792...,timecost=0.724
info|2019-12-11 04:42:07.370572|[g:1][CONSENSUS][PBFT]checkAndChangeView: Reach consensus,org_view=6063,org_changeCycle=0,cur_changeCycle=0,to_view=6064
info|2019-12-11 04:42:08.372978|[g:1][CONSENSUS]addRawPrepare,height=1,reqIdx=0,hash=637300d3...
info|2019-12-11 04:42:08.373936|[g:1][CONSENSUS][PBFT]checkTimeout Succ,view=6064,toView=6065,nodeIdx=1,changeCycle=0,myNode=598ea792...,timecost=0.724
info|2019-12-11 04:42:08.376193|[g:1][CONSENSUS][PBFT]checkAndChangeView: Reach consensus,org_view=6064,org_changeCycle=0,cur_changeCycle=0,to_view=6065
info|2019-12-11 04:42:09.376807|[g:1][CONSENSUS][SEALER]++++++++++++++++ Generating seal on,blkNum=1,tx=0,nodeIdx=1,hash=a5c78ce7...
info|2019-12-11 04:42:09.382223|[g:1][CONSENSUS][PBFT]checkTimeout Succ,view=6065,toView=6066,nodeIdx=1,changeCycle=0,myNode=598ea792...,timecost=0.482
info|2019-12-11 04:42:09.382947|[g:1][CONSENSUS][PBFT]checkAndChangeView: Reach consensus,org_view=6065,org_changeCycle=0,cur_changeCycle=0,to_view=6066
info|2019-12-11 04:42:10.385790|[g:1][CONSENSUS]addRawPrepare,height=1,reqIdx=2,hash=49637bd9...
info|2019-12-11 04:42:10.386300|[g:1][CONSENSUS][PBFT]checkTimeout Succ,view=6066,toView=6067,nodeIdx=1,changeCycle=0,myNode=598ea792...,timecost=0.273
info|2019-12-11 04:42:10.389249|[g:1][CONSENSUS][PBFT]checkAndChangeView: Reach consensus,org_view=6066,org_changeCycle=0,cur_changeCycle=0,to_view=6067
warning|2019-12-11 04:57:06.004894|[g:1][CONSENSUS][PBFT]ViewChangeWarning: not caused by omit empty block ,v=6067,toV=6068,curNum=0,hash=535430dd...,nodeIdx=1,myNode=598ea792...
info|2019-12-11 04:57:06.005024|[g:1][CONSENSUS][PBFT]checkTimeout Succ,view=6067,toView=6068,nodeIdx=1,changeCycle=1,myNode=598ea792...,timecost=0.375
info|2019-12-11 04:57:06.008760|[P2P][Service] heartBeat,connected count=3
info|2019-12-11 04:57:06.021894|[g:1][CONSENSUS][PBFT]checkAndChangeView: Reach consensus,org_view=6067,org_changeCycle=1,cur_changeCycle=1,to_view=6068
info|2019-12-11 04:57:07.024236|[g:1][CONSENSUS]addRawPrepare,height=1,reqIdx=0,hash=e0aa6496...
info|2019-12-11 04:57:07.024678|[g:1][CONSENSUS][PBFT]checkTimeout Succ,view=6068,toView=6069,nodeIdx=1,changeCycle=0,myNode=598ea792...,timecost=0.269
info|2019-12-11 04:57:07.026200|[g:1][CONSENSUS][PBFT]checkAndChangeView: Reach consensus,org_view=6068,org_changeCycle=0,cur_changeCycle=0,to_view=6069
info|2019-12-11 04:57:08.027452|[g:1][CONSENSUS][SEALER]++++++++++++++++ Generating seal on,blkNum=1,tx=0,nodeIdx=1,hash=3ee0fd96...
info|2019-12-11 04:57:08.028144|[g:1][CONSENSUS][PBFT]checkTimeout Succ,view=6069,toView=6070,nodeIdx=1,changeCycle=0,myNode=598ea792...,timecost=0.359
info|2019-12-11 04:57:08.031441|[g:1][CONSENSUS][PBFT]checkAndChangeView: Reach consensus,org_view=6069,org_changeCycle=0,cur_changeCycle=0,to_view=6070
info|2019-12-11 04:57:09.032450|[g:1][CONSENSUS]addRawPrepare,height=1,reqIdx=2,hash=f1fa26e5...
info|2019-12-11 04:57:09.033162|[g:1][CONSENSUS][PBFT]checkTimeout Succ,view=6070,toView=6071,nodeIdx=1,changeCycle=0,myNode=598ea792...,timecost=0.529
info|2019-12-11 04:57:09.034411|[g:1][CONSENSUS][PBFT]checkAndChangeView: Reach consensus,org_view=6070,org_changeCycle=0,cur_changeCycle=0,to_view=6071
info|2019-12-11 04:57:10.035987|[g:1][CONSENSUS]addRawPrepare,height=1,reqIdx=3,hash=acbc9fcb...
info|2019-12-11 04:57:10.036528|[g:1][CONSENSUS][PBFT]checkTimeout Succ,view=6071,toView=6072,nodeIdx=1,changeCycle=0,myNode=598ea792...,timecost=0.437
info|2019-12-11 04:57:10.038453|[g:1][CONSENSUS][PBFT]checkAndChangeView: Reach consensus,org_view=6071,org_changeCycle=0,cur_changeCycle=0,to_view=6072
info|2019-12-11 04:57:11.039953|[g:1][CONSENSUS]addRawPrepare,height=1,reqIdx=0,hash=e7b6439f...
info|2019-12-11 04:57:11.040920|[g:1][CONSENSUS][PBFT]checkTimeout Succ,view=6072,toView=6073,nodeIdx=1,changeCycle=0,myNode=598ea792...,timecost=0.819
info|2019-12-11 04:57:11.042591|[g:1][CONSENSUS][PBFT]checkAndChangeView: Reach consensus,org_view=6072,org_changeCycle=0,cur_changeCycle=0,to_view=6073
info|2019-12-11 04:57:12.042398|[g:1][CONSENSUS][SEALER]++++++++++++++++ Generating seal on,blkNum=1,tx=0,nodeIdx=1,hash=18d9b41e...
info|2019-12-11 04:57:12.047755|[g:1][CONSENSUS][PBFT]checkTimeout Succ,view=6073,toView=6074,nodeIdx=1,changeCycle=0,myNode=598ea792...,timecost=0.718
info|2019-12-11 04:57:12.049096|[g:1][CONSENSUS][PBFT]checkAndChangeView: Reach consensus,org_view=6073,org_changeCycle=0,cur_changeCycle=0,to_view=6074
info|2019-12-11 04:57:13.050958|[g:1][CONSENSUS]addRawPrepare,height=1,reqIdx=2,hash=a5f8d66a...
info|2019-12-11 04:57:13.053399|[g:1][CONSENSUS][PBFT]checkTimeout Succ,view=6074,toView=6075,nodeIdx=1,changeCycle=0,myNode=598ea792...,timecost=2.221
info|2019-12-11 04:57:13.055002|[g:1][CONSENSUS][PBFT]checkAndChangeView: Reach consensus,org_view=6074,org_changeCycle=0,cur_changeCycle=0,to_view=6075
info|2019-12-11 04:57:14.057127|[g:1][CONSENSUS]addRawPrepare,height=1,reqIdx=3,hash=dd8cddc0...
info|2019-12-11 04:57:14.057980|[g:1][CONSENSUS][PBFT]checkTimeout Succ,view=6075,toView=6076,nodeIdx=1,changeCycle=0,myNode=598ea792...,timecost=0.67
info|2019-12-11 04:57:14.061220|[g:1][CONSENSUS][PBFT]checkAndChangeView: Reach consensus,org_view=6075,org_changeCycle=0,cur_changeCycle=0,to_view=6076
info|2019-12-11 04:57:15.064898|[g:1][CONSENSUS]addRawPrepare,height=1,reqIdx=0,hash=27f367cc...
info|2019-12-11 04:57:15.069050|[g:1][CONSENSUS][PBFT]checkTimeout Succ,view=6076,toView=6077,nodeIdx=1,changeCycle=0,myNode=598ea792...,timecost=3.942
info|2019-12-11 04:57:15.070290|[g:1][CONSENSUS][PBFT]checkAndChangeView: Reach consensus,org_view=6076,org_changeCycle=0,cur_changeCycle=0,to_view=6077
info|2019-12-11 04:57:16.012550|[P2P][Service] heartBeat,connected count=3
info|2019-12-11 04:57:16.070867|[g:1][CONSENSUS][SEALER]++++++++++++++++ Generating seal on,blkNum=1,tx=0,nodeIdx=1,hash=526f04dd...
info|2019-12-11 04:57:16.072372|[g:1][CONSENSUS][PBFT]checkTimeout Succ,view=6077,toView=6078,nodeIdx=1,changeCycle=0,myNode=598ea792...,timecost=0.832
info|2019-12-11 04:57:16.077350|[g:1][CONSENSUS][PBFT]checkAndChangeView: Reach consensus,org_view=6077,org_changeCycle=0,cur_changeCycle=0,to_view=6078
info|2019-12-11 04:57:17.087344|[g:1][CONSENSUS]addRawPrepare,height=1,reqIdx=2,hash=28e20483...
info|2019-12-11 04:57:17.090194|[g:1][CONSENSUS][PBFT]checkTimeout Succ,view=6078,toView=6079,nodeIdx=1,changeCycle=0,myNode=598ea792...,timecost=1.954
info|2019-12-11 04:57:17.100873|[g:1][CONSENSUS][PBFT]checkAndChangeView: Reach consensus,org_view=6078,org_changeCycle=0,cur_changeCycle=0,to_view=6079
info|2019-12-11 04:57:18.109087|[g:1][CONSENSUS]addRawPrepare,height=1,reqIdx=3,hash=cd86564e...
info|2019-12-11 04:57:18.112470|[g:1][CONSENSUS][PBFT]checkTimeout Succ,view=6079,toView=6080,nodeIdx=1,changeCycle=0,myNode=598ea792...,timecost=2.263
info|2019-12-11 04:57:18.123693|[g:1][CONSENSUS][PBFT]checkAndChangeView: Reach consensus,org_view=6079,org_changeCycle=0,cur_changeCycle=0,to_view=6080
info|2019-12-11 04:57:19.131870|[g:1][CONSENSUS]addRawPrepare,height=1,reqIdx=0,hash=c613d009...
info|2019-12-11 04:57:19.135849|[g:1][CONSENSUS][PBFT]checkTimeout Succ,view=6080,toView=6081,nodeIdx=1,changeCycle=0,myNode=598ea792...,timecost=3.323
info|2019-12-11 04:57:19.144253|[g:1][CONSENSUS][PBFT]checkAndChangeView: Reach consensus,org_view=6080,org_changeCycle=0,cur_changeCycle=0,to_view=6081
info|2019-12-11 04:57:20.144828|[g:1][CONSENSUS][SEALER]++++++++++++++++ Generating seal on,blkNum=1,tx=0,nodeIdx=1,hash=fd22651e...
info|2019-12-11 04:57:20.148800|[g:1][CONSENSUS][PBFT]checkTimeout Succ,view=6081,toView=6082,nodeIdx=1,changeCycle=0,myNode=598ea792...,timecost=2.337
info|2019-12-11 04:57:20.167171|[g:1][CONSENSUS][PBFT]checkAndChangeView: Reach consensus,org_view=6081,org_changeCycle=0,cur_changeCycle=0,to_view=6082
info|2019-12-11 04:57:21.169361|[g:1][CONSENSUS]addRawPrepare,height=1,reqIdx=2,hash=ec396387...
info|2019-12-11 04:57:21.172516|[g:1][CONSENSUS][PBFT]checkTimeout Succ,view=6082,toView=6083,nodeIdx=1,changeCycle=0,myNode=598ea792...,timecost=2.409
info|2019-12-11 04:57:21.184621|[g:1][CONSENSUS][PBFT]checkAndChangeView: Reach consensus,org_view=6082,org_changeCycle=0,cur_changeCycle=0,to_view=6083
info|2019-12-11 04:57:22.198207|[g:1][CONSENSUS]addRawPrepare,height=1,reqIdx=3,hash=e6d4be6f...
info|2019-12-11 04:57:22.201319|[g:1][CONSENSUS][PBFT]checkTimeout Succ,view=6083,toView=6084,nodeIdx=1,changeCycle=0,myNode=598ea792...,timecost=2.419
info|2019-12-11 04:57:22.209638|[g:1][CONSENSUS][PBFT]checkAndChangeView: Reach consensus,org_view=6083,org_changeCycle=0,cur_changeCycle=0,to_view=6084
info|2019-12-11 04:57:23.218375|[g:1][CONSENSUS]addRawPrepare,height=1,reqIdx=0,hash=18b278dd...
info|2019-12-11 04:57:23.221793|[g:1][CONSENSUS][PBFT]checkTimeout Succ,view=6084,toView=6085,nodeIdx=1,changeCycle=0,myNode=598ea792...,timecost=2.52
info|2019-12-11 04:57:23.233146|[g:1][CONSENSUS][PBFT]checkAndChangeView: Reach consensus,org_view=6084,org_changeCycle=0,cur_changeCycle=0,to_view=6085
info|2019-12-11 04:57:24.233727|[g:1][CONSENSUS][SEALER]++++++++++++++++ Generating seal on,blkNum=1,tx=0,nodeIdx=1,hash=cb19440f...
info|2019-12-11 04:57:24.237514|[g:1][CONSENSUS][PBFT]checkTimeout Succ,view=6085,toView=6086,nodeIdx=1,changeCycle=0,myNode=598ea792...,timecost=2.182
info|2019-12-11 04:57:24.254460|[g:1][CONSENSUS][PBFT]checkAndChangeView: Reach consensus,org_view=6085,org_changeCycle=0,cur_changeCycle=0,to_view=6086
info|2019-12-11 04:57:25.258272|[g:1][CONSENSUS]addRawPrepare,height=1,reqIdx=2,hash=9361d48e...
info|2019-12-11 04:57:25.261093|[g:1][CONSENSUS][PBFT]checkTimeout Succ,view=6086,toView=6087,nodeIdx=1,changeCycle=0,myNode=598ea792...,timecost=2.244
info|2019-12-11 04:57:25.275528|[g:1][CONSENSUS][PBFT]checkAndChangeView: Reach consensus,org_view=6086,org_changeCycle=0,cur_changeCycle=0,to_view=6087
info|2019-12-11 04:57:26.017818|[P2P][Service] heartBeat,connected count=3
info|2019-12-11 04:57:26.282749|[g:1][CONSENSUS]addRawPrepare,height=1,reqIdx=3,hash=a3afee7d...
info|2019-12-11 04:57:26.296302|[g:1][CONSENSUS][PBFT]checkTimeout Succ,view=6087,toView=6088,nodeIdx=1,changeCycle=0,myNode=598ea792...,timecost=12.81
info|2019-12-11 04:57:26.304074|[g:1][CONSENSUS][PBFT]checkAndChangeView: Reach consensus,org_view=6087,org_changeCycle=0,cur_changeCycle=0,to_view=6088
info|2019-12-11 04:57:27.312850|[g:1][CONSENSUS]addRawPrepare,height=1,reqIdx=0,hash=10b90859...
info|2019-12-11 04:57:27.313467|[g:1][CONSENSUS][PBFT]checkTimeout Succ,view=6088,toView=6089,nodeIdx=1,changeCycle=0,myNode=598ea792...,timecost=0.503
info|2019-12-11 04:57:27.315823|[g:1][CONSENSUS][PBFT]checkAndChangeView: Reach consensus,org_view=6088,org_changeCycle=0,cur_changeCycle=0,to_view=6089
info|2019-12-11 04:57:28.315158|[g:1][CONSENSUS][SEALER]++++++++++++++++ Generating seal on,blkNum=1,tx=0,nodeIdx=1,hash=d143cfd7...
info|2019-12-11 04:57:28.318801|[g:1][CONSENSUS][PBFT]checkTimeout Succ,view=6089,toView=6090,nodeIdx=1,changeCycle=0,myNode=598ea792...,timecost=0.341
info|2019-12-11 04:57:28.319339|[g:1][CONSENSUS][PBFT]checkAndChangeView: Reach consensus,org_view=6089,org_changeCycle=0,cur_changeCycle=0,to_view=6090
info|2019-12-11 04:57:29.320232|[g:1][CONSENSUS]addRawPrepare,height=1,reqIdx=2,hash=1efc5256...
info|2019-12-11 04:57:29.320829|[g:1][CONSENSUS][PBFT]checkTimeout Succ,view=6090,toView=6091,nodeIdx=1,changeCycle=0,myNode=598ea792...,timecost=0.45
info|2019-12-11 04:57:29.322553|[g:1][CONSENSUS][PBFT]checkAndChangeView: Reach consensus,org_view=6090,org_changeCycle=0,cur_changeCycle=0,to_view=6091
info|2019-12-11 04:57:30.323685|[g:1][CONSENSUS]addRawPrepare,height=1,reqIdx=3,hash=22f8bd85...
info|2019-12-11 04:57:30.324400|[g:1][CONSENSUS][PBFT]checkTimeout Succ,view=6091,toView=6092,nodeIdx=1,changeCycle=0,myNode=598ea792...,timecost=0.562
info|2019-12-11 04:57:30.326088|[g:1][CONSENSUS][PBFT]checkAndChangeView: Reach consensus,org_view=6091,org_changeCycle=0,cur_changeCycle=0,to_view=6092
info|2019-12-11 04:57:31.329416|[g:1][CONSENSUS]addRawPrepare,height=1,reqIdx=0,hash=9361388b...
info|2019-12-11 04:57:31.330339|[g:1][CONSENSUS][PBFT]checkTimeout Succ,view=6092,toView=6093,nodeIdx=1,changeCycle=0,myNode=598ea792...,timecost=0.746
info|2019-12-11 04:57:31.333198|[g:1][CONSENSUS][PBFT]checkAndChangeView: Reach consensus,org_view=6092,org_changeCycle=0,cur_changeCycle=0,to_view=6093
info|2019-12-11 04:57:32.333685|[g:1][CONSENSUS][SEALER]++++++++++++++++ Generating seal on,blkNum=1,tx=0,nodeIdx=1,hash=77ba286c...
info|2019-12-11 04:57:32.336285|[g:1][CONSENSUS][PBFT]checkTimeout Succ,view=6093,toView=6094,nodeIdx=1,changeCycle=0,myNode=598ea792...,timecost=0.315
info|2019-12-11 04:57:32.336914|[g:1][CONSENSUS][PBFT]checkAndChangeView: Reach consensus,org_view=6093,org_changeCycle=0,cur_changeCycle=0,to_view=6094
info|2019-12-11 04:57:33.338396|[g:1][CONSENSUS]addRawPrepare,height=1,reqIdx=2,hash=b239f364...
info|2019-12-11 04:57:33.339219|[g:1][CONSENSUS][PBFT]checkTimeout Succ,view=6094,toView=6095,nodeIdx=1,changeCycle=0,myNode=598ea792...,timecost=0.609
info|2019-12-11 04:57:33.342224|[g:1][CONSENSUS][PBFT]checkAndChangeView: Reach consensus,org_view=6094,org_changeCycle=0,cur_changeCycle=0,to_view=6095
info|2019-12-11 04:57:34.344450|[g:1][CONSENSUS]addRawPrepare,height=1,reqIdx=3,hash=0e202607...
info|2019-12-11 04:57:34.346528|[g:1][CONSENSUS][PBFT]checkTimeout Succ,view=6095,toView=6096,nodeIdx=1,changeCycle=0,myNode=598ea792...,timecost=1.674
info|2019-12-11 04:57:34.348031|[g:1][CONSENSUS][PBFT]checkAndChangeView: Reach consensus,org_view=6095,org_changeCycle=0,cur_changeCycle=0,to_view=6096
info|2019-12-11 04:57:35.350513|[g:1][CONSENSUS]addRawPrepare,height=1,reqIdx=0,hash=ad6335f1...
info|2019-12-11 04:57:35.352806|[g:1][CONSENSUS][PBFT]checkTimeout Succ,view=6096,toView=6097,nodeIdx=1,changeCycle=0,myNode=598ea792...,timecost=1.964
info|2019-12-11 04:57:35.355826|[g:1][CONSENSUS][PBFT]checkAndChangeView: Reach consensus,org_view=6096,org_changeCycle=0,cur_changeCycle=0,to_view=6097
info|2019-12-11 04:57:36.023098|[P2P][Service] heartBeat,connected count=3
info|2019-12-11 04:57:36.356726|[g:1][CONSENSUS][SEALER]++++++++++++++++ Generating seal on,blkNum=1,tx=0,nodeIdx=1,hash=82ec2513...
info|2019-12-11 04:57:36.361703|[g:1][CONSENSUS][PBFT]checkTimeout Succ,view=6097,toView=6098,nodeIdx=1,changeCycle=0,myNode=598ea792...,timecost=0.531
info|2019-12-11 04:57:36.363118|[g:1][CONSENSUS][PBFT]checkAndChangeView: Reach consensus,org_view=6097,org_changeCycle=0,cur_changeCycle=0,to_view=6098
info|2019-12-11 04:57:37.364601|[g:1][CONSENSUS]addRawPrepare,height=1,reqIdx=2,hash=8220d9b6...
info|2019-12-11 04:57:37.365137|[g:1][CONSENSUS][PBFT]checkTimeout Succ,view=6098,toView=6099,nodeIdx=1,changeCycle=0,myNode=598ea792...,timecost=0.333
info|2019-12-11 04:57:37.366360|[g:1][CONSENSUS][PBFT]checkAndChangeView: Reach consensus,org_view=6098,org_changeCycle=0,cur_changeCycle=0,to_view=6099
info|2019-12-11 04:57:38.368982|[g:1][CONSENSUS]addRawPrepare,height=1,reqIdx=3,hash=07140b5f...
info|2019-12-11 04:57:38.369971|[g:1][CONSENSUS][PBFT]checkTimeout Succ,view=6099,toView=6100,nodeIdx=1,changeCycle=0,myNode=598ea792...,timecost=0.78
info|2019-12-11 04:57:38.371783|[g:1][CONSENSUS][PBFT]checkAndChangeView: Reach consensus,org_view=6099,org_changeCycle=0,cur_changeCycle=0,to_view=6100
info|2019-12-11 04:57:39.376526|[g:1][CONSENSUS]addRawPrepare,height=1,reqIdx=0,hash=03604c1b...
info|2019-12-11 04:57:39.377362|[g:1][CONSENSUS][PBFT]checkTimeout Succ,view=6100,toView=6101,nodeIdx=1,changeCycle=0,myNode=598ea792...,timecost=0.616
info|2019-12-11 04:57:39.380144|[g:1][CONSENSUS][PBFT]checkAndChangeView: Reach consensus,org_view=6100,org_changeCycle=0,cur_changeCycle=0,to_view=6101
info|2019-12-11 04:57:40.380526|[g:1][CONSENSUS][SEALER]++++++++++++++++ Generating seal on,blkNum=1,tx=0,nodeIdx=1,hash=0102c727...
info|2019-12-11 04:57:40.381795|[g:1][CONSENSUS][PBFT]checkTimeout Succ,view=6101,toView=6102,nodeIdx=1,changeCycle=0,myNode=598ea792...,timecost=0.72
info|2019-12-11 04:57:40.386225|[g:1][CONSENSUS][PBFT]checkAndChangeView: Reach consensus,org_view=6101,org_changeCycle=0,cur_changeCycle=0,to_view=6102
info|2019-12-11 04:57:41.387707|[g:1][CONSENSUS]addRawPrepare,height=1,reqIdx=2,hash=0306898a...
info|2019-12-11 04:57:41.388598|[g:1][CONSENSUS][PBFT]checkTimeout Succ,view=6102,toView=6103,nodeIdx=1,changeCycle=0,myNode=598ea792...,timecost=0.665
info|2019-12-11 04:57:41.392189|[g:1][CONSENSUS][PBFT]checkAndChangeView: Reach consensus,org_view=6102,org_changeCycle=0,cur_changeCycle=0,to_view=6103
info|2019-12-11 04:57:42.394620|[g:1][CONSENSUS]addRawPrepare,height=1,reqIdx=3,hash=0951aefd...
info|2019-12-11 04:57:42.394999|[g:1][CONSENSUS][PBFT]checkTimeout Succ,view=6103,toView=6104,nodeIdx=1,changeCycle=0,myNode=598ea792...,timecost=0.271
info|2019-12-11 04:57:42.397770|[g:1][CONSENSUS][PBFT]checkAndChangeView: Reach consensus,org_view=6103,org_changeCycle=0,cur_changeCycle=0,to_view=6104
