info|2019-12-11 05:12:37.011158|[P2P][Service] heartBeat,connected count=3
warning|2019-12-11 05:12:37.013066|[g:1][CONSENSUS][PBFT]ViewChangeWarning: not caused by omit empty block ,v=6104,toV=6105,curNum=0,hash=535430dd...,nodeIdx=1,myNode=598ea792...
info|2019-12-11 05:12:37.013216|[g:1][CONSENSUS][PBFT]checkTimeout Succ,view=6104,toView=6105,nodeIdx=1,changeCycle=1,myNode=598ea792...,timecost=0.421
info|2019-12-11 05:12:37.020161|[g:1][CONSENSUS][PBFT]checkAndChangeView: Reach consensus,org_view=6104,org_changeCycle=1,cur_changeCycle=1,to_view=6105
info|2019-12-11 05:12:38.020211|[g:1][CONSENSUS][SEALER]++++++++++++++++ Generating seal on,blkNum=1,tx=0,nodeIdx=1,hash=daf48f98...
info|2019-12-11 05:12:38.020905|[g:1][CONSENSUS][PBFT]checkTimeout Succ,view=6105,toView=6106,nodeIdx=1,changeCycle=0,myNode=598ea792...,timecost=0.271
info|2019-12-11 05:12:38.024434|[g:1][CONSENSUS][PBFT]checkAndChangeView: Reach consensus,org_view=6105,org_changeCycle=0,cur_changeCycle=0,to_view=6106
info|2019-12-11 05:12:39.024508|[g:1][CONSENSUS]addRawPrepare,height=1,reqIdx=2,hash=b1906909...
info|2019-12-11 05:12:39.024912|[g:1][CONSENSUS][PBFT]checkTimeout Succ,view=6106,toView=6107,nodeIdx=1,changeCycle=0,myNode=598ea792...,timecost=0.299
info|2019-12-11 05:12:39.026468|[g:1][CONSENSUS][PBFT]checkAndChangeView: Reach consensus,org_view=6106,org_changeCycle=0,cur_changeCycle=0,to_view=6107
info|2019-12-11 05:12:40.028017|[g:1][CONSENSUS]addRawPrepare,height=1,reqIdx=3,hash=45772711...
info|2019-12-11 05:12:40.028598|[g:1][CONSENSUS][PBFT]checkTimeout Succ,view=6107,toView=6108,nodeIdx=1,changeCycle=0,myNode=598ea792...,timecost=0.303
info|2019-12-11 05:12:40.030066|[g:1][CONSENSUS][PBFT]checkAndChangeView: Reach consensus,org_view=6107,org_changeCycle=0,cur_changeCycle=0,to_view=6108
info|2019-12-11 05:12:41.032393|[g:1][CONSENSUS]addRawPrepare,height=1,reqIdx=0,hash=2a7f1fcc...
info|2019-12-11 05:12:41.032772|[g:1][CONSENSUS][PBFT]checkTimeout Succ,view=6108,toView=6109,nodeIdx=1,changeCycle=0,myNode=598ea792...,timecost=0.282
info|2019-12-11 05:12:41.034256|[g:1][CONSENSUS][PBFT]checkAndChangeView: Reach consensus,org_view=6108,org_changeCycle=0,cur_changeCycle=0,to_view=6109
info|2019-12-11 05:12:42.034913|[g:1][CONSENSUS][SEALER]++++++++++++++++ Generating seal on,blkNum=1,tx=0,nodeIdx=1,hash=dcf3c75d...
info|2019-12-11 05:12:42.038013|[g:1][CONSENSUS][PBFT]checkTimeout Succ,view=6109,toView=6110,nodeIdx=1,changeCycle=0,myNode=598ea792...,timecost=0.28
info|2019-12-11 05:12:42.038576|[g:1][CONSENSUS][PBFT]checkAndChangeView: Reach consensus,org_view=6109,org_changeCycle=0,cur_changeCycle=0,to_view=6110
info|2019-12-11 05:12:43.039076|[g:1][CONSENSUS]addRawPrepare,height=1,reqIdx=2,hash=e44893b8...
info|2019-12-11 05:12:43.039574|[g:1][CONSENSUS][PBFT]checkTimeout Succ,view=6110,toView=6111,nodeIdx=1,changeCycle=0,myNode=598ea792...,timecost=0.4
info|2019-12-11 05:12:43.040864|[g:1][CONSENSUS][PBFT]checkAndChangeView: Reach consensus,org_view=6110,org_changeCycle=0,cur_changeCycle=0,to_view=6111
info|2019-12-11 05:12:44.044294|[g:1][CONSENSUS]addRawPrepare,height=1,reqIdx=3,hash=cf79c253...
info|2019-12-11 05:12:44.048466|[g:1][CONSENSUS][PBFT]checkTimeout Succ,view=6111,toView=6112,nodeIdx=1,changeCycle=0,myNode=598ea792...,timecost=3.952
info|2019-12-11 05:12:44.049383|[g:1][CONSENSUS][PBFT]checkAndChangeView: Reach consensus,org_view=6111,org_changeCycle=0,cur_changeCycle=0,to_view=6112
info|2019-12-11 05:12:45.049029|[g:1][CONSENSUS]addRawPrepare,height=1,reqIdx=0,hash=0950b0e1...
info|2019-12-11 05:12:45.049902|[g:1][CONSENSUS][PBFT]checkTimeout Succ,view=6112,toView=6113,nodeIdx=1,changeCycle=0,myNode=598ea792...,timecost=0.715
info|2019-12-11 05:12:45.053071|[g:1][CONSENSUS][PBFT]checkAndChangeView: Reach consensus,org_view=6112,org_changeCycle=0,cur_changeCycle=0,to_view=6113
info|2019-12-11 05:12:46.054940|[g:1][CONSENSUS][SEALER]++++++++++++++++ Generating seal on,blkNum=1,tx=0,nodeIdx=1,hash=062e9f93...
info|2019-12-11 05:12:46.056190|[g:1][CONSENSUS][PBFT]checkTimeout Succ,view=6113,toView=6114,nodeIdx=1,changeCycle=0,myNode=598ea792...,timecost=0.718
info|2019-12-11 05:12:46.060288|[g:1][CONSENSUS][PBFT]checkAndChangeView: Reach consensus,org_view=6113,org_changeCycle=0,cur_changeCycle=0,to_view=6114
info|2019-12-11 05:12:47.019378|[P2P][Service] heartBeat,connected count=3
info|2019-12-11 05:12:47.063190|[g:1][CONSENSUS]addRawPrepare,height=1,reqIdx=2,hash=d54fd9b9...
info|2019-12-11 05:12:47.064536|[g:1][CONSENSUS][PBFT]checkTimeout Succ,view=6114,toView=6115,nodeIdx=1,changeCycle=0,myNode=598ea792...,timecost=1.173
info|2019-12-11 05:12:47.067321|[g:1][CONSENSUS][PBFT]checkAndChangeView: Reach consensus,org_view=6114,org_changeCycle=0,cur_changeCycle=0,to_view=6115
info|2019-12-11 05:12:48.164368|[g:1][CONSENSUS]addRawPrepare,height=1,reqIdx=3,hash=bd377aa8...
info|2019-12-11 05:12:48.173498|[g:1][CONSENSUS][PBFT]checkTimeout Succ,view=6115,toView=6116,nodeIdx=1,changeCycle=0,myNode=598ea792...,timecost=8.462
info|2019-12-11 05:12:48.231824|[g:1][CONSENSUS][PBFT]checkAndChangeView: Reach consensus,org_view=6115,org_changeCycle=0,cur_changeCycle=0,to_view=6116
info|2019-12-11 05:12:49.242546|[g:1][CONSENSUS]addRawPrepare,height=1,reqIdx=0,hash=bb2305ef...
info|2019-12-11 05:12:49.245704|[g:1][CONSENSUS][PBFT]checkTimeout Succ,view=6116,toView=6117,nodeIdx=1,changeCycle=0,myNode=598ea792...,timecost=2.443
info|2019-12-11 05:12:49.255725|[g:1][CONSENSUS][PBFT]checkAndChangeView: Reach consensus,org_view=6116,org_changeCycle=0,cur_changeCycle=0,to_view=6117
info|2019-12-11 05:12:50.256269|[g:1][CONSENSUS][SEALER]++++++++++++++++ Generating seal on,blkNum=1,tx=0,nodeIdx=1,hash=3c5161a2...
info|2019-12-11 05:12:50.261208|[g:1][CONSENSUS][PBFT]checkTimeout Succ,view=6117,toView=6118,nodeIdx=1,changeCycle=0,myNode=598ea792...,timecost=3.208
info|2019-12-11 05:12:50.277619|[g:1][CONSENSUS][PBFT]checkAndChangeView: Reach consensus,org_view=6117,org_changeCycle=0,cur_changeCycle=0,to_view=6118
info|2019-12-11 05:12:51.283178|[g:1][CONSENSUS]addRawPrepare,height=1,reqIdx=2,hash=2c171d5a...
info|2019-12-11 05:12:51.285968|[g:1][CONSENSUS][PBFT]checkTimeout Succ,view=6118,toView=6119,nodeIdx=1,changeCycle=0,myNode=598ea792...,timecost=2.007
info|2019-12-11 05:12:51.297072|[g:1][CONSENSUS][PBFT]checkAndChangeView: Reach consensus,org_view=6118,org_changeCycle=0,cur_changeCycle=0,to_view=6119
info|2019-12-11 05:12:52.302660|[g:1][CONSENSUS]addRawPrepare,height=1,reqIdx=3,hash=78586f7a...
info|2019-12-11 05:12:52.305592|[g:1][CONSENSUS][PBFT]checkTimeout Succ,view=6119,toView=6120,nodeIdx=1,changeCycle=0,myNode=598ea792...,timecost=2.345
info|2019-12-11 05:12:52.319153|[g:1][CONSENSUS][PBFT]checkAndChangeView: Reach consensus,org_view=6119,org_changeCycle=0,cur_changeCycle=0,to_view=6120
info|2019-12-11 05:12:53.333256|[g:1][CONSENSUS]addRawPrepare,height=1,reqIdx=0,hash=8b4cbe18...
info|2019-12-11 05:12:53.338357|[g:1][CONSENSUS][PBFT]checkTimeout Succ,view=6120,toView=6121,nodeIdx=1,changeCycle=0,myNode=598ea792...,timecost=4.498
info|2019-12-11 05:12:53.349477|[g:1][CONSENSUS][PBFT]checkAndChangeView: Reach consensus,org_view=6120,org_changeCycle=0,cur_changeCycle=0,to_view=6121
info|2019-12-11 05:12:54.349860|[g:1][CONSENSUS][SEALER]++++++++++++++++ Generating seal on,blkNum=1,tx=0,nodeIdx=1,hash=abae95dc...
info|2019-12-11 05:12:54.366860|[g:1][CONSENSUS][PBFT]checkTimeout Succ,view=6121,toView=6122,nodeIdx=1,changeCycle=0,myNode=598ea792...,timecost=6.68
info|2019-12-11 05:12:54.377641|[g:1][CONSENSUS][PBFT]checkAndChangeView: Reach consensus,org_view=6121,org_changeCycle=0,cur_changeCycle=0,to_view=6122
info|2019-12-11 05:12:55.377841|[g:1][CONSENSUS]addRawPrepare,height=1,reqIdx=2,hash=6b632d6c...
info|2019-12-11 05:12:55.380782|[g:1][CONSENSUS][PBFT]checkTimeout Succ,view=6122,toView=6123,nodeIdx=1,changeCycle=0,myNode=598ea792...,timecost=2.277
info|2019-12-11 05:12:55.392072|[g:1][CONSENSUS][PBFT]checkAndChangeView: Reach consensus,org_view=6122,org_changeCycle=0,cur_changeCycle=0,to_view=6123
info|2019-12-11 05:12:56.397399|[g:1][CONSENSUS]addRawPrepare,height=1,reqIdx=3,hash=a616d816...
info|2019-12-11 05:12:56.400081|[g:1][CONSENSUS][PBFT]checkTimeout Succ,view=6123,toView=6124,nodeIdx=1,changeCycle=0,myNode=598ea792...,timecost=2.079
info|2019-12-11 05:12:56.410409|[g:1][CONSENSUS][PBFT]checkAndChangeView: Reach consensus,org_view=6123,org_changeCycle=0,cur_changeCycle=0,to_view=6124
info|2019-12-11 05:12:57.026833|[P2P][Service] heartBeat,connected count=3
info|2019-12-11 05:12:57.427781|[g:1][CONSENSUS]addRawPrepare,height=1,reqIdx=0,hash=fe1d054a...
info|2019-12-11 05:12:57.430920|[g:1][CONSENSUS][PBFT]checkTimeout Succ,view=6124,toView=6125,nodeIdx=1,changeCycle=0,myNode=598ea792...,timecost=2.164
info|2019-12-11 05:12:57.440304|[g:1][CONSENSUS][PBFT]checkAndChangeView: Reach consensus,org_view=6124,org_changeCycle=0,cur_changeCycle=0,to_view=6125
info|2019-12-11 05:12:58.441757|[g:1][CONSENSUS][SEALER]++++++++++++++++ Generating seal on,blkNum=1,tx=0,nodeIdx=1,hash=a190e8d1...
info|2019-12-11 05:12:58.445938|[g:1][CONSENSUS][PBFT]checkTimeout Succ,view=6125,toView=6126,nodeIdx=1,changeCycle=0,myNode=598ea792...,timecost=0.44
info|2019-12-11 05:12:58.446740|[g:1][CONSENSUS][PBFT]checkAndChangeView: Reach consensus,org_view=6125,org_changeCycle=0,cur_changeCycle=0,to_view=6126
info|2019-12-11 05:12:59.446087|[g:1][CONSENSUS]addRawPrepare,height=1,reqIdx=2,hash=443fa97f...
info|2019-12-11 05:12:59.446608|[g:1][CONSENSUS][PBFT]checkTimeout Succ,view=6126,toView=6127,nodeIdx=1,changeCycle=0,myNode=598ea792...,timecost=0.397
info|2019-12-11 05:12:59.448236|[g:1][CONSENSUS][PBFT]checkAndChangeView: Reach consensus,org_view=6126,org_changeCycle=0,cur_changeCycle=0,to_view=6127
info|2019-12-11 05:13:00.449683|[g:1][CONSENSUS]addRawPrepare,height=1,reqIdx=3,hash=899c9194...
info|2019-12-11 05:13:00.450270|[g:1][CONSENSUS][PBFT]checkTimeout Succ,view=6127,toView=6128,nodeIdx=1,changeCycle=0,myNode=598ea792...,timecost=0.43
info|2019-12-11 05:13:00.452318|[g:1][CONSENSUS][PBFT]checkAndChangeView: Reach consensus,org_view=6127,org_changeCycle=0,cur_changeCycle=0,to_view=6128
info|2019-12-11 05:13:01.455062|[g:1][CONSENSUS]addRawPrepare,height=1,reqIdx=0,hash=5afa9925...
info|2019-12-11 05:13:01.455953|[g:1][CONSENSUS][PBFT]checkTimeout Succ,view=6128,toView=6129,nodeIdx=1,changeCycle=0,myNode=598ea792...,timecost=0.659
info|2019-12-11 05:13:01.459085|[g:1][CONSENSUS][PBFT]checkAndChangeView: Reach consensus,org_view=6128,org_changeCycle=0,cur_changeCycle=0,to_view=6129
info|2019-12-11 05:13:02.459495|[g:1][CONSENSUS][SEALER]++++++++++++++++ Generating seal on,blkNum=1,tx=0,nodeIdx=1,hash=1412c3dc...
info|2019-12-11 05:13:02.460856|[g:1][CONSENSUS][PBFT]checkTimeout Succ,view=6129,toView=6130,nodeIdx=1,changeCycle=0,myNode=598ea792...,timecost=0.726
info|2019-12-11 05:13:02.467023|[g:1][CONSENSUS][PBFT]checkAndChangeView: Reach consensus,org_view=6129,org_changeCycle=0,cur_changeCycle=0,to_view=6130
info|2019-12-11 05:13:03.468412|[g:1][CONSENSUS]addRawPrepare,height=1,reqIdx=2,hash=219aba43...
info|2019-12-11 05:13:03.470118|[g:1][CONSENSUS][PBFT]checkTimeout Succ,view=6130,toView=6131,nodeIdx=1,changeCycle=0,myNode=598ea792...,timecost=0.869
info|2019-12-11 05:13:03.472157|[g:1][CONSENSUS][PBFT]checkAndChangeView: Reach consensus,org_view=6130,org_changeCycle=0,cur_changeCycle=0,to_view=6131
info|2019-12-11 05:13:04.475250|[g:1][CONSENSUS]addRawPrepare,height=1,reqIdx=3,hash=aec9ca5f...
info|2019-12-11 05:13:04.476180|[g:1][CONSENSUS][PBFT]checkTimeout Succ,view=6131,toView=6132,nodeIdx=1,changeCycle=0,myNode=598ea792...,timecost=0.737
info|2019-12-11 05:13:04.479674|[g:1][CONSENSUS][PBFT]checkAndChangeView: Reach consensus,org_view=6131,org_changeCycle=0,cur_changeCycle=0,to_view=6132
info|2019-12-11 05:13:05.482771|[g:1][CONSENSUS]addRawPrepare,height=1,reqIdx=0,hash=3f247a4d...
info|2019-12-11 05:13:05.486224|[g:1][CONSENSUS][PBFT]checkTimeout Succ,view=6132,toView=6133,nodeIdx=1,changeCycle=0,myNode=598ea792...,timecost=3.227
info|2019-12-11 05:13:05.487499|[g:1][CONSENSUS][PBFT]checkAndChangeView: Reach consensus,org_view=6132,org_changeCycle=0,cur_changeCycle=0,to_view=6133
info|2019-12-11 05:13:06.487879|[g:1][CONSENSUS][SEALER]++++++++++++++++ Generating seal on,blkNum=1,tx=0,nodeIdx=1,hash=33ce72ea...
info|2019-12-11 05:13:06.489251|[g:1][CONSENSUS][PBFT]checkTimeout Succ,view=6133,toView=6134,nodeIdx=1,changeCycle=0,myNode=598ea792...,timecost=0.802
info|2019-12-11 05:13:06.493702|[g:1][CONSENSUS][PBFT]checkAndChangeView: Reach consensus,org_view=6133,org_changeCycle=0,cur_changeCycle=0,to_view=6134
info|2019-12-11 05:13:07.028701|[P2P][Service] heartBeat,connected count=3
info|2019-12-11 05:13:07.497145|[g:1][CONSENSUS]addRawPrepare,height=1,reqIdx=2,hash=03c65938...
info|2019-12-11 05:13:07.498968|[g:1][CONSENSUS][PBFT]checkTimeout Succ,view=6134,toView=6135,nodeIdx=1,changeCycle=0,myNode=598ea792...,timecost=1.612
info|2019-12-11 05:13:07.500628|[g:1][CONSENSUS][PBFT]checkAndChangeView: Reach consensus,org_view=6134,org_changeCycle=0,cur_changeCycle=0,to_view=6135
info|2019-12-11 05:13:08.502565|[g:1][CONSENSUS]addRawPrepare,height=1,reqIdx=3,hash=8b38d7bf...
info|2019-12-11 05:13:08.503204|[g:1][CONSENSUS][PBFT]checkTimeout Succ,view=6135,toView=6136,nodeIdx=1,changeCycle=0,myNode=598ea792...,timecost=0.527
info|2019-12-11 05:13:08.504402|[g:1][CONSENSUS][PBFT]checkAndChangeView: Reach consensus,org_view=6135,org_changeCycle=0,cur_changeCycle=0,to_view=6136
info|2019-12-11 05:13:09.508012|[g:1][CONSENSUS]addRawPrepare,height=1,reqIdx=0,hash=2a90c124...
info|2019-12-11 05:13:09.508886|[g:1][CONSENSUS][PBFT]checkTimeout Succ,view=6136,toView=6137,nodeIdx=1,changeCycle=0,myNode=598ea792...,timecost=0.673
info|2019-12-11 05:13:09.511291|[g:1][CONSENSUS][PBFT]checkAndChangeView: Reach consensus,org_view=6136,org_changeCycle=0,cur_changeCycle=0,to_view=6137
info|2019-12-11 05:13:10.512001|[g:1][CONSENSUS][SEALER]++++++++++++++++ Generating seal on,blkNum=1,tx=0,nodeIdx=1,hash=c16e2e58...
info|2019-12-11 05:13:10.513264|[g:1][CONSENSUS][PBFT]checkTimeout Succ,view=6137,toView=6138,nodeIdx=1,changeCycle=0,myNode=598ea792...,timecost=0.755
info|2019-12-11 05:13:10.517842|[g:1][CONSENSUS][PBFT]checkAndChangeView: Reach consensus,org_view=6137,org_changeCycle=0,cur_changeCycle=0,to_view=6138
info|2019-12-11 05:13:11.519927|[g:1][CONSENSUS]addRawPrepare,height=1,reqIdx=2,hash=adc5f9cf...
info|2019-12-11 05:13:11.521060|[g:1][CONSENSUS][PBFT]checkTimeout Succ,view=6138,toView=6139,nodeIdx=1,changeCycle=0,myNode=598ea792...,timecost=0.937
info|2019-12-11 05:13:11.523956|[g:1][CONSENSUS][PBFT]checkAndChangeView: Reach consensus,org_view=6138,org_changeCycle=0,cur_changeCycle=0,to_view=6139
info|2019-12-11 05:13:12.528341|[g:1][CONSENSUS]addRawPrepare,height=1,reqIdx=3,hash=94d7330a...
info|2019-12-11 05:13:12.529254|[g:1][CONSENSUS][PBFT]checkTimeout Succ,view=6139,toView=6140,nodeIdx=1,changeCycle=0,myNode=598ea792...,timecost=0.69
info|2019-12-11 05:13:12.531899|[g:1][CONSENSUS][PBFT]checkAndChangeView: Reach consensus,org_view=6139,org_changeCycle=0,cur_changeCycle=0,to_view=6140
info|2019-12-11 05:13:13.535659|[g:1][CONSENSUS]addRawPrepare,height=1,reqIdx=0,hash=59a98f08...
info|2019-12-11 05:13:13.539119|[g:1][CONSENSUS][PBFT]checkTimeout Succ,view=6140,toView=6141,nodeIdx=1,changeCycle=0,myNode=598ea792...,timecost=3.27
info|2019-12-11 05:13:13.540813|[g:1][CONSENSUS][PBFT]checkAndChangeView: Reach consensus,org_view=6140,org_changeCycle=0,cur_changeCycle=0,to_view=6141
info|2019-12-11 05:13:14.541625|[g:1][CONSENSUS][SEALER]++++++++++++++++ Generating seal on,blkNum=1,tx=0,nodeIdx=1,hash=16d0f5ca...
info|2019-12-11 05:13:14.545788|[g:1][CONSENSUS][PBFT]checkTimeout Succ,view=6141,toView=6142,nodeIdx=1,changeCycle=0,myNode=598ea792...,timecost=0.707
info|2019-12-11 05:13:14.547268|[g:1][CONSENSUS][PBFT]checkAndChangeView: Reach consensus,org_view=6141,org_changeCycle=0,cur_changeCycle=0,to_view=6142
info|2019-12-11 05:13:15.550838|[g:1][CONSENSUS]addRawPrepare,height=1,reqIdx=2,hash=33a93ae2...
info|2019-12-11 05:13:15.551730|[g:1][CONSENSUS][PBFT]checkTimeout Succ,view=6142,toView=6143,nodeIdx=1,changeCycle=0,myNode=598ea792...,timecost=0.653
info|2019-12-11 05:13:15.554136|[g:1][CONSENSUS][PBFT]checkAndChangeView: Reach consensus,org_view=6142,org_changeCycle=0,cur_changeCycle=0,to_view=6143
info|2019-12-11 05:13:16.556195|[g:1][CONSENSUS]addRawPrepare,height=1,reqIdx=3,hash=ebf0830f...
info|2019-12-11 05:13:16.557350|[g:1][CONSENSUS][PBFT]checkTimeout Succ,view=6143,toView=6144,nodeIdx=1,changeCycle=0,myNode=598ea792...,timecost=0.897
info|2019-12-11 05:13:16.559620|[g:1][CONSENSUS][PBFT]checkAndChangeView: Reach consensus,org_view=6143,org_changeCycle=0,cur_changeCycle=0,to_view=6144
info|2019-12-11 05:13:17.033336|[P2P][Service] heartBeat,connected count=3
info|2019-12-11 05:13:17.562368|[g:1][CONSENSUS]addRawPrepare,height=1,reqIdx=0,hash=61b898fa...
info|2019-12-11 05:13:17.563292|[g:1][CONSENSUS][PBFT]checkTimeout Succ,view=6144,toView=6145,nodeIdx=1,changeCycle=0,myNode=598ea792...,timecost=0.731
info|2019-12-11 05:13:17.567508|[g:1][CONSENSUS][PBFT]checkAndChangeView: Reach consensus,org_view=6144,org_changeCycle=0,cur_changeCycle=0,to_view=6145
info|2019-12-11 05:13:18.568387|[g:1][CONSENSUS][SEALER]++++++++++++++++ Generating seal on,blkNum=1,tx=0,nodeIdx=1,hash=6d3da6c0...
info|2019-12-11 05:13:18.573462|[g:1][CONSENSUS][PBFT]checkTimeout Succ,view=6145,toView=6146,nodeIdx=1,changeCycle=0,myNode=598ea792...,timecost=0.497
info|2019-12-11 05:13:18.575344|[g:1][CONSENSUS][PBFT]checkAndChangeView: Reach consensus,org_view=6145,org_changeCycle=0,cur_changeCycle=0,to_view=6146
info|2019-12-11 05:13:19.576908|[g:1][CONSENSUS]addRawPrepare,height=1,reqIdx=2,hash=e8adb8fa...
info|2019-12-11 05:13:19.579341|[g:1][CONSENSUS][PBFT]checkTimeout Succ,view=6146,toView=6147,nodeIdx=1,changeCycle=0,myNode=598ea792...,timecost=2.09
info|2019-12-11 05:13:19.581443|[g:1][CONSENSUS][PBFT]checkAndChangeView: Reach consensus,org_view=6146,org_changeCycle=0,cur_changeCycle=0,to_view=6147
info|2019-12-11 05:13:20.581991|[g:1][CONSENSUS]addRawPrepare,height=1,reqIdx=3,hash=5f22415a...
info|2019-12-11 05:13:20.582949|[g:1][CONSENSUS][PBFT]checkTimeout Succ,view=6147,toView=6148,nodeIdx=1,changeCycle=0,myNode=598ea792...,timecost=0.717
info|2019-12-11 05:13:20.586310|[g:1][CONSENSUS][PBFT]checkAndChangeView: Reach consensus,org_view=6147,org_changeCycle=0,cur_changeCycle=0,to_view=6148
info|2019-12-11 05:13:21.588921|[g:1][CONSENSUS]addRawPrepare,height=1,reqIdx=0,hash=58a4867e...
info|2019-12-11 05:13:21.590708|[g:1][CONSENSUS][PBFT]checkTimeout Succ,view=6148,toView=6149,nodeIdx=1,changeCycle=0,myNode=598ea792...,timecost=1.571
info|2019-12-11 05:13:21.592324|[g:1][CONSENSUS][PBFT]checkAndChangeView: Reach consensus,org_view=6148,org_changeCycle=0,cur_changeCycle=0,to_view=6149
info|2019-12-11 05:13:22.592485|[g:1][CONSENSUS][SEALER]++++++++++++++++ Generating seal on,blkNum=1,tx=0,nodeIdx=1,hash=c9d24453...
info|2019-12-11 05:13:22.594003|[g:1][CONSENSUS][PBFT]checkTimeout Succ,view=6149,toView=6150,nodeIdx=1,changeCycle=0,myNode=598ea792...,timecost=0.961
info|2019-12-11 05:13:22.598279|[g:1][CONSENSUS][PBFT]checkAndChangeView: Reach consensus,org_view=6149,org_changeCycle=0,cur_changeCycle=0,to_view=6150
info|2019-12-11 05:13:23.601500|[g:1][CONSENSUS]addRawPrepare,height=1,reqIdx=2,hash=2649d7c4...
info|2019-12-11 05:13:23.602969|[g:1][CONSENSUS][PBFT]checkTimeout Succ,view=6150,toView=6151,nodeIdx=1,changeCycle=0,myNode=598ea792...,timecost=0.837
info|2019-12-11 05:13:23.604840|[g:1][CONSENSUS][PBFT]checkAndChangeView: Reach consensus,org_view=6150,org_changeCycle=0,cur_changeCycle=0,to_view=6151
info|2019-12-11 05:13:24.606859|[g:1][CONSENSUS]addRawPrepare,height=1,reqIdx=3,hash=5eb0d1c8...
info|2019-12-11 05:13:24.607697|[g:1][CONSENSUS][PBFT]checkTimeout Succ,view=6151,toView=6152,nodeIdx=1,changeCycle=0,myNode=598ea792...,timecost=0.641
info|2019-12-11 05:13:24.611330|[g:1][CONSENSUS][PBFT]checkAndChangeView: Reach consensus,org_view=6151,org_changeCycle=0,cur_changeCycle=0,to_view=6152
info|2019-12-11 05:13:25.613989|[g:1][CONSENSUS]addRawPrepare,height=1,reqIdx=0,hash=33f79a9a...
info|2019-12-11 05:13:25.617023|[g:1][CONSENSUS][PBFT]checkTimeout Succ,view=6152,toView=6153,nodeIdx=1,changeCycle=0,myNode=598ea792...,timecost=2.804
info|2019-12-11 05:13:25.618905|[g:1][CONSENSUS][PBFT]checkAndChangeView: Reach consensus,org_view=6152,org_changeCycle=0,cur_changeCycle=0,to_view=6153
info|2019-12-11 05:13:26.618875|[g:1][CONSENSUS][SEALER]++++++++++++++++ Generating seal on,blkNum=1,tx=0,nodeIdx=1,hash=5b0262b2...
info|2019-12-11 05:13:26.620221|[g:1][CONSENSUS][PBFT]checkTimeout Succ,view=6153,toView=6154,nodeIdx=1,changeCycle=0,myNode=598ea792...,timecost=0.743
info|2019-12-11 05:13:26.625178|[g:1][CONSENSUS][PBFT]checkAndChangeView: Reach consensus,org_view=6153,org_changeCycle=0,cur_changeCycle=0,to_view=6154
info|2019-12-11 05:13:27.035962|[P2P][Service] heartBeat,connected count=3
info|2019-12-11 05:13:27.626866|[g:1][CONSENSUS]addRawPrepare,height=1,reqIdx=2,hash=9b438c53...
info|2019-12-11 05:13:27.629607|[g:1][CONSENSUS][PBFT]checkTimeout Succ,view=6154,toView=6155,nodeIdx=1,changeCycle=0,myNode=598ea792...,timecost=2.357
info|2019-12-11 05:13:27.631217|[g:1][CONSENSUS][PBFT]checkAndChangeView: Reach consensus,org_view=6154,org_changeCycle=0,cur_changeCycle=0,to_view=6155
info|2019-12-11 05:13:28.632658|[g:1][CONSENSUS]addRawPrepare,height=1,reqIdx=3,hash=b008edf5...
info|2019-12-11 05:13:28.634362|[g:1][CONSENSUS][PBFT]checkTimeout Succ,view=6155,toView=6156,nodeIdx=1,changeCycle=0,myNode=598ea792...,timecost=1.51
info|2019-12-11 05:13:28.636756|[g:1][CONSENSUS][PBFT]checkAndChangeView: Reach consensus,org_view=6155,org_changeCycle=0,cur_changeCycle=0,to_view=6156
info|2019-12-11 05:13:29.637864|[g:1][CONSENSUS]addRawPrepare,height=1,reqIdx=0,hash=d9caafc5...
info|2019-12-11 05:13:29.638446|[g:1][CONSENSUS][PBFT]checkTimeout Succ,view=6156,toView=6157,nodeIdx=1,changeCycle=0,myNode=598ea792...,timecost=0.444
info|2019-12-11 05:13:29.640065|[g:1][CONSENSUS][PBFT]checkAndChangeView: Reach consensus,org_view=6156,org_changeCycle=0,cur_changeCycle=0,to_view=6157
info|2019-12-11 05:13:30.641454|[g:1][CONSENSUS][SEALER]++++++++++++++++ Generating seal on,blkNum=1,tx=0,nodeIdx=1,hash=90466e3b...
info|2019-12-11 05:13:30.642814|[g:1][CONSENSUS][PBFT]checkTimeout Succ,view=6157,toView=6158,nodeIdx=1,changeCycle=0,myNode=598ea792...,timecost=0.756
info|2019-12-11 05:13:30.647135|[g:1][CONSENSUS][PBFT]checkAndChangeView: Reach consensus,org_view=6157,org_changeCycle=0,cur_changeCycle=0,to_view=6158
info|2019-12-11 05:13:31.651059|[g:1][CONSENSUS]addRawPrepare,height=1,reqIdx=2,hash=65e149c6...
info|2019-12-11 05:13:31.652074|[g:1][CONSENSUS][PBFT]checkTimeout Succ,view=6158,toView=6159,nodeIdx=1,changeCycle=0,myNode=598ea792...,timecost=0.735
info|2019-12-11 05:13:31.654211|[g:1][CONSENSUS][PBFT]checkAndChangeView: Reach consensus,org_view=6158,org_changeCycle=0,cur_changeCycle=0,to_view=6159
info|2019-12-11 05:13:32.656340|[g:1][CONSENSUS]addRawPrepare,height=1,reqIdx=3,hash=ef590f45...
info|2019-12-11 05:13:32.657326|[g:1][CONSENSUS][PBFT]checkTimeout Succ,view=6159,toView=6160,nodeIdx=1,changeCycle=0,myNode=598ea792...,timecost=0.771
info|2019-12-11 05:13:32.659905|[g:1][CONSENSUS][PBFT]checkAndChangeView: Reach consensus,org_view=6159,org_changeCycle=0,cur_changeCycle=0,to_view=6160
info|2019-12-11 05:13:33.663103|[g:1][CONSENSUS]addRawPrepare,height=1,reqIdx=0,hash=a2595684...
info|2019-12-11 05:13:33.665226|[g:1][CONSENSUS][PBFT]checkTimeout Succ,view=6160,toView=6161,nodeIdx=1,changeCycle=0,myNode=598ea792...,timecost=1.843
info|2019-12-11 05:13:33.667353|[g:1][CONSENSUS][PBFT]checkAndChangeView: Reach consensus,org_view=6160,org_changeCycle=0,cur_changeCycle=0,to_view=6161
info|2019-12-11 05:13:34.668291|[g:1][CONSENSUS][SEALER]++++++++++++++++ Generating seal on,blkNum=1,tx=0,nodeIdx=1,hash=3c0737bf...
info|2019-12-11 05:13:34.669224|[g:1][CONSENSUS][PBFT]checkTimeout Succ,view=6161,toView=6162,nodeIdx=1,changeCycle=0,myNode=598ea792...,timecost=0.524
info|2019-12-11 05:13:34.672732|[g:1][CONSENSUS][PBFT]checkAndChangeView: Reach consensus,org_view=6161,org_changeCycle=0,cur_changeCycle=0,to_view=6162
info|2019-12-11 05:13:35.674903|[g:1][CONSENSUS]addRawPrepare,height=1,reqIdx=2,hash=e94d262d...
info|2019-12-11 05:13:35.676617|[g:1][CONSENSUS][PBFT]checkTimeout Succ,view=6162,toView=6163,nodeIdx=1,changeCycle=0,myNode=598ea792...,timecost=1.439
info|2019-12-11 05:13:35.678402|[g:1][CONSENSUS][PBFT]checkAndChangeView: Reach consensus,org_view=6162,org_changeCycle=0,cur_changeCycle=0,to_view=6163
info|2019-12-11 05:13:36.680239|[g:1][CONSENSUS]addRawPrepare,height=1,reqIdx=3,hash=18ac29e6...
info|2019-12-11 05:13:36.680617|[g:1][CONSENSUS][PBFT]checkTimeout Succ,view=6163,toView=6164,nodeIdx=1,changeCycle=0,myNode=598ea792...,timecost=0.277
info|2019-12-11 05:13:36.682062|[g:1][CONSENSUS][PBFT]checkAndChangeView: Reach consensus,org_view=6163,org_changeCycle=0,cur_changeCycle=0,to_view=6164
info|2019-12-11 05:13:37.036281|[P2P][Service] heartBeat,connected count=3
