warning|2019-12-11 21:59:00.033499|[g:1][CONSENSUS][PBFT]ViewChangeWarning: not caused by omit empty block ,v=4215,toV=4216,curNum=6,hash=7ce3abdb...,nodeIdx=1,myNode=598ea792...
info|2019-12-11 21:59:00.035629|[g:1][CONSENSUS][PBFT]checkTimeout Succ,view=4215,toView=4216,nodeIdx=1,changeCycle=1,myNode=598ea792...,timecost=9.782
info|2019-12-11 21:59:00.035785|[P2P][Service] heartBeat,connected count=3
info|2019-12-11 21:59:00.038904|[g:1][CONSENSUS][PBFT]checkAndChangeView: Reach consensus,org_view=4215,org_changeCycle=1,cur_changeCycle=1,to_view=4216
info|2019-12-11 21:59:01.041563|[g:1][CONSENSUS]addRawPrepare,height=7,reqIdx=2,hash=80c65d33...
info|2019-12-11 21:59:01.041962|[g:1][CONSENSUS][PBFT]checkTimeout Succ,view=4216,toView=4217,nodeIdx=1,changeCycle=0,myNode=598ea792...,timecost=0.297
info|2019-12-11 21:59:01.044476|[g:1][CONSENSUS][PBFT]checkAndChangeView: Reach consensus,org_view=4216,org_changeCycle=0,cur_changeCycle=0,to_view=4217
info|2019-12-11 21:59:02.045275|[g:1][CONSENSUS]addRawPrepare,height=7,reqIdx=3,hash=8ffec749...
info|2019-12-11 21:59:02.045687|[g:1][CONSENSUS][PBFT]checkTimeout Succ,view=4217,toView=4218,nodeIdx=1,changeCycle=0,myNode=598ea792...,timecost=0.301
info|2019-12-11 21:59:02.046954|[g:1][CONSENSUS][PBFT]checkAndChangeView: Reach consensus,org_view=4217,org_changeCycle=0,cur_changeCycle=0,to_view=4218
info|2019-12-11 21:59:03.049953|[g:1][CONSENSUS]addRawPrepare,height=7,reqIdx=0,hash=3d9a9d40...
info|2019-12-11 21:59:03.050551|[g:1][CONSENSUS][PBFT]checkTimeout Succ,view=4218,toView=4219,nodeIdx=1,changeCycle=0,myNode=598ea792...,timecost=0.351
info|2019-12-11 21:59:03.053799|[g:1][CONSENSUS][PBFT]checkAndChangeView: Reach consensus,org_view=4218,org_changeCycle=0,cur_changeCycle=0,to_view=4219
info|2019-12-11 21:59:04.053250|[g:1][CONSENSUS][SEALER]++++++++++++++++ Generating seal on,blkNum=7,tx=0,nodeIdx=1,hash=ba1a59df...
info|2019-12-11 21:59:04.053879|[g:1][CONSENSUS][PBFT]checkTimeout Succ,view=4219,toView=4220,nodeIdx=1,changeCycle=0,myNode=598ea792...,timecost=0.309
info|2019-12-11 21:59:04.056102|[g:1][CONSENSUS][PBFT]checkAndChangeView: Reach consensus,org_view=4219,org_changeCycle=0,cur_changeCycle=0,to_view=4220
info|2019-12-11 21:59:05.059025|[g:1][CONSENSUS]addRawPrepare,height=7,reqIdx=2,hash=54276e07...
info|2019-12-11 21:59:05.059611|[g:1][CONSENSUS][PBFT]checkTimeout Succ,view=4220,toView=4221,nodeIdx=1,changeCycle=0,myNode=598ea792...,timecost=0.498
info|2019-12-11 21:59:05.061873|[g:1][CONSENSUS][PBFT]checkAndChangeView: Reach consensus,org_view=4220,org_changeCycle=0,cur_changeCycle=0,to_view=4221
info|2019-12-11 21:59:06.064152|[g:1][CONSENSUS]addRawPrepare,height=7,reqIdx=3,hash=5a7ff030...
info|2019-12-11 21:59:06.064529|[g:1][CONSENSUS][PBFT]checkTimeout Succ,view=4221,toView=4222,nodeIdx=1,changeCycle=0,myNode=598ea792...,timecost=0.275
info|2019-12-11 21:59:06.067687|[g:1][CONSENSUS][PBFT]checkAndChangeView: Reach consensus,org_view=4221,org_changeCycle=0,cur_changeCycle=0,to_view=4222
info|2019-12-11 21:59:07.066969|[g:1][CONSENSUS]addRawPrepare,height=7,reqIdx=0,hash=db5ae494...
info|2019-12-11 21:59:07.067663|[g:1][CONSENSUS][PBFT]checkTimeout Succ,view=4222,toView=4223,nodeIdx=1,changeCycle=0,myNode=598ea792...,timecost=0.583
info|2019-12-11 21:59:07.069174|[g:1][CONSENSUS][PBFT]checkAndChangeView: Reach consensus,org_view=4222,org_changeCycle=0,cur_changeCycle=0,to_view=4223
info|2019-12-11 21:59:08.070495|[g:1][CONSENSUS][SEALER]++++++++++++++++ Generating seal on,blkNum=7,tx=0,nodeIdx=1,hash=4c1574c2...
info|2019-12-11 21:59:08.074778|[g:1][CONSENSUS][PBFT]checkTimeout Succ,view=4223,toView=4224,nodeIdx=1,changeCycle=0,myNode=598ea792...,timecost=0.747
info|2019-12-11 21:59:08.076510|[g:1][CONSENSUS][PBFT]checkAndChangeView: Reach consensus,org_view=4223,org_changeCycle=0,cur_changeCycle=0,to_view=4224
info|2019-12-11 21:59:09.078155|[g:1][CONSENSUS]addRawPrepare,height=7,reqIdx=2,hash=0d20a83b...
info|2019-12-11 21:59:09.078993|[g:1][CONSENSUS][PBFT]checkTimeout Succ,view=4224,toView=4225,nodeIdx=1,changeCycle=0,myNode=598ea792...,timecost=0.619
info|2019-12-11 21:59:09.081713|[g:1][CONSENSUS][PBFT]checkAndChangeView: Reach consensus,org_view=4224,org_changeCycle=0,cur_changeCycle=0,to_view=4225
info|2019-12-11 21:59:10.037083|[P2P][Service] heartBeat,connected count=3
info|2019-12-11 21:59:10.085385|[g:1][CONSENSUS]addRawPrepare,height=7,reqIdx=3,hash=b15a55a1...
info|2019-12-11 21:59:10.086423|[g:1][CONSENSUS][PBFT]checkTimeout Succ,view=4225,toView=4226,nodeIdx=1,changeCycle=0,myNode=598ea792...,timecost=0.848
info|2019-12-11 21:59:10.089548|[g:1][CONSENSUS][PBFT]checkAndChangeView: Reach consensus,org_view=4225,org_changeCycle=0,cur_changeCycle=0,to_view=4226
info|2019-12-11 21:59:11.092838|[g:1][CONSENSUS]addRawPrepare,height=7,reqIdx=0,hash=e4ba4869...
info|2019-12-11 21:59:11.095085|[g:1][CONSENSUS][PBFT]checkTimeout Succ,view=4226,toView=4227,nodeIdx=1,changeCycle=0,myNode=598ea792...,timecost=1.723
info|2019-12-11 21:59:11.096775|[g:1][CONSENSUS][PBFT]checkAndChangeView: Reach consensus,org_view=4226,org_changeCycle=0,cur_changeCycle=0,to_view=4227
info|2019-12-11 21:59:12.101531|[g:1][CONSENSUS][SEALER]++++++++++++++++ Generating seal on,blkNum=7,tx=0,nodeIdx=1,hash=8852a7dc...
info|2019-12-11 21:59:12.115310|[g:1][CONSENSUS][PBFT]checkTimeout Succ,view=4227,toView=4228,nodeIdx=1,changeCycle=0,myNode=598ea792...,timecost=8.478
info|2019-12-11 21:59:12.126601|[g:1][CONSENSUS][PBFT]checkAndChangeView: Reach consensus,org_view=4227,org_changeCycle=0,cur_changeCycle=0,to_view=4228
info|2019-12-11 21:59:13.250042|[g:1][CONSENSUS]addRawPrepare,height=7,reqIdx=2,hash=2168c797...
info|2019-12-11 21:59:13.266428|[g:1][CONSENSUS][PBFT]checkTimeout Succ,view=4228,toView=4229,nodeIdx=1,changeCycle=0,myNode=598ea792...,timecost=15.625
info|2019-12-11 21:59:13.272628|[g:1][CONSENSUS][PBFT]checkAndChangeView: Reach consensus,org_view=4228,org_changeCycle=0,cur_changeCycle=0,to_view=4229
info|2019-12-11 21:59:14.267694|[g:1][CONSENSUS]addRawPrepare,height=7,reqIdx=3,hash=0a0b122c...
info|2019-12-11 21:59:14.274907|[g:1][CONSENSUS][PBFT]checkTimeout Succ,view=4229,toView=4230,nodeIdx=1,changeCycle=0,myNode=598ea792...,timecost=6.318
info|2019-12-11 21:59:14.283798|[g:1][CONSENSUS][PBFT]checkAndChangeView: Reach consensus,org_view=4229,org_changeCycle=0,cur_changeCycle=0,to_view=4230
info|2019-12-11 21:59:15.290976|[g:1][CONSENSUS]addRawPrepare,height=7,reqIdx=0,hash=1d64e47d...
info|2019-12-11 21:59:15.294254|[g:1][CONSENSUS][PBFT]checkTimeout Succ,view=4230,toView=4231,nodeIdx=1,changeCycle=0,myNode=598ea792...,timecost=2.074
info|2019-12-11 21:59:15.303384|[g:1][CONSENSUS][PBFT]checkAndChangeView: Reach consensus,org_view=4230,org_changeCycle=0,cur_changeCycle=0,to_view=4231
info|2019-12-11 21:59:16.304936|[g:1][CONSENSUS][SEALER]++++++++++++++++ Generating seal on,blkNum=7,tx=0,nodeIdx=1,hash=6d273251...
info|2019-12-11 21:59:16.308862|[g:1][CONSENSUS][PBFT]checkTimeout Succ,view=4231,toView=4232,nodeIdx=1,changeCycle=0,myNode=598ea792...,timecost=2.358
info|2019-12-11 21:59:16.323688|[g:1][CONSENSUS][PBFT]checkAndChangeView: Reach consensus,org_view=4231,org_changeCycle=0,cur_changeCycle=0,to_view=4232
info|2019-12-11 21:59:17.331891|[g:1][CONSENSUS]addRawPrepare,height=7,reqIdx=2,hash=444cda14...
info|2019-12-11 21:59:17.334949|[g:1][CONSENSUS][PBFT]checkTimeout Succ,view=4232,toView=4233,nodeIdx=1,changeCycle=0,myNode=598ea792...,timecost=2.43
info|2019-12-11 21:59:17.353978|[g:1][CONSENSUS][PBFT]checkAndChangeView: Reach consensus,org_view=4232,org_changeCycle=0,cur_changeCycle=0,to_view=4233
info|2019-12-11 21:59:18.370457|[g:1][CONSENSUS]addRawPrepare,height=7,reqIdx=3,hash=83642b7d...
info|2019-12-11 21:59:18.373451|[g:1][CONSENSUS][PBFT]checkTimeout Succ,view=4233,toView=4234,nodeIdx=1,changeCycle=0,myNode=598ea792...,timecost=1.988
info|2019-12-11 21:59:18.394788|[g:1][CONSENSUS][PBFT]checkAndChangeView: Reach consensus,org_view=4233,org_changeCycle=0,cur_changeCycle=0,to_view=4234
info|2019-12-11 21:59:19.393882|[g:1][CONSENSUS]addRawPrepare,height=7,reqIdx=0,hash=74d923b0...
info|2019-12-11 21:59:19.400692|[g:1][CONSENSUS][PBFT]checkTimeout Succ,view=4234,toView=4235,nodeIdx=1,changeCycle=0,myNode=598ea792...,timecost=6.143
info|2019-12-11 21:59:19.408529|[g:1][CONSENSUS][PBFT]checkAndChangeView: Reach consensus,org_view=4234,org_changeCycle=0,cur_changeCycle=0,to_view=4235
info|2019-12-11 21:59:20.038159|[P2P][Service] heartBeat,connected count=3
info|2019-12-11 21:59:20.410369|[g:1][CONSENSUS][SEALER]++++++++++++++++ Generating seal on,blkNum=7,tx=0,nodeIdx=1,hash=b766513d...
info|2019-12-11 21:59:20.422346|[g:1][CONSENSUS][PBFT]checkTimeout Succ,view=4235,toView=4236,nodeIdx=1,changeCycle=0,myNode=598ea792...,timecost=2.767
info|2019-12-11 21:59:20.432642|[g:1][CONSENSUS][PBFT]checkAndChangeView: Reach consensus,org_view=4235,org_changeCycle=0,cur_changeCycle=0,to_view=4236
info|2019-12-11 21:59:21.436599|[g:1][CONSENSUS]addRawPrepare,height=7,reqIdx=2,hash=1f8fc5eb...
info|2019-12-11 21:59:21.437452|[g:1][CONSENSUS][PBFT]checkTimeout Succ,view=4236,toView=4237,nodeIdx=1,changeCycle=0,myNode=598ea792...,timecost=0.646
info|2019-12-11 21:59:21.440451|[g:1][CONSENSUS][PBFT]checkAndChangeView: Reach consensus,org_view=4236,org_changeCycle=0,cur_changeCycle=0,to_view=4237
info|2019-12-11 21:59:22.441592|[g:1][CONSENSUS]addRawPrepare,height=7,reqIdx=3,hash=44aca244...
info|2019-12-11 21:59:22.442132|[g:1][CONSENSUS][PBFT]checkTimeout Succ,view=4237,toView=4238,nodeIdx=1,changeCycle=0,myNode=598ea792...,timecost=0.408
info|2019-12-11 21:59:22.444254|[g:1][CONSENSUS][PBFT]checkAndChangeView: Reach consensus,org_view=4237,org_changeCycle=0,cur_changeCycle=0,to_view=4238
info|2019-12-11 21:59:23.447408|[g:1][CONSENSUS]addRawPrepare,height=7,reqIdx=0,hash=bd022892...
info|2019-12-11 21:59:23.448316|[g:1][CONSENSUS][PBFT]checkTimeout Succ,view=4238,toView=4239,nodeIdx=1,changeCycle=0,myNode=598ea792...,timecost=0.754
info|2019-12-11 21:59:23.451942|[g:1][CONSENSUS][PBFT]checkAndChangeView: Reach consensus,org_view=4238,org_changeCycle=0,cur_changeCycle=0,to_view=4239
info|2019-12-11 21:59:24.453758|[g:1][CONSENSUS][SEALER]++++++++++++++++ Generating seal on,blkNum=7,tx=0,nodeIdx=1,hash=646fc5d2...
info|2019-12-11 21:59:24.454756|[g:1][CONSENSUS][PBFT]checkTimeout Succ,view=4239,toView=4240,nodeIdx=1,changeCycle=0,myNode=598ea792...,timecost=0.609
info|2019-12-11 21:59:24.457315|[g:1][CONSENSUS][PBFT]checkAndChangeView: Reach consensus,org_view=4239,org_changeCycle=0,cur_changeCycle=0,to_view=4240
info|2019-12-11 21:59:25.459758|[g:1][CONSENSUS]addRawPrepare,height=7,reqIdx=2,hash=b2735698...
info|2019-12-11 21:59:25.461120|[g:1][CONSENSUS][PBFT]checkTimeout Succ,view=4240,toView=4241,nodeIdx=1,changeCycle=0,myNode=598ea792...,timecost=1.149
info|2019-12-11 21:59:25.463029|[g:1][CONSENSUS][PBFT]checkAndChangeView: Reach consensus,org_view=4240,org_changeCycle=0,cur_changeCycle=0,to_view=4241
info|2019-12-11 21:59:26.465138|[g:1][CONSENSUS]addRawPrepare,height=7,reqIdx=3,hash=6cf8794d...
info|2019-12-11 21:59:26.466089|[g:1][CONSENSUS][PBFT]checkTimeout Succ,view=4241,toView=4242,nodeIdx=1,changeCycle=0,myNode=598ea792...,timecost=0.736
info|2019-12-11 21:59:26.468361|[g:1][CONSENSUS][PBFT]checkAndChangeView: Reach consensus,org_view=4241,org_changeCycle=0,cur_changeCycle=0,to_view=4242
info|2019-12-11 21:59:27.471530|[g:1][CONSENSUS]addRawPrepare,height=7,reqIdx=0,hash=4d1628aa...
info|2019-12-11 21:59:27.472406|[g:1][CONSENSUS][PBFT]checkTimeout Succ,view=4242,toView=4243,nodeIdx=1,changeCycle=0,myNode=598ea792...,timecost=0.677
info|2019-12-11 21:59:27.476493|[g:1][CONSENSUS][PBFT]checkAndChangeView: Reach consensus,org_view=4242,org_changeCycle=0,cur_changeCycle=0,to_view=4243
info|2019-12-11 21:59:28.477180|[g:1][CONSENSUS][SEALER]++++++++++++++++ Generating seal on,blkNum=7,tx=0,nodeIdx=1,hash=9d6a2587...
info|2019-12-11 21:59:28.478513|[g:1][CONSENSUS][PBFT]checkTimeout Succ,view=4243,toView=4244,nodeIdx=1,changeCycle=0,myNode=598ea792...,timecost=0.783
info|2019-12-11 21:59:28.482940|[g:1][CONSENSUS][PBFT]checkAndChangeView: Reach consensus,org_view=4243,org_changeCycle=0,cur_changeCycle=0,to_view=4244
info|2019-12-11 21:59:29.484778|[g:1][CONSENSUS]addRawPrepare,height=7,reqIdx=2,hash=948cb0fd...
info|2019-12-11 21:59:29.486693|[g:1][CONSENSUS][PBFT]checkTimeout Succ,view=4244,toView=4245,nodeIdx=1,changeCycle=0,myNode=598ea792...,timecost=1.606
info|2019-12-11 21:59:29.488365|[g:1][CONSENSUS][PBFT]checkAndChangeView: Reach consensus,org_view=4244,org_changeCycle=0,cur_changeCycle=0,to_view=4245
info|2019-12-11 21:59:30.046953|[P2P][Service] heartBeat,connected count=3
info|2019-12-11 21:59:30.490458|[g:1][CONSENSUS]addRawPrepare,height=7,reqIdx=3,hash=d4b4ef1f...
info|2019-12-11 21:59:30.492744|[g:1][CONSENSUS][PBFT]checkTimeout Succ,view=4245,toView=4246,nodeIdx=1,changeCycle=0,myNode=598ea792...,timecost=2.039
info|2019-12-11 21:59:30.494888|[g:1][CONSENSUS][PBFT]checkAndChangeView: Reach consensus,org_view=4245,org_changeCycle=0,cur_changeCycle=0,to_view=4246
info|2019-12-11 21:59:31.497821|[g:1][CONSENSUS]addRawPrepare,height=7,reqIdx=0,hash=65c3a3fa...
info|2019-12-11 21:59:31.498640|[g:1][CONSENSUS][PBFT]checkTimeout Succ,view=4246,toView=4247,nodeIdx=1,changeCycle=0,myNode=598ea792...,timecost=0.604
info|2019-12-11 21:59:31.501240|[g:1][CONSENSUS][PBFT]checkAndChangeView: Reach consensus,org_view=4246,org_changeCycle=0,cur_changeCycle=0,to_view=4247
info|2019-12-11 21:59:32.501459|[g:1][CONSENSUS][SEALER]++++++++++++++++ Generating seal on,blkNum=7,tx=0,nodeIdx=1,hash=f145e587...
info|2019-12-11 21:59:32.505923|[g:1][CONSENSUS][PBFT]checkTimeout Succ,view=4247,toView=4248,nodeIdx=1,changeCycle=0,myNode=598ea792...,timecost=0.675
info|2019-12-11 21:59:32.507431|[g:1][CONSENSUS][PBFT]checkAndChangeView: Reach consensus,org_view=4247,org_changeCycle=0,cur_changeCycle=0,to_view=4248
info|2019-12-11 21:59:33.510235|[g:1][CONSENSUS]addRawPrepare,height=7,reqIdx=2,hash=902b942f...
info|2019-12-11 21:59:33.511667|[g:1][CONSENSUS][PBFT]checkTimeout Succ,view=4248,toView=4249,nodeIdx=1,changeCycle=0,myNode=598ea792...,timecost=1.315
info|2019-12-11 21:59:33.513155|[g:1][CONSENSUS][PBFT]checkAndChangeView: Reach consensus,org_view=4248,org_changeCycle=0,cur_changeCycle=0,to_view=4249
info|2019-12-11 21:59:34.518218|[g:1][CONSENSUS]addRawPrepare,height=7,reqIdx=3,hash=20a1d8b2...
info|2019-12-11 21:59:34.519494|[g:1][CONSENSUS][PBFT]checkTimeout Succ,view=4249,toView=4250,nodeIdx=1,changeCycle=0,myNode=598ea792...,timecost=1.051
info|2019-12-11 21:59:34.521363|[g:1][CONSENSUS][PBFT]checkAndChangeView: Reach consensus,org_view=4249,org_changeCycle=0,cur_changeCycle=0,to_view=4250
info|2019-12-11 21:59:35.524430|[g:1][CONSENSUS]addRawPrepare,height=7,reqIdx=0,hash=f8ffe330...
info|2019-12-11 21:59:35.528378|[g:1][CONSENSUS][PBFT]checkTimeout Succ,view=4250,toView=4251,nodeIdx=1,changeCycle=0,myNode=598ea792...,timecost=1.354
info|2019-12-11 21:59:35.529361|[g:1][CONSENSUS][PBFT]checkAndChangeView: Reach consensus,org_view=4250,org_changeCycle=0,cur_changeCycle=0,to_view=4251
info|2019-12-11 21:59:36.529566|[g:1][CONSENSUS][SEALER]++++++++++++++++ Generating seal on,blkNum=7,tx=0,nodeIdx=1,hash=d09543e2...
info|2019-12-11 21:59:36.530923|[g:1][CONSENSUS][PBFT]checkTimeout Succ,view=4251,toView=4252,nodeIdx=1,changeCycle=0,myNode=598ea792...,timecost=0.779
info|2019-12-11 21:59:36.534881|[g:1][CONSENSUS][PBFT]checkAndChangeView: Reach consensus,org_view=4251,org_changeCycle=0,cur_changeCycle=0,to_view=4252
info|2019-12-11 21:59:37.537665|[g:1][CONSENSUS]addRawPrepare,height=7,reqIdx=2,hash=dd317f36...
info|2019-12-11 21:59:37.538564|[g:1][CONSENSUS][PBFT]checkTimeout Succ,view=4252,toView=4253,nodeIdx=1,changeCycle=0,myNode=598ea792...,timecost=0.749
info|2019-12-11 21:59:37.541245|[g:1][CONSENSUS][PBFT]checkAndChangeView: Reach consensus,org_view=4252,org_changeCycle=0,cur_changeCycle=0,to_view=4253
info|2019-12-11 21:59:38.544608|[g:1][CONSENSUS]addRawPrepare,height=7,reqIdx=3,hash=e48e8f7a...
info|2019-12-11 21:59:38.545602|[g:1][CONSENSUS][PBFT]checkTimeout Succ,view=4253,toView=4254,nodeIdx=1,changeCycle=0,myNode=598ea792...,timecost=0.775
info|2019-12-11 21:59:38.547745|[g:1][CONSENSUS][PBFT]checkAndChangeView: Reach consensus,org_view=4253,org_changeCycle=0,cur_changeCycle=0,to_view=4254
info|2019-12-11 21:59:39.551930|[g:1][CONSENSUS]addRawPrepare,height=7,reqIdx=0,hash=40728e5f...
info|2019-12-11 21:59:39.554398|[g:1][CONSENSUS][PBFT]checkTimeout Succ,view=4254,toView=4255,nodeIdx=1,changeCycle=0,myNode=598ea792...,timecost=2.115
info|2019-12-11 21:59:39.555869|[g:1][CONSENSUS][PBFT]checkAndChangeView: Reach consensus,org_view=4254,org_changeCycle=0,cur_changeCycle=0,to_view=4255
info|2019-12-11 21:59:40.054078|[P2P][Service] heartBeat,connected count=3
info|2019-12-11 21:59:40.555168|[g:1][CONSENSUS][SEALER]++++++++++++++++ Generating seal on,blkNum=7,tx=0,nodeIdx=1,hash=8c87fe84...
info|2019-12-11 21:59:40.558278|[g:1][CONSENSUS][PBFT]checkTimeout Succ,view=4255,toView=4256,nodeIdx=1,changeCycle=0,myNode=598ea792...,timecost=0.39
info|2019-12-11 21:59:40.559819|[g:1][CONSENSUS][PBFT]checkAndChangeView: Reach consensus,org_view=4255,org_changeCycle=0,cur_changeCycle=0,to_view=4256
info|2019-12-11 21:59:41.561319|[g:1][CONSENSUS]addRawPrepare,height=7,reqIdx=2,hash=919d93a0...
info|2019-12-11 21:59:41.562536|[g:1][CONSENSUS][PBFT]checkTimeout Succ,view=4256,toView=4257,nodeIdx=1,changeCycle=0,myNode=598ea792...,timecost=1.055
info|2019-12-11 21:59:41.565375|[g:1][CONSENSUS][PBFT]checkAndChangeView: Reach consensus,org_view=4256,org_changeCycle=0,cur_changeCycle=0,to_view=4257
info|2019-12-11 21:59:42.567098|[g:1][CONSENSUS]addRawPrepare,height=7,reqIdx=3,hash=d5b49c70...
info|2019-12-11 21:59:42.569450|[g:1][CONSENSUS][PBFT]checkTimeout Succ,view=4257,toView=4258,nodeIdx=1,changeCycle=0,myNode=598ea792...,timecost=2.252
info|2019-12-11 21:59:42.571665|[g:1][CONSENSUS][PBFT]checkAndChangeView: Reach consensus,org_view=4257,org_changeCycle=0,cur_changeCycle=0,to_view=4258
info|2019-12-11 21:59:43.572527|[g:1][CONSENSUS]addRawPrepare,height=7,reqIdx=0,hash=42dfff9c...
info|2019-12-11 21:59:43.573449|[g:1][CONSENSUS][PBFT]checkTimeout Succ,view=4258,toView=4259,nodeIdx=1,changeCycle=0,myNode=598ea792...,timecost=0.721
info|2019-12-11 21:59:43.577232|[g:1][CONSENSUS][PBFT]checkAndChangeView: Reach consensus,org_view=4258,org_changeCycle=0,cur_changeCycle=0,to_view=4259
info|2019-12-11 21:59:44.577756|[g:1][CONSENSUS][SEALER]++++++++++++++++ Generating seal on,blkNum=7,tx=0,nodeIdx=1,hash=b1e06b47...
info|2019-12-11 21:59:44.579037|[g:1][CONSENSUS][PBFT]checkTimeout Succ,view=4259,toView=4260,nodeIdx=1,changeCycle=0,myNode=598ea792...,timecost=0.703
info|2019-12-11 21:59:44.583123|[g:1][CONSENSUS][PBFT]checkAndChangeView: Reach consensus,org_view=4259,org_changeCycle=0,cur_changeCycle=0,to_view=4260
info|2019-12-11 21:59:45.586577|[g:1][CONSENSUS]addRawPrepare,height=7,reqIdx=2,hash=a92bb1d6...
info|2019-12-11 21:59:45.587756|[g:1][CONSENSUS][PBFT]checkTimeout Succ,view=4260,toView=4261,nodeIdx=1,changeCycle=0,myNode=598ea792...,timecost=0.746
info|2019-12-11 21:59:45.590189|[g:1][CONSENSUS][PBFT]checkAndChangeView: Reach consensus,org_view=4260,org_changeCycle=0,cur_changeCycle=0,to_view=4261
info|2019-12-11 21:59:46.593742|[g:1][CONSENSUS]addRawPrepare,height=7,reqIdx=3,hash=472476ce...
info|2019-12-11 21:59:46.594757|[g:1][CONSENSUS][PBFT]checkTimeout Succ,view=4261,toView=4262,nodeIdx=1,changeCycle=0,myNode=598ea792...,timecost=0.797
info|2019-12-11 21:59:46.597177|[g:1][CONSENSUS][PBFT]checkAndChangeView: Reach consensus,org_view=4261,org_changeCycle=0,cur_changeCycle=0,to_view=4262
info|2019-12-11 21:59:47.599459|[g:1][CONSENSUS]addRawPrepare,height=7,reqIdx=0,hash=0ed21b9e...
info|2019-12-11 21:59:47.600687|[g:1][CONSENSUS][PBFT]checkTimeout Succ,view=4262,toView=4263,nodeIdx=1,changeCycle=0,myNode=598ea792...,timecost=0.943
info|2019-12-11 21:59:47.603665|[g:1][CONSENSUS][PBFT]checkAndChangeView: Reach consensus,org_view=4262,org_changeCycle=0,cur_changeCycle=0,to_view=4263
info|2019-12-11 21:59:48.603927|[g:1][CONSENSUS][SEALER]++++++++++++++++ Generating seal on,blkNum=7,tx=0,nodeIdx=1,hash=62c99b2e...
info|2019-12-11 21:59:48.604774|[g:1][CONSENSUS][PBFT]checkTimeout Succ,view=4263,toView=4264,nodeIdx=1,changeCycle=0,myNode=598ea792...,timecost=0.492
info|2019-12-11 21:59:48.607476|[g:1][CONSENSUS][PBFT]checkAndChangeView: Reach consensus,org_view=4263,org_changeCycle=0,cur_changeCycle=0,to_view=4264
info|2019-12-11 21:59:49.609883|[g:1][CONSENSUS]addRawPrepare,height=7,reqIdx=2,hash=1eaa7971...
info|2019-12-11 21:59:49.610710|[g:1][CONSENSUS][PBFT]checkTimeout Succ,view=4264,toView=4265,nodeIdx=1,changeCycle=0,myNode=598ea792...,timecost=0.635
info|2019-12-11 21:59:49.614341|[g:1][CONSENSUS][PBFT]checkAndChangeView: Reach consensus,org_view=4264,org_changeCycle=0,cur_changeCycle=0,to_view=4265
info|2019-12-11 21:59:50.063007|[P2P][Service] heartBeat,connected count=3
info|2019-12-11 21:59:50.617886|[g:1][CONSENSUS]addRawPrepare,height=7,reqIdx=3,hash=06bc65c0...
info|2019-12-11 21:59:50.621587|[g:1][CONSENSUS][PBFT]checkTimeout Succ,view=4265,toView=4266,nodeIdx=1,changeCycle=0,myNode=598ea792...,timecost=3.48
info|2019-12-11 21:59:50.622894|[g:1][CONSENSUS][PBFT]checkAndChangeView: Reach consensus,org_view=4265,org_changeCycle=0,cur_changeCycle=0,to_view=4266
info|2019-12-11 21:59:51.624153|[g:1][CONSENSUS]addRawPrepare,height=7,reqIdx=0,hash=9d8a754e...
info|2019-12-11 21:59:51.626494|[g:1][CONSENSUS][PBFT]checkTimeout Succ,view=4266,toView=4267,nodeIdx=1,changeCycle=0,myNode=598ea792...,timecost=2.099
info|2019-12-11 21:59:51.628238|[g:1][CONSENSUS][PBFT]checkAndChangeView: Reach consensus,org_view=4266,org_changeCycle=0,cur_changeCycle=0,to_view=4267
info|2019-12-11 21:59:52.628902|[g:1][CONSENSUS][SEALER]++++++++++++++++ Generating seal on,blkNum=7,tx=0,nodeIdx=1,hash=98b37def...
info|2019-12-11 21:59:52.631120|[g:1][CONSENSUS][PBFT]checkTimeout Succ,view=4267,toView=4268,nodeIdx=1,changeCycle=0,myNode=598ea792...,timecost=0.271
info|2019-12-11 21:59:52.632326|[g:1][CONSENSUS][PBFT]checkAndChangeView: Reach consensus,org_view=4267,org_changeCycle=0,cur_changeCycle=0,to_view=4268
