warning|2019-12-11 12:18:39.015652|[g:1][CONSENSUS][PBFT]ViewChangeWarning: not caused by omit empty block ,v=6164,toV=6165,curNum=0,hash=535430dd...,nodeIdx=3,myNode=b17d5937...
info|2019-12-11 12:18:39.019706|[P2P][Service] heartBeat,connected count=3
info|2019-12-11 12:18:39.019766|[g:1][CONSENSUS][PBFT]checkTimeout Succ,view=6164,toView=6165,nodeIdx=3,changeCycle=1,myNode=b17d5937...,timecost=6.651
info|2019-12-11 12:18:39.021556|[g:1][CONSENSUS][PBFT]checkAndChangeView: Reach consensus,org_view=6164,org_changeCycle=1,cur_changeCycle=1,to_view=6165
info|2019-12-11 12:18:40.023312|[g:1][CONSENSUS]addRawPrepare,height=1,reqIdx=1,hash=6e1545d4...
info|2019-12-11 12:18:40.024244|[g:1][CONSENSUS][PBFT]checkTimeout Succ,view=6165,toView=6166,nodeIdx=3,changeCycle=0,myNode=b17d5937...,timecost=0.239
info|2019-12-11 12:18:40.029346|[g:1][CONSENSUS][PBFT]checkAndChangeView: Reach consensus,org_view=6165,org_changeCycle=0,cur_changeCycle=0,to_view=6166
info|2019-12-11 12:18:41.030828|[g:1][CONSENSUS]addRawPrepare,height=1,reqIdx=2,hash=c84c5d51...
info|2019-12-11 12:18:41.031242|[g:1][CONSENSUS][PBFT]checkTimeout Succ,view=6166,toView=6167,nodeIdx=3,changeCycle=0,myNode=b17d5937...,timecost=0.305
info|2019-12-11 12:18:41.032576|[g:1][CONSENSUS][PBFT]checkAndChangeView: Reach consensus,org_view=6166,org_changeCycle=0,cur_changeCycle=0,to_view=6167
info|2019-12-11 12:18:42.033235|[g:1][CONSENSUS][SEALER]++++++++++++++++ Generating seal on,blkNum=1,tx=0,nodeIdx=3,hash=cd75685e...
info|2019-12-11 12:18:42.034246|[g:1][CONSENSUS][PBFT]checkTimeout Succ,view=6167,toView=6168,nodeIdx=3,changeCycle=0,myNode=b17d5937...,timecost=0.401
info|2019-12-11 12:18:42.038319|[g:1][CONSENSUS][PBFT]checkAndChangeView: Reach consensus,org_view=6167,org_changeCycle=0,cur_changeCycle=0,to_view=6168
info|2019-12-11 12:18:43.041166|[g:1][CONSENSUS]addRawPrepare,height=1,reqIdx=0,hash=3f44845f...
info|2019-12-11 12:18:43.041854|[g:1][CONSENSUS][PBFT]checkTimeout Succ,view=6168,toView=6169,nodeIdx=3,changeCycle=0,myNode=b17d5937...,timecost=0.282
info|2019-12-11 12:18:43.044286|[g:1][CONSENSUS][PBFT]checkAndChangeView: Reach consensus,org_view=6168,org_changeCycle=0,cur_changeCycle=0,to_view=6169
info|2019-12-11 12:18:44.048629|[g:1][CONSENSUS]addRawPrepare,height=1,reqIdx=1,hash=e2cdd743...
info|2019-12-11 12:18:44.049016|[g:1][CONSENSUS][PBFT]checkTimeout Succ,view=6169,toView=6170,nodeIdx=3,changeCycle=0,myNode=b17d5937...,timecost=0.289
info|2019-12-11 12:18:44.051069|[g:1][CONSENSUS][PBFT]checkAndChangeView: Reach consensus,org_view=6169,org_changeCycle=0,cur_changeCycle=0,to_view=6170
info|2019-12-11 12:18:45.055532|[g:1][CONSENSUS]addRawPrepare,height=1,reqIdx=2,hash=73d15fc4...
info|2019-12-11 12:18:45.056093|[g:1][CONSENSUS][PBFT]checkTimeout Succ,view=6170,toView=6171,nodeIdx=3,changeCycle=0,myNode=b17d5937...,timecost=0.444
info|2019-12-11 12:18:45.058662|[g:1][CONSENSUS][PBFT]checkAndChangeView: Reach consensus,org_view=6170,org_changeCycle=0,cur_changeCycle=0,to_view=6171
info|2019-12-11 12:18:46.058595|[g:1][CONSENSUS][SEALER]++++++++++++++++ Generating seal on,blkNum=1,tx=0,nodeIdx=3,hash=52a7132f...
info|2019-12-11 12:18:46.059141|[g:1][CONSENSUS][PBFT]checkTimeout Succ,view=6171,toView=6172,nodeIdx=3,changeCycle=0,myNode=b17d5937...,timecost=0.278
info|2019-12-11 12:18:46.061235|[g:1][CONSENSUS][PBFT]checkAndChangeView: Reach consensus,org_view=6171,org_changeCycle=0,cur_changeCycle=0,to_view=6172
info|2019-12-11 12:18:47.062944|[g:1][CONSENSUS]addRawPrepare,height=1,reqIdx=0,hash=4094f121...
info|2019-12-11 12:18:47.063296|[g:1][CONSENSUS][PBFT]checkTimeout Succ,view=6172,toView=6173,nodeIdx=3,changeCycle=0,myNode=b17d5937...,timecost=0.255
info|2019-12-11 12:18:47.064765|[g:1][CONSENSUS][PBFT]checkAndChangeView: Reach consensus,org_view=6172,org_changeCycle=0,cur_changeCycle=0,to_view=6173
info|2019-12-11 12:18:48.067971|[g:1][CONSENSUS]addRawPrepare,height=1,reqIdx=1,hash=02c1150e...
info|2019-12-11 12:18:48.068357|[g:1][CONSENSUS][PBFT]checkTimeout Succ,view=6173,toView=6174,nodeIdx=3,changeCycle=0,myNode=b17d5937...,timecost=0.28
info|2019-12-11 12:18:48.071356|[g:1][CONSENSUS][PBFT]checkAndChangeView: Reach consensus,org_view=6173,org_changeCycle=0,cur_changeCycle=0,to_view=6174
info|2019-12-11 12:18:49.021096|[P2P][Service] heartBeat,connected count=3
info|2019-12-11 12:18:49.072614|[g:1][CONSENSUS]addRawPrepare,height=1,reqIdx=2,hash=4d324878...
info|2019-12-11 12:18:49.073034|[g:1][CONSENSUS][PBFT]checkTimeout Succ,view=6174,toView=6175,nodeIdx=3,changeCycle=0,myNode=b17d5937...,timecost=0.305
info|2019-12-11 12:18:49.076512|[g:1][CONSENSUS][PBFT]checkAndChangeView: Reach consensus,org_view=6174,org_changeCycle=0,cur_changeCycle=0,to_view=6175
info|2019-12-11 12:18:50.077083|[g:1][CONSENSUS][SEALER]++++++++++++++++ Generating seal on,blkNum=1,tx=0,nodeIdx=3,hash=c423dd02...
info|2019-12-11 12:18:50.081829|[g:1][CONSENSUS][PBFT]checkTimeout Succ,view=6175,toView=6176,nodeIdx=3,changeCycle=0,myNode=b17d5937...,timecost=1.964
info|2019-12-11 12:18:50.098769|[g:1][CONSENSUS][PBFT]checkAndChangeView: Reach consensus,org_view=6175,org_changeCycle=0,cur_changeCycle=0,to_view=6176
info|2019-12-11 12:18:51.107141|[g:1][CONSENSUS]addRawPrepare,height=1,reqIdx=0,hash=2086e2c9...
info|2019-12-11 12:18:51.111565|[g:1][CONSENSUS][PBFT]checkTimeout Succ,view=6176,toView=6177,nodeIdx=3,changeCycle=0,myNode=b17d5937...,timecost=2.733
info|2019-12-11 12:18:51.119205|[g:1][CONSENSUS][PBFT]checkAndChangeView: Reach consensus,org_view=6176,org_changeCycle=0,cur_changeCycle=0,to_view=6177
info|2019-12-11 12:18:52.128993|[g:1][CONSENSUS]addRawPrepare,height=1,reqIdx=1,hash=9ba1deda...
info|2019-12-11 12:18:52.132872|[g:1][CONSENSUS][PBFT]checkTimeout Succ,view=6177,toView=6178,nodeIdx=3,changeCycle=0,myNode=b17d5937...,timecost=3.285
info|2019-12-11 12:18:52.145123|[g:1][CONSENSUS][PBFT]checkAndChangeView: Reach consensus,org_view=6177,org_changeCycle=0,cur_changeCycle=0,to_view=6178
info|2019-12-11 12:18:53.152839|[g:1][CONSENSUS]addRawPrepare,height=1,reqIdx=2,hash=69d4b5d9...
info|2019-12-11 12:18:53.158058|[g:1][CONSENSUS][PBFT]checkTimeout Succ,view=6178,toView=6179,nodeIdx=3,changeCycle=0,myNode=b17d5937...,timecost=4.517
info|2019-12-11 12:18:53.165620|[g:1][CONSENSUS][PBFT]checkAndChangeView: Reach consensus,org_view=6178,org_changeCycle=0,cur_changeCycle=0,to_view=6179
info|2019-12-11 12:18:54.165971|[g:1][CONSENSUS][SEALER]++++++++++++++++ Generating seal on,blkNum=1,tx=0,nodeIdx=3,hash=e1f761af...
info|2019-12-11 12:18:54.171890|[g:1][CONSENSUS][PBFT]checkTimeout Succ,view=6179,toView=6180,nodeIdx=3,changeCycle=0,myNode=b17d5937...,timecost=4.124
info|2019-12-11 12:18:54.189075|[g:1][CONSENSUS][PBFT]checkAndChangeView: Reach consensus,org_view=6179,org_changeCycle=0,cur_changeCycle=0,to_view=6180
info|2019-12-11 12:18:55.194532|[g:1][CONSENSUS]addRawPrepare,height=1,reqIdx=0,hash=36e4da86...
info|2019-12-11 12:18:55.197499|[g:1][CONSENSUS][PBFT]checkTimeout Succ,view=6180,toView=6181,nodeIdx=3,changeCycle=0,myNode=b17d5937...,timecost=2.364
info|2019-12-11 12:18:55.209460|[g:1][CONSENSUS][PBFT]checkAndChangeView: Reach consensus,org_view=6180,org_changeCycle=0,cur_changeCycle=0,to_view=6181
info|2019-12-11 12:18:56.219449|[g:1][CONSENSUS]addRawPrepare,height=1,reqIdx=1,hash=4c7505d5...
info|2019-12-11 12:18:56.222812|[g:1][CONSENSUS][PBFT]checkTimeout Succ,view=6181,toView=6182,nodeIdx=3,changeCycle=0,myNode=b17d5937...,timecost=2.689
info|2019-12-11 12:18:56.235087|[g:1][CONSENSUS][PBFT]checkAndChangeView: Reach consensus,org_view=6181,org_changeCycle=0,cur_changeCycle=0,to_view=6182
info|2019-12-11 12:18:57.243827|[g:1][CONSENSUS]addRawPrepare,height=1,reqIdx=2,hash=b475fdd3...
info|2019-12-11 12:18:57.259061|[g:1][CONSENSUS][PBFT]checkTimeout Succ,view=6182,toView=6183,nodeIdx=3,changeCycle=0,myNode=b17d5937...,timecost=14.597
info|2019-12-11 12:18:57.264507|[g:1][CONSENSUS][PBFT]checkAndChangeView: Reach consensus,org_view=6182,org_changeCycle=0,cur_changeCycle=0,to_view=6183
info|2019-12-11 12:18:58.264872|[g:1][CONSENSUS][SEALER]++++++++++++++++ Generating seal on,blkNum=1,tx=0,nodeIdx=3,hash=561f166c...
info|2019-12-11 12:18:58.272722|[g:1][CONSENSUS][PBFT]checkTimeout Succ,view=6183,toView=6184,nodeIdx=3,changeCycle=0,myNode=b17d5937...,timecost=5.439
info|2019-12-11 12:18:58.286940|[g:1][CONSENSUS][PBFT]checkAndChangeView: Reach consensus,org_view=6183,org_changeCycle=0,cur_changeCycle=0,to_view=6184
info|2019-12-11 12:18:59.021474|[P2P][Service] heartBeat,connected count=3
info|2019-12-11 12:18:59.294836|[g:1][CONSENSUS]addRawPrepare,height=1,reqIdx=0,hash=2523b5f8...
info|2019-12-11 12:18:59.300319|[g:1][CONSENSUS][PBFT]checkTimeout Succ,view=6184,toView=6185,nodeIdx=3,changeCycle=0,myNode=b17d5937...,timecost=4.765
info|2019-12-11 12:18:59.314835|[g:1][CONSENSUS][PBFT]checkAndChangeView: Reach consensus,org_view=6184,org_changeCycle=0,cur_changeCycle=0,to_view=6185
info|2019-12-11 12:19:00.315058|[g:1][CONSENSUS]addRawPrepare,height=1,reqIdx=1,hash=62713971...
info|2019-12-11 12:19:00.315921|[g:1][CONSENSUS][PBFT]checkTimeout Succ,view=6185,toView=6186,nodeIdx=3,changeCycle=0,myNode=b17d5937...,timecost=0.678
info|2019-12-11 12:19:00.318586|[g:1][CONSENSUS][PBFT]checkAndChangeView: Reach consensus,org_view=6185,org_changeCycle=0,cur_changeCycle=0,to_view=6186
info|2019-12-11 12:19:01.319127|[g:1][CONSENSUS]addRawPrepare,height=1,reqIdx=2,hash=d2b6e5a6...
info|2019-12-11 12:19:01.320023|[g:1][CONSENSUS][PBFT]checkTimeout Succ,view=6186,toView=6187,nodeIdx=3,changeCycle=0,myNode=b17d5937...,timecost=0.695
info|2019-12-11 12:19:01.324043|[g:1][CONSENSUS][PBFT]checkAndChangeView: Reach consensus,org_view=6186,org_changeCycle=0,cur_changeCycle=0,to_view=6187
info|2019-12-11 12:19:02.324433|[g:1][CONSENSUS][SEALER]++++++++++++++++ Generating seal on,blkNum=1,tx=0,nodeIdx=3,hash=5bad77ba...
info|2019-12-11 12:19:02.325261|[g:1][CONSENSUS][PBFT]checkTimeout Succ,view=6187,toView=6188,nodeIdx=3,changeCycle=0,myNode=b17d5937...,timecost=0.434
info|2019-12-11 12:19:02.330590|[g:1][CONSENSUS][PBFT]checkAndChangeView: Reach consensus,org_view=6187,org_changeCycle=0,cur_changeCycle=0,to_view=6188
info|2019-12-11 12:19:03.333485|[g:1][CONSENSUS]addRawPrepare,height=1,reqIdx=0,hash=f0a24e49...
info|2019-12-11 12:19:03.334748|[g:1][CONSENSUS][PBFT]checkTimeout Succ,view=6188,toView=6189,nodeIdx=3,changeCycle=0,myNode=b17d5937...,timecost=0.961
info|2019-12-11 12:19:03.336860|[g:1][CONSENSUS][PBFT]checkAndChangeView: Reach consensus,org_view=6188,org_changeCycle=0,cur_changeCycle=0,to_view=6189
info|2019-12-11 12:19:04.340251|[g:1][CONSENSUS]addRawPrepare,height=1,reqIdx=1,hash=10eedffb...
info|2019-12-11 12:19:04.342633|[g:1][CONSENSUS][PBFT]checkTimeout Succ,view=6189,toView=6190,nodeIdx=3,changeCycle=0,myNode=b17d5937...,timecost=2.154
info|2019-12-11 12:19:04.344004|[g:1][CONSENSUS][PBFT]checkAndChangeView: Reach consensus,org_view=6189,org_changeCycle=0,cur_changeCycle=0,to_view=6190
info|2019-12-11 12:19:05.348774|[g:1][CONSENSUS]addRawPrepare,height=1,reqIdx=2,hash=956b2391...
info|2019-12-11 12:19:05.349761|[g:1][CONSENSUS][PBFT]checkTimeout Succ,view=6190,toView=6191,nodeIdx=3,changeCycle=0,myNode=b17d5937...,timecost=0.707
info|2019-12-11 12:19:05.352824|[g:1][CONSENSUS][PBFT]checkAndChangeView: Reach consensus,org_view=6190,org_changeCycle=0,cur_changeCycle=0,to_view=6191
info|2019-12-11 12:19:06.352235|[g:1][CONSENSUS][SEALER]++++++++++++++++ Generating seal on,blkNum=1,tx=0,nodeIdx=3,hash=e1887b78...
info|2019-12-11 12:19:06.353575|[g:1][CONSENSUS][PBFT]checkTimeout Succ,view=6191,toView=6192,nodeIdx=3,changeCycle=0,myNode=b17d5937...,timecost=0.841
info|2019-12-11 12:19:06.358104|[g:1][CONSENSUS][PBFT]checkAndChangeView: Reach consensus,org_view=6191,org_changeCycle=0,cur_changeCycle=0,to_view=6192
info|2019-12-11 12:19:07.360843|[g:1][CONSENSUS]addRawPrepare,height=1,reqIdx=0,hash=9800efaf...
info|2019-12-11 12:19:07.361520|[g:1][CONSENSUS][PBFT]checkTimeout Succ,view=6192,toView=6193,nodeIdx=3,changeCycle=0,myNode=b17d5937...,timecost=0.51
info|2019-12-11 12:19:07.363369|[g:1][CONSENSUS][PBFT]checkAndChangeView: Reach consensus,org_view=6192,org_changeCycle=0,cur_changeCycle=0,to_view=6193
info|2019-12-11 12:19:08.367592|[g:1][CONSENSUS]addRawPrepare,height=1,reqIdx=1,hash=90d0e23e...
info|2019-12-11 12:19:08.368422|[g:1][CONSENSUS][PBFT]checkTimeout Succ,view=6193,toView=6194,nodeIdx=3,changeCycle=0,myNode=b17d5937...,timecost=0.608
info|2019-12-11 12:19:08.371352|[g:1][CONSENSUS][PBFT]checkAndChangeView: Reach consensus,org_view=6193,org_changeCycle=0,cur_changeCycle=0,to_view=6194
info|2019-12-11 12:19:09.028706|[P2P][Service] heartBeat,connected count=3
info|2019-12-11 12:19:09.374381|[g:1][CONSENSUS]addRawPrepare,height=1,reqIdx=2,hash=1cbd07d2...
info|2019-12-11 12:19:09.375544|[g:1][CONSENSUS][PBFT]checkTimeout Succ,view=6194,toView=6195,nodeIdx=3,changeCycle=0,myNode=b17d5937...,timecost=0.895
info|2019-12-11 12:19:09.378462|[g:1][CONSENSUS][PBFT]checkAndChangeView: Reach consensus,org_view=6194,org_changeCycle=0,cur_changeCycle=0,to_view=6195
info|2019-12-11 12:19:10.378351|[g:1][CONSENSUS][SEALER]++++++++++++++++ Generating seal on,blkNum=1,tx=0,nodeIdx=3,hash=60b10e2d...
info|2019-12-11 12:19:10.379898|[g:1][CONSENSUS][PBFT]checkTimeout Succ,view=6195,toView=6196,nodeIdx=3,changeCycle=0,myNode=b17d5937...,timecost=0.948
info|2019-12-11 12:19:10.383740|[g:1][CONSENSUS][PBFT]checkAndChangeView: Reach consensus,org_view=6195,org_changeCycle=0,cur_changeCycle=0,to_view=6196
info|2019-12-11 12:19:11.385721|[g:1][CONSENSUS]addRawPrepare,height=1,reqIdx=0,hash=b23fed04...
info|2019-12-11 12:19:11.386392|[g:1][CONSENSUS][PBFT]checkTimeout Succ,view=6196,toView=6197,nodeIdx=3,changeCycle=0,myNode=b17d5937...,timecost=0.526
info|2019-12-11 12:19:11.387981|[g:1][CONSENSUS][PBFT]checkAndChangeView: Reach consensus,org_view=6196,org_changeCycle=0,cur_changeCycle=0,to_view=6197
info|2019-12-11 12:19:12.389890|[g:1][CONSENSUS]addRawPrepare,height=1,reqIdx=1,hash=2dcb321a...
info|2019-12-11 12:19:12.390608|[g:1][CONSENSUS][PBFT]checkTimeout Succ,view=6197,toView=6198,nodeIdx=3,changeCycle=0,myNode=b17d5937...,timecost=0.486
info|2019-12-11 12:19:12.392367|[g:1][CONSENSUS][PBFT]checkAndChangeView: Reach consensus,org_view=6197,org_changeCycle=0,cur_changeCycle=0,to_view=6198
info|2019-12-11 12:19:13.395815|[g:1][CONSENSUS]addRawPrepare,height=1,reqIdx=2,hash=452d1993...
info|2019-12-11 12:19:13.397253|[g:1][CONSENSUS][PBFT]checkTimeout Succ,view=6198,toView=6199,nodeIdx=3,changeCycle=0,myNode=b17d5937...,timecost=1.353
info|2019-12-11 12:19:13.399069|[g:1][CONSENSUS][PBFT]checkAndChangeView: Reach consensus,org_view=6198,org_changeCycle=0,cur_changeCycle=0,to_view=6199
info|2019-12-11 12:19:14.399548|[g:1][CONSENSUS][SEALER]++++++++++++++++ Generating seal on,blkNum=1,tx=0,nodeIdx=3,hash=e78a2a8a...
info|2019-12-11 12:19:14.400261|[g:1][CONSENSUS][PBFT]checkTimeout Succ,view=6199,toView=6200,nodeIdx=3,changeCycle=0,myNode=b17d5937...,timecost=0.416
info|2019-12-11 12:19:14.404220|[g:1][CONSENSUS][PBFT]checkAndChangeView: Reach consensus,org_view=6199,org_changeCycle=0,cur_changeCycle=0,to_view=6200
info|2019-12-11 12:19:15.406414|[g:1][CONSENSUS]addRawPrepare,height=1,reqIdx=0,hash=950e76a6...
info|2019-12-11 12:19:15.406910|[g:1][CONSENSUS][PBFT]checkTimeout Succ,view=6200,toView=6201,nodeIdx=3,changeCycle=0,myNode=b17d5937...,timecost=0.321
info|2019-12-11 12:19:15.408736|[g:1][CONSENSUS][PBFT]checkAndChangeView: Reach consensus,org_view=6200,org_changeCycle=0,cur_changeCycle=0,to_view=6201
info|2019-12-11 12:19:16.411138|[g:1][CONSENSUS]addRawPrepare,height=1,reqIdx=1,hash=f13a23bf...
info|2019-12-11 12:19:16.413645|[g:1][CONSENSUS][PBFT]checkTimeout Succ,view=6201,toView=6202,nodeIdx=3,changeCycle=0,myNode=b17d5937...,timecost=2.279
info|2019-12-11 12:19:16.415402|[g:1][CONSENSUS][PBFT]checkAndChangeView: Reach consensus,org_view=6201,org_changeCycle=0,cur_changeCycle=0,to_view=6202
info|2019-12-11 12:19:17.416299|[g:1][CONSENSUS]addRawPrepare,height=1,reqIdx=2,hash=f2f7fd85...
info|2019-12-11 12:19:17.416989|[g:1][CONSENSUS][PBFT]checkTimeout Succ,view=6202,toView=6203,nodeIdx=3,changeCycle=0,myNode=b17d5937...,timecost=0.553
info|2019-12-11 12:19:17.418973|[g:1][CONSENSUS][PBFT]checkAndChangeView: Reach consensus,org_view=6202,org_changeCycle=0,cur_changeCycle=0,to_view=6203
info|2019-12-11 12:19:18.419807|[g:1][CONSENSUS][SEALER]++++++++++++++++ Generating seal on,blkNum=1,tx=0,nodeIdx=3,hash=703b3a2a...
info|2019-12-11 12:19:18.421189|[g:1][CONSENSUS][PBFT]checkTimeout Succ,view=6203,toView=6204,nodeIdx=3,changeCycle=0,myNode=b17d5937...,timecost=0.775
info|2019-12-11 12:19:18.425183|[g:1][CONSENSUS][PBFT]checkAndChangeView: Reach consensus,org_view=6203,org_changeCycle=0,cur_changeCycle=0,to_view=6204
info|2019-12-11 12:19:19.033386|[P2P][Service] heartBeat,connected count=3
info|2019-12-11 12:19:19.427600|[g:1][CONSENSUS]addRawPrepare,height=1,reqIdx=0,hash=f1a1d55e...
info|2019-12-11 12:19:19.427991|[g:1][CONSENSUS][PBFT]checkTimeout Succ,view=6204,toView=6205,nodeIdx=3,changeCycle=0,myNode=b17d5937...,timecost=0.289
info|2019-12-11 12:19:19.429251|[g:1][CONSENSUS][PBFT]checkAndChangeView: Reach consensus,org_view=6204,org_changeCycle=0,cur_changeCycle=0,to_view=6205
info|2019-12-11 12:19:20.432324|[g:1][CONSENSUS]addRawPrepare,height=1,reqIdx=1,hash=6317870f...
info|2019-12-11 12:19:20.434212|[g:1][CONSENSUS][PBFT]checkTimeout Succ,view=6205,toView=6206,nodeIdx=3,changeCycle=0,myNode=b17d5937...,timecost=1.674
info|2019-12-11 12:19:20.436466|[g:1][CONSENSUS][PBFT]checkAndChangeView: Reach consensus,org_view=6205,org_changeCycle=0,cur_changeCycle=0,to_view=6206
info|2019-12-11 12:19:21.437726|[g:1][CONSENSUS]addRawPrepare,height=1,reqIdx=2,hash=b088104b...
info|2019-12-11 12:19:21.438596|[g:1][CONSENSUS][PBFT]checkTimeout Succ,view=6206,toView=6207,nodeIdx=3,changeCycle=0,myNode=b17d5937...,timecost=0.768
info|2019-12-11 12:19:21.439547|[g:1][CONSENSUS][PBFT]checkAndChangeView: Reach consensus,org_view=6206,org_changeCycle=0,cur_changeCycle=0,to_view=6207
info|2019-12-11 12:19:22.439314|[g:1][CONSENSUS][SEALER]++++++++++++++++ Generating seal on,blkNum=1,tx=0,nodeIdx=3,hash=cd05605a...
info|2019-12-11 12:19:22.440015|[g:1][CONSENSUS][PBFT]checkTimeout Succ,view=6207,toView=6208,nodeIdx=3,changeCycle=0,myNode=b17d5937...,timecost=0.333
info|2019-12-11 12:19:22.442552|[g:1][CONSENSUS][PBFT]checkAndChangeView: Reach consensus,org_view=6207,org_changeCycle=0,cur_changeCycle=0,to_view=6208
info|2019-12-11 12:19:23.445012|[g:1][CONSENSUS]addRawPrepare,height=1,reqIdx=0,hash=ae1518d8...
info|2019-12-11 12:19:23.448300|[g:1][CONSENSUS][PBFT]checkTimeout Succ,view=6208,toView=6209,nodeIdx=3,changeCycle=0,myNode=b17d5937...,timecost=3.047
info|2019-12-11 12:19:23.450104|[g:1][CONSENSUS][PBFT]checkAndChangeView: Reach consensus,org_view=6208,org_changeCycle=0,cur_changeCycle=0,to_view=6209
info|2019-12-11 12:19:24.450209|[g:1][CONSENSUS]addRawPrepare,height=1,reqIdx=1,hash=14e8fb70...
info|2019-12-11 12:19:24.451541|[g:1][CONSENSUS][PBFT]checkTimeout Succ,view=6209,toView=6210,nodeIdx=3,changeCycle=0,myNode=b17d5937...,timecost=1.223
info|2019-12-11 12:19:24.453499|[g:1][CONSENSUS][PBFT]checkAndChangeView: Reach consensus,org_view=6209,org_changeCycle=0,cur_changeCycle=0,to_view=6210
info|2019-12-11 12:19:25.454854|[g:1][CONSENSUS]addRawPrepare,height=1,reqIdx=2,hash=6b21e378...
info|2019-12-11 12:19:25.455825|[g:1][CONSENSUS][PBFT]checkTimeout Succ,view=6210,toView=6211,nodeIdx=3,changeCycle=0,myNode=b17d5937...,timecost=0.747
info|2019-12-11 12:19:25.459067|[g:1][CONSENSUS][PBFT]checkAndChangeView: Reach consensus,org_view=6210,org_changeCycle=0,cur_changeCycle=0,to_view=6211
info|2019-12-11 12:19:26.459577|[g:1][CONSENSUS][SEALER]++++++++++++++++ Generating seal on,blkNum=1,tx=0,nodeIdx=3,hash=512d93f3...
info|2019-12-11 12:19:26.461072|[g:1][CONSENSUS][PBFT]checkTimeout Succ,view=6211,toView=6212,nodeIdx=3,changeCycle=0,myNode=b17d5937...,timecost=0.837
info|2019-12-11 12:19:26.466023|[g:1][CONSENSUS][PBFT]checkAndChangeView: Reach consensus,org_view=6211,org_changeCycle=0,cur_changeCycle=0,to_view=6212
info|2019-12-11 12:19:27.467207|[g:1][CONSENSUS]addRawPrepare,height=1,reqIdx=0,hash=5ab365b2...
info|2019-12-11 12:19:27.467935|[g:1][CONSENSUS][PBFT]checkTimeout Succ,view=6212,toView=6213,nodeIdx=3,changeCycle=0,myNode=b17d5937...,timecost=0.592
info|2019-12-11 12:19:27.470263|[g:1][CONSENSUS][PBFT]checkAndChangeView: Reach consensus,org_view=6212,org_changeCycle=0,cur_changeCycle=0,to_view=6213
info|2019-12-11 12:19:28.473650|[g:1][CONSENSUS]addRawPrepare,height=1,reqIdx=1,hash=5364d53f...
info|2019-12-11 12:19:28.475305|[g:1][CONSENSUS][PBFT]checkTimeout Succ,view=6213,toView=6214,nodeIdx=3,changeCycle=0,myNode=b17d5937...,timecost=1.342
info|2019-12-11 12:19:28.477178|[g:1][CONSENSUS][PBFT]checkAndChangeView: Reach consensus,org_view=6213,org_changeCycle=0,cur_changeCycle=0,to_view=6214
info|2019-12-11 12:19:29.042602|[P2P][Service] heartBeat,connected count=3
info|2019-12-11 12:19:29.481343|[g:1][CONSENSUS]addRawPrepare,height=1,reqIdx=2,hash=638e4396...
info|2019-12-11 12:19:29.482479|[g:1][CONSENSUS][PBFT]checkTimeout Succ,view=6214,toView=6215,nodeIdx=3,changeCycle=0,myNode=b17d5937...,timecost=0.859
info|2019-12-11 12:19:29.484678|[g:1][CONSENSUS][PBFT]checkAndChangeView: Reach consensus,org_view=6214,org_changeCycle=0,cur_changeCycle=0,to_view=6215
info|2019-12-11 12:19:30.484932|[g:1][CONSENSUS][SEALER]++++++++++++++++ Generating seal on,blkNum=1,tx=0,nodeIdx=3,hash=1173705b...
info|2019-12-11 12:19:30.486332|[g:1][CONSENSUS][PBFT]checkTimeout Succ,view=6215,toView=6216,nodeIdx=3,changeCycle=0,myNode=b17d5937...,timecost=0.853
info|2019-12-11 12:19:30.490698|[g:1][CONSENSUS][PBFT]checkAndChangeView: Reach consensus,org_view=6215,org_changeCycle=0,cur_changeCycle=0,to_view=6216
info|2019-12-11 12:19:31.491669|[g:1][CONSENSUS]addRawPrepare,height=1,reqIdx=0,hash=b657258e...
info|2019-12-11 12:19:31.492287|[g:1][CONSENSUS][PBFT]checkTimeout Succ,view=6216,toView=6217,nodeIdx=3,changeCycle=0,myNode=b17d5937...,timecost=0.545
info|2019-12-11 12:19:31.493206|[g:1][CONSENSUS][PBFT]checkAndChangeView: Reach consensus,org_view=6216,org_changeCycle=0,cur_changeCycle=0,to_view=6217
info|2019-12-11 12:42:07.011041|[P2P][Service] heartBeat,connected count=3
warning|2019-12-11 12:42:07.020969|[g:1][CONSENSUS][PBFT]ViewChangeWarning: not caused by omit empty block ,v=6217,toV=6218,curNum=0,hash=535430dd...,nodeIdx=3,myNode=b17d5937...
info|2019-12-11 12:42:07.022275|[g:1][CONSENSUS][PBFT]checkTimeout Succ,view=6217,toView=6218,nodeIdx=3,changeCycle=1,myNode=b17d5937...,timecost=7.142
info|2019-12-11 12:42:07.025907|[g:1][CONSENSUS][PBFT]checkAndChangeView: Reach consensus,org_view=6217,org_changeCycle=1,cur_changeCycle=1,to_view=6218
info|2019-12-11 12:42:08.026246|[g:1][CONSENSUS]addRawPrepare,height=1,reqIdx=2,hash=5f9ca727...
info|2019-12-11 12:42:08.027336|[g:1][CONSENSUS][PBFT]checkTimeout Succ,view=6218,toView=6219,nodeIdx=3,changeCycle=0,myNode=b17d5937...,timecost=0.943
info|2019-12-11 12:42:08.027818|[g:1][CONSENSUS][PBFT]checkAndChangeView: Reach consensus,org_view=6218,org_changeCycle=0,cur_changeCycle=0,to_view=6219
info|2019-12-11 12:42:09.027773|[g:1][CONSENSUS][SEALER]++++++++++++++++ Generating seal on,blkNum=1,tx=0,nodeIdx=3,hash=39b4442c...
info|2019-12-11 12:42:09.028419|[g:1][CONSENSUS][PBFT]checkTimeout Succ,view=6219,toView=6220,nodeIdx=3,changeCycle=0,myNode=b17d5937...,timecost=0.295
info|2019-12-11 12:42:09.030902|[g:1][CONSENSUS][PBFT]checkAndChangeView: Reach consensus,org_view=6219,org_changeCycle=0,cur_changeCycle=0,to_view=6220
info|2019-12-11 12:42:10.031073|[g:1][CONSENSUS]addRawPrepare,height=1,reqIdx=0,hash=40d2106e...
info|2019-12-11 12:42:10.031418|[g:1][CONSENSUS][PBFT]checkTimeout Succ,view=6220,toView=6221,nodeIdx=3,changeCycle=0,myNode=b17d5937...,timecost=0.243
info|2019-12-11 12:42:10.033400|[g:1][CONSENSUS][PBFT]checkAndChangeView: Reach consensus,org_view=6220,org_changeCycle=0,cur_changeCycle=0,to_view=6221
info|2019-12-11 12:42:11.034326|[g:1][CONSENSUS]addRawPrepare,height=1,reqIdx=1,hash=7c831745...
info|2019-12-11 12:42:11.034947|[g:1][CONSENSUS][PBFT]checkTimeout Succ,view=6221,toView=6222,nodeIdx=3,changeCycle=0,myNode=b17d5937...,timecost=0.328
info|2019-12-11 12:42:11.036890|[g:1][CONSENSUS][PBFT]checkAndChangeView: Reach consensus,org_view=6221,org_changeCycle=0,cur_changeCycle=0,to_view=6222
info|2019-12-11 12:42:12.039746|[g:1][CONSENSUS]addRawPrepare,height=1,reqIdx=2,hash=12b7d8ed...
info|2019-12-11 12:42:12.040976|[g:1][CONSENSUS][PBFT]checkTimeout Succ,view=6222,toView=6223,nodeIdx=3,changeCycle=0,myNode=b17d5937...,timecost=1.077
info|2019-12-11 12:42:12.042949|[g:1][CONSENSUS][PBFT]checkAndChangeView: Reach consensus,org_view=6222,org_changeCycle=0,cur_changeCycle=0,to_view=6223
info|2019-12-11 12:42:13.042585|[g:1][CONSENSUS][SEALER]++++++++++++++++ Generating seal on,blkNum=1,tx=0,nodeIdx=3,hash=c9ec7bcf...
info|2019-12-11 12:42:13.043298|[g:1][CONSENSUS][PBFT]checkTimeout Succ,view=6223,toView=6224,nodeIdx=3,changeCycle=0,myNode=b17d5937...,timecost=0.361
info|2019-12-11 12:42:13.045819|[g:1][CONSENSUS][PBFT]checkAndChangeView: Reach consensus,org_view=6223,org_changeCycle=0,cur_changeCycle=0,to_view=6224
info|2019-12-11 12:42:14.049044|[g:1][CONSENSUS]addRawPrepare,height=1,reqIdx=0,hash=c8979364...
info|2019-12-11 12:42:14.050398|[g:1][CONSENSUS][PBFT]checkTimeout Succ,view=6224,toView=6225,nodeIdx=3,changeCycle=0,myNode=b17d5937...,timecost=1.024
info|2019-12-11 12:42:14.052895|[g:1][CONSENSUS][PBFT]checkAndChangeView: Reach consensus,org_view=6224,org_changeCycle=0,cur_changeCycle=0,to_view=6225
info|2019-12-11 12:42:15.052693|[g:1][CONSENSUS]addRawPrepare,height=1,reqIdx=1,hash=e291fd0e...
info|2019-12-11 12:42:15.053975|[g:1][CONSENSUS][PBFT]checkTimeout Succ,view=6225,toView=6226,nodeIdx=3,changeCycle=0,myNode=b17d5937...,timecost=1.001
info|2019-12-11 12:42:15.055935|[g:1][CONSENSUS][PBFT]checkAndChangeView: Reach consensus,org_view=6225,org_changeCycle=0,cur_changeCycle=0,to_view=6226
info|2019-12-11 12:42:16.058841|[g:1][CONSENSUS]addRawPrepare,height=1,reqIdx=2,hash=9caa5ebe...
info|2019-12-11 12:42:16.059714|[g:1][CONSENSUS][PBFT]checkTimeout Succ,view=6226,toView=6227,nodeIdx=3,changeCycle=0,myNode=b17d5937...,timecost=0.65
info|2019-12-11 12:42:16.062259|[g:1][CONSENSUS][PBFT]checkAndChangeView: Reach consensus,org_view=6226,org_changeCycle=0,cur_changeCycle=0,to_view=6227
info|2019-12-11 12:42:17.013849|[P2P][Service] heartBeat,connected count=3
info|2019-12-11 12:42:17.062385|[g:1][CONSENSUS][SEALER]++++++++++++++++ Generating seal on,blkNum=1,tx=0,nodeIdx=3,hash=afd8c70a...
info|2019-12-11 12:42:17.063426|[g:1][CONSENSUS][PBFT]checkTimeout Succ,view=6227,toView=6228,nodeIdx=3,changeCycle=0,myNode=b17d5937...,timecost=0.715
info|2019-12-11 12:42:17.066949|[g:1][CONSENSUS][PBFT]checkAndChangeView: Reach consensus,org_view=6227,org_changeCycle=0,cur_changeCycle=0,to_view=6228
info|2019-12-11 12:42:18.075478|[g:1][CONSENSUS]addRawPrepare,height=1,reqIdx=0,hash=405b5474...
info|2019-12-11 12:42:18.078886|[g:1][CONSENSUS][PBFT]checkTimeout Succ,view=6228,toView=6229,nodeIdx=3,changeCycle=0,myNode=b17d5937...,timecost=2.712
info|2019-12-11 12:42:18.101275|[g:1][CONSENSUS][PBFT]checkAndChangeView: Reach consensus,org_view=6228,org_changeCycle=0,cur_changeCycle=0,to_view=6229
info|2019-12-11 12:42:19.100498|[g:1][CONSENSUS]addRawPrepare,height=1,reqIdx=1,hash=d332d601...
info|2019-12-11 12:42:19.104158|[g:1][CONSENSUS][PBFT]checkTimeout Succ,view=6229,toView=6230,nodeIdx=3,changeCycle=0,myNode=b17d5937...,timecost=2.592
info|2019-12-11 12:42:19.119979|[g:1][CONSENSUS][PBFT]checkAndChangeView: Reach consensus,org_view=6229,org_changeCycle=0,cur_changeCycle=0,to_view=6230
info|2019-12-11 12:42:20.145805|[g:1][CONSENSUS]addRawPrepare,height=1,reqIdx=2,hash=fe12419d...
info|2019-12-11 12:42:20.151939|[g:1][CONSENSUS][PBFT]checkTimeout Succ,view=6230,toView=6231,nodeIdx=3,changeCycle=0,myNode=b17d5937...,timecost=4.649
info|2019-12-11 12:42:20.159974|[g:1][CONSENSUS][PBFT]checkAndChangeView: Reach consensus,org_view=6230,org_changeCycle=0,cur_changeCycle=0,to_view=6231
info|2019-12-11 12:42:21.160545|[g:1][CONSENSUS][SEALER]++++++++++++++++ Generating seal on,blkNum=1,tx=0,nodeIdx=3,hash=0701689c...
info|2019-12-11 12:42:21.174205|[g:1][CONSENSUS][PBFT]checkTimeout Succ,view=6231,toView=6232,nodeIdx=3,changeCycle=0,myNode=b17d5937...,timecost=2.021
info|2019-12-11 12:42:21.182172|[g:1][CONSENSUS][PBFT]checkAndChangeView: Reach consensus,org_view=6231,org_changeCycle=0,cur_changeCycle=0,to_view=6232
info|2019-12-11 12:42:22.189840|[g:1][CONSENSUS]addRawPrepare,height=1,reqIdx=0,hash=23c26f5e...
info|2019-12-11 12:42:22.209918|[g:1][CONSENSUS][PBFT]checkTimeout Succ,view=6232,toView=6233,nodeIdx=3,changeCycle=0,myNode=b17d5937...,timecost=17.883
info|2019-12-11 12:42:22.215014|[g:1][CONSENSUS][PBFT]checkAndChangeView: Reach consensus,org_view=6232,org_changeCycle=0,cur_changeCycle=0,to_view=6233
info|2019-12-11 12:42:23.214962|[g:1][CONSENSUS]addRawPrepare,height=1,reqIdx=1,hash=701c3c6a...
info|2019-12-11 12:42:23.234138|[g:1][CONSENSUS][PBFT]checkTimeout Succ,view=6233,toView=6234,nodeIdx=3,changeCycle=0,myNode=b17d5937...,timecost=18.491
info|2019-12-11 12:42:23.239570|[g:1][CONSENSUS][PBFT]checkAndChangeView: Reach consensus,org_view=6233,org_changeCycle=0,cur_changeCycle=0,to_view=6234
info|2019-12-11 12:42:24.241873|[g:1][CONSENSUS]addRawPrepare,height=1,reqIdx=2,hash=e3957fd6...
info|2019-12-11 12:42:24.244743|[g:1][CONSENSUS][PBFT]checkTimeout Succ,view=6234,toView=6235,nodeIdx=3,changeCycle=0,myNode=b17d5937...,timecost=2.13
info|2019-12-11 12:42:24.256250|[g:1][CONSENSUS][PBFT]checkAndChangeView: Reach consensus,org_view=6234,org_changeCycle=0,cur_changeCycle=0,to_view=6235
info|2019-12-11 12:42:25.257342|[g:1][CONSENSUS][SEALER]++++++++++++++++ Generating seal on,blkNum=1,tx=0,nodeIdx=3,hash=9a62746d...
info|2019-12-11 12:42:25.262201|[g:1][CONSENSUS][PBFT]checkTimeout Succ,view=6235,toView=6236,nodeIdx=3,changeCycle=0,myNode=b17d5937...,timecost=2.353
info|2019-12-11 12:42:25.280057|[g:1][CONSENSUS][PBFT]checkAndChangeView: Reach consensus,org_view=6235,org_changeCycle=0,cur_changeCycle=0,to_view=6236
info|2019-12-11 12:42:26.284821|[g:1][CONSENSUS]addRawPrepare,height=1,reqIdx=0,hash=a23d5ca9...
info|2019-12-11 12:42:26.287996|[g:1][CONSENSUS][PBFT]checkTimeout Succ,view=6236,toView=6237,nodeIdx=3,changeCycle=0,myNode=b17d5937...,timecost=2.454
info|2019-12-11 12:42:26.306640|[g:1][CONSENSUS][PBFT]checkAndChangeView: Reach consensus,org_view=6236,org_changeCycle=0,cur_changeCycle=0,to_view=6237
warning|2019-12-11 12:43:20.022381|[g:1][CONSENSUS][PBFT]ViewChangeWarning: not caused by omit empty block ,v=6237,toV=6238,curNum=0,hash=535430dd...,nodeIdx=3,myNode=b17d5937...
info|2019-12-11 12:43:20.023093|[P2P][Service] heartBeat,connected count=3
info|2019-12-11 12:43:20.023217|[g:1][CONSENSUS][PBFT]checkTimeout Succ,view=6237,toView=6238,nodeIdx=3,changeCycle=1,myNode=b17d5937...,timecost=6.862
info|2019-12-11 12:43:20.035507|[g:1][CONSENSUS][PBFT]checkAndChangeView: Reach consensus,org_view=6237,org_changeCycle=1,cur_changeCycle=1,to_view=6238
info|2019-12-11 12:43:21.039754|[g:1][CONSENSUS]addRawPrepare,height=1,reqIdx=2,hash=da4a9db6...
info|2019-12-11 12:43:21.040174|[g:1][CONSENSUS][PBFT]checkTimeout Succ,view=6238,toView=6239,nodeIdx=3,changeCycle=0,myNode=b17d5937...,timecost=0.317
info|2019-12-11 12:43:21.040666|[g:1][CONSENSUS][PBFT]checkAndChangeView: Reach consensus,org_view=6238,org_changeCycle=0,cur_changeCycle=0,to_view=6239
info|2019-12-11 12:43:22.040491|[g:1][CONSENSUS][SEALER]++++++++++++++++ Generating seal on,blkNum=1,tx=0,nodeIdx=3,hash=32e3b92a...
info|2019-12-11 12:43:22.043091|[g:1][CONSENSUS][PBFT]checkTimeout Succ,view=6239,toView=6240,nodeIdx=3,changeCycle=0,myNode=b17d5937...,timecost=0.362
info|2019-12-11 12:43:22.043544|[g:1][CONSENSUS][PBFT]checkAndChangeView: Reach consensus,org_view=6239,org_changeCycle=0,cur_changeCycle=0,to_view=6240
info|2019-12-11 12:43:23.045268|[g:1][CONSENSUS]addRawPrepare,height=1,reqIdx=0,hash=37fdde69...
info|2019-12-11 12:43:23.046237|[g:1][CONSENSUS][PBFT]checkTimeout Succ,view=6240,toView=6241,nodeIdx=3,changeCycle=0,myNode=b17d5937...,timecost=0.87
info|2019-12-11 12:43:23.048475|[g:1][CONSENSUS][PBFT]checkAndChangeView: Reach consensus,org_view=6240,org_changeCycle=0,cur_changeCycle=0,to_view=6241
info|2019-12-11 12:43:24.048681|[g:1][CONSENSUS]addRawPrepare,height=1,reqIdx=1,hash=ba732e7c...
info|2019-12-11 12:43:24.049185|[g:1][CONSENSUS][PBFT]checkTimeout Succ,view=6241,toView=6242,nodeIdx=3,changeCycle=0,myNode=b17d5937...,timecost=0.269
info|2019-12-11 12:43:24.050706|[g:1][CONSENSUS][PBFT]checkAndChangeView: Reach consensus,org_view=6241,org_changeCycle=0,cur_changeCycle=0,to_view=6242
info|2019-12-11 12:43:25.051425|[g:1][CONSENSUS]addRawPrepare,height=1,reqIdx=2,hash=2874a33e...
info|2019-12-11 12:43:25.051809|[g:1][CONSENSUS][PBFT]checkTimeout Succ,view=6242,toView=6243,nodeIdx=3,changeCycle=0,myNode=b17d5937...,timecost=0.279
info|2019-12-11 12:43:25.055176|[g:1][CONSENSUS][PBFT]checkAndChangeView: Reach consensus,org_view=6242,org_changeCycle=0,cur_changeCycle=0,to_view=6243
info|2019-12-11 12:43:26.056420|[g:1][CONSENSUS][SEALER]++++++++++++++++ Generating seal on,blkNum=1,tx=0,nodeIdx=3,hash=2bc7d97a...
info|2019-12-11 12:43:26.058644|[g:1][CONSENSUS][PBFT]checkTimeout Succ,view=6243,toView=6244,nodeIdx=3,changeCycle=0,myNode=b17d5937...,timecost=0.294
info|2019-12-11 12:43:26.059657|[g:1][CONSENSUS][PBFT]checkAndChangeView: Reach consensus,org_view=6243,org_changeCycle=0,cur_changeCycle=0,to_view=6244
info|2019-12-11 12:43:27.060861|[g:1][CONSENSUS]addRawPrepare,height=1,reqIdx=0,hash=35005d71...
info|2019-12-11 12:43:27.061376|[g:1][CONSENSUS][PBFT]checkTimeout Succ,view=6244,toView=6245,nodeIdx=3,changeCycle=0,myNode=b17d5937...,timecost=0.242
info|2019-12-11 12:43:27.062659|[g:1][CONSENSUS][PBFT]checkAndChangeView: Reach consensus,org_view=6244,org_changeCycle=0,cur_changeCycle=0,to_view=6245
info|2019-12-11 12:43:28.063834|[g:1][CONSENSUS]addRawPrepare,height=1,reqIdx=1,hash=3edc034f...
info|2019-12-11 12:43:28.064365|[g:1][CONSENSUS][PBFT]checkTimeout Succ,view=6245,toView=6246,nodeIdx=3,changeCycle=0,myNode=b17d5937...,timecost=0.384
info|2019-12-11 12:43:28.066657|[g:1][CONSENSUS][PBFT]checkAndChangeView: Reach consensus,org_view=6245,org_changeCycle=0,cur_changeCycle=0,to_view=6246
info|2019-12-11 12:43:29.068310|[g:1][CONSENSUS]addRawPrepare,height=1,reqIdx=2,hash=e7ced289...
info|2019-12-11 12:43:29.068899|[g:1][CONSENSUS][PBFT]checkTimeout Succ,view=6246,toView=6247,nodeIdx=3,changeCycle=0,myNode=b17d5937...,timecost=0.363
info|2019-12-11 12:43:29.070681|[g:1][CONSENSUS][PBFT]checkAndChangeView: Reach consensus,org_view=6246,org_changeCycle=0,cur_changeCycle=0,to_view=6247
info|2019-12-11 12:43:30.024331|[P2P][Service] heartBeat,connected count=3
info|2019-12-11 12:43:30.071077|[g:1][CONSENSUS][SEALER]++++++++++++++++ Generating seal on,blkNum=1,tx=0,nodeIdx=3,hash=36757053...
info|2019-12-11 12:43:30.076937|[g:1][CONSENSUS][PBFT]checkTimeout Succ,view=6247,toView=6248,nodeIdx=3,changeCycle=0,myNode=b17d5937...,timecost=1.116
info|2019-12-11 12:43:30.077419|[g:1][CONSENSUS][PBFT]checkAndChangeView: Reach consensus,org_view=6247,org_changeCycle=0,cur_changeCycle=0,to_view=6248
info|2019-12-11 12:43:31.087009|[g:1][CONSENSUS]addRawPrepare,height=1,reqIdx=0,hash=df2116dd...
info|2019-12-11 12:43:31.090035|[g:1][CONSENSUS][PBFT]checkTimeout Succ,view=6248,toView=6249,nodeIdx=3,changeCycle=0,myNode=b17d5937...,timecost=2.348
info|2019-12-11 12:43:31.107395|[g:1][CONSENSUS][PBFT]checkAndChangeView: Reach consensus,org_view=6248,org_changeCycle=0,cur_changeCycle=0,to_view=6249
info|2019-12-11 12:43:32.118024|[g:1][CONSENSUS]addRawPrepare,height=1,reqIdx=1,hash=e8fc4da3...
info|2019-12-11 12:43:32.120933|[g:1][CONSENSUS][PBFT]checkTimeout Succ,view=6249,toView=6250,nodeIdx=3,changeCycle=0,myNode=b17d5937...,timecost=2.219
info|2019-12-11 12:43:32.166774|[g:1][CONSENSUS][PBFT]checkAndChangeView: Reach consensus,org_view=6249,org_changeCycle=0,cur_changeCycle=0,to_view=6250
info|2019-12-11 12:43:33.269191|[g:1][CONSENSUS]addRawPrepare,height=1,reqIdx=2,hash=00d8717e...
info|2019-12-11 12:43:33.272249|[g:1][CONSENSUS][PBFT]checkTimeout Succ,view=6250,toView=6251,nodeIdx=3,changeCycle=0,myNode=b17d5937...,timecost=2.417
info|2019-12-11 12:43:33.283784|[g:1][CONSENSUS][PBFT]checkAndChangeView: Reach consensus,org_view=6250,org_changeCycle=0,cur_changeCycle=0,to_view=6251
info|2019-12-11 12:43:34.285212|[g:1][CONSENSUS][SEALER]++++++++++++++++ Generating seal on,blkNum=1,tx=0,nodeIdx=3,hash=d13fe22b...
info|2019-12-11 12:43:34.301693|[g:1][CONSENSUS][PBFT]checkTimeout Succ,view=6251,toView=6252,nodeIdx=3,changeCycle=0,myNode=b17d5937...,timecost=2.092
info|2019-12-11 12:43:34.312178|[g:1][CONSENSUS][PBFT]checkAndChangeView: Reach consensus,org_view=6251,org_changeCycle=0,cur_changeCycle=0,to_view=6252
info|2019-12-11 12:43:35.332760|[g:1][CONSENSUS]addRawPrepare,height=1,reqIdx=0,hash=a59ef64c...
info|2019-12-11 12:43:35.337000|[g:1][CONSENSUS][PBFT]checkTimeout Succ,view=6252,toView=6253,nodeIdx=3,changeCycle=0,myNode=b17d5937...,timecost=3.53
info|2019-12-11 12:43:35.345643|[g:1][CONSENSUS][PBFT]checkAndChangeView: Reach consensus,org_view=6252,org_changeCycle=0,cur_changeCycle=0,to_view=6253
info|2019-12-11 12:43:36.361494|[g:1][CONSENSUS]addRawPrepare,height=1,reqIdx=1,hash=2e8bb27a...
info|2019-12-11 12:43:36.365745|[g:1][CONSENSUS][PBFT]checkTimeout Succ,view=6253,toView=6254,nodeIdx=3,changeCycle=0,myNode=b17d5937...,timecost=3.389
info|2019-12-11 12:43:36.376174|[g:1][CONSENSUS][PBFT]checkAndChangeView: Reach consensus,org_view=6253,org_changeCycle=0,cur_changeCycle=0,to_view=6254
info|2019-12-11 12:43:37.384086|[g:1][CONSENSUS]addRawPrepare,height=1,reqIdx=2,hash=41b8f004...
info|2019-12-11 12:43:37.392428|[g:1][CONSENSUS][PBFT]checkTimeout Succ,view=6254,toView=6255,nodeIdx=3,changeCycle=0,myNode=b17d5937...,timecost=7.655
info|2019-12-11 12:43:37.400176|[g:1][CONSENSUS][PBFT]checkAndChangeView: Reach consensus,org_view=6254,org_changeCycle=0,cur_changeCycle=0,to_view=6255
info|2019-12-11 12:43:38.401935|[g:1][CONSENSUS][SEALER]++++++++++++++++ Generating seal on,blkNum=1,tx=0,nodeIdx=3,hash=c28543b0...
info|2019-12-11 12:43:38.423413|[g:1][CONSENSUS][PBFT]checkTimeout Succ,view=6255,toView=6256,nodeIdx=3,changeCycle=0,myNode=b17d5937...,timecost=10.679
info|2019-12-11 12:43:38.429782|[g:1][CONSENSUS][PBFT]checkAndChangeView: Reach consensus,org_view=6255,org_changeCycle=0,cur_changeCycle=0,to_view=6256
info|2019-12-11 12:43:39.428962|[g:1][CONSENSUS]addRawPrepare,height=1,reqIdx=0,hash=fa81bf1e...
info|2019-12-11 12:43:39.436910|[g:1][CONSENSUS][PBFT]checkTimeout Succ,view=6256,toView=6257,nodeIdx=3,changeCycle=0,myNode=b17d5937...,timecost=7.113
info|2019-12-11 12:43:39.445497|[g:1][CONSENSUS][PBFT]checkAndChangeView: Reach consensus,org_view=6256,org_changeCycle=0,cur_changeCycle=0,to_view=6257
info|2019-12-11 12:43:40.024614|[P2P][Service] heartBeat,connected count=3
info|2019-12-11 12:43:40.453620|[g:1][CONSENSUS]addRawPrepare,height=1,reqIdx=1,hash=5f5b887d...
info|2019-12-11 12:43:40.461810|[g:1][CONSENSUS][PBFT]checkTimeout Succ,view=6257,toView=6258,nodeIdx=3,changeCycle=0,myNode=b17d5937...,timecost=7.489
info|2019-12-11 12:43:40.470545|[g:1][CONSENSUS][PBFT]checkAndChangeView: Reach consensus,org_view=6257,org_changeCycle=0,cur_changeCycle=0,to_view=6258
info|2019-12-11 12:43:41.469175|[g:1][CONSENSUS]addRawPrepare,height=1,reqIdx=2,hash=8c4e407f...
info|2019-12-11 12:43:41.470814|[g:1][CONSENSUS][PBFT]checkTimeout Succ,view=6258,toView=6259,nodeIdx=3,changeCycle=0,myNode=b17d5937...,timecost=1.486
info|2019-12-11 12:43:41.474184|[g:1][CONSENSUS][PBFT]checkAndChangeView: Reach consensus,org_view=6258,org_changeCycle=0,cur_changeCycle=0,to_view=6259
info|2019-12-11 12:43:42.474861|[g:1][CONSENSUS][SEALER]++++++++++++++++ Generating seal on,blkNum=1,tx=0,nodeIdx=3,hash=9a462655...
info|2019-12-11 12:43:42.475535|[g:1][CONSENSUS][PBFT]checkTimeout Succ,view=6259,toView=6260,nodeIdx=3,changeCycle=0,myNode=b17d5937...,timecost=0.321
info|2019-12-11 12:43:42.479218|[g:1][CONSENSUS][PBFT]checkAndChangeView: Reach consensus,org_view=6259,org_changeCycle=0,cur_changeCycle=0,to_view=6260
info|2019-12-11 12:43:43.479241|[g:1][CONSENSUS]addRawPrepare,height=1,reqIdx=0,hash=b055b591...
info|2019-12-11 12:43:43.479770|[g:1][CONSENSUS][PBFT]checkTimeout Succ,view=6260,toView=6261,nodeIdx=3,changeCycle=0,myNode=b17d5937...,timecost=0.434
info|2019-12-11 12:43:43.481135|[g:1][CONSENSUS][PBFT]checkAndChangeView: Reach consensus,org_view=6260,org_changeCycle=0,cur_changeCycle=0,to_view=6261
info|2019-12-11 12:43:44.484502|[g:1][CONSENSUS]addRawPrepare,height=1,reqIdx=1,hash=74781f05...
info|2019-12-11 12:43:44.485432|[g:1][CONSENSUS][PBFT]checkTimeout Succ,view=6261,toView=6262,nodeIdx=3,changeCycle=0,myNode=b17d5937...,timecost=0.706
info|2019-12-11 12:43:44.487491|[g:1][CONSENSUS][PBFT]checkAndChangeView: Reach consensus,org_view=6261,org_changeCycle=0,cur_changeCycle=0,to_view=6262
info|2019-12-11 12:43:45.491050|[g:1][CONSENSUS]addRawPrepare,height=1,reqIdx=2,hash=578c5a29...
info|2019-12-11 12:43:45.491685|[g:1][CONSENSUS][PBFT]checkTimeout Succ,view=6262,toView=6263,nodeIdx=3,changeCycle=0,myNode=b17d5937...,timecost=0.423
info|2019-12-11 12:43:45.493018|[g:1][CONSENSUS][PBFT]checkAndChangeView: Reach consensus,org_view=6262,org_changeCycle=0,cur_changeCycle=0,to_view=6263
info|2019-12-11 12:43:46.493819|[g:1][CONSENSUS][SEALER]++++++++++++++++ Generating seal on,blkNum=1,tx=0,nodeIdx=3,hash=c946d68b...
info|2019-12-11 12:43:46.498540|[g:1][CONSENSUS][PBFT]checkTimeout Succ,view=6263,toView=6264,nodeIdx=3,changeCycle=0,myNode=b17d5937...,timecost=0.559
info|2019-12-11 12:43:46.499494|[g:1][CONSENSUS][PBFT]checkAndChangeView: Reach consensus,org_view=6263,org_changeCycle=0,cur_changeCycle=0,to_view=6264
info|2019-12-11 12:43:47.501582|[g:1][CONSENSUS]addRawPrepare,height=1,reqIdx=0,hash=bb00a840...
info|2019-12-11 12:43:47.502342|[g:1][CONSENSUS][PBFT]checkTimeout Succ,view=6264,toView=6265,nodeIdx=3,changeCycle=0,myNode=b17d5937...,timecost=0.66
info|2019-12-11 12:43:47.503379|[g:1][CONSENSUS][PBFT]checkAndChangeView: Reach consensus,org_view=6264,org_changeCycle=0,cur_changeCycle=0,to_view=6265
info|2019-12-11 12:43:48.508145|[g:1][CONSENSUS]addRawPrepare,height=1,reqIdx=1,hash=cefec857...
info|2019-12-11 12:43:48.509059|[g:1][CONSENSUS][PBFT]checkTimeout Succ,view=6265,toView=6266,nodeIdx=3,changeCycle=0,myNode=b17d5937...,timecost=0.703
info|2019-12-11 12:43:48.511630|[g:1][CONSENSUS][PBFT]checkAndChangeView: Reach consensus,org_view=6265,org_changeCycle=0,cur_changeCycle=0,to_view=6266
info|2019-12-11 12:43:49.514006|[g:1][CONSENSUS]addRawPrepare,height=1,reqIdx=2,hash=9ffb7f09...
info|2019-12-11 12:43:49.514380|[g:1][CONSENSUS][PBFT]checkTimeout Succ,view=6266,toView=6267,nodeIdx=3,changeCycle=0,myNode=b17d5937...,timecost=0.274
info|2019-12-11 12:43:49.516107|[g:1][CONSENSUS][PBFT]checkAndChangeView: Reach consensus,org_view=6266,org_changeCycle=0,cur_changeCycle=0,to_view=6267
info|2019-12-11 12:43:50.024837|[P2P][Service] heartBeat,connected count=3
info|2019-12-11 12:43:50.517228|[g:1][CONSENSUS][SEALER]++++++++++++++++ Generating seal on,blkNum=1,tx=0,nodeIdx=3,hash=5e216de7...
info|2019-12-11 12:43:50.520582|[g:1][CONSENSUS][PBFT]checkTimeout Succ,view=6267,toView=6268,nodeIdx=3,changeCycle=0,myNode=b17d5937...,timecost=0.309
info|2019-12-11 12:43:50.521004|[g:1][CONSENSUS][PBFT]checkAndChangeView: Reach consensus,org_view=6267,org_changeCycle=0,cur_changeCycle=0,to_view=6268
info|2019-12-11 12:43:51.523011|[g:1][CONSENSUS]addRawPrepare,height=1,reqIdx=0,hash=21ec9e8a...
info|2019-12-11 12:43:51.524139|[g:1][CONSENSUS][PBFT]checkTimeout Succ,view=6268,toView=6269,nodeIdx=3,changeCycle=0,myNode=b17d5937...,timecost=0.668
info|2019-12-11 12:43:51.525724|[g:1][CONSENSUS][PBFT]checkAndChangeView: Reach consensus,org_view=6268,org_changeCycle=0,cur_changeCycle=0,to_view=6269
info|2019-12-11 12:43:52.527772|[g:1][CONSENSUS]addRawPrepare,height=1,reqIdx=1,hash=8bfbce3c...
info|2019-12-11 12:43:52.528826|[g:1][CONSENSUS][PBFT]checkTimeout Succ,view=6269,toView=6270,nodeIdx=3,changeCycle=0,myNode=b17d5937...,timecost=0.931
info|2019-12-11 12:43:52.530796|[g:1][CONSENSUS][PBFT]checkAndChangeView: Reach consensus,org_view=6269,org_changeCycle=0,cur_changeCycle=0,to_view=6270
info|2019-12-11 12:43:53.531219|[g:1][CONSENSUS]addRawPrepare,height=1,reqIdx=2,hash=c8cf136a...
info|2019-12-11 12:43:53.531722|[g:1][CONSENSUS][PBFT]checkTimeout Succ,view=6270,toView=6271,nodeIdx=3,changeCycle=0,myNode=b17d5937...,timecost=0.402
info|2019-12-11 12:43:53.533588|[g:1][CONSENSUS][PBFT]checkAndChangeView: Reach consensus,org_view=6270,org_changeCycle=0,cur_changeCycle=0,to_view=6271
info|2019-12-11 12:43:54.534328|[g:1][CONSENSUS][SEALER]++++++++++++++++ Generating seal on,blkNum=1,tx=0,nodeIdx=3,hash=90d5a089...
info|2019-12-11 12:43:54.539037|[g:1][CONSENSUS][PBFT]checkTimeout Succ,view=6271,toView=6272,nodeIdx=3,changeCycle=0,myNode=b17d5937...,timecost=0.43
info|2019-12-11 12:43:54.540322|[g:1][CONSENSUS][PBFT]checkAndChangeView: Reach consensus,org_view=6271,org_changeCycle=0,cur_changeCycle=0,to_view=6272
info|2019-12-11 12:43:55.541940|[g:1][CONSENSUS]addRawPrepare,height=1,reqIdx=0,hash=068c2b23...
info|2019-12-11 12:43:55.542825|[g:1][CONSENSUS][PBFT]checkTimeout Succ,view=6272,toView=6273,nodeIdx=3,changeCycle=0,myNode=b17d5937...,timecost=0.72
info|2019-12-11 12:43:55.545210|[g:1][CONSENSUS][PBFT]checkAndChangeView: Reach consensus,org_view=6272,org_changeCycle=0,cur_changeCycle=0,to_view=6273
info|2019-12-11 12:43:56.548757|[g:1][CONSENSUS]addRawPrepare,height=1,reqIdx=1,hash=bc2aaecf...
info|2019-12-11 12:43:56.549248|[g:1][CONSENSUS][PBFT]checkTimeout Succ,view=6273,toView=6274,nodeIdx=3,changeCycle=0,myNode=b17d5937...,timecost=0.369
info|2019-12-11 12:43:56.550911|[g:1][CONSENSUS][PBFT]checkAndChangeView: Reach consensus,org_view=6273,org_changeCycle=0,cur_changeCycle=0,to_view=6274
info|2019-12-11 12:43:57.554670|[g:1][CONSENSUS]addRawPrepare,height=1,reqIdx=2,hash=01df3661...
info|2019-12-11 12:43:57.555741|[g:1][CONSENSUS][PBFT]checkTimeout Succ,view=6274,toView=6275,nodeIdx=3,changeCycle=0,myNode=b17d5937...,timecost=0.676
info|2019-12-11 12:43:57.557953|[g:1][CONSENSUS][PBFT]checkAndChangeView: Reach consensus,org_view=6274,org_changeCycle=0,cur_changeCycle=0,to_view=6275
info|2019-12-11 12:43:58.557866|[g:1][CONSENSUS][SEALER]++++++++++++++++ Generating seal on,blkNum=1,tx=0,nodeIdx=3,hash=463afb41...
info|2019-12-11 12:43:58.558601|[g:1][CONSENSUS][PBFT]checkTimeout Succ,view=6275,toView=6276,nodeIdx=3,changeCycle=0,myNode=b17d5937...,timecost=0.386
info|2019-12-11 12:43:58.560967|[g:1][CONSENSUS][PBFT]checkAndChangeView: Reach consensus,org_view=6275,org_changeCycle=0,cur_changeCycle=0,to_view=6276
info|2019-12-11 12:44:12.009169|[P2P][Service] heartBeat,connected count=3
warning|2019-12-11 12:44:12.020478|[g:1][CONSENSUS][PBFT]ViewChangeWarning: not caused by omit empty block ,v=6276,toV=6277,curNum=0,hash=535430dd...,nodeIdx=3,myNode=b17d5937...
info|2019-12-11 12:44:12.023135|[g:1][CONSENSUS][PBFT]checkTimeout Succ,view=6276,toView=6277,nodeIdx=3,changeCycle=1,myNode=b17d5937...,timecost=13.902
info|2019-12-11 12:44:12.025777|[g:1][CONSENSUS][PBFT]checkAndChangeView: Reach consensus,org_view=6276,org_changeCycle=1,cur_changeCycle=1,to_view=6277
info|2019-12-11 12:44:13.030394|[g:1][CONSENSUS]addRawPrepare,height=1,reqIdx=1,hash=f08b46b2...
info|2019-12-11 12:44:13.030887|[g:1][CONSENSUS][PBFT]checkTimeout Succ,view=6277,toView=6278,nodeIdx=3,changeCycle=0,myNode=b17d5937...,timecost=0.391
info|2019-12-11 12:44:13.032065|[g:1][CONSENSUS][PBFT]checkAndChangeView: Reach consensus,org_view=6277,org_changeCycle=0,cur_changeCycle=0,to_view=6278
info|2019-12-11 12:44:14.034130|[g:1][CONSENSUS]addRawPrepare,height=1,reqIdx=2,hash=0f5f7360...
info|2019-12-11 12:44:14.034651|[g:1][CONSENSUS][PBFT]checkTimeout Succ,view=6278,toView=6279,nodeIdx=3,changeCycle=0,myNode=b17d5937...,timecost=0.373
info|2019-12-11 12:44:14.036712|[g:1][CONSENSUS][PBFT]checkAndChangeView: Reach consensus,org_view=6278,org_changeCycle=0,cur_changeCycle=0,to_view=6279
info|2019-12-11 12:44:15.036725|[g:1][CONSENSUS][SEALER]++++++++++++++++ Generating seal on,blkNum=1,tx=0,nodeIdx=3,hash=a8462cdb...
info|2019-12-11 12:44:15.037333|[g:1][CONSENSUS][PBFT]checkTimeout Succ,view=6279,toView=6280,nodeIdx=3,changeCycle=0,myNode=b17d5937...,timecost=0.283
info|2019-12-11 12:44:15.040164|[g:1][CONSENSUS][PBFT]checkAndChangeView: Reach consensus,org_view=6279,org_changeCycle=0,cur_changeCycle=0,to_view=6280
info|2019-12-11 12:44:16.040736|[g:1][CONSENSUS]addRawPrepare,height=1,reqIdx=0,hash=10f38846...
info|2019-12-11 12:44:16.041165|[g:1][CONSENSUS][PBFT]checkTimeout Succ,view=6280,toView=6281,nodeIdx=3,changeCycle=0,myNode=b17d5937...,timecost=0.327
info|2019-12-11 12:44:16.042689|[g:1][CONSENSUS][PBFT]checkAndChangeView: Reach consensus,org_view=6280,org_changeCycle=0,cur_changeCycle=0,to_view=6281
info|2019-12-11 12:44:17.044958|[g:1][CONSENSUS]addRawPrepare,height=1,reqIdx=1,hash=f560e78e...
info|2019-12-11 12:44:17.045380|[g:1][CONSENSUS][PBFT]checkTimeout Succ,view=6281,toView=6282,nodeIdx=3,changeCycle=0,myNode=b17d5937...,timecost=0.283
info|2019-12-11 12:44:17.047689|[g:1][CONSENSUS][PBFT]checkAndChangeView: Reach consensus,org_view=6281,org_changeCycle=0,cur_changeCycle=0,to_view=6282
info|2019-12-11 12:44:18.049788|[g:1][CONSENSUS]addRawPrepare,height=1,reqIdx=2,hash=e0354f62...
info|2019-12-11 12:44:18.051915|[g:1][CONSENSUS][PBFT]checkTimeout Succ,view=6282,toView=6283,nodeIdx=3,changeCycle=0,myNode=b17d5937...,timecost=1.947
info|2019-12-11 12:44:18.054576|[g:1][CONSENSUS][PBFT]checkAndChangeView: Reach consensus,org_view=6282,org_changeCycle=0,cur_changeCycle=0,to_view=6283
info|2019-12-11 12:44:19.054233|[g:1][CONSENSUS][SEALER]++++++++++++++++ Generating seal on,blkNum=1,tx=0,nodeIdx=3,hash=7d3cddbf...
info|2019-12-11 12:44:19.054849|[g:1][CONSENSUS][PBFT]checkTimeout Succ,view=6283,toView=6284,nodeIdx=3,changeCycle=0,myNode=b17d5937...,timecost=0.338
info|2019-12-11 12:44:19.059237|[g:1][CONSENSUS][PBFT]checkAndChangeView: Reach consensus,org_view=6283,org_changeCycle=0,cur_changeCycle=0,to_view=6284
info|2019-12-11 12:44:20.059499|[g:1][CONSENSUS]addRawPrepare,height=1,reqIdx=0,hash=b05231da...
info|2019-12-11 12:44:20.059917|[g:1][CONSENSUS][PBFT]checkTimeout Succ,view=6284,toView=6285,nodeIdx=3,changeCycle=0,myNode=b17d5937...,timecost=0.316
info|2019-12-11 12:44:20.063113|[g:1][CONSENSUS][PBFT]checkAndChangeView: Reach consensus,org_view=6284,org_changeCycle=0,cur_changeCycle=0,to_view=6285
info|2019-12-11 12:44:21.063954|[g:1][CONSENSUS]addRawPrepare,height=1,reqIdx=1,hash=e0ac756f...
info|2019-12-11 12:44:21.064354|[g:1][CONSENSUS][PBFT]checkTimeout Succ,view=6285,toView=6286,nodeIdx=3,changeCycle=0,myNode=b17d5937...,timecost=0.306
info|2019-12-11 12:44:21.065783|[g:1][CONSENSUS][PBFT]checkAndChangeView: Reach consensus,org_view=6285,org_changeCycle=0,cur_changeCycle=0,to_view=6286
info|2019-12-11 12:44:22.015447|[P2P][Service] heartBeat,connected count=3
info|2019-12-11 12:44:22.068432|[g:1][CONSENSUS]addRawPrepare,height=1,reqIdx=2,hash=159d9677...
info|2019-12-11 12:44:22.068866|[g:1][CONSENSUS][PBFT]checkTimeout Succ,view=6286,toView=6287,nodeIdx=3,changeCycle=0,myNode=b17d5937...,timecost=0.319
info|2019-12-11 12:44:22.070686|[g:1][CONSENSUS][PBFT]checkAndChangeView: Reach consensus,org_view=6286,org_changeCycle=0,cur_changeCycle=0,to_view=6287
info|2019-12-11 12:44:23.072293|[g:1][CONSENSUS][SEALER]++++++++++++++++ Generating seal on,blkNum=1,tx=0,nodeIdx=3,hash=8d7327bf...
info|2019-12-11 12:44:23.092516|[g:1][CONSENSUS][PBFT]checkTimeout Succ,view=6287,toView=6288,nodeIdx=3,changeCycle=0,myNode=b17d5937...,timecost=17.314
info|2019-12-11 12:44:23.125847|[g:1][CONSENSUS][PBFT]checkAndChangeView: Reach consensus,org_view=6287,org_changeCycle=0,cur_changeCycle=0,to_view=6288
info|2019-12-11 12:44:24.102364|[g:1][CONSENSUS]addRawPrepare,height=1,reqIdx=0,hash=404d5f41...
info|2019-12-11 12:44:24.105188|[g:1][CONSENSUS][PBFT]checkTimeout Succ,view=6288,toView=6289,nodeIdx=3,changeCycle=0,myNode=b17d5937...,timecost=2.113
info|2019-12-11 12:44:24.118498|[g:1][CONSENSUS][PBFT]checkAndChangeView: Reach consensus,org_view=6288,org_changeCycle=0,cur_changeCycle=0,to_view=6289
info|2019-12-11 12:44:25.122169|[g:1][CONSENSUS]addRawPrepare,height=1,reqIdx=1,hash=5cce22f7...
info|2019-12-11 12:44:25.127556|[g:1][CONSENSUS][PBFT]checkTimeout Succ,view=6289,toView=6290,nodeIdx=3,changeCycle=0,myNode=b17d5937...,timecost=4.845
info|2019-12-11 12:44:25.140481|[g:1][CONSENSUS][PBFT]checkAndChangeView: Reach consensus,org_view=6289,org_changeCycle=0,cur_changeCycle=0,to_view=6290
info|2019-12-11 12:44:26.144885|[g:1][CONSENSUS]addRawPrepare,height=1,reqIdx=2,hash=5fc432c5...
info|2019-12-11 12:44:26.149299|[g:1][CONSENSUS][PBFT]checkTimeout Succ,view=6290,toView=6291,nodeIdx=3,changeCycle=0,myNode=b17d5937...,timecost=3.666
info|2019-12-11 12:44:26.174679|[g:1][CONSENSUS][PBFT]checkAndChangeView: Reach consensus,org_view=6290,org_changeCycle=0,cur_changeCycle=0,to_view=6291
info|2019-12-11 12:44:27.175271|[g:1][CONSENSUS][SEALER]++++++++++++++++ Generating seal on,blkNum=1,tx=0,nodeIdx=3,hash=5ea88830...
info|2019-12-11 12:44:27.185505|[g:1][CONSENSUS][PBFT]checkTimeout Succ,view=6291,toView=6292,nodeIdx=3,changeCycle=0,myNode=b17d5937...,timecost=7.586
info|2019-12-11 12:44:27.200341|[g:1][CONSENSUS][PBFT]checkAndChangeView: Reach consensus,org_view=6291,org_changeCycle=0,cur_changeCycle=0,to_view=6292
info|2019-12-11 12:44:28.221639|[g:1][CONSENSUS]addRawPrepare,height=1,reqIdx=0,hash=d47f9be4...
info|2019-12-11 12:44:28.225195|[g:1][CONSENSUS][PBFT]checkTimeout Succ,view=6292,toView=6293,nodeIdx=3,changeCycle=0,myNode=b17d5937...,timecost=1.85
info|2019-12-11 12:44:28.235811|[g:1][CONSENSUS][PBFT]checkAndChangeView: Reach consensus,org_view=6292,org_changeCycle=0,cur_changeCycle=0,to_view=6293
info|2019-12-11 12:44:29.246956|[g:1][CONSENSUS]addRawPrepare,height=1,reqIdx=1,hash=f8f391f7...
info|2019-12-11 12:44:29.253316|[g:1][CONSENSUS][PBFT]checkTimeout Succ,view=6293,toView=6294,nodeIdx=3,changeCycle=0,myNode=b17d5937...,timecost=6.981
info|2019-12-11 12:44:29.269522|[g:1][CONSENSUS][PBFT]checkAndChangeView: Reach consensus,org_view=6293,org_changeCycle=0,cur_changeCycle=0,to_view=6294
info|2019-12-11 12:44:30.276682|[g:1][CONSENSUS]addRawPrepare,height=1,reqIdx=2,hash=e30dadc8...
info|2019-12-11 12:44:30.289057|[g:1][CONSENSUS][PBFT]checkTimeout Succ,view=6294,toView=6295,nodeIdx=3,changeCycle=0,myNode=b17d5937...,timecost=11.52
info|2019-12-11 12:44:30.295963|[g:1][CONSENSUS][PBFT]checkAndChangeView: Reach consensus,org_view=6294,org_changeCycle=0,cur_changeCycle=0,to_view=6295
info|2019-12-11 12:44:31.297583|[g:1][CONSENSUS][SEALER]++++++++++++++++ Generating seal on,blkNum=1,tx=0,nodeIdx=3,hash=8b97778f...
info|2019-12-11 12:44:31.302377|[g:1][CONSENSUS][PBFT]checkTimeout Succ,view=6295,toView=6296,nodeIdx=3,changeCycle=0,myNode=b17d5937...,timecost=2.093
info|2019-12-11 12:44:31.322279|[g:1][CONSENSUS][PBFT]checkAndChangeView: Reach consensus,org_view=6295,org_changeCycle=0,cur_changeCycle=0,to_view=6296
info|2019-12-11 12:44:32.016149|[P2P][Service] heartBeat,connected count=3
info|2019-12-11 12:44:32.325977|[g:1][CONSENSUS]addRawPrepare,height=1,reqIdx=0,hash=028b2eba...
info|2019-12-11 12:44:32.329642|[g:1][CONSENSUS][PBFT]checkTimeout Succ,view=6296,toView=6297,nodeIdx=3,changeCycle=0,myNode=b17d5937...,timecost=2.259
info|2019-12-11 12:44:32.347679|[g:1][CONSENSUS][PBFT]checkAndChangeView: Reach consensus,org_view=6296,org_changeCycle=0,cur_changeCycle=0,to_view=6297
info|2019-12-11 12:44:33.354432|[g:1][CONSENSUS]addRawPrepare,height=1,reqIdx=1,hash=7b3f4098...
info|2019-12-11 12:44:33.357152|[g:1][CONSENSUS][PBFT]checkTimeout Succ,view=6297,toView=6298,nodeIdx=3,changeCycle=0,myNode=b17d5937...,timecost=2.538
info|2019-12-11 12:44:33.360101|[g:1][CONSENSUS][PBFT]checkAndChangeView: Reach consensus,org_view=6297,org_changeCycle=0,cur_changeCycle=0,to_view=6298
info|2019-12-11 12:44:34.360988|[g:1][CONSENSUS]addRawPrepare,height=1,reqIdx=2,hash=c6f94dad...
info|2019-12-11 12:44:34.361881|[g:1][CONSENSUS][PBFT]checkTimeout Succ,view=6298,toView=6299,nodeIdx=3,changeCycle=0,myNode=b17d5937...,timecost=0.7
info|2019-12-11 12:44:34.364672|[g:1][CONSENSUS][PBFT]checkAndChangeView: Reach consensus,org_view=6298,org_changeCycle=0,cur_changeCycle=0,to_view=6299
info|2019-12-11 12:44:35.365394|[g:1][CONSENSUS][SEALER]++++++++++++++++ Generating seal on,blkNum=1,tx=0,nodeIdx=3,hash=9e106488...
info|2019-12-11 12:44:35.368098|[g:1][CONSENSUS][PBFT]checkTimeout Succ,view=6299,toView=6300,nodeIdx=3,changeCycle=0,myNode=b17d5937...,timecost=0.261
info|2019-12-11 12:44:35.368588|[g:1][CONSENSUS][PBFT]checkAndChangeView: Reach consensus,org_view=6299,org_changeCycle=0,cur_changeCycle=0,to_view=6300
info|2019-12-11 12:44:36.370434|[g:1][CONSENSUS]addRawPrepare,height=1,reqIdx=0,hash=c1f34e9b...
info|2019-12-11 12:44:36.371064|[g:1][CONSENSUS][PBFT]checkTimeout Succ,view=6300,toView=6301,nodeIdx=3,changeCycle=0,myNode=b17d5937...,timecost=0.415
info|2019-12-11 12:44:36.373581|[g:1][CONSENSUS][PBFT]checkAndChangeView: Reach consensus,org_view=6300,org_changeCycle=0,cur_changeCycle=0,to_view=6301
info|2019-12-11 12:44:37.373710|[g:1][CONSENSUS]addRawPrepare,height=1,reqIdx=1,hash=789e96f8...
info|2019-12-11 12:44:37.374763|[g:1][CONSENSUS][PBFT]checkTimeout Succ,view=6301,toView=6302,nodeIdx=3,changeCycle=0,myNode=b17d5937...,timecost=0.918
info|2019-12-11 12:44:37.376287|[g:1][CONSENSUS][PBFT]checkAndChangeView: Reach consensus,org_view=6301,org_changeCycle=0,cur_changeCycle=0,to_view=6302
info|2019-12-11 12:44:38.378487|[g:1][CONSENSUS]addRawPrepare,height=1,reqIdx=2,hash=abb6ed85...
info|2019-12-11 12:44:38.379213|[g:1][CONSENSUS][PBFT]checkTimeout Succ,view=6302,toView=6303,nodeIdx=3,changeCycle=0,myNode=b17d5937...,timecost=0.518
info|2019-12-11 12:44:38.381034|[g:1][CONSENSUS][PBFT]checkAndChangeView: Reach consensus,org_view=6302,org_changeCycle=0,cur_changeCycle=0,to_view=6303
info|2019-12-11 12:44:39.382518|[g:1][CONSENSUS][SEALER]++++++++++++++++ Generating seal on,blkNum=1,tx=0,nodeIdx=3,hash=a5744cb0...
info|2019-12-11 12:44:39.383443|[g:1][CONSENSUS][PBFT]checkTimeout Succ,view=6303,toView=6304,nodeIdx=3,changeCycle=0,myNode=b17d5937...,timecost=0.56
info|2019-12-11 12:44:39.386173|[g:1][CONSENSUS][PBFT]checkAndChangeView: Reach consensus,org_view=6303,org_changeCycle=0,cur_changeCycle=0,to_view=6304
info|2019-12-11 12:44:40.387735|[g:1][CONSENSUS]addRawPrepare,height=1,reqIdx=0,hash=1082f02f...
info|2019-12-11 12:44:40.388163|[g:1][CONSENSUS][PBFT]checkTimeout Succ,view=6304,toView=6305,nodeIdx=3,changeCycle=0,myNode=b17d5937...,timecost=0.323
info|2019-12-11 12:44:40.389418|[g:1][CONSENSUS][PBFT]checkAndChangeView: Reach consensus,org_view=6304,org_changeCycle=0,cur_changeCycle=0,to_view=6305
info|2019-12-11 12:44:41.392213|[g:1][CONSENSUS]addRawPrepare,height=1,reqIdx=1,hash=20d0b4bf...
info|2019-12-11 12:44:41.392706|[g:1][CONSENSUS][PBFT]checkTimeout Succ,view=6305,toView=6306,nodeIdx=3,changeCycle=0,myNode=b17d5937...,timecost=0.398
info|2019-12-11 12:44:41.393767|[g:1][CONSENSUS][PBFT]checkAndChangeView: Reach consensus,org_view=6305,org_changeCycle=0,cur_changeCycle=0,to_view=6306
info|2019-12-11 12:44:42.022564|[P2P][Service] heartBeat,connected count=3
info|2019-12-11 12:44:42.397251|[g:1][CONSENSUS]addRawPrepare,height=1,reqIdx=2,hash=47eefb3a...
info|2019-12-11 12:44:42.398197|[g:1][CONSENSUS][PBFT]checkTimeout Succ,view=6306,toView=6307,nodeIdx=3,changeCycle=0,myNode=b17d5937...,timecost=0.704
info|2019-12-11 12:44:42.401897|[g:1][CONSENSUS][PBFT]checkAndChangeView: Reach consensus,org_view=6306,org_changeCycle=0,cur_changeCycle=0,to_view=6307
info|2019-12-11 12:44:43.402264|[g:1][CONSENSUS][SEALER]++++++++++++++++ Generating seal on,blkNum=1,tx=0,nodeIdx=3,hash=5e4756ed...
info|2019-12-11 12:44:43.403223|[g:1][CONSENSUS][PBFT]checkTimeout Succ,view=6307,toView=6308,nodeIdx=3,changeCycle=0,myNode=b17d5937...,timecost=0.708
info|2019-12-11 12:44:43.405369|[g:1][CONSENSUS][PBFT]checkAndChangeView: Reach consensus,org_view=6307,org_changeCycle=0,cur_changeCycle=0,to_view=6308
info|2019-12-11 12:44:44.408164|[g:1][CONSENSUS]addRawPrepare,height=1,reqIdx=0,hash=0e71a473...
info|2019-12-11 12:44:44.409057|[g:1][CONSENSUS][PBFT]checkTimeout Succ,view=6308,toView=6309,nodeIdx=3,changeCycle=0,myNode=b17d5937...,timecost=0.673
info|2019-12-11 12:44:44.411938|[g:1][CONSENSUS][PBFT]checkAndChangeView: Reach consensus,org_view=6308,org_changeCycle=0,cur_changeCycle=0,to_view=6309
info|2019-12-11 12:44:45.414562|[g:1][CONSENSUS]addRawPrepare,height=1,reqIdx=1,hash=72e1938b...
info|2019-12-11 12:44:45.417195|[g:1][CONSENSUS][PBFT]checkTimeout Succ,view=6309,toView=6310,nodeIdx=3,changeCycle=0,myNode=b17d5937...,timecost=2.407
info|2019-12-11 12:44:45.418861|[g:1][CONSENSUS][PBFT]checkAndChangeView: Reach consensus,org_view=6309,org_changeCycle=0,cur_changeCycle=0,to_view=6310
info|2019-12-11 12:44:46.418395|[g:1][CONSENSUS]addRawPrepare,height=1,reqIdx=2,hash=2848faf1...
info|2019-12-11 12:44:46.418931|[g:1][CONSENSUS][PBFT]checkTimeout Succ,view=6310,toView=6311,nodeIdx=3,changeCycle=0,myNode=b17d5937...,timecost=0.401
info|2019-12-11 12:44:46.421774|[g:1][CONSENSUS][PBFT]checkAndChangeView: Reach consensus,org_view=6310,org_changeCycle=0,cur_changeCycle=0,to_view=6311
info|2019-12-11 12:44:47.421091|[g:1][CONSENSUS][SEALER]++++++++++++++++ Generating seal on,blkNum=1,tx=0,nodeIdx=3,hash=2e7b4193...
info|2019-12-11 12:44:47.425258|[g:1][CONSENSUS][PBFT]checkTimeout Succ,view=6311,toView=6312,nodeIdx=3,changeCycle=0,myNode=b17d5937...,timecost=0.26
info|2019-12-11 12:44:47.425663|[g:1][CONSENSUS][PBFT]checkAndChangeView: Reach consensus,org_view=6311,org_changeCycle=0,cur_changeCycle=0,to_view=6312
info|2019-12-11 12:44:48.426177|[g:1][CONSENSUS]addRawPrepare,height=1,reqIdx=0,hash=3fe907a4...
info|2019-12-11 12:44:48.427472|[g:1][CONSENSUS][PBFT]checkTimeout Succ,view=6312,toView=6313,nodeIdx=3,changeCycle=0,myNode=b17d5937...,timecost=0.351
info|2019-12-11 12:44:48.428946|[g:1][CONSENSUS][PBFT]checkAndChangeView: Reach consensus,org_view=6312,org_changeCycle=0,cur_changeCycle=0,to_view=6313
info|2019-12-11 12:44:49.431656|[g:1][CONSENSUS]addRawPrepare,height=1,reqIdx=1,hash=f611d129...
info|2019-12-11 12:44:49.432609|[g:1][CONSENSUS][PBFT]checkTimeout Succ,view=6313,toView=6314,nodeIdx=3,changeCycle=0,myNode=b17d5937...,timecost=0.734
info|2019-12-11 12:44:49.435708|[g:1][CONSENSUS][PBFT]checkAndChangeView: Reach consensus,org_view=6313,org_changeCycle=0,cur_changeCycle=0,to_view=6314
info|2019-12-11 12:44:50.437836|[g:1][CONSENSUS]addRawPrepare,height=1,reqIdx=2,hash=b840c2b0...
info|2019-12-11 12:44:50.438339|[g:1][CONSENSUS][PBFT]checkTimeout Succ,view=6314,toView=6315,nodeIdx=3,changeCycle=0,myNode=b17d5937...,timecost=0.384
info|2019-12-11 12:44:50.440225|[g:1][CONSENSUS][PBFT]checkAndChangeView: Reach consensus,org_view=6314,org_changeCycle=0,cur_changeCycle=0,to_view=6315
info|2019-12-11 12:44:51.441324|[g:1][CONSENSUS][SEALER]++++++++++++++++ Generating seal on,blkNum=1,tx=0,nodeIdx=3,hash=eba35842...
info|2019-12-11 12:44:51.444152|[g:1][CONSENSUS][PBFT]checkTimeout Succ,view=6315,toView=6316,nodeIdx=3,changeCycle=0,myNode=b17d5937...,timecost=0.419
info|2019-12-11 12:44:51.445315|[g:1][CONSENSUS][PBFT]checkAndChangeView: Reach consensus,org_view=6315,org_changeCycle=0,cur_changeCycle=0,to_view=6316
info|2019-12-11 12:44:52.023064|[P2P][Service] heartBeat,connected count=3
info|2019-12-11 12:44:52.446608|[g:1][CONSENSUS]addRawPrepare,height=1,reqIdx=0,hash=04fbb43f...
info|2019-12-11 12:44:52.446997|[g:1][CONSENSUS][PBFT]checkTimeout Succ,view=6316,toView=6317,nodeIdx=3,changeCycle=0,myNode=b17d5937...,timecost=0.279
info|2019-12-11 12:44:52.449477|[g:1][CONSENSUS][PBFT]checkAndChangeView: Reach consensus,org_view=6316,org_changeCycle=0,cur_changeCycle=0,to_view=6317
info|2019-12-11 12:44:53.450047|[g:1][CONSENSUS]addRawPrepare,height=1,reqIdx=1,hash=2f34d1b3...
info|2019-12-11 12:44:53.451157|[g:1][CONSENSUS][PBFT]checkTimeout Succ,view=6317,toView=6318,nodeIdx=3,changeCycle=0,myNode=b17d5937...,timecost=1.01
info|2019-12-11 12:44:53.452886|[g:1][CONSENSUS][PBFT]checkAndChangeView: Reach consensus,org_view=6317,org_changeCycle=0,cur_changeCycle=0,to_view=6318
warning|2019-12-11 12:50:26.006863|[g:1][CONSENSUS][PBFT]ViewChangeWarning: not caused by omit empty block ,v=6318,toV=6319,curNum=0,hash=535430dd...,nodeIdx=3,myNode=b17d5937...
info|2019-12-11 12:50:26.007038|[g:1][CONSENSUS][PBFT]checkTimeout Succ,view=6318,toView=6319,nodeIdx=3,changeCycle=1,myNode=b17d5937...,timecost=0.366
info|2019-12-11 12:50:26.012695|[P2P][Service] heartBeat,connected count=3
info|2019-12-11 12:50:26.024689|[g:1][CONSENSUS][PBFT]checkAndChangeView: Reach consensus,org_view=6318,org_changeCycle=1,cur_changeCycle=1,to_view=6319
info|2019-12-11 12:50:27.025342|[g:1][CONSENSUS][SEALER]++++++++++++++++ Generating seal on,blkNum=1,tx=0,nodeIdx=3,hash=7b42b61a...
info|2019-12-11 12:50:27.028493|[g:1][CONSENSUS][PBFT]checkTimeout Succ,view=6319,toView=6320,nodeIdx=3,changeCycle=0,myNode=b17d5937...,timecost=0.234
info|2019-12-11 12:50:27.029595|[g:1][CONSENSUS][PBFT]checkAndChangeView: Reach consensus,org_view=6319,org_changeCycle=0,cur_changeCycle=0,to_view=6320
info|2019-12-11 12:50:28.029994|[g:1][CONSENSUS]addRawPrepare,height=1,reqIdx=0,hash=afe6afb6...
info|2019-12-11 12:50:28.030847|[g:1][CONSENSUS][PBFT]checkTimeout Succ,view=6320,toView=6321,nodeIdx=3,changeCycle=0,myNode=b17d5937...,timecost=0.754
info|2019-12-11 12:50:28.031930|[g:1][CONSENSUS][PBFT]checkAndChangeView: Reach consensus,org_view=6320,org_changeCycle=0,cur_changeCycle=0,to_view=6321
info|2019-12-11 12:50:29.032182|[g:1][CONSENSUS]addRawPrepare,height=1,reqIdx=1,hash=b8bd4ff9...
info|2019-12-11 12:50:29.032687|[g:1][CONSENSUS][PBFT]checkTimeout Succ,view=6321,toView=6322,nodeIdx=3,changeCycle=0,myNode=b17d5937...,timecost=0.353
info|2019-12-11 12:50:29.034533|[g:1][CONSENSUS][PBFT]checkAndChangeView: Reach consensus,org_view=6321,org_changeCycle=0,cur_changeCycle=0,to_view=6322
info|2019-12-11 12:50:30.036366|[g:1][CONSENSUS]addRawPrepare,height=1,reqIdx=2,hash=7524fdc7...
info|2019-12-11 12:50:30.036820|[g:1][CONSENSUS][PBFT]checkTimeout Succ,view=6322,toView=6323,nodeIdx=3,changeCycle=0,myNode=b17d5937...,timecost=0.326
info|2019-12-11 12:50:30.038255|[g:1][CONSENSUS][PBFT]checkAndChangeView: Reach consensus,org_view=6322,org_changeCycle=0,cur_changeCycle=0,to_view=6323
info|2019-12-11 12:50:31.038265|[g:1][CONSENSUS][SEALER]++++++++++++++++ Generating seal on,blkNum=1,tx=0,nodeIdx=3,hash=7766deba...
info|2019-12-11 12:50:31.042470|[g:1][CONSENSUS][PBFT]checkTimeout Succ,view=6323,toView=6324,nodeIdx=3,changeCycle=0,myNode=b17d5937...,timecost=0.25
info|2019-12-11 12:50:31.042971|[g:1][CONSENSUS][PBFT]checkAndChangeView: Reach consensus,org_view=6323,org_changeCycle=0,cur_changeCycle=0,to_view=6324
info|2019-12-11 12:50:32.043304|[g:1][CONSENSUS]addRawPrepare,height=1,reqIdx=0,hash=637198d3...
info|2019-12-11 12:50:32.043761|[g:1][CONSENSUS][PBFT]checkTimeout Succ,view=6324,toView=6325,nodeIdx=3,changeCycle=0,myNode=b17d5937...,timecost=0.337
info|2019-12-11 12:50:32.045058|[g:1][CONSENSUS][PBFT]checkAndChangeView: Reach consensus,org_view=6324,org_changeCycle=0,cur_changeCycle=0,to_view=6325
info|2019-12-11 12:50:33.047110|[g:1][CONSENSUS]addRawPrepare,height=1,reqIdx=1,hash=13953410...
info|2019-12-11 12:50:33.047834|[g:1][CONSENSUS][PBFT]checkTimeout Succ,view=6325,toView=6326,nodeIdx=3,changeCycle=0,myNode=b17d5937...,timecost=0.579
info|2019-12-11 12:50:33.049536|[g:1][CONSENSUS][PBFT]checkAndChangeView: Reach consensus,org_view=6325,org_changeCycle=0,cur_changeCycle=0,to_view=6326
info|2019-12-11 12:50:34.050548|[g:1][CONSENSUS]addRawPrepare,height=1,reqIdx=2,hash=f1c1cefc...
info|2019-12-11 12:50:34.051676|[g:1][CONSENSUS][PBFT]checkTimeout Succ,view=6326,toView=6327,nodeIdx=3,changeCycle=0,myNode=b17d5937...,timecost=1.026
info|2019-12-11 12:50:34.052950|[g:1][CONSENSUS][PBFT]checkAndChangeView: Reach consensus,org_view=6326,org_changeCycle=0,cur_changeCycle=0,to_view=6327
info|2019-12-11 12:50:35.053367|[g:1][CONSENSUS][SEALER]++++++++++++++++ Generating seal on,blkNum=1,tx=0,nodeIdx=3,hash=7bc41242...
info|2019-12-11 12:50:35.055854|[g:1][CONSENSUS][PBFT]checkTimeout Succ,view=6327,toView=6328,nodeIdx=3,changeCycle=0,myNode=b17d5937...,timecost=0.283
info|2019-12-11 12:50:35.056398|[g:1][CONSENSUS][PBFT]checkAndChangeView: Reach consensus,org_view=6327,org_changeCycle=0,cur_changeCycle=0,to_view=6328
info|2019-12-11 12:50:36.019645|[P2P][Service] heartBeat,connected count=3
info|2019-12-11 12:50:36.057779|[g:1][CONSENSUS]addRawPrepare,height=1,reqIdx=0,hash=ce602167...
info|2019-12-11 12:50:36.058371|[g:1][CONSENSUS][PBFT]checkTimeout Succ,view=6328,toView=6329,nodeIdx=3,changeCycle=0,myNode=b17d5937...,timecost=0.436
info|2019-12-11 12:50:36.061603|[g:1][CONSENSUS][PBFT]checkAndChangeView: Reach consensus,org_view=6328,org_changeCycle=0,cur_changeCycle=0,to_view=6329
info|2019-12-11 12:50:37.067226|[g:1][CONSENSUS]addRawPrepare,height=1,reqIdx=1,hash=f6c9476d...
info|2019-12-11 12:50:37.074012|[g:1][CONSENSUS][PBFT]checkTimeout Succ,view=6329,toView=6330,nodeIdx=3,changeCycle=0,myNode=b17d5937...,timecost=6.082
info|2019-12-11 12:50:37.087605|[g:1][CONSENSUS][PBFT]checkAndChangeView: Reach consensus,org_view=6329,org_changeCycle=0,cur_changeCycle=0,to_view=6330
info|2019-12-11 12:50:38.112295|[g:1][CONSENSUS]addRawPrepare,height=1,reqIdx=2,hash=5c8a80d7...
info|2019-12-11 12:50:38.116208|[g:1][CONSENSUS][PBFT]checkTimeout Succ,view=6330,toView=6331,nodeIdx=3,changeCycle=0,myNode=b17d5937...,timecost=3.212
info|2019-12-11 12:50:38.128031|[g:1][CONSENSUS][PBFT]checkAndChangeView: Reach consensus,org_view=6330,org_changeCycle=0,cur_changeCycle=0,to_view=6331
info|2019-12-11 12:50:39.129883|[g:1][CONSENSUS][SEALER]++++++++++++++++ Generating seal on,blkNum=1,tx=0,nodeIdx=3,hash=ba351b6a...
info|2019-12-11 12:50:39.143830|[g:1][CONSENSUS][PBFT]checkTimeout Succ,view=6331,toView=6332,nodeIdx=3,changeCycle=0,myNode=b17d5937...,timecost=2.565
info|2019-12-11 12:50:39.151360|[g:1][CONSENSUS][PBFT]checkAndChangeView: Reach consensus,org_view=6331,org_changeCycle=0,cur_changeCycle=0,to_view=6332
info|2019-12-11 12:50:40.159229|[g:1][CONSENSUS]addRawPrepare,height=1,reqIdx=0,hash=9d1778c6...
info|2019-12-11 12:50:40.164541|[g:1][CONSENSUS][PBFT]checkTimeout Succ,view=6332,toView=6333,nodeIdx=3,changeCycle=0,myNode=b17d5937...,timecost=4.642
info|2019-12-11 12:50:40.174039|[g:1][CONSENSUS][PBFT]checkAndChangeView: Reach consensus,org_view=6332,org_changeCycle=0,cur_changeCycle=0,to_view=6333
info|2019-12-11 12:50:41.184657|[g:1][CONSENSUS]addRawPrepare,height=1,reqIdx=1,hash=bd0beacd...
info|2019-12-11 12:50:41.190269|[g:1][CONSENSUS][PBFT]checkTimeout Succ,view=6333,toView=6334,nodeIdx=3,changeCycle=0,myNode=b17d5937...,timecost=4.503
info|2019-12-11 12:50:41.201881|[g:1][CONSENSUS][PBFT]checkAndChangeView: Reach consensus,org_view=6333,org_changeCycle=0,cur_changeCycle=0,to_view=6334
info|2019-12-11 12:50:42.221480|[g:1][CONSENSUS]addRawPrepare,height=1,reqIdx=2,hash=e3e9e17d...
info|2019-12-11 12:50:42.224178|[g:1][CONSENSUS][PBFT]checkTimeout Succ,view=6334,toView=6335,nodeIdx=3,changeCycle=0,myNode=b17d5937...,timecost=2.204
info|2019-12-11 12:50:42.246849|[g:1][CONSENSUS][PBFT]checkAndChangeView: Reach consensus,org_view=6334,org_changeCycle=0,cur_changeCycle=0,to_view=6335
info|2019-12-11 12:50:43.247607|[g:1][CONSENSUS][SEALER]++++++++++++++++ Generating seal on,blkNum=1,tx=0,nodeIdx=3,hash=0758217c...
info|2019-12-11 12:50:43.275614|[g:1][CONSENSUS][PBFT]checkTimeout Succ,view=6335,toView=6336,nodeIdx=3,changeCycle=0,myNode=b17d5937...,timecost=16.002
info|2019-12-11 12:50:43.281337|[g:1][CONSENSUS][PBFT]checkAndChangeView: Reach consensus,org_view=6335,org_changeCycle=0,cur_changeCycle=0,to_view=6336
info|2019-12-11 12:50:44.278354|[g:1][CONSENSUS]addRawPrepare,height=1,reqIdx=0,hash=dc928a1c...
info|2019-12-11 12:50:44.281580|[g:1][CONSENSUS][PBFT]checkTimeout Succ,view=6336,toView=6337,nodeIdx=3,changeCycle=0,myNode=b17d5937...,timecost=2.511
info|2019-12-11 12:50:44.289561|[g:1][CONSENSUS][PBFT]checkAndChangeView: Reach consensus,org_view=6336,org_changeCycle=0,cur_changeCycle=0,to_view=6337
info|2019-12-11 12:50:45.306763|[g:1][CONSENSUS]addRawPrepare,height=1,reqIdx=1,hash=e51a3a68...
info|2019-12-11 12:50:45.315563|[g:1][CONSENSUS][PBFT]checkTimeout Succ,view=6337,toView=6338,nodeIdx=3,changeCycle=0,myNode=b17d5937...,timecost=8.099
info|2019-12-11 12:50:45.327753|[g:1][CONSENSUS][PBFT]checkAndChangeView: Reach consensus,org_view=6337,org_changeCycle=0,cur_changeCycle=0,to_view=6338
info|2019-12-11 12:50:46.024546|[P2P][Service] heartBeat,connected count=3
info|2019-12-11 12:50:46.341479|[g:1][CONSENSUS]addRawPrepare,height=1,reqIdx=2,hash=b754b154...
info|2019-12-11 12:50:46.344433|[g:1][CONSENSUS][PBFT]checkTimeout Succ,view=6338,toView=6339,nodeIdx=3,changeCycle=0,myNode=b17d5937...,timecost=2.144
info|2019-12-11 12:50:46.374942|[g:1][CONSENSUS][PBFT]checkAndChangeView: Reach consensus,org_view=6338,org_changeCycle=0,cur_changeCycle=0,to_view=6339
info|2019-12-11 12:50:47.376125|[g:1][CONSENSUS][SEALER]++++++++++++++++ Generating seal on,blkNum=1,tx=0,nodeIdx=3,hash=40f3521b...
info|2019-12-11 12:50:47.380626|[g:1][CONSENSUS][PBFT]checkTimeout Succ,view=6339,toView=6340,nodeIdx=3,changeCycle=0,myNode=b17d5937...,timecost=0.569
info|2019-12-11 12:50:47.382337|[g:1][CONSENSUS][PBFT]checkAndChangeView: Reach consensus,org_view=6339,org_changeCycle=0,cur_changeCycle=0,to_view=6340
info|2019-12-11 12:50:48.383311|[g:1][CONSENSUS]addRawPrepare,height=1,reqIdx=0,hash=ab8f2bdc...
info|2019-12-11 12:50:48.383670|[g:1][CONSENSUS][PBFT]checkTimeout Succ,view=6340,toView=6341,nodeIdx=3,changeCycle=0,myNode=b17d5937...,timecost=0.26
info|2019-12-11 12:50:48.384880|[g:1][CONSENSUS][PBFT]checkAndChangeView: Reach consensus,org_view=6340,org_changeCycle=0,cur_changeCycle=0,to_view=6341
info|2019-12-11 12:50:49.385609|[g:1][CONSENSUS]addRawPrepare,height=1,reqIdx=1,hash=59fae2b2...
info|2019-12-11 12:50:49.386512|[g:1][CONSENSUS][PBFT]checkTimeout Succ,view=6341,toView=6342,nodeIdx=3,changeCycle=0,myNode=b17d5937...,timecost=0.834
info|2019-12-11 12:50:49.388850|[g:1][CONSENSUS][PBFT]checkAndChangeView: Reach consensus,org_view=6341,org_changeCycle=0,cur_changeCycle=0,to_view=6342
info|2019-12-11 12:50:50.390026|[g:1][CONSENSUS]addRawPrepare,height=1,reqIdx=2,hash=ca7e043b...
info|2019-12-11 12:50:50.391112|[g:1][CONSENSUS][PBFT]checkTimeout Succ,view=6342,toView=6343,nodeIdx=3,changeCycle=0,myNode=b17d5937...,timecost=0.684
info|2019-12-11 12:50:50.393596|[g:1][CONSENSUS][PBFT]checkAndChangeView: Reach consensus,org_view=6342,org_changeCycle=0,cur_changeCycle=0,to_view=6343
info|2019-12-11 12:50:51.394845|[g:1][CONSENSUS][SEALER]++++++++++++++++ Generating seal on,blkNum=1,tx=0,nodeIdx=3,hash=3af950d6...
info|2019-12-11 12:50:51.399283|[g:1][CONSENSUS][PBFT]checkTimeout Succ,view=6343,toView=6344,nodeIdx=3,changeCycle=0,myNode=b17d5937...,timecost=0.558
info|2019-12-11 12:50:51.400753|[g:1][CONSENSUS][PBFT]checkAndChangeView: Reach consensus,org_view=6343,org_changeCycle=0,cur_changeCycle=0,to_view=6344
info|2019-12-11 12:50:52.401806|[g:1][CONSENSUS]addRawPrepare,height=1,reqIdx=0,hash=a19093df...
info|2019-12-11 12:50:52.402361|[g:1][CONSENSUS][PBFT]checkTimeout Succ,view=6344,toView=6345,nodeIdx=3,changeCycle=0,myNode=b17d5937...,timecost=0.419
info|2019-12-11 12:50:52.404587|[g:1][CONSENSUS][PBFT]checkAndChangeView: Reach consensus,org_view=6344,org_changeCycle=0,cur_changeCycle=0,to_view=6345
info|2019-12-11 12:50:53.407028|[g:1][CONSENSUS]addRawPrepare,height=1,reqIdx=1,hash=0babcb44...
info|2019-12-11 12:50:53.409485|[g:1][CONSENSUS][PBFT]checkTimeout Succ,view=6345,toView=6346,nodeIdx=3,changeCycle=0,myNode=b17d5937...,timecost=2.225
info|2019-12-11 12:50:53.411247|[g:1][CONSENSUS][PBFT]checkAndChangeView: Reach consensus,org_view=6345,org_changeCycle=0,cur_changeCycle=0,to_view=6346
info|2019-12-11 12:50:54.413584|[g:1][CONSENSUS]addRawPrepare,height=1,reqIdx=2,hash=4b2b0321...
info|2019-12-11 12:50:54.414465|[g:1][CONSENSUS][PBFT]checkTimeout Succ,view=6346,toView=6347,nodeIdx=3,changeCycle=0,myNode=b17d5937...,timecost=0.685
info|2019-12-11 12:50:54.418311|[g:1][CONSENSUS][PBFT]checkAndChangeView: Reach consensus,org_view=6346,org_changeCycle=0,cur_changeCycle=0,to_view=6347
info|2019-12-11 12:50:55.418589|[g:1][CONSENSUS][SEALER]++++++++++++++++ Generating seal on,blkNum=1,tx=0,nodeIdx=3,hash=5fbb4f3b...
info|2019-12-11 12:50:55.419813|[g:1][CONSENSUS][PBFT]checkTimeout Succ,view=6347,toView=6348,nodeIdx=3,changeCycle=0,myNode=b17d5937...,timecost=0.685
info|2019-12-11 12:50:55.424231|[g:1][CONSENSUS][PBFT]checkAndChangeView: Reach consensus,org_view=6347,org_changeCycle=0,cur_changeCycle=0,to_view=6348
info|2019-12-11 12:50:56.029020|[P2P][Service] heartBeat,connected count=3
info|2019-12-11 12:50:56.426900|[g:1][CONSENSUS]addRawPrepare,height=1,reqIdx=0,hash=97b5cbf9...
info|2019-12-11 12:50:56.431224|[g:1][CONSENSUS][PBFT]checkTimeout Succ,view=6348,toView=6349,nodeIdx=3,changeCycle=0,myNode=b17d5937...,timecost=4.094
info|2019-12-11 12:50:56.432178|[g:1][CONSENSUS][PBFT]checkAndChangeView: Reach consensus,org_view=6348,org_changeCycle=0,cur_changeCycle=0,to_view=6349
info|2019-12-11 12:50:57.431364|[g:1][CONSENSUS]addRawPrepare,height=1,reqIdx=1,hash=0bf3ba92...
info|2019-12-11 12:50:57.431765|[g:1][CONSENSUS][PBFT]checkTimeout Succ,view=6349,toView=6350,nodeIdx=3,changeCycle=0,myNode=b17d5937...,timecost=0.296
info|2019-12-11 12:50:57.433234|[g:1][CONSENSUS][PBFT]checkAndChangeView: Reach consensus,org_view=6349,org_changeCycle=0,cur_changeCycle=0,to_view=6350
info|2019-12-11 12:50:58.435680|[g:1][CONSENSUS]addRawPrepare,height=1,reqIdx=2,hash=cead6968...
info|2019-12-11 12:50:58.436553|[g:1][CONSENSUS][PBFT]checkTimeout Succ,view=6350,toView=6351,nodeIdx=3,changeCycle=0,myNode=b17d5937...,timecost=0.688
info|2019-12-11 12:50:58.440062|[g:1][CONSENSUS][PBFT]checkAndChangeView: Reach consensus,org_view=6350,org_changeCycle=0,cur_changeCycle=0,to_view=6351
info|2019-12-11 12:50:59.441291|[g:1][CONSENSUS][SEALER]++++++++++++++++ Generating seal on,blkNum=1,tx=0,nodeIdx=3,hash=eba50030...
info|2019-12-11 12:50:59.445728|[g:1][CONSENSUS][PBFT]checkTimeout Succ,view=6351,toView=6352,nodeIdx=3,changeCycle=0,myNode=b17d5937...,timecost=0.834
info|2019-12-11 12:50:59.447227|[g:1][CONSENSUS][PBFT]checkAndChangeView: Reach consensus,org_view=6351,org_changeCycle=0,cur_changeCycle=0,to_view=6352
info|2019-12-11 12:51:00.448802|[g:1][CONSENSUS]addRawPrepare,height=1,reqIdx=0,hash=698ee73a...
info|2019-12-11 12:51:00.449709|[g:1][CONSENSUS][PBFT]checkTimeout Succ,view=6352,toView=6353,nodeIdx=3,changeCycle=0,myNode=b17d5937...,timecost=0.687
info|2019-12-11 12:51:00.451433|[g:1][CONSENSUS][PBFT]checkAndChangeView: Reach consensus,org_view=6352,org_changeCycle=0,cur_changeCycle=0,to_view=6353
info|2019-12-11 12:51:01.452749|[g:1][CONSENSUS]addRawPrepare,height=1,reqIdx=1,hash=0019b384...
info|2019-12-11 12:51:01.453095|[g:1][CONSENSUS][PBFT]checkTimeout Succ,view=6353,toView=6354,nodeIdx=3,changeCycle=0,myNode=b17d5937...,timecost=0.215
info|2019-12-11 12:51:01.454811|[g:1][CONSENSUS][PBFT]checkAndChangeView: Reach consensus,org_view=6353,org_changeCycle=0,cur_changeCycle=0,to_view=6354
info|2019-12-11 12:51:02.460441|[g:1][CONSENSUS]addRawPrepare,height=1,reqIdx=2,hash=ed226778...
info|2019-12-11 12:51:02.461766|[g:1][CONSENSUS][PBFT]checkTimeout Succ,view=6354,toView=6355,nodeIdx=3,changeCycle=0,myNode=b17d5937...,timecost=1.009
info|2019-12-11 12:51:02.465498|[g:1][CONSENSUS][PBFT]checkAndChangeView: Reach consensus,org_view=6354,org_changeCycle=0,cur_changeCycle=0,to_view=6355
info|2019-12-11 12:51:03.465248|[g:1][CONSENSUS][SEALER]++++++++++++++++ Generating seal on,blkNum=1,tx=0,nodeIdx=3,hash=0ff52f18...
info|2019-12-11 12:51:03.465959|[g:1][CONSENSUS][PBFT]checkTimeout Succ,view=6355,toView=6356,nodeIdx=3,changeCycle=0,myNode=b17d5937...,timecost=0.356
info|2019-12-11 12:51:03.468944|[g:1][CONSENSUS][PBFT]checkAndChangeView: Reach consensus,org_view=6355,org_changeCycle=0,cur_changeCycle=0,to_view=6356
