warning|2019-12-11 21:59:00.031759|[g:1][CONSENSUS][PBFT]ViewChangeWarning: not caused by omit empty block ,v=4215,toV=4216,curNum=6,hash=7ce3abdb...,nodeIdx=3,myNode=b17d5937...
info|2019-12-11 21:59:00.037442|[g:1][CONSENSUS][PBFT]checkTimeout Succ,view=4215,toView=4216,nodeIdx=3,changeCycle=1,myNode=b17d5937...,timecost=11.54
info|2019-12-11 21:59:00.037568|[P2P][Service] heartBeat,connected count=3
info|2019-12-11 21:59:00.039558|[g:1][CONSENSUS][PBFT]checkAndChangeView: Reach consensus,org_view=4215,org_changeCycle=1,cur_changeCycle=1,to_view=4216
info|2019-12-11 21:59:01.041629|[g:1][CONSENSUS]addRawPrepare,height=7,reqIdx=2,hash=80c65d33...
info|2019-12-11 21:59:01.042056|[g:1][CONSENSUS][PBFT]checkTimeout Succ,view=4216,toView=4217,nodeIdx=3,changeCycle=0,myNode=b17d5937...,timecost=0.329
info|2019-12-11 21:59:01.043409|[g:1][CONSENSUS][PBFT]checkAndChangeView: Reach consensus,org_view=4216,org_changeCycle=0,cur_changeCycle=0,to_view=4217
info|2019-12-11 21:59:02.044012|[g:1][CONSENSUS][SEALER]++++++++++++++++ Generating seal on,blkNum=7,tx=0,nodeIdx=3,hash=8ffec749...
info|2019-12-11 21:59:02.044753|[g:1][CONSENSUS][PBFT]checkTimeout Succ,view=4217,toView=4218,nodeIdx=3,changeCycle=0,myNode=b17d5937...,timecost=0.347
info|2019-12-11 21:59:02.047542|[g:1][CONSENSUS][PBFT]checkAndChangeView: Reach consensus,org_view=4217,org_changeCycle=0,cur_changeCycle=0,to_view=4218
info|2019-12-11 21:59:03.049264|[g:1][CONSENSUS]addRawPrepare,height=7,reqIdx=0,hash=3d9a9d40...
info|2019-12-11 21:59:03.050509|[g:1][CONSENSUS][PBFT]checkTimeout Succ,view=4218,toView=4219,nodeIdx=3,changeCycle=0,myNode=b17d5937...,timecost=0.312
info|2019-12-11 21:59:03.053359|[g:1][CONSENSUS][PBFT]checkAndChangeView: Reach consensus,org_view=4218,org_changeCycle=0,cur_changeCycle=0,to_view=4219
info|2019-12-11 21:59:04.054270|[g:1][CONSENSUS]addRawPrepare,height=7,reqIdx=1,hash=ba1a59df...
info|2019-12-11 21:59:04.054627|[g:1][CONSENSUS][PBFT]checkTimeout Succ,view=4219,toView=4220,nodeIdx=3,changeCycle=0,myNode=b17d5937...,timecost=0.286
info|2019-12-11 21:59:04.056507|[g:1][CONSENSUS][PBFT]checkAndChangeView: Reach consensus,org_view=4219,org_changeCycle=0,cur_changeCycle=0,to_view=4220
info|2019-12-11 21:59:05.058961|[g:1][CONSENSUS]addRawPrepare,height=7,reqIdx=2,hash=54276e07...
info|2019-12-11 21:59:05.062282|[g:1][CONSENSUS][PBFT]checkTimeout Succ,view=4220,toView=4221,nodeIdx=3,changeCycle=0,myNode=b17d5937...,timecost=2.014
info|2019-12-11 21:59:05.063185|[g:1][CONSENSUS][PBFT]checkAndChangeView: Reach consensus,org_view=4220,org_changeCycle=0,cur_changeCycle=0,to_view=4221
info|2019-12-11 21:59:06.063282|[g:1][CONSENSUS][SEALER]++++++++++++++++ Generating seal on,blkNum=7,tx=0,nodeIdx=3,hash=5a7ff030...
info|2019-12-11 21:59:06.065668|[g:1][CONSENSUS][PBFT]checkTimeout Succ,view=4221,toView=4222,nodeIdx=3,changeCycle=0,myNode=b17d5937...,timecost=0.308
info|2019-12-11 21:59:06.066567|[g:1][CONSENSUS][PBFT]checkAndChangeView: Reach consensus,org_view=4221,org_changeCycle=0,cur_changeCycle=0,to_view=4222
info|2019-12-11 21:59:07.066929|[g:1][CONSENSUS]addRawPrepare,height=7,reqIdx=0,hash=db5ae494...
info|2019-12-11 21:59:07.068231|[g:1][CONSENSUS][PBFT]checkTimeout Succ,view=4222,toView=4223,nodeIdx=3,changeCycle=0,myNode=b17d5937...,timecost=0.915
info|2019-12-11 21:59:07.069188|[g:1][CONSENSUS][PBFT]checkAndChangeView: Reach consensus,org_view=4222,org_changeCycle=0,cur_changeCycle=0,to_view=4223
info|2019-12-11 21:59:08.072014|[g:1][CONSENSUS]addRawPrepare,height=7,reqIdx=1,hash=4c1574c2...
info|2019-12-11 21:59:08.072975|[g:1][CONSENSUS][PBFT]checkTimeout Succ,view=4223,toView=4224,nodeIdx=3,changeCycle=0,myNode=b17d5937...,timecost=0.762
info|2019-12-11 21:59:08.076370|[g:1][CONSENSUS][PBFT]checkAndChangeView: Reach consensus,org_view=4223,org_changeCycle=0,cur_changeCycle=0,to_view=4224
info|2019-12-11 21:59:09.078398|[g:1][CONSENSUS]addRawPrepare,height=7,reqIdx=2,hash=0d20a83b...
info|2019-12-11 21:59:09.080551|[g:1][CONSENSUS][PBFT]checkTimeout Succ,view=4224,toView=4225,nodeIdx=3,changeCycle=0,myNode=b17d5937...,timecost=1.931
info|2019-12-11 21:59:09.083059|[g:1][CONSENSUS][PBFT]checkAndChangeView: Reach consensus,org_view=4224,org_changeCycle=0,cur_changeCycle=0,to_view=4225
info|2019-12-11 21:59:10.037744|[P2P][Service] heartBeat,connected count=3
info|2019-12-11 21:59:10.083575|[g:1][CONSENSUS][SEALER]++++++++++++++++ Generating seal on,blkNum=7,tx=0,nodeIdx=3,hash=b15a55a1...
info|2019-12-11 21:59:10.088371|[g:1][CONSENSUS][PBFT]checkTimeout Succ,view=4225,toView=4226,nodeIdx=3,changeCycle=0,myNode=b17d5937...,timecost=0.823
info|2019-12-11 21:59:10.091042|[g:1][CONSENSUS][PBFT]checkAndChangeView: Reach consensus,org_view=4225,org_changeCycle=0,cur_changeCycle=0,to_view=4226
info|2019-12-11 21:59:11.092818|[g:1][CONSENSUS]addRawPrepare,height=7,reqIdx=0,hash=e4ba4869...
info|2019-12-11 21:59:11.093868|[g:1][CONSENSUS][PBFT]checkTimeout Succ,view=4226,toView=4227,nodeIdx=3,changeCycle=0,myNode=b17d5937...,timecost=0.753
info|2019-12-11 21:59:11.096468|[g:1][CONSENSUS][PBFT]checkAndChangeView: Reach consensus,org_view=4226,org_changeCycle=0,cur_changeCycle=0,to_view=4227
info|2019-12-11 21:59:12.110362|[g:1][CONSENSUS]addRawPrepare,height=7,reqIdx=1,hash=8852a7dc...
info|2019-12-11 21:59:12.117972|[g:1][CONSENSUS][PBFT]checkTimeout Succ,view=4227,toView=4228,nodeIdx=3,changeCycle=0,myNode=b17d5937...,timecost=5.99
info|2019-12-11 21:59:12.131936|[g:1][CONSENSUS][PBFT]checkAndChangeView: Reach consensus,org_view=4227,org_changeCycle=0,cur_changeCycle=0,to_view=4228
info|2019-12-11 21:59:13.249167|[g:1][CONSENSUS]addRawPrepare,height=7,reqIdx=2,hash=2168c797...
info|2019-12-11 21:59:13.252551|[g:1][CONSENSUS][PBFT]checkTimeout Succ,view=4228,toView=4229,nodeIdx=3,changeCycle=0,myNode=b17d5937...,timecost=2.672
info|2019-12-11 21:59:13.261643|[g:1][CONSENSUS][PBFT]checkAndChangeView: Reach consensus,org_view=4228,org_changeCycle=0,cur_changeCycle=0,to_view=4229
info|2019-12-11 21:59:14.261944|[g:1][CONSENSUS][SEALER]++++++++++++++++ Generating seal on,blkNum=7,tx=0,nodeIdx=3,hash=0a0b122c...
info|2019-12-11 21:59:14.274851|[g:1][CONSENSUS][PBFT]checkTimeout Succ,view=4229,toView=4230,nodeIdx=3,changeCycle=0,myNode=b17d5937...,timecost=2.03
info|2019-12-11 21:59:14.284553|[g:1][CONSENSUS][PBFT]checkAndChangeView: Reach consensus,org_view=4229,org_changeCycle=0,cur_changeCycle=0,to_view=4230
info|2019-12-11 21:59:15.291322|[g:1][CONSENSUS]addRawPrepare,height=7,reqIdx=0,hash=1d64e47d...
info|2019-12-11 21:59:15.294395|[g:1][CONSENSUS][PBFT]checkTimeout Succ,view=4230,toView=4231,nodeIdx=3,changeCycle=0,myNode=b17d5937...,timecost=2.37
info|2019-12-11 21:59:15.304769|[g:1][CONSENSUS][PBFT]checkAndChangeView: Reach consensus,org_view=4230,org_changeCycle=0,cur_changeCycle=0,to_view=4231
info|2019-12-11 21:59:16.311125|[g:1][CONSENSUS]addRawPrepare,height=7,reqIdx=1,hash=6d273251...
info|2019-12-11 21:59:16.314267|[g:1][CONSENSUS][PBFT]checkTimeout Succ,view=4231,toView=4232,nodeIdx=3,changeCycle=0,myNode=b17d5937...,timecost=2.402
info|2019-12-11 21:59:16.322850|[g:1][CONSENSUS][PBFT]checkAndChangeView: Reach consensus,org_view=4231,org_changeCycle=0,cur_changeCycle=0,to_view=4232
info|2019-12-11 21:59:17.331872|[g:1][CONSENSUS]addRawPrepare,height=7,reqIdx=2,hash=444cda14...
info|2019-12-11 21:59:17.350777|[g:1][CONSENSUS][PBFT]checkTimeout Succ,view=4232,toView=4233,nodeIdx=3,changeCycle=0,myNode=b17d5937...,timecost=18.166
info|2019-12-11 21:59:17.358132|[g:1][CONSENSUS][PBFT]checkAndChangeView: Reach consensus,org_view=4232,org_changeCycle=0,cur_changeCycle=0,to_view=4233
info|2019-12-11 21:59:18.360181|[g:1][CONSENSUS][SEALER]++++++++++++++++ Generating seal on,blkNum=7,tx=0,nodeIdx=3,hash=83642b7d...
info|2019-12-11 21:59:18.366127|[g:1][CONSENSUS][PBFT]checkTimeout Succ,view=4233,toView=4234,nodeIdx=3,changeCycle=0,myNode=b17d5937...,timecost=2.89
info|2019-12-11 21:59:18.388941|[g:1][CONSENSUS][PBFT]checkAndChangeView: Reach consensus,org_view=4233,org_changeCycle=0,cur_changeCycle=0,to_view=4234
info|2019-12-11 21:59:19.393529|[g:1][CONSENSUS]addRawPrepare,height=7,reqIdx=0,hash=74d923b0...
info|2019-12-11 21:59:19.397080|[g:1][CONSENSUS][PBFT]checkTimeout Succ,view=4234,toView=4235,nodeIdx=3,changeCycle=0,myNode=b17d5937...,timecost=2.646
info|2019-12-11 21:59:19.413665|[g:1][CONSENSUS][PBFT]checkAndChangeView: Reach consensus,org_view=4234,org_changeCycle=0,cur_changeCycle=0,to_view=4235
info|2019-12-11 21:59:20.038225|[P2P][Service] heartBeat,connected count=3
info|2019-12-11 21:59:20.417119|[g:1][CONSENSUS]addRawPrepare,height=7,reqIdx=1,hash=b766513d...
info|2019-12-11 21:59:20.420561|[g:1][CONSENSUS][PBFT]checkTimeout Succ,view=4235,toView=4236,nodeIdx=3,changeCycle=0,myNode=b17d5937...,timecost=2.746
info|2019-12-11 21:59:20.432395|[g:1][CONSENSUS][PBFT]checkAndChangeView: Reach consensus,org_view=4235,org_changeCycle=0,cur_changeCycle=0,to_view=4236
info|2019-12-11 21:59:21.436078|[g:1][CONSENSUS]addRawPrepare,height=7,reqIdx=2,hash=1f8fc5eb...
info|2019-12-11 21:59:21.437140|[g:1][CONSENSUS][PBFT]checkTimeout Succ,view=4236,toView=4237,nodeIdx=3,changeCycle=0,myNode=b17d5937...,timecost=0.874
info|2019-12-11 21:59:21.439796|[g:1][CONSENSUS][PBFT]checkAndChangeView: Reach consensus,org_view=4236,org_changeCycle=0,cur_changeCycle=0,to_view=4237
info|2019-12-11 21:59:22.440420|[g:1][CONSENSUS][SEALER]++++++++++++++++ Generating seal on,blkNum=7,tx=0,nodeIdx=3,hash=44aca244...
info|2019-12-11 21:59:22.444032|[g:1][CONSENSUS][PBFT]checkTimeout Succ,view=4237,toView=4238,nodeIdx=3,changeCycle=0,myNode=b17d5937...,timecost=0.387
info|2019-12-11 21:59:22.444600|[g:1][CONSENSUS][PBFT]checkAndChangeView: Reach consensus,org_view=4237,org_changeCycle=0,cur_changeCycle=0,to_view=4238
info|2019-12-11 21:59:23.447650|[g:1][CONSENSUS]addRawPrepare,height=7,reqIdx=0,hash=bd022892...
info|2019-12-11 21:59:23.448811|[g:1][CONSENSUS][PBFT]checkTimeout Succ,view=4238,toView=4239,nodeIdx=3,changeCycle=0,myNode=b17d5937...,timecost=0.729
info|2019-12-11 21:59:23.452107|[g:1][CONSENSUS][PBFT]checkAndChangeView: Reach consensus,org_view=4238,org_changeCycle=0,cur_changeCycle=0,to_view=4239
info|2019-12-11 21:59:24.455265|[g:1][CONSENSUS]addRawPrepare,height=7,reqIdx=1,hash=646fc5d2...
info|2019-12-11 21:59:24.456800|[g:1][CONSENSUS][PBFT]checkTimeout Succ,view=4239,toView=4240,nodeIdx=3,changeCycle=0,myNode=b17d5937...,timecost=1.276
info|2019-12-11 21:59:24.458521|[g:1][CONSENSUS][PBFT]checkAndChangeView: Reach consensus,org_view=4239,org_changeCycle=0,cur_changeCycle=0,to_view=4240
info|2019-12-11 21:59:25.459944|[g:1][CONSENSUS]addRawPrepare,height=7,reqIdx=2,hash=b2735698...
info|2019-12-11 21:59:25.460855|[g:1][CONSENSUS][PBFT]checkTimeout Succ,view=4240,toView=4241,nodeIdx=3,changeCycle=0,myNode=b17d5937...,timecost=0.646
info|2019-12-11 21:59:25.462673|[g:1][CONSENSUS][PBFT]checkAndChangeView: Reach consensus,org_view=4240,org_changeCycle=0,cur_changeCycle=0,to_view=4241
info|2019-12-11 21:59:26.463173|[g:1][CONSENSUS][SEALER]++++++++++++++++ Generating seal on,blkNum=7,tx=0,nodeIdx=3,hash=6cf8794d...
info|2019-12-11 21:59:26.464487|[g:1][CONSENSUS][PBFT]checkTimeout Succ,view=4241,toView=4242,nodeIdx=3,changeCycle=0,myNode=b17d5937...,timecost=0.722
info|2019-12-11 21:59:26.468800|[g:1][CONSENSUS][PBFT]checkAndChangeView: Reach consensus,org_view=4241,org_changeCycle=0,cur_changeCycle=0,to_view=4242
info|2019-12-11 21:59:27.472091|[g:1][CONSENSUS]addRawPrepare,height=7,reqIdx=0,hash=4d1628aa...
info|2019-12-11 21:59:27.473275|[g:1][CONSENSUS][PBFT]checkTimeout Succ,view=4242,toView=4243,nodeIdx=3,changeCycle=0,myNode=b17d5937...,timecost=0.94
info|2019-12-11 21:59:27.476338|[g:1][CONSENSUS][PBFT]checkAndChangeView: Reach consensus,org_view=4242,org_changeCycle=0,cur_changeCycle=0,to_view=4243
info|2019-12-11 21:59:28.479130|[g:1][CONSENSUS]addRawPrepare,height=7,reqIdx=1,hash=9d6a2587...
info|2019-12-11 21:59:28.482314|[g:1][CONSENSUS][PBFT]checkTimeout Succ,view=4243,toView=4244,nodeIdx=3,changeCycle=0,myNode=b17d5937...,timecost=2.956
info|2019-12-11 21:59:28.483943|[g:1][CONSENSUS][PBFT]checkAndChangeView: Reach consensus,org_view=4243,org_changeCycle=0,cur_changeCycle=0,to_view=4244
info|2019-12-11 21:59:29.484570|[g:1][CONSENSUS]addRawPrepare,height=7,reqIdx=2,hash=948cb0fd...
info|2019-12-11 21:59:29.485418|[g:1][CONSENSUS][PBFT]checkTimeout Succ,view=4244,toView=4245,nodeIdx=3,changeCycle=0,myNode=b17d5937...,timecost=0.628
info|2019-12-11 21:59:29.488066|[g:1][CONSENSUS][PBFT]checkAndChangeView: Reach consensus,org_view=4244,org_changeCycle=0,cur_changeCycle=0,to_view=4245
info|2019-12-11 21:59:30.046941|[P2P][Service] heartBeat,connected count=3
info|2019-12-11 21:59:30.488633|[g:1][CONSENSUS][SEALER]++++++++++++++++ Generating seal on,blkNum=7,tx=0,nodeIdx=3,hash=d4b4ef1f...
info|2019-12-11 21:59:30.492964|[g:1][CONSENSUS][PBFT]checkTimeout Succ,view=4245,toView=4246,nodeIdx=3,changeCycle=0,myNode=b17d5937...,timecost=0.707
info|2019-12-11 21:59:30.494640|[g:1][CONSENSUS][PBFT]checkAndChangeView: Reach consensus,org_view=4245,org_changeCycle=0,cur_changeCycle=0,to_view=4246
info|2019-12-11 21:59:31.497763|[g:1][CONSENSUS]addRawPrepare,height=7,reqIdx=0,hash=65c3a3fa...
info|2019-12-11 21:59:31.499220|[g:1][CONSENSUS][PBFT]checkTimeout Succ,view=4246,toView=4247,nodeIdx=3,changeCycle=0,myNode=b17d5937...,timecost=1.235
info|2019-12-11 21:59:31.501292|[g:1][CONSENSUS][PBFT]checkAndChangeView: Reach consensus,org_view=4246,org_changeCycle=0,cur_changeCycle=0,to_view=4247
info|2019-12-11 21:59:32.503010|[g:1][CONSENSUS]addRawPrepare,height=7,reqIdx=1,hash=f145e587...
info|2019-12-11 21:59:32.505404|[g:1][CONSENSUS][PBFT]checkTimeout Succ,view=4247,toView=4248,nodeIdx=3,changeCycle=0,myNode=b17d5937...,timecost=2.161
info|2019-12-11 21:59:32.506984|[g:1][CONSENSUS][PBFT]checkAndChangeView: Reach consensus,org_view=4247,org_changeCycle=0,cur_changeCycle=0,to_view=4248
info|2019-12-11 21:59:33.510066|[g:1][CONSENSUS]addRawPrepare,height=7,reqIdx=2,hash=902b942f...
info|2019-12-11 21:59:33.511128|[g:1][CONSENSUS][PBFT]checkTimeout Succ,view=4248,toView=4249,nodeIdx=3,changeCycle=0,myNode=b17d5937...,timecost=0.68
info|2019-12-11 21:59:33.514845|[g:1][CONSENSUS][PBFT]checkAndChangeView: Reach consensus,org_view=4248,org_changeCycle=0,cur_changeCycle=0,to_view=4249
info|2019-12-11 21:59:34.515663|[g:1][CONSENSUS][SEALER]++++++++++++++++ Generating seal on,blkNum=7,tx=0,nodeIdx=3,hash=20a1d8b2...
info|2019-12-11 21:59:34.517104|[g:1][CONSENSUS][PBFT]checkTimeout Succ,view=4249,toView=4250,nodeIdx=3,changeCycle=0,myNode=b17d5937...,timecost=0.847
info|2019-12-11 21:59:34.521692|[g:1][CONSENSUS][PBFT]checkAndChangeView: Reach consensus,org_view=4249,org_changeCycle=0,cur_changeCycle=0,to_view=4250
info|2019-12-11 21:59:35.524432|[g:1][CONSENSUS]addRawPrepare,height=7,reqIdx=0,hash=f8ffe330...
info|2019-12-11 21:59:35.525994|[g:1][CONSENSUS][PBFT]checkTimeout Succ,view=4250,toView=4251,nodeIdx=3,changeCycle=0,myNode=b17d5937...,timecost=1.169
info|2019-12-11 21:59:35.527798|[g:1][CONSENSUS][PBFT]checkAndChangeView: Reach consensus,org_view=4250,org_changeCycle=0,cur_changeCycle=0,to_view=4251
info|2019-12-11 21:59:36.531641|[g:1][CONSENSUS]addRawPrepare,height=7,reqIdx=1,hash=d09543e2...
info|2019-12-11 21:59:36.532513|[g:1][CONSENSUS][PBFT]checkTimeout Succ,view=4251,toView=4252,nodeIdx=3,changeCycle=0,myNode=b17d5937...,timecost=0.649
info|2019-12-11 21:59:36.535309|[g:1][CONSENSUS][PBFT]checkAndChangeView: Reach consensus,org_view=4251,org_changeCycle=0,cur_changeCycle=0,to_view=4252
info|2019-12-11 21:59:37.537889|[g:1][CONSENSUS]addRawPrepare,height=7,reqIdx=2,hash=dd317f36...
info|2019-12-11 21:59:37.539710|[g:1][CONSENSUS][PBFT]checkTimeout Succ,view=4252,toView=4253,nodeIdx=3,changeCycle=0,myNode=b17d5937...,timecost=1.446
info|2019-12-11 21:59:37.541917|[g:1][CONSENSUS][PBFT]checkAndChangeView: Reach consensus,org_view=4252,org_changeCycle=0,cur_changeCycle=0,to_view=4253
info|2019-12-11 21:59:38.542616|[g:1][CONSENSUS][SEALER]++++++++++++++++ Generating seal on,blkNum=7,tx=0,nodeIdx=3,hash=e48e8f7a...
info|2019-12-11 21:59:38.543988|[g:1][CONSENSUS][PBFT]checkTimeout Succ,view=4253,toView=4254,nodeIdx=3,changeCycle=0,myNode=b17d5937...,timecost=0.813
info|2019-12-11 21:59:38.549562|[g:1][CONSENSUS][PBFT]checkAndChangeView: Reach consensus,org_view=4253,org_changeCycle=0,cur_changeCycle=0,to_view=4254
info|2019-12-11 21:59:39.551486|[g:1][CONSENSUS]addRawPrepare,height=7,reqIdx=0,hash=40728e5f...
info|2019-12-11 21:59:39.552299|[g:1][CONSENSUS][PBFT]checkTimeout Succ,view=4254,toView=4255,nodeIdx=3,changeCycle=0,myNode=b17d5937...,timecost=0.622
info|2019-12-11 21:59:39.556346|[g:1][CONSENSUS][PBFT]checkAndChangeView: Reach consensus,org_view=4254,org_changeCycle=0,cur_changeCycle=0,to_view=4255
info|2019-12-11 21:59:40.054066|[P2P][Service] heartBeat,connected count=3
info|2019-12-11 21:59:40.556301|[g:1][CONSENSUS]addRawPrepare,height=7,reqIdx=1,hash=8c87fe84...
info|2019-12-11 21:59:40.556888|[g:1][CONSENSUS][PBFT]checkTimeout Succ,view=4255,toView=4256,nodeIdx=3,changeCycle=0,myNode=b17d5937...,timecost=0.451
info|2019-12-11 21:59:40.558882|[g:1][CONSENSUS][PBFT]checkAndChangeView: Reach consensus,org_view=4255,org_changeCycle=0,cur_changeCycle=0,to_view=4256
info|2019-12-11 21:59:41.561226|[g:1][CONSENSUS]addRawPrepare,height=7,reqIdx=2,hash=919d93a0...
info|2019-12-11 21:59:41.562091|[g:1][CONSENSUS][PBFT]checkTimeout Succ,view=4256,toView=4257,nodeIdx=3,changeCycle=0,myNode=b17d5937...,timecost=0.648
info|2019-12-11 21:59:41.564678|[g:1][CONSENSUS][PBFT]checkAndChangeView: Reach consensus,org_view=4256,org_changeCycle=0,cur_changeCycle=0,to_view=4257
info|2019-12-11 21:59:42.564913|[g:1][CONSENSUS][SEALER]++++++++++++++++ Generating seal on,blkNum=7,tx=0,nodeIdx=3,hash=d5b49c70...
info|2019-12-11 21:59:42.566274|[g:1][CONSENSUS][PBFT]checkTimeout Succ,view=4257,toView=4258,nodeIdx=3,changeCycle=0,myNode=b17d5937...,timecost=0.771
info|2019-12-11 21:59:42.570665|[g:1][CONSENSUS][PBFT]checkAndChangeView: Reach consensus,org_view=4257,org_changeCycle=0,cur_changeCycle=0,to_view=4258
info|2019-12-11 21:59:43.572950|[g:1][CONSENSUS]addRawPrepare,height=7,reqIdx=0,hash=42dfff9c...
info|2019-12-11 21:59:43.574179|[g:1][CONSENSUS][PBFT]checkTimeout Succ,view=4258,toView=4259,nodeIdx=3,changeCycle=0,myNode=b17d5937...,timecost=1.026
info|2019-12-11 21:59:43.576690|[g:1][CONSENSUS][PBFT]checkAndChangeView: Reach consensus,org_view=4258,org_changeCycle=0,cur_changeCycle=0,to_view=4259
info|2019-12-11 21:59:44.579740|[g:1][CONSENSUS]addRawPrepare,height=7,reqIdx=1,hash=b1e06b47...
info|2019-12-11 21:59:44.580613|[g:1][CONSENSUS][PBFT]checkTimeout Succ,view=4259,toView=4260,nodeIdx=3,changeCycle=0,myNode=b17d5937...,timecost=0.653
info|2019-12-11 21:59:44.583016|[g:1][CONSENSUS][PBFT]checkAndChangeView: Reach consensus,org_view=4259,org_changeCycle=0,cur_changeCycle=0,to_view=4260
info|2019-12-11 21:59:45.586018|[g:1][CONSENSUS]addRawPrepare,height=7,reqIdx=2,hash=a92bb1d6...
info|2019-12-11 21:59:45.586899|[g:1][CONSENSUS][PBFT]checkTimeout Succ,view=4260,toView=4261,nodeIdx=3,changeCycle=0,myNode=b17d5937...,timecost=0.689
info|2019-12-11 21:59:45.590152|[g:1][CONSENSUS][PBFT]checkAndChangeView: Reach consensus,org_view=4260,org_changeCycle=0,cur_changeCycle=0,to_view=4261
info|2019-12-11 21:59:46.591723|[g:1][CONSENSUS][SEALER]++++++++++++++++ Generating seal on,blkNum=7,tx=0,nodeIdx=3,hash=472476ce...
info|2019-12-11 21:59:46.593007|[g:1][CONSENSUS][PBFT]checkTimeout Succ,view=4261,toView=4262,nodeIdx=3,changeCycle=0,myNode=b17d5937...,timecost=0.741
info|2019-12-11 21:59:46.597068|[g:1][CONSENSUS][PBFT]checkAndChangeView: Reach consensus,org_view=4261,org_changeCycle=0,cur_changeCycle=0,to_view=4262
info|2019-12-11 21:59:47.599501|[g:1][CONSENSUS]addRawPrepare,height=7,reqIdx=0,hash=0ed21b9e...
info|2019-12-11 21:59:47.601459|[g:1][CONSENSUS][PBFT]checkTimeout Succ,view=4262,toView=4263,nodeIdx=3,changeCycle=0,myNode=b17d5937...,timecost=1.728
info|2019-12-11 21:59:47.603076|[g:1][CONSENSUS][PBFT]checkAndChangeView: Reach consensus,org_view=4262,org_changeCycle=0,cur_changeCycle=0,to_view=4263
info|2019-12-11 21:59:48.605271|[g:1][CONSENSUS]addRawPrepare,height=7,reqIdx=1,hash=62c99b2e...
info|2019-12-11 21:59:48.606327|[g:1][CONSENSUS][PBFT]checkTimeout Succ,view=4263,toView=4264,nodeIdx=3,changeCycle=0,myNode=b17d5937...,timecost=0.937
info|2019-12-11 21:59:48.607668|[g:1][CONSENSUS][PBFT]checkAndChangeView: Reach consensus,org_view=4263,org_changeCycle=0,cur_changeCycle=0,to_view=4264
info|2019-12-11 21:59:49.610327|[g:1][CONSENSUS]addRawPrepare,height=7,reqIdx=2,hash=1eaa7971...
info|2019-12-11 21:59:49.612270|[g:1][CONSENSUS][PBFT]checkTimeout Succ,view=4264,toView=4265,nodeIdx=3,changeCycle=0,myNode=b17d5937...,timecost=1.654
info|2019-12-11 21:59:49.614690|[g:1][CONSENSUS][PBFT]checkAndChangeView: Reach consensus,org_view=4264,org_changeCycle=0,cur_changeCycle=0,to_view=4265
info|2019-12-11 21:59:50.063040|[P2P][Service] heartBeat,connected count=3
info|2019-12-11 21:59:50.615610|[g:1][CONSENSUS][SEALER]++++++++++++++++ Generating seal on,blkNum=7,tx=0,nodeIdx=3,hash=06bc65c0...
info|2019-12-11 21:59:50.616990|[g:1][CONSENSUS][PBFT]checkTimeout Succ,view=4265,toView=4266,nodeIdx=3,changeCycle=0,myNode=b17d5937...,timecost=0.838
info|2019-12-11 21:59:50.621380|[g:1][CONSENSUS][PBFT]checkAndChangeView: Reach consensus,org_view=4265,org_changeCycle=0,cur_changeCycle=0,to_view=4266
info|2019-12-11 21:59:51.623916|[g:1][CONSENSUS]addRawPrepare,height=7,reqIdx=0,hash=9d8a754e...
info|2019-12-11 21:59:51.624774|[g:1][CONSENSUS][PBFT]checkTimeout Succ,view=4266,toView=4267,nodeIdx=3,changeCycle=0,myNode=b17d5937...,timecost=0.636
info|2019-12-11 21:59:51.626904|[g:1][CONSENSUS][PBFT]checkAndChangeView: Reach consensus,org_view=4266,org_changeCycle=0,cur_changeCycle=0,to_view=4267
info|2019-12-11 21:59:52.629704|[g:1][CONSENSUS]addRawPrepare,height=7,reqIdx=1,hash=98b37def...
info|2019-12-11 21:59:52.630130|[g:1][CONSENSUS][PBFT]checkTimeout Succ,view=4267,toView=4268,nodeIdx=3,changeCycle=0,myNode=b17d5937...,timecost=0.32
info|2019-12-11 21:59:52.632032|[g:1][CONSENSUS][PBFT]checkAndChangeView: Reach consensus,org_view=4267,org_changeCycle=0,cur_changeCycle=0,to_view=4268
