info|2019-12-11 20:31:38.028071|[g:1][CONSENSUS][SEALER]++++++++++++++++ Generating seal on,blkNum=7,tx=0,nodeIdx=3,hash=3831a7a6...
warning|2019-12-11 20:31:38.029744|[g:1][CONSENSUS][PBFT]ViewChangeWarning: not caused by omit empty block ,v=4161,toV=4162,curNum=6,hash=7ce3abdb...,nodeIdx=3,myNode=b17d5937...
info|2019-12-11 20:31:38.034110|[g:1][CONSENSUS][PBFT]checkTimeout Succ,view=4161,toView=4162,nodeIdx=3,changeCycle=1,myNode=b17d5937...,timecost=13.14
info|2019-12-11 20:31:38.034155|[P2P][Service] heartBeat,connected count=3
info|2019-12-11 20:31:38.036272|[g:1][CONSENSUS][PBFT]checkTimeout Succ,view=4161,toView=4163,nodeIdx=3,changeCycle=0,myNode=b17d5937...,timecost=0.422
info|2019-12-11 20:31:39.033001|[g:1][CONSENSUS][PBFT]FutureBlock,EINFO=handlePrepareMsg,reqIdx=0,view=4162,reqNum=7,curNum=6,consNum=7,fromIp=127.0.0.1:64431,hash=7c521668...,nodeIdx=3,myNode=b17d5937...,curChangeCycle=0
info|2019-12-11 20:31:39.033024|[g:1][CONSENSUS]addFuturePrepareCache,height=7,reqIdx=0,hash=7c521668...
info|2019-12-11 20:31:39.034735|[g:1][CONSENSUS][PBFT]FutureBlock,EINFO=handlePrepareMsg,reqIdx=0,view=4162,reqNum=7,curNum=6,consNum=7,fromIp=127.0.0.1:64451,hash=7c521668...,nodeIdx=3,myNode=b17d5937...,curChangeCycle=0
info|2019-12-11 20:31:39.035136|[g:1][CONSENSUS][PBFT]checkAndChangeView, update m_changeCycle to 1
info|2019-12-11 20:31:39.035146|[g:1][CONSENSUS][PBFT]checkAndChangeView: Reach consensus,org_view=4161,org_changeCycle=0,cur_changeCycle=1,to_view=4163
info|2019-12-11 20:31:40.035773|[g:1][CONSENSUS]addRawPrepare,height=7,reqIdx=1,hash=f0b86385...
info|2019-12-11 20:31:40.036634|[g:1][CONSENSUS][PBFT]checkTimeout Succ,view=4163,toView=4164,nodeIdx=3,changeCycle=0,myNode=b17d5937...,timecost=0.323
info|2019-12-11 20:31:40.040072|[g:1][CONSENSUS][PBFT]checkAndChangeView: Reach consensus,org_view=4163,org_changeCycle=0,cur_changeCycle=0,to_view=4164
info|2019-12-11 20:31:41.041509|[g:1][CONSENSUS]addRawPrepare,height=7,reqIdx=2,hash=a32f7328...
info|2019-12-11 20:31:41.041877|[g:1][CONSENSUS][PBFT]checkTimeout Succ,view=4164,toView=4165,nodeIdx=3,changeCycle=0,myNode=b17d5937...,timecost=0.265
info|2019-12-11 20:31:41.043176|[g:1][CONSENSUS][PBFT]checkAndChangeView: Reach consensus,org_view=4164,org_changeCycle=0,cur_changeCycle=0,to_view=4165
info|2019-12-11 20:31:42.043195|[g:1][CONSENSUS][SEALER]++++++++++++++++ Generating seal on,blkNum=7,tx=0,nodeIdx=3,hash=75f32503...
info|2019-12-11 20:31:42.043767|[g:1][CONSENSUS][PBFT]checkTimeout Succ,view=4165,toView=4166,nodeIdx=3,changeCycle=0,myNode=b17d5937...,timecost=0.311
info|2019-12-11 20:31:42.046764|[g:1][CONSENSUS][PBFT]checkAndChangeView: Reach consensus,org_view=4165,org_changeCycle=0,cur_changeCycle=0,to_view=4166
info|2019-12-11 20:31:43.047613|[g:1][CONSENSUS]addRawPrepare,height=7,reqIdx=0,hash=53a83c5e...
info|2019-12-11 20:31:43.048036|[g:1][CONSENSUS][PBFT]checkTimeout Succ,view=4166,toView=4167,nodeIdx=3,changeCycle=0,myNode=b17d5937...,timecost=0.285
info|2019-12-11 20:31:43.050051|[g:1][CONSENSUS][PBFT]checkAndChangeView: Reach consensus,org_view=4166,org_changeCycle=0,cur_changeCycle=0,to_view=4167
info|2019-12-11 20:31:44.050377|[g:1][CONSENSUS]addRawPrepare,height=7,reqIdx=1,hash=cee6b385...
info|2019-12-11 20:31:44.051408|[g:1][CONSENSUS][PBFT]checkTimeout Succ,view=4167,toView=4168,nodeIdx=3,changeCycle=0,myNode=b17d5937...,timecost=0.929
info|2019-12-11 20:31:44.053086|[g:1][CONSENSUS][PBFT]checkAndChangeView: Reach consensus,org_view=4167,org_changeCycle=0,cur_changeCycle=0,to_view=4168
info|2019-12-11 20:31:45.055067|[g:1][CONSENSUS]addRawPrepare,height=7,reqIdx=2,hash=60d1dae8...
info|2019-12-11 20:31:45.057227|[g:1][CONSENSUS][PBFT]checkTimeout Succ,view=4168,toView=4169,nodeIdx=3,changeCycle=0,myNode=b17d5937...,timecost=1.883
info|2019-12-11 20:31:45.058938|[g:1][CONSENSUS][PBFT]checkAndChangeView: Reach consensus,org_view=4168,org_changeCycle=0,cur_changeCycle=0,to_view=4169
info|2019-12-11 20:31:46.059367|[g:1][CONSENSUS][SEALER]++++++++++++++++ Generating seal on,blkNum=7,tx=0,nodeIdx=3,hash=c122c52a...
info|2019-12-11 20:31:46.064343|[g:1][CONSENSUS][PBFT]checkTimeout Succ,view=4169,toView=4170,nodeIdx=3,changeCycle=0,myNode=b17d5937...,timecost=0.536
info|2019-12-11 20:31:46.066058|[g:1][CONSENSUS][PBFT]checkAndChangeView: Reach consensus,org_view=4169,org_changeCycle=0,cur_changeCycle=0,to_view=4170
info|2019-12-11 20:31:47.068695|[g:1][CONSENSUS]addRawPrepare,height=7,reqIdx=0,hash=ac084be1...
info|2019-12-11 20:31:47.069996|[g:1][CONSENSUS][PBFT]checkTimeout Succ,view=4170,toView=4171,nodeIdx=3,changeCycle=0,myNode=b17d5937...,timecost=1.029
info|2019-12-11 20:31:47.072930|[g:1][CONSENSUS][PBFT]checkAndChangeView: Reach consensus,org_view=4170,org_changeCycle=0,cur_changeCycle=0,to_view=4171
info|2019-12-11 20:31:48.034619|[P2P][Service] heartBeat,connected count=3
info|2019-12-11 20:31:48.074923|[g:1][CONSENSUS]addRawPrepare,height=7,reqIdx=1,hash=ef767ec3...
info|2019-12-11 20:31:48.076430|[g:1][CONSENSUS][PBFT]checkTimeout Succ,view=4171,toView=4172,nodeIdx=3,changeCycle=0,myNode=b17d5937...,timecost=1.224
info|2019-12-11 20:31:48.078594|[g:1][CONSENSUS][PBFT]checkAndChangeView: Reach consensus,org_view=4171,org_changeCycle=0,cur_changeCycle=0,to_view=4172
info|2019-12-11 20:31:49.081415|[g:1][CONSENSUS]addRawPrepare,height=7,reqIdx=2,hash=2a0db8b8...
info|2019-12-11 20:31:49.082362|[g:1][CONSENSUS][PBFT]checkTimeout Succ,view=4172,toView=4173,nodeIdx=3,changeCycle=0,myNode=b17d5937...,timecost=0.671
info|2019-12-11 20:31:49.084353|[g:1][CONSENSUS][PBFT]checkAndChangeView: Reach consensus,org_view=4172,org_changeCycle=0,cur_changeCycle=0,to_view=4173
info|2019-12-11 20:31:50.085926|[g:1][CONSENSUS][SEALER]++++++++++++++++ Generating seal on,blkNum=7,tx=0,nodeIdx=3,hash=eedf6030...
info|2019-12-11 20:31:50.101149|[g:1][CONSENSUS][PBFT]checkTimeout Succ,view=4173,toView=4174,nodeIdx=3,changeCycle=0,myNode=b17d5937...,timecost=12.864
info|2019-12-11 20:31:50.110952|[g:1][CONSENSUS][PBFT]checkAndChangeView: Reach consensus,org_view=4173,org_changeCycle=0,cur_changeCycle=0,to_view=4174
info|2019-12-11 20:31:51.123807|[g:1][CONSENSUS]addRawPrepare,height=7,reqIdx=0,hash=2be8a091...
info|2019-12-11 20:31:51.127303|[g:1][CONSENSUS][PBFT]checkTimeout Succ,view=4174,toView=4175,nodeIdx=3,changeCycle=0,myNode=b17d5937...,timecost=2.864
info|2019-12-11 20:31:51.136584|[g:1][CONSENSUS][PBFT]checkAndChangeView: Reach consensus,org_view=4174,org_changeCycle=0,cur_changeCycle=0,to_view=4175
info|2019-12-11 20:31:52.140681|[g:1][CONSENSUS]addRawPrepare,height=7,reqIdx=1,hash=79af8f11...
info|2019-12-11 20:31:52.143929|[g:1][CONSENSUS][PBFT]checkTimeout Succ,view=4175,toView=4176,nodeIdx=3,changeCycle=0,myNode=b17d5937...,timecost=2.473
info|2019-12-11 20:31:52.152913|[g:1][CONSENSUS][PBFT]checkAndChangeView: Reach consensus,org_view=4175,org_changeCycle=0,cur_changeCycle=0,to_view=4176
info|2019-12-11 20:31:53.160965|[g:1][CONSENSUS]addRawPrepare,height=7,reqIdx=2,hash=ba71eb2c...
info|2019-12-11 20:31:53.164165|[g:1][CONSENSUS][PBFT]checkTimeout Succ,view=4176,toView=4177,nodeIdx=3,changeCycle=0,myNode=b17d5937...,timecost=2.424
info|2019-12-11 20:31:53.175069|[g:1][CONSENSUS][PBFT]checkAndChangeView: Reach consensus,org_view=4176,org_changeCycle=0,cur_changeCycle=0,to_view=4177
info|2019-12-11 20:31:54.176317|[g:1][CONSENSUS][SEALER]++++++++++++++++ Generating seal on,blkNum=7,tx=0,nodeIdx=3,hash=e666f2c4...
info|2019-12-11 20:31:54.181368|[g:1][CONSENSUS][PBFT]checkTimeout Succ,view=4177,toView=4178,nodeIdx=3,changeCycle=0,myNode=b17d5937...,timecost=3.351
info|2019-12-11 20:31:54.201691|[g:1][CONSENSUS][PBFT]checkAndChangeView: Reach consensus,org_view=4177,org_changeCycle=0,cur_changeCycle=0,to_view=4178
info|2019-12-11 20:31:55.206200|[g:1][CONSENSUS]addRawPrepare,height=7,reqIdx=0,hash=f85a21c5...
info|2019-12-11 20:31:55.209585|[g:1][CONSENSUS][PBFT]checkTimeout Succ,view=4178,toView=4179,nodeIdx=3,changeCycle=0,myNode=b17d5937...,timecost=2.686
info|2019-12-11 20:31:55.222692|[g:1][CONSENSUS][PBFT]checkAndChangeView: Reach consensus,org_view=4178,org_changeCycle=0,cur_changeCycle=0,to_view=4179
info|2019-12-11 20:31:56.230512|[g:1][CONSENSUS]addRawPrepare,height=7,reqIdx=1,hash=9bc919a4...
info|2019-12-11 20:31:56.233724|[g:1][CONSENSUS][PBFT]checkTimeout Succ,view=4179,toView=4180,nodeIdx=3,changeCycle=0,myNode=b17d5937...,timecost=2.369
info|2019-12-11 20:31:56.244204|[g:1][CONSENSUS][PBFT]checkAndChangeView: Reach consensus,org_view=4179,org_changeCycle=0,cur_changeCycle=0,to_view=4180
info|2019-12-11 20:31:57.251081|[g:1][CONSENSUS]addRawPrepare,height=7,reqIdx=2,hash=40a0945f...
info|2019-12-11 20:31:57.254565|[g:1][CONSENSUS][PBFT]checkTimeout Succ,view=4180,toView=4181,nodeIdx=3,changeCycle=0,myNode=b17d5937...,timecost=2.903
info|2019-12-11 20:31:57.265393|[g:1][CONSENSUS][PBFT]checkAndChangeView: Reach consensus,org_view=4180,org_changeCycle=0,cur_changeCycle=0,to_view=4181
info|2019-12-11 20:31:58.035350|[P2P][Service] heartBeat,connected count=3
info|2019-12-11 20:31:58.266165|[g:1][CONSENSUS][SEALER]++++++++++++++++ Generating seal on,blkNum=7,tx=0,nodeIdx=3,hash=1f73f936...
info|2019-12-11 20:31:58.278769|[g:1][CONSENSUS][PBFT]checkTimeout Succ,view=4181,toView=4182,nodeIdx=3,changeCycle=0,myNode=b17d5937...,timecost=2.768
info|2019-12-11 20:31:58.289400|[g:1][CONSENSUS][PBFT]checkAndChangeView: Reach consensus,org_view=4181,org_changeCycle=0,cur_changeCycle=0,to_view=4182
info|2019-12-11 20:31:59.303192|[g:1][CONSENSUS]addRawPrepare,height=7,reqIdx=0,hash=7332fea3...
info|2019-12-11 20:31:59.305048|[g:1][CONSENSUS][PBFT]checkTimeout Succ,view=4182,toView=4183,nodeIdx=3,changeCycle=0,myNode=b17d5937...,timecost=1.638
info|2019-12-11 20:31:59.306990|[g:1][CONSENSUS][PBFT]checkAndChangeView: Reach consensus,org_view=4182,org_changeCycle=0,cur_changeCycle=0,to_view=4183
info|2019-12-11 20:32:00.309548|[g:1][CONSENSUS]addRawPrepare,height=7,reqIdx=1,hash=3f59d824...
info|2019-12-11 20:32:00.310195|[g:1][CONSENSUS][PBFT]checkTimeout Succ,view=4183,toView=4184,nodeIdx=3,changeCycle=0,myNode=b17d5937...,timecost=0.428
info|2019-12-11 20:32:00.312313|[g:1][CONSENSUS][PBFT]checkAndChangeView: Reach consensus,org_view=4183,org_changeCycle=0,cur_changeCycle=0,to_view=4184
info|2019-12-11 20:32:01.313589|[g:1][CONSENSUS]addRawPrepare,height=7,reqIdx=2,hash=9c187ced...
info|2019-12-11 20:32:01.314012|[g:1][CONSENSUS][PBFT]checkTimeout Succ,view=4184,toView=4185,nodeIdx=3,changeCycle=0,myNode=b17d5937...,timecost=0.308
info|2019-12-11 20:32:01.316087|[g:1][CONSENSUS][PBFT]checkAndChangeView: Reach consensus,org_view=4184,org_changeCycle=0,cur_changeCycle=0,to_view=4185
info|2019-12-11 20:32:02.317322|[g:1][CONSENSUS][SEALER]++++++++++++++++ Generating seal on,blkNum=7,tx=0,nodeIdx=3,hash=6fccfa25...
info|2019-12-11 20:32:02.318602|[g:1][CONSENSUS][PBFT]checkTimeout Succ,view=4185,toView=4186,nodeIdx=3,changeCycle=0,myNode=b17d5937...,timecost=0.737
info|2019-12-11 20:32:02.323138|[g:1][CONSENSUS][PBFT]checkAndChangeView: Reach consensus,org_view=4185,org_changeCycle=0,cur_changeCycle=0,to_view=4186
info|2019-12-11 20:32:03.326985|[g:1][CONSENSUS]addRawPrepare,height=7,reqIdx=0,hash=97976a1e...
info|2019-12-11 20:32:03.327829|[g:1][CONSENSUS][PBFT]checkTimeout Succ,view=4186,toView=4187,nodeIdx=3,changeCycle=0,myNode=b17d5937...,timecost=0.696
info|2019-12-11 20:32:03.329384|[g:1][CONSENSUS][PBFT]checkAndChangeView: Reach consensus,org_view=4186,org_changeCycle=0,cur_changeCycle=0,to_view=4187
info|2019-12-11 20:32:04.331558|[g:1][CONSENSUS]addRawPrepare,height=7,reqIdx=1,hash=8a181c8f...
info|2019-12-11 20:32:04.332527|[g:1][CONSENSUS][PBFT]checkTimeout Succ,view=4187,toView=4188,nodeIdx=3,changeCycle=0,myNode=b17d5937...,timecost=0.832
info|2019-12-11 20:32:04.333914|[g:1][CONSENSUS][PBFT]checkAndChangeView: Reach consensus,org_view=4187,org_changeCycle=0,cur_changeCycle=0,to_view=4188
info|2019-12-11 20:32:05.335843|[g:1][CONSENSUS]addRawPrepare,height=7,reqIdx=2,hash=10d046ad...
info|2019-12-11 20:32:05.337789|[g:1][CONSENSUS][PBFT]checkTimeout Succ,view=4188,toView=4189,nodeIdx=3,changeCycle=0,myNode=b17d5937...,timecost=1.749
info|2019-12-11 20:32:05.339713|[g:1][CONSENSUS][PBFT]checkAndChangeView: Reach consensus,org_view=4188,org_changeCycle=0,cur_changeCycle=0,to_view=4189
info|2019-12-11 20:32:06.340641|[g:1][CONSENSUS][SEALER]++++++++++++++++ Generating seal on,blkNum=7,tx=0,nodeIdx=3,hash=95c4db02...
info|2019-12-11 20:32:06.346226|[g:1][CONSENSUS][PBFT]checkTimeout Succ,view=4189,toView=4190,nodeIdx=3,changeCycle=0,myNode=b17d5937...,timecost=0.475
info|2019-12-11 20:32:06.347222|[g:1][CONSENSUS][PBFT]checkAndChangeView: Reach consensus,org_view=4189,org_changeCycle=0,cur_changeCycle=0,to_view=4190
info|2019-12-11 20:32:07.349021|[g:1][CONSENSUS]addRawPrepare,height=7,reqIdx=0,hash=e5c4f34f...
info|2019-12-11 20:32:07.349988|[g:1][CONSENSUS][PBFT]checkTimeout Succ,view=4190,toView=4191,nodeIdx=3,changeCycle=0,myNode=b17d5937...,timecost=0.674
info|2019-12-11 20:32:07.353059|[g:1][CONSENSUS][PBFT]checkAndChangeView: Reach consensus,org_view=4190,org_changeCycle=0,cur_changeCycle=0,to_view=4191
info|2019-12-11 20:32:08.041508|[P2P][Service] heartBeat,connected count=3
info|2019-12-11 20:32:08.355633|[g:1][CONSENSUS]addRawPrepare,height=7,reqIdx=1,hash=d6136b51...
info|2019-12-11 20:32:08.356656|[g:1][CONSENSUS][PBFT]checkTimeout Succ,view=4191,toView=4192,nodeIdx=3,changeCycle=0,myNode=b17d5937...,timecost=0.73
info|2019-12-11 20:32:08.360700|[g:1][CONSENSUS][PBFT]checkAndChangeView: Reach consensus,org_view=4191,org_changeCycle=0,cur_changeCycle=0,to_view=4192
info|2019-12-11 20:32:09.361700|[g:1][CONSENSUS]addRawPrepare,height=7,reqIdx=2,hash=12d9caf0...
info|2019-12-11 20:32:09.362597|[g:1][CONSENSUS][PBFT]checkTimeout Succ,view=4192,toView=4193,nodeIdx=3,changeCycle=0,myNode=b17d5937...,timecost=0.684
info|2019-12-11 20:32:09.365309|[g:1][CONSENSUS][PBFT]checkAndChangeView: Reach consensus,org_view=4192,org_changeCycle=0,cur_changeCycle=0,to_view=4193
info|2019-12-11 20:32:10.365211|[g:1][CONSENSUS][SEALER]++++++++++++++++ Generating seal on,blkNum=7,tx=0,nodeIdx=3,hash=8652e568...
info|2019-12-11 20:32:10.366239|[g:1][CONSENSUS][PBFT]checkTimeout Succ,view=4193,toView=4194,nodeIdx=3,changeCycle=0,myNode=b17d5937...,timecost=0.606
info|2019-12-11 20:32:10.369535|[g:1][CONSENSUS][PBFT]checkAndChangeView: Reach consensus,org_view=4193,org_changeCycle=0,cur_changeCycle=0,to_view=4194
info|2019-12-11 20:32:11.372388|[g:1][CONSENSUS]addRawPrepare,height=7,reqIdx=0,hash=0cb6e6bc...
info|2019-12-11 20:32:11.373428|[g:1][CONSENSUS][PBFT]checkTimeout Succ,view=4194,toView=4195,nodeIdx=3,changeCycle=0,myNode=b17d5937...,timecost=0.778
info|2019-12-11 20:32:11.375423|[g:1][CONSENSUS][PBFT]checkAndChangeView: Reach consensus,org_view=4194,org_changeCycle=0,cur_changeCycle=0,to_view=4195
info|2019-12-11 20:32:12.378632|[g:1][CONSENSUS]addRawPrepare,height=7,reqIdx=1,hash=577f0b78...
info|2019-12-11 20:32:12.382001|[g:1][CONSENSUS][PBFT]checkTimeout Succ,view=4195,toView=4196,nodeIdx=3,changeCycle=0,myNode=b17d5937...,timecost=3.15
info|2019-12-11 20:32:12.383318|[g:1][CONSENSUS][PBFT]checkAndChangeView: Reach consensus,org_view=4195,org_changeCycle=0,cur_changeCycle=0,to_view=4196
info|2019-12-11 20:32:13.384360|[g:1][CONSENSUS]addRawPrepare,height=7,reqIdx=2,hash=4cedfff9...
info|2019-12-11 20:32:13.385327|[g:1][CONSENSUS][PBFT]checkTimeout Succ,view=4196,toView=4197,nodeIdx=3,changeCycle=0,myNode=b17d5937...,timecost=0.745
info|2019-12-11 20:32:13.389146|[g:1][CONSENSUS][PBFT]checkAndChangeView: Reach consensus,org_view=4196,org_changeCycle=0,cur_changeCycle=0,to_view=4197
info|2019-12-11 20:32:14.390964|[g:1][CONSENSUS][SEALER]++++++++++++++++ Generating seal on,blkNum=7,tx=0,nodeIdx=3,hash=2e9eb8c3...
info|2019-12-11 20:32:14.395352|[g:1][CONSENSUS][PBFT]checkTimeout Succ,view=4197,toView=4198,nodeIdx=3,changeCycle=0,myNode=b17d5937...,timecost=0.724
info|2019-12-11 20:32:14.397118|[g:1][CONSENSUS][PBFT]checkAndChangeView: Reach consensus,org_view=4197,org_changeCycle=0,cur_changeCycle=0,to_view=4198
info|2019-12-11 20:32:15.399837|[g:1][CONSENSUS]addRawPrepare,height=7,reqIdx=0,hash=a8acc9ee...
info|2019-12-11 20:32:15.400675|[g:1][CONSENSUS][PBFT]checkTimeout Succ,view=4198,toView=4199,nodeIdx=3,changeCycle=0,myNode=b17d5937...,timecost=0.641
info|2019-12-11 20:32:15.404394|[g:1][CONSENSUS][PBFT]checkAndChangeView: Reach consensus,org_view=4198,org_changeCycle=0,cur_changeCycle=0,to_view=4199
info|2019-12-11 20:32:16.407088|[g:1][CONSENSUS]addRawPrepare,height=7,reqIdx=1,hash=ffe23008...
info|2019-12-11 20:32:16.407954|[g:1][CONSENSUS][PBFT]checkTimeout Succ,view=4199,toView=4200,nodeIdx=3,changeCycle=0,myNode=b17d5937...,timecost=0.638
info|2019-12-11 20:32:16.411390|[g:1][CONSENSUS][PBFT]checkAndChangeView: Reach consensus,org_view=4199,org_changeCycle=0,cur_changeCycle=0,to_view=4200
info|2019-12-11 20:32:17.412385|[g:1][CONSENSUS]addRawPrepare,height=7,reqIdx=2,hash=d33a0e0a...
info|2019-12-11 20:32:17.413487|[g:1][CONSENSUS][PBFT]checkTimeout Succ,view=4200,toView=4201,nodeIdx=3,changeCycle=0,myNode=b17d5937...,timecost=0.73
info|2019-12-11 20:32:17.415960|[g:1][CONSENSUS][PBFT]checkAndChangeView: Reach consensus,org_view=4200,org_changeCycle=0,cur_changeCycle=0,to_view=4201
info|2019-12-11 20:32:18.047367|[P2P][Service] heartBeat,connected count=3
info|2019-12-11 20:32:18.417672|[g:1][CONSENSUS][SEALER]++++++++++++++++ Generating seal on,blkNum=7,tx=0,nodeIdx=3,hash=01475d59...
info|2019-12-11 20:32:18.419119|[g:1][CONSENSUS][PBFT]checkTimeout Succ,view=4201,toView=4202,nodeIdx=3,changeCycle=0,myNode=b17d5937...,timecost=0.883
info|2019-12-11 20:32:18.423516|[g:1][CONSENSUS][PBFT]checkAndChangeView: Reach consensus,org_view=4201,org_changeCycle=0,cur_changeCycle=0,to_view=4202
info|2019-12-11 20:32:19.427123|[g:1][CONSENSUS]addRawPrepare,height=7,reqIdx=0,hash=fc486418...
info|2019-12-11 20:32:19.428081|[g:1][CONSENSUS][PBFT]checkTimeout Succ,view=4202,toView=4203,nodeIdx=3,changeCycle=0,myNode=b17d5937...,timecost=0.735
info|2019-12-11 20:32:19.429842|[g:1][CONSENSUS][PBFT]checkAndChangeView: Reach consensus,org_view=4202,org_changeCycle=0,cur_changeCycle=0,to_view=4203
info|2019-12-11 20:32:20.433248|[g:1][CONSENSUS]addRawPrepare,height=7,reqIdx=1,hash=8fc8d098...
info|2019-12-11 20:32:20.434115|[g:1][CONSENSUS][PBFT]checkTimeout Succ,view=4203,toView=4204,nodeIdx=3,changeCycle=0,myNode=b17d5937...,timecost=0.651
info|2019-12-11 20:32:20.436045|[g:1][CONSENSUS][PBFT]checkAndChangeView: Reach consensus,org_view=4203,org_changeCycle=0,cur_changeCycle=0,to_view=4204
info|2019-12-11 20:32:21.439188|[g:1][CONSENSUS]addRawPrepare,height=7,reqIdx=2,hash=46d406e2...
info|2019-12-11 20:32:21.440125|[g:1][CONSENSUS][PBFT]checkTimeout Succ,view=4204,toView=4205,nodeIdx=3,changeCycle=0,myNode=b17d5937...,timecost=0.738
info|2019-12-11 20:32:21.443360|[g:1][CONSENSUS][PBFT]checkAndChangeView: Reach consensus,org_view=4204,org_changeCycle=0,cur_changeCycle=0,to_view=4205
info|2019-12-11 20:32:22.443618|[g:1][CONSENSUS][SEALER]++++++++++++++++ Generating seal on,blkNum=7,tx=0,nodeIdx=3,hash=9cb6e078...
info|2019-12-11 20:32:22.444836|[g:1][CONSENSUS][PBFT]checkTimeout Succ,view=4205,toView=4206,nodeIdx=3,changeCycle=0,myNode=b17d5937...,timecost=0.682
info|2019-12-11 20:32:22.448847|[g:1][CONSENSUS][PBFT]checkAndChangeView: Reach consensus,org_view=4205,org_changeCycle=0,cur_changeCycle=0,to_view=4206
info|2019-12-11 20:32:23.451959|[g:1][CONSENSUS]addRawPrepare,height=7,reqIdx=0,hash=033e8725...
info|2019-12-11 20:32:23.452977|[g:1][CONSENSUS][PBFT]checkTimeout Succ,view=4206,toView=4207,nodeIdx=3,changeCycle=0,myNode=b17d5937...,timecost=0.64
info|2019-12-11 20:32:23.455655|[g:1][CONSENSUS][PBFT]checkAndChangeView: Reach consensus,org_view=4206,org_changeCycle=0,cur_changeCycle=0,to_view=4207
info|2019-12-11 20:32:24.458942|[g:1][CONSENSUS]addRawPrepare,height=7,reqIdx=1,hash=e5216cd2...
info|2019-12-11 20:32:24.460043|[g:1][CONSENSUS][PBFT]checkTimeout Succ,view=4207,toView=4208,nodeIdx=3,changeCycle=0,myNode=b17d5937...,timecost=0.904
info|2019-12-11 20:32:24.463907|[g:1][CONSENSUS][PBFT]checkAndChangeView: Reach consensus,org_view=4207,org_changeCycle=0,cur_changeCycle=0,to_view=4208
info|2019-12-11 20:32:25.466683|[g:1][CONSENSUS]addRawPrepare,height=7,reqIdx=2,hash=1797b267...
info|2019-12-11 20:32:25.468245|[g:1][CONSENSUS][PBFT]checkTimeout Succ,view=4208,toView=4209,nodeIdx=3,changeCycle=0,myNode=b17d5937...,timecost=1.343
info|2019-12-11 20:32:25.469933|[g:1][CONSENSUS][PBFT]checkAndChangeView: Reach consensus,org_view=4208,org_changeCycle=0,cur_changeCycle=0,to_view=4209
info|2019-12-11 20:32:26.469503|[g:1][CONSENSUS][SEALER]++++++++++++++++ Generating seal on,blkNum=7,tx=0,nodeIdx=3,hash=4c34edb4...
info|2019-12-11 20:32:26.474782|[g:1][CONSENSUS][PBFT]checkTimeout Succ,view=4209,toView=4210,nodeIdx=3,changeCycle=0,myNode=b17d5937...,timecost=0.631
info|2019-12-11 20:32:26.475557|[g:1][CONSENSUS][PBFT]checkAndChangeView: Reach consensus,org_view=4209,org_changeCycle=0,cur_changeCycle=0,to_view=4210
info|2019-12-11 20:32:27.477215|[g:1][CONSENSUS]addRawPrepare,height=7,reqIdx=0,hash=5f715c15...
info|2019-12-11 20:32:27.479556|[g:1][CONSENSUS][PBFT]checkTimeout Succ,view=4210,toView=4211,nodeIdx=3,changeCycle=0,myNode=b17d5937...,timecost=2.019
info|2019-12-11 20:32:27.481247|[g:1][CONSENSUS][PBFT]checkAndChangeView: Reach consensus,org_view=4210,org_changeCycle=0,cur_changeCycle=0,to_view=4211
info|2019-12-11 20:32:28.053985|[P2P][Service] heartBeat,connected count=3
info|2019-12-11 20:32:28.484072|[g:1][CONSENSUS]addRawPrepare,height=7,reqIdx=1,hash=640c9ca4...
info|2019-12-11 20:32:28.485240|[g:1][CONSENSUS][PBFT]checkTimeout Succ,view=4211,toView=4212,nodeIdx=3,changeCycle=0,myNode=b17d5937...,timecost=0.898
info|2019-12-11 20:32:28.488339|[g:1][CONSENSUS][PBFT]checkAndChangeView: Reach consensus,org_view=4211,org_changeCycle=0,cur_changeCycle=0,to_view=4212
info|2019-12-11 20:32:29.489850|[g:1][CONSENSUS]addRawPrepare,height=7,reqIdx=2,hash=725cbb5a...
info|2019-12-11 20:32:29.490777|[g:1][CONSENSUS][PBFT]checkTimeout Succ,view=4212,toView=4213,nodeIdx=3,changeCycle=0,myNode=b17d5937...,timecost=0.729
info|2019-12-11 20:32:29.494070|[g:1][CONSENSUS][PBFT]checkAndChangeView: Reach consensus,org_view=4212,org_changeCycle=0,cur_changeCycle=0,to_view=4213
info|2019-12-11 20:32:30.494428|[g:1][CONSENSUS][SEALER]++++++++++++++++ Generating seal on,blkNum=7,tx=0,nodeIdx=3,hash=32543052...
info|2019-12-11 20:32:30.495750|[g:1][CONSENSUS][PBFT]checkTimeout Succ,view=4213,toView=4214,nodeIdx=3,changeCycle=0,myNode=b17d5937...,timecost=0.739
info|2019-12-11 20:32:30.499973|[g:1][CONSENSUS][PBFT]checkAndChangeView: Reach consensus,org_view=4213,org_changeCycle=0,cur_changeCycle=0,to_view=4214
info|2019-12-11 20:32:31.500620|[g:1][CONSENSUS]addRawPrepare,height=7,reqIdx=0,hash=ec383f8c...
info|2019-12-11 20:32:31.501045|[g:1][CONSENSUS][PBFT]checkTimeout Succ,view=4214,toView=4215,nodeIdx=3,changeCycle=0,myNode=b17d5937...,timecost=0.327
info|2019-12-11 20:32:31.502618|[g:1][CONSENSUS][PBFT]checkAndChangeView: Reach consensus,org_view=4214,org_changeCycle=0,cur_changeCycle=0,to_view=4215
