warning|2019-12-11 23:23:27.010777|[g:1][CONSENSUS][PBFT]ViewChangeWarning: not caused by omit empty block ,v=5384,toV=5385,curNum=6,hash=7ce3abdb...,nodeIdx=3,myNode=b17d5937...
info|2019-12-11 23:23:27.010858|[g:1][CONSENSUS][PBFT]checkTimeout Succ,view=5384,toView=5385,nodeIdx=3,changeCycle=1,myNode=b17d5937...,timecost=0.304
info|2019-12-11 23:23:27.020184|[P2P][Service] heartBeat,connected count=3
info|2019-12-11 23:23:27.034076|[g:1][CONSENSUS][PBFT]checkAndChangeView: Reach consensus,org_view=5384,org_changeCycle=1,cur_changeCycle=1,to_view=5385
info|2019-12-11 23:23:28.035131|[g:1][CONSENSUS][SEALER]++++++++++++++++ Generating seal on,blkNum=7,tx=0,nodeIdx=3,hash=1a5c205f...
info|2019-12-11 23:23:28.036704|[g:1][CONSENSUS][PBFT]checkTimeout Succ,view=5385,toView=5386,nodeIdx=3,changeCycle=0,myNode=b17d5937...,timecost=0.284
info|2019-12-11 23:23:28.043665|[g:1][CONSENSUS][PBFT]checkAndChangeView: Reach consensus,org_view=5385,org_changeCycle=0,cur_changeCycle=0,to_view=5386
info|2019-12-11 23:23:29.043883|[g:1][CONSENSUS]addRawPrepare,height=7,reqIdx=0,hash=48ffc5e3...
info|2019-12-11 23:23:29.044362|[g:1][CONSENSUS][PBFT]checkTimeout Succ,view=5386,toView=5387,nodeIdx=3,changeCycle=0,myNode=b17d5937...,timecost=0.335
info|2019-12-11 23:23:29.045439|[g:1][CONSENSUS][PBFT]checkAndChangeView: Reach consensus,org_view=5386,org_changeCycle=0,cur_changeCycle=0,to_view=5387
info|2019-12-11 23:23:30.046452|[g:1][CONSENSUS]addRawPrepare,height=7,reqIdx=1,hash=16b74179...
info|2019-12-11 23:23:30.047343|[g:1][CONSENSUS][PBFT]checkTimeout Succ,view=5387,toView=5388,nodeIdx=3,changeCycle=0,myNode=b17d5937...,timecost=0.725
info|2019-12-11 23:23:30.048292|[g:1][CONSENSUS][PBFT]checkAndChangeView: Reach consensus,org_view=5387,org_changeCycle=0,cur_changeCycle=0,to_view=5388
info|2019-12-11 23:23:31.049431|[g:1][CONSENSUS]addRawPrepare,height=7,reqIdx=2,hash=19c51877...
info|2019-12-11 23:23:31.051458|[g:1][CONSENSUS][PBFT]checkTimeout Succ,view=5388,toView=5389,nodeIdx=3,changeCycle=0,myNode=b17d5937...,timecost=1.945
info|2019-12-11 23:23:31.052478|[g:1][CONSENSUS][PBFT]checkAndChangeView: Reach consensus,org_view=5388,org_changeCycle=0,cur_changeCycle=0,to_view=5389
info|2019-12-11 23:23:32.052536|[g:1][CONSENSUS][SEALER]++++++++++++++++ Generating seal on,blkNum=7,tx=0,nodeIdx=3,hash=0a9690f4...
info|2019-12-11 23:23:32.054765|[g:1][CONSENSUS][PBFT]checkTimeout Succ,view=5389,toView=5390,nodeIdx=3,changeCycle=0,myNode=b17d5937...,timecost=0.341
info|2019-12-11 23:23:32.055699|[g:1][CONSENSUS][PBFT]checkAndChangeView: Reach consensus,org_view=5389,org_changeCycle=0,cur_changeCycle=0,to_view=5390
info|2019-12-11 23:23:33.056372|[g:1][CONSENSUS]addRawPrepare,height=7,reqIdx=0,hash=e9189c93...
info|2019-12-11 23:23:33.057142|[g:1][CONSENSUS][PBFT]checkTimeout Succ,view=5390,toView=5391,nodeIdx=3,changeCycle=0,myNode=b17d5937...,timecost=0.269
info|2019-12-11 23:23:33.059710|[g:1][CONSENSUS][PBFT]checkAndChangeView: Reach consensus,org_view=5390,org_changeCycle=0,cur_changeCycle=0,to_view=5391
info|2019-12-11 23:23:34.060606|[g:1][CONSENSUS]addRawPrepare,height=7,reqIdx=1,hash=7532e459...
info|2019-12-11 23:23:34.061133|[g:1][CONSENSUS][PBFT]checkTimeout Succ,view=5391,toView=5392,nodeIdx=3,changeCycle=0,myNode=b17d5937...,timecost=0.424
info|2019-12-11 23:23:34.064037|[g:1][CONSENSUS][PBFT]checkAndChangeView: Reach consensus,org_view=5391,org_changeCycle=0,cur_changeCycle=0,to_view=5392
info|2019-12-11 23:23:35.063836|[g:1][CONSENSUS]addRawPrepare,height=7,reqIdx=2,hash=a22621fa...
info|2019-12-11 23:23:35.064232|[g:1][CONSENSUS][PBFT]checkTimeout Succ,view=5392,toView=5393,nodeIdx=3,changeCycle=0,myNode=b17d5937...,timecost=0.297
info|2019-12-11 23:23:35.065699|[g:1][CONSENSUS][PBFT]checkAndChangeView: Reach consensus,org_view=5392,org_changeCycle=0,cur_changeCycle=0,to_view=5393
info|2019-12-11 23:23:36.066548|[g:1][CONSENSUS][SEALER]++++++++++++++++ Generating seal on,blkNum=7,tx=0,nodeIdx=3,hash=da6b5e48...
info|2019-12-11 23:23:36.067248|[g:1][CONSENSUS][PBFT]checkTimeout Succ,view=5393,toView=5394,nodeIdx=3,changeCycle=0,myNode=b17d5937...,timecost=0.303
info|2019-12-11 23:23:36.069335|[g:1][CONSENSUS][PBFT]checkAndChangeView: Reach consensus,org_view=5393,org_changeCycle=0,cur_changeCycle=0,to_view=5394
info|2019-12-11 23:23:37.026533|[P2P][Service] heartBeat,connected count=3
info|2019-12-11 23:23:37.070264|[g:1][CONSENSUS]addRawPrepare,height=7,reqIdx=0,hash=9a174227...
info|2019-12-11 23:23:37.070688|[g:1][CONSENSUS][PBFT]checkTimeout Succ,view=5394,toView=5395,nodeIdx=3,changeCycle=0,myNode=b17d5937...,timecost=0.295
info|2019-12-11 23:23:37.073131|[g:1][CONSENSUS][PBFT]checkAndChangeView: Reach consensus,org_view=5394,org_changeCycle=0,cur_changeCycle=0,to_view=5395
info|2019-12-11 23:23:38.075218|[g:1][CONSENSUS]addRawPrepare,height=7,reqIdx=1,hash=7552778a...
info|2019-12-11 23:23:38.075626|[g:1][CONSENSUS][PBFT]checkTimeout Succ,view=5395,toView=5396,nodeIdx=3,changeCycle=0,myNode=b17d5937...,timecost=0.302
info|2019-12-11 23:23:38.077111|[g:1][CONSENSUS][PBFT]checkAndChangeView: Reach consensus,org_view=5395,org_changeCycle=0,cur_changeCycle=0,to_view=5396
info|2019-12-11 23:23:39.093807|[g:1][CONSENSUS]addRawPrepare,height=7,reqIdx=2,hash=bacb1565...
info|2019-12-11 23:23:39.100735|[g:1][CONSENSUS][PBFT]checkTimeout Succ,view=5396,toView=5397,nodeIdx=3,changeCycle=0,myNode=b17d5937...,timecost=6.186
info|2019-12-11 23:23:39.112742|[g:1][CONSENSUS][PBFT]checkAndChangeView: Reach consensus,org_view=5396,org_changeCycle=0,cur_changeCycle=0,to_view=5397
info|2019-12-11 23:23:40.113432|[g:1][CONSENSUS][SEALER]++++++++++++++++ Generating seal on,blkNum=7,tx=0,nodeIdx=3,hash=18346a67...
info|2019-12-11 23:23:40.128411|[g:1][CONSENSUS][PBFT]checkTimeout Succ,view=5397,toView=5398,nodeIdx=3,changeCycle=0,myNode=b17d5937...,timecost=2.453
info|2019-12-11 23:23:40.136387|[g:1][CONSENSUS][PBFT]checkAndChangeView: Reach consensus,org_view=5397,org_changeCycle=0,cur_changeCycle=0,to_view=5398
info|2019-12-11 23:23:41.141118|[g:1][CONSENSUS]addRawPrepare,height=7,reqIdx=0,hash=8973812b...
info|2019-12-11 23:23:41.143808|[g:1][CONSENSUS][PBFT]checkTimeout Succ,view=5398,toView=5399,nodeIdx=3,changeCycle=0,myNode=b17d5937...,timecost=2.002
info|2019-12-11 23:23:41.159710|[g:1][CONSENSUS][PBFT]checkAndChangeView: Reach consensus,org_view=5398,org_changeCycle=0,cur_changeCycle=0,to_view=5399
info|2019-12-11 23:23:42.167738|[g:1][CONSENSUS]addRawPrepare,height=7,reqIdx=1,hash=3ba11f48...
info|2019-12-11 23:23:42.173478|[g:1][CONSENSUS][PBFT]checkTimeout Succ,view=5399,toView=5400,nodeIdx=3,changeCycle=0,myNode=b17d5937...,timecost=4.612
info|2019-12-11 23:23:42.206626|[g:1][CONSENSUS][PBFT]checkAndChangeView: Reach consensus,org_view=5399,org_changeCycle=0,cur_changeCycle=0,to_view=5400
info|2019-12-11 23:23:43.198606|[g:1][CONSENSUS]addRawPrepare,height=7,reqIdx=2,hash=3be98493...
info|2019-12-11 23:23:43.204305|[g:1][CONSENSUS][PBFT]checkTimeout Succ,view=5400,toView=5401,nodeIdx=3,changeCycle=0,myNode=b17d5937...,timecost=4.588
info|2019-12-11 23:23:43.213954|[g:1][CONSENSUS][PBFT]checkAndChangeView: Reach consensus,org_view=5400,org_changeCycle=0,cur_changeCycle=0,to_view=5401
info|2019-12-11 23:23:44.215361|[g:1][CONSENSUS][SEALER]++++++++++++++++ Generating seal on,blkNum=7,tx=0,nodeIdx=3,hash=eacd6fc0...
info|2019-12-11 23:23:44.220588|[g:1][CONSENSUS][PBFT]checkTimeout Succ,view=5401,toView=5402,nodeIdx=3,changeCycle=0,myNode=b17d5937...,timecost=2.342
info|2019-12-11 23:23:44.244781|[g:1][CONSENSUS][PBFT]checkAndChangeView: Reach consensus,org_view=5401,org_changeCycle=0,cur_changeCycle=0,to_view=5402
info|2019-12-11 23:23:45.267015|[g:1][CONSENSUS]addRawPrepare,height=7,reqIdx=0,hash=9f6ef60d...
info|2019-12-11 23:23:45.269745|[g:1][CONSENSUS][PBFT]checkTimeout Succ,view=5402,toView=5403,nodeIdx=3,changeCycle=0,myNode=b17d5937...,timecost=2.018
info|2019-12-11 23:23:45.288006|[g:1][CONSENSUS][PBFT]checkAndChangeView: Reach consensus,org_view=5402,org_changeCycle=0,cur_changeCycle=0,to_view=5403
info|2019-12-11 23:23:46.290990|[g:1][CONSENSUS]addRawPrepare,height=7,reqIdx=1,hash=638760e9...
info|2019-12-11 23:23:46.294165|[g:1][CONSENSUS][PBFT]checkTimeout Succ,view=5403,toView=5404,nodeIdx=3,changeCycle=0,myNode=b17d5937...,timecost=2.464
info|2019-12-11 23:23:46.312424|[g:1][CONSENSUS][PBFT]checkAndChangeView: Reach consensus,org_view=5403,org_changeCycle=0,cur_changeCycle=0,to_view=5404
info|2019-12-11 23:23:47.032731|[P2P][Service] heartBeat,connected count=3
info|2019-12-11 23:23:47.316736|[g:1][CONSENSUS]addRawPrepare,height=7,reqIdx=2,hash=0dace72f...
info|2019-12-11 23:23:47.325390|[g:1][CONSENSUS][PBFT]checkTimeout Succ,view=5404,toView=5405,nodeIdx=3,changeCycle=0,myNode=b17d5937...,timecost=7.944
info|2019-12-11 23:23:47.332661|[g:1][CONSENSUS][PBFT]checkAndChangeView: Reach consensus,org_view=5404,org_changeCycle=0,cur_changeCycle=0,to_view=5405
info|2019-12-11 23:23:48.333397|[g:1][CONSENSUS][SEALER]++++++++++++++++ Generating seal on,blkNum=7,tx=0,nodeIdx=3,hash=0949ef53...
info|2019-12-11 23:23:48.341589|[g:1][CONSENSUS][PBFT]checkTimeout Succ,view=5405,toView=5406,nodeIdx=3,changeCycle=0,myNode=b17d5937...,timecost=0.503
info|2019-12-11 23:23:48.342512|[g:1][CONSENSUS][PBFT]checkAndChangeView: Reach consensus,org_view=5405,org_changeCycle=0,cur_changeCycle=0,to_view=5406
info|2019-12-11 23:23:49.345108|[g:1][CONSENSUS]addRawPrepare,height=7,reqIdx=0,hash=73525fb2...
info|2019-12-11 23:23:49.345620|[g:1][CONSENSUS][PBFT]checkTimeout Succ,view=5406,toView=5407,nodeIdx=3,changeCycle=0,myNode=b17d5937...,timecost=0.406
info|2019-12-11 23:23:49.347095|[g:1][CONSENSUS][PBFT]checkAndChangeView: Reach consensus,org_view=5406,org_changeCycle=0,cur_changeCycle=0,to_view=5407
info|2019-12-11 23:23:50.349083|[g:1][CONSENSUS]addRawPrepare,height=7,reqIdx=1,hash=5d2d18d6...
info|2019-12-11 23:23:50.349492|[g:1][CONSENSUS][PBFT]checkTimeout Succ,view=5407,toView=5408,nodeIdx=3,changeCycle=0,myNode=b17d5937...,timecost=0.3
info|2019-12-11 23:23:50.351192|[g:1][CONSENSUS][PBFT]checkAndChangeView: Reach consensus,org_view=5407,org_changeCycle=0,cur_changeCycle=0,to_view=5408
info|2019-12-11 23:23:51.353086|[g:1][CONSENSUS]addRawPrepare,height=7,reqIdx=2,hash=d4c14193...
info|2019-12-11 23:23:51.354111|[g:1][CONSENSUS][PBFT]checkTimeout Succ,view=5408,toView=5409,nodeIdx=3,changeCycle=0,myNode=b17d5937...,timecost=0.531
info|2019-12-11 23:23:51.355089|[g:1][CONSENSUS][PBFT]checkAndChangeView: Reach consensus,org_view=5408,org_changeCycle=0,cur_changeCycle=0,to_view=5409
info|2019-12-11 23:23:52.355724|[g:1][CONSENSUS][SEALER]++++++++++++++++ Generating seal on,blkNum=7,tx=0,nodeIdx=3,hash=1f9fe27e...
info|2019-12-11 23:23:52.360199|[g:1][CONSENSUS][PBFT]checkTimeout Succ,view=5409,toView=5410,nodeIdx=3,changeCycle=0,myNode=b17d5937...,timecost=0.461
info|2019-12-11 23:23:52.360888|[g:1][CONSENSUS][PBFT]checkAndChangeView: Reach consensus,org_view=5409,org_changeCycle=0,cur_changeCycle=0,to_view=5410
info|2019-12-11 23:23:53.362494|[g:1][CONSENSUS]addRawPrepare,height=7,reqIdx=0,hash=b23d204b...
info|2019-12-11 23:23:53.364499|[g:1][CONSENSUS][PBFT]checkTimeout Succ,view=5410,toView=5411,nodeIdx=3,changeCycle=0,myNode=b17d5937...,timecost=1.877
info|2019-12-11 23:23:53.365208|[g:1][CONSENSUS][PBFT]checkAndChangeView: Reach consensus,org_view=5410,org_changeCycle=0,cur_changeCycle=0,to_view=5411
info|2019-12-11 23:23:54.366951|[g:1][CONSENSUS]addRawPrepare,height=7,reqIdx=1,hash=74de2e93...
info|2019-12-11 23:23:54.369339|[g:1][CONSENSUS][PBFT]checkTimeout Succ,view=5411,toView=5412,nodeIdx=3,changeCycle=0,myNode=b17d5937...,timecost=2.286
info|2019-12-11 23:23:54.370350|[g:1][CONSENSUS][PBFT]checkAndChangeView: Reach consensus,org_view=5411,org_changeCycle=0,cur_changeCycle=0,to_view=5412
info|2019-12-11 23:23:55.370871|[g:1][CONSENSUS]addRawPrepare,height=7,reqIdx=2,hash=1d3d12f0...
info|2019-12-11 23:23:55.371398|[g:1][CONSENSUS][PBFT]checkTimeout Succ,view=5412,toView=5413,nodeIdx=3,changeCycle=0,myNode=b17d5937...,timecost=0.394
info|2019-12-11 23:23:55.373434|[g:1][CONSENSUS][PBFT]checkAndChangeView: Reach consensus,org_view=5412,org_changeCycle=0,cur_changeCycle=0,to_view=5413
info|2019-12-11 23:23:56.373593|[g:1][CONSENSUS][SEALER]++++++++++++++++ Generating seal on,blkNum=7,tx=0,nodeIdx=3,hash=06959463...
info|2019-12-11 23:23:56.377823|[g:1][CONSENSUS][PBFT]checkTimeout Succ,view=5413,toView=5414,nodeIdx=3,changeCycle=0,myNode=b17d5937...,timecost=0.368
info|2019-12-11 23:23:56.378592|[g:1][CONSENSUS][PBFT]checkAndChangeView: Reach consensus,org_view=5413,org_changeCycle=0,cur_changeCycle=0,to_view=5414
info|2019-12-11 23:23:57.036505|[P2P][Service] heartBeat,connected count=3
info|2019-12-11 23:23:57.379337|[g:1][CONSENSUS]addRawPrepare,height=7,reqIdx=0,hash=cb3f71a9...
info|2019-12-11 23:23:57.380376|[g:1][CONSENSUS][PBFT]checkTimeout Succ,view=5414,toView=5415,nodeIdx=3,changeCycle=0,myNode=b17d5937...,timecost=0.262
info|2019-12-11 23:23:57.383333|[g:1][CONSENSUS][PBFT]checkAndChangeView: Reach consensus,org_view=5414,org_changeCycle=0,cur_changeCycle=0,to_view=5415
info|2019-12-11 23:23:58.384664|[g:1][CONSENSUS]addRawPrepare,height=7,reqIdx=1,hash=f4f32638...
info|2019-12-11 23:23:58.385445|[g:1][CONSENSUS][PBFT]checkTimeout Succ,view=5415,toView=5416,nodeIdx=3,changeCycle=0,myNode=b17d5937...,timecost=0.528
info|2019-12-11 23:23:58.387358|[g:1][CONSENSUS][PBFT]checkAndChangeView: Reach consensus,org_view=5415,org_changeCycle=0,cur_changeCycle=0,to_view=5416
info|2019-12-11 23:23:59.388782|[g:1][CONSENSUS]addRawPrepare,height=7,reqIdx=2,hash=c7295700...
info|2019-12-11 23:23:59.389161|[g:1][CONSENSUS][PBFT]checkTimeout Succ,view=5416,toView=5417,nodeIdx=3,changeCycle=0,myNode=b17d5937...,timecost=0.274
info|2019-12-11 23:23:59.390953|[g:1][CONSENSUS][PBFT]checkAndChangeView: Reach consensus,org_view=5416,org_changeCycle=0,cur_changeCycle=0,to_view=5417
info|2019-12-11 23:24:00.391138|[g:1][CONSENSUS][SEALER]++++++++++++++++ Generating seal on,blkNum=7,tx=0,nodeIdx=3,hash=2010fc13...
info|2019-12-11 23:24:00.393673|[g:1][CONSENSUS][PBFT]checkTimeout Succ,view=5417,toView=5418,nodeIdx=3,changeCycle=0,myNode=b17d5937...,timecost=0.38
info|2019-12-11 23:24:00.395722|[g:1][CONSENSUS][PBFT]checkAndChangeView: Reach consensus,org_view=5417,org_changeCycle=0,cur_changeCycle=0,to_view=5418
info|2019-12-11 23:24:01.395639|[g:1][CONSENSUS]addRawPrepare,height=7,reqIdx=0,hash=e7c93114...
info|2019-12-11 23:24:01.396038|[g:1][CONSENSUS][PBFT]checkTimeout Succ,view=5418,toView=5419,nodeIdx=3,changeCycle=0,myNode=b17d5937...,timecost=0.283
info|2019-12-11 23:24:01.397357|[g:1][CONSENSUS][PBFT]checkAndChangeView: Reach consensus,org_view=5418,org_changeCycle=0,cur_changeCycle=0,to_view=5419
info|2019-12-11 23:24:02.399669|[g:1][CONSENSUS]addRawPrepare,height=7,reqIdx=1,hash=e1a0d2f5...
info|2019-12-11 23:24:02.400814|[g:1][CONSENSUS][PBFT]checkTimeout Succ,view=5419,toView=5420,nodeIdx=3,changeCycle=0,myNode=b17d5937...,timecost=0.439
info|2019-12-11 23:24:02.402104|[g:1][CONSENSUS][PBFT]checkAndChangeView: Reach consensus,org_view=5419,org_changeCycle=0,cur_changeCycle=0,to_view=5420
info|2019-12-11 23:24:03.405416|[g:1][CONSENSUS]addRawPrepare,height=7,reqIdx=2,hash=0153a6dc...
info|2019-12-11 23:24:03.405796|[g:1][CONSENSUS][PBFT]checkTimeout Succ,view=5420,toView=5421,nodeIdx=3,changeCycle=0,myNode=b17d5937...,timecost=0.276
info|2019-12-11 23:24:03.409602|[g:1][CONSENSUS][PBFT]checkAndChangeView: Reach consensus,org_view=5420,org_changeCycle=0,cur_changeCycle=0,to_view=5421
info|2019-12-11 23:24:04.410067|[g:1][CONSENSUS][SEALER]++++++++++++++++ Generating seal on,blkNum=7,tx=0,nodeIdx=3,hash=37845404...
info|2019-12-11 23:24:04.411010|[g:1][CONSENSUS][PBFT]checkTimeout Succ,view=5421,toView=5422,nodeIdx=3,changeCycle=0,myNode=b17d5937...,timecost=0.552
info|2019-12-11 23:24:04.414532|[g:1][CONSENSUS][PBFT]checkAndChangeView: Reach consensus,org_view=5421,org_changeCycle=0,cur_changeCycle=0,to_view=5422
info|2019-12-11 23:24:05.415637|[g:1][CONSENSUS]addRawPrepare,height=7,reqIdx=0,hash=e0bdb785...
info|2019-12-11 23:24:05.416200|[g:1][CONSENSUS][PBFT]checkTimeout Succ,view=5422,toView=5423,nodeIdx=3,changeCycle=0,myNode=b17d5937...,timecost=0.41
info|2019-12-11 23:24:05.419095|[g:1][CONSENSUS][PBFT]checkAndChangeView: Reach consensus,org_view=5422,org_changeCycle=0,cur_changeCycle=0,to_view=5423
info|2019-12-11 23:24:06.422186|[g:1][CONSENSUS]addRawPrepare,height=7,reqIdx=1,hash=160c4155...
info|2019-12-11 23:24:06.422604|[g:1][CONSENSUS][PBFT]checkTimeout Succ,view=5423,toView=5424,nodeIdx=3,changeCycle=0,myNode=b17d5937...,timecost=0.306
info|2019-12-11 23:24:06.425589|[g:1][CONSENSUS][PBFT]checkAndChangeView: Reach consensus,org_view=5423,org_changeCycle=0,cur_changeCycle=0,to_view=5424
info|2019-12-11 23:24:07.045118|[P2P][Service] heartBeat,connected count=3
info|2019-12-11 23:24:07.428764|[g:1][CONSENSUS]addRawPrepare,height=7,reqIdx=2,hash=21a2c672...
info|2019-12-11 23:24:07.430009|[g:1][CONSENSUS][PBFT]checkTimeout Succ,view=5424,toView=5425,nodeIdx=3,changeCycle=0,myNode=b17d5937...,timecost=1.175
info|2019-12-11 23:24:07.432804|[g:1][CONSENSUS][PBFT]checkAndChangeView: Reach consensus,org_view=5424,org_changeCycle=0,cur_changeCycle=0,to_view=5425
info|2019-12-11 23:24:08.432860|[g:1][CONSENSUS][SEALER]++++++++++++++++ Generating seal on,blkNum=7,tx=0,nodeIdx=3,hash=a68eecd4...
info|2019-12-11 23:24:08.438381|[g:1][CONSENSUS][PBFT]checkTimeout Succ,view=5425,toView=5426,nodeIdx=3,changeCycle=0,myNode=b17d5937...,timecost=0.474
info|2019-12-11 23:24:08.439824|[g:1][CONSENSUS][PBFT]checkAndChangeView: Reach consensus,org_view=5425,org_changeCycle=0,cur_changeCycle=0,to_view=5426
info|2019-12-11 23:24:09.442236|[g:1][CONSENSUS]addRawPrepare,height=7,reqIdx=0,hash=a370610c...
info|2019-12-11 23:24:09.442834|[g:1][CONSENSUS][PBFT]checkTimeout Succ,view=5426,toView=5427,nodeIdx=3,changeCycle=0,myNode=b17d5937...,timecost=0.424
info|2019-12-11 23:24:09.444593|[g:1][CONSENSUS][PBFT]checkAndChangeView: Reach consensus,org_view=5426,org_changeCycle=0,cur_changeCycle=0,to_view=5427
info|2019-12-11 23:24:10.446415|[g:1][CONSENSUS]addRawPrepare,height=7,reqIdx=1,hash=8969571a...
info|2019-12-11 23:24:10.446869|[g:1][CONSENSUS][PBFT]checkTimeout Succ,view=5427,toView=5428,nodeIdx=3,changeCycle=0,myNode=b17d5937...,timecost=0.333
info|2019-12-11 23:24:10.449034|[g:1][CONSENSUS][PBFT]checkAndChangeView: Reach consensus,org_view=5427,org_changeCycle=0,cur_changeCycle=0,to_view=5428
info|2019-12-11 23:24:11.452232|[g:1][CONSENSUS]addRawPrepare,height=7,reqIdx=2,hash=e3cfab4d...
info|2019-12-11 23:24:11.453717|[g:1][CONSENSUS][PBFT]checkTimeout Succ,view=5428,toView=5429,nodeIdx=3,changeCycle=0,myNode=b17d5937...,timecost=1.168
info|2019-12-11 23:24:11.455058|[g:1][CONSENSUS][PBFT]checkAndChangeView: Reach consensus,org_view=5428,org_changeCycle=0,cur_changeCycle=0,to_view=5429
info|2019-12-11 23:24:12.455802|[g:1][CONSENSUS][SEALER]++++++++++++++++ Generating seal on,blkNum=7,tx=0,nodeIdx=3,hash=cba96488...
info|2019-12-11 23:24:12.456730|[g:1][CONSENSUS][PBFT]checkTimeout Succ,view=5429,toView=5430,nodeIdx=3,changeCycle=0,myNode=b17d5937...,timecost=0.559
info|2019-12-11 23:24:12.459426|[g:1][CONSENSUS][PBFT]checkAndChangeView: Reach consensus,org_view=5429,org_changeCycle=0,cur_changeCycle=0,to_view=5430
info|2019-12-11 23:24:13.461934|[g:1][CONSENSUS]addRawPrepare,height=7,reqIdx=0,hash=bc98f1a7...
info|2019-12-11 23:24:13.462499|[g:1][CONSENSUS][PBFT]checkTimeout Succ,view=5430,toView=5431,nodeIdx=3,changeCycle=0,myNode=b17d5937...,timecost=0.414
info|2019-12-11 23:24:13.464461|[g:1][CONSENSUS][PBFT]checkAndChangeView: Reach consensus,org_view=5430,org_changeCycle=0,cur_changeCycle=0,to_view=5431
info|2019-12-11 23:24:14.465349|[g:1][CONSENSUS]addRawPrepare,height=7,reqIdx=1,hash=d750b604...
info|2019-12-11 23:24:14.465855|[g:1][CONSENSUS][PBFT]checkTimeout Succ,view=5431,toView=5432,nodeIdx=3,changeCycle=0,myNode=b17d5937...,timecost=0.384
info|2019-12-11 23:24:14.467825|[g:1][CONSENSUS][PBFT]checkAndChangeView: Reach consensus,org_view=5431,org_changeCycle=0,cur_changeCycle=0,to_view=5432
info|2019-12-11 23:24:15.468751|[g:1][CONSENSUS]addRawPrepare,height=7,reqIdx=2,hash=28e23d7b...
info|2019-12-11 23:24:15.469368|[g:1][CONSENSUS][PBFT]checkTimeout Succ,view=5432,toView=5433,nodeIdx=3,changeCycle=0,myNode=b17d5937...,timecost=0.483
info|2019-12-11 23:24:15.470871|[g:1][CONSENSUS][PBFT]checkAndChangeView: Reach consensus,org_view=5432,org_changeCycle=0,cur_changeCycle=0,to_view=5433
info|2019-12-11 23:24:16.471739|[g:1][CONSENSUS][SEALER]++++++++++++++++ Generating seal on,blkNum=7,tx=0,nodeIdx=3,hash=96f835fe...
info|2019-12-11 23:24:16.474592|[g:1][CONSENSUS][PBFT]checkTimeout Succ,view=5433,toView=5434,nodeIdx=3,changeCycle=0,myNode=b17d5937...,timecost=0.382
info|2019-12-11 23:24:16.475767|[g:1][CONSENSUS][PBFT]checkAndChangeView: Reach consensus,org_view=5433,org_changeCycle=0,cur_changeCycle=0,to_view=5434
info|2019-12-11 23:24:17.051536|[P2P][Service] heartBeat,connected count=3
info|2019-12-11 23:24:17.479157|[g:1][CONSENSUS]addRawPrepare,height=7,reqIdx=0,hash=ee393c18...
info|2019-12-11 23:24:17.480388|[g:1][CONSENSUS][PBFT]checkTimeout Succ,view=5434,toView=5435,nodeIdx=3,changeCycle=0,myNode=b17d5937...,timecost=0.72
info|2019-12-11 23:24:17.484633|[g:1][CONSENSUS][PBFT]checkAndChangeView: Reach consensus,org_view=5434,org_changeCycle=0,cur_changeCycle=0,to_view=5435
info|2019-12-11 23:24:18.484756|[g:1][CONSENSUS]addRawPrepare,height=7,reqIdx=1,hash=fe1150c5...
info|2019-12-11 23:24:18.485347|[g:1][CONSENSUS][PBFT]checkTimeout Succ,view=5435,toView=5436,nodeIdx=3,changeCycle=0,myNode=b17d5937...,timecost=0.436
info|2019-12-11 23:24:18.487267|[g:1][CONSENSUS][PBFT]checkAndChangeView: Reach consensus,org_view=5435,org_changeCycle=0,cur_changeCycle=0,to_view=5436
info|2019-12-11 23:24:19.488625|[g:1][CONSENSUS]addRawPrepare,height=7,reqIdx=2,hash=532b6f1a...
info|2019-12-11 23:24:19.489233|[g:1][CONSENSUS][PBFT]checkTimeout Succ,view=5436,toView=5437,nodeIdx=3,changeCycle=0,myNode=b17d5937...,timecost=0.481
info|2019-12-11 23:24:19.492024|[g:1][CONSENSUS][PBFT]checkAndChangeView: Reach consensus,org_view=5436,org_changeCycle=0,cur_changeCycle=0,to_view=5437
