warning|2019-12-11 04:10:31.004705|[g:1][CONSENSUS][PBFT]ViewChangeWarning: not caused by omit empty block ,v=5956,toV=5957,curNum=0,hash=535430dd...,nodeIdx=3,myNode=b17d5937...
info|2019-12-11 04:10:31.004786|[g:1][CONSENSUS][PBFT]checkTimeout Succ,view=5956,toView=5957,nodeIdx=3,changeCycle=1,myNode=b17d5937...,timecost=0.39
info|2019-12-11 04:10:31.009261|[P2P][Service] heartBeat,connected count=3
info|2019-12-11 04:10:31.021560|[g:1][CONSENSUS][PBFT]checkAndChangeView: Reach consensus,org_view=5956,org_changeCycle=1,cur_changeCycle=1,to_view=5957
info|2019-12-11 04:10:32.025559|[g:1][CONSENSUS]addRawPrepare,height=1,reqIdx=1,hash=d4a190e6...
info|2019-12-11 04:10:32.025971|[g:1][CONSENSUS][PBFT]checkTimeout Succ,view=5957,toView=5958,nodeIdx=3,changeCycle=0,myNode=b17d5937...,timecost=0.255
info|2019-12-11 04:10:32.028191|[g:1][CONSENSUS][PBFT]checkAndChangeView: Reach consensus,org_view=5957,org_changeCycle=0,cur_changeCycle=0,to_view=5958
info|2019-12-11 04:10:33.029140|[g:1][CONSENSUS]addRawPrepare,height=1,reqIdx=2,hash=770ee148...
info|2019-12-11 04:10:33.029501|[g:1][CONSENSUS][PBFT]checkTimeout Succ,view=5958,toView=5959,nodeIdx=3,changeCycle=0,myNode=b17d5937...,timecost=0.259
info|2019-12-11 04:10:33.031379|[g:1][CONSENSUS][PBFT]checkAndChangeView: Reach consensus,org_view=5958,org_changeCycle=0,cur_changeCycle=0,to_view=5959
info|2019-12-11 04:10:34.032509|[g:1][CONSENSUS][SEALER]++++++++++++++++ Generating seal on,blkNum=1,tx=0,nodeIdx=3,hash=2ebbdb04...
info|2019-12-11 04:10:34.035299|[g:1][CONSENSUS][PBFT]checkTimeout Succ,view=5959,toView=5960,nodeIdx=3,changeCycle=0,myNode=b17d5937...,timecost=0.343
info|2019-12-11 04:10:34.035700|[g:1][CONSENSUS][PBFT]checkAndChangeView: Reach consensus,org_view=5959,org_changeCycle=0,cur_changeCycle=0,to_view=5960
info|2019-12-11 04:10:35.038242|[g:1][CONSENSUS]addRawPrepare,height=1,reqIdx=0,hash=bf2a2370...
info|2019-12-11 04:10:35.038590|[g:1][CONSENSUS][PBFT]checkTimeout Succ,view=5960,toView=5961,nodeIdx=3,changeCycle=0,myNode=b17d5937...,timecost=0.244
info|2019-12-11 04:10:35.039998|[g:1][CONSENSUS][PBFT]checkAndChangeView: Reach consensus,org_view=5960,org_changeCycle=0,cur_changeCycle=0,to_view=5961
info|2019-12-11 04:10:36.041618|[g:1][CONSENSUS]addRawPrepare,height=1,reqIdx=1,hash=f626f0a2...
info|2019-12-11 04:10:36.041982|[g:1][CONSENSUS][PBFT]checkTimeout Succ,view=5961,toView=5962,nodeIdx=3,changeCycle=0,myNode=b17d5937...,timecost=0.264
info|2019-12-11 04:10:36.043447|[g:1][CONSENSUS][PBFT]checkAndChangeView: Reach consensus,org_view=5961,org_changeCycle=0,cur_changeCycle=0,to_view=5962
info|2019-12-11 04:10:37.046156|[g:1][CONSENSUS]addRawPrepare,height=1,reqIdx=2,hash=dc07bcbd...
info|2019-12-11 04:10:37.046545|[g:1][CONSENSUS][PBFT]checkTimeout Succ,view=5962,toView=5963,nodeIdx=3,changeCycle=0,myNode=b17d5937...,timecost=0.282
info|2019-12-11 04:10:37.049171|[g:1][CONSENSUS][PBFT]checkAndChangeView: Reach consensus,org_view=5962,org_changeCycle=0,cur_changeCycle=0,to_view=5963
info|2019-12-11 04:10:38.049763|[g:1][CONSENSUS][SEALER]++++++++++++++++ Generating seal on,blkNum=1,tx=0,nodeIdx=3,hash=ba65dfa5...
info|2019-12-11 04:10:38.052214|[g:1][CONSENSUS][PBFT]checkTimeout Succ,view=5963,toView=5964,nodeIdx=3,changeCycle=0,myNode=b17d5937...,timecost=0.307
info|2019-12-11 04:10:38.053339|[g:1][CONSENSUS][PBFT]checkAndChangeView: Reach consensus,org_view=5963,org_changeCycle=0,cur_changeCycle=0,to_view=5964
info|2019-12-11 04:10:39.055467|[g:1][CONSENSUS]addRawPrepare,height=1,reqIdx=0,hash=84b6199d...
info|2019-12-11 04:10:39.055843|[g:1][CONSENSUS][PBFT]checkTimeout Succ,view=5964,toView=5965,nodeIdx=3,changeCycle=0,myNode=b17d5937...,timecost=0.277
info|2019-12-11 04:10:39.057935|[g:1][CONSENSUS][PBFT]checkAndChangeView: Reach consensus,org_view=5964,org_changeCycle=0,cur_changeCycle=0,to_view=5965
info|2019-12-11 04:10:40.059442|[g:1][CONSENSUS]addRawPrepare,height=1,reqIdx=1,hash=5b737ec0...
info|2019-12-11 04:10:40.059848|[g:1][CONSENSUS][PBFT]checkTimeout Succ,view=5965,toView=5966,nodeIdx=3,changeCycle=0,myNode=b17d5937...,timecost=0.301
info|2019-12-11 04:10:40.061845|[g:1][CONSENSUS][PBFT]checkAndChangeView: Reach consensus,org_view=5965,org_changeCycle=0,cur_changeCycle=0,to_view=5966
info|2019-12-11 04:10:41.013988|[P2P][Service] heartBeat,connected count=3
info|2019-12-11 04:10:41.063739|[g:1][CONSENSUS]addRawPrepare,height=1,reqIdx=2,hash=f7d920f2...
info|2019-12-11 04:10:41.064917|[g:1][CONSENSUS][PBFT]checkTimeout Succ,view=5966,toView=5967,nodeIdx=3,changeCycle=0,myNode=b17d5937...,timecost=1.022
info|2019-12-11 04:10:41.066767|[g:1][CONSENSUS][PBFT]checkAndChangeView: Reach consensus,org_view=5966,org_changeCycle=0,cur_changeCycle=0,to_view=5967
info|2019-12-11 04:10:42.067175|[g:1][CONSENSUS][SEALER]++++++++++++++++ Generating seal on,blkNum=1,tx=0,nodeIdx=3,hash=aeff4916...
info|2019-12-11 04:10:42.098214|[g:1][CONSENSUS][PBFT]checkTimeout Succ,view=5967,toView=5968,nodeIdx=3,changeCycle=0,myNode=b17d5937...,timecost=16.304
info|2019-12-11 04:10:42.105448|[g:1][CONSENSUS][PBFT]checkAndChangeView: Reach consensus,org_view=5967,org_changeCycle=0,cur_changeCycle=0,to_view=5968
info|2019-12-11 04:10:43.104202|[g:1][CONSENSUS]addRawPrepare,height=1,reqIdx=0,hash=12c2ad72...
info|2019-12-11 04:10:43.111764|[g:1][CONSENSUS][PBFT]checkTimeout Succ,view=5968,toView=5969,nodeIdx=3,changeCycle=0,myNode=b17d5937...,timecost=7.057
info|2019-12-11 04:10:43.123441|[g:1][CONSENSUS][PBFT]checkAndChangeView: Reach consensus,org_view=5968,org_changeCycle=0,cur_changeCycle=0,to_view=5969
info|2019-12-11 04:10:44.122523|[g:1][CONSENSUS]addRawPrepare,height=1,reqIdx=1,hash=4eec9b35...
info|2019-12-11 04:10:44.125559|[g:1][CONSENSUS][PBFT]checkTimeout Succ,view=5969,toView=5970,nodeIdx=3,changeCycle=0,myNode=b17d5937...,timecost=2.306
info|2019-12-11 04:10:44.138741|[g:1][CONSENSUS][PBFT]checkAndChangeView: Reach consensus,org_view=5969,org_changeCycle=0,cur_changeCycle=0,to_view=5970
info|2019-12-11 04:10:45.150403|[g:1][CONSENSUS]addRawPrepare,height=1,reqIdx=2,hash=8aacb785...
info|2019-12-11 04:10:45.155224|[g:1][CONSENSUS][PBFT]checkTimeout Succ,view=5970,toView=5971,nodeIdx=3,changeCycle=0,myNode=b17d5937...,timecost=3.689
info|2019-12-11 04:10:45.162753|[g:1][CONSENSUS][PBFT]checkAndChangeView: Reach consensus,org_view=5970,org_changeCycle=0,cur_changeCycle=0,to_view=5971
info|2019-12-11 04:10:46.164128|[g:1][CONSENSUS][SEALER]++++++++++++++++ Generating seal on,blkNum=1,tx=0,nodeIdx=3,hash=bcdda376...
info|2019-12-11 04:10:46.168232|[g:1][CONSENSUS][PBFT]checkTimeout Succ,view=5971,toView=5972,nodeIdx=3,changeCycle=0,myNode=b17d5937...,timecost=2.497
info|2019-12-11 04:10:46.183470|[g:1][CONSENSUS][PBFT]checkAndChangeView: Reach consensus,org_view=5971,org_changeCycle=0,cur_changeCycle=0,to_view=5972
info|2019-12-11 04:10:47.191828|[g:1][CONSENSUS]addRawPrepare,height=1,reqIdx=0,hash=60f93577...
info|2019-12-11 04:10:47.194568|[g:1][CONSENSUS][PBFT]checkTimeout Succ,view=5972,toView=5973,nodeIdx=3,changeCycle=0,myNode=b17d5937...,timecost=2.159
info|2019-12-11 04:10:47.207522|[g:1][CONSENSUS][PBFT]checkAndChangeView: Reach consensus,org_view=5972,org_changeCycle=0,cur_changeCycle=0,to_view=5973
info|2019-12-11 04:10:48.221413|[g:1][CONSENSUS]addRawPrepare,height=1,reqIdx=1,hash=35d4ceea...
info|2019-12-11 04:10:48.230894|[g:1][CONSENSUS][PBFT]checkTimeout Succ,view=5973,toView=5974,nodeIdx=3,changeCycle=0,myNode=b17d5937...,timecost=8.8
info|2019-12-11 04:10:48.241746|[g:1][CONSENSUS][PBFT]checkAndChangeView: Reach consensus,org_view=5973,org_changeCycle=0,cur_changeCycle=0,to_view=5974
info|2019-12-11 04:10:49.241440|[g:1][CONSENSUS]addRawPrepare,height=1,reqIdx=2,hash=5b9fc3df...
info|2019-12-11 04:10:49.245279|[g:1][CONSENSUS][PBFT]checkTimeout Succ,view=5974,toView=5975,nodeIdx=3,changeCycle=0,myNode=b17d5937...,timecost=2.353
info|2019-12-11 04:10:49.256040|[g:1][CONSENSUS][PBFT]checkAndChangeView: Reach consensus,org_view=5974,org_changeCycle=0,cur_changeCycle=0,to_view=5975
info|2019-12-11 04:10:50.258115|[g:1][CONSENSUS][SEALER]++++++++++++++++ Generating seal on,blkNum=1,tx=0,nodeIdx=3,hash=ad4e0579...
info|2019-12-11 04:10:50.272990|[g:1][CONSENSUS][PBFT]checkTimeout Succ,view=5975,toView=5976,nodeIdx=3,changeCycle=0,myNode=b17d5937...,timecost=4.635
info|2019-12-11 04:10:50.280057|[g:1][CONSENSUS][PBFT]checkAndChangeView: Reach consensus,org_view=5975,org_changeCycle=0,cur_changeCycle=0,to_view=5976
info|2019-12-11 04:10:51.020510|[P2P][Service] heartBeat,connected count=3
info|2019-12-11 04:10:51.288358|[g:1][CONSENSUS]addRawPrepare,height=1,reqIdx=0,hash=26451d8c...
info|2019-12-11 04:10:51.306503|[g:1][CONSENSUS][PBFT]checkTimeout Succ,view=5976,toView=5977,nodeIdx=3,changeCycle=0,myNode=b17d5937...,timecost=17.463
info|2019-12-11 04:10:51.312223|[g:1][CONSENSUS][PBFT]checkAndChangeView: Reach consensus,org_view=5976,org_changeCycle=0,cur_changeCycle=0,to_view=5977
info|2019-12-11 04:10:52.303434|[g:1][CONSENSUS]addRawPrepare,height=1,reqIdx=1,hash=33b04d77...
info|2019-12-11 04:10:52.304632|[g:1][CONSENSUS][PBFT]checkTimeout Succ,view=5977,toView=5978,nodeIdx=3,changeCycle=0,myNode=b17d5937...,timecost=0.989
info|2019-12-11 04:10:52.308548|[g:1][CONSENSUS][PBFT]checkAndChangeView: Reach consensus,org_view=5977,org_changeCycle=0,cur_changeCycle=0,to_view=5978
info|2019-12-11 04:10:53.311179|[g:1][CONSENSUS]addRawPrepare,height=1,reqIdx=2,hash=6392ee0d...
info|2019-12-11 04:10:53.312077|[g:1][CONSENSUS][PBFT]checkTimeout Succ,view=5978,toView=5979,nodeIdx=3,changeCycle=0,myNode=b17d5937...,timecost=0.708
info|2019-12-11 04:10:53.316199|[g:1][CONSENSUS][PBFT]checkAndChangeView: Reach consensus,org_view=5978,org_changeCycle=0,cur_changeCycle=0,to_view=5979
info|2019-12-11 04:10:54.317653|[g:1][CONSENSUS][SEALER]++++++++++++++++ Generating seal on,blkNum=1,tx=0,nodeIdx=3,hash=becc2f88...
info|2019-12-11 04:10:54.318578|[g:1][CONSENSUS][PBFT]checkTimeout Succ,view=5979,toView=5980,nodeIdx=3,changeCycle=0,myNode=b17d5937...,timecost=0.559
info|2019-12-11 04:10:54.321877|[g:1][CONSENSUS][PBFT]checkAndChangeView: Reach consensus,org_view=5979,org_changeCycle=0,cur_changeCycle=0,to_view=5980
info|2019-12-11 04:10:55.323628|[g:1][CONSENSUS]addRawPrepare,height=1,reqIdx=0,hash=0e58f863...
info|2019-12-11 04:10:55.324215|[g:1][CONSENSUS][PBFT]checkTimeout Succ,view=5980,toView=5981,nodeIdx=3,changeCycle=0,myNode=b17d5937...,timecost=0.435
info|2019-12-11 04:10:55.325952|[g:1][CONSENSUS][PBFT]checkAndChangeView: Reach consensus,org_view=5980,org_changeCycle=0,cur_changeCycle=0,to_view=5981
info|2019-12-11 04:10:56.329568|[g:1][CONSENSUS]addRawPrepare,height=1,reqIdx=1,hash=cf2fe334...
info|2019-12-11 04:10:56.333927|[g:1][CONSENSUS][PBFT]checkTimeout Succ,view=5981,toView=5982,nodeIdx=3,changeCycle=0,myNode=b17d5937...,timecost=3.207
info|2019-12-11 04:10:56.334719|[g:1][CONSENSUS][PBFT]checkAndChangeView: Reach consensus,org_view=5981,org_changeCycle=0,cur_changeCycle=0,to_view=5982
info|2019-12-11 04:10:57.335421|[g:1][CONSENSUS]addRawPrepare,height=1,reqIdx=2,hash=d55856e6...
info|2019-12-11 04:10:57.336055|[g:1][CONSENSUS][PBFT]checkTimeout Succ,view=5982,toView=5983,nodeIdx=3,changeCycle=0,myNode=b17d5937...,timecost=0.51
info|2019-12-11 04:10:57.338036|[g:1][CONSENSUS][PBFT]checkAndChangeView: Reach consensus,org_view=5982,org_changeCycle=0,cur_changeCycle=0,to_view=5983
info|2019-12-11 04:10:58.339024|[g:1][CONSENSUS][SEALER]++++++++++++++++ Generating seal on,blkNum=1,tx=0,nodeIdx=3,hash=fae8aaf6...
info|2019-12-11 04:10:58.340425|[g:1][CONSENSUS][PBFT]checkTimeout Succ,view=5983,toView=5984,nodeIdx=3,changeCycle=0,myNode=b17d5937...,timecost=0.849
info|2019-12-11 04:10:58.344264|[g:1][CONSENSUS][PBFT]checkAndChangeView: Reach consensus,org_view=5983,org_changeCycle=0,cur_changeCycle=0,to_view=5984
info|2019-12-11 04:10:59.347109|[g:1][CONSENSUS]addRawPrepare,height=1,reqIdx=0,hash=a6562e87...
info|2019-12-11 04:10:59.348184|[g:1][CONSENSUS][PBFT]checkTimeout Succ,view=5984,toView=5985,nodeIdx=3,changeCycle=0,myNode=b17d5937...,timecost=0.743
info|2019-12-11 04:10:59.350909|[g:1][CONSENSUS][PBFT]checkAndChangeView: Reach consensus,org_view=5984,org_changeCycle=0,cur_changeCycle=0,to_view=5985
info|2019-12-11 04:11:00.353531|[g:1][CONSENSUS]addRawPrepare,height=1,reqIdx=1,hash=fc90b2e0...
info|2019-12-11 04:11:00.354467|[g:1][CONSENSUS][PBFT]checkTimeout Succ,view=5985,toView=5986,nodeIdx=3,changeCycle=0,myNode=b17d5937...,timecost=0.713
info|2019-12-11 04:11:00.356919|[g:1][CONSENSUS][PBFT]checkAndChangeView: Reach consensus,org_view=5985,org_changeCycle=0,cur_changeCycle=0,to_view=5986
info|2019-12-11 04:11:01.027328|[P2P][Service] heartBeat,connected count=3
info|2019-12-11 04:11:01.358861|[g:1][CONSENSUS]addRawPrepare,height=1,reqIdx=2,hash=2bcbf747...
info|2019-12-11 04:11:01.360183|[g:1][CONSENSUS][PBFT]checkTimeout Succ,view=5986,toView=5987,nodeIdx=3,changeCycle=0,myNode=b17d5937...,timecost=0.924
info|2019-12-11 04:11:01.361996|[g:1][CONSENSUS][PBFT]checkAndChangeView: Reach consensus,org_view=5986,org_changeCycle=0,cur_changeCycle=0,to_view=5987
info|2019-12-11 04:11:02.362429|[g:1][CONSENSUS][SEALER]++++++++++++++++ Generating seal on,blkNum=1,tx=0,nodeIdx=3,hash=10518a34...
info|2019-12-11 04:11:02.365566|[g:1][CONSENSUS][PBFT]checkTimeout Succ,view=5987,toView=5988,nodeIdx=3,changeCycle=0,myNode=b17d5937...,timecost=0.443
info|2019-12-11 04:11:02.366437|[g:1][CONSENSUS][PBFT]checkAndChangeView: Reach consensus,org_view=5987,org_changeCycle=0,cur_changeCycle=0,to_view=5988
info|2019-12-11 04:11:03.368515|[g:1][CONSENSUS]addRawPrepare,height=1,reqIdx=0,hash=c5195d7f...
info|2019-12-11 04:11:03.370116|[g:1][CONSENSUS][PBFT]checkTimeout Succ,view=5988,toView=5989,nodeIdx=3,changeCycle=0,myNode=b17d5937...,timecost=1.339
info|2019-12-11 04:11:03.373393|[g:1][CONSENSUS][PBFT]checkAndChangeView: Reach consensus,org_view=5988,org_changeCycle=0,cur_changeCycle=0,to_view=5989
info|2019-12-11 04:11:04.376884|[g:1][CONSENSUS]addRawPrepare,height=1,reqIdx=1,hash=2e2b09e1...
info|2019-12-11 04:11:04.378586|[g:1][CONSENSUS][PBFT]checkTimeout Succ,view=5989,toView=5990,nodeIdx=3,changeCycle=0,myNode=b17d5937...,timecost=1.328
info|2019-12-11 04:11:04.381514|[g:1][CONSENSUS][PBFT]checkAndChangeView: Reach consensus,org_view=5989,org_changeCycle=0,cur_changeCycle=0,to_view=5990
info|2019-12-11 04:11:05.382300|[g:1][CONSENSUS]addRawPrepare,height=1,reqIdx=2,hash=59a3245d...
info|2019-12-11 04:11:05.384991|[g:1][CONSENSUS][PBFT]checkTimeout Succ,view=5990,toView=5991,nodeIdx=3,changeCycle=0,myNode=b17d5937...,timecost=2.463
info|2019-12-11 04:11:05.387023|[g:1][CONSENSUS][PBFT]checkAndChangeView: Reach consensus,org_view=5990,org_changeCycle=0,cur_changeCycle=0,to_view=5991
info|2019-12-11 04:11:06.387757|[g:1][CONSENSUS][SEALER]++++++++++++++++ Generating seal on,blkNum=1,tx=0,nodeIdx=3,hash=60b45e03...
info|2019-12-11 04:11:06.394790|[g:1][CONSENSUS][PBFT]checkTimeout Succ,view=5991,toView=5992,nodeIdx=3,changeCycle=0,myNode=b17d5937...,timecost=1.117
info|2019-12-11 04:11:06.395242|[g:1][CONSENSUS][PBFT]checkAndChangeView: Reach consensus,org_view=5991,org_changeCycle=0,cur_changeCycle=0,to_view=5992
info|2019-12-11 04:11:07.396930|[g:1][CONSENSUS]addRawPrepare,height=1,reqIdx=0,hash=33c031a8...
info|2019-12-11 04:11:07.397360|[g:1][CONSENSUS][PBFT]checkTimeout Succ,view=5992,toView=5993,nodeIdx=3,changeCycle=0,myNode=b17d5937...,timecost=0.285
info|2019-12-11 04:11:07.399550|[g:1][CONSENSUS][PBFT]checkAndChangeView: Reach consensus,org_view=5992,org_changeCycle=0,cur_changeCycle=0,to_view=5993
warning|2019-12-11 04:26:03.005496|[g:1][CONSENSUS][PBFT]ViewChangeWarning: not caused by omit empty block ,v=5993,toV=5994,curNum=0,hash=535430dd...,nodeIdx=3,myNode=b17d5937...
info|2019-12-11 04:26:03.005883|[g:1][CONSENSUS][PBFT]checkTimeout Succ,view=5993,toView=5994,nodeIdx=3,changeCycle=1,myNode=b17d5937...,timecost=0.731
info|2019-12-11 04:26:03.010108|[P2P][Service] heartBeat,connected count=3
info|2019-12-11 04:26:03.021357|[g:1][CONSENSUS][PBFT]checkAndChangeView: Reach consensus,org_view=5993,org_changeCycle=1,cur_changeCycle=1,to_view=5994
info|2019-12-11 04:26:04.024832|[g:1][CONSENSUS]addRawPrepare,height=1,reqIdx=2,hash=1fd7854a...
info|2019-12-11 04:26:04.025238|[g:1][CONSENSUS][PBFT]checkTimeout Succ,view=5994,toView=5995,nodeIdx=3,changeCycle=0,myNode=b17d5937...,timecost=0.239
info|2019-12-11 04:26:04.027456|[g:1][CONSENSUS][PBFT]checkAndChangeView: Reach consensus,org_view=5994,org_changeCycle=0,cur_changeCycle=0,to_view=5995
info|2019-12-11 04:26:05.027872|[g:1][CONSENSUS][SEALER]++++++++++++++++ Generating seal on,blkNum=1,tx=0,nodeIdx=3,hash=f43a67b3...
info|2019-12-11 04:26:05.030716|[g:1][CONSENSUS][PBFT]checkTimeout Succ,view=5995,toView=5996,nodeIdx=3,changeCycle=0,myNode=b17d5937...,timecost=0.276
info|2019-12-11 04:26:05.031160|[g:1][CONSENSUS][PBFT]checkAndChangeView: Reach consensus,org_view=5995,org_changeCycle=0,cur_changeCycle=0,to_view=5996
info|2019-12-11 04:26:06.033976|[g:1][CONSENSUS]addRawPrepare,height=1,reqIdx=0,hash=784d8d55...
info|2019-12-11 04:26:06.034375|[g:1][CONSENSUS][PBFT]checkTimeout Succ,view=5996,toView=5997,nodeIdx=3,changeCycle=0,myNode=b17d5937...,timecost=0.284
info|2019-12-11 04:26:06.037148|[g:1][CONSENSUS][PBFT]checkAndChangeView: Reach consensus,org_view=5996,org_changeCycle=0,cur_changeCycle=0,to_view=5997
info|2019-12-11 04:26:07.038315|[g:1][CONSENSUS]addRawPrepare,height=1,reqIdx=1,hash=1279b1a8...
info|2019-12-11 04:26:07.038878|[g:1][CONSENSUS][PBFT]checkTimeout Succ,view=5997,toView=5998,nodeIdx=3,changeCycle=0,myNode=b17d5937...,timecost=0.36
info|2019-12-11 04:26:07.040306|[g:1][CONSENSUS][PBFT]checkAndChangeView: Reach consensus,org_view=5997,org_changeCycle=0,cur_changeCycle=0,to_view=5998
info|2019-12-11 04:26:08.043598|[g:1][CONSENSUS]addRawPrepare,height=1,reqIdx=2,hash=a30904f6...
info|2019-12-11 04:26:08.044533|[g:1][CONSENSUS][PBFT]checkTimeout Succ,view=5998,toView=5999,nodeIdx=3,changeCycle=0,myNode=b17d5937...,timecost=0.733
info|2019-12-11 04:26:08.047926|[g:1][CONSENSUS][PBFT]checkAndChangeView: Reach consensus,org_view=5998,org_changeCycle=0,cur_changeCycle=0,to_view=5999
info|2019-12-11 04:26:09.048699|[g:1][CONSENSUS][SEALER]++++++++++++++++ Generating seal on,blkNum=1,tx=0,nodeIdx=3,hash=50bba7cb...
info|2019-12-11 04:26:09.052858|[g:1][CONSENSUS][PBFT]checkTimeout Succ,view=5999,toView=6000,nodeIdx=3,changeCycle=0,myNode=b17d5937...,timecost=0.639
info|2019-12-11 04:26:09.054519|[g:1][CONSENSUS][PBFT]checkAndChangeView: Reach consensus,org_view=5999,org_changeCycle=0,cur_changeCycle=0,to_view=6000
info|2019-12-11 04:26:10.057879|[g:1][CONSENSUS]addRawPrepare,height=1,reqIdx=0,hash=538d860f...
info|2019-12-11 04:26:10.058995|[g:1][CONSENSUS][PBFT]checkTimeout Succ,view=6000,toView=6001,nodeIdx=3,changeCycle=0,myNode=b17d5937...,timecost=0.784
info|2019-12-11 04:26:10.060885|[g:1][CONSENSUS][PBFT]checkAndChangeView: Reach consensus,org_view=6000,org_changeCycle=0,cur_changeCycle=0,to_view=6001
info|2019-12-11 04:26:11.064621|[g:1][CONSENSUS]addRawPrepare,height=1,reqIdx=1,hash=f86f8563...
info|2019-12-11 04:26:11.066769|[g:1][CONSENSUS][PBFT]checkTimeout Succ,view=6001,toView=6002,nodeIdx=3,changeCycle=0,myNode=b17d5937...,timecost=1.938
info|2019-12-11 04:26:11.069573|[g:1][CONSENSUS][PBFT]checkAndChangeView: Reach consensus,org_view=6001,org_changeCycle=0,cur_changeCycle=0,to_view=6002
info|2019-12-11 04:26:12.071607|[g:1][CONSENSUS]addRawPrepare,height=1,reqIdx=2,hash=f9dacb36...
info|2019-12-11 04:26:12.072618|[g:1][CONSENSUS][PBFT]checkTimeout Succ,view=6002,toView=6003,nodeIdx=3,changeCycle=0,myNode=b17d5937...,timecost=0.71
info|2019-12-11 04:26:12.075741|[g:1][CONSENSUS][PBFT]checkAndChangeView: Reach consensus,org_view=6002,org_changeCycle=0,cur_changeCycle=0,to_view=6003
info|2019-12-11 04:26:13.018124|[P2P][Service] heartBeat,connected count=3
info|2019-12-11 04:26:13.076639|[g:1][CONSENSUS][SEALER]++++++++++++++++ Generating seal on,blkNum=1,tx=0,nodeIdx=3,hash=8fa260b5...
info|2019-12-11 04:26:13.077886|[g:1][CONSENSUS][PBFT]checkTimeout Succ,view=6003,toView=6004,nodeIdx=3,changeCycle=0,myNode=b17d5937...,timecost=0.71
info|2019-12-11 04:26:13.082544|[g:1][CONSENSUS][PBFT]checkAndChangeView: Reach consensus,org_view=6003,org_changeCycle=0,cur_changeCycle=0,to_view=6004
info|2019-12-11 04:26:14.196439|[g:1][CONSENSUS]addRawPrepare,height=1,reqIdx=0,hash=6c886f39...
info|2019-12-11 04:26:14.199713|[g:1][CONSENSUS][PBFT]checkTimeout Succ,view=6004,toView=6005,nodeIdx=3,changeCycle=0,myNode=b17d5937...,timecost=2.27
info|2019-12-11 04:26:14.214387|[g:1][CONSENSUS][PBFT]checkAndChangeView: Reach consensus,org_view=6004,org_changeCycle=0,cur_changeCycle=0,to_view=6005
info|2019-12-11 04:26:15.231421|[g:1][CONSENSUS]addRawPrepare,height=1,reqIdx=1,hash=7e9ad121...
info|2019-12-11 04:26:15.236161|[g:1][CONSENSUS][PBFT]checkTimeout Succ,view=6005,toView=6006,nodeIdx=3,changeCycle=0,myNode=b17d5937...,timecost=2.951
info|2019-12-11 04:26:15.248868|[g:1][CONSENSUS][PBFT]checkAndChangeView: Reach consensus,org_view=6005,org_changeCycle=0,cur_changeCycle=0,to_view=6006
info|2019-12-11 04:26:16.280524|[g:1][CONSENSUS]addRawPrepare,height=1,reqIdx=2,hash=eb11a6a1...
info|2019-12-11 04:26:16.283421|[g:1][CONSENSUS][PBFT]checkTimeout Succ,view=6006,toView=6007,nodeIdx=3,changeCycle=0,myNode=b17d5937...,timecost=2.218
info|2019-12-11 04:26:16.297734|[g:1][CONSENSUS][PBFT]checkAndChangeView: Reach consensus,org_view=6006,org_changeCycle=0,cur_changeCycle=0,to_view=6007
info|2019-12-11 04:26:17.297670|[g:1][CONSENSUS][SEALER]++++++++++++++++ Generating seal on,blkNum=1,tx=0,nodeIdx=3,hash=1b5e495c...
info|2019-12-11 04:26:17.301375|[g:1][CONSENSUS][PBFT]checkTimeout Succ,view=6007,toView=6008,nodeIdx=3,changeCycle=0,myNode=b17d5937...,timecost=2.139
info|2019-12-11 04:26:17.319085|[g:1][CONSENSUS][PBFT]checkAndChangeView: Reach consensus,org_view=6007,org_changeCycle=0,cur_changeCycle=0,to_view=6008
info|2019-12-11 04:26:18.324273|[g:1][CONSENSUS]addRawPrepare,height=1,reqIdx=0,hash=dd8d50b1...
info|2019-12-11 04:26:18.327781|[g:1][CONSENSUS][PBFT]checkTimeout Succ,view=6008,toView=6009,nodeIdx=3,changeCycle=0,myNode=b17d5937...,timecost=2.089
info|2019-12-11 04:26:18.339272|[g:1][CONSENSUS][PBFT]checkAndChangeView: Reach consensus,org_view=6008,org_changeCycle=0,cur_changeCycle=0,to_view=6009
info|2019-12-11 04:26:19.349510|[g:1][CONSENSUS]addRawPrepare,height=1,reqIdx=1,hash=715184d5...
info|2019-12-11 04:26:19.353357|[g:1][CONSENSUS][PBFT]checkTimeout Succ,view=6009,toView=6010,nodeIdx=3,changeCycle=0,myNode=b17d5937...,timecost=2.375
info|2019-12-11 04:26:19.366601|[g:1][CONSENSUS][PBFT]checkAndChangeView: Reach consensus,org_view=6009,org_changeCycle=0,cur_changeCycle=0,to_view=6010
info|2019-12-11 04:26:20.382357|[g:1][CONSENSUS]addRawPrepare,height=1,reqIdx=2,hash=ea13d627...
info|2019-12-11 04:26:20.389379|[g:1][CONSENSUS][PBFT]checkTimeout Succ,view=6010,toView=6011,nodeIdx=3,changeCycle=0,myNode=b17d5937...,timecost=6.315
info|2019-12-11 04:26:20.397607|[g:1][CONSENSUS][PBFT]checkAndChangeView: Reach consensus,org_view=6010,org_changeCycle=0,cur_changeCycle=0,to_view=6011
info|2019-12-11 04:26:21.397889|[g:1][CONSENSUS][SEALER]++++++++++++++++ Generating seal on,blkNum=1,tx=0,nodeIdx=3,hash=8c09ce2e...
info|2019-12-11 04:26:21.412824|[g:1][CONSENSUS][PBFT]checkTimeout Succ,view=6011,toView=6012,nodeIdx=3,changeCycle=0,myNode=b17d5937...,timecost=2.802
info|2019-12-11 04:26:21.424278|[g:1][CONSENSUS][PBFT]checkAndChangeView: Reach consensus,org_view=6011,org_changeCycle=0,cur_changeCycle=0,to_view=6012
info|2019-12-11 04:26:22.423945|[g:1][CONSENSUS]addRawPrepare,height=1,reqIdx=0,hash=55cd66cd...
info|2019-12-11 04:26:22.428225|[g:1][CONSENSUS][PBFT]checkTimeout Succ,view=6012,toView=6013,nodeIdx=3,changeCycle=0,myNode=b17d5937...,timecost=3.075
info|2019-12-11 04:26:22.437950|[g:1][CONSENSUS][PBFT]checkAndChangeView: Reach consensus,org_view=6012,org_changeCycle=0,cur_changeCycle=0,to_view=6013
info|2019-12-11 04:26:23.020618|[P2P][Service] heartBeat,connected count=3
info|2019-12-11 04:26:23.444170|[g:1][CONSENSUS]addRawPrepare,height=1,reqIdx=1,hash=1b54a63f...
info|2019-12-11 04:26:23.453679|[g:1][CONSENSUS][PBFT]checkTimeout Succ,view=6013,toView=6014,nodeIdx=3,changeCycle=0,myNode=b17d5937...,timecost=8.829
info|2019-12-11 04:26:23.464624|[g:1][CONSENSUS][PBFT]checkAndChangeView: Reach consensus,org_view=6013,org_changeCycle=0,cur_changeCycle=0,to_view=6014
info|2019-12-11 04:26:24.459993|[g:1][CONSENSUS]addRawPrepare,height=1,reqIdx=2,hash=483f9dd6...
info|2019-12-11 04:26:24.461260|[g:1][CONSENSUS][PBFT]checkTimeout Succ,view=6014,toView=6015,nodeIdx=3,changeCycle=0,myNode=b17d5937...,timecost=0.947
info|2019-12-11 04:26:24.463597|[g:1][CONSENSUS][PBFT]checkAndChangeView: Reach consensus,org_view=6014,org_changeCycle=0,cur_changeCycle=0,to_view=6015
info|2019-12-11 04:26:25.463612|[g:1][CONSENSUS][SEALER]++++++++++++++++ Generating seal on,blkNum=1,tx=0,nodeIdx=3,hash=96387dc0...
info|2019-12-11 04:26:25.464517|[g:1][CONSENSUS][PBFT]checkTimeout Succ,view=6015,toView=6016,nodeIdx=3,changeCycle=0,myNode=b17d5937...,timecost=0.535
info|2019-12-11 04:26:25.467282|[g:1][CONSENSUS][PBFT]checkAndChangeView: Reach consensus,org_view=6015,org_changeCycle=0,cur_changeCycle=0,to_view=6016
info|2019-12-11 04:26:26.470645|[g:1][CONSENSUS]addRawPrepare,height=1,reqIdx=0,hash=a6027c84...
info|2019-12-11 04:26:26.472938|[g:1][CONSENSUS][PBFT]checkTimeout Succ,view=6016,toView=6017,nodeIdx=3,changeCycle=0,myNode=b17d5937...,timecost=1.928
info|2019-12-11 04:26:26.474524|[g:1][CONSENSUS][PBFT]checkAndChangeView: Reach consensus,org_view=6016,org_changeCycle=0,cur_changeCycle=0,to_view=6017
info|2019-12-11 04:26:27.475137|[g:1][CONSENSUS]addRawPrepare,height=1,reqIdx=1,hash=22eb9b74...
info|2019-12-11 04:26:27.477949|[g:1][CONSENSUS][PBFT]checkTimeout Succ,view=6017,toView=6018,nodeIdx=3,changeCycle=0,myNode=b17d5937...,timecost=2.695
info|2019-12-11 04:26:27.478980|[g:1][CONSENSUS][PBFT]checkAndChangeView: Reach consensus,org_view=6017,org_changeCycle=0,cur_changeCycle=0,to_view=6018
info|2019-12-11 04:26:28.479370|[g:1][CONSENSUS]addRawPrepare,height=1,reqIdx=2,hash=a9f39123...
info|2019-12-11 04:26:28.480153|[g:1][CONSENSUS][PBFT]checkTimeout Succ,view=6018,toView=6019,nodeIdx=3,changeCycle=0,myNode=b17d5937...,timecost=0.636
info|2019-12-11 04:26:28.482049|[g:1][CONSENSUS][PBFT]checkAndChangeView: Reach consensus,org_view=6018,org_changeCycle=0,cur_changeCycle=0,to_view=6019
info|2019-12-11 04:26:29.482633|[g:1][CONSENSUS][SEALER]++++++++++++++++ Generating seal on,blkNum=1,tx=0,nodeIdx=3,hash=499ba18f...
info|2019-12-11 04:26:29.486700|[g:1][CONSENSUS][PBFT]checkTimeout Succ,view=6019,toView=6020,nodeIdx=3,changeCycle=0,myNode=b17d5937...,timecost=0.332
info|2019-12-11 04:26:29.487290|[g:1][CONSENSUS][PBFT]checkAndChangeView: Reach consensus,org_view=6019,org_changeCycle=0,cur_changeCycle=0,to_view=6020
info|2019-12-11 04:26:30.488337|[g:1][CONSENSUS]addRawPrepare,height=1,reqIdx=0,hash=24028930...
info|2019-12-11 04:26:30.490909|[g:1][CONSENSUS][PBFT]checkTimeout Succ,view=6020,toView=6021,nodeIdx=3,changeCycle=0,myNode=b17d5937...,timecost=2.277
info|2019-12-11 04:26:30.492344|[g:1][CONSENSUS][PBFT]checkAndChangeView: Reach consensus,org_view=6020,org_changeCycle=0,cur_changeCycle=0,to_view=6021
info|2019-12-11 04:26:31.493596|[g:1][CONSENSUS]addRawPrepare,height=1,reqIdx=1,hash=fc5c1fb8...
info|2019-12-11 04:26:31.494593|[g:1][CONSENSUS][PBFT]checkTimeout Succ,view=6021,toView=6022,nodeIdx=3,changeCycle=0,myNode=b17d5937...,timecost=0.775
info|2019-12-11 04:26:31.498376|[g:1][CONSENSUS][PBFT]checkAndChangeView: Reach consensus,org_view=6021,org_changeCycle=0,cur_changeCycle=0,to_view=6022
info|2019-12-11 04:26:32.500724|[g:1][CONSENSUS]addRawPrepare,height=1,reqIdx=2,hash=eafddbcf...
info|2019-12-11 04:26:32.502249|[g:1][CONSENSUS][PBFT]checkTimeout Succ,view=6022,toView=6023,nodeIdx=3,changeCycle=0,myNode=b17d5937...,timecost=1.327
info|2019-12-11 04:26:32.505303|[g:1][CONSENSUS][PBFT]checkAndChangeView: Reach consensus,org_view=6022,org_changeCycle=0,cur_changeCycle=0,to_view=6023
info|2019-12-11 04:26:33.022500|[P2P][Service] heartBeat,connected count=3
info|2019-12-11 04:26:33.506852|[g:1][CONSENSUS][SEALER]++++++++++++++++ Generating seal on,blkNum=1,tx=0,nodeIdx=3,hash=c05887dc...
info|2019-12-11 04:26:33.508148|[g:1][CONSENSUS][PBFT]checkTimeout Succ,view=6023,toView=6024,nodeIdx=3,changeCycle=0,myNode=b17d5937...,timecost=0.737
info|2019-12-11 04:26:33.513008|[g:1][CONSENSUS][PBFT]checkAndChangeView: Reach consensus,org_view=6023,org_changeCycle=0,cur_changeCycle=0,to_view=6024
info|2019-12-11 04:26:34.513958|[g:1][CONSENSUS]addRawPrepare,height=1,reqIdx=0,hash=c4818cf5...
info|2019-12-11 04:26:34.515045|[g:1][CONSENSUS][PBFT]checkTimeout Succ,view=6024,toView=6025,nodeIdx=3,changeCycle=0,myNode=b17d5937...,timecost=0.887
info|2019-12-11 04:26:34.518080|[g:1][CONSENSUS][PBFT]checkAndChangeView: Reach consensus,org_view=6024,org_changeCycle=0,cur_changeCycle=0,to_view=6025
info|2019-12-11 04:26:35.521637|[g:1][CONSENSUS]addRawPrepare,height=1,reqIdx=1,hash=19c1dc6c...
info|2019-12-11 04:26:35.522778|[g:1][CONSENSUS][PBFT]checkTimeout Succ,view=6025,toView=6026,nodeIdx=3,changeCycle=0,myNode=b17d5937...,timecost=0.923
info|2019-12-11 04:26:35.525059|[g:1][CONSENSUS][PBFT]checkAndChangeView: Reach consensus,org_view=6025,org_changeCycle=0,cur_changeCycle=0,to_view=6026
info|2019-12-11 04:26:36.526790|[g:1][CONSENSUS]addRawPrepare,height=1,reqIdx=2,hash=fc4c6b3e...
info|2019-12-11 04:26:36.527659|[g:1][CONSENSUS][PBFT]checkTimeout Succ,view=6026,toView=6027,nodeIdx=3,changeCycle=0,myNode=b17d5937...,timecost=0.654
info|2019-12-11 04:26:36.530190|[g:1][CONSENSUS][PBFT]checkAndChangeView: Reach consensus,org_view=6026,org_changeCycle=0,cur_changeCycle=0,to_view=6027
info|2019-12-11 04:26:37.530905|[g:1][CONSENSUS][SEALER]++++++++++++++++ Generating seal on,blkNum=1,tx=0,nodeIdx=3,hash=bad4b3b7...
info|2019-12-11 04:26:37.532266|[g:1][CONSENSUS][PBFT]checkTimeout Succ,view=6027,toView=6028,nodeIdx=3,changeCycle=0,myNode=b17d5937...,timecost=0.809
info|2019-12-11 04:26:37.536684|[g:1][CONSENSUS][PBFT]checkAndChangeView: Reach consensus,org_view=6027,org_changeCycle=0,cur_changeCycle=0,to_view=6028
info|2019-12-11 04:26:38.538297|[g:1][CONSENSUS]addRawPrepare,height=1,reqIdx=0,hash=32500ffa...
info|2019-12-11 04:26:38.541533|[g:1][CONSENSUS][PBFT]checkTimeout Succ,view=6028,toView=6029,nodeIdx=3,changeCycle=0,myNode=b17d5937...,timecost=3.003
info|2019-12-11 04:26:38.542916|[g:1][CONSENSUS][PBFT]checkAndChangeView: Reach consensus,org_view=6028,org_changeCycle=0,cur_changeCycle=0,to_view=6029
info|2019-12-11 04:26:39.543312|[g:1][CONSENSUS]addRawPrepare,height=1,reqIdx=1,hash=47a9c39b...
info|2019-12-11 04:26:39.543794|[g:1][CONSENSUS][PBFT]checkTimeout Succ,view=6029,toView=6030,nodeIdx=3,changeCycle=0,myNode=b17d5937...,timecost=0.287
info|2019-12-11 04:26:39.545672|[g:1][CONSENSUS][PBFT]checkAndChangeView: Reach consensus,org_view=6029,org_changeCycle=0,cur_changeCycle=0,to_view=6030
warning|2019-12-11 04:41:34.008442|[g:1][CONSENSUS][PBFT]ViewChangeWarning: not caused by omit empty block ,v=6030,toV=6031,curNum=0,hash=535430dd...,nodeIdx=3,myNode=b17d5937...
info|2019-12-11 04:41:34.008594|[g:1][CONSENSUS][PBFT]checkTimeout Succ,view=6030,toView=6031,nodeIdx=3,changeCycle=1,myNode=b17d5937...,timecost=0.349
info|2019-12-11 04:41:34.014195|[P2P][Service] heartBeat,connected count=3
info|2019-12-11 04:41:34.026828|[g:1][CONSENSUS][PBFT]checkAndChangeView: Reach consensus,org_view=6030,org_changeCycle=1,cur_changeCycle=1,to_view=6031
info|2019-12-11 04:41:35.026771|[g:1][CONSENSUS][SEALER]++++++++++++++++ Generating seal on,blkNum=1,tx=0,nodeIdx=3,hash=6dbb575b...
info|2019-12-11 04:41:35.027502|[g:1][CONSENSUS][PBFT]checkTimeout Succ,view=6031,toView=6032,nodeIdx=3,changeCycle=0,myNode=b17d5937...,timecost=0.308
info|2019-12-11 04:41:35.030762|[g:1][CONSENSUS][PBFT]checkAndChangeView: Reach consensus,org_view=6031,org_changeCycle=0,cur_changeCycle=0,to_view=6032
info|2019-12-11 04:41:36.031500|[g:1][CONSENSUS]addRawPrepare,height=1,reqIdx=0,hash=15fb8faa...
info|2019-12-11 04:41:36.032672|[g:1][CONSENSUS][PBFT]checkTimeout Succ,view=6032,toView=6033,nodeIdx=3,changeCycle=0,myNode=b17d5937...,timecost=1.051
info|2019-12-11 04:41:36.033658|[g:1][CONSENSUS][PBFT]checkAndChangeView: Reach consensus,org_view=6032,org_changeCycle=0,cur_changeCycle=0,to_view=6033
info|2019-12-11 04:41:37.034382|[g:1][CONSENSUS]addRawPrepare,height=1,reqIdx=1,hash=d19eb685...
info|2019-12-11 04:41:37.035134|[g:1][CONSENSUS][PBFT]checkTimeout Succ,view=6033,toView=6034,nodeIdx=3,changeCycle=0,myNode=b17d5937...,timecost=0.445
info|2019-12-11 04:41:37.036532|[g:1][CONSENSUS][PBFT]checkAndChangeView: Reach consensus,org_view=6033,org_changeCycle=0,cur_changeCycle=0,to_view=6034
info|2019-12-11 04:41:38.039176|[g:1][CONSENSUS]addRawPrepare,height=1,reqIdx=2,hash=90b5a62b...
info|2019-12-11 04:41:38.039669|[g:1][CONSENSUS][PBFT]checkTimeout Succ,view=6034,toView=6035,nodeIdx=3,changeCycle=0,myNode=b17d5937...,timecost=0.343
info|2019-12-11 04:41:38.041610|[g:1][CONSENSUS][PBFT]checkAndChangeView: Reach consensus,org_view=6034,org_changeCycle=0,cur_changeCycle=0,to_view=6035
info|2019-12-11 04:41:39.041467|[g:1][CONSENSUS][SEALER]++++++++++++++++ Generating seal on,blkNum=1,tx=0,nodeIdx=3,hash=e9fc0e80...
info|2019-12-11 04:41:39.042213|[g:1][CONSENSUS][PBFT]checkTimeout Succ,view=6035,toView=6036,nodeIdx=3,changeCycle=0,myNode=b17d5937...,timecost=0.383
info|2019-12-11 04:41:39.045034|[g:1][CONSENSUS][PBFT]checkAndChangeView: Reach consensus,org_view=6035,org_changeCycle=0,cur_changeCycle=0,to_view=6036
info|2019-12-11 04:41:40.047228|[g:1][CONSENSUS]addRawPrepare,height=1,reqIdx=0,hash=46637bb9...
info|2019-12-11 04:41:40.047909|[g:1][CONSENSUS][PBFT]checkTimeout Succ,view=6036,toView=6037,nodeIdx=3,changeCycle=0,myNode=b17d5937...,timecost=0.576
info|2019-12-11 04:41:40.049242|[g:1][CONSENSUS][PBFT]checkAndChangeView: Reach consensus,org_view=6036,org_changeCycle=0,cur_changeCycle=0,to_view=6037
info|2019-12-11 04:41:41.051106|[g:1][CONSENSUS]addRawPrepare,height=1,reqIdx=1,hash=5bc91a8b...
info|2019-12-11 04:41:41.051693|[g:1][CONSENSUS][PBFT]checkTimeout Succ,view=6037,toView=6038,nodeIdx=3,changeCycle=0,myNode=b17d5937...,timecost=0.444
info|2019-12-11 04:41:41.053937|[g:1][CONSENSUS][PBFT]checkAndChangeView: Reach consensus,org_view=6037,org_changeCycle=0,cur_changeCycle=0,to_view=6038
info|2019-12-11 04:41:42.055927|[g:1][CONSENSUS]addRawPrepare,height=1,reqIdx=2,hash=fc348d5d...
info|2019-12-11 04:41:42.056479|[g:1][CONSENSUS][PBFT]checkTimeout Succ,view=6038,toView=6039,nodeIdx=3,changeCycle=0,myNode=b17d5937...,timecost=0.449
info|2019-12-11 04:41:42.058305|[g:1][CONSENSUS][PBFT]checkAndChangeView: Reach consensus,org_view=6038,org_changeCycle=0,cur_changeCycle=0,to_view=6039
info|2019-12-11 04:41:43.059459|[g:1][CONSENSUS][SEALER]++++++++++++++++ Generating seal on,blkNum=1,tx=0,nodeIdx=3,hash=ffd3a7ec...
info|2019-12-11 04:41:43.060880|[g:1][CONSENSUS][PBFT]checkTimeout Succ,view=6039,toView=6040,nodeIdx=3,changeCycle=0,myNode=b17d5937...,timecost=0.885
info|2019-12-11 04:41:43.065032|[g:1][CONSENSUS][PBFT]checkAndChangeView: Reach consensus,org_view=6039,org_changeCycle=0,cur_changeCycle=0,to_view=6040
info|2019-12-11 04:41:44.019364|[P2P][Service] heartBeat,connected count=3
info|2019-12-11 04:41:44.067446|[g:1][CONSENSUS]addRawPrepare,height=1,reqIdx=0,hash=e775f062...
info|2019-12-11 04:41:44.068323|[g:1][CONSENSUS][PBFT]checkTimeout Succ,view=6040,toView=6041,nodeIdx=3,changeCycle=0,myNode=b17d5937...,timecost=0.665
info|2019-12-11 04:41:44.071108|[g:1][CONSENSUS][PBFT]checkAndChangeView: Reach consensus,org_view=6040,org_changeCycle=0,cur_changeCycle=0,to_view=6041
info|2019-12-11 04:41:45.089840|[g:1][CONSENSUS]addRawPrepare,height=1,reqIdx=1,hash=6f1bd222...
info|2019-12-11 04:41:45.092860|[g:1][CONSENSUS][PBFT]checkTimeout Succ,view=6041,toView=6042,nodeIdx=3,changeCycle=0,myNode=b17d5937...,timecost=2.306
info|2019-12-11 04:41:45.106423|[g:1][CONSENSUS][PBFT]checkAndChangeView: Reach consensus,org_view=6041,org_changeCycle=0,cur_changeCycle=0,to_view=6042
info|2019-12-11 04:41:46.117082|[g:1][CONSENSUS]addRawPrepare,height=1,reqIdx=2,hash=d452bc11...
info|2019-12-11 04:41:46.120545|[g:1][CONSENSUS][PBFT]checkTimeout Succ,view=6042,toView=6043,nodeIdx=3,changeCycle=0,myNode=b17d5937...,timecost=2.661
info|2019-12-11 04:41:46.128653|[g:1][CONSENSUS][PBFT]checkAndChangeView: Reach consensus,org_view=6042,org_changeCycle=0,cur_changeCycle=0,to_view=6043
info|2019-12-11 04:41:47.129504|[g:1][CONSENSUS][SEALER]++++++++++++++++ Generating seal on,blkNum=1,tx=0,nodeIdx=3,hash=229c550c...
info|2019-12-11 04:41:47.134036|[g:1][CONSENSUS][PBFT]checkTimeout Succ,view=6043,toView=6044,nodeIdx=3,changeCycle=0,myNode=b17d5937...,timecost=2.856
info|2019-12-11 04:41:47.153020|[g:1][CONSENSUS][PBFT]checkAndChangeView: Reach consensus,org_view=6043,org_changeCycle=0,cur_changeCycle=0,to_view=6044
info|2019-12-11 04:41:48.155289|[g:1][CONSENSUS]addRawPrepare,height=1,reqIdx=0,hash=b301e305...
info|2019-12-11 04:41:48.158857|[g:1][CONSENSUS][PBFT]checkTimeout Succ,view=6044,toView=6045,nodeIdx=3,changeCycle=0,myNode=b17d5937...,timecost=2.861
info|2019-12-11 04:41:48.167801|[g:1][CONSENSUS][PBFT]checkAndChangeView: Reach consensus,org_view=6044,org_changeCycle=0,cur_changeCycle=0,to_view=6045
info|2019-12-11 04:41:49.174431|[g:1][CONSENSUS]addRawPrepare,height=1,reqIdx=1,hash=3fc86fb3...
info|2019-12-11 04:41:49.187176|[g:1][CONSENSUS][PBFT]checkTimeout Succ,view=6045,toView=6046,nodeIdx=3,changeCycle=0,myNode=b17d5937...,timecost=11.991
info|2019-12-11 04:41:49.199066|[g:1][CONSENSUS][PBFT]checkAndChangeView: Reach consensus,org_view=6045,org_changeCycle=0,cur_changeCycle=0,to_view=6046
info|2019-12-11 04:41:50.195233|[g:1][CONSENSUS]addRawPrepare,height=1,reqIdx=2,hash=ad2e0aa7...
info|2019-12-11 04:41:50.199811|[g:1][CONSENSUS][PBFT]checkTimeout Succ,view=6046,toView=6047,nodeIdx=3,changeCycle=0,myNode=b17d5937...,timecost=3.558
info|2019-12-11 04:41:50.206813|[g:1][CONSENSUS][PBFT]checkAndChangeView: Reach consensus,org_view=6046,org_changeCycle=0,cur_changeCycle=0,to_view=6047
info|2019-12-11 04:41:51.207002|[g:1][CONSENSUS][SEALER]++++++++++++++++ Generating seal on,blkNum=1,tx=0,nodeIdx=3,hash=06284fe8...
info|2019-12-11 04:41:51.210850|[g:1][CONSENSUS][PBFT]checkTimeout Succ,view=6047,toView=6048,nodeIdx=3,changeCycle=0,myNode=b17d5937...,timecost=2.102
info|2019-12-11 04:41:51.227107|[g:1][CONSENSUS][PBFT]checkAndChangeView: Reach consensus,org_view=6047,org_changeCycle=0,cur_changeCycle=0,to_view=6048
info|2019-12-11 04:41:52.233073|[g:1][CONSENSUS]addRawPrepare,height=1,reqIdx=0,hash=fc9b4834...
info|2019-12-11 04:41:52.239670|[g:1][CONSENSUS][PBFT]checkTimeout Succ,view=6048,toView=6049,nodeIdx=3,changeCycle=0,myNode=b17d5937...,timecost=5.893
info|2019-12-11 04:41:52.250268|[g:1][CONSENSUS][PBFT]checkAndChangeView: Reach consensus,org_view=6048,org_changeCycle=0,cur_changeCycle=0,to_view=6049
info|2019-12-11 04:41:53.255252|[g:1][CONSENSUS]addRawPrepare,height=1,reqIdx=1,hash=e5ca7125...
info|2019-12-11 04:41:53.259330|[g:1][CONSENSUS][PBFT]checkTimeout Succ,view=6049,toView=6050,nodeIdx=3,changeCycle=0,myNode=b17d5937...,timecost=3.473
info|2019-12-11 04:41:53.269061|[g:1][CONSENSUS][PBFT]checkAndChangeView: Reach consensus,org_view=6049,org_changeCycle=0,cur_changeCycle=0,to_view=6050
info|2019-12-11 04:41:54.027917|[P2P][Service] heartBeat,connected count=3
info|2019-12-11 04:41:54.278947|[g:1][CONSENSUS]addRawPrepare,height=1,reqIdx=2,hash=8c778050...
info|2019-12-11 04:41:54.282667|[g:1][CONSENSUS][PBFT]checkTimeout Succ,view=6050,toView=6051,nodeIdx=3,changeCycle=0,myNode=b17d5937...,timecost=2.479
info|2019-12-11 04:41:54.298486|[g:1][CONSENSUS][PBFT]checkAndChangeView: Reach consensus,org_view=6050,org_changeCycle=0,cur_changeCycle=0,to_view=6051
info|2019-12-11 04:41:55.299682|[g:1][CONSENSUS][SEALER]++++++++++++++++ Generating seal on,blkNum=1,tx=0,nodeIdx=3,hash=8b590037...
info|2019-12-11 04:41:55.304226|[g:1][CONSENSUS][PBFT]checkTimeout Succ,view=6051,toView=6052,nodeIdx=3,changeCycle=0,myNode=b17d5937...,timecost=0.688
info|2019-12-11 04:41:55.305989|[g:1][CONSENSUS][PBFT]checkAndChangeView: Reach consensus,org_view=6051,org_changeCycle=0,cur_changeCycle=0,to_view=6052
info|2019-12-11 04:41:56.307037|[g:1][CONSENSUS]addRawPrepare,height=1,reqIdx=0,hash=c1f470cf...
info|2019-12-11 04:41:56.308288|[g:1][CONSENSUS][PBFT]checkTimeout Succ,view=6052,toView=6053,nodeIdx=3,changeCycle=0,myNode=b17d5937...,timecost=0.924
info|2019-12-11 04:41:56.310207|[g:1][CONSENSUS][PBFT]checkAndChangeView: Reach consensus,org_view=6052,org_changeCycle=0,cur_changeCycle=0,to_view=6053
info|2019-12-11 04:41:57.311330|[g:1][CONSENSUS]addRawPrepare,height=1,reqIdx=1,hash=b2b94c1a...
info|2019-12-11 04:41:57.312080|[g:1][CONSENSUS][PBFT]checkTimeout Succ,view=6053,toView=6054,nodeIdx=3,changeCycle=0,myNode=b17d5937...,timecost=0.598
info|2019-12-11 04:41:57.314452|[g:1][CONSENSUS][PBFT]checkAndChangeView: Reach consensus,org_view=6053,org_changeCycle=0,cur_changeCycle=0,to_view=6054
info|2019-12-11 04:41:58.315854|[g:1][CONSENSUS]addRawPrepare,height=1,reqIdx=2,hash=02badd34...
info|2019-12-11 04:41:58.316545|[g:1][CONSENSUS][PBFT]checkTimeout Succ,view=6054,toView=6055,nodeIdx=3,changeCycle=0,myNode=b17d5937...,timecost=0.507
info|2019-12-11 04:41:58.319485|[g:1][CONSENSUS][PBFT]checkAndChangeView: Reach consensus,org_view=6054,org_changeCycle=0,cur_changeCycle=0,to_view=6055
info|2019-12-11 04:41:59.320080|[g:1][CONSENSUS][SEALER]++++++++++++++++ Generating seal on,blkNum=1,tx=0,nodeIdx=3,hash=231749f9...
info|2019-12-11 04:41:59.321114|[g:1][CONSENSUS][PBFT]checkTimeout Succ,view=6055,toView=6056,nodeIdx=3,changeCycle=0,myNode=b17d5937...,timecost=0.661
info|2019-12-11 04:41:59.323668|[g:1][CONSENSUS][PBFT]checkAndChangeView: Reach consensus,org_view=6055,org_changeCycle=0,cur_changeCycle=0,to_view=6056
info|2019-12-11 04:42:00.327004|[g:1][CONSENSUS]addRawPrepare,height=1,reqIdx=0,hash=6f042bee...
info|2019-12-11 04:42:00.327877|[g:1][CONSENSUS][PBFT]checkTimeout Succ,view=6056,toView=6057,nodeIdx=3,changeCycle=0,myNode=b17d5937...,timecost=0.716
info|2019-12-11 04:42:00.329751|[g:1][CONSENSUS][PBFT]checkAndChangeView: Reach consensus,org_view=6056,org_changeCycle=0,cur_changeCycle=0,to_view=6057
info|2019-12-11 04:42:01.331657|[g:1][CONSENSUS]addRawPrepare,height=1,reqIdx=1,hash=8446a63c...
info|2019-12-11 04:42:01.332667|[g:1][CONSENSUS][PBFT]checkTimeout Succ,view=6057,toView=6058,nodeIdx=3,changeCycle=0,myNode=b17d5937...,timecost=0.784
info|2019-12-11 04:42:01.336164|[g:1][CONSENSUS][PBFT]checkAndChangeView: Reach consensus,org_view=6057,org_changeCycle=0,cur_changeCycle=0,to_view=6058
info|2019-12-11 04:42:02.337549|[g:1][CONSENSUS]addRawPrepare,height=1,reqIdx=2,hash=0bc839b8...
info|2019-12-11 04:42:02.338498|[g:1][CONSENSUS][PBFT]checkTimeout Succ,view=6058,toView=6059,nodeIdx=3,changeCycle=0,myNode=b17d5937...,timecost=0.75
info|2019-12-11 04:42:02.341650|[g:1][CONSENSUS][PBFT]checkAndChangeView: Reach consensus,org_view=6058,org_changeCycle=0,cur_changeCycle=0,to_view=6059
info|2019-12-11 04:42:03.342206|[g:1][CONSENSUS][SEALER]++++++++++++++++ Generating seal on,blkNum=1,tx=0,nodeIdx=3,hash=d9f7e08e...
info|2019-12-11 04:42:03.348299|[g:1][CONSENSUS][PBFT]checkTimeout Succ,view=6059,toView=6060,nodeIdx=3,changeCycle=0,myNode=b17d5937...,timecost=1.375
info|2019-12-11 04:42:03.348973|[g:1][CONSENSUS][PBFT]checkAndChangeView: Reach consensus,org_view=6059,org_changeCycle=0,cur_changeCycle=0,to_view=6060
info|2019-12-11 04:42:04.031835|[P2P][Service] heartBeat,connected count=3
info|2019-12-11 04:42:04.349736|[g:1][CONSENSUS]addRawPrepare,height=1,reqIdx=0,hash=a51fb4b8...
info|2019-12-11 04:42:04.350379|[g:1][CONSENSUS][PBFT]checkTimeout Succ,view=6060,toView=6061,nodeIdx=3,changeCycle=0,myNode=b17d5937...,timecost=0.467
info|2019-12-11 04:42:04.352062|[g:1][CONSENSUS][PBFT]checkAndChangeView: Reach consensus,org_view=6060,org_changeCycle=0,cur_changeCycle=0,to_view=6061
info|2019-12-11 04:42:05.354941|[g:1][CONSENSUS]addRawPrepare,height=1,reqIdx=1,hash=5c4b82d4...
info|2019-12-11 04:42:05.355316|[g:1][CONSENSUS][PBFT]checkTimeout Succ,view=6061,toView=6062,nodeIdx=3,changeCycle=0,myNode=b17d5937...,timecost=0.263
info|2019-12-11 04:42:05.356986|[g:1][CONSENSUS][PBFT]checkAndChangeView: Reach consensus,org_view=6061,org_changeCycle=0,cur_changeCycle=0,to_view=6062
info|2019-12-11 04:42:06.358772|[g:1][CONSENSUS]addRawPrepare,height=1,reqIdx=2,hash=9cc7c1b5...
info|2019-12-11 04:42:06.359749|[g:1][CONSENSUS][PBFT]checkTimeout Succ,view=6062,toView=6063,nodeIdx=3,changeCycle=0,myNode=b17d5937...,timecost=0.773
info|2019-12-11 04:42:06.363040|[g:1][CONSENSUS][PBFT]checkAndChangeView: Reach consensus,org_view=6062,org_changeCycle=0,cur_changeCycle=0,to_view=6063
info|2019-12-11 04:42:07.364953|[g:1][CONSENSUS][SEALER]++++++++++++++++ Generating seal on,blkNum=1,tx=0,nodeIdx=3,hash=1b927c7d...
info|2019-12-11 04:42:07.370207|[g:1][CONSENSUS][PBFT]checkTimeout Succ,view=6063,toView=6064,nodeIdx=3,changeCycle=0,myNode=b17d5937...,timecost=0.859
info|2019-12-11 04:42:07.370908|[g:1][CONSENSUS][PBFT]checkAndChangeView: Reach consensus,org_view=6063,org_changeCycle=0,cur_changeCycle=0,to_view=6064
info|2019-12-11 04:42:08.373154|[g:1][CONSENSUS]addRawPrepare,height=1,reqIdx=0,hash=637300d3...
info|2019-12-11 04:42:08.374775|[g:1][CONSENSUS][PBFT]checkTimeout Succ,view=6064,toView=6065,nodeIdx=3,changeCycle=0,myNode=b17d5937...,timecost=1.367
info|2019-12-11 04:42:08.376439|[g:1][CONSENSUS][PBFT]checkAndChangeView: Reach consensus,org_view=6064,org_changeCycle=0,cur_changeCycle=0,to_view=6065
info|2019-12-11 04:42:09.378760|[g:1][CONSENSUS]addRawPrepare,height=1,reqIdx=1,hash=a5c78ce7...
info|2019-12-11 04:42:09.381293|[g:1][CONSENSUS][PBFT]checkTimeout Succ,view=6065,toView=6066,nodeIdx=3,changeCycle=0,myNode=b17d5937...,timecost=2.322
info|2019-12-11 04:42:09.384415|[g:1][CONSENSUS][PBFT]checkAndChangeView: Reach consensus,org_view=6065,org_changeCycle=0,cur_changeCycle=0,to_view=6066
info|2019-12-11 04:42:10.384993|[g:1][CONSENSUS]addRawPrepare,height=1,reqIdx=2,hash=49637bd9...
info|2019-12-11 04:42:10.385389|[g:1][CONSENSUS][PBFT]checkTimeout Succ,view=6066,toView=6067,nodeIdx=3,changeCycle=0,myNode=b17d5937...,timecost=0.263
info|2019-12-11 04:42:10.391038|[g:1][CONSENSUS][PBFT]checkAndChangeView: Reach consensus,org_view=6066,org_changeCycle=0,cur_changeCycle=0,to_view=6067
info|2019-12-11 04:57:06.011938|[g:1][CONSENSUS][SEALER]++++++++++++++++ Generating seal on,blkNum=1,tx=0,nodeIdx=3,hash=dd4bbfac...
info|2019-12-11 04:57:06.020327|[P2P][Service] heartBeat,connected count=3
info|2019-12-11 04:57:06.023086|[g:1][CONSENSUS][PBFT]checkTimeout Succ,view=6067,toView=6068,nodeIdx=3,changeCycle=0,myNode=b17d5937...,timecost=2.71
info|2019-12-11 04:57:06.024006|[g:1][CONSENSUS][PBFT]checkAndChangeView: Reach consensus,org_view=6067,org_changeCycle=0,cur_changeCycle=0,to_view=6068
info|2019-12-11 04:57:07.024300|[g:1][CONSENSUS]addRawPrepare,height=1,reqIdx=0,hash=e0aa6496...
info|2019-12-11 04:57:07.024683|[g:1][CONSENSUS][PBFT]checkTimeout Succ,view=6068,toView=6069,nodeIdx=3,changeCycle=0,myNode=b17d5937...,timecost=0.303
info|2019-12-11 04:57:07.027518|[g:1][CONSENSUS][PBFT]checkAndChangeView: Reach consensus,org_view=6068,org_changeCycle=0,cur_changeCycle=0,to_view=6069
info|2019-12-11 04:57:08.028528|[g:1][CONSENSUS]addRawPrepare,height=1,reqIdx=1,hash=3ee0fd96...
info|2019-12-11 04:57:08.028991|[g:1][CONSENSUS][PBFT]checkTimeout Succ,view=6069,toView=6070,nodeIdx=3,changeCycle=0,myNode=b17d5937...,timecost=0.305
info|2019-12-11 04:57:08.030593|[g:1][CONSENSUS][PBFT]checkAndChangeView: Reach consensus,org_view=6069,org_changeCycle=0,cur_changeCycle=0,to_view=6070
info|2019-12-11 04:57:09.032450|[g:1][CONSENSUS]addRawPrepare,height=1,reqIdx=2,hash=f1fa26e5...
info|2019-12-11 04:57:09.032853|[g:1][CONSENSUS][PBFT]checkTimeout Succ,view=6070,toView=6071,nodeIdx=3,changeCycle=0,myNode=b17d5937...,timecost=0.305
info|2019-12-11 04:57:09.034761|[g:1][CONSENSUS][PBFT]checkAndChangeView: Reach consensus,org_view=6070,org_changeCycle=0,cur_changeCycle=0,to_view=6071
info|2019-12-11 04:57:10.035116|[g:1][CONSENSUS][SEALER]++++++++++++++++ Generating seal on,blkNum=1,tx=0,nodeIdx=3,hash=acbc9fcb...
info|2019-12-11 04:57:10.039093|[g:1][CONSENSUS][PBFT]checkTimeout Succ,view=6071,toView=6072,nodeIdx=3,changeCycle=0,myNode=b17d5937...,timecost=1.485
info|2019-12-11 04:57:10.039547|[g:1][CONSENSUS][PBFT]checkAndChangeView: Reach consensus,org_view=6071,org_changeCycle=0,cur_changeCycle=0,to_view=6072
info|2019-12-11 04:57:11.039665|[g:1][CONSENSUS]addRawPrepare,height=1,reqIdx=0,hash=e7b6439f...
info|2019-12-11 04:57:11.043000|[g:1][CONSENSUS][PBFT]checkTimeout Succ,view=6072,toView=6073,nodeIdx=3,changeCycle=0,myNode=b17d5937...,timecost=2.987
info|2019-12-11 04:57:11.043920|[g:1][CONSENSUS][PBFT]checkAndChangeView: Reach consensus,org_view=6072,org_changeCycle=0,cur_changeCycle=0,to_view=6073
info|2019-12-11 04:57:12.044332|[g:1][CONSENSUS]addRawPrepare,height=1,reqIdx=1,hash=18d9b41e...
info|2019-12-11 04:57:12.045908|[g:1][CONSENSUS][PBFT]checkTimeout Succ,view=6073,toView=6074,nodeIdx=3,changeCycle=0,myNode=b17d5937...,timecost=1.365
info|2019-12-11 04:57:12.047971|[g:1][CONSENSUS][PBFT]checkAndChangeView: Reach consensus,org_view=6073,org_changeCycle=0,cur_changeCycle=0,to_view=6074
info|2019-12-11 04:57:13.050542|[g:1][CONSENSUS]addRawPrepare,height=1,reqIdx=2,hash=a5f8d66a...
info|2019-12-11 04:57:13.051504|[g:1][CONSENSUS][PBFT]checkTimeout Succ,view=6074,toView=6075,nodeIdx=3,changeCycle=0,myNode=b17d5937...,timecost=0.768
info|2019-12-11 04:57:13.055258|[g:1][CONSENSUS][PBFT]checkAndChangeView: Reach consensus,org_view=6074,org_changeCycle=0,cur_changeCycle=0,to_view=6075
info|2019-12-11 04:57:14.055661|[g:1][CONSENSUS][SEALER]++++++++++++++++ Generating seal on,blkNum=1,tx=0,nodeIdx=3,hash=dd8cddc0...
info|2019-12-11 04:57:14.060707|[g:1][CONSENSUS][PBFT]checkTimeout Succ,view=6075,toView=6076,nodeIdx=3,changeCycle=0,myNode=b17d5937...,timecost=0.421
info|2019-12-11 04:57:14.061495|[g:1][CONSENSUS][PBFT]checkAndChangeView: Reach consensus,org_view=6075,org_changeCycle=0,cur_changeCycle=0,to_view=6076
info|2019-12-11 04:57:15.064836|[g:1][CONSENSUS]addRawPrepare,height=1,reqIdx=0,hash=27f367cc...
info|2019-12-11 04:57:15.065746|[g:1][CONSENSUS][PBFT]checkTimeout Succ,view=6076,toView=6077,nodeIdx=3,changeCycle=0,myNode=b17d5937...,timecost=0.684
info|2019-12-11 04:57:15.067716|[g:1][CONSENSUS][PBFT]checkAndChangeView: Reach consensus,org_view=6076,org_changeCycle=0,cur_changeCycle=0,to_view=6077
info|2019-12-11 04:57:16.020601|[P2P][Service] heartBeat,connected count=3
info|2019-12-11 04:57:16.072967|[g:1][CONSENSUS]addRawPrepare,height=1,reqIdx=1,hash=526f04dd...
info|2019-12-11 04:57:16.074312|[g:1][CONSENSUS][PBFT]checkTimeout Succ,view=6077,toView=6078,nodeIdx=3,changeCycle=0,myNode=b17d5937...,timecost=0.974
info|2019-12-11 04:57:16.076870|[g:1][CONSENSUS][PBFT]checkAndChangeView: Reach consensus,org_view=6077,org_changeCycle=0,cur_changeCycle=0,to_view=6078
info|2019-12-11 04:57:17.086276|[g:1][CONSENSUS]addRawPrepare,height=1,reqIdx=2,hash=28e20483...
info|2019-12-11 04:57:17.090893|[g:1][CONSENSUS][PBFT]checkTimeout Succ,view=6078,toView=6079,nodeIdx=3,changeCycle=0,myNode=b17d5937...,timecost=3.376
info|2019-12-11 04:57:17.100174|[g:1][CONSENSUS][PBFT]checkAndChangeView: Reach consensus,org_view=6078,org_changeCycle=0,cur_changeCycle=0,to_view=6079
info|2019-12-11 04:57:18.101901|[g:1][CONSENSUS][SEALER]++++++++++++++++ Generating seal on,blkNum=1,tx=0,nodeIdx=3,hash=cd86564e...
info|2019-12-11 04:57:18.115173|[g:1][CONSENSUS][PBFT]checkTimeout Succ,view=6079,toView=6080,nodeIdx=3,changeCycle=0,myNode=b17d5937...,timecost=3.319
info|2019-12-11 04:57:18.124988|[g:1][CONSENSUS][PBFT]checkAndChangeView: Reach consensus,org_view=6079,org_changeCycle=0,cur_changeCycle=0,to_view=6080
info|2019-12-11 04:57:19.131973|[g:1][CONSENSUS]addRawPrepare,height=1,reqIdx=0,hash=c613d009...
info|2019-12-11 04:57:19.137967|[g:1][CONSENSUS][PBFT]checkTimeout Succ,view=6080,toView=6081,nodeIdx=3,changeCycle=0,myNode=b17d5937...,timecost=5.29
info|2019-12-11 04:57:19.145536|[g:1][CONSENSUS][PBFT]checkAndChangeView: Reach consensus,org_view=6080,org_changeCycle=0,cur_changeCycle=0,to_view=6081
info|2019-12-11 04:57:20.151050|[g:1][CONSENSUS]addRawPrepare,height=1,reqIdx=1,hash=fd22651e...
info|2019-12-11 04:57:20.154126|[g:1][CONSENSUS][PBFT]checkTimeout Succ,view=6081,toView=6082,nodeIdx=3,changeCycle=0,myNode=b17d5937...,timecost=2.393
info|2019-12-11 04:57:20.163717|[g:1][CONSENSUS][PBFT]checkAndChangeView: Reach consensus,org_view=6081,org_changeCycle=0,cur_changeCycle=0,to_view=6082
info|2019-12-11 04:57:21.169329|[g:1][CONSENSUS]addRawPrepare,height=1,reqIdx=2,hash=ec396387...
info|2019-12-11 04:57:21.174587|[g:1][CONSENSUS][PBFT]checkTimeout Succ,view=6082,toView=6083,nodeIdx=3,changeCycle=0,myNode=b17d5937...,timecost=4.597
info|2019-12-11 04:57:21.191119|[g:1][CONSENSUS][PBFT]checkAndChangeView: Reach consensus,org_view=6082,org_changeCycle=0,cur_changeCycle=0,to_view=6083
info|2019-12-11 04:57:22.192626|[g:1][CONSENSUS][SEALER]++++++++++++++++ Generating seal on,blkNum=1,tx=0,nodeIdx=3,hash=e6d4be6f...
info|2019-12-11 04:57:22.196359|[g:1][CONSENSUS][PBFT]checkTimeout Succ,view=6083,toView=6084,nodeIdx=3,changeCycle=0,myNode=b17d5937...,timecost=2.179
info|2019-12-11 04:57:22.214019|[g:1][CONSENSUS][PBFT]checkAndChangeView: Reach consensus,org_view=6083,org_changeCycle=0,cur_changeCycle=0,to_view=6084
info|2019-12-11 04:57:23.218632|[g:1][CONSENSUS]addRawPrepare,height=1,reqIdx=0,hash=18b278dd...
info|2019-12-11 04:57:23.230881|[g:1][CONSENSUS][PBFT]checkTimeout Succ,view=6084,toView=6085,nodeIdx=3,changeCycle=0,myNode=b17d5937...,timecost=11.381
info|2019-12-11 04:57:23.238535|[g:1][CONSENSUS][PBFT]checkAndChangeView: Reach consensus,org_view=6084,org_changeCycle=0,cur_changeCycle=0,to_view=6085
info|2019-12-11 04:57:24.239090|[g:1][CONSENSUS]addRawPrepare,height=1,reqIdx=1,hash=cb19440f...
info|2019-12-11 04:57:24.246084|[g:1][CONSENSUS][PBFT]checkTimeout Succ,view=6085,toView=6086,nodeIdx=3,changeCycle=0,myNode=b17d5937...,timecost=6.293
info|2019-12-11 04:57:24.259090|[g:1][CONSENSUS][PBFT]checkAndChangeView: Reach consensus,org_view=6085,org_changeCycle=0,cur_changeCycle=0,to_view=6086
info|2019-12-11 04:57:25.259543|[g:1][CONSENSUS]addRawPrepare,height=1,reqIdx=2,hash=9361d48e...
info|2019-12-11 04:57:25.264011|[g:1][CONSENSUS][PBFT]checkTimeout Succ,view=6086,toView=6087,nodeIdx=3,changeCycle=0,myNode=b17d5937...,timecost=3.621
info|2019-12-11 04:57:25.275803|[g:1][CONSENSUS][PBFT]checkAndChangeView: Reach consensus,org_view=6086,org_changeCycle=0,cur_changeCycle=0,to_view=6087
info|2019-12-11 04:57:26.025056|[P2P][Service] heartBeat,connected count=3
info|2019-12-11 04:57:26.276918|[g:1][CONSENSUS][SEALER]++++++++++++++++ Generating seal on,blkNum=1,tx=0,nodeIdx=3,hash=a3afee7d...
info|2019-12-11 04:57:26.280636|[g:1][CONSENSUS][PBFT]checkTimeout Succ,view=6087,toView=6088,nodeIdx=3,changeCycle=0,myNode=b17d5937...,timecost=2.05
info|2019-12-11 04:57:26.299837|[g:1][CONSENSUS][PBFT]checkAndChangeView: Reach consensus,org_view=6087,org_changeCycle=0,cur_changeCycle=0,to_view=6088
info|2019-12-11 04:57:27.313315|[g:1][CONSENSUS]addRawPrepare,height=1,reqIdx=0,hash=10b90859...
info|2019-12-11 04:57:27.314751|[g:1][CONSENSUS][PBFT]checkTimeout Succ,view=6088,toView=6089,nodeIdx=3,changeCycle=0,myNode=b17d5937...,timecost=1.207
info|2019-12-11 04:57:27.316590|[g:1][CONSENSUS][PBFT]checkAndChangeView: Reach consensus,org_view=6088,org_changeCycle=0,cur_changeCycle=0,to_view=6089
info|2019-12-11 04:57:28.316454|[g:1][CONSENSUS]addRawPrepare,height=1,reqIdx=1,hash=d143cfd7...
info|2019-12-11 04:57:28.317302|[g:1][CONSENSUS][PBFT]checkTimeout Succ,view=6089,toView=6090,nodeIdx=3,changeCycle=0,myNode=b17d5937...,timecost=0.743
info|2019-12-11 04:57:28.319763|[g:1][CONSENSUS][PBFT]checkAndChangeView: Reach consensus,org_view=6089,org_changeCycle=0,cur_changeCycle=0,to_view=6090
info|2019-12-11 04:57:29.320299|[g:1][CONSENSUS]addRawPrepare,height=1,reqIdx=2,hash=1efc5256...
info|2019-12-11 04:57:29.320961|[g:1][CONSENSUS][PBFT]checkTimeout Succ,view=6090,toView=6091,nodeIdx=3,changeCycle=0,myNode=b17d5937...,timecost=0.448
info|2019-12-11 04:57:29.322396|[g:1][CONSENSUS][PBFT]checkAndChangeView: Reach consensus,org_view=6090,org_changeCycle=0,cur_changeCycle=0,to_view=6091
info|2019-12-11 04:57:30.322266|[g:1][CONSENSUS][SEALER]++++++++++++++++ Generating seal on,blkNum=1,tx=0,nodeIdx=3,hash=22f8bd85...
info|2019-12-11 04:57:30.325743|[g:1][CONSENSUS][PBFT]checkTimeout Succ,view=6091,toView=6092,nodeIdx=3,changeCycle=0,myNode=b17d5937...,timecost=0.73
info|2019-12-11 04:57:30.326282|[g:1][CONSENSUS][PBFT]checkAndChangeView: Reach consensus,org_view=6091,org_changeCycle=0,cur_changeCycle=0,to_view=6092
info|2019-12-11 04:57:31.329487|[g:1][CONSENSUS]addRawPrepare,height=1,reqIdx=0,hash=9361388b...
info|2019-12-11 04:57:31.330389|[g:1][CONSENSUS][PBFT]checkTimeout Succ,view=6092,toView=6093,nodeIdx=3,changeCycle=0,myNode=b17d5937...,timecost=0.662
info|2019-12-11 04:57:31.332743|[g:1][CONSENSUS][PBFT]checkAndChangeView: Reach consensus,org_view=6092,org_changeCycle=0,cur_changeCycle=0,to_view=6093
info|2019-12-11 04:57:32.334442|[g:1][CONSENSUS]addRawPrepare,height=1,reqIdx=1,hash=77ba286c...
info|2019-12-11 04:57:32.334858|[g:1][CONSENSUS][PBFT]checkTimeout Succ,view=6093,toView=6094,nodeIdx=3,changeCycle=0,myNode=b17d5937...,timecost=0.292
info|2019-12-11 04:57:32.336676|[g:1][CONSENSUS][PBFT]checkAndChangeView: Reach consensus,org_view=6093,org_changeCycle=0,cur_changeCycle=0,to_view=6094
info|2019-12-11 04:57:33.338162|[g:1][CONSENSUS]addRawPrepare,height=1,reqIdx=2,hash=b239f364...
info|2019-12-11 04:57:33.339098|[g:1][CONSENSUS][PBFT]checkTimeout Succ,view=6094,toView=6095,nodeIdx=3,changeCycle=0,myNode=b17d5937...,timecost=0.722
info|2019-12-11 04:57:33.342260|[g:1][CONSENSUS][PBFT]checkAndChangeView: Reach consensus,org_view=6094,org_changeCycle=0,cur_changeCycle=0,to_view=6095
info|2019-12-11 04:57:34.342379|[g:1][CONSENSUS][SEALER]++++++++++++++++ Generating seal on,blkNum=1,tx=0,nodeIdx=3,hash=0e202607...
info|2019-12-11 04:57:34.343892|[g:1][CONSENSUS][PBFT]checkTimeout Succ,view=6095,toView=6096,nodeIdx=3,changeCycle=0,myNode=b17d5937...,timecost=0.912
info|2019-12-11 04:57:34.348478|[g:1][CONSENSUS][PBFT]checkAndChangeView: Reach consensus,org_view=6095,org_changeCycle=0,cur_changeCycle=0,to_view=6096
info|2019-12-11 04:57:35.350078|[g:1][CONSENSUS]addRawPrepare,height=1,reqIdx=0,hash=ad6335f1...
info|2019-12-11 04:57:35.351211|[g:1][CONSENSUS][PBFT]checkTimeout Succ,view=6096,toView=6097,nodeIdx=3,changeCycle=0,myNode=b17d5937...,timecost=0.927
info|2019-12-11 04:57:35.354810|[g:1][CONSENSUS][PBFT]checkAndChangeView: Reach consensus,org_view=6096,org_changeCycle=0,cur_changeCycle=0,to_view=6097
info|2019-12-11 04:57:36.031149|[P2P][Service] heartBeat,connected count=3
info|2019-12-11 04:57:36.358741|[g:1][CONSENSUS]addRawPrepare,height=1,reqIdx=1,hash=82ec2513...
info|2019-12-11 04:57:36.361873|[g:1][CONSENSUS][PBFT]checkTimeout Succ,view=6097,toView=6098,nodeIdx=3,changeCycle=0,myNode=b17d5937...,timecost=2.926
info|2019-12-11 04:57:36.364895|[g:1][CONSENSUS][PBFT]checkAndChangeView: Reach consensus,org_view=6097,org_changeCycle=0,cur_changeCycle=0,to_view=6098
info|2019-12-11 04:57:37.364453|[g:1][CONSENSUS]addRawPrepare,height=1,reqIdx=2,hash=8220d9b6...
info|2019-12-11 04:57:37.364924|[g:1][CONSENSUS][PBFT]checkTimeout Succ,view=6098,toView=6099,nodeIdx=3,changeCycle=0,myNode=b17d5937...,timecost=0.365
info|2019-12-11 04:57:37.366422|[g:1][CONSENSUS][PBFT]checkAndChangeView: Reach consensus,org_view=6098,org_changeCycle=0,cur_changeCycle=0,to_view=6099
info|2019-12-11 04:57:38.366775|[g:1][CONSENSUS][SEALER]++++++++++++++++ Generating seal on,blkNum=1,tx=0,nodeIdx=3,hash=07140b5f...
info|2019-12-11 04:57:38.368174|[g:1][CONSENSUS][PBFT]checkTimeout Succ,view=6099,toView=6100,nodeIdx=3,changeCycle=0,myNode=b17d5937...,timecost=0.803
info|2019-12-11 04:57:38.372484|[g:1][CONSENSUS][PBFT]checkAndChangeView: Reach consensus,org_view=6099,org_changeCycle=0,cur_changeCycle=0,to_view=6100
info|2019-12-11 04:57:39.376465|[g:1][CONSENSUS]addRawPrepare,height=1,reqIdx=0,hash=03604c1b...
info|2019-12-11 04:57:39.377400|[g:1][CONSENSUS][PBFT]checkTimeout Succ,view=6100,toView=6101,nodeIdx=3,changeCycle=0,myNode=b17d5937...,timecost=0.708
info|2019-12-11 04:57:39.380328|[g:1][CONSENSUS][PBFT]checkAndChangeView: Reach consensus,org_view=6100,org_changeCycle=0,cur_changeCycle=0,to_view=6101
info|2019-12-11 04:57:40.382496|[g:1][CONSENSUS]addRawPrepare,height=1,reqIdx=1,hash=0102c727...
info|2019-12-11 04:57:40.383430|[g:1][CONSENSUS][PBFT]checkTimeout Succ,view=6101,toView=6102,nodeIdx=3,changeCycle=0,myNode=b17d5937...,timecost=0.711
info|2019-12-11 04:57:40.385681|[g:1][CONSENSUS][PBFT]checkAndChangeView: Reach consensus,org_view=6101,org_changeCycle=0,cur_changeCycle=0,to_view=6102
info|2019-12-11 04:57:41.387794|[g:1][CONSENSUS]addRawPrepare,height=1,reqIdx=2,hash=0306898a...
info|2019-12-11 04:57:41.391636|[g:1][CONSENSUS][PBFT]checkTimeout Succ,view=6102,toView=6103,nodeIdx=3,changeCycle=0,myNode=b17d5937...,timecost=3.33
info|2019-12-11 04:57:41.392849|[g:1][CONSENSUS][PBFT]checkAndChangeView: Reach consensus,org_view=6102,org_changeCycle=0,cur_changeCycle=0,to_view=6103
info|2019-12-11 04:57:42.393534|[g:1][CONSENSUS][SEALER]++++++++++++++++ Generating seal on,blkNum=1,tx=0,nodeIdx=3,hash=0951aefd...
info|2019-12-11 04:57:42.396793|[g:1][CONSENSUS][PBFT]checkTimeout Succ,view=6103,toView=6104,nodeIdx=3,changeCycle=0,myNode=b17d5937...,timecost=0.283
info|2019-12-11 04:57:42.397288|[g:1][CONSENSUS][PBFT]checkAndChangeView: Reach consensus,org_view=6103,org_changeCycle=0,cur_changeCycle=0,to_view=6104
