info|2019-12-11 05:12:37.011370|[P2P][Service] heartBeat,connected count=3
warning|2019-12-11 05:12:37.013174|[g:1][CONSENSUS][PBFT]ViewChangeWarning: not caused by omit empty block ,v=6104,toV=6105,curNum=0,hash=535430dd...,nodeIdx=3,myNode=b17d5937...
info|2019-12-11 05:12:37.013326|[g:1][CONSENSUS][PBFT]checkTimeout Succ,view=6104,toView=6105,nodeIdx=3,changeCycle=1,myNode=b17d5937...,timecost=0.465
info|2019-12-11 05:12:37.018677|[g:1][CONSENSUS][PBFT]checkAndChangeView: Reach consensus,org_view=6104,org_changeCycle=1,cur_changeCycle=1,to_view=6105
info|2019-12-11 05:12:38.021386|[g:1][CONSENSUS]addRawPrepare,height=1,reqIdx=1,hash=daf48f98...
info|2019-12-11 05:12:38.021845|[g:1][CONSENSUS][PBFT]checkTimeout Succ,view=6105,toView=6106,nodeIdx=3,changeCycle=0,myNode=b17d5937...,timecost=0.201
info|2019-12-11 05:12:38.023608|[g:1][CONSENSUS][PBFT]checkAndChangeView: Reach consensus,org_view=6105,org_changeCycle=0,cur_changeCycle=0,to_view=6106
info|2019-12-11 05:12:39.024514|[g:1][CONSENSUS]addRawPrepare,height=1,reqIdx=2,hash=b1906909...
info|2019-12-11 05:12:39.025002|[g:1][CONSENSUS][PBFT]checkTimeout Succ,view=6106,toView=6107,nodeIdx=3,changeCycle=0,myNode=b17d5937...,timecost=0.388
info|2019-12-11 05:12:39.026585|[g:1][CONSENSUS][PBFT]checkAndChangeView: Reach consensus,org_view=6106,org_changeCycle=0,cur_changeCycle=0,to_view=6107
info|2019-12-11 05:12:40.027134|[g:1][CONSENSUS][SEALER]++++++++++++++++ Generating seal on,blkNum=1,tx=0,nodeIdx=3,hash=45772711...
info|2019-12-11 05:12:40.031017|[g:1][CONSENSUS][PBFT]checkTimeout Succ,view=6107,toView=6108,nodeIdx=3,changeCycle=0,myNode=b17d5937...,timecost=0.517
info|2019-12-11 05:12:40.031658|[g:1][CONSENSUS][PBFT]checkAndChangeView: Reach consensus,org_view=6107,org_changeCycle=0,cur_changeCycle=0,to_view=6108
info|2019-12-11 05:12:41.032225|[g:1][CONSENSUS]addRawPrepare,height=1,reqIdx=0,hash=2a7f1fcc...
info|2019-12-11 05:12:41.032681|[g:1][CONSENSUS][PBFT]checkTimeout Succ,view=6108,toView=6109,nodeIdx=3,changeCycle=0,myNode=b17d5937...,timecost=0.316
info|2019-12-11 05:12:41.034329|[g:1][CONSENSUS][PBFT]checkAndChangeView: Reach consensus,org_view=6108,org_changeCycle=0,cur_changeCycle=0,to_view=6109
info|2019-12-11 05:12:42.036018|[g:1][CONSENSUS]addRawPrepare,height=1,reqIdx=1,hash=dcf3c75d...
info|2019-12-11 05:12:42.036445|[g:1][CONSENSUS][PBFT]checkTimeout Succ,view=6109,toView=6110,nodeIdx=3,changeCycle=0,myNode=b17d5937...,timecost=0.256
info|2019-12-11 05:12:42.038413|[g:1][CONSENSUS][PBFT]checkAndChangeView: Reach consensus,org_view=6109,org_changeCycle=0,cur_changeCycle=0,to_view=6110
info|2019-12-11 05:12:43.039018|[g:1][CONSENSUS]addRawPrepare,height=1,reqIdx=2,hash=e44893b8...
info|2019-12-11 05:12:43.039442|[g:1][CONSENSUS][PBFT]checkTimeout Succ,view=6110,toView=6111,nodeIdx=3,changeCycle=0,myNode=b17d5937...,timecost=0.32
info|2019-12-11 05:12:43.041174|[g:1][CONSENSUS][PBFT]checkAndChangeView: Reach consensus,org_view=6110,org_changeCycle=0,cur_changeCycle=0,to_view=6111
info|2019-12-11 05:12:44.042412|[g:1][CONSENSUS][SEALER]++++++++++++++++ Generating seal on,blkNum=1,tx=0,nodeIdx=3,hash=cf79c253...
info|2019-12-11 05:12:44.043677|[g:1][CONSENSUS][PBFT]checkTimeout Succ,view=6111,toView=6112,nodeIdx=3,changeCycle=0,myNode=b17d5937...,timecost=0.729
info|2019-12-11 05:12:44.047992|[g:1][CONSENSUS][PBFT]checkAndChangeView: Reach consensus,org_view=6111,org_changeCycle=0,cur_changeCycle=0,to_view=6112
info|2019-12-11 05:12:45.049396|[g:1][CONSENSUS]addRawPrepare,height=1,reqIdx=0,hash=0950b0e1...
info|2019-12-11 05:12:45.050546|[g:1][CONSENSUS][PBFT]checkTimeout Succ,view=6112,toView=6113,nodeIdx=3,changeCycle=0,myNode=b17d5937...,timecost=0.758
info|2019-12-11 05:12:45.054356|[g:1][CONSENSUS][PBFT]checkAndChangeView: Reach consensus,org_view=6112,org_changeCycle=0,cur_changeCycle=0,to_view=6113
info|2019-12-11 05:12:46.056741|[g:1][CONSENSUS]addRawPrepare,height=1,reqIdx=1,hash=062e9f93...
info|2019-12-11 05:12:46.058993|[g:1][CONSENSUS][PBFT]checkTimeout Succ,view=6113,toView=6114,nodeIdx=3,changeCycle=0,myNode=b17d5937...,timecost=2.032
info|2019-12-11 05:12:46.060834|[g:1][CONSENSUS][PBFT]checkAndChangeView: Reach consensus,org_view=6113,org_changeCycle=0,cur_changeCycle=0,to_view=6114
info|2019-12-11 05:12:47.019408|[P2P][Service] heartBeat,connected count=3
info|2019-12-11 05:12:47.063178|[g:1][CONSENSUS]addRawPrepare,height=1,reqIdx=2,hash=d54fd9b9...
info|2019-12-11 05:12:47.064240|[g:1][CONSENSUS][PBFT]checkTimeout Succ,view=6114,toView=6115,nodeIdx=3,changeCycle=0,myNode=b17d5937...,timecost=0.903
info|2019-12-11 05:12:47.065703|[g:1][CONSENSUS][PBFT]checkAndChangeView: Reach consensus,org_view=6114,org_changeCycle=0,cur_changeCycle=0,to_view=6115
info|2019-12-11 05:12:48.070331|[g:1][CONSENSUS][SEALER]++++++++++++++++ Generating seal on,blkNum=1,tx=0,nodeIdx=3,hash=bd377aa8...
info|2019-12-11 05:12:48.126966|[g:1][CONSENSUS][PBFT]checkTimeout Succ,view=6115,toView=6116,nodeIdx=3,changeCycle=0,myNode=b17d5937...,timecost=2.876
info|2019-12-11 05:12:48.239598|[g:1][CONSENSUS][PBFT]checkAndChangeView: Reach consensus,org_view=6115,org_changeCycle=0,cur_changeCycle=0,to_view=6116
info|2019-12-11 05:12:49.242637|[g:1][CONSENSUS]addRawPrepare,height=1,reqIdx=0,hash=bb2305ef...
info|2019-12-11 05:12:49.249400|[g:1][CONSENSUS][PBFT]checkTimeout Succ,view=6116,toView=6117,nodeIdx=3,changeCycle=0,myNode=b17d5937...,timecost=5.481
info|2019-12-11 05:12:49.257053|[g:1][CONSENSUS][PBFT]checkAndChangeView: Reach consensus,org_view=6116,org_changeCycle=0,cur_changeCycle=0,to_view=6117
info|2019-12-11 05:12:50.262592|[g:1][CONSENSUS]addRawPrepare,height=1,reqIdx=1,hash=3c5161a2...
info|2019-12-11 05:12:50.266130|[g:1][CONSENSUS][PBFT]checkTimeout Succ,view=6117,toView=6118,nodeIdx=3,changeCycle=0,myNode=b17d5937...,timecost=2.898
info|2019-12-11 05:12:50.281309|[g:1][CONSENSUS][PBFT]checkAndChangeView: Reach consensus,org_view=6117,org_changeCycle=0,cur_changeCycle=0,to_view=6118
info|2019-12-11 05:12:51.280984|[g:1][CONSENSUS]addRawPrepare,height=1,reqIdx=2,hash=2c171d5a...
info|2019-12-11 05:12:51.283881|[g:1][CONSENSUS][PBFT]checkTimeout Succ,view=6118,toView=6119,nodeIdx=3,changeCycle=0,myNode=b17d5937...,timecost=2.345
info|2019-12-11 05:12:51.296972|[g:1][CONSENSUS][PBFT]checkAndChangeView: Reach consensus,org_view=6118,org_changeCycle=0,cur_changeCycle=0,to_view=6119
info|2019-12-11 05:12:52.298278|[g:1][CONSENSUS][SEALER]++++++++++++++++ Generating seal on,blkNum=1,tx=0,nodeIdx=3,hash=78586f7a...
info|2019-12-11 05:12:52.310590|[g:1][CONSENSUS][PBFT]checkTimeout Succ,view=6119,toView=6120,nodeIdx=3,changeCycle=0,myNode=b17d5937...,timecost=2.609
info|2019-12-11 05:12:52.317539|[g:1][CONSENSUS][PBFT]checkAndChangeView: Reach consensus,org_view=6119,org_changeCycle=0,cur_changeCycle=0,to_view=6120
info|2019-12-11 05:12:53.333107|[g:1][CONSENSUS]addRawPrepare,height=1,reqIdx=0,hash=8b4cbe18...
info|2019-12-11 05:12:53.351887|[g:1][CONSENSUS][PBFT]checkTimeout Succ,view=6120,toView=6121,nodeIdx=3,changeCycle=0,myNode=b17d5937...,timecost=18.133
info|2019-12-11 05:12:53.359199|[g:1][CONSENSUS][PBFT]checkAndChangeView: Reach consensus,org_view=6120,org_changeCycle=0,cur_changeCycle=0,to_view=6121
info|2019-12-11 05:12:54.356064|[g:1][CONSENSUS]addRawPrepare,height=1,reqIdx=1,hash=abae95dc...
info|2019-12-11 05:12:54.359611|[g:1][CONSENSUS][PBFT]checkTimeout Succ,view=6121,toView=6122,nodeIdx=3,changeCycle=0,myNode=b17d5937...,timecost=2.119
info|2019-12-11 05:12:54.370370|[g:1][CONSENSUS][PBFT]checkAndChangeView: Reach consensus,org_view=6121,org_changeCycle=0,cur_changeCycle=0,to_view=6122
info|2019-12-11 05:12:55.378207|[g:1][CONSENSUS]addRawPrepare,height=1,reqIdx=2,hash=6b632d6c...
info|2019-12-11 05:12:55.382652|[g:1][CONSENSUS][PBFT]checkTimeout Succ,view=6122,toView=6123,nodeIdx=3,changeCycle=0,myNode=b17d5937...,timecost=3.264
info|2019-12-11 05:12:55.391438|[g:1][CONSENSUS][PBFT]checkAndChangeView: Reach consensus,org_view=6122,org_changeCycle=0,cur_changeCycle=0,to_view=6123
info|2019-12-11 05:12:56.392513|[g:1][CONSENSUS][SEALER]++++++++++++++++ Generating seal on,blkNum=1,tx=0,nodeIdx=3,hash=a616d816...
info|2019-12-11 05:12:56.404852|[g:1][CONSENSUS][PBFT]checkTimeout Succ,view=6123,toView=6124,nodeIdx=3,changeCycle=0,myNode=b17d5937...,timecost=2.226
info|2019-12-11 05:12:56.413267|[g:1][CONSENSUS][PBFT]checkAndChangeView: Reach consensus,org_view=6123,org_changeCycle=0,cur_changeCycle=0,to_view=6124
info|2019-12-11 05:12:57.026879|[P2P][Service] heartBeat,connected count=3
info|2019-12-11 05:12:57.428392|[g:1][CONSENSUS]addRawPrepare,height=1,reqIdx=0,hash=fe1d054a...
info|2019-12-11 05:12:57.431465|[g:1][CONSENSUS][PBFT]checkTimeout Succ,view=6124,toView=6125,nodeIdx=3,changeCycle=0,myNode=b17d5937...,timecost=2.384
info|2019-12-11 05:12:57.446862|[g:1][CONSENSUS][PBFT]checkAndChangeView: Reach consensus,org_view=6124,org_changeCycle=0,cur_changeCycle=0,to_view=6125
info|2019-12-11 05:12:58.443138|[g:1][CONSENSUS]addRawPrepare,height=1,reqIdx=1,hash=a190e8d1...
info|2019-12-11 05:12:58.443917|[g:1][CONSENSUS][PBFT]checkTimeout Succ,view=6125,toView=6126,nodeIdx=3,changeCycle=0,myNode=b17d5937...,timecost=0.526
info|2019-12-11 05:12:58.446071|[g:1][CONSENSUS][PBFT]checkAndChangeView: Reach consensus,org_view=6125,org_changeCycle=0,cur_changeCycle=0,to_view=6126
info|2019-12-11 05:12:59.445899|[g:1][CONSENSUS]addRawPrepare,height=1,reqIdx=2,hash=443fa97f...
info|2019-12-11 05:12:59.446474|[g:1][CONSENSUS][PBFT]checkTimeout Succ,view=6126,toView=6127,nodeIdx=3,changeCycle=0,myNode=b17d5937...,timecost=0.435
info|2019-12-11 05:12:59.447871|[g:1][CONSENSUS][PBFT]checkAndChangeView: Reach consensus,org_view=6126,org_changeCycle=0,cur_changeCycle=0,to_view=6127
info|2019-12-11 05:13:00.448331|[g:1][CONSENSUS][SEALER]++++++++++++++++ Generating seal on,blkNum=1,tx=0,nodeIdx=3,hash=899c9194...
info|2019-12-11 05:13:00.451212|[g:1][CONSENSUS][PBFT]checkTimeout Succ,view=6127,toView=6128,nodeIdx=3,changeCycle=0,myNode=b17d5937...,timecost=0.351
info|2019-12-11 05:13:00.452283|[g:1][CONSENSUS][PBFT]checkAndChangeView: Reach consensus,org_view=6127,org_changeCycle=0,cur_changeCycle=0,to_view=6128
info|2019-12-11 05:13:01.455414|[g:1][CONSENSUS]addRawPrepare,height=1,reqIdx=0,hash=5afa9925...
info|2019-12-11 05:13:01.457065|[g:1][CONSENSUS][PBFT]checkTimeout Succ,view=6128,toView=6129,nodeIdx=3,changeCycle=0,myNode=b17d5937...,timecost=1.239
info|2019-12-11 05:13:01.459602|[g:1][CONSENSUS][PBFT]checkAndChangeView: Reach consensus,org_view=6128,org_changeCycle=0,cur_changeCycle=0,to_view=6129
info|2019-12-11 05:13:02.461594|[g:1][CONSENSUS]addRawPrepare,height=1,reqIdx=1,hash=1412c3dc...
info|2019-12-11 05:13:02.462785|[g:1][CONSENSUS][PBFT]checkTimeout Succ,view=6129,toView=6130,nodeIdx=3,changeCycle=0,myNode=b17d5937...,timecost=0.963
info|2019-12-11 05:13:02.465442|[g:1][CONSENSUS][PBFT]checkAndChangeView: Reach consensus,org_view=6129,org_changeCycle=0,cur_changeCycle=0,to_view=6130
info|2019-12-11 05:13:03.468014|[g:1][CONSENSUS]addRawPrepare,height=1,reqIdx=2,hash=219aba43...
info|2019-12-11 05:13:03.468943|[g:1][CONSENSUS][PBFT]checkTimeout Succ,view=6130,toView=6131,nodeIdx=3,changeCycle=0,myNode=b17d5937...,timecost=0.736
info|2019-12-11 05:13:03.472515|[g:1][CONSENSUS][PBFT]checkAndChangeView: Reach consensus,org_view=6130,org_changeCycle=0,cur_changeCycle=0,to_view=6131
info|2019-12-11 05:13:04.473722|[g:1][CONSENSUS][SEALER]++++++++++++++++ Generating seal on,blkNum=1,tx=0,nodeIdx=3,hash=aec9ca5f...
info|2019-12-11 05:13:04.480119|[g:1][CONSENSUS][PBFT]checkTimeout Succ,view=6131,toView=6132,nodeIdx=3,changeCycle=0,myNode=b17d5937...,timecost=1.656
info|2019-12-11 05:13:04.480828|[g:1][CONSENSUS][PBFT]checkAndChangeView: Reach consensus,org_view=6131,org_changeCycle=0,cur_changeCycle=0,to_view=6132
info|2019-12-11 05:13:05.482650|[g:1][CONSENSUS]addRawPrepare,height=1,reqIdx=0,hash=3f247a4d...
info|2019-12-11 05:13:05.483550|[g:1][CONSENSUS][PBFT]checkTimeout Succ,view=6132,toView=6133,nodeIdx=3,changeCycle=0,myNode=b17d5937...,timecost=0.734
info|2019-12-11 05:13:05.485959|[g:1][CONSENSUS][PBFT]checkAndChangeView: Reach consensus,org_view=6132,org_changeCycle=0,cur_changeCycle=0,to_view=6133
info|2019-12-11 05:13:06.489958|[g:1][CONSENSUS]addRawPrepare,height=1,reqIdx=1,hash=33ce72ea...
info|2019-12-11 05:13:06.491443|[g:1][CONSENSUS][PBFT]checkTimeout Succ,view=6133,toView=6134,nodeIdx=3,changeCycle=0,myNode=b17d5937...,timecost=1.26
info|2019-12-11 05:13:06.493287|[g:1][CONSENSUS][PBFT]checkAndChangeView: Reach consensus,org_view=6133,org_changeCycle=0,cur_changeCycle=0,to_view=6134
info|2019-12-11 05:13:07.028705|[P2P][Service] heartBeat,connected count=3
info|2019-12-11 05:13:07.496858|[g:1][CONSENSUS]addRawPrepare,height=1,reqIdx=2,hash=03c65938...
info|2019-12-11 05:13:07.497849|[g:1][CONSENSUS][PBFT]checkTimeout Succ,view=6134,toView=6135,nodeIdx=3,changeCycle=0,myNode=b17d5937...,timecost=0.773
info|2019-12-11 05:13:07.500358|[g:1][CONSENSUS][PBFT]checkAndChangeView: Reach consensus,org_view=6134,org_changeCycle=0,cur_changeCycle=0,to_view=6135
info|2019-12-11 05:13:08.501070|[g:1][CONSENSUS][SEALER]++++++++++++++++ Generating seal on,blkNum=1,tx=0,nodeIdx=3,hash=8b38d7bf...
info|2019-12-11 05:13:08.502046|[g:1][CONSENSUS][PBFT]checkTimeout Succ,view=6135,toView=6136,nodeIdx=3,changeCycle=0,myNode=b17d5937...,timecost=0.578
info|2019-12-11 05:13:08.505078|[g:1][CONSENSUS][PBFT]checkAndChangeView: Reach consensus,org_view=6135,org_changeCycle=0,cur_changeCycle=0,to_view=6136
info|2019-12-11 05:13:09.508207|[g:1][CONSENSUS]addRawPrepare,height=1,reqIdx=0,hash=2a90c124...
info|2019-12-11 05:13:09.509936|[g:1][CONSENSUS][PBFT]checkTimeout Succ,view=6136,toView=6137,nodeIdx=3,changeCycle=0,myNode=b17d5937...,timecost=1.464
info|2019-12-11 05:13:09.513003|[g:1][CONSENSUS][PBFT]checkAndChangeView: Reach consensus,org_view=6136,org_changeCycle=0,cur_changeCycle=0,to_view=6137
info|2019-12-11 05:13:10.514029|[g:1][CONSENSUS]addRawPrepare,height=1,reqIdx=1,hash=c16e2e58...
info|2019-12-11 05:13:10.515993|[g:1][CONSENSUS][PBFT]checkTimeout Succ,view=6137,toView=6138,nodeIdx=3,changeCycle=0,myNode=b17d5937...,timecost=1.616
info|2019-12-11 05:13:10.518883|[g:1][CONSENSUS][PBFT]checkAndChangeView: Reach consensus,org_view=6137,org_changeCycle=0,cur_changeCycle=0,to_view=6138
info|2019-12-11 05:13:11.520348|[g:1][CONSENSUS]addRawPrepare,height=1,reqIdx=2,hash=adc5f9cf...
info|2019-12-11 05:13:11.521436|[g:1][CONSENSUS][PBFT]checkTimeout Succ,view=6138,toView=6139,nodeIdx=3,changeCycle=0,myNode=b17d5937...,timecost=0.859
info|2019-12-11 05:13:11.525611|[g:1][CONSENSUS][PBFT]checkAndChangeView: Reach consensus,org_view=6138,org_changeCycle=0,cur_changeCycle=0,to_view=6139
info|2019-12-11 05:13:12.526481|[g:1][CONSENSUS][SEALER]++++++++++++++++ Generating seal on,blkNum=1,tx=0,nodeIdx=3,hash=94d7330a...
info|2019-12-11 05:13:12.527765|[g:1][CONSENSUS][PBFT]checkTimeout Succ,view=6139,toView=6140,nodeIdx=3,changeCycle=0,myNode=b17d5937...,timecost=0.77
info|2019-12-11 05:13:12.531910|[g:1][CONSENSUS][PBFT]checkAndChangeView: Reach consensus,org_view=6139,org_changeCycle=0,cur_changeCycle=0,to_view=6140
info|2019-12-11 05:13:13.535790|[g:1][CONSENSUS]addRawPrepare,height=1,reqIdx=0,hash=59a98f08...
info|2019-12-11 05:13:13.537364|[g:1][CONSENSUS][PBFT]checkTimeout Succ,view=6140,toView=6141,nodeIdx=3,changeCycle=0,myNode=b17d5937...,timecost=1.258
info|2019-12-11 05:13:13.539070|[g:1][CONSENSUS][PBFT]checkAndChangeView: Reach consensus,org_view=6140,org_changeCycle=0,cur_changeCycle=0,to_view=6141
info|2019-12-11 05:13:14.543558|[g:1][CONSENSUS]addRawPrepare,height=1,reqIdx=1,hash=16d0f5ca...
info|2019-12-11 05:13:14.545369|[g:1][CONSENSUS][PBFT]checkTimeout Succ,view=6141,toView=6142,nodeIdx=3,changeCycle=0,myNode=b17d5937...,timecost=1.538
info|2019-12-11 05:13:14.548496|[g:1][CONSENSUS][PBFT]checkAndChangeView: Reach consensus,org_view=6141,org_changeCycle=0,cur_changeCycle=0,to_view=6142
info|2019-12-11 05:13:15.550737|[g:1][CONSENSUS]addRawPrepare,height=1,reqIdx=2,hash=33a93ae2...
info|2019-12-11 05:13:15.551638|[g:1][CONSENSUS][PBFT]checkTimeout Succ,view=6142,toView=6143,nodeIdx=3,changeCycle=0,myNode=b17d5937...,timecost=0.656
info|2019-12-11 05:13:15.553692|[g:1][CONSENSUS][PBFT]checkAndChangeView: Reach consensus,org_view=6142,org_changeCycle=0,cur_changeCycle=0,to_view=6143
info|2019-12-11 05:13:16.553962|[g:1][CONSENSUS][SEALER]++++++++++++++++ Generating seal on,blkNum=1,tx=0,nodeIdx=3,hash=ebf0830f...
info|2019-12-11 05:13:16.559193|[g:1][CONSENSUS][PBFT]checkTimeout Succ,view=6143,toView=6144,nodeIdx=3,changeCycle=0,myNode=b17d5937...,timecost=0.43
info|2019-12-11 05:13:16.560018|[g:1][CONSENSUS][PBFT]checkAndChangeView: Reach consensus,org_view=6143,org_changeCycle=0,cur_changeCycle=0,to_view=6144
info|2019-12-11 05:13:17.033319|[P2P][Service] heartBeat,connected count=3
info|2019-12-11 05:13:17.562594|[g:1][CONSENSUS]addRawPrepare,height=1,reqIdx=0,hash=61b898fa...
info|2019-12-11 05:13:17.564398|[g:1][CONSENSUS][PBFT]checkTimeout Succ,view=6144,toView=6145,nodeIdx=3,changeCycle=0,myNode=b17d5937...,timecost=1.533
info|2019-12-11 05:13:17.566431|[g:1][CONSENSUS][PBFT]checkAndChangeView: Reach consensus,org_view=6144,org_changeCycle=0,cur_changeCycle=0,to_view=6145
info|2019-12-11 05:13:18.570048|[g:1][CONSENSUS]addRawPrepare,height=1,reqIdx=1,hash=6d3da6c0...
info|2019-12-11 05:13:18.570932|[g:1][CONSENSUS][PBFT]checkTimeout Succ,view=6145,toView=6146,nodeIdx=3,changeCycle=0,myNode=b17d5937...,timecost=0.687
info|2019-12-11 05:13:18.574223|[g:1][CONSENSUS][PBFT]checkAndChangeView: Reach consensus,org_view=6145,org_changeCycle=0,cur_changeCycle=0,to_view=6146
info|2019-12-11 05:13:19.576793|[g:1][CONSENSUS]addRawPrepare,height=1,reqIdx=2,hash=e8adb8fa...
info|2019-12-11 05:13:19.577717|[g:1][CONSENSUS][PBFT]checkTimeout Succ,view=6146,toView=6147,nodeIdx=3,changeCycle=0,myNode=b17d5937...,timecost=0.696
info|2019-12-11 05:13:19.579904|[g:1][CONSENSUS][PBFT]checkAndChangeView: Reach consensus,org_view=6146,org_changeCycle=0,cur_changeCycle=0,to_view=6147
info|2019-12-11 05:13:20.580384|[g:1][CONSENSUS][SEALER]++++++++++++++++ Generating seal on,blkNum=1,tx=0,nodeIdx=3,hash=5f22415a...
info|2019-12-11 05:13:20.585008|[g:1][CONSENSUS][PBFT]checkTimeout Succ,view=6147,toView=6148,nodeIdx=3,changeCycle=0,myNode=b17d5937...,timecost=0.534
info|2019-12-11 05:13:20.587098|[g:1][CONSENSUS][PBFT]checkAndChangeView: Reach consensus,org_view=6147,org_changeCycle=0,cur_changeCycle=0,to_view=6148
info|2019-12-11 05:13:21.589031|[g:1][CONSENSUS]addRawPrepare,height=1,reqIdx=0,hash=58a4867e...
info|2019-12-11 05:13:21.589969|[g:1][CONSENSUS][PBFT]checkTimeout Succ,view=6148,toView=6149,nodeIdx=3,changeCycle=0,myNode=b17d5937...,timecost=0.718
info|2019-12-11 05:13:21.591958|[g:1][CONSENSUS][PBFT]checkAndChangeView: Reach consensus,org_view=6148,org_changeCycle=0,cur_changeCycle=0,to_view=6149
info|2019-12-11 05:13:22.594679|[g:1][CONSENSUS]addRawPrepare,height=1,reqIdx=1,hash=c9d24453...
info|2019-12-11 05:13:22.596538|[g:1][CONSENSUS][PBFT]checkTimeout Succ,view=6149,toView=6150,nodeIdx=3,changeCycle=0,myNode=b17d5937...,timecost=1.607
info|2019-12-11 05:13:22.598079|[g:1][CONSENSUS][PBFT]checkAndChangeView: Reach consensus,org_view=6149,org_changeCycle=0,cur_changeCycle=0,to_view=6150
info|2019-12-11 05:13:23.601694|[g:1][CONSENSUS]addRawPrepare,height=1,reqIdx=2,hash=2649d7c4...
info|2019-12-11 05:13:23.602620|[g:1][CONSENSUS][PBFT]checkTimeout Succ,view=6150,toView=6151,nodeIdx=3,changeCycle=0,myNode=b17d5937...,timecost=0.708
info|2019-12-11 05:13:23.605224|[g:1][CONSENSUS][PBFT]checkAndChangeView: Reach consensus,org_view=6150,org_changeCycle=0,cur_changeCycle=0,to_view=6151
info|2019-12-11 05:13:24.605320|[g:1][CONSENSUS][SEALER]++++++++++++++++ Generating seal on,blkNum=1,tx=0,nodeIdx=3,hash=5eb0d1c8...
info|2019-12-11 05:13:24.609888|[g:1][CONSENSUS][PBFT]checkTimeout Succ,view=6151,toView=6152,nodeIdx=3,changeCycle=0,myNode=b17d5937...,timecost=0.579
info|2019-12-11 05:13:24.611500|[g:1][CONSENSUS][PBFT]checkAndChangeView: Reach consensus,org_view=6151,org_changeCycle=0,cur_changeCycle=0,to_view=6152
info|2019-12-11 05:13:25.613775|[g:1][CONSENSUS]addRawPrepare,height=1,reqIdx=0,hash=33f79a9a...
info|2019-12-11 05:13:25.614651|[g:1][CONSENSUS][PBFT]checkTimeout Succ,view=6152,toView=6153,nodeIdx=3,changeCycle=0,myNode=b17d5937...,timecost=0.649
info|2019-12-11 05:13:25.617496|[g:1][CONSENSUS][PBFT]checkAndChangeView: Reach consensus,org_view=6152,org_changeCycle=0,cur_changeCycle=0,to_view=6153
info|2019-12-11 05:13:26.621033|[g:1][CONSENSUS]addRawPrepare,height=1,reqIdx=1,hash=5b0262b2...
info|2019-12-11 05:13:26.621864|[g:1][CONSENSUS][PBFT]checkTimeout Succ,view=6153,toView=6154,nodeIdx=3,changeCycle=0,myNode=b17d5937...,timecost=0.604
info|2019-12-11 05:13:26.624489|[g:1][CONSENSUS][PBFT]checkAndChangeView: Reach consensus,org_view=6153,org_changeCycle=0,cur_changeCycle=0,to_view=6154
info|2019-12-11 05:13:27.036045|[P2P][Service] heartBeat,connected count=3
info|2019-12-11 05:13:27.626742|[g:1][CONSENSUS]addRawPrepare,height=1,reqIdx=2,hash=9b438c53...
info|2019-12-11 05:13:27.628012|[g:1][CONSENSUS][PBFT]checkTimeout Succ,view=6154,toView=6155,nodeIdx=3,changeCycle=0,myNode=b17d5937...,timecost=0.769
info|2019-12-11 05:13:27.629794|[g:1][CONSENSUS][PBFT]checkAndChangeView: Reach consensus,org_view=6154,org_changeCycle=0,cur_changeCycle=0,to_view=6155
info|2019-12-11 05:13:28.630691|[g:1][CONSENSUS][SEALER]++++++++++++++++ Generating seal on,blkNum=1,tx=0,nodeIdx=3,hash=b008edf5...
info|2019-12-11 05:13:28.632060|[g:1][CONSENSUS][PBFT]checkTimeout Succ,view=6155,toView=6156,nodeIdx=3,changeCycle=0,myNode=b17d5937...,timecost=0.816
info|2019-12-11 05:13:28.636868|[g:1][CONSENSUS][PBFT]checkAndChangeView: Reach consensus,org_view=6155,org_changeCycle=0,cur_changeCycle=0,to_view=6156
info|2019-12-11 05:13:29.637504|[g:1][CONSENSUS]addRawPrepare,height=1,reqIdx=0,hash=d9caafc5...
info|2019-12-11 05:13:29.637960|[g:1][CONSENSUS][PBFT]checkTimeout Succ,view=6156,toView=6157,nodeIdx=3,changeCycle=0,myNode=b17d5937...,timecost=0.336
info|2019-12-11 05:13:29.640108|[g:1][CONSENSUS][PBFT]checkAndChangeView: Reach consensus,org_view=6156,org_changeCycle=0,cur_changeCycle=0,to_view=6157
info|2019-12-11 05:13:30.643664|[g:1][CONSENSUS]addRawPrepare,height=1,reqIdx=1,hash=90466e3b...
info|2019-12-11 05:13:30.645068|[g:1][CONSENSUS][PBFT]checkTimeout Succ,view=6157,toView=6158,nodeIdx=3,changeCycle=0,myNode=b17d5937...,timecost=1.191
info|2019-12-11 05:13:30.648383|[g:1][CONSENSUS][PBFT]checkAndChangeView: Reach consensus,org_view=6157,org_changeCycle=0,cur_changeCycle=0,to_view=6158
info|2019-12-11 05:13:31.650314|[g:1][CONSENSUS]addRawPrepare,height=1,reqIdx=2,hash=65e149c6...
info|2019-12-11 05:13:31.651253|[g:1][CONSENSUS][PBFT]checkTimeout Succ,view=6158,toView=6159,nodeIdx=3,changeCycle=0,myNode=b17d5937...,timecost=0.7
info|2019-12-11 05:13:31.654344|[g:1][CONSENSUS][PBFT]checkAndChangeView: Reach consensus,org_view=6158,org_changeCycle=0,cur_changeCycle=0,to_view=6159
info|2019-12-11 05:13:32.654363|[g:1][CONSENSUS][SEALER]++++++++++++++++ Generating seal on,blkNum=1,tx=0,nodeIdx=3,hash=ef590f45...
info|2019-12-11 05:13:32.659016|[g:1][CONSENSUS][PBFT]checkTimeout Succ,view=6159,toView=6160,nodeIdx=3,changeCycle=0,myNode=b17d5937...,timecost=0.547
info|2019-12-11 05:13:32.661133|[g:1][CONSENSUS][PBFT]checkAndChangeView: Reach consensus,org_view=6159,org_changeCycle=0,cur_changeCycle=0,to_view=6160
info|2019-12-11 05:13:33.662651|[g:1][CONSENSUS]addRawPrepare,height=1,reqIdx=0,hash=a2595684...
info|2019-12-11 05:13:33.663704|[g:1][CONSENSUS][PBFT]checkTimeout Succ,view=6160,toView=6161,nodeIdx=3,changeCycle=0,myNode=b17d5937...,timecost=0.847
info|2019-12-11 05:13:33.667267|[g:1][CONSENSUS][PBFT]checkAndChangeView: Reach consensus,org_view=6160,org_changeCycle=0,cur_changeCycle=0,to_view=6161
info|2019-12-11 05:13:34.669713|[g:1][CONSENSUS]addRawPrepare,height=1,reqIdx=1,hash=3c0737bf...
info|2019-12-11 05:13:34.670799|[g:1][CONSENSUS][PBFT]checkTimeout Succ,view=6161,toView=6162,nodeIdx=3,changeCycle=0,myNode=b17d5937...,timecost=0.939
info|2019-12-11 05:13:34.671968|[g:1][CONSENSUS][PBFT]checkAndChangeView: Reach consensus,org_view=6161,org_changeCycle=0,cur_changeCycle=0,to_view=6162
info|2019-12-11 05:13:35.674636|[g:1][CONSENSUS]addRawPrepare,height=1,reqIdx=2,hash=e94d262d...
info|2019-12-11 05:13:35.675614|[g:1][CONSENSUS][PBFT]checkTimeout Succ,view=6162,toView=6163,nodeIdx=3,changeCycle=0,myNode=b17d5937...,timecost=0.764
info|2019-12-11 05:13:35.678881|[g:1][CONSENSUS][PBFT]checkAndChangeView: Reach consensus,org_view=6162,org_changeCycle=0,cur_changeCycle=0,to_view=6163
info|2019-12-11 05:13:36.679098|[g:1][CONSENSUS][SEALER]++++++++++++++++ Generating seal on,blkNum=1,tx=0,nodeIdx=3,hash=18ac29e6...
info|2019-12-11 05:13:36.679856|[g:1][CONSENSUS][PBFT]checkTimeout Succ,view=6163,toView=6164,nodeIdx=3,changeCycle=0,myNode=b17d5937...,timecost=0.365
info|2019-12-11 05:13:36.682457|[g:1][CONSENSUS][PBFT]checkAndChangeView: Reach consensus,org_view=6163,org_changeCycle=0,cur_changeCycle=0,to_view=6164
info|2019-12-11 05:13:37.037520|[P2P][Service] heartBeat,connected count=3
